#
# A fatal error has been detected by the Java Runtime Environment:
#
#  SIGSEGV (0xb) at pc=0x00007f2f778161f8, pid=2718, tid=139842195515136
#
# JRE version: 7.0_147-b147
# Java VM: OpenJDK 64-Bit Server VM (21.0-b17 mixed mode linux-amd64 compressed oops)
# Derivative: IcedTea7 2.0pre
# Distribution: Ubuntu oneiric (development branch), package 7~b147-2.0~pre6-1ubuntu1
# Problematic frame:
# C  [liblcms2.so.2+0x121f8]  cmsSaveProfileToIOhandler+0x38
#
# Failed to write core dump. Core dumps have been disabled. To enable core dumping, try "ulimit -c unlimited" before starting Java again
#
# If you would like to submit a bug report, please include
# instructions on how to reproduce the bug and visit:
#   https://bugs.launchpad.net/ubuntu/+source/openjdk-7/
# The crash happened outside the Java Virtual Machine in native code.
# See problematic frame for where to report the bug.
#

---------------  T H R E A D  ---------------

Current thread (0x000000000201e800):  JavaThread "main" [_thread_in_native, id=2720, stack(0x00007f2f8c536000,0x00007f2f8c637000)]

siginfo:si_signo=SIGSEGV: si_errno=0, si_code=1 (SEGV_MAPERR), si_addr=0x0000000000000000

Registers:
RAX=0x0000000000000000, RBX=0x0000000000000000, RCX=0x00000000000001d4, RDX=0x00007f2f8c634a4c
RSP=0x00007f2f8c633b20, RBP=0x0000000000000000, RSI=0x0000000000000000, RDI=0x00007f2f8c633b20
R8 =0x0000000000000000, R9 =0x0000000000000000, R10=0x0000000000000000, R11=0x0000000000000000
R12=0x00007f2f8c634a4c, R13=0x0000000000000000, R14=0x0000000000000000, R15=0x000000000201e800
RIP=0x00007f2f778161f8, EFLAGS=0x0000000000010246, CSGSFS=0x0000000000000033, ERR=0x0000000000000004
  TRAPNO=0x000000000000000e

Top of Stack: (sp=0x00007f2f8c633b20)
0x00007f2f8c633b20:   00007f2f803eb0c0 00007f2f77814cef
0x00007f2f8c633b30:   0000000000000c48 00007f2f80000020
0x00007f2f8c633b40:   000000000000000e 000000000000080c
0x00007f2f8c633b50:   00007f2f00000000 00007f2f80000020
0x00007f2f8c633b60:   000000000000000e 00007f2f7781b754
0x00007f2f8c633b70:   00007f2f8c633ffc 163cf90de0ea8600
0x00007f2f8c633b80:   00007f2f803eb0c0 00007f2f803e984c
0x00007f2f8c633b90:   000000000000000e 00007f2f77814ebf
0x00007f2f8c633ba0:   4247527320434549 0000000000000000
0x00007f2f8c633bb0:   00007f2f803eb360 2dd3000000000100
0x00007f2f8c633bc0:   0000080c000004c4 00007f2f80000020
0x00007f2f8c633bd0:   00007f2f00000000 00007f2f803eb210
0x00007f2f8c633be0:   0000000000000c48 00007f2f803e96c8
0x00007f2f8c633bf0:   0000000000000011 00007f2f8bf11d7c
0x00007f2f8c633c00:   00007f2f803eb210 00007f2f77814e2c
0x00007f2f8c633c10:   00007f2f803e9470 00007f2f778163ae
0x00007f2f8c633c20:   00007f2f803ea320 0000000000000000
0x00007f2f8c633c30:   0000003100000000 0000000900000006
0x00007f2f8c633c40:   0000006200000001 ffffffffffffffff
0x00007f2f8c633c50:   0000000000000000 0000000000000000
0x00007f2f8c633c60:   00007f2f8bff1689 6d6e747202100000
0x00007f2f8c633c70:   58595a2052474220 00000000000000b0
0x00007f2f8c633c80:   7352474249454320 0000000000000000
0x00007f2f8c633c90:   0000000000000000 0000000000000000
0x00007f2f8c633ca0:   6370727400000011 00007f2f80000020
0x00007f2f8c633cb0:   00007f2f803dc540 000000000000007c
0x00007f2f8c633cc0:   00007f2f8c6341e0 00007f2f8c6344a0
0x00007f2f8c633cd0:   00007f2f8c45b85b 00007f2f8bf1177d
0x00007f2f8c633ce0:   6254524300000000 000000000000003f
0x00007f2f8c633cf0:   00007f2f803dc540 0000000000000000
0x00007f2f8c633d00:   00007f2f803e872d 00007f2f8c44f7e1
0x00007f2f8c633d10:   0000000000000000 0000000000000000 

Instructions: (pc=0x00007f2f778161f8)
0x00007f2f778161d8:   48 89 de 48 81 ec b8 0e 00 00 64 48 8b 04 25 28
0x00007f2f778161e8:   00 00 00 48 89 84 24 a8 0e 00 00 31 c0 48 89 e7
0x00007f2f778161f8:   f3 48 a5 48 89 df e8 1d f6 ff ff 48 89 c7 e8 65
0x00007f2f77816208:   f0 ff ff 48 85 c0 49 89 c4 48 89 03 74 0e 31 f6 

Register to memory mapping:

RAX=0x0000000000000000 is an unknown value
RBX=0x0000000000000000 is an unknown value
RCX=0x00000000000001d4 is an unknown value
RDX=0x00007f2f8c634a4c is pointing into the stack for thread: 0x000000000201e800
RSP=0x00007f2f8c633b20 is pointing into the stack for thread: 0x000000000201e800
RBP=0x0000000000000000 is an unknown value
RSI=0x0000000000000000 is an unknown value
RDI=0x00007f2f8c633b20 is pointing into the stack for thread: 0x000000000201e800
R8 =0x0000000000000000 is an unknown value
R9 =0x0000000000000000 is an unknown value
R10=0x0000000000000000 is an unknown value
R11=0x0000000000000000 is an unknown value
R12=0x00007f2f8c634a4c is pointing into the stack for thread: 0x000000000201e800
R13=0x0000000000000000 is an unknown value
R14=0x0000000000000000 is an unknown value
R15=0x000000000201e800 is a thread


Stack: [0x00007f2f8c536000,0x00007f2f8c637000],  sp=0x00007f2f8c633b20,  free space=1014k
Native frames: (J=compiled Java code, j=interpreted, Vv=VM code, C=native code)
C  [liblcms2.so.2+0x121f8]  cmsSaveProfileToIOhandler+0x38

[error occurred during error reporting (printing native stack), id 0xb]

Java frames: (J=compiled Java code, j=interpreted, Vv=VM code)
j  sun.java2d.cmm.lcms.LCMS.getTagData(JI[B)V+0
j  java.awt.color.ICC_Profile.getData(JI)[B+26
j  java.awt.color.ICC_Profile.getData(I)[B+14
j  java.awt.color.ICC_Profile.getNumComponents()I+18
j  sun.java2d.cmm.lcms.LCMSTransform.<init>(Ljava/awt/color/ICC_Profile;II)V+83
j  sun.java2d.cmm.lcms.LCMS.createTransform(Ljava/awt/color/ICC_Profile;II)Lsun/java2d/cmm/ColorTransform;+7
j  java.awt.color.ICC_ColorSpace.fromRGB([F)[F+37
j  com.sun.imageio.plugins.jpeg.JPEGImageReader.setImageData(IIIII[B)V+158
v  ~StubRoutines::call_stub
j  com.sun.imageio.plugins.jpeg.JPEGImageReader.readImageHeader(JZZ)Z+0
j  com.sun.imageio.plugins.jpeg.JPEGImageReader.readNativeHeader(Z)Z+12
j  com.sun.imageio.plugins.jpeg.JPEGImageReader.checkTablesOnly()V+92
j  com.sun.imageio.plugins.jpeg.JPEGImageReader.gotoImage(I)V+41
j  com.sun.imageio.plugins.jpeg.JPEGImageReader.readHeader(IZ)V+2
j  com.sun.imageio.plugins.jpeg.JPEGImageReader.readInternal(ILjavax/imageio/ImageReadParam;Z)Ljava/awt/image/Raster;+3
j  com.sun.imageio.plugins.jpeg.JPEGImageReader.read(ILjavax/imageio/ImageReadParam;)Ljava/awt/image/BufferedImage;+8
j  javax.imageio.ImageIO.read(Ljavax/imageio/stream/ImageInputStream;)Ljava/awt/image/BufferedImage;+55
j  javax.imageio.ImageIO.read(Ljava/io/InputStream;)Ljava/awt/image/BufferedImage;+20
j  content.ImageBank.<init>()V+118
j  main.Main.main([Ljava/lang/String;)V+4
v  ~StubRoutines::call_stub

---------------  P R O C E S S  ---------------

Java Threads: ( => current thread )
  0x00007f2f803ac000 JavaThread "Thread-0" [_thread_blocked, id=2740, stack(0x00007f2f78083000,0x00007f2f78184000)]
  0x00007f2f803a8000 JavaThread "AWT-EventQueue-0" [_thread_in_native, id=2739, stack(0x00007f2f78184000,0x00007f2f78285000)]
  0x00007f2f80302000 JavaThread "AWT-Shutdown" [_thread_blocked, id=2738, stack(0x00007f2f7891b000,0x00007f2f78a1c000)]
  0x00007f2f80271000 JavaThread "process reaper" daemon [_thread_blocked, id=2736, stack(0x00007f2f84030000,0x00007f2f8404a000)]
  0x00007f2f8024b800 JavaThread "AWT-XAWT" daemon [_thread_blocked, id=2734, stack(0x00007f2f78a1c000,0x00007f2f78b1d000)]
  0x00007f2f80205800 JavaThread "Java2D Disposer" daemon [_thread_blocked, id=2733, stack(0x00007f2f78b1d000,0x00007f2f78c1e000)]
  0x00007f2f8009d000 JavaThread "Service Thread" daemon [_thread_blocked, id=2731, stack(0x00007f2f84acc000,0x00007f2f84bcd000)]
  0x00007f2f8009a800 JavaThread "C2 CompilerThread1" daemon [_thread_blocked, id=2730, stack(0x00007f2f84bcd000,0x00007f2f84cce000)]
  0x00007f2f80097800 JavaThread "C2 CompilerThread0" daemon [_thread_blocked, id=2729, stack(0x00007f2f84cce000,0x00007f2f84dcf000)]
  0x00007f2f80095000 JavaThread "Signal Dispatcher" daemon [_thread_blocked, id=2728, stack(0x00007f2f84dcf000,0x00007f2f84ed0000)]
  0x00007f2f8003d800 JavaThread "Finalizer" daemon [_thread_blocked, id=2727, stack(0x00007f2f855bd000,0x00007f2f856be000)]
  0x00007f2f8003b000 JavaThread "Reference Handler" daemon [_thread_blocked, id=2726, stack(0x00007f2f856be000,0x00007f2f857bf000)]
=>0x000000000201e800 JavaThread "main" [_thread_in_native, id=2720, stack(0x00007f2f8c536000,0x00007f2f8c637000)]

Other Threads:
  0x00007f2f80032800 VMThread [stack: 0x00007f2f857bf000,0x00007f2f858c0000] [id=2725]
  0x00007f2f800a7800 WatcherThread [stack: 0x00007f2f849cb000,0x00007f2f84acc000] [id=2732]

VM state:not at safepoint (normal execution)

VM Mutex/Monitor currently owned by a thread: None

Heap
 PSYoungGen      total 18496K, used 6847K [0x00000000eb560000, 0x00000000eca00000, 0x0000000100000000)
  eden space 15872K, 43% used [0x00000000eb560000,0x00000000ebc0fd68,0x00000000ec4e0000)
  from space 2624K, 0% used [0x00000000ec770000,0x00000000ec770000,0x00000000eca00000)
  to   space 2624K, 0% used [0x00000000ec4e0000,0x00000000ec4e0000,0x00000000ec770000)
 PSOldGen        total 42304K, used 0K [0x00000000c2000000, 0x00000000c4950000, 0x00000000eb560000)
  object space 42304K, 0% used [0x00000000c2000000,0x00000000c2000000,0x00000000c4950000)
 PSPermGen       total 21248K, used 11167K [0x00000000b7a00000, 0x00000000b8ec0000, 0x00000000c2000000)
  object space 21248K, 52% used [0x00000000b7a00000,0x00000000b84e7e50,0x00000000b8ec0000)

Code Cache  [0x00007f2f863e9000, 0x00007f2f86659000, 0x00007f2f893e9000)
 total_blobs=443 nmethods=13 adapters=383 free_code_cache=48614Kb largest_free_block=49770240

Dynamic libraries:
00400000-00401000 r-xp 00000000 08:01 400896                             /usr/lib/jvm/java-7-openjdk-amd64/jre/bin/java
00600000-00601000 r--p 00000000 08:01 400896                             /usr/lib/jvm/java-7-openjdk-amd64/jre/bin/java
00601000-00602000 rw-p 00001000 08:01 400896                             /usr/lib/jvm/java-7-openjdk-amd64/jre/bin/java
02014000-0224e000 rw-p 00000000 00:00 0                                  [heap]
b7a00000-b8ec0000 rw-p 00000000 00:00 0 
b8ec0000-c2000000 rw-p 00000000 00:00 0 
c2000000-c4950000 rw-p 00000000 00:00 0 
c4950000-eb560000 rw-p 00000000 00:00 0 
eb560000-eca00000 rw-p 00000000 00:00 0 
eca00000-100000000 rw-p 00000000 00:00 0 
7f2f775b1000-7f2f77804000 rw-s 00000000 00:04 1048580                    /SYSV00000000 (deleted)
7f2f77804000-7f2f7784a000 r-xp 00000000 08:01 406696                     /usr/lib/x86_64-linux-gnu/liblcms2.so.2.0.2
7f2f7784a000-7f2f77a49000 ---p 00046000 08:01 406696                     /usr/lib/x86_64-linux-gnu/liblcms2.so.2.0.2
7f2f77a49000-7f2f77a4a000 r--p 00045000 08:01 406696                     /usr/lib/x86_64-linux-gnu/liblcms2.so.2.0.2
7f2f77a4a000-7f2f77a4e000 rw-p 00046000 08:01 406696                     /usr/lib/x86_64-linux-gnu/liblcms2.so.2.0.2
7f2f77a4e000-7f2f77a4f000 rw-p 00000000 00:00 0 
7f2f77a4f000-7f2f77a53000 r-xp 00000000 08:01 398964                     /usr/lib/jvm/java-7-openjdk-amd64/jre/lib/amd64/libjavalcms.so
7f2f77a53000-7f2f77c52000 ---p 00004000 08:01 398964                     /usr/lib/jvm/java-7-openjdk-amd64/jre/lib/amd64/libjavalcms.so
7f2f77c52000-7f2f77c53000 r--p 00003000 08:01 398964                     /usr/lib/jvm/java-7-openjdk-amd64/jre/lib/amd64/libjavalcms.so
7f2f77c53000-7f2f77c54000 rw-p 00004000 08:01 398964                     /usr/lib/jvm/java-7-openjdk-amd64/jre/lib/amd64/libjavalcms.so
7f2f77c54000-7f2f77c78000 r-xp 00000000 08:01 406680                     /usr/lib/x86_64-linux-gnu/libjpeg.so.62.0.0
7f2f77c78000-7f2f77e77000 ---p 00024000 08:01 406680                     /usr/lib/x86_64-linux-gnu/libjpeg.so.62.0.0
7f2f77e77000-7f2f77e78000 r--p 00023000 08:01 406680                     /usr/lib/x86_64-linux-gnu/libjpeg.so.62.0.0
7f2f77e78000-7f2f77e79000 rw-p 00024000 08:01 406680                     /usr/lib/x86_64-linux-gnu/libjpeg.so.62.0.0
7f2f77e79000-7f2f77e82000 r-xp 00000000 08:01 398665                     /usr/lib/jvm/java-7-openjdk-amd64/jre/lib/amd64/libjavajpeg.so
7f2f77e82000-7f2f78081000 ---p 00009000 08:01 398665                     /usr/lib/jvm/java-7-openjdk-amd64/jre/lib/amd64/libjavajpeg.so
7f2f78081000-7f2f78082000 r--p 00008000 08:01 398665                     /usr/lib/jvm/java-7-openjdk-amd64/jre/lib/amd64/libjavajpeg.so
7f2f78082000-7f2f78083000 rw-p 00009000 08:01 398665                     /usr/lib/jvm/java-7-openjdk-amd64/jre/lib/amd64/libjavajpeg.so
7f2f78083000-7f2f78086000 ---p 00000000 00:00 0 
7f2f78086000-7f2f78184000 rw-p 00000000 00:00 0 
7f2f78184000-7f2f78187000 ---p 00000000 00:00 0 
7f2f78187000-7f2f78285000 rw-p 00000000 00:00 0 
7f2f78285000-7f2f78295000 r-xp 00000000 08:01 399340                     /usr/lib/jvm/java-7-openjdk-amd64/jre/lib/amd64/libnio.so
7f2f78295000-7f2f78494000 ---p 00010000 08:01 399340                     /usr/lib/jvm/java-7-openjdk-amd64/jre/lib/amd64/libnio.so
7f2f78494000-7f2f78495000 r--p 0000f000 08:01 399340                     /usr/lib/jvm/java-7-openjdk-amd64/jre/lib/amd64/libnio.so
7f2f78495000-7f2f78496000 rw-p 00010000 08:01 399340                     /usr/lib/jvm/java-7-openjdk-amd64/jre/lib/amd64/libnio.so
7f2f78496000-7f2f784c7000 rw-p 00000000 00:00 0 
7f2f784c7000-7f2f784dd000 r-xp 00000000 08:01 399248                     /usr/lib/jvm/java-7-openjdk-amd64/jre/lib/amd64/libnet.so
7f2f784dd000-7f2f786dc000 ---p 00016000 08:01 399248                     /usr/lib/jvm/java-7-openjdk-amd64/jre/lib/amd64/libnet.so
7f2f786dc000-7f2f786dd000 r--p 00015000 08:01 399248                     /usr/lib/jvm/java-7-openjdk-amd64/jre/lib/amd64/libnet.so
7f2f786dd000-7f2f786de000 rw-p 00016000 08:01 399248                     /usr/lib/jvm/java-7-openjdk-amd64/jre/lib/amd64/libnet.so
7f2f786de000-7f2f78718000 r-xp 00000000 08:01 398142                     /usr/lib/jvm/java-7-openjdk-amd64/jre/lib/amd64/libfontmanager.so
7f2f78718000-7f2f78918000 ---p 0003a000 08:01 398142                     /usr/lib/jvm/java-7-openjdk-amd64/jre/lib/amd64/libfontmanager.so
7f2f78918000-7f2f7891a000 r--p 0003a000 08:01 398142                     /usr/lib/jvm/java-7-openjdk-amd64/jre/lib/amd64/libfontmanager.so
7f2f7891a000-7f2f7891b000 rw-p 0003c000 08:01 398142                     /usr/lib/jvm/java-7-openjdk-amd64/jre/lib/amd64/libfontmanager.so
7f2f7891b000-7f2f7891e000 ---p 00000000 00:00 0 
7f2f7891e000-7f2f78a1c000 rw-p 00000000 00:00 0 
7f2f78a1c000-7f2f78a1f000 ---p 00000000 00:00 0 
7f2f78a1f000-7f2f78b1d000 rw-p 00000000 00:00 0 
7f2f78b1d000-7f2f78b20000 ---p 00000000 00:00 0 
7f2f78b20000-7f2f78c1e000 rw-p 00000000 00:00 0 
7f2f78c1e000-7f2f78c21000 r-xp 00000000 08:01 139849                     /lib/x86_64-linux-gnu/libgpg-error.so.0.8.0
7f2f78c21000-7f2f78e20000 ---p 00003000 08:01 139849                     /lib/x86_64-linux-gnu/libgpg-error.so.0.8.0
7f2f78e20000-7f2f78e21000 r--p 00002000 08:01 139849                     /lib/x86_64-linux-gnu/libgpg-error.so.0.8.0
7f2f78e21000-7f2f78e22000 rw-p 00003000 08:01 139849                     /lib/x86_64-linux-gnu/libgpg-error.so.0.8.0
7f2f78e22000-7f2f78e24000 r-xp 00000000 08:01 139851                     /lib/x86_64-linux-gnu/libkeyutils.so.1.3
7f2f78e24000-7f2f79023000 ---p 00002000 08:01 139851                     /lib/x86_64-linux-gnu/libkeyutils.so.1.3
7f2f79023000-7f2f79024000 r--p 00001000 08:01 139851                     /lib/x86_64-linux-gnu/libkeyutils.so.1.3
7f2f79024000-7f2f79025000 rw-p 00002000 08:01 139851                     /lib/x86_64-linux-gnu/libkeyutils.so.1.3
7f2f79025000-7f2f79067000 r-xp 00000000 08:01 135649                     /lib/x86_64-linux-gnu/libdbus-1.so.3.5.7
7f2f79067000-7f2f79266000 ---p 00042000 08:01 135649                     /lib/x86_64-linux-gnu/libdbus-1.so.3.5.7
7f2f79266000-7f2f79267000 r--p 00041000 08:01 135649                     /lib/x86_64-linux-gnu/libdbus-1.so.3.5.7
7f2f79267000-7f2f79268000 rw-p 00042000 08:01 135649                     /lib/x86_64-linux-gnu/libdbus-1.so.3.5.7
7f2f79268000-7f2f792e2000 r-xp 00000000 08:01 139845                     /lib/x86_64-linux-gnu/libgcrypt.so.11.7.0
7f2f792e2000-7f2f794e2000 ---p 0007a000 08:01 139845                     /lib/x86_64-linux-gnu/libgcrypt.so.11.7.0
7f2f794e2000-7f2f794e3000 r--p 0007a000 08:01 139845                     /lib/x86_64-linux-gnu/libgcrypt.so.11.7.0
7f2f794e3000-7f2f794e6000 rw-p 0007b000 08:01 139845                     /lib/x86_64-linux-gnu/libgcrypt.so.11.7.0
7f2f794e6000-7f2f794f6000 r-xp 00000000 08:01 406788                     /usr/lib/x86_64-linux-gnu/libtasn1.so.3.1.11
7f2f794f6000-7f2f796f5000 ---p 00010000 08:01 406788                     /usr/lib/x86_64-linux-gnu/libtasn1.so.3.1.11
7f2f796f5000-7f2f796f6000 r--p 0000f000 08:01 406788                     /usr/lib/x86_64-linux-gnu/libtasn1.so.3.1.11
7f2f796f6000-7f2f796f7000 rw-p 00010000 08:01 406788                     /usr/lib/x86_64-linux-gnu/libtasn1.so.3.1.11
7f2f796f7000-7f2f796fe000 r-xp 00000000 08:01 397002                     /usr/lib/x86_64-linux-gnu/libkrb5support.so.0.1
7f2f796fe000-7f2f798fd000 ---p 00007000 08:01 397002                     /usr/lib/x86_64-linux-gnu/libkrb5support.so.0.1
7f2f798fd000-7f2f798fe000 r--p 00006000 08:01 397002                     /usr/lib/x86_64-linux-gnu/libkrb5support.so.0.1
7f2f798fe000-7f2f798ff000 rw-p 00007000 08:01 397002                     /usr/lib/x86_64-linux-gnu/libkrb5support.so.0.1
7f2f798ff000-7f2f79902000 r-xp 00000000 08:01 139827                     /lib/x86_64-linux-gnu/libcom_err.so.2.1
7f2f79902000-7f2f79b01000 ---p 00003000 08:01 139827                     /lib/x86_64-linux-gnu/libcom_err.so.2.1
7f2f79b01000-7f2f79b02000 r--p 00002000 08:01 139827                     /lib/x86_64-linux-gnu/libcom_err.so.2.1
7f2f79b02000-7f2f79b03000 rw-p 00003000 08:01 139827                     /lib/x86_64-linux-gnu/libcom_err.so.2.1
7f2f79b03000-7f2f79b29000 r-xp 00000000 08:01 394051                     /usr/lib/x86_64-linux-gnu/libk5crypto.so.3.1
7f2f79b29000-7f2f79d28000 ---p 00026000 08:01 394051                     /usr/lib/x86_64-linux-gnu/libk5crypto.so.3.1
7f2f79d28000-7f2f79d2a000 r--p 00025000 08:01 394051                     /usr/lib/x86_64-linux-gnu/libk5crypto.so.3.1
7f2f79d2a000-7f2f79d2b000 rw-p 00027000 08:01 394051                     /usr/lib/x86_64-linux-gnu/libk5crypto.so.3.1
7f2f79d2b000-7f2f79dea000 r-xp 00000000 08:01 397018                     /usr/lib/x86_64-linux-gnu/libkrb5.so.3.3
7f2f79dea000-7f2f79fea000 ---p 000bf000 08:01 397018                     /usr/lib/x86_64-linux-gnu/libkrb5.so.3.3
7f2f79fea000-7f2f79ff3000 r--p 000bf000 08:01 397018                     /usr/lib/x86_64-linux-gnu/libkrb5.so.3.3
7f2f79ff3000-7f2f79ff4000 rw-p 000c8000 08:01 397018                     /usr/lib/x86_64-linux-gnu/libkrb5.so.3.3
7f2f79ff4000-7f2f79ffb000 r-xp 00000000 08:01 406811                     /usr/lib/x86_64-linux-gnu/libxcb-render.so.0.0.0
7f2f79ffb000-7f2f7a1fb000 ---p 00007000 08:01 406811                     /usr/lib/x86_64-linux-gnu/libxcb-render.so.0.0.0
7f2f7a1fb000-7f2f7a1fc000 r--p 00007000 08:01 406811                     /usr/lib/x86_64-linux-gnu/libxcb-render.so.0.0.0
7f2f7a1fc000-7f2f7a1fd000 rw-p 00008000 08:01 406811                     /usr/lib/x86_64-linux-gnu/libxcb-render.so.0.0.0
7f2f7a1fd000-7f2f7a1ff000 r-xp 00000000 08:01 406815                     /usr/lib/x86_64-linux-gnu/libxcb-shm.so.0.0.0
7f2f7a1ff000-7f2f7a3fe000 ---p 00002000 08:01 406815                     /usr/lib/x86_64-linux-gnu/libxcb-shm.so.0.0.0
7f2f7a3fe000-7f2f7a3ff000 r--p 00001000 08:01 406815                     /usr/lib/x86_64-linux-gnu/libxcb-shm.so.0.0.0
7f2f7a3ff000-7f2f7a400000 rw-p 00002000 08:01 406815                     /usr/lib/x86_64-linux-gnu/libxcb-shm.so.0.0.0
7f2f7a400000-7f2f7a426000 r-xp 00000000 08:01 139881                     /lib/x86_64-linux-gnu/libpng12.so.0.46.0
7f2f7a426000-7f2f7a625000 ---p 00026000 08:01 139881                     /lib/x86_64-linux-gnu/libpng12.so.0.46.0
7f2f7a625000-7f2f7a626000 r--p 00025000 08:01 139881                     /lib/x86_64-linux-gnu/libpng12.so.0.46.0
7f2f7a626000-7f2f7a627000 rw-p 00026000 08:01 139881                     /lib/x86_64-linux-gnu/libpng12.so.0.46.0
7f2f7a627000-7f2f7a695000 r-xp 00000000 08:01 406743                     /usr/lib/x86_64-linux-gnu/libpixman-1.so.0.22.2
7f2f7a695000-7f2f7a895000 ---p 0006e000 08:01 406743                     /usr/lib/x86_64-linux-gnu/libpixman-1.so.0.22.2
7f2f7a895000-7f2f7a89a000 r--p 0006e000 08:01 406743                     /usr/lib/x86_64-linux-gnu/libpixman-1.so.0.22.2
7f2f7a89a000-7f2f7a89b000 rw-p 00073000 08:01 406743                     /usr/lib/x86_64-linux-gnu/libpixman-1.so.0.22.2
7f2f7a89b000-7f2f7a8a0000 r-xp 00000000 08:01 406539                     /usr/lib/x86_64-linux-gnu/libXdmcp.so.6.0.0
7f2f7a8a0000-7f2f7aa9f000 ---p 00005000 08:01 406539                     /usr/lib/x86_64-linux-gnu/libXdmcp.so.6.0.0
7f2f7aa9f000-7f2f7aaa0000 r--p 00004000 08:01 406539                     /usr/lib/x86_64-linux-gnu/libXdmcp.so.6.0.0
7f2f7aaa0000-7f2f7aaa1000 rw-p 00005000 08:01 406539                     /usr/lib/x86_64-linux-gnu/libXdmcp.so.6.0.0
7f2f7aaa1000-7f2f7aaa3000 r-xp 00000000 08:01 406531                     /usr/lib/x86_64-linux-gnu/libXau.so.6.0.0
7f2f7aaa3000-7f2f7aca2000 ---p 00002000 08:01 406531                     /usr/lib/x86_64-linux-gnu/libXau.so.6.0.0
7f2f7aca2000-7f2f7aca3000 r--p 00001000 08:01 406531                     /usr/lib/x86_64-linux-gnu/libXau.so.6.0.0
7f2f7aca3000-7f2f7aca4000 rw-p 00002000 08:01 406531                     /usr/lib/x86_64-linux-gnu/libXau.so.6.0.0
7f2f7aca4000-7f2f7acb5000 r-xp 00000000 08:01 406571                     /usr/lib/x86_64-linux-gnu/libavahi-client.so.3.2.9
7f2f7acb5000-7f2f7aeb5000 ---p 00011000 08:01 406571                     /usr/lib/x86_64-linux-gnu/libavahi-client.so.3.2.9
7f2f7aeb5000-7f2f7aeb6000 r--p 00011000 08:01 406571                     /usr/lib/x86_64-linux-gnu/libavahi-client.so.3.2.9
7f2f7aeb6000-7f2f7aeb7000 rw-p 00012000 08:01 406571                     /usr/lib/x86_64-linux-gnu/libavahi-client.so.3.2.9
7f2f7aeb7000-7f2f7aec4000 r-xp 00000000 08:01 406573                     /usr/lib/x86_64-linux-gnu/libavahi-common.so.3.5.3
7f2f7aec4000-7f2f7b0c3000 ---p 0000d000 08:01 406573                     /usr/lib/x86_64-linux-gnu/libavahi-common.so.3.5.3
7f2f7b0c3000-7f2f7b0c4000 r--p 0000c000 08:01 406573                     /usr/lib/x86_64-linux-gnu/libavahi-common.so.3.5.3
7f2f7b0c4000-7f2f7b0c5000 rw-p 0000d000 08:01 406573                     /usr/lib/x86_64-linux-gnu/libavahi-common.so.3.5.3
7f2f7b0c5000-7f2f7b166000 r-xp 00000000 08:01 406657                     /usr/lib/x86_64-linux-gnu/libgnutls.so.26.16.14
7f2f7b166000-7f2f7b365000 ---p 000a1000 08:01 406657                     /usr/lib/x86_64-linux-gnu/libgnutls.so.26.16.14
7f2f7b365000-7f2f7b36c000 r--p 000a0000 08:01 406657                     /usr/lib/x86_64-linux-gnu/libgnutls.so.26.16.14
7f2f7b36c000-7f2f7b36d000 rw-p 000a7000 08:01 406657                     /usr/lib/x86_64-linux-gnu/libgnutls.so.26.16.14
7f2f7b36d000-7f2f7b3a8000 r-xp 00000000 08:01 406685                     /usr/lib/x86_64-linux-gnu/libgssapi_krb5.so.2.2
7f2f7b3a8000-7f2f7b5a8000 ---p 0003b000 08:01 406685                     /usr/lib/x86_64-linux-gnu/libgssapi_krb5.so.2.2
7f2f7b5a8000-7f2f7b5a9000 r--p 0003b000 08:01 406685                     /usr/lib/x86_64-linux-gnu/libgssapi_krb5.so.2.2
7f2f7b5a9000-7f2f7b5ab000 rw-p 0003c000 08:01 406685                     /usr/lib/x86_64-linux-gnu/libgssapi_krb5.so.2.2
7f2f7b5ab000-7f2f7b5e6000 r-xp 00000000 08:01 139879                     /lib/x86_64-linux-gnu/libpcre.so.3.12.1
7f2f7b5e6000-7f2f7b7e5000 ---p 0003b000 08:01 139879                     /lib/x86_64-linux-gnu/libpcre.so.3.12.1
7f2f7b7e5000-7f2f7b7e6000 r--p 0003a000 08:01 139879                     /lib/x86_64-linux-gnu/libpcre.so.3.12.1
7f2f7b7e6000-7f2f7b7e7000 rw-p 0003b000 08:01 139879                     /lib/x86_64-linux-gnu/libpcre.so.3.12.1
7f2f7b7e7000-7f2f7b7ee000 r-xp 00000000 08:01 396800                     /usr/lib/x86_64-linux-gnu/libffi.so.6.0.0
7f2f7b7ee000-7f2f7b9ed000 ---p 00007000 08:01 396800                     /usr/lib/x86_64-linux-gnu/libffi.so.6.0.0
7f2f7b9ed000-7f2f7b9ee000 r--p 00006000 08:01 396800                     /usr/lib/x86_64-linux-gnu/libffi.so.6.0.0
7f2f7b9ee000-7f2f7b9ef000 rw-p 00007000 08:01 396800                     /usr/lib/x86_64-linux-gnu/libffi.so.6.0.0
7f2f7b9ef000-7f2f7ba16000 r-xp 00000000 08:01 139838                     /lib/x86_64-linux-gnu/libexpat.so.1.5.2
7f2f7ba16000-7f2f7bc16000 ---p 00027000 08:01 139838                     /lib/x86_64-linux-gnu/libexpat.so.1.5.2
7f2f7bc16000-7f2f7bc18000 r--p 00027000 08:01 139838                     /lib/x86_64-linux-gnu/libexpat.so.1.5.2
7f2f7bc18000-7f2f7bc19000 rw-p 00029000 08:01 139838                     /lib/x86_64-linux-gnu/libexpat.so.1.5.2
7f2f7bc19000-7f2f7bcab000 r-xp 00000000 08:01 406632                     /usr/lib/x86_64-linux-gnu/libfreetype.so.6.6.2
7f2f7bcab000-7f2f7beaa000 ---p 00092000 08:01 406632                     /usr/lib/x86_64-linux-gnu/libfreetype.so.6.6.2
7f2f7beaa000-7f2f7beb0000 r--p 00091000 08:01 406632                     /usr/lib/x86_64-linux-gnu/libfreetype.so.6.6.2
7f2f7beb0000-7f2f7beb1000 rw-p 00097000 08:01 406632                     /usr/lib/x86_64-linux-gnu/libfreetype.so.6.6.2
7f2f7beb1000-7f2f7bec8000 r-xp 00000000 08:01 134597                     /lib/x86_64-linux-gnu/libresolv-2.13.so
7f2f7bec8000-7f2f7c0c8000 ---p 00017000 08:01 134597                     /lib/x86_64-linux-gnu/libresolv-2.13.so
7f2f7c0c8000-7f2f7c0c9000 r--p 00017000 08:01 134597                     /lib/x86_64-linux-gnu/libresolv-2.13.so
7f2f7c0c9000-7f2f7c0ca000 rw-p 00018000 08:01 134597                     /lib/x86_64-linux-gnu/libresolv-2.13.so
7f2f7c0ca000-7f2f7c0cc000 rw-p 00000000 00:00 0 
7f2f7c0cc000-7f2f7c0e8000 r-xp 00000000 08:01 139888                     /lib/x86_64-linux-gnu/libselinux.so.1
7f2f7c0e8000-7f2f7c2e7000 ---p 0001c000 08:01 139888                     /lib/x86_64-linux-gnu/libselinux.so.1
7f2f7c2e7000-7f2f7c2e8000 r--p 0001b000 08:01 139888                     /lib/x86_64-linux-gnu/libselinux.so.1
7f2f7c2e8000-7f2f7c2e9000 rw-p 0001c000 08:01 139888                     /lib/x86_64-linux-gnu/libselinux.so.1
7f2f7c2e9000-7f2f7c2ea000 rw-p 00000000 00:00 0 
7f2f7c2ea000-7f2f7c2ec000 r-xp 00000000 08:01 406537                     /usr/lib/x86_64-linux-gnu/libXdamage.so.1.1.0
7f2f7c2ec000-7f2f7c4eb000 ---p 00002000 08:01 406537                     /usr/lib/x86_64-linux-gnu/libXdamage.so.1.1.0
7f2f7c4eb000-7f2f7c4ec000 r--p 00001000 08:01 406537                     /usr/lib/x86_64-linux-gnu/libXdamage.so.1.1.0
7f2f7c4ec000-7f2f7c4ed000 rw-p 00002000 08:01 406537                     /usr/lib/x86_64-linux-gnu/libXdamage.so.1.1.0
7f2f7c4ed000-7f2f7c4ef000 r-xp 00000000 08:01 406533                     /usr/lib/x86_64-linux-gnu/libXcomposite.so.1.0.0
7f2f7c4ef000-7f2f7c6ee000 ---p 00002000 08:01 406533                     /usr/lib/x86_64-linux-gnu/libXcomposite.so.1.0.0
7f2f7c6ee000-7f2f7c6ef000 r--p 00001000 08:01 406533                     /usr/lib/x86_64-linux-gnu/libXcomposite.so.1.0.0
7f2f7c6ef000-7f2f7c6f0000 rw-p 00002000 08:01 406533                     /usr/lib/x86_64-linux-gnu/libXcomposite.so.1.0.0
7f2f7c6f0000-7f2f7c6f9000 r-xp 00000000 08:01 406535                     /usr/lib/x86_64-linux-gnu/libXcursor.so.1.0.2
7f2f7c6f9000-7f2f7c8f8000 ---p 00009000 08:01 406535                     /usr/lib/x86_64-linux-gnu/libXcursor.so.1.0.2
7f2f7c8f8000-7f2f7c8f9000 r--p 00008000 08:01 406535                     /usr/lib/x86_64-linux-gnu/libXcursor.so.1.0.2
7f2f7c8f9000-7f2f7c8fa000 rw-p 00009000 08:01 406535                     /usr/lib/x86_64-linux-gnu/libXcursor.so.1.0.2
7f2f7c8fa000-7f2f7c902000 r-xp 00000000 08:01 406551                     /usr/lib/x86_64-linux-gnu/libXrandr.so.2.2.0
7f2f7c902000-7f2f7cb01000 ---p 00008000 08:01 406551                     /usr/lib/x86_64-linux-gnu/libXrandr.so.2.2.0
7f2f7cb01000-7f2f7cb02000 r--p 00007000 08:01 406551                     /usr/lib/x86_64-linux-gnu/libXrandr.so.2.2.0
7f2f7cb02000-7f2f7cb03000 rw-p 00008000 08:01 406551                     /usr/lib/x86_64-linux-gnu/libXrandr.so.2.2.0
7f2f7cb03000-7f2f7cb05000 r-xp 00000000 08:01 406549                     /usr/lib/x86_64-linux-gnu/libXinerama.so.1.0.0
7f2f7cb05000-7f2f7cd04000 ---p 00002000 08:01 406549                     /usr/lib/x86_64-linux-gnu/libXinerama.so.1.0.0
7f2f7cd04000-7f2f7cd05000 r--p 00001000 08:01 406549                     /usr/lib/x86_64-linux-gnu/libXinerama.so.1.0.0
7f2f7cd05000-7f2f7cd06000 rw-p 00002000 08:01 406549                     /usr/lib/x86_64-linux-gnu/libXinerama.so.1.0.0
7f2f7cd06000-7f2f7cd09000 r-xp 00000000 08:01 395217                     /usr/lib/x86_64-linux-gnu/libgmodule-2.0.so.0.3000.0
7f2f7cd09000-7f2f7cf08000 ---p 00003000 08:01 395217                     /usr/lib/x86_64-linux-gnu/libgmodule-2.0.so.0.3000.0
7f2f7cf08000-7f2f7cf09000 r--p 00002000 08:01 395217                     /usr/lib/x86_64-linux-gnu/libgmodule-2.0.so.0.3000.0
7f2f7cf09000-7f2f7cf0a000 rw-p 00003000 08:01 395217                     /usr/lib/x86_64-linux-gnu/libgmodule-2.0.so.0.3000.0
7f2f7cf0a000-7f2f7cf34000 r-xp 00000000 08:01 397305                     /usr/lib/x86_64-linux-gnu/libpangoft2-1.0.so.0.2903.0
7f2f7cf34000-7f2f7d133000 ---p 0002a000 08:01 397305                     /usr/lib/x86_64-linux-gnu/libpangoft2-1.0.so.0.2903.0
7f2f7d133000-7f2f7d134000 r--p 00029000 08:01 397305                     /usr/lib/x86_64-linux-gnu/libpangoft2-1.0.so.0.2903.0
7f2f7d134000-7f2f7d135000 rw-p 0002a000 08:01 397305                     /usr/lib/x86_64-linux-gnu/libpangoft2-1.0.so.0.2903.0
7f2f7d135000-7f2f7d1ee000 r-xp 00000000 08:01 406593                     /usr/lib/x86_64-linux-gnu/libcairo.so.2.11000.2
7f2f7d1ee000-7f2f7d3ed000 ---p 000b9000 08:01 406593                     /usr/lib/x86_64-linux-gnu/libcairo.so.2.11000.2
7f2f7d3ed000-7f2f7d3ef000 r--p 000b8000 08:01 406593                     /usr/lib/x86_64-linux-gnu/libcairo.so.2.11000.2
7f2f7d3ef000-7f2f7d3f0000 rw-p 000ba000 08:01 406593                     /usr/lib/x86_64-linux-gnu/libcairo.so.2.11000.2
7f2f7d3f0000-7f2f7d3f3000 rw-p 00000000 00:00 0 
7f2f7d3f3000-7f2f7d412000 r-xp 00000000 08:01 394856                     /usr/lib/x86_64-linux-gnu/libatk-1.0.so.0.20209.1
7f2f7d412000-7f2f7d612000 ---p 0001f000 08:01 394856                     /usr/lib/x86_64-linux-gnu/libatk-1.0.so.0.20209.1
7f2f7d612000-7f2f7d614000 r--p 0001f000 08:01 394856                     /usr/lib/x86_64-linux-gnu/libatk-1.0.so.0.20209.1
7f2f7d614000-7f2f7d615000 rw-p 00021000 08:01 394856                     /usr/lib/x86_64-linux-gnu/libatk-1.0.so.0.20209.1
7f2f7d615000-7f2f7d61a000 r-xp 00000000 08:01 406543                     /usr/lib/x86_64-linux-gnu/libXfixes.so.3.1.0
7f2f7d61a000-7f2f7d819000 ---p 00005000 08:01 406543                     /usr/lib/x86_64-linux-gnu/libXfixes.so.3.1.0
7f2f7d819000-7f2f7d81a000 r--p 00004000 08:01 406543                     /usr/lib/x86_64-linux-gnu/libXfixes.so.3.1.0
7f2f7d81a000-7f2f7d81b000 rw-p 00005000 08:01 406543                     /usr/lib/x86_64-linux-gnu/libXfixes.so.3.1.0
7f2f7d81b000-7f2f7d826000 r-xp 00000000 08:01 397309                     /usr/lib/x86_64-linux-gnu/libpangocairo-1.0.so.0.2903.0
7f2f7d826000-7f2f7da26000 ---p 0000b000 08:01 397309                     /usr/lib/x86_64-linux-gnu/libpangocairo-1.0.so.0.2903.0
7f2f7da26000-7f2f7da27000 r--p 0000b000 08:01 397309                     /usr/lib/x86_64-linux-gnu/libpangocairo-1.0.so.0.2903.0
7f2f7da27000-7f2f7da28000 rw-p 0000c000 08:01 397309                     /usr/lib/x86_64-linux-gnu/libpangocairo-1.0.so.0.2903.0
7f2f7da28000-7f2f7da43000 r-xp 00000000 08:01 406817                     /usr/lib/x86_64-linux-gnu/libxcb.so.1.1.0
7f2f7da43000-7f2f7dc42000 ---p 0001b000 08:01 406817                     /usr/lib/x86_64-linux-gnu/libxcb.so.1.1.0
7f2f7dc42000-7f2f7dc43000 r--p 0001a000 08:01 406817                     /usr/lib/x86_64-linux-gnu/libxcb.so.1.1.0
7f2f7dc43000-7f2f7dc44000 rw-p 0001b000 08:01 406817                     /usr/lib/x86_64-linux-gnu/libxcb.so.1.1.0
7f2f7dc44000-7f2f7dc92000 r-xp 00000000 08:01 400264                     /usr/lib/x86_64-linux-gnu/libcups.so.2
7f2f7dc92000-7f2f7de92000 ---p 0004e000 08:01 400264                     /usr/lib/x86_64-linux-gnu/libcups.so.2
7f2f7de92000-7f2f7de96000 r--p 0004e000 08:01 400264                     /usr/lib/x86_64-linux-gnu/libcups.so.2
7f2f7de96000-7f2f7de97000 rw-p 00052000 08:01 400264                     /usr/lib/x86_64-linux-gnu/libcups.so.2
7f2f7de97000-7f2f7df8b000 r-xp 00000000 08:01 134283                     /lib/x86_64-linux-gnu/libglib-2.0.so.0.3000.0
7f2f7df8b000-7f2f7e18a000 ---p 000f4000 08:01 134283                     /lib/x86_64-linux-gnu/libglib-2.0.so.0.3000.0
7f2f7e18a000-7f2f7e18b000 r--p 000f3000 08:01 134283                     /lib/x86_64-linux-gnu/libglib-2.0.so.0.3000.0
7f2f7e18b000-7f2f7e18c000 rw-p 000f4000 08:01 134283                     /lib/x86_64-linux-gnu/libglib-2.0.so.0.3000.0
7f2f7e18c000-7f2f7e18d000 rw-p 00000000 00:00 0 
7f2f7e18d000-7f2f7e191000 r-xp 00000000 08:01 394708                     /usr/lib/x86_64-linux-gnu/libgthread-2.0.so.0.3000.0
7f2f7e191000-7f2f7e390000 ---p 00004000 08:01 394708                     /usr/lib/x86_64-linux-gnu/libgthread-2.0.so.0.3000.0
7f2f7e390000-7f2f7e391000 r--p 00003000 08:01 394708                     /usr/lib/x86_64-linux-gnu/libgthread-2.0.so.0.3000.0
7f2f7e391000-7f2f7e392000 rw-p 00004000 08:01 394708                     /usr/lib/x86_64-linux-gnu/libgthread-2.0.so.0.3000.0
7f2f7e392000-7f2f7e3e0000 r-xp 00000000 08:01 394707                     /usr/lib/x86_64-linux-gnu/libgobject-2.0.so.0.3000.0
7f2f7e3e0000-7f2f7e5e0000 ---p 0004e000 08:01 394707                     /usr/lib/x86_64-linux-gnu/libgobject-2.0.so.0.3000.0
7f2f7e5e0000-7f2f7e5e1000 r--p 0004e000 08:01 394707                     /usr/lib/x86_64-linux-gnu/libgobject-2.0.so.0.3000.0
7f2f7e5e1000-7f2f7e5e2000 rw-p 0004f000 08:01 394707                     /usr/lib/x86_64-linux-gnu/libgobject-2.0.so.0.3000.0
7f2f7e5e2000-7f2f7e5e3000 rw-p 00000000 00:00 0 
7f2f7e5e3000-7f2f7e617000 r-xp 00000000 08:01 406630                     /usr/lib/x86_64-linux-gnu/libfontconfig.so.1.4.4
7f2f7e617000-7f2f7e817000 ---p 00034000 08:01 406630                     /usr/lib/x86_64-linux-gnu/libfontconfig.so.1.4.4
7f2f7e817000-7f2f7e818000 r--p 00034000 08:01 406630                     /usr/lib/x86_64-linux-gnu/libfontconfig.so.1.4.4
7f2f7e818000-7f2f7e819000 rw-p 00035000 08:01 406630                     /usr/lib/x86_64-linux-gnu/libfontconfig.so.1.4.4
7f2f7e819000-7f2f7e860000 r-xp 00000000 08:01 397304                     /usr/lib/x86_64-linux-gnu/libpango-1.0.so.0.2903.0
7f2f7e860000-7f2f7ea60000 ---p 00047000 08:01 397304                     /usr/lib/x86_64-linux-gnu/libpango-1.0.so.0.2903.0
7f2f7ea60000-7f2f7ea62000 r--p 00047000 08:01 397304                     /usr/lib/x86_64-linux-gnu/libpango-1.0.so.0.2903.0
7f2f7ea62000-7f2f7ea63000 rw-p 00049000 08:01 397304                     /usr/lib/x86_64-linux-gnu/libpango-1.0.so.0.2903.0
7f2f7ea63000-7f2f7ea81000 r-xp 00000000 08:01 394128                     /usr/lib/x86_64-linux-gnu/libgdk_pixbuf-2.0.so.0.2400.0
7f2f7ea81000-7f2f7ec80000 ---p 0001e000 08:01 394128                     /usr/lib/x86_64-linux-gnu/libgdk_pixbuf-2.0.so.0.2400.0
7f2f7ec80000-7f2f7ec81000 r--p 0001d000 08:01 394128                     /usr/lib/x86_64-linux-gnu/libgdk_pixbuf-2.0.so.0.2400.0
7f2f7ec81000-7f2f7ec82000 rw-p 0001e000 08:01 394128                     /usr/lib/x86_64-linux-gnu/libgdk_pixbuf-2.0.so.0.2400.0
7f2f7ec82000-7f2f7edbd000 r-xp 00000000 08:01 394685                     /usr/lib/x86_64-linux-gnu/libgio-2.0.so.0.3000.0
7f2f7edbd000-7f2f7efbc000 ---p 0013b000 08:01 394685                     /usr/lib/x86_64-linux-gnu/libgio-2.0.so.0.3000.0
7f2f7efbc000-7f2f7efc0000 r--p 0013a000 08:01 394685                     /usr/lib/x86_64-linux-gnu/libgio-2.0.so.0.3000.0
7f2f7efc0000-7f2f7efc2000 rw-p 0013e000 08:01 394685                     /usr/lib/x86_64-linux-gnu/libgio-2.0.so.0.3000.0
7f2f7efc2000-7f2f7efc4000 rw-p 00000000 00:00 0 
7f2f7efc4000-7f2f7f071000 r-xp 00000000 08:01 397253                     /usr/lib/x86_64-linux-gnu/libgdk-x11-2.0.so.0.2400.6
7f2f7f071000-7f2f7f270000 ---p 000ad000 08:01 397253                     /usr/lib/x86_64-linux-gnu/libgdk-x11-2.0.so.0.2400.6
7f2f7f270000-7f2f7f274000 r--p 000ac000 08:01 397253                     /usr/lib/x86_64-linux-gnu/libgdk-x11-2.0.so.0.2400.6
7f2f7f274000-7f2f7f276000 rw-p 000b0000 08:01 397253                     /usr/lib/x86_64-linux-gnu/libgdk-x11-2.0.so.0.2400.6
7f2f7f276000-7f2f7f6a5000 r-xp 00000000 08:01 397246                     /usr/lib/x86_64-linux-gnu/libgtk-x11-2.0.so.0.2400.6
7f2f7f6a5000-7f2f7f8a5000 ---p 0042f000 08:01 397246                     /usr/lib/x86_64-linux-gnu/libgtk-x11-2.0.so.0.2400.6
7f2f7f8a5000-7f2f7f8ac000 r--p 0042f000 08:01 397246                     /usr/lib/x86_64-linux-gnu/libgtk-x11-2.0.so.0.2400.6
7f2f7f8ac000-7f2f7f8b0000 rw-p 00436000 08:01 397246                     /usr/lib/x86_64-linux-gnu/libgtk-x11-2.0.so.0.2400.6
7f2f7f8b0000-7f2f7f8b2000 rw-p 00000000 00:00 0 
7f2f7f8b2000-7f2f7f8c1000 r-xp 00000000 08:01 406547                     /usr/lib/x86_64-linux-gnu/libXi.so.6.1.0
7f2f7f8c1000-7f2f7fac0000 ---p 0000f000 08:01 406547                     /usr/lib/x86_64-linux-gnu/libXi.so.6.1.0
7f2f7fac0000-7f2f7fac1000 r--p 0000e000 08:01 406547                     /usr/lib/x86_64-linux-gnu/libXi.so.6.1.0
7f2f7fac1000-7f2f7fac2000 rw-p 0000f000 08:01 406547                     /usr/lib/x86_64-linux-gnu/libXi.so.6.1.0
7f2f7fac2000-7f2f7fac7000 r-xp 00000000 08:01 398564                     /usr/lib/libXtst.so.6.1.0
7f2f7fac7000-7f2f7fcc6000 ---p 00005000 08:01 398564                     /usr/lib/libXtst.so.6.1.0
7f2f7fcc6000-7f2f7fcc7000 r--p 00004000 08:01 398564                     /usr/lib/libXtst.so.6.1.0
7f2f7fcc7000-7f2f7fcc8000 rw-p 00005000 08:01 398564                     /usr/lib/libXtst.so.6.1.0
7f2f7fcc8000-7f2f7fdfb000 r-xp 00000000 08:01 406471                     /usr/lib/x86_64-linux-gnu/libX11.so.6.3.0
7f2f7fdfb000-7f2f7fffb000 ---p 00133000 08:01 406471                     /usr/lib/x86_64-linux-gnu/libX11.so.6.3.0
7f2f7fffb000-7f2f7fffc000 r--p 00133000 08:01 406471                     /usr/lib/x86_64-linux-gnu/libX11.so.6.3.0
7f2f7fffc000-7f2f80000000 rw-p 00134000 08:01 406471                     /usr/lib/x86_64-linux-gnu/libX11.so.6.3.0
7f2f80000000-7f2f803ec000 rw-p 00000000 00:00 0 
7f2f803ec000-7f2f84000000 ---p 00000000 00:00 0 
7f2f84030000-7f2f84033000 ---p 00000000 00:00 0 
7f2f84033000-7f2f8404a000 rw-p 00000000 00:00 0 
7f2f8404a000-7f2f84053000 r-xp 00000000 08:01 406553                     /usr/lib/x86_64-linux-gnu/libXrender.so.1.3.0
7f2f84053000-7f2f84253000 ---p 00009000 08:01 406553                     /usr/lib/x86_64-linux-gnu/libXrender.so.1.3.0
7f2f84253000-7f2f84254000 r--p 00009000 08:01 406553                     /usr/lib/x86_64-linux-gnu/libXrender.so.1.3.0
7f2f84254000-7f2f84255000 rw-p 0000a000 08:01 406553                     /usr/lib/x86_64-linux-gnu/libXrender.so.1.3.0
7f2f84255000-7f2f84267000 r-xp 00000000 08:01 406541                     /usr/lib/x86_64-linux-gnu/libXext.so.6.4.0
7f2f84267000-7f2f84466000 ---p 00012000 08:01 406541                     /usr/lib/x86_64-linux-gnu/libXext.so.6.4.0
7f2f84466000-7f2f84467000 r--p 00011000 08:01 406541                     /usr/lib/x86_64-linux-gnu/libXext.so.6.4.0
7f2f84467000-7f2f84468000 rw-p 00012000 08:01 406541                     /usr/lib/x86_64-linux-gnu/libXext.so.6.4.0
7f2f84468000-7f2f8448b000 r--p 00000000 08:01 675061                     /usr/share/locale-langpack/fr/LC_MESSAGES/libc.mo
7f2f8448b000-7f2f844dd000 r-xp 00000000 08:01 401973                     /usr/lib/jvm/java-7-openjdk-amd64/jre/lib/amd64/xawt/libmawt.so
7f2f844dd000-7f2f846dd000 ---p 00052000 08:01 401973                     /usr/lib/jvm/java-7-openjdk-amd64/jre/lib/amd64/xawt/libmawt.so
7f2f846dd000-7f2f846de000 r--p 00052000 08:01 401973                     /usr/lib/jvm/java-7-openjdk-amd64/jre/lib/amd64/xawt/libmawt.so
7f2f846de000-7f2f846e1000 rw-p 00053000 08:01 401973                     /usr/lib/jvm/java-7-openjdk-amd64/jre/lib/amd64/xawt/libmawt.so
7f2f846e1000-7f2f846e2000 rw-p 00000000 00:00 0 
7f2f846e2000-7f2f84784000 r-xp 00000000 08:01 398111                     /usr/lib/jvm/java-7-openjdk-amd64/jre/lib/amd64/libawt.so
7f2f84784000-7f2f84983000 ---p 000a2000 08:01 398111                     /usr/lib/jvm/java-7-openjdk-amd64/jre/lib/amd64/libawt.so
7f2f84983000-7f2f84984000 r--p 000a1000 08:01 398111                     /usr/lib/jvm/java-7-openjdk-amd64/jre/lib/amd64/libawt.so
7f2f84984000-7f2f8498f000 rw-p 000a2000 08:01 398111                     /usr/lib/jvm/java-7-openjdk-amd64/jre/lib/amd64/libawt.so
7f2f8498f000-7f2f849b4000 rw-p 00000000 00:00 0 
7f2f849b4000-7f2f849b7000 r--s 00032000 08:01 395025                     /usr/lib/jvm/java-7-openjdk-common/jre/lib/ext/sunjce_provider.jar
7f2f849b7000-7f2f849ba000 r--s 00085000 08:01 395002                     /usr/lib/jvm/java-7-openjdk-common/jre/lib/ext/localedata.jar
7f2f849ba000-7f2f849bb000 r--s 00002000 08:01 394906                     /usr/lib/jvm/java-7-openjdk-common/jre/lib/ext/dnsns.jar
7f2f849bb000-7f2f849be000 r--s 0003c000 08:01 394890                     /usr/lib/jvm/java-7-openjdk-common/jre/lib/ext/sunpkcs11.jar
7f2f849be000-7f2f849c0000 r--s 00012000 08:01 395160                     /usr/lib/jvm/java-7-openjdk-common/jre/lib/ext/zipfs.jar
7f2f849c0000-7f2f849c3000 r--s 0000f000 08:01 395194                     /usr/lib/jvm/java-7-openjdk-common/jre/lib/ext/pulse-java.jar
7f2f849c3000-7f2f849cb000 r--s 00066000 08:01 676447                     /usr/share/java/gnome-java-bridge.jar
7f2f849cb000-7f2f849cc000 ---p 00000000 00:00 0 
7f2f849cc000-7f2f84acc000 rw-p 00000000 00:00 0 
7f2f84acc000-7f2f84acf000 ---p 00000000 00:00 0 
7f2f84acf000-7f2f84bcd000 rw-p 00000000 00:00 0 
7f2f84bcd000-7f2f84bd0000 ---p 00000000 00:00 0 
7f2f84bd0000-7f2f84cce000 rw-p 00000000 00:00 0 
7f2f84cce000-7f2f84cd1000 ---p 00000000 00:00 0 
7f2f84cd1000-7f2f84dcf000 rw-p 00000000 00:00 0 
7f2f84dcf000-7f2f84dd2000 ---p 00000000 00:00 0 
7f2f84dd2000-7f2f84ed0000 rw-p 00000000 00:00 0 
7f2f84ed0000-7f2f855bd000 r--p 00000000 08:01 403488                     /usr/lib/locale/locale-archive
7f2f855bd000-7f2f855c0000 ---p 00000000 00:00 0 
7f2f855c0000-7f2f856be000 rw-p 00000000 00:00 0 
7f2f856be000-7f2f856c1000 ---p 00000000 00:00 0 
7f2f856c1000-7f2f857bf000 rw-p 00000000 00:00 0 
7f2f857bf000-7f2f857c0000 ---p 00000000 00:00 0 
7f2f857c0000-7f2f85c2f000 rw-p 00000000 00:00 0 
7f2f85c2f000-7f2f85ddd000 r--s 03e76000 08:01 396788                     /usr/lib/jvm/java-7-openjdk-amd64/jre/lib/rt.jar
7f2f85ddd000-7f2f85e05000 rw-p 00000000 00:00 0 
7f2f85e05000-7f2f85e06000 ---p 00000000 00:00 0 
7f2f85e06000-7f2f85f06000 rw-p 00000000 00:00 0 
7f2f85f06000-7f2f85f07000 ---p 00000000 00:00 0 
7f2f85f07000-7f2f86012000 rw-p 00000000 00:00 0 
7f2f86012000-7f2f8605a000 rw-p 00000000 00:00 0 
7f2f8605a000-7f2f8606f000 rw-p 00000000 00:00 0 
7f2f8606f000-7f2f861a5000 rw-p 00000000 00:00 0 
7f2f861a5000-7f2f861b0000 rw-p 00000000 00:00 0 
7f2f861b0000-7f2f861f8000 rw-p 00000000 00:00 0 
7f2f861f8000-7f2f8620d000 rw-p 00000000 00:00 0 
7f2f8620d000-7f2f86342000 rw-p 00000000 00:00 0 
7f2f86342000-7f2f8634d000 rw-p 00000000 00:00 0 
7f2f8634d000-7f2f863e8000 rw-p 00000000 00:00 0 
7f2f863e8000-7f2f863e9000 rw-p 00000000 00:00 0 
7f2f863e9000-7f2f86659000 rwxp 00000000 00:00 0 
7f2f86659000-7f2f893e9000 rw-p 00000000 00:00 0 
7f2f893e9000-7f2f893f1000 r-xp 00000000 08:01 399895                     /usr/lib/jvm/java-7-openjdk-amd64/jre/lib/amd64/libzip.so
7f2f893f1000-7f2f895f0000 ---p 00008000 08:01 399895                     /usr/lib/jvm/java-7-openjdk-amd64/jre/lib/amd64/libzip.so
7f2f895f0000-7f2f895f1000 r--p 00007000 08:01 399895                     /usr/lib/jvm/java-7-openjdk-amd64/jre/lib/amd64/libzip.so
7f2f895f1000-7f2f895f2000 rw-p 00008000 08:01 399895                     /usr/lib/jvm/java-7-openjdk-amd64/jre/lib/amd64/libzip.so
7f2f895f2000-7f2f895fe000 r-xp 00000000 08:01 134596                     /lib/x86_64-linux-gnu/libnss_files-2.13.so
7f2f895fe000-7f2f897fd000 ---p 0000c000 08:01 134596                     /lib/x86_64-linux-gnu/libnss_files-2.13.so
7f2f897fd000-7f2f897fe000 r--p 0000b000 08:01 134596                     /lib/x86_64-linux-gnu/libnss_files-2.13.so
7f2f897fe000-7f2f897ff000 rw-p 0000c000 08:01 134596                     /lib/x86_64-linux-gnu/libnss_files-2.13.so
7f2f897ff000-7f2f89809000 r-xp 00000000 08:01 134607                     /lib/x86_64-linux-gnu/libnss_nis-2.13.so
7f2f89809000-7f2f89a09000 ---p 0000a000 08:01 134607                     /lib/x86_64-linux-gnu/libnss_nis-2.13.so
7f2f89a09000-7f2f89a0a000 r--p 0000a000 08:01 134607                     /lib/x86_64-linux-gnu/libnss_nis-2.13.so
7f2f89a0a000-7f2f89a0b000 rw-p 0000b000 08:01 134607                     /lib/x86_64-linux-gnu/libnss_nis-2.13.so
7f2f89a0b000-7f2f89a22000 r-xp 00000000 08:01 134591                     /lib/x86_64-linux-gnu/libnsl-2.13.so
7f2f89a22000-7f2f89c21000 ---p 00017000 08:01 134591                     /lib/x86_64-linux-gnu/libnsl-2.13.so
7f2f89c21000-7f2f89c22000 r--p 00016000 08:01 134591                     /lib/x86_64-linux-gnu/libnsl-2.13.so
7f2f89c22000-7f2f89c23000 rw-p 00017000 08:01 134591                     /lib/x86_64-linux-gnu/libnsl-2.13.so
7f2f89c23000-7f2f89c25000 rw-p 00000000 00:00 0 
7f2f89c25000-7f2f89c2d000 r-xp 00000000 08:01 134588                     /lib/x86_64-linux-gnu/libnss_compat-2.13.so
7f2f89c2d000-7f2f89e2c000 ---p 00008000 08:01 134588                     /lib/x86_64-linux-gnu/libnss_compat-2.13.so
7f2f89e2c000-7f2f89e2d000 r--p 00007000 08:01 134588                     /lib/x86_64-linux-gnu/libnss_compat-2.13.so
7f2f89e2d000-7f2f89e2e000 rw-p 00008000 08:01 134588                     /lib/x86_64-linux-gnu/libnss_compat-2.13.so
7f2f89e2e000-7f2f89e57000 r-xp 00000000 08:01 398578                     /usr/lib/jvm/java-7-openjdk-amd64/jre/lib/amd64/libjava.so
7f2f89e57000-7f2f8a056000 ---p 00029000 08:01 398578                     /usr/lib/jvm/java-7-openjdk-amd64/jre/lib/amd64/libjava.so
7f2f8a056000-7f2f8a057000 r--p 00028000 08:01 398578                     /usr/lib/jvm/java-7-openjdk-amd64/jre/lib/amd64/libjava.so
7f2f8a057000-7f2f8a059000 rw-p 00029000 08:01 398578                     /usr/lib/jvm/java-7-openjdk-amd64/jre/lib/amd64/libjava.so
7f2f8a059000-7f2f8a067000 r-xp 00000000 08:01 399894                     /usr/lib/jvm/java-7-openjdk-amd64/jre/lib/amd64/libverify.so
7f2f8a067000-7f2f8a266000 ---p 0000e000 08:01 399894                     /usr/lib/jvm/java-7-openjdk-amd64/jre/lib/amd64/libverify.so
7f2f8a266000-7f2f8a268000 r--p 0000d000 08:01 399894                     /usr/lib/jvm/java-7-openjdk-amd64/jre/lib/amd64/libverify.so
7f2f8a268000-7f2f8a269000 rw-p 0000f000 08:01 399894                     /usr/lib/jvm/java-7-openjdk-amd64/jre/lib/amd64/libverify.so
7f2f8a269000-7f2f8a270000 r-xp 00000000 08:01 134577                     /lib/x86_64-linux-gnu/librt-2.13.so
7f2f8a270000-7f2f8a46f000 ---p 00007000 08:01 134577                     /lib/x86_64-linux-gnu/librt-2.13.so
7f2f8a46f000-7f2f8a470000 r--p 00006000 08:01 134577                     /lib/x86_64-linux-gnu/librt-2.13.so
7f2f8a470000-7f2f8a471000 rw-p 00007000 08:01 134577                     /lib/x86_64-linux-gnu/librt-2.13.so
7f2f8a471000-7f2f8a486000 r-xp 00000000 08:01 131748                     /lib/x86_64-linux-gnu/libgcc_s.so.1
7f2f8a486000-7f2f8a685000 ---p 00015000 08:01 131748                     /lib/x86_64-linux-gnu/libgcc_s.so.1
7f2f8a685000-7f2f8a686000 r--p 00014000 08:01 131748                     /lib/x86_64-linux-gnu/libgcc_s.so.1
7f2f8a686000-7f2f8a687000 rw-p 00015000 08:01 131748                     /lib/x86_64-linux-gnu/libgcc_s.so.1
7f2f8a687000-7f2f8a70a000 r-xp 00000000 08:01 134673                     /lib/x86_64-linux-gnu/libm-2.13.so
7f2f8a70a000-7f2f8a909000 ---p 00083000 08:01 134673                     /lib/x86_64-linux-gnu/libm-2.13.so
7f2f8a909000-7f2f8a90a000 r--p 00082000 08:01 134673                     /lib/x86_64-linux-gnu/libm-2.13.so
7f2f8a90a000-7f2f8a90b000 rw-p 00083000 08:01 134673                     /lib/x86_64-linux-gnu/libm-2.13.so
7f2f8a90b000-7f2f8a9f3000 r-xp 00000000 08:01 398097                     /usr/lib/x86_64-linux-gnu/libstdc++.so.6.0.16
7f2f8a9f3000-7f2f8abf3000 ---p 000e8000 08:01 398097                     /usr/lib/x86_64-linux-gnu/libstdc++.so.6.0.16
7f2f8abf3000-7f2f8abfb000 r--p 000e8000 08:01 398097                     /usr/lib/x86_64-linux-gnu/libstdc++.so.6.0.16
7f2f8abfb000-7f2f8abfd000 rw-p 000f0000 08:01 398097                     /usr/lib/x86_64-linux-gnu/libstdc++.so.6.0.16
7f2f8abfd000-7f2f8ac12000 rw-p 00000000 00:00 0 
7f2f8ac12000-7f2f8b599000 r-xp 00000000 08:01 399897                     /usr/lib/jvm/java-7-openjdk-amd64/jre/lib/amd64/server/libjvm.so
7f2f8b599000-7f2f8b798000 ---p 00987000 08:01 399897                     /usr/lib/jvm/java-7-openjdk-amd64/jre/lib/amd64/server/libjvm.so
7f2f8b798000-7f2f8b816000 r--p 00986000 08:01 399897                     /usr/lib/jvm/java-7-openjdk-amd64/jre/lib/amd64/server/libjvm.so
7f2f8b816000-7f2f8b831000 rw-p 00a04000 08:01 399897                     /usr/lib/jvm/java-7-openjdk-amd64/jre/lib/amd64/server/libjvm.so
7f2f8b831000-7f2f8b85c000 rw-p 00000000 00:00 0 
7f2f8b85c000-7f2f8b874000 r-xp 00000000 08:01 134606                     /lib/x86_64-linux-gnu/libpthread-2.13.so
7f2f8b874000-7f2f8ba73000 ---p 00018000 08:01 134606                     /lib/x86_64-linux-gnu/libpthread-2.13.so
7f2f8ba73000-7f2f8ba74000 r--p 00017000 08:01 134606                     /lib/x86_64-linux-gnu/libpthread-2.13.so
7f2f8ba74000-7f2f8ba75000 rw-p 00018000 08:01 134606                     /lib/x86_64-linux-gnu/libpthread-2.13.so
7f2f8ba75000-7f2f8ba79000 rw-p 00000000 00:00 0 
7f2f8ba79000-7f2f8ba90000 r-xp 00000000 08:01 139905                     /lib/x86_64-linux-gnu/libz.so.1.2.3.4
7f2f8ba90000-7f2f8bc8f000 ---p 00017000 08:01 139905                     /lib/x86_64-linux-gnu/libz.so.1.2.3.4
7f2f8bc8f000-7f2f8bc90000 r--p 00016000 08:01 139905                     /lib/x86_64-linux-gnu/libz.so.1.2.3.4
7f2f8bc90000-7f2f8bc91000 rw-p 00017000 08:01 139905                     /lib/x86_64-linux-gnu/libz.so.1.2.3.4
7f2f8bc91000-7f2f8bc93000 r-xp 00000000 08:01 134594                     /lib/x86_64-linux-gnu/libdl-2.13.so
7f2f8bc93000-7f2f8be93000 ---p 00002000 08:01 134594                     /lib/x86_64-linux-gnu/libdl-2.13.so
7f2f8be93000-7f2f8be94000 r--p 00002000 08:01 134594                     /lib/x86_64-linux-gnu/libdl-2.13.so
7f2f8be94000-7f2f8be95000 rw-p 00003000 08:01 134594                     /lib/x86_64-linux-gnu/libdl-2.13.so
7f2f8be95000-7f2f8c02a000 r-xp 00000000 08:01 134593                     /lib/x86_64-linux-gnu/libc-2.13.so
7f2f8c02a000-7f2f8c229000 ---p 00195000 08:01 134593                     /lib/x86_64-linux-gnu/libc-2.13.so
7f2f8c229000-7f2f8c22d000 r--p 00194000 08:01 134593                     /lib/x86_64-linux-gnu/libc-2.13.so
7f2f8c22d000-7f2f8c22e000 rw-p 00198000 08:01 134593                     /lib/x86_64-linux-gnu/libc-2.13.so
7f2f8c22e000-7f2f8c234000 rw-p 00000000 00:00 0 
7f2f8c234000-7f2f8c240000 r-xp 00000000 08:01 397479                     /usr/lib/jvm/java-7-openjdk-amd64/jre/lib/amd64/jli/libjli.so
7f2f8c240000-7f2f8c43f000 ---p 0000c000 08:01 397479                     /usr/lib/jvm/java-7-openjdk-amd64/jre/lib/amd64/jli/libjli.so
7f2f8c43f000-7f2f8c440000 r--p 0000b000 08:01 397479                     /usr/lib/jvm/java-7-openjdk-amd64/jre/lib/amd64/jli/libjli.so
7f2f8c440000-7f2f8c441000 rw-p 0000c000 08:01 397479                     /usr/lib/jvm/java-7-openjdk-amd64/jre/lib/amd64/jli/libjli.so
7f2f8c441000-7f2f8c462000 r-xp 00000000 08:01 134600                     /lib/x86_64-linux-gnu/ld-2.13.so
7f2f8c476000-7f2f8c480000 rw-p 00000000 00:00 0 
7f2f8c480000-7f2f8c536000 rw-p 00000000 00:00 0 
7f2f8c536000-7f2f8c539000 ---p 00000000 00:00 0 
7f2f8c539000-7f2f8c63c000 rw-p 00000000 00:00 0 
7f2f8c640000-7f2f8c644000 r--s 0009f000 08:01 396465                     /usr/lib/jvm/java-7-openjdk-common/jre/lib/jsse.jar
7f2f8c644000-7f2f8c645000 r--p 00000000 00:00 0 
7f2f8c645000-7f2f8c64e000 r--s 00263000 08:01 396683                     /usr/lib/jvm/java-7-openjdk-common/jre/lib/resources.jar
7f2f8c64e000-7f2f8c655000 r--s 00000000 08:01 663199                     /usr/lib/x86_64-linux-gnu/gconv/gconv-modules.cache
7f2f8c655000-7f2f8c65d000 rw-s 00000000 08:01 268485                     /tmp/hsperfdata_guillaume/2718
7f2f8c65d000-7f2f8c65e000 rw-p 00000000 00:00 0 
7f2f8c65e000-7f2f8c65f000 r--p 00000000 00:00 0 
7f2f8c65f000-7f2f8c661000 rw-p 00000000 00:00 0 
7f2f8c661000-7f2f8c662000 r--p 00020000 08:01 134600                     /lib/x86_64-linux-gnu/ld-2.13.so
7f2f8c662000-7f2f8c664000 rw-p 00021000 08:01 134600                     /lib/x86_64-linux-gnu/ld-2.13.so
7fffda500000-7fffda521000 rw-p 00000000 00:00 0                          [stack]
7fffda560000-7fffda561000 r-xp 00000000 00:00 0                          [vdso]
ffffffffff600000-ffffffffff601000 r-xp 00000000 00:00 0                  [vsyscall]

VM Arguments:
jvm_args: -Dfile.encoding=UTF-8 
java_command: main.Main
Launcher Type: SUN_STANDARD

Environment Variables:
PATH=/usr/lib/lightdm/lightdm:/usr/local/sbin:/usr/local/bin:/usr/sbin:/usr/bin:/sbin:/bin:/usr/games
USERNAME=guillaume
SHELL=/bin/bash
DISPLAY=:0

Signal Handlers:
SIGSEGV: [libjvm.so+0x7fca30], sa_mask[0]=0x7ffbfeff, sa_flags=0x10000004
SIGBUS: [libjvm.so+0x7fca30], sa_mask[0]=0x7ffbfeff, sa_flags=0x10000004
SIGFPE: [libjvm.so+0x6a1150], sa_mask[0]=0x7ffbfeff, sa_flags=0x10000004
SIGPIPE: [libjvm.so+0x6a1150], sa_mask[0]=0x7ffbfeff, sa_flags=0x10000004
SIGXFSZ: [libjvm.so+0x6a1150], sa_mask[0]=0x7ffbfeff, sa_flags=0x10000004
SIGILL: [libjvm.so+0x6a1150], sa_mask[0]=0x7ffbfeff, sa_flags=0x10000004
SIGUSR1: SIG_DFL, sa_mask[0]=0x00000000, sa_flags=0x00000000
SIGUSR2: [libjvm.so+0x6a1520], sa_mask[0]=0x00000004, sa_flags=0x10000004
SIGHUP: [libjvm.so+0x6a1660], sa_mask[0]=0x7ffbfeff, sa_flags=0x10000004
SIGINT: SIG_IGN, sa_mask[0]=0x00000000, sa_flags=0x00000000
SIGTERM: [libjvm.so+0x6a1660], sa_mask[0]=0x7ffbfeff, sa_flags=0x10000004
SIGQUIT: [libjvm.so+0x6a1660], sa_mask[0]=0x7ffbfeff, sa_flags=0x10000004


---------------  S Y S T E M  ---------------

OS:Ubuntu 11.10 (oneiric)
uname:Linux 3.0.0-12-generic #20-Ubuntu SMP Fri Oct 7 14:56:25 UTC 2011 x86_64
libc:glibc 2.13 NPTL 2.13 
rlimit: STACK 8192k, CORE 0k, NPROC 31562, NOFILE 4096, AS infinity
load average:0,09 0,48 0,33

/proc/meminfo:
MemTotal:        4055792 kB
MemFree:         2078400 kB
Buffers:           88628 kB
Cached:           645520 kB
SwapCached:            0 kB
Active:          1250648 kB
Inactive:         533812 kB
Active(anon):    1052320 kB
Inactive(anon):    10588 kB
Active(file):     198328 kB
Inactive(file):   523224 kB
Unevictable:          32 kB
Mlocked:              32 kB
SwapTotal:             0 kB
SwapFree:              0 kB
Dirty:               328 kB
Writeback:             0 kB
AnonPages:       1050400 kB
Mapped:           164260 kB
Shmem:             12604 kB
Slab:              67140 kB
SReclaimable:      43512 kB
SUnreclaim:        23628 kB
KernelStack:        3088 kB
PageTables:        25100 kB
NFS_Unstable:          0 kB
Bounce:                0 kB
WritebackTmp:          0 kB
CommitLimit:     2027896 kB
Committed_AS:    2781232 kB
VmallocTotal:   34359738367 kB
VmallocUsed:      102100 kB
VmallocChunk:   34359626748 kB
HardwareCorrupted:     0 kB
AnonHugePages:         0 kB
HugePages_Total:       0
HugePages_Free:        0
HugePages_Rsvd:        0
HugePages_Surp:        0
Hugepagesize:       2048 kB
DirectMap4k:      105408 kB
DirectMap2M:     4087808 kB


CPU:total 2 (2 cores per cpu, 1 threads per core) family 6 model 15 stepping 13, cmov, cx8, fxsr, mmx, sse, sse2, sse3, ssse3

Memory: 4k page, physical 4055792k(2078400k free), swap 0k(0k free)

vm_info: OpenJDK 64-Bit Server VM (21.0-b17) for linux-amd64 JRE (1.7.0_147-b147), built on Sep 30 2011 00:36:33 by "buildd" with gcc 4.6.1

time: Thu Nov 10 19:12:33 2011
elapsed time: 0 seconds

