#
# A fatal error has been detected by the Java Runtime Environment:
#
#  SIGSEGV (0xb) at pc=0x00007f96fbccd160, pid=3907, tid=140286549403392
#
# JRE version: 7.0_147-b147
# Java VM: OpenJDK 64-Bit Server VM (21.0-b17 mixed mode linux-amd64 compressed oops)
# Derivative: IcedTea7 2.0pre
# Distribution: Ubuntu oneiric (development branch), package 7~b147-2.0~pre6-1ubuntu1
# Problematic frame:
# v  ~BufferBlob::getPsrInfo_stub
#
# Failed to write core dump. Core dumps have been disabled. To enable core dumping, try "ulimit -c unlimited" before starting Java again
#
# If you would like to submit a bug report, please include
# instructions on how to reproduce the bug and visit:
#   https://bugs.launchpad.net/ubuntu/+source/openjdk-7/
#

---------------  T H R E A D  ---------------

Current thread (0x0000000000ed1800):  JavaThread "Unknown thread" [_thread_in_vm, id=3910, stack(0x00007f9701e1a000,0x00007f9701f1b000)]

siginfo:si_signo=SIGSEGV: si_errno=0, si_code=128 (), si_addr=0x0000000000000000

Registers:
RAX=0x00007f970111d444, RBX=0x0000000000eced10, RCX=0x000000000000014e, RDX=0x00007f96fbccd2db
RSP=0x00007f9701f197a8, RBP=0x00007f9701f199d0, RSI=0x00007f96fbccd160, RDI=0x00007f970113e7a0
R8 =0x0000000cffffffff, R9 =0x000000000000000c, R10=0x00000000ffffffff, R11=0x0000000000000004
R12=0x00007f9701114f98, R13=0x0000000000ed2298, R14=0x0000000000ed1ec0, R15=0x00007f9701116c20
RIP=0x00007f96fbccd160, EFLAGS=0x0000000000010246, CSGSFS=0x0000000000000033, ERR=0x0000000000000000
  TRAPNO=0x000000000000000d

Top of Stack: (sp=0x00007f9701f197a8)
0x00007f9701f197a8:   00007f9700cf951d 0000000000000000
0x00007f9701f197b8:   0000000001f25bc2 0000003000000020
0x00007f9701f197c8:   0000000000000060 0000000000000006
0x00007f9701f197d8:   ffffffffffffffff 00000008ffffffff
0x00007f9701f197e8:   00007f97010eecb0 0000000000000000
0x00007f9701f197f8:   00007f970071d3a3 ffffffffffffffff
0x00007f9701f19808:   ffffffff00000000 0000000000000006
0x00007f9701f19818:   ffffffffffffffff 0000000cffffffff
0x00007f9701f19828:   00007f97010eecb0 0000000000000000
0x00007f9701f19838:   0000000000000006 0000000000ed1ec0
0x00007f9701f19848:   0000000000000000 0000000000000005
0x00007f9701f19858:   ffffffffffffffff 00000070ffffffff
0x00007f9701f19868:   00007f97010eecb0 0000000000000000
0x00007f9701f19878:   00007f97007259d9 00007f9701f19990
0x00007f9701f19888:   00007f9701f19990 00000065000000a1
0x00007f9701f19898:   00007f9700c5249d 0000000001f19b40
0x00007f9701f198a8:   0000000000000000 00007f97000000e9
0x00007f9701f198b8:   00007f970098abb8 0000000000000007
0x00007f9701f198c8:   0000000000000000 000000e10000011d
0x00007f9701f198d8:   00007f97010eecb0 0000000001f19900
0x00007f9701f198e8:   0000000000000000 0000035d000003d5
0x00007f9701f198f8:   00007f9700000391 0000000001f19930
0x00007f9701f19908:   0000000000000000 000001850000033d
0x00007f9701f19918:   000002f900000251 0000000000000000
0x00007f9701f19928:   0000000000000000 0000049100000581
0x00007f9701f19938:   00007f9700b33e99 0000000000270000
0x00007f9701f19948:   0000000000000000 000004b10000051d
0x00007f9701f19958:   0000000003000000 00000000000001e0
0x00007f9701f19968:   0000000000000000 0000008d000005d9
0x00007f9701f19978:   0000046100000109 0000000000d60e3b
0x00007f9701f19988:   0000000000000000 00007f9701f19b40
0x00007f9701f19998:   950fd11f43fffa00 00007f9701f199d0 

Instructions: (pc=0x00007f96fbccd160)
0x00007f96fbccd140:   00 00 00 00 00 00 00 00 00 00 00 00 00 00 00 00
0x00007f96fbccd150:   00 00 00 00 00 00 00 00 00 00 00 00 00 00 00 00
0x00007f96fbccd160:   55 48 8b ef 53 56 9c 58 50 48 8b c8 81 f0 00 00
0x00007f96fbccd170:   04 00 50 9d 9c 58 48 3b c1 75 0d b8 00 03 00 00 

Stack: [0x00007f9701e1a000,0x00007f9701f1b000],  sp=0x00007f9701f197a8,  free space=1021k
Native frames: (J=compiled Java code, j=interpreted, Vv=VM code, C=native code)
v  ~BufferBlob::getPsrInfo_stub
V  [libjvm.so+0x803f6e]  VM_Version::initialize()+0x9e
V  [libjvm.so+0x4a149f]  init_globals()+0x3f
V  [libjvm.so+0x7be4c4]  Threads::create_vm(JavaVMInitArgs*, bool*)+0x394
V  [libjvm.so+0x5017aa]  JNI_CreateJavaVM+0x5a
C  [libjli.so+0x27cc]  __strcat_chk+0x27cc


---------------  P R O C E S S  ---------------

Java Threads: ( => current thread )

Other Threads:

=>0x0000000000ed1800 (exited) JavaThread "Unknown thread" [_thread_in_vm, id=3910, stack(0x00007f9701e1a000,0x00007f9701f1b000)]

VM state:not at safepoint (not fully initialized)

VM Mutex/Monitor currently owned by a thread: None

Dynamic libraries:
00400000-00401000 r-xp 00000000 08:01 400896                             /usr/lib/jvm/java-7-openjdk-amd64/jre/bin/java
00600000-00601000 r--p 00000000 08:01 400896                             /usr/lib/jvm/java-7-openjdk-amd64/jre/bin/java
00601000-00602000 rw-p 00001000 08:01 400896                             /usr/lib/jvm/java-7-openjdk-amd64/jre/bin/java
00ec7000-00ee8000 rw-p 00000000 00:00 0                                  [heap]
7f96fbccd000-7f96fbf3d000 rwxp 00000000 00:00 0 
7f96fbf3d000-7f96feccd000 rw-p 00000000 00:00 0 
7f96feccd000-7f96fecd5000 r-xp 00000000 08:01 399895                     /usr/lib/jvm/java-7-openjdk-amd64/jre/lib/amd64/libzip.so
7f96fecd5000-7f96feed4000 ---p 00008000 08:01 399895                     /usr/lib/jvm/java-7-openjdk-amd64/jre/lib/amd64/libzip.so
7f96feed4000-7f96feed5000 r--p 00007000 08:01 399895                     /usr/lib/jvm/java-7-openjdk-amd64/jre/lib/amd64/libzip.so
7f96feed5000-7f96feed6000 rw-p 00008000 08:01 399895                     /usr/lib/jvm/java-7-openjdk-amd64/jre/lib/amd64/libzip.so
7f96feed6000-7f96feee2000 r-xp 00000000 08:01 134596                     /lib/x86_64-linux-gnu/libnss_files-2.13.so
7f96feee2000-7f96ff0e1000 ---p 0000c000 08:01 134596                     /lib/x86_64-linux-gnu/libnss_files-2.13.so
7f96ff0e1000-7f96ff0e2000 r--p 0000b000 08:01 134596                     /lib/x86_64-linux-gnu/libnss_files-2.13.so
7f96ff0e2000-7f96ff0e3000 rw-p 0000c000 08:01 134596                     /lib/x86_64-linux-gnu/libnss_files-2.13.so
7f96ff0e3000-7f96ff0ed000 r-xp 00000000 08:01 134607                     /lib/x86_64-linux-gnu/libnss_nis-2.13.so
7f96ff0ed000-7f96ff2ed000 ---p 0000a000 08:01 134607                     /lib/x86_64-linux-gnu/libnss_nis-2.13.so
7f96ff2ed000-7f96ff2ee000 r--p 0000a000 08:01 134607                     /lib/x86_64-linux-gnu/libnss_nis-2.13.so
7f96ff2ee000-7f96ff2ef000 rw-p 0000b000 08:01 134607                     /lib/x86_64-linux-gnu/libnss_nis-2.13.so
7f96ff2ef000-7f96ff306000 r-xp 00000000 08:01 134591                     /lib/x86_64-linux-gnu/libnsl-2.13.so
7f96ff306000-7f96ff505000 ---p 00017000 08:01 134591                     /lib/x86_64-linux-gnu/libnsl-2.13.so
7f96ff505000-7f96ff506000 r--p 00016000 08:01 134591                     /lib/x86_64-linux-gnu/libnsl-2.13.so
7f96ff506000-7f96ff507000 rw-p 00017000 08:01 134591                     /lib/x86_64-linux-gnu/libnsl-2.13.so
7f96ff507000-7f96ff509000 rw-p 00000000 00:00 0 
7f96ff509000-7f96ff511000 r-xp 00000000 08:01 134588                     /lib/x86_64-linux-gnu/libnss_compat-2.13.so
7f96ff511000-7f96ff710000 ---p 00008000 08:01 134588                     /lib/x86_64-linux-gnu/libnss_compat-2.13.so
7f96ff710000-7f96ff711000 r--p 00007000 08:01 134588                     /lib/x86_64-linux-gnu/libnss_compat-2.13.so
7f96ff711000-7f96ff712000 rw-p 00008000 08:01 134588                     /lib/x86_64-linux-gnu/libnss_compat-2.13.so
7f96ff712000-7f96ff73b000 r-xp 00000000 08:01 398578                     /usr/lib/jvm/java-7-openjdk-amd64/jre/lib/amd64/libjava.so
7f96ff73b000-7f96ff93a000 ---p 00029000 08:01 398578                     /usr/lib/jvm/java-7-openjdk-amd64/jre/lib/amd64/libjava.so
7f96ff93a000-7f96ff93b000 r--p 00028000 08:01 398578                     /usr/lib/jvm/java-7-openjdk-amd64/jre/lib/amd64/libjava.so
7f96ff93b000-7f96ff93d000 rw-p 00029000 08:01 398578                     /usr/lib/jvm/java-7-openjdk-amd64/jre/lib/amd64/libjava.so
7f96ff93d000-7f96ff94b000 r-xp 00000000 08:01 399894                     /usr/lib/jvm/java-7-openjdk-amd64/jre/lib/amd64/libverify.so
7f96ff94b000-7f96ffb4a000 ---p 0000e000 08:01 399894                     /usr/lib/jvm/java-7-openjdk-amd64/jre/lib/amd64/libverify.so
7f96ffb4a000-7f96ffb4c000 r--p 0000d000 08:01 399894                     /usr/lib/jvm/java-7-openjdk-amd64/jre/lib/amd64/libverify.so
7f96ffb4c000-7f96ffb4d000 rw-p 0000f000 08:01 399894                     /usr/lib/jvm/java-7-openjdk-amd64/jre/lib/amd64/libverify.so
7f96ffb4d000-7f96ffb54000 r-xp 00000000 08:01 134577                     /lib/x86_64-linux-gnu/librt-2.13.so
7f96ffb54000-7f96ffd53000 ---p 00007000 08:01 134577                     /lib/x86_64-linux-gnu/librt-2.13.so
7f96ffd53000-7f96ffd54000 r--p 00006000 08:01 134577                     /lib/x86_64-linux-gnu/librt-2.13.so
7f96ffd54000-7f96ffd55000 rw-p 00007000 08:01 134577                     /lib/x86_64-linux-gnu/librt-2.13.so
7f96ffd55000-7f96ffd6a000 r-xp 00000000 08:01 131748                     /lib/x86_64-linux-gnu/libgcc_s.so.1
7f96ffd6a000-7f96fff69000 ---p 00015000 08:01 131748                     /lib/x86_64-linux-gnu/libgcc_s.so.1
7f96fff69000-7f96fff6a000 r--p 00014000 08:01 131748                     /lib/x86_64-linux-gnu/libgcc_s.so.1
7f96fff6a000-7f96fff6b000 rw-p 00015000 08:01 131748                     /lib/x86_64-linux-gnu/libgcc_s.so.1
7f96fff6b000-7f96fffee000 r-xp 00000000 08:01 134673                     /lib/x86_64-linux-gnu/libm-2.13.so
7f96fffee000-7f97001ed000 ---p 00083000 08:01 134673                     /lib/x86_64-linux-gnu/libm-2.13.so
7f97001ed000-7f97001ee000 r--p 00082000 08:01 134673                     /lib/x86_64-linux-gnu/libm-2.13.so
7f97001ee000-7f97001ef000 rw-p 00083000 08:01 134673                     /lib/x86_64-linux-gnu/libm-2.13.so
7f97001ef000-7f97002d7000 r-xp 00000000 08:01 398097                     /usr/lib/x86_64-linux-gnu/libstdc++.so.6.0.16
7f97002d7000-7f97004d7000 ---p 000e8000 08:01 398097                     /usr/lib/x86_64-linux-gnu/libstdc++.so.6.0.16
7f97004d7000-7f97004df000 r--p 000e8000 08:01 398097                     /usr/lib/x86_64-linux-gnu/libstdc++.so.6.0.16
7f97004df000-7f97004e1000 rw-p 000f0000 08:01 398097                     /usr/lib/x86_64-linux-gnu/libstdc++.so.6.0.16
7f97004e1000-7f97004f6000 rw-p 00000000 00:00 0 
7f97004f6000-7f9700e7d000 r-xp 00000000 08:01 399897                     /usr/lib/jvm/java-7-openjdk-amd64/jre/lib/amd64/server/libjvm.so
7f9700e7d000-7f970107c000 ---p 00987000 08:01 399897                     /usr/lib/jvm/java-7-openjdk-amd64/jre/lib/amd64/server/libjvm.so
7f970107c000-7f97010fa000 r--p 00986000 08:01 399897                     /usr/lib/jvm/java-7-openjdk-amd64/jre/lib/amd64/server/libjvm.so
7f97010fa000-7f9701115000 rw-p 00a04000 08:01 399897                     /usr/lib/jvm/java-7-openjdk-amd64/jre/lib/amd64/server/libjvm.so
7f9701115000-7f9701140000 rw-p 00000000 00:00 0 
7f9701140000-7f9701158000 r-xp 00000000 08:01 134606                     /lib/x86_64-linux-gnu/libpthread-2.13.so
7f9701158000-7f9701357000 ---p 00018000 08:01 134606                     /lib/x86_64-linux-gnu/libpthread-2.13.so
7f9701357000-7f9701358000 r--p 00017000 08:01 134606                     /lib/x86_64-linux-gnu/libpthread-2.13.so
7f9701358000-7f9701359000 rw-p 00018000 08:01 134606                     /lib/x86_64-linux-gnu/libpthread-2.13.so
7f9701359000-7f970135d000 rw-p 00000000 00:00 0 
7f970135d000-7f9701374000 r-xp 00000000 08:01 139905                     /lib/x86_64-linux-gnu/libz.so.1.2.3.4
7f9701374000-7f9701573000 ---p 00017000 08:01 139905                     /lib/x86_64-linux-gnu/libz.so.1.2.3.4
7f9701573000-7f9701574000 r--p 00016000 08:01 139905                     /lib/x86_64-linux-gnu/libz.so.1.2.3.4
7f9701574000-7f9701575000 rw-p 00017000 08:01 139905                     /lib/x86_64-linux-gnu/libz.so.1.2.3.4
7f9701575000-7f9701577000 r-xp 00000000 08:01 134594                     /lib/x86_64-linux-gnu/libdl-2.13.so
7f9701577000-7f9701777000 ---p 00002000 08:01 134594                     /lib/x86_64-linux-gnu/libdl-2.13.so
7f9701777000-7f9701778000 r--p 00002000 08:01 134594                     /lib/x86_64-linux-gnu/libdl-2.13.so
7f9701778000-7f9701779000 rw-p 00003000 08:01 134594                     /lib/x86_64-linux-gnu/libdl-2.13.so
7f9701779000-7f970190e000 r-xp 00000000 08:01 134593                     /lib/x86_64-linux-gnu/libc-2.13.so
7f970190e000-7f9701b0d000 ---p 00195000 08:01 134593                     /lib/x86_64-linux-gnu/libc-2.13.so
7f9701b0d000-7f9701b11000 r--p 00194000 08:01 134593                     /lib/x86_64-linux-gnu/libc-2.13.so
7f9701b11000-7f9701b12000 rw-p 00198000 08:01 134593                     /lib/x86_64-linux-gnu/libc-2.13.so
7f9701b12000-7f9701b18000 rw-p 00000000 00:00 0 
7f9701b18000-7f9701b24000 r-xp 00000000 08:01 397479                     /usr/lib/jvm/java-7-openjdk-amd64/jre/lib/amd64/jli/libjli.so
7f9701b24000-7f9701d23000 ---p 0000c000 08:01 397479                     /usr/lib/jvm/java-7-openjdk-amd64/jre/lib/amd64/jli/libjli.so
7f9701d23000-7f9701d24000 r--p 0000b000 08:01 397479                     /usr/lib/jvm/java-7-openjdk-amd64/jre/lib/amd64/jli/libjli.so
7f9701d24000-7f9701d25000 rw-p 0000c000 08:01 397479                     /usr/lib/jvm/java-7-openjdk-amd64/jre/lib/amd64/jli/libjli.so
7f9701d25000-7f9701d46000 r-xp 00000000 08:01 134600                     /lib/x86_64-linux-gnu/ld-2.13.so
7f9701d5a000-7f9701d64000 rw-p 00000000 00:00 0 
7f9701d64000-7f9701e1a000 rw-p 00000000 00:00 0 
7f9701e1a000-7f9701e1d000 ---p 00000000 00:00 0 
7f9701e1d000-7f9701f20000 rw-p 00000000 00:00 0 
7f9701f39000-7f9701f41000 rw-s 00000000 08:01 268513                     /tmp/hsperfdata_guillaume/3907
7f9701f41000-7f9701f42000 rw-p 00000000 00:00 0 
7f9701f42000-7f9701f43000 r--p 00000000 00:00 0 
7f9701f43000-7f9701f45000 rw-p 00000000 00:00 0 
7f9701f45000-7f9701f46000 r--p 00020000 08:01 134600                     /lib/x86_64-linux-gnu/ld-2.13.so
7f9701f46000-7f9701f48000 rw-p 00021000 08:01 134600                     /lib/x86_64-linux-gnu/ld-2.13.so
7fff0e534000-7fff0e555000 rw-p 00000000 00:00 0                          [stack]
7fff0e5ff000-7fff0e600000 r-xp 00000000 00:00 0                          [vdso]
ffffffffff600000-ffffffffff601000 r-xp 00000000 00:00 0                  [vsyscall]

VM Arguments:
jvm_args: -Dfile.encoding=UTF-8 
java_command: main.Main -Xms1024M -Xmx1024M
Launcher Type: SUN_STANDARD

Environment Variables:
PATH=/usr/lib/lightdm/lightdm:/usr/local/sbin:/usr/local/bin:/usr/sbin:/usr/bin:/sbin:/bin:/usr/games
USERNAME=guillaume
SHELL=/bin/bash
DISPLAY=:0

Signal Handlers:
SIGSEGV: [libjvm.so+0x7fca30], sa_mask[0]=0x7ffbfeff, sa_flags=0x10000004
SIGBUS: [libjvm.so+0x7fca30], sa_mask[0]=0x7ffbfeff, sa_flags=0x10000004
SIGFPE: [libjvm.so+0x6a1150], sa_mask[0]=0x7ffbfeff, sa_flags=0x10000004
SIGPIPE: [libjvm.so+0x6a1150], sa_mask[0]=0x7ffbfeff, sa_flags=0x10000004
SIGXFSZ: [libjvm.so+0x6a1150], sa_mask[0]=0x7ffbfeff, sa_flags=0x10000004
SIGILL: [libjvm.so+0x6a1150], sa_mask[0]=0x7ffbfeff, sa_flags=0x10000004
SIGUSR1: SIG_DFL, sa_mask[0]=0x00000000, sa_flags=0x00000000
SIGUSR2: [libjvm.so+0x6a1520], sa_mask[0]=0x00000004, sa_flags=0x10000004
SIGHUP: SIG_DFL, sa_mask[0]=0x00000000, sa_flags=0x00000000
SIGINT: SIG_IGN, sa_mask[0]=0x00000000, sa_flags=0x00000000
SIGTERM: SIG_DFL, sa_mask[0]=0x00000000, sa_flags=0x00000000
SIGQUIT: SIG_DFL, sa_mask[0]=0x00000000, sa_flags=0x00000000


---------------  S Y S T E M  ---------------

OS:Ubuntu 11.10 (oneiric)
uname:Linux 3.0.0-12-generic #20-Ubuntu SMP Fri Oct 7 14:56:25 UTC 2011 x86_64
libc:glibc 2.13 NPTL 2.13 
rlimit: STACK 8192k, CORE 0k, NPROC 31562, NOFILE 4096, AS infinity
load average:0.03 0.14 0.21

/proc/meminfo:
MemTotal:        4055792 kB
MemFree:         1646528 kB
Buffers:           97860 kB
Cached:           903880 kB
SwapCached:            0 kB
Active:          1617252 kB
Inactive:         588564 kB
Active(anon):    1206140 kB
Inactive(anon):     8256 kB
Active(file):     411112 kB
Inactive(file):   580308 kB
Unevictable:          32 kB
Mlocked:              32 kB
SwapTotal:             0 kB
SwapFree:              0 kB
Dirty:               164 kB
Writeback:             0 kB
AnonPages:       1204212 kB
Mapped:           165232 kB
Shmem:             10200 kB
Slab:              74488 kB
SReclaimable:      49876 kB
SUnreclaim:        24612 kB
KernelStack:        3048 kB
PageTables:        27212 kB
NFS_Unstable:          0 kB
Bounce:                0 kB
WritebackTmp:          0 kB
CommitLimit:     2027896 kB
Committed_AS:    2948672 kB
VmallocTotal:   34359738367 kB
VmallocUsed:      109104 kB
VmallocChunk:   34359619580 kB
HardwareCorrupted:     0 kB
AnonHugePages:         0 kB
HugePages_Total:       0
HugePages_Free:        0
HugePages_Rsvd:        0
HugePages_Surp:        0
Hugepagesize:       2048 kB
DirectMap4k:       93120 kB
DirectMap2M:     4100096 kB


CPU:total 2 

Memory: 4k page, physical 4055792k(1646528k free), swap 0k(0k free)

vm_info: OpenJDK 64-Bit Server VM (21.0-b17) for linux-amd64 JRE (1.7.0_147-b147), built on Sep 30 2011 00:36:33 by "buildd" with gcc 4.6.1

time: Thu Nov 10 20:28:04 2011
elapsed time: 0 seconds

