#
# A fatal error has been detected by the Java Runtime Environment:
#
#  SIGSEGV (0xb) at pc=0x00007f9d905e41f8, pid=2482, tid=140314994525952
#
# JRE version: 7.0_147-b147
# Java VM: OpenJDK 64-Bit Server VM (21.0-b17 mixed mode linux-amd64 compressed oops)
# Derivative: IcedTea7 2.0pre
# Distribution: Ubuntu oneiric (development branch), package 7~b147-2.0~pre6-1ubuntu1
# Problematic frame:
# C  [liblcms2.so.2+0x121f8]  cmsSaveProfileToIOhandler+0x38
#
# Failed to write core dump. Core dumps have been disabled. To enable core dumping, try "ulimit -c unlimited" before starting Java again
#
# If you would like to submit a bug report, please include
# instructions on how to reproduce the bug and visit:
#   https://bugs.launchpad.net/ubuntu/+source/openjdk-7/
# The crash happened outside the Java Virtual Machine in native code.
# See problematic frame for where to report the bug.
#

---------------  T H R E A D  ---------------

Current thread (0x00000000013af800):  JavaThread "main" [_thread_in_native, id=2484, stack(0x00007f9da157c000,0x00007f9da167d000)]

siginfo:si_signo=SIGSEGV: si_errno=0, si_code=1 (SEGV_MAPERR), si_addr=0x0000000000000000

Registers:
RAX=0x0000000000000000, RBX=0x0000000000000000, RCX=0x00000000000001d4, RDX=0x00007f9da167aa4c
RSP=0x00007f9da1679b20, RBP=0x0000000000000000, RSI=0x0000000000000000, RDI=0x00007f9da1679b20
R8 =0x00007f9d8c253600, R9 =0x0000000000000000, R10=0x0000000000000000, R11=0x0000000000000000
R12=0x00007f9da167aa4c, R13=0x0000000000000000, R14=0x0000000000000000, R15=0x00000000013af800
RIP=0x00007f9d905e41f8, EFLAGS=0x0000000000010246, CSGSFS=0x0000000000000033, ERR=0x0000000000000004
  TRAPNO=0x000000000000000e

Top of Stack: (sp=0x00007f9da1679b20)
0x00007f9da1679b20:   00007f9d8c253540 00007f9d905e2cef
0x00007f9da1679b30:   0000000000000c48 00007f9d8c000020
0x00007f9da1679b40:   000000000000000e 000000000000080c
0x00007f9da1679b50:   00007f9d00000000 00007f9d8c000020
0x00007f9da1679b60:   000000000000000e 00007f9d905e9754
0x00007f9da1679b70:   00007f9da1679ffc 109d59bb6eaf7400
0x00007f9da1679b80:   00007f9d8c253540 00007f9d8c251ccc
0x00007f9da1679b90:   000000000000000e 00007f9d905e2ebf
0x00007f9da1679ba0:   4247527320434549 0000000000000000
0x00007f9da1679bb0:   00007f9d8c253920 2dd3000000000100
0x00007f9da1679bc0:   0000080c000004c4 00007f9d8c000020
0x00007f9da1679bd0:   00007f9d00000000 00007f9d8c2537d0
0x00007f9da1679be0:   0000000000000c48 00007f9d8c251b48
0x00007f9da1679bf0:   0000000000000011 00007f9da0f57d7c
0x00007f9da1679c00:   00007f9d8c2537d0 00007f9d905e2e2c
0x00007f9da1679c10:   00007f9d8c2518f0 00007f9d905e43ae
0x00007f9da1679c20:   00007f9d8c2527a0 0000000000000000
0x00007f9da1679c30:   0000003100000000 0000000900000006
0x00007f9da1679c40:   0000006200000001 ffffffffffffffff
0x00007f9da1679c50:   0000000000000000 0000000000000000
0x00007f9da1679c60:   00007f9da1037689 6d6e747202100000
0x00007f9da1679c70:   58595a2052474220 00000000000000b0
0x00007f9da1679c80:   7352474249454320 0000000000000000
0x00007f9da1679c90:   0000000000000000 0000000000000000
0x00007f9da1679ca0:   6370727400000011 00007f9d8c000020
0x00007f9da1679cb0:   00007f9d8c246c40 000000000000007c
0x00007f9da1679cc0:   00007f9da167a1e0 00007f9da167a4a0
0x00007f9da1679cd0:   00007f9da14a185b 00007f9da0f5777d
0x00007f9da1679ce0:   6254524300000000 000000000000003f
0x00007f9da1679cf0:   00007f9d8c246c40 0000000000000000
0x00007f9da1679d00:   00007f9d8c25363d 00007f9da14957e1
0x00007f9da1679d10:   0000000000000000 0000000000000000 

Instructions: (pc=0x00007f9d905e41f8)
0x00007f9d905e41d8:   48 89 de 48 81 ec b8 0e 00 00 64 48 8b 04 25 28
0x00007f9d905e41e8:   00 00 00 48 89 84 24 a8 0e 00 00 31 c0 48 89 e7
0x00007f9d905e41f8:   f3 48 a5 48 89 df e8 1d f6 ff ff 48 89 c7 e8 65
0x00007f9d905e4208:   f0 ff ff 48 85 c0 49 89 c4 48 89 03 74 0e 31 f6 

Register to memory mapping:

RAX=0x0000000000000000 is an unknown value
RBX=0x0000000000000000 is an unknown value
RCX=0x00000000000001d4 is an unknown value
RDX=0x00007f9da167aa4c is pointing into the stack for thread: 0x00000000013af800
RSP=0x00007f9da1679b20 is pointing into the stack for thread: 0x00000000013af800
RBP=0x0000000000000000 is an unknown value
RSI=0x0000000000000000 is an unknown value
RDI=0x00007f9da1679b20 is pointing into the stack for thread: 0x00000000013af800
R8 =0x00007f9d8c253600 is an unknown value
R9 =0x0000000000000000 is an unknown value
R10=0x0000000000000000 is an unknown value
R11=0x0000000000000000 is an unknown value
R12=0x00007f9da167aa4c is pointing into the stack for thread: 0x00000000013af800
R13=0x0000000000000000 is an unknown value
R14=0x0000000000000000 is an unknown value
R15=0x00000000013af800 is a thread


Stack: [0x00007f9da157c000,0x00007f9da167d000],  sp=0x00007f9da1679b20,  free space=1014k
Native frames: (J=compiled Java code, j=interpreted, Vv=VM code, C=native code)
C  [liblcms2.so.2+0x121f8]  cmsSaveProfileToIOhandler+0x38

[error occurred during error reporting (printing native stack), id 0xb]

Java frames: (J=compiled Java code, j=interpreted, Vv=VM code)
j  sun.java2d.cmm.lcms.LCMS.getTagData(JI[B)V+0
j  java.awt.color.ICC_Profile.getData(JI)[B+26
j  java.awt.color.ICC_Profile.getData(I)[B+14
j  java.awt.color.ICC_Profile.getNumComponents()I+18
j  sun.java2d.cmm.lcms.LCMSTransform.<init>(Ljava/awt/color/ICC_Profile;II)V+83
j  sun.java2d.cmm.lcms.LCMS.createTransform(Ljava/awt/color/ICC_Profile;II)Lsun/java2d/cmm/ColorTransform;+7
j  java.awt.color.ICC_ColorSpace.fromRGB([F)[F+37
j  com.sun.imageio.plugins.jpeg.JPEGImageReader.setImageData(IIIII[B)V+158
v  ~StubRoutines::call_stub
j  com.sun.imageio.plugins.jpeg.JPEGImageReader.readImageHeader(JZZ)Z+0
j  com.sun.imageio.plugins.jpeg.JPEGImageReader.readNativeHeader(Z)Z+12
j  com.sun.imageio.plugins.jpeg.JPEGImageReader.checkTablesOnly()V+92
j  com.sun.imageio.plugins.jpeg.JPEGImageReader.gotoImage(I)V+41
j  com.sun.imageio.plugins.jpeg.JPEGImageReader.readHeader(IZ)V+2
j  com.sun.imageio.plugins.jpeg.JPEGImageReader.readInternal(ILjavax/imageio/ImageReadParam;Z)Ljava/awt/image/Raster;+3
j  com.sun.imageio.plugins.jpeg.JPEGImageReader.read(ILjavax/imageio/ImageReadParam;)Ljava/awt/image/BufferedImage;+8
j  javax.imageio.ImageIO.read(Ljavax/imageio/stream/ImageInputStream;)Ljava/awt/image/BufferedImage;+55
j  javax.imageio.ImageIO.read(Ljava/io/InputStream;)Ljava/awt/image/BufferedImage;+20
j  content.ImageBank.<init>()V+118
j  main.Main.main([Ljava/lang/String;)V+4
v  ~StubRoutines::call_stub

---------------  P R O C E S S  ---------------

Java Threads: ( => current thread )
  0x00007f9d8c20e800 JavaThread "Thread-0" [_thread_blocked, id=2504, stack(0x00007f9d91110000,0x00007f9d91211000)]
  0x00007f9d8c20c000 JavaThread "AWT-EventQueue-0" [_thread_blocked, id=2503, stack(0x00007f9d91211000,0x00007f9d91312000)]
  0x00007f9d8c16e000 JavaThread "AWT-Shutdown" [_thread_blocked, id=2502, stack(0x00007f9d919a8000,0x00007f9d91aa9000)]
  0x00007f9d8c0dd000 JavaThread "process reaper" daemon [_thread_blocked, id=2500, stack(0x00007f9d91aa9000,0x00007f9d91ac3000)]
  0x00007f9d8c0b7800 JavaThread "AWT-XAWT" daemon [_thread_in_native, id=2498, stack(0x00007f9d91ac3000,0x00007f9d91bc4000)]
  0x00007f9d8c071000 JavaThread "Java2D Disposer" daemon [_thread_blocked, id=2497, stack(0x00007f9d91bc4000,0x00007f9d91cc5000)]
  0x00000000014b2800 JavaThread "Service Thread" daemon [_thread_blocked, id=2495, stack(0x00007f9d99b12000,0x00007f9d99c13000)]
  0x00000000014af800 JavaThread "C2 CompilerThread1" daemon [_thread_blocked, id=2494, stack(0x00007f9d99c13000,0x00007f9d99d14000)]
  0x00000000014ac800 JavaThread "C2 CompilerThread0" daemon [_thread_blocked, id=2493, stack(0x00007f9d99d14000,0x00007f9d99e15000)]
  0x00000000014aa800 JavaThread "Signal Dispatcher" daemon [_thread_blocked, id=2492, stack(0x00007f9d99e15000,0x00007f9d99f16000)]
  0x000000000144d000 JavaThread "Finalizer" daemon [_thread_blocked, id=2491, stack(0x00007f9d9a603000,0x00007f9d9a704000)]
  0x000000000144a800 JavaThread "Reference Handler" daemon [_thread_blocked, id=2490, stack(0x00007f9d9a704000,0x00007f9d9a805000)]
=>0x00000000013af800 JavaThread "main" [_thread_in_native, id=2484, stack(0x00007f9da157c000,0x00007f9da167d000)]

Other Threads:
  0x0000000001442800 VMThread [stack: 0x00007f9d9a805000,0x00007f9d9a906000] [id=2489]
  0x00000000014bd800 WatcherThread [stack: 0x00007f9d99a11000,0x00007f9d99b12000] [id=2496]

VM state:not at safepoint (normal execution)

VM Mutex/Monitor currently owned by a thread: None

Heap
 PSYoungGen      total 18496K, used 6847K [0x00000000eb560000, 0x00000000eca00000, 0x0000000100000000)
  eden space 15872K, 43% used [0x00000000eb560000,0x00000000ebc0fd68,0x00000000ec4e0000)
  from space 2624K, 0% used [0x00000000ec770000,0x00000000ec770000,0x00000000eca00000)
  to   space 2624K, 0% used [0x00000000ec4e0000,0x00000000ec4e0000,0x00000000ec770000)
 PSOldGen        total 42304K, used 0K [0x00000000c2000000, 0x00000000c4950000, 0x00000000eb560000)
  object space 42304K, 0% used [0x00000000c2000000,0x00000000c2000000,0x00000000c4950000)
 PSPermGen       total 21248K, used 11455K [0x00000000b7a00000, 0x00000000b8ec0000, 0x00000000c2000000)
  object space 21248K, 53% used [0x00000000b7a00000,0x00000000b852fea8,0x00000000b8ec0000)

Code Cache  [0x00007f9d9b42f000, 0x00007f9d9b69f000, 0x00007f9d9e42f000)
 total_blobs=449 nmethods=13 adapters=389 free_code_cache=48611Kb largest_free_block=49774464

Dynamic libraries:
00400000-00401000 r-xp 00000000 08:01 400896                             /usr/lib/jvm/java-7-openjdk-amd64/jre/bin/java
00600000-00601000 r--p 00000000 08:01 400896                             /usr/lib/jvm/java-7-openjdk-amd64/jre/bin/java
00601000-00602000 rw-p 00001000 08:01 400896                             /usr/lib/jvm/java-7-openjdk-amd64/jre/bin/java
013a5000-018b7000 rw-p 00000000 00:00 0                                  [heap]
b7a00000-b8ec0000 rw-p 00000000 00:00 0 
b8ec0000-c2000000 rw-p 00000000 00:00 0 
c2000000-c4950000 rw-p 00000000 00:00 0 
c4950000-eb560000 rw-p 00000000 00:00 0 
eb560000-eca00000 rw-p 00000000 00:00 0 
eca00000-100000000 rw-p 00000000 00:00 0 
7f9d8c000000-7f9d8c255000 rw-p 00000000 00:00 0 
7f9d8c255000-7f9d90000000 ---p 00000000 00:00 0 
7f9d905d2000-7f9d90618000 r-xp 00000000 08:01 406696                     /usr/lib/x86_64-linux-gnu/liblcms2.so.2.0.2
7f9d90618000-7f9d90817000 ---p 00046000 08:01 406696                     /usr/lib/x86_64-linux-gnu/liblcms2.so.2.0.2
7f9d90817000-7f9d90818000 r--p 00045000 08:01 406696                     /usr/lib/x86_64-linux-gnu/liblcms2.so.2.0.2
7f9d90818000-7f9d9081c000 rw-p 00046000 08:01 406696                     /usr/lib/x86_64-linux-gnu/liblcms2.so.2.0.2
7f9d9081c000-7f9d9081d000 rw-p 00000000 00:00 0 
7f9d9081d000-7f9d90a70000 rw-s 00000000 00:04 360451                     /SYSV00000000 (deleted)
7f9d90a70000-7f9d90a94000 r-xp 00000000 08:01 406680                     /usr/lib/x86_64-linux-gnu/libjpeg.so.62.0.0
7f9d90a94000-7f9d90c93000 ---p 00024000 08:01 406680                     /usr/lib/x86_64-linux-gnu/libjpeg.so.62.0.0
7f9d90c93000-7f9d90c94000 r--p 00023000 08:01 406680                     /usr/lib/x86_64-linux-gnu/libjpeg.so.62.0.0
7f9d90c94000-7f9d90c95000 rw-p 00024000 08:01 406680                     /usr/lib/x86_64-linux-gnu/libjpeg.so.62.0.0
7f9d90cb8000-7f9d90cc1000 r-xp 00000000 08:01 398665                     /usr/lib/jvm/java-7-openjdk-amd64/jre/lib/amd64/libjavajpeg.so
7f9d90cc1000-7f9d90ec0000 ---p 00009000 08:01 398665                     /usr/lib/jvm/java-7-openjdk-amd64/jre/lib/amd64/libjavajpeg.so
7f9d90ec0000-7f9d90ec1000 r--p 00008000 08:01 398665                     /usr/lib/jvm/java-7-openjdk-amd64/jre/lib/amd64/libjavajpeg.so
7f9d90ec1000-7f9d90ec2000 rw-p 00009000 08:01 398665                     /usr/lib/jvm/java-7-openjdk-amd64/jre/lib/amd64/libjavajpeg.so
7f9d90f0b000-7f9d90f0f000 r-xp 00000000 08:01 398964                     /usr/lib/jvm/java-7-openjdk-amd64/jre/lib/amd64/libjavalcms.so
7f9d90f0f000-7f9d9110e000 ---p 00004000 08:01 398964                     /usr/lib/jvm/java-7-openjdk-amd64/jre/lib/amd64/libjavalcms.so
7f9d9110e000-7f9d9110f000 r--p 00003000 08:01 398964                     /usr/lib/jvm/java-7-openjdk-amd64/jre/lib/amd64/libjavalcms.so
7f9d9110f000-7f9d91110000 rw-p 00004000 08:01 398964                     /usr/lib/jvm/java-7-openjdk-amd64/jre/lib/amd64/libjavalcms.so
7f9d91110000-7f9d91113000 ---p 00000000 00:00 0 
7f9d91113000-7f9d91211000 rw-p 00000000 00:00 0 
7f9d91211000-7f9d91214000 ---p 00000000 00:00 0 
7f9d91214000-7f9d91312000 rw-p 00000000 00:00 0 
7f9d91312000-7f9d91322000 r-xp 00000000 08:01 399340                     /usr/lib/jvm/java-7-openjdk-amd64/jre/lib/amd64/libnio.so
7f9d91322000-7f9d91521000 ---p 00010000 08:01 399340                     /usr/lib/jvm/java-7-openjdk-amd64/jre/lib/amd64/libnio.so
7f9d91521000-7f9d91522000 r--p 0000f000 08:01 399340                     /usr/lib/jvm/java-7-openjdk-amd64/jre/lib/amd64/libnio.so
7f9d91522000-7f9d91523000 rw-p 00010000 08:01 399340                     /usr/lib/jvm/java-7-openjdk-amd64/jre/lib/amd64/libnio.so
7f9d91523000-7f9d91554000 rw-p 00000000 00:00 0 
7f9d91554000-7f9d9156a000 r-xp 00000000 08:01 399248                     /usr/lib/jvm/java-7-openjdk-amd64/jre/lib/amd64/libnet.so
7f9d9156a000-7f9d91769000 ---p 00016000 08:01 399248                     /usr/lib/jvm/java-7-openjdk-amd64/jre/lib/amd64/libnet.so
7f9d91769000-7f9d9176a000 r--p 00015000 08:01 399248                     /usr/lib/jvm/java-7-openjdk-amd64/jre/lib/amd64/libnet.so
7f9d9176a000-7f9d9176b000 rw-p 00016000 08:01 399248                     /usr/lib/jvm/java-7-openjdk-amd64/jre/lib/amd64/libnet.so
7f9d9176b000-7f9d917a5000 r-xp 00000000 08:01 398142                     /usr/lib/jvm/java-7-openjdk-amd64/jre/lib/amd64/libfontmanager.so
7f9d917a5000-7f9d919a5000 ---p 0003a000 08:01 398142                     /usr/lib/jvm/java-7-openjdk-amd64/jre/lib/amd64/libfontmanager.so
7f9d919a5000-7f9d919a7000 r--p 0003a000 08:01 398142                     /usr/lib/jvm/java-7-openjdk-amd64/jre/lib/amd64/libfontmanager.so
7f9d919a7000-7f9d919a8000 rw-p 0003c000 08:01 398142                     /usr/lib/jvm/java-7-openjdk-amd64/jre/lib/amd64/libfontmanager.so
7f9d919a8000-7f9d919ab000 ---p 00000000 00:00 0 
7f9d919ab000-7f9d91aa9000 rw-p 00000000 00:00 0 
7f9d91aa9000-7f9d91aac000 ---p 00000000 00:00 0 
7f9d91aac000-7f9d91ac3000 rw-p 00000000 00:00 0 
7f9d91ac3000-7f9d91ac6000 ---p 00000000 00:00 0 
7f9d91ac6000-7f9d91bc4000 rw-p 00000000 00:00 0 
7f9d91bc4000-7f9d91bc7000 ---p 00000000 00:00 0 
7f9d91bc7000-7f9d91cc5000 rw-p 00000000 00:00 0 
7f9d91cc5000-7f9d91cc8000 r-xp 00000000 08:01 139849                     /lib/x86_64-linux-gnu/libgpg-error.so.0.8.0
7f9d91cc8000-7f9d91ec7000 ---p 00003000 08:01 139849                     /lib/x86_64-linux-gnu/libgpg-error.so.0.8.0
7f9d91ec7000-7f9d91ec8000 r--p 00002000 08:01 139849                     /lib/x86_64-linux-gnu/libgpg-error.so.0.8.0
7f9d91ec8000-7f9d91ec9000 rw-p 00003000 08:01 139849                     /lib/x86_64-linux-gnu/libgpg-error.so.0.8.0
7f9d91ec9000-7f9d91ecb000 r-xp 00000000 08:01 139851                     /lib/x86_64-linux-gnu/libkeyutils.so.1.3
7f9d91ecb000-7f9d920ca000 ---p 00002000 08:01 139851                     /lib/x86_64-linux-gnu/libkeyutils.so.1.3
7f9d920ca000-7f9d920cb000 r--p 00001000 08:01 139851                     /lib/x86_64-linux-gnu/libkeyutils.so.1.3
7f9d920cb000-7f9d920cc000 rw-p 00002000 08:01 139851                     /lib/x86_64-linux-gnu/libkeyutils.so.1.3
7f9d920cc000-7f9d9210e000 r-xp 00000000 08:01 135649                     /lib/x86_64-linux-gnu/libdbus-1.so.3.5.7
7f9d9210e000-7f9d9230d000 ---p 00042000 08:01 135649                     /lib/x86_64-linux-gnu/libdbus-1.so.3.5.7
7f9d9230d000-7f9d9230e000 r--p 00041000 08:01 135649                     /lib/x86_64-linux-gnu/libdbus-1.so.3.5.7
7f9d9230e000-7f9d9230f000 rw-p 00042000 08:01 135649                     /lib/x86_64-linux-gnu/libdbus-1.so.3.5.7
7f9d9230f000-7f9d92389000 r-xp 00000000 08:01 139845                     /lib/x86_64-linux-gnu/libgcrypt.so.11.7.0
7f9d92389000-7f9d92589000 ---p 0007a000 08:01 139845                     /lib/x86_64-linux-gnu/libgcrypt.so.11.7.0
7f9d92589000-7f9d9258a000 r--p 0007a000 08:01 139845                     /lib/x86_64-linux-gnu/libgcrypt.so.11.7.0
7f9d9258a000-7f9d9258d000 rw-p 0007b000 08:01 139845                     /lib/x86_64-linux-gnu/libgcrypt.so.11.7.0
7f9d9258d000-7f9d9259d000 r-xp 00000000 08:01 406788                     /usr/lib/x86_64-linux-gnu/libtasn1.so.3.1.11
7f9d9259d000-7f9d9279c000 ---p 00010000 08:01 406788                     /usr/lib/x86_64-linux-gnu/libtasn1.so.3.1.11
7f9d9279c000-7f9d9279d000 r--p 0000f000 08:01 406788                     /usr/lib/x86_64-linux-gnu/libtasn1.so.3.1.11
7f9d9279d000-7f9d9279e000 rw-p 00010000 08:01 406788                     /usr/lib/x86_64-linux-gnu/libtasn1.so.3.1.11
7f9d9279e000-7f9d927a5000 r-xp 00000000 08:01 397002                     /usr/lib/x86_64-linux-gnu/libkrb5support.so.0.1
7f9d927a5000-7f9d929a4000 ---p 00007000 08:01 397002                     /usr/lib/x86_64-linux-gnu/libkrb5support.so.0.1
7f9d929a4000-7f9d929a5000 r--p 00006000 08:01 397002                     /usr/lib/x86_64-linux-gnu/libkrb5support.so.0.1
7f9d929a5000-7f9d929a6000 rw-p 00007000 08:01 397002                     /usr/lib/x86_64-linux-gnu/libkrb5support.so.0.1
7f9d929a6000-7f9d929a9000 r-xp 00000000 08:01 139827                     /lib/x86_64-linux-gnu/libcom_err.so.2.1
7f9d929a9000-7f9d92ba8000 ---p 00003000 08:01 139827                     /lib/x86_64-linux-gnu/libcom_err.so.2.1
7f9d92ba8000-7f9d92ba9000 r--p 00002000 08:01 139827                     /lib/x86_64-linux-gnu/libcom_err.so.2.1
7f9d92ba9000-7f9d92baa000 rw-p 00003000 08:01 139827                     /lib/x86_64-linux-gnu/libcom_err.so.2.1
7f9d92baa000-7f9d92bd0000 r-xp 00000000 08:01 394051                     /usr/lib/x86_64-linux-gnu/libk5crypto.so.3.1
7f9d92bd0000-7f9d92dcf000 ---p 00026000 08:01 394051                     /usr/lib/x86_64-linux-gnu/libk5crypto.so.3.1
7f9d92dcf000-7f9d92dd1000 r--p 00025000 08:01 394051                     /usr/lib/x86_64-linux-gnu/libk5crypto.so.3.1
7f9d92dd1000-7f9d92dd2000 rw-p 00027000 08:01 394051                     /usr/lib/x86_64-linux-gnu/libk5crypto.so.3.1
7f9d92dd2000-7f9d92e91000 r-xp 00000000 08:01 397018                     /usr/lib/x86_64-linux-gnu/libkrb5.so.3.3
7f9d92e91000-7f9d93091000 ---p 000bf000 08:01 397018                     /usr/lib/x86_64-linux-gnu/libkrb5.so.3.3
7f9d93091000-7f9d9309a000 r--p 000bf000 08:01 397018                     /usr/lib/x86_64-linux-gnu/libkrb5.so.3.3
7f9d9309a000-7f9d9309b000 rw-p 000c8000 08:01 397018                     /usr/lib/x86_64-linux-gnu/libkrb5.so.3.3
7f9d9309b000-7f9d930a2000 r-xp 00000000 08:01 406811                     /usr/lib/x86_64-linux-gnu/libxcb-render.so.0.0.0
7f9d930a2000-7f9d932a2000 ---p 00007000 08:01 406811                     /usr/lib/x86_64-linux-gnu/libxcb-render.so.0.0.0
7f9d932a2000-7f9d932a3000 r--p 00007000 08:01 406811                     /usr/lib/x86_64-linux-gnu/libxcb-render.so.0.0.0
7f9d932a3000-7f9d932a4000 rw-p 00008000 08:01 406811                     /usr/lib/x86_64-linux-gnu/libxcb-render.so.0.0.0
7f9d932a4000-7f9d932a6000 r-xp 00000000 08:01 406815                     /usr/lib/x86_64-linux-gnu/libxcb-shm.so.0.0.0
7f9d932a6000-7f9d934a5000 ---p 00002000 08:01 406815                     /usr/lib/x86_64-linux-gnu/libxcb-shm.so.0.0.0
7f9d934a5000-7f9d934a6000 r--p 00001000 08:01 406815                     /usr/lib/x86_64-linux-gnu/libxcb-shm.so.0.0.0
7f9d934a6000-7f9d934a7000 rw-p 00002000 08:01 406815                     /usr/lib/x86_64-linux-gnu/libxcb-shm.so.0.0.0
7f9d934a7000-7f9d934cd000 r-xp 00000000 08:01 139881                     /lib/x86_64-linux-gnu/libpng12.so.0.46.0
7f9d934cd000-7f9d936cc000 ---p 00026000 08:01 139881                     /lib/x86_64-linux-gnu/libpng12.so.0.46.0
7f9d936cc000-7f9d936cd000 r--p 00025000 08:01 139881                     /lib/x86_64-linux-gnu/libpng12.so.0.46.0
7f9d936cd000-7f9d936ce000 rw-p 00026000 08:01 139881                     /lib/x86_64-linux-gnu/libpng12.so.0.46.0
7f9d936ce000-7f9d9373c000 r-xp 00000000 08:01 406743                     /usr/lib/x86_64-linux-gnu/libpixman-1.so.0.22.2
7f9d9373c000-7f9d9393c000 ---p 0006e000 08:01 406743                     /usr/lib/x86_64-linux-gnu/libpixman-1.so.0.22.2
7f9d9393c000-7f9d93941000 r--p 0006e000 08:01 406743                     /usr/lib/x86_64-linux-gnu/libpixman-1.so.0.22.2
7f9d93941000-7f9d93942000 rw-p 00073000 08:01 406743                     /usr/lib/x86_64-linux-gnu/libpixman-1.so.0.22.2
7f9d93942000-7f9d93947000 r-xp 00000000 08:01 406539                     /usr/lib/x86_64-linux-gnu/libXdmcp.so.6.0.0
7f9d93947000-7f9d93b46000 ---p 00005000 08:01 406539                     /usr/lib/x86_64-linux-gnu/libXdmcp.so.6.0.0
7f9d93b46000-7f9d93b47000 r--p 00004000 08:01 406539                     /usr/lib/x86_64-linux-gnu/libXdmcp.so.6.0.0
7f9d93b47000-7f9d93b48000 rw-p 00005000 08:01 406539                     /usr/lib/x86_64-linux-gnu/libXdmcp.so.6.0.0
7f9d93b48000-7f9d93b4a000 r-xp 00000000 08:01 406531                     /usr/lib/x86_64-linux-gnu/libXau.so.6.0.0
7f9d93b4a000-7f9d93d49000 ---p 00002000 08:01 406531                     /usr/lib/x86_64-linux-gnu/libXau.so.6.0.0
7f9d93d49000-7f9d93d4a000 r--p 00001000 08:01 406531                     /usr/lib/x86_64-linux-gnu/libXau.so.6.0.0
7f9d93d4a000-7f9d93d4b000 rw-p 00002000 08:01 406531                     /usr/lib/x86_64-linux-gnu/libXau.so.6.0.0
7f9d93d4b000-7f9d93d5c000 r-xp 00000000 08:01 406571                     /usr/lib/x86_64-linux-gnu/libavahi-client.so.3.2.9
7f9d93d5c000-7f9d93f5c000 ---p 00011000 08:01 406571                     /usr/lib/x86_64-linux-gnu/libavahi-client.so.3.2.9
7f9d93f5c000-7f9d93f5d000 r--p 00011000 08:01 406571                     /usr/lib/x86_64-linux-gnu/libavahi-client.so.3.2.9
7f9d93f5d000-7f9d93f5e000 rw-p 00012000 08:01 406571                     /usr/lib/x86_64-linux-gnu/libavahi-client.so.3.2.9
7f9d93f5e000-7f9d93f6b000 r-xp 00000000 08:01 406573                     /usr/lib/x86_64-linux-gnu/libavahi-common.so.3.5.3
7f9d93f6b000-7f9d9416a000 ---p 0000d000 08:01 406573                     /usr/lib/x86_64-linux-gnu/libavahi-common.so.3.5.3
7f9d9416a000-7f9d9416b000 r--p 0000c000 08:01 406573                     /usr/lib/x86_64-linux-gnu/libavahi-common.so.3.5.3
7f9d9416b000-7f9d9416c000 rw-p 0000d000 08:01 406573                     /usr/lib/x86_64-linux-gnu/libavahi-common.so.3.5.3
7f9d9416c000-7f9d9420d000 r-xp 00000000 08:01 406657                     /usr/lib/x86_64-linux-gnu/libgnutls.so.26.16.14
7f9d9420d000-7f9d9440c000 ---p 000a1000 08:01 406657                     /usr/lib/x86_64-linux-gnu/libgnutls.so.26.16.14
7f9d9440c000-7f9d94413000 r--p 000a0000 08:01 406657                     /usr/lib/x86_64-linux-gnu/libgnutls.so.26.16.14
7f9d94413000-7f9d94414000 rw-p 000a7000 08:01 406657                     /usr/lib/x86_64-linux-gnu/libgnutls.so.26.16.14
7f9d94414000-7f9d9444f000 r-xp 00000000 08:01 406685                     /usr/lib/x86_64-linux-gnu/libgssapi_krb5.so.2.2
7f9d9444f000-7f9d9464f000 ---p 0003b000 08:01 406685                     /usr/lib/x86_64-linux-gnu/libgssapi_krb5.so.2.2
7f9d9464f000-7f9d94650000 r--p 0003b000 08:01 406685                     /usr/lib/x86_64-linux-gnu/libgssapi_krb5.so.2.2
7f9d94650000-7f9d94652000 rw-p 0003c000 08:01 406685                     /usr/lib/x86_64-linux-gnu/libgssapi_krb5.so.2.2
7f9d94652000-7f9d9468d000 r-xp 00000000 08:01 139879                     /lib/x86_64-linux-gnu/libpcre.so.3.12.1
7f9d9468d000-7f9d9488c000 ---p 0003b000 08:01 139879                     /lib/x86_64-linux-gnu/libpcre.so.3.12.1
7f9d9488c000-7f9d9488d000 r--p 0003a000 08:01 139879                     /lib/x86_64-linux-gnu/libpcre.so.3.12.1
7f9d9488d000-7f9d9488e000 rw-p 0003b000 08:01 139879                     /lib/x86_64-linux-gnu/libpcre.so.3.12.1
7f9d9488e000-7f9d94895000 r-xp 00000000 08:01 396800                     /usr/lib/x86_64-linux-gnu/libffi.so.6.0.0
7f9d94895000-7f9d94a94000 ---p 00007000 08:01 396800                     /usr/lib/x86_64-linux-gnu/libffi.so.6.0.0
7f9d94a94000-7f9d94a95000 r--p 00006000 08:01 396800                     /usr/lib/x86_64-linux-gnu/libffi.so.6.0.0
7f9d94a95000-7f9d94a96000 rw-p 00007000 08:01 396800                     /usr/lib/x86_64-linux-gnu/libffi.so.6.0.0
7f9d94a96000-7f9d94abd000 r-xp 00000000 08:01 139838                     /lib/x86_64-linux-gnu/libexpat.so.1.5.2
7f9d94abd000-7f9d94cbd000 ---p 00027000 08:01 139838                     /lib/x86_64-linux-gnu/libexpat.so.1.5.2
7f9d94cbd000-7f9d94cbf000 r--p 00027000 08:01 139838                     /lib/x86_64-linux-gnu/libexpat.so.1.5.2
7f9d94cbf000-7f9d94cc0000 rw-p 00029000 08:01 139838                     /lib/x86_64-linux-gnu/libexpat.so.1.5.2
7f9d94cc0000-7f9d94d52000 r-xp 00000000 08:01 406632                     /usr/lib/x86_64-linux-gnu/libfreetype.so.6.6.2
7f9d94d52000-7f9d94f51000 ---p 00092000 08:01 406632                     /usr/lib/x86_64-linux-gnu/libfreetype.so.6.6.2
7f9d94f51000-7f9d94f57000 r--p 00091000 08:01 406632                     /usr/lib/x86_64-linux-gnu/libfreetype.so.6.6.2
7f9d94f57000-7f9d94f58000 rw-p 00097000 08:01 406632                     /usr/lib/x86_64-linux-gnu/libfreetype.so.6.6.2
7f9d94f58000-7f9d94f6f000 r-xp 00000000 08:01 134597                     /lib/x86_64-linux-gnu/libresolv-2.13.so
7f9d94f6f000-7f9d9516f000 ---p 00017000 08:01 134597                     /lib/x86_64-linux-gnu/libresolv-2.13.so
7f9d9516f000-7f9d95170000 r--p 00017000 08:01 134597                     /lib/x86_64-linux-gnu/libresolv-2.13.so
7f9d95170000-7f9d95171000 rw-p 00018000 08:01 134597                     /lib/x86_64-linux-gnu/libresolv-2.13.so
7f9d95171000-7f9d95173000 rw-p 00000000 00:00 0 
7f9d95173000-7f9d9518f000 r-xp 00000000 08:01 139888                     /lib/x86_64-linux-gnu/libselinux.so.1
7f9d9518f000-7f9d9538e000 ---p 0001c000 08:01 139888                     /lib/x86_64-linux-gnu/libselinux.so.1
7f9d9538e000-7f9d9538f000 r--p 0001b000 08:01 139888                     /lib/x86_64-linux-gnu/libselinux.so.1
7f9d9538f000-7f9d95390000 rw-p 0001c000 08:01 139888                     /lib/x86_64-linux-gnu/libselinux.so.1
7f9d95390000-7f9d95391000 rw-p 00000000 00:00 0 
7f9d95391000-7f9d95393000 r-xp 00000000 08:01 406537                     /usr/lib/x86_64-linux-gnu/libXdamage.so.1.1.0
7f9d95393000-7f9d95592000 ---p 00002000 08:01 406537                     /usr/lib/x86_64-linux-gnu/libXdamage.so.1.1.0
7f9d95592000-7f9d95593000 r--p 00001000 08:01 406537                     /usr/lib/x86_64-linux-gnu/libXdamage.so.1.1.0
7f9d95593000-7f9d95594000 rw-p 00002000 08:01 406537                     /usr/lib/x86_64-linux-gnu/libXdamage.so.1.1.0
7f9d95594000-7f9d95596000 r-xp 00000000 08:01 406533                     /usr/lib/x86_64-linux-gnu/libXcomposite.so.1.0.0
7f9d95596000-7f9d95795000 ---p 00002000 08:01 406533                     /usr/lib/x86_64-linux-gnu/libXcomposite.so.1.0.0
7f9d95795000-7f9d95796000 r--p 00001000 08:01 406533                     /usr/lib/x86_64-linux-gnu/libXcomposite.so.1.0.0
7f9d95796000-7f9d95797000 rw-p 00002000 08:01 406533                     /usr/lib/x86_64-linux-gnu/libXcomposite.so.1.0.0
7f9d95797000-7f9d957a0000 r-xp 00000000 08:01 406535                     /usr/lib/x86_64-linux-gnu/libXcursor.so.1.0.2
7f9d957a0000-7f9d9599f000 ---p 00009000 08:01 406535                     /usr/lib/x86_64-linux-gnu/libXcursor.so.1.0.2
7f9d9599f000-7f9d959a0000 r--p 00008000 08:01 406535                     /usr/lib/x86_64-linux-gnu/libXcursor.so.1.0.2
7f9d959a0000-7f9d959a1000 rw-p 00009000 08:01 406535                     /usr/lib/x86_64-linux-gnu/libXcursor.so.1.0.2
7f9d959a1000-7f9d959a9000 r-xp 00000000 08:01 406551                     /usr/lib/x86_64-linux-gnu/libXrandr.so.2.2.0
7f9d959a9000-7f9d95ba8000 ---p 00008000 08:01 406551                     /usr/lib/x86_64-linux-gnu/libXrandr.so.2.2.0
7f9d95ba8000-7f9d95ba9000 r--p 00007000 08:01 406551                     /usr/lib/x86_64-linux-gnu/libXrandr.so.2.2.0
7f9d95ba9000-7f9d95baa000 rw-p 00008000 08:01 406551                     /usr/lib/x86_64-linux-gnu/libXrandr.so.2.2.0
7f9d95baa000-7f9d95bac000 r-xp 00000000 08:01 406549                     /usr/lib/x86_64-linux-gnu/libXinerama.so.1.0.0
7f9d95bac000-7f9d95dab000 ---p 00002000 08:01 406549                     /usr/lib/x86_64-linux-gnu/libXinerama.so.1.0.0
7f9d95dab000-7f9d95dac000 r--p 00001000 08:01 406549                     /usr/lib/x86_64-linux-gnu/libXinerama.so.1.0.0
7f9d95dac000-7f9d95dad000 rw-p 00002000 08:01 406549                     /usr/lib/x86_64-linux-gnu/libXinerama.so.1.0.0
7f9d95dad000-7f9d95db0000 r-xp 00000000 08:01 395217                     /usr/lib/x86_64-linux-gnu/libgmodule-2.0.so.0.3000.0
7f9d95db0000-7f9d95faf000 ---p 00003000 08:01 395217                     /usr/lib/x86_64-linux-gnu/libgmodule-2.0.so.0.3000.0
7f9d95faf000-7f9d95fb0000 r--p 00002000 08:01 395217                     /usr/lib/x86_64-linux-gnu/libgmodule-2.0.so.0.3000.0
7f9d95fb0000-7f9d95fb1000 rw-p 00003000 08:01 395217                     /usr/lib/x86_64-linux-gnu/libgmodule-2.0.so.0.3000.0
7f9d95fb1000-7f9d95fdb000 r-xp 00000000 08:01 397305                     /usr/lib/x86_64-linux-gnu/libpangoft2-1.0.so.0.2903.0
7f9d95fdb000-7f9d961da000 ---p 0002a000 08:01 397305                     /usr/lib/x86_64-linux-gnu/libpangoft2-1.0.so.0.2903.0
7f9d961da000-7f9d961db000 r--p 00029000 08:01 397305                     /usr/lib/x86_64-linux-gnu/libpangoft2-1.0.so.0.2903.0
7f9d961db000-7f9d961dc000 rw-p 0002a000 08:01 397305                     /usr/lib/x86_64-linux-gnu/libpangoft2-1.0.so.0.2903.0
7f9d961dc000-7f9d96295000 r-xp 00000000 08:01 406593                     /usr/lib/x86_64-linux-gnu/libcairo.so.2.11000.2
7f9d96295000-7f9d96494000 ---p 000b9000 08:01 406593                     /usr/lib/x86_64-linux-gnu/libcairo.so.2.11000.2
7f9d96494000-7f9d96496000 r--p 000b8000 08:01 406593                     /usr/lib/x86_64-linux-gnu/libcairo.so.2.11000.2
7f9d96496000-7f9d96497000 rw-p 000ba000 08:01 406593                     /usr/lib/x86_64-linux-gnu/libcairo.so.2.11000.2
7f9d96497000-7f9d9649a000 rw-p 00000000 00:00 0 
7f9d9649a000-7f9d964b9000 r-xp 00000000 08:01 394856                     /usr/lib/x86_64-linux-gnu/libatk-1.0.so.0.20209.1
7f9d964b9000-7f9d966b9000 ---p 0001f000 08:01 394856                     /usr/lib/x86_64-linux-gnu/libatk-1.0.so.0.20209.1
7f9d966b9000-7f9d966bb000 r--p 0001f000 08:01 394856                     /usr/lib/x86_64-linux-gnu/libatk-1.0.so.0.20209.1
7f9d966bb000-7f9d966bc000 rw-p 00021000 08:01 394856                     /usr/lib/x86_64-linux-gnu/libatk-1.0.so.0.20209.1
7f9d966bc000-7f9d966c1000 r-xp 00000000 08:01 406543                     /usr/lib/x86_64-linux-gnu/libXfixes.so.3.1.0
7f9d966c1000-7f9d968c0000 ---p 00005000 08:01 406543                     /usr/lib/x86_64-linux-gnu/libXfixes.so.3.1.0
7f9d968c0000-7f9d968c1000 r--p 00004000 08:01 406543                     /usr/lib/x86_64-linux-gnu/libXfixes.so.3.1.0
7f9d968c1000-7f9d968c2000 rw-p 00005000 08:01 406543                     /usr/lib/x86_64-linux-gnu/libXfixes.so.3.1.0
7f9d968c2000-7f9d968cd000 r-xp 00000000 08:01 397309                     /usr/lib/x86_64-linux-gnu/libpangocairo-1.0.so.0.2903.0
7f9d968cd000-7f9d96acd000 ---p 0000b000 08:01 397309                     /usr/lib/x86_64-linux-gnu/libpangocairo-1.0.so.0.2903.0
7f9d96acd000-7f9d96ace000 r--p 0000b000 08:01 397309                     /usr/lib/x86_64-linux-gnu/libpangocairo-1.0.so.0.2903.0
7f9d96ace000-7f9d96acf000 rw-p 0000c000 08:01 397309                     /usr/lib/x86_64-linux-gnu/libpangocairo-1.0.so.0.2903.0
7f9d96acf000-7f9d96aea000 r-xp 00000000 08:01 406817                     /usr/lib/x86_64-linux-gnu/libxcb.so.1.1.0
7f9d96aea000-7f9d96ce9000 ---p 0001b000 08:01 406817                     /usr/lib/x86_64-linux-gnu/libxcb.so.1.1.0
7f9d96ce9000-7f9d96cea000 r--p 0001a000 08:01 406817                     /usr/lib/x86_64-linux-gnu/libxcb.so.1.1.0
7f9d96cea000-7f9d96ceb000 rw-p 0001b000 08:01 406817                     /usr/lib/x86_64-linux-gnu/libxcb.so.1.1.0
7f9d96ceb000-7f9d96d39000 r-xp 00000000 08:01 400264                     /usr/lib/x86_64-linux-gnu/libcups.so.2
7f9d96d39000-7f9d96f39000 ---p 0004e000 08:01 400264                     /usr/lib/x86_64-linux-gnu/libcups.so.2
7f9d96f39000-7f9d96f3d000 r--p 0004e000 08:01 400264                     /usr/lib/x86_64-linux-gnu/libcups.so.2
7f9d96f3d000-7f9d96f3e000 rw-p 00052000 08:01 400264                     /usr/lib/x86_64-linux-gnu/libcups.so.2
7f9d96f3e000-7f9d97032000 r-xp 00000000 08:01 134283                     /lib/x86_64-linux-gnu/libglib-2.0.so.0.3000.0
7f9d97032000-7f9d97231000 ---p 000f4000 08:01 134283                     /lib/x86_64-linux-gnu/libglib-2.0.so.0.3000.0
7f9d97231000-7f9d97232000 r--p 000f3000 08:01 134283                     /lib/x86_64-linux-gnu/libglib-2.0.so.0.3000.0
7f9d97232000-7f9d97233000 rw-p 000f4000 08:01 134283                     /lib/x86_64-linux-gnu/libglib-2.0.so.0.3000.0
7f9d97233000-7f9d97234000 rw-p 00000000 00:00 0 
7f9d97234000-7f9d97238000 r-xp 00000000 08:01 394708                     /usr/lib/x86_64-linux-gnu/libgthread-2.0.so.0.3000.0
7f9d97238000-7f9d97437000 ---p 00004000 08:01 394708                     /usr/lib/x86_64-linux-gnu/libgthread-2.0.so.0.3000.0
7f9d97437000-7f9d97438000 r--p 00003000 08:01 394708                     /usr/lib/x86_64-linux-gnu/libgthread-2.0.so.0.3000.0
7f9d97438000-7f9d97439000 rw-p 00004000 08:01 394708                     /usr/lib/x86_64-linux-gnu/libgthread-2.0.so.0.3000.0
7f9d97439000-7f9d97487000 r-xp 00000000 08:01 394707                     /usr/lib/x86_64-linux-gnu/libgobject-2.0.so.0.3000.0
7f9d97487000-7f9d97687000 ---p 0004e000 08:01 394707                     /usr/lib/x86_64-linux-gnu/libgobject-2.0.so.0.3000.0
7f9d97687000-7f9d97688000 r--p 0004e000 08:01 394707                     /usr/lib/x86_64-linux-gnu/libgobject-2.0.so.0.3000.0
7f9d97688000-7f9d97689000 rw-p 0004f000 08:01 394707                     /usr/lib/x86_64-linux-gnu/libgobject-2.0.so.0.3000.0
7f9d97689000-7f9d9768a000 rw-p 00000000 00:00 0 
7f9d9768a000-7f9d976be000 r-xp 00000000 08:01 406630                     /usr/lib/x86_64-linux-gnu/libfontconfig.so.1.4.4
7f9d976be000-7f9d978be000 ---p 00034000 08:01 406630                     /usr/lib/x86_64-linux-gnu/libfontconfig.so.1.4.4
7f9d978be000-7f9d978bf000 r--p 00034000 08:01 406630                     /usr/lib/x86_64-linux-gnu/libfontconfig.so.1.4.4
7f9d978bf000-7f9d978c0000 rw-p 00035000 08:01 406630                     /usr/lib/x86_64-linux-gnu/libfontconfig.so.1.4.4
7f9d978c0000-7f9d97907000 r-xp 00000000 08:01 397304                     /usr/lib/x86_64-linux-gnu/libpango-1.0.so.0.2903.0
7f9d97907000-7f9d97b07000 ---p 00047000 08:01 397304                     /usr/lib/x86_64-linux-gnu/libpango-1.0.so.0.2903.0
7f9d97b07000-7f9d97b09000 r--p 00047000 08:01 397304                     /usr/lib/x86_64-linux-gnu/libpango-1.0.so.0.2903.0
7f9d97b09000-7f9d97b0a000 rw-p 00049000 08:01 397304                     /usr/lib/x86_64-linux-gnu/libpango-1.0.so.0.2903.0
7f9d97b0a000-7f9d97b28000 r-xp 00000000 08:01 394128                     /usr/lib/x86_64-linux-gnu/libgdk_pixbuf-2.0.so.0.2400.0
7f9d97b28000-7f9d97d27000 ---p 0001e000 08:01 394128                     /usr/lib/x86_64-linux-gnu/libgdk_pixbuf-2.0.so.0.2400.0
7f9d97d27000-7f9d97d28000 r--p 0001d000 08:01 394128                     /usr/lib/x86_64-linux-gnu/libgdk_pixbuf-2.0.so.0.2400.0
7f9d97d28000-7f9d97d29000 rw-p 0001e000 08:01 394128                     /usr/lib/x86_64-linux-gnu/libgdk_pixbuf-2.0.so.0.2400.0
7f9d97d29000-7f9d97e64000 r-xp 00000000 08:01 394685                     /usr/lib/x86_64-linux-gnu/libgio-2.0.so.0.3000.0
7f9d97e64000-7f9d98063000 ---p 0013b000 08:01 394685                     /usr/lib/x86_64-linux-gnu/libgio-2.0.so.0.3000.0
7f9d98063000-7f9d98067000 r--p 0013a000 08:01 394685                     /usr/lib/x86_64-linux-gnu/libgio-2.0.so.0.3000.0
7f9d98067000-7f9d98069000 rw-p 0013e000 08:01 394685                     /usr/lib/x86_64-linux-gnu/libgio-2.0.so.0.3000.0
7f9d98069000-7f9d9806b000 rw-p 00000000 00:00 0 
7f9d9806b000-7f9d98118000 r-xp 00000000 08:01 397253                     /usr/lib/x86_64-linux-gnu/libgdk-x11-2.0.so.0.2400.6
7f9d98118000-7f9d98317000 ---p 000ad000 08:01 397253                     /usr/lib/x86_64-linux-gnu/libgdk-x11-2.0.so.0.2400.6
7f9d98317000-7f9d9831b000 r--p 000ac000 08:01 397253                     /usr/lib/x86_64-linux-gnu/libgdk-x11-2.0.so.0.2400.6
7f9d9831b000-7f9d9831d000 rw-p 000b0000 08:01 397253                     /usr/lib/x86_64-linux-gnu/libgdk-x11-2.0.so.0.2400.6
7f9d9831d000-7f9d9874c000 r-xp 00000000 08:01 397246                     /usr/lib/x86_64-linux-gnu/libgtk-x11-2.0.so.0.2400.6
7f9d9874c000-7f9d9894c000 ---p 0042f000 08:01 397246                     /usr/lib/x86_64-linux-gnu/libgtk-x11-2.0.so.0.2400.6
7f9d9894c000-7f9d98953000 r--p 0042f000 08:01 397246                     /usr/lib/x86_64-linux-gnu/libgtk-x11-2.0.so.0.2400.6
7f9d98953000-7f9d98957000 rw-p 00436000 08:01 397246                     /usr/lib/x86_64-linux-gnu/libgtk-x11-2.0.so.0.2400.6
7f9d98957000-7f9d98959000 rw-p 00000000 00:00 0 
7f9d98959000-7f9d98968000 r-xp 00000000 08:01 406547                     /usr/lib/x86_64-linux-gnu/libXi.so.6.1.0
7f9d98968000-7f9d98b67000 ---p 0000f000 08:01 406547                     /usr/lib/x86_64-linux-gnu/libXi.so.6.1.0
7f9d98b67000-7f9d98b68000 r--p 0000e000 08:01 406547                     /usr/lib/x86_64-linux-gnu/libXi.so.6.1.0
7f9d98b68000-7f9d98b69000 rw-p 0000f000 08:01 406547                     /usr/lib/x86_64-linux-gnu/libXi.so.6.1.0
7f9d98b69000-7f9d98b6e000 r-xp 00000000 08:01 398564                     /usr/lib/libXtst.so.6.1.0
7f9d98b6e000-7f9d98d6d000 ---p 00005000 08:01 398564                     /usr/lib/libXtst.so.6.1.0
7f9d98d6d000-7f9d98d6e000 r--p 00004000 08:01 398564                     /usr/lib/libXtst.so.6.1.0
7f9d98d6e000-7f9d98d6f000 rw-p 00005000 08:01 398564                     /usr/lib/libXtst.so.6.1.0
7f9d98d6f000-7f9d98d78000 r-xp 00000000 08:01 406553                     /usr/lib/x86_64-linux-gnu/libXrender.so.1.3.0
7f9d98d78000-7f9d98f78000 ---p 00009000 08:01 406553                     /usr/lib/x86_64-linux-gnu/libXrender.so.1.3.0
7f9d98f78000-7f9d98f79000 r--p 00009000 08:01 406553                     /usr/lib/x86_64-linux-gnu/libXrender.so.1.3.0
7f9d98f79000-7f9d98f7a000 rw-p 0000a000 08:01 406553                     /usr/lib/x86_64-linux-gnu/libXrender.so.1.3.0
7f9d98f7a000-7f9d990ad000 r-xp 00000000 08:01 406471                     /usr/lib/x86_64-linux-gnu/libX11.so.6.3.0
7f9d990ad000-7f9d992ad000 ---p 00133000 08:01 406471                     /usr/lib/x86_64-linux-gnu/libX11.so.6.3.0
7f9d992ad000-7f9d992ae000 r--p 00133000 08:01 406471                     /usr/lib/x86_64-linux-gnu/libX11.so.6.3.0
7f9d992ae000-7f9d992b2000 rw-p 00134000 08:01 406471                     /usr/lib/x86_64-linux-gnu/libX11.so.6.3.0
7f9d992b2000-7f9d992c4000 r-xp 00000000 08:01 406541                     /usr/lib/x86_64-linux-gnu/libXext.so.6.4.0
7f9d992c4000-7f9d994c3000 ---p 00012000 08:01 406541                     /usr/lib/x86_64-linux-gnu/libXext.so.6.4.0
7f9d994c3000-7f9d994c4000 r--p 00011000 08:01 406541                     /usr/lib/x86_64-linux-gnu/libXext.so.6.4.0
7f9d994c4000-7f9d994c5000 rw-p 00012000 08:01 406541                     /usr/lib/x86_64-linux-gnu/libXext.so.6.4.0
7f9d994c5000-7f9d994e8000 r--p 00000000 08:01 675061                     /usr/share/locale-langpack/fr/LC_MESSAGES/libc.mo
7f9d994e8000-7f9d9953a000 r-xp 00000000 08:01 401973                     /usr/lib/jvm/java-7-openjdk-amd64/jre/lib/amd64/xawt/libmawt.so
7f9d9953a000-7f9d9973a000 ---p 00052000 08:01 401973                     /usr/lib/jvm/java-7-openjdk-amd64/jre/lib/amd64/xawt/libmawt.so
7f9d9973a000-7f9d9973b000 r--p 00052000 08:01 401973                     /usr/lib/jvm/java-7-openjdk-amd64/jre/lib/amd64/xawt/libmawt.so
7f9d9973b000-7f9d9973e000 rw-p 00053000 08:01 401973                     /usr/lib/jvm/java-7-openjdk-amd64/jre/lib/amd64/xawt/libmawt.so
7f9d9973e000-7f9d9973f000 rw-p 00000000 00:00 0 
7f9d9973f000-7f9d997e1000 r-xp 00000000 08:01 398111                     /usr/lib/jvm/java-7-openjdk-amd64/jre/lib/amd64/libawt.so
7f9d997e1000-7f9d999e0000 ---p 000a2000 08:01 398111                     /usr/lib/jvm/java-7-openjdk-amd64/jre/lib/amd64/libawt.so
7f9d999e0000-7f9d999e1000 r--p 000a1000 08:01 398111                     /usr/lib/jvm/java-7-openjdk-amd64/jre/lib/amd64/libawt.so
7f9d999e1000-7f9d999ec000 rw-p 000a2000 08:01 398111                     /usr/lib/jvm/java-7-openjdk-amd64/jre/lib/amd64/libawt.so
7f9d999ec000-7f9d99a11000 rw-p 00000000 00:00 0 
7f9d99a11000-7f9d99a12000 ---p 00000000 00:00 0 
7f9d99a12000-7f9d99b12000 rw-p 00000000 00:00 0 
7f9d99b12000-7f9d99b15000 ---p 00000000 00:00 0 
7f9d99b15000-7f9d99c13000 rw-p 00000000 00:00 0 
7f9d99c13000-7f9d99c16000 ---p 00000000 00:00 0 
7f9d99c16000-7f9d99d14000 rw-p 00000000 00:00 0 
7f9d99d14000-7f9d99d17000 ---p 00000000 00:00 0 
7f9d99d17000-7f9d99e15000 rw-p 00000000 00:00 0 
7f9d99e15000-7f9d99e18000 ---p 00000000 00:00 0 
7f9d99e18000-7f9d99f16000 rw-p 00000000 00:00 0 
7f9d99f16000-7f9d9a603000 r--p 00000000 08:01 403488                     /usr/lib/locale/locale-archive
7f9d9a603000-7f9d9a606000 ---p 00000000 00:00 0 
7f9d9a606000-7f9d9a704000 rw-p 00000000 00:00 0 
7f9d9a704000-7f9d9a707000 ---p 00000000 00:00 0 
7f9d9a707000-7f9d9a805000 rw-p 00000000 00:00 0 
7f9d9a805000-7f9d9a806000 ---p 00000000 00:00 0 
7f9d9a806000-7f9d9ac75000 rw-p 00000000 00:00 0 
7f9d9ac75000-7f9d9ae23000 r--s 03e76000 08:01 396788                     /usr/lib/jvm/java-7-openjdk-amd64/jre/lib/rt.jar
7f9d9ae23000-7f9d9ae4b000 rw-p 00000000 00:00 0 
7f9d9ae4b000-7f9d9ae4c000 ---p 00000000 00:00 0 
7f9d9ae4c000-7f9d9af4c000 rw-p 00000000 00:00 0 
7f9d9af4c000-7f9d9af4d000 ---p 00000000 00:00 0 
7f9d9af4d000-7f9d9b058000 rw-p 00000000 00:00 0 
7f9d9b058000-7f9d9b0a0000 rw-p 00000000 00:00 0 
7f9d9b0a0000-7f9d9b0b5000 rw-p 00000000 00:00 0 
7f9d9b0b5000-7f9d9b1eb000 rw-p 00000000 00:00 0 
7f9d9b1eb000-7f9d9b1f6000 rw-p 00000000 00:00 0 
7f9d9b1f6000-7f9d9b23e000 rw-p 00000000 00:00 0 
7f9d9b23e000-7f9d9b253000 rw-p 00000000 00:00 0 
7f9d9b253000-7f9d9b388000 rw-p 00000000 00:00 0 
7f9d9b388000-7f9d9b393000 rw-p 00000000 00:00 0 
7f9d9b393000-7f9d9b42e000 rw-p 00000000 00:00 0 
7f9d9b42e000-7f9d9b42f000 rw-p 00000000 00:00 0 
7f9d9b42f000-7f9d9b69f000 rwxp 00000000 00:00 0 
7f9d9b69f000-7f9d9e42f000 rw-p 00000000 00:00 0 
7f9d9e42f000-7f9d9e437000 r-xp 00000000 08:01 399895                     /usr/lib/jvm/java-7-openjdk-amd64/jre/lib/amd64/libzip.so
7f9d9e437000-7f9d9e636000 ---p 00008000 08:01 399895                     /usr/lib/jvm/java-7-openjdk-amd64/jre/lib/amd64/libzip.so
7f9d9e636000-7f9d9e637000 r--p 00007000 08:01 399895                     /usr/lib/jvm/java-7-openjdk-amd64/jre/lib/amd64/libzip.so
7f9d9e637000-7f9d9e638000 rw-p 00008000 08:01 399895                     /usr/lib/jvm/java-7-openjdk-amd64/jre/lib/amd64/libzip.so
7f9d9e638000-7f9d9e644000 r-xp 00000000 08:01 134596                     /lib/x86_64-linux-gnu/libnss_files-2.13.so
7f9d9e644000-7f9d9e843000 ---p 0000c000 08:01 134596                     /lib/x86_64-linux-gnu/libnss_files-2.13.so
7f9d9e843000-7f9d9e844000 r--p 0000b000 08:01 134596                     /lib/x86_64-linux-gnu/libnss_files-2.13.so
7f9d9e844000-7f9d9e845000 rw-p 0000c000 08:01 134596                     /lib/x86_64-linux-gnu/libnss_files-2.13.so
7f9d9e845000-7f9d9e84f000 r-xp 00000000 08:01 134607                     /lib/x86_64-linux-gnu/libnss_nis-2.13.so
7f9d9e84f000-7f9d9ea4f000 ---p 0000a000 08:01 134607                     /lib/x86_64-linux-gnu/libnss_nis-2.13.so
7f9d9ea4f000-7f9d9ea50000 r--p 0000a000 08:01 134607                     /lib/x86_64-linux-gnu/libnss_nis-2.13.so
7f9d9ea50000-7f9d9ea51000 rw-p 0000b000 08:01 134607                     /lib/x86_64-linux-gnu/libnss_nis-2.13.so
7f9d9ea51000-7f9d9ea68000 r-xp 00000000 08:01 134591                     /lib/x86_64-linux-gnu/libnsl-2.13.so
7f9d9ea68000-7f9d9ec67000 ---p 00017000 08:01 134591                     /lib/x86_64-linux-gnu/libnsl-2.13.so
7f9d9ec67000-7f9d9ec68000 r--p 00016000 08:01 134591                     /lib/x86_64-linux-gnu/libnsl-2.13.so
7f9d9ec68000-7f9d9ec69000 rw-p 00017000 08:01 134591                     /lib/x86_64-linux-gnu/libnsl-2.13.so
7f9d9ec69000-7f9d9ec6b000 rw-p 00000000 00:00 0 
7f9d9ec6b000-7f9d9ec73000 r-xp 00000000 08:01 134588                     /lib/x86_64-linux-gnu/libnss_compat-2.13.so
7f9d9ec73000-7f9d9ee72000 ---p 00008000 08:01 134588                     /lib/x86_64-linux-gnu/libnss_compat-2.13.so
7f9d9ee72000-7f9d9ee73000 r--p 00007000 08:01 134588                     /lib/x86_64-linux-gnu/libnss_compat-2.13.so
7f9d9ee73000-7f9d9ee74000 rw-p 00008000 08:01 134588                     /lib/x86_64-linux-gnu/libnss_compat-2.13.so
7f9d9ee74000-7f9d9ee9d000 r-xp 00000000 08:01 398578                     /usr/lib/jvm/java-7-openjdk-amd64/jre/lib/amd64/libjava.so
7f9d9ee9d000-7f9d9f09c000 ---p 00029000 08:01 398578                     /usr/lib/jvm/java-7-openjdk-amd64/jre/lib/amd64/libjava.so
7f9d9f09c000-7f9d9f09d000 r--p 00028000 08:01 398578                     /usr/lib/jvm/java-7-openjdk-amd64/jre/lib/amd64/libjava.so
7f9d9f09d000-7f9d9f09f000 rw-p 00029000 08:01 398578                     /usr/lib/jvm/java-7-openjdk-amd64/jre/lib/amd64/libjava.so
7f9d9f09f000-7f9d9f0ad000 r-xp 00000000 08:01 399894                     /usr/lib/jvm/java-7-openjdk-amd64/jre/lib/amd64/libverify.so
7f9d9f0ad000-7f9d9f2ac000 ---p 0000e000 08:01 399894                     /usr/lib/jvm/java-7-openjdk-amd64/jre/lib/amd64/libverify.so
7f9d9f2ac000-7f9d9f2ae000 r--p 0000d000 08:01 399894                     /usr/lib/jvm/java-7-openjdk-amd64/jre/lib/amd64/libverify.so
7f9d9f2ae000-7f9d9f2af000 rw-p 0000f000 08:01 399894                     /usr/lib/jvm/java-7-openjdk-amd64/jre/lib/amd64/libverify.so
7f9d9f2af000-7f9d9f2b6000 r-xp 00000000 08:01 134577                     /lib/x86_64-linux-gnu/librt-2.13.so
7f9d9f2b6000-7f9d9f4b5000 ---p 00007000 08:01 134577                     /lib/x86_64-linux-gnu/librt-2.13.so
7f9d9f4b5000-7f9d9f4b6000 r--p 00006000 08:01 134577                     /lib/x86_64-linux-gnu/librt-2.13.so
7f9d9f4b6000-7f9d9f4b7000 rw-p 00007000 08:01 134577                     /lib/x86_64-linux-gnu/librt-2.13.so
7f9d9f4b7000-7f9d9f4cc000 r-xp 00000000 08:01 131748                     /lib/x86_64-linux-gnu/libgcc_s.so.1
7f9d9f4cc000-7f9d9f6cb000 ---p 00015000 08:01 131748                     /lib/x86_64-linux-gnu/libgcc_s.so.1
7f9d9f6cb000-7f9d9f6cc000 r--p 00014000 08:01 131748                     /lib/x86_64-linux-gnu/libgcc_s.so.1
7f9d9f6cc000-7f9d9f6cd000 rw-p 00015000 08:01 131748                     /lib/x86_64-linux-gnu/libgcc_s.so.1
7f9d9f6cd000-7f9d9f750000 r-xp 00000000 08:01 134673                     /lib/x86_64-linux-gnu/libm-2.13.so
7f9d9f750000-7f9d9f94f000 ---p 00083000 08:01 134673                     /lib/x86_64-linux-gnu/libm-2.13.so
7f9d9f94f000-7f9d9f950000 r--p 00082000 08:01 134673                     /lib/x86_64-linux-gnu/libm-2.13.so
7f9d9f950000-7f9d9f951000 rw-p 00083000 08:01 134673                     /lib/x86_64-linux-gnu/libm-2.13.so
7f9d9f951000-7f9d9fa39000 r-xp 00000000 08:01 398097                     /usr/lib/x86_64-linux-gnu/libstdc++.so.6.0.16
7f9d9fa39000-7f9d9fc39000 ---p 000e8000 08:01 398097                     /usr/lib/x86_64-linux-gnu/libstdc++.so.6.0.16
7f9d9fc39000-7f9d9fc41000 r--p 000e8000 08:01 398097                     /usr/lib/x86_64-linux-gnu/libstdc++.so.6.0.16
7f9d9fc41000-7f9d9fc43000 rw-p 000f0000 08:01 398097                     /usr/lib/x86_64-linux-gnu/libstdc++.so.6.0.16
7f9d9fc43000-7f9d9fc58000 rw-p 00000000 00:00 0 
7f9d9fc58000-7f9da05df000 r-xp 00000000 08:01 399897                     /usr/lib/jvm/java-7-openjdk-amd64/jre/lib/amd64/server/libjvm.so
7f9da05df000-7f9da07de000 ---p 00987000 08:01 399897                     /usr/lib/jvm/java-7-openjdk-amd64/jre/lib/amd64/server/libjvm.so
7f9da07de000-7f9da085c000 r--p 00986000 08:01 399897                     /usr/lib/jvm/java-7-openjdk-amd64/jre/lib/amd64/server/libjvm.so
7f9da085c000-7f9da0877000 rw-p 00a04000 08:01 399897                     /usr/lib/jvm/java-7-openjdk-amd64/jre/lib/amd64/server/libjvm.so
7f9da0877000-7f9da08a2000 rw-p 00000000 00:00 0 
7f9da08a2000-7f9da08ba000 r-xp 00000000 08:01 134606                     /lib/x86_64-linux-gnu/libpthread-2.13.so
7f9da08ba000-7f9da0ab9000 ---p 00018000 08:01 134606                     /lib/x86_64-linux-gnu/libpthread-2.13.so
7f9da0ab9000-7f9da0aba000 r--p 00017000 08:01 134606                     /lib/x86_64-linux-gnu/libpthread-2.13.so
7f9da0aba000-7f9da0abb000 rw-p 00018000 08:01 134606                     /lib/x86_64-linux-gnu/libpthread-2.13.so
7f9da0abb000-7f9da0abf000 rw-p 00000000 00:00 0 
7f9da0abf000-7f9da0ad6000 r-xp 00000000 08:01 139905                     /lib/x86_64-linux-gnu/libz.so.1.2.3.4
7f9da0ad6000-7f9da0cd5000 ---p 00017000 08:01 139905                     /lib/x86_64-linux-gnu/libz.so.1.2.3.4
7f9da0cd5000-7f9da0cd6000 r--p 00016000 08:01 139905                     /lib/x86_64-linux-gnu/libz.so.1.2.3.4
7f9da0cd6000-7f9da0cd7000 rw-p 00017000 08:01 139905                     /lib/x86_64-linux-gnu/libz.so.1.2.3.4
7f9da0cd7000-7f9da0cd9000 r-xp 00000000 08:01 134594                     /lib/x86_64-linux-gnu/libdl-2.13.so
7f9da0cd9000-7f9da0ed9000 ---p 00002000 08:01 134594                     /lib/x86_64-linux-gnu/libdl-2.13.so
7f9da0ed9000-7f9da0eda000 r--p 00002000 08:01 134594                     /lib/x86_64-linux-gnu/libdl-2.13.so
7f9da0eda000-7f9da0edb000 rw-p 00003000 08:01 134594                     /lib/x86_64-linux-gnu/libdl-2.13.so
7f9da0edb000-7f9da1070000 r-xp 00000000 08:01 134593                     /lib/x86_64-linux-gnu/libc-2.13.so
7f9da1070000-7f9da126f000 ---p 00195000 08:01 134593                     /lib/x86_64-linux-gnu/libc-2.13.so
7f9da126f000-7f9da1273000 r--p 00194000 08:01 134593                     /lib/x86_64-linux-gnu/libc-2.13.so
7f9da1273000-7f9da1274000 rw-p 00198000 08:01 134593                     /lib/x86_64-linux-gnu/libc-2.13.so
7f9da1274000-7f9da127a000 rw-p 00000000 00:00 0 
7f9da127a000-7f9da1286000 r-xp 00000000 08:01 397479                     /usr/lib/jvm/java-7-openjdk-amd64/jre/lib/amd64/jli/libjli.so
7f9da1286000-7f9da1485000 ---p 0000c000 08:01 397479                     /usr/lib/jvm/java-7-openjdk-amd64/jre/lib/amd64/jli/libjli.so
7f9da1485000-7f9da1486000 r--p 0000b000 08:01 397479                     /usr/lib/jvm/java-7-openjdk-amd64/jre/lib/amd64/jli/libjli.so
7f9da1486000-7f9da1487000 rw-p 0000c000 08:01 397479                     /usr/lib/jvm/java-7-openjdk-amd64/jre/lib/amd64/jli/libjli.so
7f9da1487000-7f9da14a8000 r-xp 00000000 08:01 134600                     /lib/x86_64-linux-gnu/ld-2.13.so
7f9da14a8000-7f9da14ac000 r--s 0009f000 08:01 396465                     /usr/lib/jvm/java-7-openjdk-common/jre/lib/jsse.jar
7f9da14ac000-7f9da14b5000 r--s 00263000 08:01 396683                     /usr/lib/jvm/java-7-openjdk-common/jre/lib/resources.jar
7f9da14b5000-7f9da14bc000 r--s 00000000 08:01 663199                     /usr/lib/x86_64-linux-gnu/gconv/gconv-modules.cache
7f9da14bc000-7f9da14c6000 rw-p 00000000 00:00 0 
7f9da14c6000-7f9da157c000 rw-p 00000000 00:00 0 
7f9da157c000-7f9da157f000 ---p 00000000 00:00 0 
7f9da157f000-7f9da1682000 rw-p 00000000 00:00 0 
7f9da1683000-7f9da1684000 r--p 00000000 00:00 0 
7f9da1684000-7f9da1687000 r--s 00032000 08:01 395025                     /usr/lib/jvm/java-7-openjdk-common/jre/lib/ext/sunjce_provider.jar
7f9da1687000-7f9da168a000 r--s 00085000 08:01 395002                     /usr/lib/jvm/java-7-openjdk-common/jre/lib/ext/localedata.jar
7f9da168a000-7f9da168b000 r--s 00002000 08:01 394906                     /usr/lib/jvm/java-7-openjdk-common/jre/lib/ext/dnsns.jar
7f9da168b000-7f9da168e000 r--s 0003c000 08:01 394890                     /usr/lib/jvm/java-7-openjdk-common/jre/lib/ext/sunpkcs11.jar
7f9da168e000-7f9da1690000 r--s 00012000 08:01 395160                     /usr/lib/jvm/java-7-openjdk-common/jre/lib/ext/zipfs.jar
7f9da1690000-7f9da1693000 r--s 0000f000 08:01 395194                     /usr/lib/jvm/java-7-openjdk-common/jre/lib/ext/pulse-java.jar
7f9da1693000-7f9da169b000 r--s 00066000 08:01 676447                     /usr/share/java/gnome-java-bridge.jar
7f9da169b000-7f9da16a3000 rw-s 00000000 08:01 262890                     /tmp/hsperfdata_guillaume/2482
7f9da16a3000-7f9da16a4000 rw-p 00000000 00:00 0 
7f9da16a4000-7f9da16a5000 r--p 00000000 00:00 0 
7f9da16a5000-7f9da16a7000 rw-p 00000000 00:00 0 
7f9da16a7000-7f9da16a8000 r--p 00020000 08:01 134600                     /lib/x86_64-linux-gnu/ld-2.13.so
7f9da16a8000-7f9da16aa000 rw-p 00021000 08:01 134600                     /lib/x86_64-linux-gnu/ld-2.13.so
7fffee229000-7fffee24a000 rw-p 00000000 00:00 0                          [stack]
7fffee302000-7fffee303000 r-xp 00000000 00:00 0                          [vdso]
ffffffffff600000-ffffffffff601000 r-xp 00000000 00:00 0                  [vsyscall]

VM Arguments:
jvm_args: -Dfile.encoding=UTF-8 
java_command: main.Main
Launcher Type: SUN_STANDARD

Environment Variables:
PATH=/usr/lib/lightdm/lightdm:/usr/local/sbin:/usr/local/bin:/usr/sbin:/usr/bin:/sbin:/bin:/usr/games
USERNAME=guillaume
SHELL=/bin/bash
DISPLAY=:0

Signal Handlers:
SIGSEGV: [libjvm.so+0x7fca30], sa_mask[0]=0x7ffbfeff, sa_flags=0x10000004
SIGBUS: [libjvm.so+0x7fca30], sa_mask[0]=0x7ffbfeff, sa_flags=0x10000004
SIGFPE: [libjvm.so+0x6a1150], sa_mask[0]=0x7ffbfeff, sa_flags=0x10000004
SIGPIPE: [libjvm.so+0x6a1150], sa_mask[0]=0x7ffbfeff, sa_flags=0x10000004
SIGXFSZ: [libjvm.so+0x6a1150], sa_mask[0]=0x7ffbfeff, sa_flags=0x10000004
SIGILL: [libjvm.so+0x6a1150], sa_mask[0]=0x7ffbfeff, sa_flags=0x10000004
SIGUSR1: SIG_DFL, sa_mask[0]=0x00000000, sa_flags=0x00000000
SIGUSR2: [libjvm.so+0x6a1520], sa_mask[0]=0x00000004, sa_flags=0x10000004
SIGHUP: [libjvm.so+0x6a1660], sa_mask[0]=0x7ffbfeff, sa_flags=0x10000004
SIGINT: SIG_IGN, sa_mask[0]=0x00000000, sa_flags=0x00000000
SIGTERM: [libjvm.so+0x6a1660], sa_mask[0]=0x7ffbfeff, sa_flags=0x10000004
SIGQUIT: [libjvm.so+0x6a1660], sa_mask[0]=0x7ffbfeff, sa_flags=0x10000004


---------------  S Y S T E M  ---------------

OS:Ubuntu 11.10 (oneiric)
uname:Linux 3.0.0-12-generic #20-Ubuntu SMP Fri Oct 7 14:56:25 UTC 2011 x86_64
libc:glibc 2.13 NPTL 2.13 
rlimit: STACK 8192k, CORE 0k, NPROC 31562, NOFILE 4096, AS infinity
load average:3,14 1,04 0,37

/proc/meminfo:
MemTotal:        4055792 kB
MemFree:         2400516 kB
Buffers:           84064 kB
Cached:           476704 kB
SwapCached:            0 kB
Active:          1055688 kB
Inactive:         420412 kB
Active(anon):     917300 kB
Inactive(anon):     9796 kB
Active(file):     138388 kB
Inactive(file):   410616 kB
Unevictable:          16 kB
Mlocked:              16 kB
SwapTotal:             0 kB
SwapFree:              0 kB
Dirty:               320 kB
Writeback:             0 kB
AnonPages:        915384 kB
Mapped:           159184 kB
Shmem:             11704 kB
Slab:              55436 kB
SReclaimable:      33172 kB
SUnreclaim:        22264 kB
KernelStack:        2928 kB
PageTables:        21940 kB
NFS_Unstable:          0 kB
Bounce:                0 kB
WritebackTmp:          0 kB
CommitLimit:     2027896 kB
Committed_AS:    2442724 kB
VmallocTotal:   34359738367 kB
VmallocUsed:      102100 kB
VmallocChunk:   34359626748 kB
HardwareCorrupted:     0 kB
AnonHugePages:         0 kB
HugePages_Total:       0
HugePages_Free:        0
HugePages_Rsvd:        0
HugePages_Surp:        0
Hugepagesize:       2048 kB
DirectMap4k:      105408 kB
DirectMap2M:     4087808 kB


CPU:total 2 (2 cores per cpu, 1 threads per core) family 6 model 15 stepping 13, cmov, cx8, fxsr, mmx, sse, sse2, sse3, ssse3

Memory: 4k page, physical 4055792k(2400516k free), swap 0k(0k free)

vm_info: OpenJDK 64-Bit Server VM (21.0-b17) for linux-amd64 JRE (1.7.0_147-b147), built on Sep 30 2011 00:36:33 by "buildd" with gcc 4.6.1

time: Thu Nov 10 19:07:11 2011
elapsed time: 2 seconds

