#
# A fatal error has been detected by the Java Runtime Environment:
#
#  SIGSEGV (0xb) at pc=0x00007fb71b97a1f8, pid=3238, tid=140424769390336
#
# JRE version: 7.0_147-b147
# Java VM: OpenJDK 64-Bit Server VM (21.0-b17 mixed mode linux-amd64 compressed oops)
# Derivative: IcedTea7 2.0pre
# Distribution: Ubuntu oneiric (development branch), package 7~b147-2.0~pre6-1ubuntu1
# Problematic frame:
# C  [liblcms2.so.2+0x121f8]  cmsSaveProfileToIOhandler+0x38
#
# Failed to write core dump. Core dumps have been disabled. To enable core dumping, try "ulimit -c unlimited" before starting Java again
#
# If you would like to submit a bug report, please include
# instructions on how to reproduce the bug and visit:
#   https://bugs.launchpad.net/ubuntu/+source/openjdk-7/
# The crash happened outside the Java Virtual Machine in native code.
# See problematic frame for where to report the bug.
#

---------------  T H R E A D  ---------------

Current thread (0x00000000015cb800):  JavaThread "main" [_thread_in_native, id=3240, stack(0x00007fb7306f4000,0x00007fb7307f5000)]

siginfo:si_signo=SIGSEGV: si_errno=0, si_code=1 (SEGV_MAPERR), si_addr=0x0000000000000000

Registers:
RAX=0x0000000000000000, RBX=0x0000000000000000, RCX=0x00000000000001d4, RDX=0x00007fb7307f2a4c
RSP=0x00007fb7307f1b20, RBP=0x0000000000000000, RSI=0x0000000000000000, RDI=0x00007fb7307f1b20
R8 =0x0000000000000000, R9 =0x0000000000000000, R10=0x0000000000000000, R11=0x0000000000000000
R12=0x00007fb7307f2a4c, R13=0x0000000000000000, R14=0x0000000000000000, R15=0x00000000015cb800
RIP=0x00007fb71b97a1f8, EFLAGS=0x0000000000010246, CSGSFS=0x0000000000000033, ERR=0x0000000000000004
  TRAPNO=0x000000000000000e

Top of Stack: (sp=0x00007fb7307f1b20)
0x00007fb7307f1b20:   00007fb71c0f41d0 00007fb71b978cef
0x00007fb7307f1b30:   0000000000000c48 00007fb71c000020
0x00007fb7307f1b40:   000000000000000e 000000000000080c
0x00007fb7307f1b50:   00007fb700000000 00007fb71c000020
0x00007fb7307f1b60:   000000000000000e 00007fb71b97f754
0x00007fb7307f1b70:   00007fb7307f1ffc 108513c4d4641500
0x00007fb7307f1b80:   00007fb71c0f41d0 00007fb71c0f295c
0x00007fb7307f1b90:   000000000000000e 00007fb71b978ebf
0x00007fb7307f1ba0:   4247527320434549 0000000000000000
0x00007fb7307f1bb0:   00007fb71c0f4470 2dd3000000000100
0x00007fb7307f1bc0:   0000080c000004c4 00007fb71c000020
0x00007fb7307f1bd0:   00007fb700000000 00007fb71c0f4320
0x00007fb7307f1be0:   0000000000000c48 00007fb71c0f27d8
0x00007fb7307f1bf0:   0000000000000011 00007fb7300cfd7c
0x00007fb7307f1c00:   00007fb71c0f4320 00007fb71b978e2c
0x00007fb7307f1c10:   00007fb71c0f2580 00007fb71b97a3ae
0x00007fb7307f1c20:   00007fb71c0f3430 0000000000000000
0x00007fb7307f1c30:   0000003100000000 0000000900000006
0x00007fb7307f1c40:   0000006200000001 ffffffffffffffff
0x00007fb7307f1c50:   0000000000000000 0000000000000000
0x00007fb7307f1c60:   00007fb7301af689 6d6e747202100000
0x00007fb7307f1c70:   58595a2052474220 00000000000000b0
0x00007fb7307f1c80:   7352474249454320 0000000000000000
0x00007fb7307f1c90:   0000000000000000 0000000000000000
0x00007fb7307f1ca0:   6370727400000011 00007fb71c000020
0x00007fb7307f1cb0:   00007fb71c0e55b0 000000000000007c
0x00007fb7307f1cc0:   00007fb7307f21e0 00007fb7307f24a0
0x00007fb7307f1cd0:   00007fb73061985b 00007fb7300cf77d
0x00007fb7307f1ce0:   6254524300000000 000000000000003f
0x00007fb7307f1cf0:   00007fb71c0e55b0 0000000000000000
0x00007fb7307f1d00:   00007fb71c0f183d 00007fb73060d7e1
0x00007fb7307f1d10:   0000000000000000 0000000000000000 

Instructions: (pc=0x00007fb71b97a1f8)
0x00007fb71b97a1d8:   48 89 de 48 81 ec b8 0e 00 00 64 48 8b 04 25 28
0x00007fb71b97a1e8:   00 00 00 48 89 84 24 a8 0e 00 00 31 c0 48 89 e7
0x00007fb71b97a1f8:   f3 48 a5 48 89 df e8 1d f6 ff ff 48 89 c7 e8 65
0x00007fb71b97a208:   f0 ff ff 48 85 c0 49 89 c4 48 89 03 74 0e 31 f6 

Register to memory mapping:

RAX=0x0000000000000000 is an unknown value
RBX=0x0000000000000000 is an unknown value
RCX=0x00000000000001d4 is an unknown value
RDX=0x00007fb7307f2a4c is pointing into the stack for thread: 0x00000000015cb800
RSP=0x00007fb7307f1b20 is pointing into the stack for thread: 0x00000000015cb800
RBP=0x0000000000000000 is an unknown value
RSI=0x0000000000000000 is an unknown value
RDI=0x00007fb7307f1b20 is pointing into the stack for thread: 0x00000000015cb800
R8 =0x0000000000000000 is an unknown value
R9 =0x0000000000000000 is an unknown value
R10=0x0000000000000000 is an unknown value
R11=0x0000000000000000 is an unknown value
R12=0x00007fb7307f2a4c is pointing into the stack for thread: 0x00000000015cb800
R13=0x0000000000000000 is an unknown value
R14=0x0000000000000000 is an unknown value
R15=0x00000000015cb800 is a thread


Stack: [0x00007fb7306f4000,0x00007fb7307f5000],  sp=0x00007fb7307f1b20,  free space=1014k
Native frames: (J=compiled Java code, j=interpreted, Vv=VM code, C=native code)
C  [liblcms2.so.2+0x121f8]  cmsSaveProfileToIOhandler+0x38

[error occurred during error reporting (printing native stack), id 0xb]

Java frames: (J=compiled Java code, j=interpreted, Vv=VM code)
j  sun.java2d.cmm.lcms.LCMS.getTagData(JI[B)V+0
j  java.awt.color.ICC_Profile.getData(JI)[B+26
j  java.awt.color.ICC_Profile.getData(I)[B+14
j  java.awt.color.ICC_Profile.getNumComponents()I+18
j  sun.java2d.cmm.lcms.LCMSTransform.<init>(Ljava/awt/color/ICC_Profile;II)V+83
j  sun.java2d.cmm.lcms.LCMS.createTransform(Ljava/awt/color/ICC_Profile;II)Lsun/java2d/cmm/ColorTransform;+7
j  java.awt.color.ICC_ColorSpace.fromRGB([F)[F+37
j  com.sun.imageio.plugins.jpeg.JPEGImageReader.setImageData(IIIII[B)V+158
v  ~StubRoutines::call_stub
j  com.sun.imageio.plugins.jpeg.JPEGImageReader.readImageHeader(JZZ)Z+0
j  com.sun.imageio.plugins.jpeg.JPEGImageReader.readNativeHeader(Z)Z+12
j  com.sun.imageio.plugins.jpeg.JPEGImageReader.checkTablesOnly()V+92
j  com.sun.imageio.plugins.jpeg.JPEGImageReader.gotoImage(I)V+41
j  com.sun.imageio.plugins.jpeg.JPEGImageReader.readHeader(IZ)V+2
j  com.sun.imageio.plugins.jpeg.JPEGImageReader.readInternal(ILjavax/imageio/ImageReadParam;Z)Ljava/awt/image/Raster;+3
j  com.sun.imageio.plugins.jpeg.JPEGImageReader.read(ILjavax/imageio/ImageReadParam;)Ljava/awt/image/BufferedImage;+8
j  javax.imageio.ImageIO.read(Ljavax/imageio/stream/ImageInputStream;)Ljava/awt/image/BufferedImage;+55
j  javax.imageio.ImageIO.read(Ljava/io/InputStream;)Ljava/awt/image/BufferedImage;+20
j  content.ImageBank.<init>()V+118
j  main.Main.main([Ljava/lang/String;)V+4
v  ~StubRoutines::call_stub

---------------  P R O C E S S  ---------------

Java Threads: ( => current thread )
  0x00007fb71c0b6000 JavaThread "Thread-0" [_thread_blocked, id=3263, stack(0x00007fb720288000,0x00007fb720389000)]
  0x00007fb71c0b4800 JavaThread "AWT-EventQueue-0" [_thread_in_native, id=3262, stack(0x00007fb720389000,0x00007fb72048a000)]
  0x00007fb71c016000 JavaThread "AWT-Shutdown" [_thread_blocked, id=3260, stack(0x00007fb720b20000,0x00007fb720c21000)]
  0x0000000001901800 JavaThread "process reaper" daemon [_thread_blocked, id=3258, stack(0x00007fb720c21000,0x00007fb720c3b000)]
  0x00000000018da000 JavaThread "AWT-XAWT" daemon [_thread_blocked, id=3255, stack(0x00007fb720c3b000,0x00007fb720d3c000)]
  0x0000000001866800 JavaThread "Java2D Disposer" daemon [_thread_blocked, id=3254, stack(0x00007fb720d3c000,0x00007fb720e3d000)]
  0x00000000016cf000 JavaThread "Service Thread" daemon [_thread_blocked, id=3252, stack(0x00007fb728c8a000,0x00007fb728d8b000)]
  0x00000000016cb800 JavaThread "C2 CompilerThread1" daemon [_thread_blocked, id=3251, stack(0x00007fb728d8b000,0x00007fb728e8c000)]
  0x00000000016c8800 JavaThread "C2 CompilerThread0" daemon [_thread_blocked, id=3250, stack(0x00007fb728e8c000,0x00007fb728f8d000)]
  0x00000000016c6800 JavaThread "Signal Dispatcher" daemon [_thread_blocked, id=3249, stack(0x00007fb728f8d000,0x00007fb72908e000)]
  0x0000000001669000 JavaThread "Finalizer" daemon [_thread_blocked, id=3247, stack(0x00007fb72977b000,0x00007fb72987c000)]
  0x0000000001666800 JavaThread "Reference Handler" daemon [_thread_blocked, id=3246, stack(0x00007fb72987c000,0x00007fb72997d000)]
=>0x00000000015cb800 JavaThread "main" [_thread_in_native, id=3240, stack(0x00007fb7306f4000,0x00007fb7307f5000)]

Other Threads:
  0x000000000165e800 VMThread [stack: 0x00007fb72997d000,0x00007fb729a7e000] [id=3245]
  0x00000000016d9800 WatcherThread [stack: 0x00007fb728b89000,0x00007fb728c8a000] [id=3253]

VM state:not at safepoint (normal execution)

VM Mutex/Monitor currently owned by a thread: None

Heap
 PSYoungGen      total 18496K, used 6845K [0x00000000eb560000, 0x00000000eca00000, 0x0000000100000000)
  eden space 15872K, 43% used [0x00000000eb560000,0x00000000ebc0f7a0,0x00000000ec4e0000)
  from space 2624K, 0% used [0x00000000ec770000,0x00000000ec770000,0x00000000eca00000)
  to   space 2624K, 0% used [0x00000000ec4e0000,0x00000000ec4e0000,0x00000000ec770000)
 PSOldGen        total 42304K, used 0K [0x00000000c2000000, 0x00000000c4950000, 0x00000000eb560000)
  object space 42304K, 0% used [0x00000000c2000000,0x00000000c2000000,0x00000000c4950000)
 PSPermGen       total 21248K, used 11343K [0x00000000b7a00000, 0x00000000b8ec0000, 0x00000000c2000000)
  object space 21248K, 53% used [0x00000000b7a00000,0x00000000b8513fc8,0x00000000b8ec0000)

Code Cache  [0x00007fb72a5a7000, 0x00007fb72a817000, 0x00007fb72d5a7000)
 total_blobs=448 nmethods=14 adapters=387 free_code_cache=48608Kb largest_free_block=49763520

Dynamic libraries:
00400000-00401000 r-xp 00000000 08:01 400896                             /usr/lib/jvm/java-7-openjdk-amd64/jre/bin/java
00600000-00601000 r--p 00000000 08:01 400896                             /usr/lib/jvm/java-7-openjdk-amd64/jre/bin/java
00601000-00602000 rw-p 00001000 08:01 400896                             /usr/lib/jvm/java-7-openjdk-amd64/jre/bin/java
015c1000-01b74000 rw-p 00000000 00:00 0                                  [heap]
b7a00000-b8ec0000 rw-p 00000000 00:00 0 
b8ec0000-c2000000 rw-p 00000000 00:00 0 
c2000000-c4950000 rw-p 00000000 00:00 0 
c4950000-eb560000 rw-p 00000000 00:00 0 
eb560000-eca00000 rw-p 00000000 00:00 0 
eca00000-100000000 rw-p 00000000 00:00 0 
7fb71b968000-7fb71b9ae000 r-xp 00000000 08:01 406696                     /usr/lib/x86_64-linux-gnu/liblcms2.so.2.0.2
7fb71b9ae000-7fb71bbad000 ---p 00046000 08:01 406696                     /usr/lib/x86_64-linux-gnu/liblcms2.so.2.0.2
7fb71bbad000-7fb71bbae000 r--p 00045000 08:01 406696                     /usr/lib/x86_64-linux-gnu/liblcms2.so.2.0.2
7fb71bbae000-7fb71bbb2000 rw-p 00046000 08:01 406696                     /usr/lib/x86_64-linux-gnu/liblcms2.so.2.0.2
7fb71bbb2000-7fb71bbb3000 rw-p 00000000 00:00 0 
7fb71bbb3000-7fb71bbb7000 r-xp 00000000 08:01 398964                     /usr/lib/jvm/java-7-openjdk-amd64/jre/lib/amd64/libjavalcms.so
7fb71bbb7000-7fb71bdb6000 ---p 00004000 08:01 398964                     /usr/lib/jvm/java-7-openjdk-amd64/jre/lib/amd64/libjavalcms.so
7fb71bdb6000-7fb71bdb7000 r--p 00003000 08:01 398964                     /usr/lib/jvm/java-7-openjdk-amd64/jre/lib/amd64/libjavalcms.so
7fb71bdb7000-7fb71bdb8000 rw-p 00004000 08:01 398964                     /usr/lib/jvm/java-7-openjdk-amd64/jre/lib/amd64/libjavalcms.so
7fb71bdb8000-7fb71bddc000 r-xp 00000000 08:01 406680                     /usr/lib/x86_64-linux-gnu/libjpeg.so.62.0.0
7fb71bddc000-7fb71bfdb000 ---p 00024000 08:01 406680                     /usr/lib/x86_64-linux-gnu/libjpeg.so.62.0.0
7fb71bfdb000-7fb71bfdc000 r--p 00023000 08:01 406680                     /usr/lib/x86_64-linux-gnu/libjpeg.so.62.0.0
7fb71bfdc000-7fb71bfdd000 rw-p 00024000 08:01 406680                     /usr/lib/x86_64-linux-gnu/libjpeg.so.62.0.0
7fb71c000000-7fb71c0f5000 rw-p 00000000 00:00 0 
7fb71c0f5000-7fb720000000 ---p 00000000 00:00 0 
7fb720001000-7fb72000a000 r-xp 00000000 08:01 398665                     /usr/lib/jvm/java-7-openjdk-amd64/jre/lib/amd64/libjavajpeg.so
7fb72000a000-7fb720209000 ---p 00009000 08:01 398665                     /usr/lib/jvm/java-7-openjdk-amd64/jre/lib/amd64/libjavajpeg.so
7fb720209000-7fb72020a000 r--p 00008000 08:01 398665                     /usr/lib/jvm/java-7-openjdk-amd64/jre/lib/amd64/libjavajpeg.so
7fb72020a000-7fb72020b000 rw-p 00009000 08:01 398665                     /usr/lib/jvm/java-7-openjdk-amd64/jre/lib/amd64/libjavajpeg.so
7fb72020b000-7fb720288000 rw-p 00000000 00:00 0 
7fb720288000-7fb72028b000 ---p 00000000 00:00 0 
7fb72028b000-7fb720389000 rw-p 00000000 00:00 0 
7fb720389000-7fb72038c000 ---p 00000000 00:00 0 
7fb72038c000-7fb72048a000 rw-p 00000000 00:00 0 
7fb72048a000-7fb72049a000 r-xp 00000000 08:01 399340                     /usr/lib/jvm/java-7-openjdk-amd64/jre/lib/amd64/libnio.so
7fb72049a000-7fb720699000 ---p 00010000 08:01 399340                     /usr/lib/jvm/java-7-openjdk-amd64/jre/lib/amd64/libnio.so
7fb720699000-7fb72069a000 r--p 0000f000 08:01 399340                     /usr/lib/jvm/java-7-openjdk-amd64/jre/lib/amd64/libnio.so
7fb72069a000-7fb72069b000 rw-p 00010000 08:01 399340                     /usr/lib/jvm/java-7-openjdk-amd64/jre/lib/amd64/libnio.so
7fb72069b000-7fb7206cc000 rw-p 00000000 00:00 0 
7fb7206cc000-7fb7206e2000 r-xp 00000000 08:01 399248                     /usr/lib/jvm/java-7-openjdk-amd64/jre/lib/amd64/libnet.so
7fb7206e2000-7fb7208e1000 ---p 00016000 08:01 399248                     /usr/lib/jvm/java-7-openjdk-amd64/jre/lib/amd64/libnet.so
7fb7208e1000-7fb7208e2000 r--p 00015000 08:01 399248                     /usr/lib/jvm/java-7-openjdk-amd64/jre/lib/amd64/libnet.so
7fb7208e2000-7fb7208e3000 rw-p 00016000 08:01 399248                     /usr/lib/jvm/java-7-openjdk-amd64/jre/lib/amd64/libnet.so
7fb7208e3000-7fb72091d000 r-xp 00000000 08:01 398142                     /usr/lib/jvm/java-7-openjdk-amd64/jre/lib/amd64/libfontmanager.so
7fb72091d000-7fb720b1d000 ---p 0003a000 08:01 398142                     /usr/lib/jvm/java-7-openjdk-amd64/jre/lib/amd64/libfontmanager.so
7fb720b1d000-7fb720b1f000 r--p 0003a000 08:01 398142                     /usr/lib/jvm/java-7-openjdk-amd64/jre/lib/amd64/libfontmanager.so
7fb720b1f000-7fb720b20000 rw-p 0003c000 08:01 398142                     /usr/lib/jvm/java-7-openjdk-amd64/jre/lib/amd64/libfontmanager.so
7fb720b20000-7fb720b23000 ---p 00000000 00:00 0 
7fb720b23000-7fb720c21000 rw-p 00000000 00:00 0 
7fb720c21000-7fb720c24000 ---p 00000000 00:00 0 
7fb720c24000-7fb720c3b000 rw-p 00000000 00:00 0 
7fb720c3b000-7fb720c3e000 ---p 00000000 00:00 0 
7fb720c3e000-7fb720d3c000 rw-p 00000000 00:00 0 
7fb720d3c000-7fb720d3f000 ---p 00000000 00:00 0 
7fb720d3f000-7fb720e3d000 rw-p 00000000 00:00 0 
7fb720e3d000-7fb720e40000 r-xp 00000000 08:01 139849                     /lib/x86_64-linux-gnu/libgpg-error.so.0.8.0
7fb720e40000-7fb72103f000 ---p 00003000 08:01 139849                     /lib/x86_64-linux-gnu/libgpg-error.so.0.8.0
7fb72103f000-7fb721040000 r--p 00002000 08:01 139849                     /lib/x86_64-linux-gnu/libgpg-error.so.0.8.0
7fb721040000-7fb721041000 rw-p 00003000 08:01 139849                     /lib/x86_64-linux-gnu/libgpg-error.so.0.8.0
7fb721041000-7fb721043000 r-xp 00000000 08:01 139851                     /lib/x86_64-linux-gnu/libkeyutils.so.1.3
7fb721043000-7fb721242000 ---p 00002000 08:01 139851                     /lib/x86_64-linux-gnu/libkeyutils.so.1.3
7fb721242000-7fb721243000 r--p 00001000 08:01 139851                     /lib/x86_64-linux-gnu/libkeyutils.so.1.3
7fb721243000-7fb721244000 rw-p 00002000 08:01 139851                     /lib/x86_64-linux-gnu/libkeyutils.so.1.3
7fb721244000-7fb721286000 r-xp 00000000 08:01 135649                     /lib/x86_64-linux-gnu/libdbus-1.so.3.5.7
7fb721286000-7fb721485000 ---p 00042000 08:01 135649                     /lib/x86_64-linux-gnu/libdbus-1.so.3.5.7
7fb721485000-7fb721486000 r--p 00041000 08:01 135649                     /lib/x86_64-linux-gnu/libdbus-1.so.3.5.7
7fb721486000-7fb721487000 rw-p 00042000 08:01 135649                     /lib/x86_64-linux-gnu/libdbus-1.so.3.5.7
7fb721487000-7fb721501000 r-xp 00000000 08:01 139845                     /lib/x86_64-linux-gnu/libgcrypt.so.11.7.0
7fb721501000-7fb721701000 ---p 0007a000 08:01 139845                     /lib/x86_64-linux-gnu/libgcrypt.so.11.7.0
7fb721701000-7fb721702000 r--p 0007a000 08:01 139845                     /lib/x86_64-linux-gnu/libgcrypt.so.11.7.0
7fb721702000-7fb721705000 rw-p 0007b000 08:01 139845                     /lib/x86_64-linux-gnu/libgcrypt.so.11.7.0
7fb721705000-7fb721715000 r-xp 00000000 08:01 406788                     /usr/lib/x86_64-linux-gnu/libtasn1.so.3.1.11
7fb721715000-7fb721914000 ---p 00010000 08:01 406788                     /usr/lib/x86_64-linux-gnu/libtasn1.so.3.1.11
7fb721914000-7fb721915000 r--p 0000f000 08:01 406788                     /usr/lib/x86_64-linux-gnu/libtasn1.so.3.1.11
7fb721915000-7fb721916000 rw-p 00010000 08:01 406788                     /usr/lib/x86_64-linux-gnu/libtasn1.so.3.1.11
7fb721916000-7fb72191d000 r-xp 00000000 08:01 397002                     /usr/lib/x86_64-linux-gnu/libkrb5support.so.0.1
7fb72191d000-7fb721b1c000 ---p 00007000 08:01 397002                     /usr/lib/x86_64-linux-gnu/libkrb5support.so.0.1
7fb721b1c000-7fb721b1d000 r--p 00006000 08:01 397002                     /usr/lib/x86_64-linux-gnu/libkrb5support.so.0.1
7fb721b1d000-7fb721b1e000 rw-p 00007000 08:01 397002                     /usr/lib/x86_64-linux-gnu/libkrb5support.so.0.1
7fb721b1e000-7fb721b21000 r-xp 00000000 08:01 139827                     /lib/x86_64-linux-gnu/libcom_err.so.2.1
7fb721b21000-7fb721d20000 ---p 00003000 08:01 139827                     /lib/x86_64-linux-gnu/libcom_err.so.2.1
7fb721d20000-7fb721d21000 r--p 00002000 08:01 139827                     /lib/x86_64-linux-gnu/libcom_err.so.2.1
7fb721d21000-7fb721d22000 rw-p 00003000 08:01 139827                     /lib/x86_64-linux-gnu/libcom_err.so.2.1
7fb721d22000-7fb721d48000 r-xp 00000000 08:01 394051                     /usr/lib/x86_64-linux-gnu/libk5crypto.so.3.1
7fb721d48000-7fb721f47000 ---p 00026000 08:01 394051                     /usr/lib/x86_64-linux-gnu/libk5crypto.so.3.1
7fb721f47000-7fb721f49000 r--p 00025000 08:01 394051                     /usr/lib/x86_64-linux-gnu/libk5crypto.so.3.1
7fb721f49000-7fb721f4a000 rw-p 00027000 08:01 394051                     /usr/lib/x86_64-linux-gnu/libk5crypto.so.3.1
7fb721f4a000-7fb722009000 r-xp 00000000 08:01 397018                     /usr/lib/x86_64-linux-gnu/libkrb5.so.3.3
7fb722009000-7fb722209000 ---p 000bf000 08:01 397018                     /usr/lib/x86_64-linux-gnu/libkrb5.so.3.3
7fb722209000-7fb722212000 r--p 000bf000 08:01 397018                     /usr/lib/x86_64-linux-gnu/libkrb5.so.3.3
7fb722212000-7fb722213000 rw-p 000c8000 08:01 397018                     /usr/lib/x86_64-linux-gnu/libkrb5.so.3.3
7fb722213000-7fb72221a000 r-xp 00000000 08:01 406811                     /usr/lib/x86_64-linux-gnu/libxcb-render.so.0.0.0
7fb72221a000-7fb72241a000 ---p 00007000 08:01 406811                     /usr/lib/x86_64-linux-gnu/libxcb-render.so.0.0.0
7fb72241a000-7fb72241b000 r--p 00007000 08:01 406811                     /usr/lib/x86_64-linux-gnu/libxcb-render.so.0.0.0
7fb72241b000-7fb72241c000 rw-p 00008000 08:01 406811                     /usr/lib/x86_64-linux-gnu/libxcb-render.so.0.0.0
7fb72241c000-7fb72241e000 r-xp 00000000 08:01 406815                     /usr/lib/x86_64-linux-gnu/libxcb-shm.so.0.0.0
7fb72241e000-7fb72261d000 ---p 00002000 08:01 406815                     /usr/lib/x86_64-linux-gnu/libxcb-shm.so.0.0.0
7fb72261d000-7fb72261e000 r--p 00001000 08:01 406815                     /usr/lib/x86_64-linux-gnu/libxcb-shm.so.0.0.0
7fb72261e000-7fb72261f000 rw-p 00002000 08:01 406815                     /usr/lib/x86_64-linux-gnu/libxcb-shm.so.0.0.0
7fb72261f000-7fb722645000 r-xp 00000000 08:01 139881                     /lib/x86_64-linux-gnu/libpng12.so.0.46.0
7fb722645000-7fb722844000 ---p 00026000 08:01 139881                     /lib/x86_64-linux-gnu/libpng12.so.0.46.0
7fb722844000-7fb722845000 r--p 00025000 08:01 139881                     /lib/x86_64-linux-gnu/libpng12.so.0.46.0
7fb722845000-7fb722846000 rw-p 00026000 08:01 139881                     /lib/x86_64-linux-gnu/libpng12.so.0.46.0
7fb722846000-7fb7228b4000 r-xp 00000000 08:01 406743                     /usr/lib/x86_64-linux-gnu/libpixman-1.so.0.22.2
7fb7228b4000-7fb722ab4000 ---p 0006e000 08:01 406743                     /usr/lib/x86_64-linux-gnu/libpixman-1.so.0.22.2
7fb722ab4000-7fb722ab9000 r--p 0006e000 08:01 406743                     /usr/lib/x86_64-linux-gnu/libpixman-1.so.0.22.2
7fb722ab9000-7fb722aba000 rw-p 00073000 08:01 406743                     /usr/lib/x86_64-linux-gnu/libpixman-1.so.0.22.2
7fb722aba000-7fb722abf000 r-xp 00000000 08:01 406539                     /usr/lib/x86_64-linux-gnu/libXdmcp.so.6.0.0
7fb722abf000-7fb722cbe000 ---p 00005000 08:01 406539                     /usr/lib/x86_64-linux-gnu/libXdmcp.so.6.0.0
7fb722cbe000-7fb722cbf000 r--p 00004000 08:01 406539                     /usr/lib/x86_64-linux-gnu/libXdmcp.so.6.0.0
7fb722cbf000-7fb722cc0000 rw-p 00005000 08:01 406539                     /usr/lib/x86_64-linux-gnu/libXdmcp.so.6.0.0
7fb722cc0000-7fb722cc2000 r-xp 00000000 08:01 406531                     /usr/lib/x86_64-linux-gnu/libXau.so.6.0.0
7fb722cc2000-7fb722ec1000 ---p 00002000 08:01 406531                     /usr/lib/x86_64-linux-gnu/libXau.so.6.0.0
7fb722ec1000-7fb722ec2000 r--p 00001000 08:01 406531                     /usr/lib/x86_64-linux-gnu/libXau.so.6.0.0
7fb722ec2000-7fb722ec3000 rw-p 00002000 08:01 406531                     /usr/lib/x86_64-linux-gnu/libXau.so.6.0.0
7fb722ec3000-7fb722ed4000 r-xp 00000000 08:01 406571                     /usr/lib/x86_64-linux-gnu/libavahi-client.so.3.2.9
7fb722ed4000-7fb7230d4000 ---p 00011000 08:01 406571                     /usr/lib/x86_64-linux-gnu/libavahi-client.so.3.2.9
7fb7230d4000-7fb7230d5000 r--p 00011000 08:01 406571                     /usr/lib/x86_64-linux-gnu/libavahi-client.so.3.2.9
7fb7230d5000-7fb7230d6000 rw-p 00012000 08:01 406571                     /usr/lib/x86_64-linux-gnu/libavahi-client.so.3.2.9
7fb7230d6000-7fb7230e3000 r-xp 00000000 08:01 406573                     /usr/lib/x86_64-linux-gnu/libavahi-common.so.3.5.3
7fb7230e3000-7fb7232e2000 ---p 0000d000 08:01 406573                     /usr/lib/x86_64-linux-gnu/libavahi-common.so.3.5.3
7fb7232e2000-7fb7232e3000 r--p 0000c000 08:01 406573                     /usr/lib/x86_64-linux-gnu/libavahi-common.so.3.5.3
7fb7232e3000-7fb7232e4000 rw-p 0000d000 08:01 406573                     /usr/lib/x86_64-linux-gnu/libavahi-common.so.3.5.3
7fb7232e4000-7fb723385000 r-xp 00000000 08:01 406657                     /usr/lib/x86_64-linux-gnu/libgnutls.so.26.16.14
7fb723385000-7fb723584000 ---p 000a1000 08:01 406657                     /usr/lib/x86_64-linux-gnu/libgnutls.so.26.16.14
7fb723584000-7fb72358b000 r--p 000a0000 08:01 406657                     /usr/lib/x86_64-linux-gnu/libgnutls.so.26.16.14
7fb72358b000-7fb72358c000 rw-p 000a7000 08:01 406657                     /usr/lib/x86_64-linux-gnu/libgnutls.so.26.16.14
7fb72358c000-7fb7235c7000 r-xp 00000000 08:01 406685                     /usr/lib/x86_64-linux-gnu/libgssapi_krb5.so.2.2
7fb7235c7000-7fb7237c7000 ---p 0003b000 08:01 406685                     /usr/lib/x86_64-linux-gnu/libgssapi_krb5.so.2.2
7fb7237c7000-7fb7237c8000 r--p 0003b000 08:01 406685                     /usr/lib/x86_64-linux-gnu/libgssapi_krb5.so.2.2
7fb7237c8000-7fb7237ca000 rw-p 0003c000 08:01 406685                     /usr/lib/x86_64-linux-gnu/libgssapi_krb5.so.2.2
7fb7237ca000-7fb723805000 r-xp 00000000 08:01 139879                     /lib/x86_64-linux-gnu/libpcre.so.3.12.1
7fb723805000-7fb723a04000 ---p 0003b000 08:01 139879                     /lib/x86_64-linux-gnu/libpcre.so.3.12.1
7fb723a04000-7fb723a05000 r--p 0003a000 08:01 139879                     /lib/x86_64-linux-gnu/libpcre.so.3.12.1
7fb723a05000-7fb723a06000 rw-p 0003b000 08:01 139879                     /lib/x86_64-linux-gnu/libpcre.so.3.12.1
7fb723a06000-7fb723a0d000 r-xp 00000000 08:01 396800                     /usr/lib/x86_64-linux-gnu/libffi.so.6.0.0
7fb723a0d000-7fb723c0c000 ---p 00007000 08:01 396800                     /usr/lib/x86_64-linux-gnu/libffi.so.6.0.0
7fb723c0c000-7fb723c0d000 r--p 00006000 08:01 396800                     /usr/lib/x86_64-linux-gnu/libffi.so.6.0.0
7fb723c0d000-7fb723c0e000 rw-p 00007000 08:01 396800                     /usr/lib/x86_64-linux-gnu/libffi.so.6.0.0
7fb723c0e000-7fb723c35000 r-xp 00000000 08:01 139838                     /lib/x86_64-linux-gnu/libexpat.so.1.5.2
7fb723c35000-7fb723e35000 ---p 00027000 08:01 139838                     /lib/x86_64-linux-gnu/libexpat.so.1.5.2
7fb723e35000-7fb723e37000 r--p 00027000 08:01 139838                     /lib/x86_64-linux-gnu/libexpat.so.1.5.2
7fb723e37000-7fb723e38000 rw-p 00029000 08:01 139838                     /lib/x86_64-linux-gnu/libexpat.so.1.5.2
7fb723e38000-7fb723eca000 r-xp 00000000 08:01 406632                     /usr/lib/x86_64-linux-gnu/libfreetype.so.6.6.2
7fb723eca000-7fb7240c9000 ---p 00092000 08:01 406632                     /usr/lib/x86_64-linux-gnu/libfreetype.so.6.6.2
7fb7240c9000-7fb7240cf000 r--p 00091000 08:01 406632                     /usr/lib/x86_64-linux-gnu/libfreetype.so.6.6.2
7fb7240cf000-7fb7240d0000 rw-p 00097000 08:01 406632                     /usr/lib/x86_64-linux-gnu/libfreetype.so.6.6.2
7fb7240d0000-7fb7240e7000 r-xp 00000000 08:01 134597                     /lib/x86_64-linux-gnu/libresolv-2.13.so
7fb7240e7000-7fb7242e7000 ---p 00017000 08:01 134597                     /lib/x86_64-linux-gnu/libresolv-2.13.so
7fb7242e7000-7fb7242e8000 r--p 00017000 08:01 134597                     /lib/x86_64-linux-gnu/libresolv-2.13.so
7fb7242e8000-7fb7242e9000 rw-p 00018000 08:01 134597                     /lib/x86_64-linux-gnu/libresolv-2.13.so
7fb7242e9000-7fb7242eb000 rw-p 00000000 00:00 0 
7fb7242eb000-7fb724307000 r-xp 00000000 08:01 139888                     /lib/x86_64-linux-gnu/libselinux.so.1
7fb724307000-7fb724506000 ---p 0001c000 08:01 139888                     /lib/x86_64-linux-gnu/libselinux.so.1
7fb724506000-7fb724507000 r--p 0001b000 08:01 139888                     /lib/x86_64-linux-gnu/libselinux.so.1
7fb724507000-7fb724508000 rw-p 0001c000 08:01 139888                     /lib/x86_64-linux-gnu/libselinux.so.1
7fb724508000-7fb724509000 rw-p 00000000 00:00 0 
7fb724509000-7fb72450b000 r-xp 00000000 08:01 406537                     /usr/lib/x86_64-linux-gnu/libXdamage.so.1.1.0
7fb72450b000-7fb72470a000 ---p 00002000 08:01 406537                     /usr/lib/x86_64-linux-gnu/libXdamage.so.1.1.0
7fb72470a000-7fb72470b000 r--p 00001000 08:01 406537                     /usr/lib/x86_64-linux-gnu/libXdamage.so.1.1.0
7fb72470b000-7fb72470c000 rw-p 00002000 08:01 406537                     /usr/lib/x86_64-linux-gnu/libXdamage.so.1.1.0
7fb72470c000-7fb72470e000 r-xp 00000000 08:01 406533                     /usr/lib/x86_64-linux-gnu/libXcomposite.so.1.0.0
7fb72470e000-7fb72490d000 ---p 00002000 08:01 406533                     /usr/lib/x86_64-linux-gnu/libXcomposite.so.1.0.0
7fb72490d000-7fb72490e000 r--p 00001000 08:01 406533                     /usr/lib/x86_64-linux-gnu/libXcomposite.so.1.0.0
7fb72490e000-7fb72490f000 rw-p 00002000 08:01 406533                     /usr/lib/x86_64-linux-gnu/libXcomposite.so.1.0.0
7fb72490f000-7fb724918000 r-xp 00000000 08:01 406535                     /usr/lib/x86_64-linux-gnu/libXcursor.so.1.0.2
7fb724918000-7fb724b17000 ---p 00009000 08:01 406535                     /usr/lib/x86_64-linux-gnu/libXcursor.so.1.0.2
7fb724b17000-7fb724b18000 r--p 00008000 08:01 406535                     /usr/lib/x86_64-linux-gnu/libXcursor.so.1.0.2
7fb724b18000-7fb724b19000 rw-p 00009000 08:01 406535                     /usr/lib/x86_64-linux-gnu/libXcursor.so.1.0.2
7fb724b19000-7fb724b21000 r-xp 00000000 08:01 406551                     /usr/lib/x86_64-linux-gnu/libXrandr.so.2.2.0
7fb724b21000-7fb724d20000 ---p 00008000 08:01 406551                     /usr/lib/x86_64-linux-gnu/libXrandr.so.2.2.0
7fb724d20000-7fb724d21000 r--p 00007000 08:01 406551                     /usr/lib/x86_64-linux-gnu/libXrandr.so.2.2.0
7fb724d21000-7fb724d22000 rw-p 00008000 08:01 406551                     /usr/lib/x86_64-linux-gnu/libXrandr.so.2.2.0
7fb724d22000-7fb724d24000 r-xp 00000000 08:01 406549                     /usr/lib/x86_64-linux-gnu/libXinerama.so.1.0.0
7fb724d24000-7fb724f23000 ---p 00002000 08:01 406549                     /usr/lib/x86_64-linux-gnu/libXinerama.so.1.0.0
7fb724f23000-7fb724f24000 r--p 00001000 08:01 406549                     /usr/lib/x86_64-linux-gnu/libXinerama.so.1.0.0
7fb724f24000-7fb724f25000 rw-p 00002000 08:01 406549                     /usr/lib/x86_64-linux-gnu/libXinerama.so.1.0.0
7fb724f25000-7fb724f28000 r-xp 00000000 08:01 395217                     /usr/lib/x86_64-linux-gnu/libgmodule-2.0.so.0.3000.0
7fb724f28000-7fb725127000 ---p 00003000 08:01 395217                     /usr/lib/x86_64-linux-gnu/libgmodule-2.0.so.0.3000.0
7fb725127000-7fb725128000 r--p 00002000 08:01 395217                     /usr/lib/x86_64-linux-gnu/libgmodule-2.0.so.0.3000.0
7fb725128000-7fb725129000 rw-p 00003000 08:01 395217                     /usr/lib/x86_64-linux-gnu/libgmodule-2.0.so.0.3000.0
7fb725129000-7fb725153000 r-xp 00000000 08:01 397305                     /usr/lib/x86_64-linux-gnu/libpangoft2-1.0.so.0.2903.0
7fb725153000-7fb725352000 ---p 0002a000 08:01 397305                     /usr/lib/x86_64-linux-gnu/libpangoft2-1.0.so.0.2903.0
7fb725352000-7fb725353000 r--p 00029000 08:01 397305                     /usr/lib/x86_64-linux-gnu/libpangoft2-1.0.so.0.2903.0
7fb725353000-7fb725354000 rw-p 0002a000 08:01 397305                     /usr/lib/x86_64-linux-gnu/libpangoft2-1.0.so.0.2903.0
7fb725354000-7fb72540d000 r-xp 00000000 08:01 406593                     /usr/lib/x86_64-linux-gnu/libcairo.so.2.11000.2
7fb72540d000-7fb72560c000 ---p 000b9000 08:01 406593                     /usr/lib/x86_64-linux-gnu/libcairo.so.2.11000.2
7fb72560c000-7fb72560e000 r--p 000b8000 08:01 406593                     /usr/lib/x86_64-linux-gnu/libcairo.so.2.11000.2
7fb72560e000-7fb72560f000 rw-p 000ba000 08:01 406593                     /usr/lib/x86_64-linux-gnu/libcairo.so.2.11000.2
7fb72560f000-7fb725612000 rw-p 00000000 00:00 0 
7fb725612000-7fb725631000 r-xp 00000000 08:01 394856                     /usr/lib/x86_64-linux-gnu/libatk-1.0.so.0.20209.1
7fb725631000-7fb725831000 ---p 0001f000 08:01 394856                     /usr/lib/x86_64-linux-gnu/libatk-1.0.so.0.20209.1
7fb725831000-7fb725833000 r--p 0001f000 08:01 394856                     /usr/lib/x86_64-linux-gnu/libatk-1.0.so.0.20209.1
7fb725833000-7fb725834000 rw-p 00021000 08:01 394856                     /usr/lib/x86_64-linux-gnu/libatk-1.0.so.0.20209.1
7fb725834000-7fb725839000 r-xp 00000000 08:01 406543                     /usr/lib/x86_64-linux-gnu/libXfixes.so.3.1.0
7fb725839000-7fb725a38000 ---p 00005000 08:01 406543                     /usr/lib/x86_64-linux-gnu/libXfixes.so.3.1.0
7fb725a38000-7fb725a39000 r--p 00004000 08:01 406543                     /usr/lib/x86_64-linux-gnu/libXfixes.so.3.1.0
7fb725a39000-7fb725a3a000 rw-p 00005000 08:01 406543                     /usr/lib/x86_64-linux-gnu/libXfixes.so.3.1.0
7fb725a3a000-7fb725a45000 r-xp 00000000 08:01 397309                     /usr/lib/x86_64-linux-gnu/libpangocairo-1.0.so.0.2903.0
7fb725a45000-7fb725c45000 ---p 0000b000 08:01 397309                     /usr/lib/x86_64-linux-gnu/libpangocairo-1.0.so.0.2903.0
7fb725c45000-7fb725c46000 r--p 0000b000 08:01 397309                     /usr/lib/x86_64-linux-gnu/libpangocairo-1.0.so.0.2903.0
7fb725c46000-7fb725c47000 rw-p 0000c000 08:01 397309                     /usr/lib/x86_64-linux-gnu/libpangocairo-1.0.so.0.2903.0
7fb725c47000-7fb725c62000 r-xp 00000000 08:01 406817                     /usr/lib/x86_64-linux-gnu/libxcb.so.1.1.0
7fb725c62000-7fb725e61000 ---p 0001b000 08:01 406817                     /usr/lib/x86_64-linux-gnu/libxcb.so.1.1.0
7fb725e61000-7fb725e62000 r--p 0001a000 08:01 406817                     /usr/lib/x86_64-linux-gnu/libxcb.so.1.1.0
7fb725e62000-7fb725e63000 rw-p 0001b000 08:01 406817                     /usr/lib/x86_64-linux-gnu/libxcb.so.1.1.0
7fb725e63000-7fb725eb1000 r-xp 00000000 08:01 400264                     /usr/lib/x86_64-linux-gnu/libcups.so.2
7fb725eb1000-7fb7260b1000 ---p 0004e000 08:01 400264                     /usr/lib/x86_64-linux-gnu/libcups.so.2
7fb7260b1000-7fb7260b5000 r--p 0004e000 08:01 400264                     /usr/lib/x86_64-linux-gnu/libcups.so.2
7fb7260b5000-7fb7260b6000 rw-p 00052000 08:01 400264                     /usr/lib/x86_64-linux-gnu/libcups.so.2
7fb7260b6000-7fb7261aa000 r-xp 00000000 08:01 134283                     /lib/x86_64-linux-gnu/libglib-2.0.so.0.3000.0
7fb7261aa000-7fb7263a9000 ---p 000f4000 08:01 134283                     /lib/x86_64-linux-gnu/libglib-2.0.so.0.3000.0
7fb7263a9000-7fb7263aa000 r--p 000f3000 08:01 134283                     /lib/x86_64-linux-gnu/libglib-2.0.so.0.3000.0
7fb7263aa000-7fb7263ab000 rw-p 000f4000 08:01 134283                     /lib/x86_64-linux-gnu/libglib-2.0.so.0.3000.0
7fb7263ab000-7fb7263ac000 rw-p 00000000 00:00 0 
7fb7263ac000-7fb7263b0000 r-xp 00000000 08:01 394708                     /usr/lib/x86_64-linux-gnu/libgthread-2.0.so.0.3000.0
7fb7263b0000-7fb7265af000 ---p 00004000 08:01 394708                     /usr/lib/x86_64-linux-gnu/libgthread-2.0.so.0.3000.0
7fb7265af000-7fb7265b0000 r--p 00003000 08:01 394708                     /usr/lib/x86_64-linux-gnu/libgthread-2.0.so.0.3000.0
7fb7265b0000-7fb7265b1000 rw-p 00004000 08:01 394708                     /usr/lib/x86_64-linux-gnu/libgthread-2.0.so.0.3000.0
7fb7265b1000-7fb7265ff000 r-xp 00000000 08:01 394707                     /usr/lib/x86_64-linux-gnu/libgobject-2.0.so.0.3000.0
7fb7265ff000-7fb7267ff000 ---p 0004e000 08:01 394707                     /usr/lib/x86_64-linux-gnu/libgobject-2.0.so.0.3000.0
7fb7267ff000-7fb726800000 r--p 0004e000 08:01 394707                     /usr/lib/x86_64-linux-gnu/libgobject-2.0.so.0.3000.0
7fb726800000-7fb726801000 rw-p 0004f000 08:01 394707                     /usr/lib/x86_64-linux-gnu/libgobject-2.0.so.0.3000.0
7fb726801000-7fb726802000 rw-p 00000000 00:00 0 
7fb726802000-7fb726836000 r-xp 00000000 08:01 406630                     /usr/lib/x86_64-linux-gnu/libfontconfig.so.1.4.4
7fb726836000-7fb726a36000 ---p 00034000 08:01 406630                     /usr/lib/x86_64-linux-gnu/libfontconfig.so.1.4.4
7fb726a36000-7fb726a37000 r--p 00034000 08:01 406630                     /usr/lib/x86_64-linux-gnu/libfontconfig.so.1.4.4
7fb726a37000-7fb726a38000 rw-p 00035000 08:01 406630                     /usr/lib/x86_64-linux-gnu/libfontconfig.so.1.4.4
7fb726a38000-7fb726a7f000 r-xp 00000000 08:01 397304                     /usr/lib/x86_64-linux-gnu/libpango-1.0.so.0.2903.0
7fb726a7f000-7fb726c7f000 ---p 00047000 08:01 397304                     /usr/lib/x86_64-linux-gnu/libpango-1.0.so.0.2903.0
7fb726c7f000-7fb726c81000 r--p 00047000 08:01 397304                     /usr/lib/x86_64-linux-gnu/libpango-1.0.so.0.2903.0
7fb726c81000-7fb726c82000 rw-p 00049000 08:01 397304                     /usr/lib/x86_64-linux-gnu/libpango-1.0.so.0.2903.0
7fb726c82000-7fb726ca0000 r-xp 00000000 08:01 394128                     /usr/lib/x86_64-linux-gnu/libgdk_pixbuf-2.0.so.0.2400.0
7fb726ca0000-7fb726e9f000 ---p 0001e000 08:01 394128                     /usr/lib/x86_64-linux-gnu/libgdk_pixbuf-2.0.so.0.2400.0
7fb726e9f000-7fb726ea0000 r--p 0001d000 08:01 394128                     /usr/lib/x86_64-linux-gnu/libgdk_pixbuf-2.0.so.0.2400.0
7fb726ea0000-7fb726ea1000 rw-p 0001e000 08:01 394128                     /usr/lib/x86_64-linux-gnu/libgdk_pixbuf-2.0.so.0.2400.0
7fb726ea1000-7fb726fdc000 r-xp 00000000 08:01 394685                     /usr/lib/x86_64-linux-gnu/libgio-2.0.so.0.3000.0
7fb726fdc000-7fb7271db000 ---p 0013b000 08:01 394685                     /usr/lib/x86_64-linux-gnu/libgio-2.0.so.0.3000.0
7fb7271db000-7fb7271df000 r--p 0013a000 08:01 394685                     /usr/lib/x86_64-linux-gnu/libgio-2.0.so.0.3000.0
7fb7271df000-7fb7271e1000 rw-p 0013e000 08:01 394685                     /usr/lib/x86_64-linux-gnu/libgio-2.0.so.0.3000.0
7fb7271e1000-7fb7271e3000 rw-p 00000000 00:00 0 
7fb7271e3000-7fb727290000 r-xp 00000000 08:01 397253                     /usr/lib/x86_64-linux-gnu/libgdk-x11-2.0.so.0.2400.6
7fb727290000-7fb72748f000 ---p 000ad000 08:01 397253                     /usr/lib/x86_64-linux-gnu/libgdk-x11-2.0.so.0.2400.6
7fb72748f000-7fb727493000 r--p 000ac000 08:01 397253                     /usr/lib/x86_64-linux-gnu/libgdk-x11-2.0.so.0.2400.6
7fb727493000-7fb727495000 rw-p 000b0000 08:01 397253                     /usr/lib/x86_64-linux-gnu/libgdk-x11-2.0.so.0.2400.6
7fb727495000-7fb7278c4000 r-xp 00000000 08:01 397246                     /usr/lib/x86_64-linux-gnu/libgtk-x11-2.0.so.0.2400.6
7fb7278c4000-7fb727ac4000 ---p 0042f000 08:01 397246                     /usr/lib/x86_64-linux-gnu/libgtk-x11-2.0.so.0.2400.6
7fb727ac4000-7fb727acb000 r--p 0042f000 08:01 397246                     /usr/lib/x86_64-linux-gnu/libgtk-x11-2.0.so.0.2400.6
7fb727acb000-7fb727acf000 rw-p 00436000 08:01 397246                     /usr/lib/x86_64-linux-gnu/libgtk-x11-2.0.so.0.2400.6
7fb727acf000-7fb727ad1000 rw-p 00000000 00:00 0 
7fb727ad1000-7fb727ae0000 r-xp 00000000 08:01 406547                     /usr/lib/x86_64-linux-gnu/libXi.so.6.1.0
7fb727ae0000-7fb727cdf000 ---p 0000f000 08:01 406547                     /usr/lib/x86_64-linux-gnu/libXi.so.6.1.0
7fb727cdf000-7fb727ce0000 r--p 0000e000 08:01 406547                     /usr/lib/x86_64-linux-gnu/libXi.so.6.1.0
7fb727ce0000-7fb727ce1000 rw-p 0000f000 08:01 406547                     /usr/lib/x86_64-linux-gnu/libXi.so.6.1.0
7fb727ce1000-7fb727ce6000 r-xp 00000000 08:01 398564                     /usr/lib/libXtst.so.6.1.0
7fb727ce6000-7fb727ee5000 ---p 00005000 08:01 398564                     /usr/lib/libXtst.so.6.1.0
7fb727ee5000-7fb727ee6000 r--p 00004000 08:01 398564                     /usr/lib/libXtst.so.6.1.0
7fb727ee6000-7fb727ee7000 rw-p 00005000 08:01 398564                     /usr/lib/libXtst.so.6.1.0
7fb727ee7000-7fb727ef0000 r-xp 00000000 08:01 406553                     /usr/lib/x86_64-linux-gnu/libXrender.so.1.3.0
7fb727ef0000-7fb7280f0000 ---p 00009000 08:01 406553                     /usr/lib/x86_64-linux-gnu/libXrender.so.1.3.0
7fb7280f0000-7fb7280f1000 r--p 00009000 08:01 406553                     /usr/lib/x86_64-linux-gnu/libXrender.so.1.3.0
7fb7280f1000-7fb7280f2000 rw-p 0000a000 08:01 406553                     /usr/lib/x86_64-linux-gnu/libXrender.so.1.3.0
7fb7280f2000-7fb728225000 r-xp 00000000 08:01 406471                     /usr/lib/x86_64-linux-gnu/libX11.so.6.3.0
7fb728225000-7fb728425000 ---p 00133000 08:01 406471                     /usr/lib/x86_64-linux-gnu/libX11.so.6.3.0
7fb728425000-7fb728426000 r--p 00133000 08:01 406471                     /usr/lib/x86_64-linux-gnu/libX11.so.6.3.0
7fb728426000-7fb72842a000 rw-p 00134000 08:01 406471                     /usr/lib/x86_64-linux-gnu/libX11.so.6.3.0
7fb72842a000-7fb72843c000 r-xp 00000000 08:01 406541                     /usr/lib/x86_64-linux-gnu/libXext.so.6.4.0
7fb72843c000-7fb72863b000 ---p 00012000 08:01 406541                     /usr/lib/x86_64-linux-gnu/libXext.so.6.4.0
7fb72863b000-7fb72863c000 r--p 00011000 08:01 406541                     /usr/lib/x86_64-linux-gnu/libXext.so.6.4.0
7fb72863c000-7fb72863d000 rw-p 00012000 08:01 406541                     /usr/lib/x86_64-linux-gnu/libXext.so.6.4.0
7fb72863d000-7fb728660000 r--p 00000000 08:01 675061                     /usr/share/locale-langpack/fr/LC_MESSAGES/libc.mo
7fb728660000-7fb7286b2000 r-xp 00000000 08:01 401973                     /usr/lib/jvm/java-7-openjdk-amd64/jre/lib/amd64/xawt/libmawt.so
7fb7286b2000-7fb7288b2000 ---p 00052000 08:01 401973                     /usr/lib/jvm/java-7-openjdk-amd64/jre/lib/amd64/xawt/libmawt.so
7fb7288b2000-7fb7288b3000 r--p 00052000 08:01 401973                     /usr/lib/jvm/java-7-openjdk-amd64/jre/lib/amd64/xawt/libmawt.so
7fb7288b3000-7fb7288b6000 rw-p 00053000 08:01 401973                     /usr/lib/jvm/java-7-openjdk-amd64/jre/lib/amd64/xawt/libmawt.so
7fb7288b6000-7fb7288b7000 rw-p 00000000 00:00 0 
7fb7288b7000-7fb728959000 r-xp 00000000 08:01 398111                     /usr/lib/jvm/java-7-openjdk-amd64/jre/lib/amd64/libawt.so
7fb728959000-7fb728b58000 ---p 000a2000 08:01 398111                     /usr/lib/jvm/java-7-openjdk-amd64/jre/lib/amd64/libawt.so
7fb728b58000-7fb728b59000 r--p 000a1000 08:01 398111                     /usr/lib/jvm/java-7-openjdk-amd64/jre/lib/amd64/libawt.so
7fb728b59000-7fb728b64000 rw-p 000a2000 08:01 398111                     /usr/lib/jvm/java-7-openjdk-amd64/jre/lib/amd64/libawt.so
7fb728b64000-7fb728b89000 rw-p 00000000 00:00 0 
7fb728b89000-7fb728b8a000 ---p 00000000 00:00 0 
7fb728b8a000-7fb728c8a000 rw-p 00000000 00:00 0 
7fb728c8a000-7fb728c8d000 ---p 00000000 00:00 0 
7fb728c8d000-7fb728d8b000 rw-p 00000000 00:00 0 
7fb728d8b000-7fb728d8e000 ---p 00000000 00:00 0 
7fb728d8e000-7fb728e8c000 rw-p 00000000 00:00 0 
7fb728e8c000-7fb728e8f000 ---p 00000000 00:00 0 
7fb728e8f000-7fb728f8d000 rw-p 00000000 00:00 0 
7fb728f8d000-7fb728f90000 ---p 00000000 00:00 0 
7fb728f90000-7fb72908e000 rw-p 00000000 00:00 0 
7fb72908e000-7fb72977b000 r--p 00000000 08:01 403488                     /usr/lib/locale/locale-archive
7fb72977b000-7fb72977e000 ---p 00000000 00:00 0 
7fb72977e000-7fb72987c000 rw-p 00000000 00:00 0 
7fb72987c000-7fb72987f000 ---p 00000000 00:00 0 
7fb72987f000-7fb72997d000 rw-p 00000000 00:00 0 
7fb72997d000-7fb72997e000 ---p 00000000 00:00 0 
7fb72997e000-7fb729ded000 rw-p 00000000 00:00 0 
7fb729ded000-7fb729f9b000 r--s 03e76000 08:01 396788                     /usr/lib/jvm/java-7-openjdk-amd64/jre/lib/rt.jar
7fb729f9b000-7fb729fc3000 rw-p 00000000 00:00 0 
7fb729fc3000-7fb729fc4000 ---p 00000000 00:00 0 
7fb729fc4000-7fb72a0c4000 rw-p 00000000 00:00 0 
7fb72a0c4000-7fb72a0c5000 ---p 00000000 00:00 0 
7fb72a0c5000-7fb72a1d0000 rw-p 00000000 00:00 0 
7fb72a1d0000-7fb72a218000 rw-p 00000000 00:00 0 
7fb72a218000-7fb72a22d000 rw-p 00000000 00:00 0 
7fb72a22d000-7fb72a363000 rw-p 00000000 00:00 0 
7fb72a363000-7fb72a36e000 rw-p 00000000 00:00 0 
7fb72a36e000-7fb72a3b6000 rw-p 00000000 00:00 0 
7fb72a3b6000-7fb72a3cb000 rw-p 00000000 00:00 0 
7fb72a3cb000-7fb72a500000 rw-p 00000000 00:00 0 
7fb72a500000-7fb72a50b000 rw-p 00000000 00:00 0 
7fb72a50b000-7fb72a5a6000 rw-p 00000000 00:00 0 
7fb72a5a6000-7fb72a5a7000 rw-p 00000000 00:00 0 
7fb72a5a7000-7fb72a817000 rwxp 00000000 00:00 0 
7fb72a817000-7fb72d5a7000 rw-p 00000000 00:00 0 
7fb72d5a7000-7fb72d5af000 r-xp 00000000 08:01 399895                     /usr/lib/jvm/java-7-openjdk-amd64/jre/lib/amd64/libzip.so
7fb72d5af000-7fb72d7ae000 ---p 00008000 08:01 399895                     /usr/lib/jvm/java-7-openjdk-amd64/jre/lib/amd64/libzip.so
7fb72d7ae000-7fb72d7af000 r--p 00007000 08:01 399895                     /usr/lib/jvm/java-7-openjdk-amd64/jre/lib/amd64/libzip.so
7fb72d7af000-7fb72d7b0000 rw-p 00008000 08:01 399895                     /usr/lib/jvm/java-7-openjdk-amd64/jre/lib/amd64/libzip.so
7fb72d7b0000-7fb72d7bc000 r-xp 00000000 08:01 134596                     /lib/x86_64-linux-gnu/libnss_files-2.13.so
7fb72d7bc000-7fb72d9bb000 ---p 0000c000 08:01 134596                     /lib/x86_64-linux-gnu/libnss_files-2.13.so
7fb72d9bb000-7fb72d9bc000 r--p 0000b000 08:01 134596                     /lib/x86_64-linux-gnu/libnss_files-2.13.so
7fb72d9bc000-7fb72d9bd000 rw-p 0000c000 08:01 134596                     /lib/x86_64-linux-gnu/libnss_files-2.13.so
7fb72d9bd000-7fb72d9c7000 r-xp 00000000 08:01 134607                     /lib/x86_64-linux-gnu/libnss_nis-2.13.so
7fb72d9c7000-7fb72dbc7000 ---p 0000a000 08:01 134607                     /lib/x86_64-linux-gnu/libnss_nis-2.13.so
7fb72dbc7000-7fb72dbc8000 r--p 0000a000 08:01 134607                     /lib/x86_64-linux-gnu/libnss_nis-2.13.so
7fb72dbc8000-7fb72dbc9000 rw-p 0000b000 08:01 134607                     /lib/x86_64-linux-gnu/libnss_nis-2.13.so
7fb72dbc9000-7fb72dbe0000 r-xp 00000000 08:01 134591                     /lib/x86_64-linux-gnu/libnsl-2.13.so
7fb72dbe0000-7fb72dddf000 ---p 00017000 08:01 134591                     /lib/x86_64-linux-gnu/libnsl-2.13.so
7fb72dddf000-7fb72dde0000 r--p 00016000 08:01 134591                     /lib/x86_64-linux-gnu/libnsl-2.13.so
7fb72dde0000-7fb72dde1000 rw-p 00017000 08:01 134591                     /lib/x86_64-linux-gnu/libnsl-2.13.so
7fb72dde1000-7fb72dde3000 rw-p 00000000 00:00 0 
7fb72dde3000-7fb72ddeb000 r-xp 00000000 08:01 134588                     /lib/x86_64-linux-gnu/libnss_compat-2.13.so
7fb72ddeb000-7fb72dfea000 ---p 00008000 08:01 134588                     /lib/x86_64-linux-gnu/libnss_compat-2.13.so
7fb72dfea000-7fb72dfeb000 r--p 00007000 08:01 134588                     /lib/x86_64-linux-gnu/libnss_compat-2.13.so
7fb72dfeb000-7fb72dfec000 rw-p 00008000 08:01 134588                     /lib/x86_64-linux-gnu/libnss_compat-2.13.so
7fb72dfec000-7fb72e015000 r-xp 00000000 08:01 398578                     /usr/lib/jvm/java-7-openjdk-amd64/jre/lib/amd64/libjava.so
7fb72e015000-7fb72e214000 ---p 00029000 08:01 398578                     /usr/lib/jvm/java-7-openjdk-amd64/jre/lib/amd64/libjava.so
7fb72e214000-7fb72e215000 r--p 00028000 08:01 398578                     /usr/lib/jvm/java-7-openjdk-amd64/jre/lib/amd64/libjava.so
7fb72e215000-7fb72e217000 rw-p 00029000 08:01 398578                     /usr/lib/jvm/java-7-openjdk-amd64/jre/lib/amd64/libjava.so
7fb72e217000-7fb72e225000 r-xp 00000000 08:01 399894                     /usr/lib/jvm/java-7-openjdk-amd64/jre/lib/amd64/libverify.so
7fb72e225000-7fb72e424000 ---p 0000e000 08:01 399894                     /usr/lib/jvm/java-7-openjdk-amd64/jre/lib/amd64/libverify.so
7fb72e424000-7fb72e426000 r--p 0000d000 08:01 399894                     /usr/lib/jvm/java-7-openjdk-amd64/jre/lib/amd64/libverify.so
7fb72e426000-7fb72e427000 rw-p 0000f000 08:01 399894                     /usr/lib/jvm/java-7-openjdk-amd64/jre/lib/amd64/libverify.so
7fb72e427000-7fb72e42e000 r-xp 00000000 08:01 134577                     /lib/x86_64-linux-gnu/librt-2.13.so
7fb72e42e000-7fb72e62d000 ---p 00007000 08:01 134577                     /lib/x86_64-linux-gnu/librt-2.13.so
7fb72e62d000-7fb72e62e000 r--p 00006000 08:01 134577                     /lib/x86_64-linux-gnu/librt-2.13.so
7fb72e62e000-7fb72e62f000 rw-p 00007000 08:01 134577                     /lib/x86_64-linux-gnu/librt-2.13.so
7fb72e62f000-7fb72e644000 r-xp 00000000 08:01 131748                     /lib/x86_64-linux-gnu/libgcc_s.so.1
7fb72e644000-7fb72e843000 ---p 00015000 08:01 131748                     /lib/x86_64-linux-gnu/libgcc_s.so.1
7fb72e843000-7fb72e844000 r--p 00014000 08:01 131748                     /lib/x86_64-linux-gnu/libgcc_s.so.1
7fb72e844000-7fb72e845000 rw-p 00015000 08:01 131748                     /lib/x86_64-linux-gnu/libgcc_s.so.1
7fb72e845000-7fb72e8c8000 r-xp 00000000 08:01 134673                     /lib/x86_64-linux-gnu/libm-2.13.so
7fb72e8c8000-7fb72eac7000 ---p 00083000 08:01 134673                     /lib/x86_64-linux-gnu/libm-2.13.so
7fb72eac7000-7fb72eac8000 r--p 00082000 08:01 134673                     /lib/x86_64-linux-gnu/libm-2.13.so
7fb72eac8000-7fb72eac9000 rw-p 00083000 08:01 134673                     /lib/x86_64-linux-gnu/libm-2.13.so
7fb72eac9000-7fb72ebb1000 r-xp 00000000 08:01 398097                     /usr/lib/x86_64-linux-gnu/libstdc++.so.6.0.16
7fb72ebb1000-7fb72edb1000 ---p 000e8000 08:01 398097                     /usr/lib/x86_64-linux-gnu/libstdc++.so.6.0.16
7fb72edb1000-7fb72edb9000 r--p 000e8000 08:01 398097                     /usr/lib/x86_64-linux-gnu/libstdc++.so.6.0.16
7fb72edb9000-7fb72edbb000 rw-p 000f0000 08:01 398097                     /usr/lib/x86_64-linux-gnu/libstdc++.so.6.0.16
7fb72edbb000-7fb72edd0000 rw-p 00000000 00:00 0 
7fb72edd0000-7fb72f757000 r-xp 00000000 08:01 399897                     /usr/lib/jvm/java-7-openjdk-amd64/jre/lib/amd64/server/libjvm.so
7fb72f757000-7fb72f956000 ---p 00987000 08:01 399897                     /usr/lib/jvm/java-7-openjdk-amd64/jre/lib/amd64/server/libjvm.so
7fb72f956000-7fb72f9d4000 r--p 00986000 08:01 399897                     /usr/lib/jvm/java-7-openjdk-amd64/jre/lib/amd64/server/libjvm.so
7fb72f9d4000-7fb72f9ef000 rw-p 00a04000 08:01 399897                     /usr/lib/jvm/java-7-openjdk-amd64/jre/lib/amd64/server/libjvm.so
7fb72f9ef000-7fb72fa1a000 rw-p 00000000 00:00 0 
7fb72fa1a000-7fb72fa32000 r-xp 00000000 08:01 134606                     /lib/x86_64-linux-gnu/libpthread-2.13.so
7fb72fa32000-7fb72fc31000 ---p 00018000 08:01 134606                     /lib/x86_64-linux-gnu/libpthread-2.13.so
7fb72fc31000-7fb72fc32000 r--p 00017000 08:01 134606                     /lib/x86_64-linux-gnu/libpthread-2.13.so
7fb72fc32000-7fb72fc33000 rw-p 00018000 08:01 134606                     /lib/x86_64-linux-gnu/libpthread-2.13.so
7fb72fc33000-7fb72fc37000 rw-p 00000000 00:00 0 
7fb72fc37000-7fb72fc4e000 r-xp 00000000 08:01 139905                     /lib/x86_64-linux-gnu/libz.so.1.2.3.4
7fb72fc4e000-7fb72fe4d000 ---p 00017000 08:01 139905                     /lib/x86_64-linux-gnu/libz.so.1.2.3.4
7fb72fe4d000-7fb72fe4e000 r--p 00016000 08:01 139905                     /lib/x86_64-linux-gnu/libz.so.1.2.3.4
7fb72fe4e000-7fb72fe4f000 rw-p 00017000 08:01 139905                     /lib/x86_64-linux-gnu/libz.so.1.2.3.4
7fb72fe4f000-7fb72fe51000 r-xp 00000000 08:01 134594                     /lib/x86_64-linux-gnu/libdl-2.13.so
7fb72fe51000-7fb730051000 ---p 00002000 08:01 134594                     /lib/x86_64-linux-gnu/libdl-2.13.so
7fb730051000-7fb730052000 r--p 00002000 08:01 134594                     /lib/x86_64-linux-gnu/libdl-2.13.so
7fb730052000-7fb730053000 rw-p 00003000 08:01 134594                     /lib/x86_64-linux-gnu/libdl-2.13.so
7fb730053000-7fb7301e8000 r-xp 00000000 08:01 134593                     /lib/x86_64-linux-gnu/libc-2.13.so
7fb7301e8000-7fb7303e7000 ---p 00195000 08:01 134593                     /lib/x86_64-linux-gnu/libc-2.13.so
7fb7303e7000-7fb7303eb000 r--p 00194000 08:01 134593                     /lib/x86_64-linux-gnu/libc-2.13.so
7fb7303eb000-7fb7303ec000 rw-p 00198000 08:01 134593                     /lib/x86_64-linux-gnu/libc-2.13.so
7fb7303ec000-7fb7303f2000 rw-p 00000000 00:00 0 
7fb7303f2000-7fb7303fe000 r-xp 00000000 08:01 397479                     /usr/lib/jvm/java-7-openjdk-amd64/jre/lib/amd64/jli/libjli.so
7fb7303fe000-7fb7305fd000 ---p 0000c000 08:01 397479                     /usr/lib/jvm/java-7-openjdk-amd64/jre/lib/amd64/jli/libjli.so
7fb7305fd000-7fb7305fe000 r--p 0000b000 08:01 397479                     /usr/lib/jvm/java-7-openjdk-amd64/jre/lib/amd64/jli/libjli.so
7fb7305fe000-7fb7305ff000 rw-p 0000c000 08:01 397479                     /usr/lib/jvm/java-7-openjdk-amd64/jre/lib/amd64/jli/libjli.so
7fb7305ff000-7fb730620000 r-xp 00000000 08:01 134600                     /lib/x86_64-linux-gnu/ld-2.13.so
7fb730620000-7fb730624000 r--s 0009f000 08:01 396465                     /usr/lib/jvm/java-7-openjdk-common/jre/lib/jsse.jar
7fb730624000-7fb73062d000 r--s 00263000 08:01 396683                     /usr/lib/jvm/java-7-openjdk-common/jre/lib/resources.jar
7fb73062d000-7fb730634000 r--s 00000000 08:01 663199                     /usr/lib/x86_64-linux-gnu/gconv/gconv-modules.cache
7fb730634000-7fb73063e000 rw-p 00000000 00:00 0 
7fb73063e000-7fb7306f4000 rw-p 00000000 00:00 0 
7fb7306f4000-7fb7306f7000 ---p 00000000 00:00 0 
7fb7306f7000-7fb7307fb000 rw-p 00000000 00:00 0 
7fb7307fb000-7fb7307fc000 r--p 00000000 00:00 0 
7fb7307fc000-7fb7307ff000 r--s 00032000 08:01 395025                     /usr/lib/jvm/java-7-openjdk-common/jre/lib/ext/sunjce_provider.jar
7fb7307ff000-7fb730802000 r--s 00085000 08:01 395002                     /usr/lib/jvm/java-7-openjdk-common/jre/lib/ext/localedata.jar
7fb730802000-7fb730803000 r--s 00002000 08:01 394906                     /usr/lib/jvm/java-7-openjdk-common/jre/lib/ext/dnsns.jar
7fb730803000-7fb730806000 r--s 0003c000 08:01 394890                     /usr/lib/jvm/java-7-openjdk-common/jre/lib/ext/sunpkcs11.jar
7fb730806000-7fb730808000 r--s 00012000 08:01 395160                     /usr/lib/jvm/java-7-openjdk-common/jre/lib/ext/zipfs.jar
7fb730808000-7fb73080b000 r--s 0000f000 08:01 395194                     /usr/lib/jvm/java-7-openjdk-common/jre/lib/ext/pulse-java.jar
7fb73080b000-7fb730813000 r--s 00066000 08:01 676447                     /usr/share/java/gnome-java-bridge.jar
7fb730813000-7fb73081b000 rw-s 00000000 08:01 268496                     /tmp/hsperfdata_guillaume/3238
7fb73081b000-7fb73081c000 rw-p 00000000 00:00 0 
7fb73081c000-7fb73081d000 r--p 00000000 00:00 0 
7fb73081d000-7fb73081f000 rw-p 00000000 00:00 0 
7fb73081f000-7fb730820000 r--p 00020000 08:01 134600                     /lib/x86_64-linux-gnu/ld-2.13.so
7fb730820000-7fb730822000 rw-p 00021000 08:01 134600                     /lib/x86_64-linux-gnu/ld-2.13.so
7fff33079000-7fff3309a000 rw-p 00000000 00:00 0                          [stack]
7fff33173000-7fff33174000 r-xp 00000000 00:00 0                          [vdso]
ffffffffff600000-ffffffffff601000 r-xp 00000000 00:00 0                  [vsyscall]
ffffffffff600000-ffffffffff601000 r-xp 00000000 00:00 0                  [vsyscall]

VM Arguments:
jvm_args: -Dfile.encoding=UTF-8 
java_command: main.Main -Xms1024M -Xmx1024M
Launcher Type: SUN_STANDARD

Environment Variables:
PATH=/usr/lib/lightdm/lightdm:/usr/local/sbin:/usr/local/bin:/usr/sbin:/usr/bin:/sbin:/bin:/usr/games
USERNAME=guillaume
SHELL=/bin/bash
DISPLAY=:0

Signal Handlers:
SIGSEGV: [libjvm.so+0x7fca30], sa_mask[0]=0x7ffbfeff, sa_flags=0x10000004
SIGBUS: [libjvm.so+0x7fca30], sa_mask[0]=0x7ffbfeff, sa_flags=0x10000004
SIGFPE: [libjvm.so+0x6a1150], sa_mask[0]=0x7ffbfeff, sa_flags=0x10000004
SIGPIPE: [libjvm.so+0x6a1150], sa_mask[0]=0x7ffbfeff, sa_flags=0x10000004
SIGXFSZ: [libjvm.so+0x6a1150], sa_mask[0]=0x7ffbfeff, sa_flags=0x10000004
SIGILL: [libjvm.so+0x6a1150], sa_mask[0]=0x7ffbfeff, sa_flags=0x10000004
SIGUSR1: SIG_DFL, sa_mask[0]=0x00000000, sa_flags=0x00000000
SIGUSR2: [libjvm.so+0x6a1520], sa_mask[0]=0x00000004, sa_flags=0x10000004
SIGHUP: [libjvm.so+0x6a1660], sa_mask[0]=0x7ffbfeff, sa_flags=0x10000004
SIGINT: SIG_IGN, sa_mask[0]=0x00000000, sa_flags=0x00000000
SIGTERM: [libjvm.so+0x6a1660], sa_mask[0]=0x7ffbfeff, sa_flags=0x10000004
SIGQUIT: [libjvm.so+0x6a1660], sa_mask[0]=0x7ffbfeff, sa_flags=0x10000004


---------------  S Y S T E M  ---------------

OS:Ubuntu 11.10 (oneiric)
uname:Linux 3.0.0-12-generic #20-Ubuntu SMP Fri Oct 7 14:56:25 UTC 2011 x86_64
libc:glibc 2.13 NPTL 2.13 
rlimit: STACK 8192k, CORE 0k, NPROC 31562, NOFILE 4096, AS infinity
load average:0,37 0,32 0,32

/proc/meminfo:
MemTotal:        4055792 kB
MemFree:         1617584 kB
Buffers:           91100 kB
Cached:           937048 kB
SwapCached:            0 kB
Active:          1477768 kB
Inactive:         756124 kB
Active(anon):    1207648 kB
Inactive(anon):    10656 kB
Active(file):     270120 kB
Inactive(file):   745468 kB
Unevictable:          32 kB
Mlocked:              32 kB
SwapTotal:             0 kB
SwapFree:              0 kB
Dirty:               500 kB
Writeback:             0 kB
AnonPages:       1205876 kB
Mapped:           186824 kB
Shmem:             12568 kB
Slab:              75192 kB
SReclaimable:      48444 kB
SUnreclaim:        26748 kB
KernelStack:        3368 kB
PageTables:        27780 kB
NFS_Unstable:          0 kB
Bounce:                0 kB
WritebackTmp:          0 kB
CommitLimit:     2027896 kB
Committed_AS:    3110168 kB
VmallocTotal:   34359738367 kB
VmallocUsed:      109104 kB
VmallocChunk:   34359619580 kB
HardwareCorrupted:     0 kB
AnonHugePages:         0 kB
HugePages_Total:       0
HugePages_Free:        0
HugePages_Rsvd:        0
HugePages_Surp:        0
Hugepagesize:       2048 kB
DirectMap4k:       93120 kB
DirectMap2M:     4100096 kB


CPU:total 2 (2 cores per cpu, 1 threads per core) family 6 model 15 stepping 13, cmov, cx8, fxsr, mmx, sse, sse2, sse3, ssse3

Memory: 4k page, physical 4055792k(1617584k free), swap 0k(0k free)

vm_info: OpenJDK 64-Bit Server VM (21.0-b17) for linux-amd64 JRE (1.7.0_147-b147), built on Sep 30 2011 00:36:33 by "buildd" with gcc 4.6.1

time: Thu Nov 10 20:11:06 2011
elapsed time: 1 seconds

