#
# A fatal error has been detected by the Java Runtime Environment:
#
#  SIGSEGV (0xb) at pc=0x00007f3d6fbc21f8, pid=4204, tid=139902195087104
#
# JRE version: 7.0_147-b147
# Java VM: OpenJDK 64-Bit Server VM (21.0-b17 mixed mode linux-amd64 compressed oops)
# Derivative: IcedTea7 2.0pre
# Distribution: Ubuntu oneiric (development branch), package 7~b147-2.0~pre6-1ubuntu1
# Problematic frame:
# C  [liblcms2.so.2+0x121f8]  cmsSaveProfileToIOhandler+0x38
#
# Core dump written. Default location: /home/guillaume/Bureau/tp2-git-rep/TP2-Guillaume-Poirier-Morency-Nafie-Hamrani/main/core or core.4204
#
# If you would like to submit a bug report, please include
# instructions on how to reproduce the bug and visit:
#   https://bugs.launchpad.net/ubuntu/+source/openjdk-7/
# The crash happened outside the Java Virtual Machine in native code.
# See problematic frame for where to report the bug.
#

---------------  T H R E A D  ---------------

Current thread (0x0000000001f82800):  JavaThread "main" [_thread_in_native, id=4206, stack(0x00007f3d84943000,0x00007f3d84a44000)]

siginfo:si_signo=SIGSEGV: si_errno=0, si_code=1 (SEGV_MAPERR), si_addr=0x0000000000000000

Registers:
RAX=0x0000000000000000, RBX=0x0000000000000000, RCX=0x00000000000001d4, RDX=0x00007f3d84a41a4c
RSP=0x00007f3d84a40b20, RBP=0x0000000000000000, RSI=0x0000000000000000, RDI=0x00007f3d84a40b20
R8 =0x00000000022248f0, R9 =0x0000000000000000, R10=0x0000000000000000, R11=0x0000000000000000
R12=0x00007f3d84a41a4c, R13=0x0000000000000000, R14=0x0000000000000000, R15=0x0000000001f82800
RIP=0x00007f3d6fbc21f8, EFLAGS=0x0000000000010246, CSGSFS=0x0000000000000033, ERR=0x0000000000000004
  TRAPNO=0x000000000000000e

Top of Stack: (sp=0x00007f3d84a40b20)
0x00007f3d84a40b20:   0000000002229940 00007f3d6fbc0cef
0x00007f3d84a40b30:   0000000000000c48 00007f3d8463c1c0
0x00007f3d84a40b40:   000000000000000e 000000000000080c
0x00007f3d84a40b50:   00007f3d00000000 00007f3d8463c1c0
0x00007f3d84a40b60:   000000000000000e 00007f3d6fbc7754
0x00007f3d84a40b70:   00007f3d84a40ffc b0d014d792bfca00
0x00007f3d84a40b80:   0000000002229940 00000000022280cc
0x00007f3d84a40b90:   000000000000000e 00007f3d6fbc0ebf
0x00007f3d84a40ba0:   4247527320434549 0000000000000000
0x00007f3d84a40bb0:   0000000002229c20 2dd3000000000100
0x00007f3d84a40bc0:   0000080c000004c4 00007f3d8463c1c0
0x00007f3d84a40bd0:   0000000000000000 0000000002229ab0
0x00007f3d84a40be0:   0000000000000c48 0000000002227f48
0x00007f3d84a40bf0:   0000000000000011 00007f3d8431ed7c
0x00007f3d84a40c00:   0000000002229ab0 00007f3d6fbc0e2c
0x00007f3d84a40c10:   0000000002227cf0 00007f3d6fbc23ae
0x00007f3d84a40c20:   0000000002228ba0 0000000000000000
0x00007f3d84a40c30:   0000003100000000 0000000900000006
0x00007f3d84a40c40:   0000006200000001 ffffffffffffffff
0x00007f3d84a40c50:   0000000000000000 0000000000000000
0x00007f3d84a40c60:   00007f3d843fe689 6d6e747202100000
0x00007f3d84a40c70:   58595a2052474220 00000000000000b0
0x00007f3d84a40c80:   7352474249454320 0000000000000000
0x00007f3d84a40c90:   0000000000000000 0000000000000000
0x00007f3d84a40ca0:   6370727400000011 00007f3d8463c1c0
0x00007f3d84a40cb0:   0000000002361570 000000000000007c
0x00007f3d84a40cc0:   00007f3d84a411e0 00007f3d84a414a0
0x00007f3d84a40cd0:   00007f3d8486885b 00007f3d8431e77d
0x00007f3d84a40ce0:   6254524300000000 000000000000003f
0x00007f3d84a40cf0:   0000000002361570 0000000000000000
0x00007f3d84a40d00:   000000000222492d 00007f3d8485c7e1
0x00007f3d84a40d10:   0000000000000000 0000000000000000 

Instructions: (pc=0x00007f3d6fbc21f8)
0x00007f3d6fbc21d8:   48 89 de 48 81 ec b8 0e 00 00 64 48 8b 04 25 28
0x00007f3d6fbc21e8:   00 00 00 48 89 84 24 a8 0e 00 00 31 c0 48 89 e7
0x00007f3d6fbc21f8:   f3 48 a5 48 89 df e8 1d f6 ff ff 48 89 c7 e8 65
0x00007f3d6fbc2208:   f0 ff ff 48 85 c0 49 89 c4 48 89 03 74 0e 31 f6 

Register to memory mapping:

RAX=0x0000000000000000 is an unknown value
RBX=0x0000000000000000 is an unknown value
RCX=0x00000000000001d4 is an unknown value
RDX=0x00007f3d84a41a4c is pointing into the stack for thread: 0x0000000001f82800
RSP=0x00007f3d84a40b20 is pointing into the stack for thread: 0x0000000001f82800
RBP=0x0000000000000000 is an unknown value
RSI=0x0000000000000000 is an unknown value
RDI=0x00007f3d84a40b20 is pointing into the stack for thread: 0x0000000001f82800
R8 =0x00000000022248f0 is an unknown value
R9 =0x0000000000000000 is an unknown value
R10=0x0000000000000000 is an unknown value
R11=0x0000000000000000 is an unknown value
R12=0x00007f3d84a41a4c is pointing into the stack for thread: 0x0000000001f82800
R13=0x0000000000000000 is an unknown value
R14=0x0000000000000000 is an unknown value
R15=0x0000000001f82800 is a thread


Stack: [0x00007f3d84943000,0x00007f3d84a44000],  sp=0x00007f3d84a40b20,  free space=1014k
Native frames: (J=compiled Java code, j=interpreted, Vv=VM code, C=native code)
C  [liblcms2.so.2+0x121f8]  cmsSaveProfileToIOhandler+0x38

[error occurred during error reporting (printing native stack), id 0xb]

Java frames: (J=compiled Java code, j=interpreted, Vv=VM code)
j  sun.java2d.cmm.lcms.LCMS.getTagData(JI[B)V+0
j  java.awt.color.ICC_Profile.getData(JI)[B+26
j  java.awt.color.ICC_Profile.getData(I)[B+14
j  java.awt.color.ICC_Profile.getNumComponents()I+18
j  sun.java2d.cmm.lcms.LCMSTransform.<init>(Ljava/awt/color/ICC_Profile;II)V+83
j  sun.java2d.cmm.lcms.LCMS.createTransform(Ljava/awt/color/ICC_Profile;II)Lsun/java2d/cmm/ColorTransform;+7
j  java.awt.color.ICC_ColorSpace.fromRGB([F)[F+37
j  com.sun.imageio.plugins.jpeg.JPEGImageReader.setImageData(IIIII[B)V+158
v  ~StubRoutines::call_stub
j  com.sun.imageio.plugins.jpeg.JPEGImageReader.readImageHeader(JZZ)Z+0
j  com.sun.imageio.plugins.jpeg.JPEGImageReader.readNativeHeader(Z)Z+12
j  com.sun.imageio.plugins.jpeg.JPEGImageReader.checkTablesOnly()V+92
j  com.sun.imageio.plugins.jpeg.JPEGImageReader.gotoImage(I)V+41
j  com.sun.imageio.plugins.jpeg.JPEGImageReader.readHeader(IZ)V+2
j  com.sun.imageio.plugins.jpeg.JPEGImageReader.readInternal(ILjavax/imageio/ImageReadParam;Z)Ljava/awt/image/Raster;+3
j  com.sun.imageio.plugins.jpeg.JPEGImageReader.read(ILjavax/imageio/ImageReadParam;)Ljava/awt/image/BufferedImage;+8
j  javax.imageio.ImageIO.read(Ljavax/imageio/stream/ImageInputStream;)Ljava/awt/image/BufferedImage;+55
j  javax.imageio.ImageIO.read(Ljava/io/InputStream;)Ljava/awt/image/BufferedImage;+20
j  content.ImageBank.<init>()V+118
j  main.Main.main([Ljava/lang/String;)V+4
v  ~StubRoutines::call_stub

---------------  P R O C E S S  ---------------

Java Threads: ( => current thread )
  0x00007f3d70216800 JavaThread "Thread-0" [_thread_blocked, id=4226, stack(0x00007f3d744d7000,0x00007f3d745d8000)]
  0x00000000022ff800 JavaThread "AWT-EventQueue-0" [_thread_in_native, id=4225, stack(0x00007f3d745d8000,0x00007f3d746d9000)]
  0x00007f3d70177000 JavaThread "AWT-Shutdown" [_thread_blocked, id=4224, stack(0x00007f3d74d6f000,0x00007f3d74e70000)]
  0x00007f3d700de800 JavaThread "process reaper" daemon [_thread_blocked, id=4222, stack(0x00007f3d74e70000,0x00007f3d74e8a000)]
  0x00007f3d700b8800 JavaThread "AWT-XAWT" daemon [_thread_blocked, id=4220, stack(0x00007f3d74e8a000,0x00007f3d74f8b000)]
  0x00007f3d70072800 JavaThread "Java2D Disposer" daemon [_thread_blocked, id=4219, stack(0x00007f3d74f8b000,0x00007f3d7508c000)]
  0x0000000002086000 JavaThread "Service Thread" daemon [_thread_blocked, id=4217, stack(0x00007f3d7ced9000,0x00007f3d7cfda000)]
  0x0000000002082800 JavaThread "C2 CompilerThread1" daemon [_thread_blocked, id=4216, stack(0x00007f3d7cfda000,0x00007f3d7d0db000)]
  0x000000000207f800 JavaThread "C2 CompilerThread0" daemon [_thread_blocked, id=4215, stack(0x00007f3d7d0db000,0x00007f3d7d1dc000)]
  0x000000000207d800 JavaThread "Signal Dispatcher" daemon [_thread_blocked, id=4214, stack(0x00007f3d7d1dc000,0x00007f3d7d2dd000)]
  0x0000000002020000 JavaThread "Finalizer" daemon [_thread_blocked, id=4213, stack(0x00007f3d7d9ca000,0x00007f3d7dacb000)]
  0x000000000201d800 JavaThread "Reference Handler" daemon [_thread_blocked, id=4212, stack(0x00007f3d7dacb000,0x00007f3d7dbcc000)]
=>0x0000000001f82800 JavaThread "main" [_thread_in_native, id=4206, stack(0x00007f3d84943000,0x00007f3d84a44000)]

Other Threads:
  0x0000000002015800 VMThread [stack: 0x00007f3d7dbcc000,0x00007f3d7dccd000] [id=4211]
  0x0000000002090800 WatcherThread [stack: 0x00007f3d7cdd8000,0x00007f3d7ced9000] [id=4218]

VM state:not at safepoint (normal execution)

VM Mutex/Monitor currently owned by a thread: None

Heap
 PSYoungGen      total 18496K, used 6866K [0x00000000eb560000, 0x00000000eca00000, 0x0000000100000000)
  eden space 15872K, 43% used [0x00000000eb560000,0x00000000ebc14a20,0x00000000ec4e0000)
  from space 2624K, 0% used [0x00000000ec770000,0x00000000ec770000,0x00000000eca00000)
  to   space 2624K, 0% used [0x00000000ec4e0000,0x00000000ec4e0000,0x00000000ec770000)
 PSOldGen        total 42304K, used 0K [0x00000000c2000000, 0x00000000c4950000, 0x00000000eb560000)
  object space 42304K, 0% used [0x00000000c2000000,0x00000000c2000000,0x00000000c4950000)
 PSPermGen       total 21248K, used 11196K [0x00000000b7a00000, 0x00000000b8ec0000, 0x00000000c2000000)
  object space 21248K, 52% used [0x00000000b7a00000,0x00000000b84ef188,0x00000000b8ec0000)

Code Cache  [0x00007f3d7e7f6000, 0x00007f3d7ea66000, 0x00007f3d817f6000)
 total_blobs=446 nmethods=14 adapters=385 free_code_cache=48608Kb largest_free_block=49768256

Dynamic libraries:
00400000-00401000 r-xp 00000000 08:01 400896                             /usr/lib/jvm/java-7-openjdk-amd64/jre/bin/java
00600000-00601000 r--p 00000000 08:01 400896                             /usr/lib/jvm/java-7-openjdk-amd64/jre/bin/java
00601000-00602000 rw-p 00001000 08:01 400896                             /usr/lib/jvm/java-7-openjdk-amd64/jre/bin/java
01f78000-02409000 rw-p 00000000 00:00 0                                  [heap]
b7a00000-b8ec0000 rw-p 00000000 00:00 0 
b8ec0000-c2000000 rw-p 00000000 00:00 0 
c2000000-c4950000 rw-p 00000000 00:00 0 
c4950000-eb560000 rw-p 00000000 00:00 0 
eb560000-eca00000 rw-p 00000000 00:00 0 
eca00000-100000000 rw-p 00000000 00:00 0 
7f3d6f957000-7f3d6fbb0000 rw-s 00000000 00:04 10256385                   /SYSV00000000 (deleted)
7f3d6fbb0000-7f3d6fbf6000 r-xp 00000000 08:01 406696                     /usr/lib/x86_64-linux-gnu/liblcms2.so.2.0.2
7f3d6fbf6000-7f3d6fdf5000 ---p 00046000 08:01 406696                     /usr/lib/x86_64-linux-gnu/liblcms2.so.2.0.2
7f3d6fdf5000-7f3d6fdf6000 r--p 00045000 08:01 406696                     /usr/lib/x86_64-linux-gnu/liblcms2.so.2.0.2
7f3d6fdf6000-7f3d6fdfa000 rw-p 00046000 08:01 406696                     /usr/lib/x86_64-linux-gnu/liblcms2.so.2.0.2
7f3d6fdfa000-7f3d6fdfb000 rw-p 00000000 00:00 0 
7f3d6fdfb000-7f3d6fdff000 r-xp 00000000 08:01 398964                     /usr/lib/jvm/java-7-openjdk-amd64/jre/lib/amd64/libjavalcms.so
7f3d6fdff000-7f3d6fffe000 ---p 00004000 08:01 398964                     /usr/lib/jvm/java-7-openjdk-amd64/jre/lib/amd64/libjavalcms.so
7f3d6fffe000-7f3d6ffff000 r--p 00003000 08:01 398964                     /usr/lib/jvm/java-7-openjdk-amd64/jre/lib/amd64/libjavalcms.so
7f3d6ffff000-7f3d70000000 rw-p 00004000 08:01 398964                     /usr/lib/jvm/java-7-openjdk-amd64/jre/lib/amd64/libjavalcms.so
7f3d70000000-7f3d70239000 rw-p 00000000 00:00 0 
7f3d70239000-7f3d74000000 ---p 00000000 00:00 0 
7f3d74085000-7f3d740a9000 r-xp 00000000 08:01 406680                     /usr/lib/x86_64-linux-gnu/libjpeg.so.62.0.0
7f3d740a9000-7f3d742a8000 ---p 00024000 08:01 406680                     /usr/lib/x86_64-linux-gnu/libjpeg.so.62.0.0
7f3d742a8000-7f3d742a9000 r--p 00023000 08:01 406680                     /usr/lib/x86_64-linux-gnu/libjpeg.so.62.0.0
7f3d742a9000-7f3d742aa000 rw-p 00024000 08:01 406680                     /usr/lib/x86_64-linux-gnu/libjpeg.so.62.0.0
7f3d742cd000-7f3d742d6000 r-xp 00000000 08:01 398665                     /usr/lib/jvm/java-7-openjdk-amd64/jre/lib/amd64/libjavajpeg.so
7f3d742d6000-7f3d744d5000 ---p 00009000 08:01 398665                     /usr/lib/jvm/java-7-openjdk-amd64/jre/lib/amd64/libjavajpeg.so
7f3d744d5000-7f3d744d6000 r--p 00008000 08:01 398665                     /usr/lib/jvm/java-7-openjdk-amd64/jre/lib/amd64/libjavajpeg.so
7f3d744d6000-7f3d744d7000 rw-p 00009000 08:01 398665                     /usr/lib/jvm/java-7-openjdk-amd64/jre/lib/amd64/libjavajpeg.so
7f3d744d7000-7f3d744da000 ---p 00000000 00:00 0 
7f3d744da000-7f3d745d8000 rw-p 00000000 00:00 0 
7f3d745d8000-7f3d745db000 ---p 00000000 00:00 0 
7f3d745db000-7f3d746d9000 rw-p 00000000 00:00 0 
7f3d746d9000-7f3d746e9000 r-xp 00000000 08:01 399340                     /usr/lib/jvm/java-7-openjdk-amd64/jre/lib/amd64/libnio.so
7f3d746e9000-7f3d748e8000 ---p 00010000 08:01 399340                     /usr/lib/jvm/java-7-openjdk-amd64/jre/lib/amd64/libnio.so
7f3d748e8000-7f3d748e9000 r--p 0000f000 08:01 399340                     /usr/lib/jvm/java-7-openjdk-amd64/jre/lib/amd64/libnio.so
7f3d748e9000-7f3d748ea000 rw-p 00010000 08:01 399340                     /usr/lib/jvm/java-7-openjdk-amd64/jre/lib/amd64/libnio.so
7f3d748ea000-7f3d7491b000 rw-p 00000000 00:00 0 
7f3d7491b000-7f3d74931000 r-xp 00000000 08:01 399248                     /usr/lib/jvm/java-7-openjdk-amd64/jre/lib/amd64/libnet.so
7f3d74931000-7f3d74b30000 ---p 00016000 08:01 399248                     /usr/lib/jvm/java-7-openjdk-amd64/jre/lib/amd64/libnet.so
7f3d74b30000-7f3d74b31000 r--p 00015000 08:01 399248                     /usr/lib/jvm/java-7-openjdk-amd64/jre/lib/amd64/libnet.so
7f3d74b31000-7f3d74b32000 rw-p 00016000 08:01 399248                     /usr/lib/jvm/java-7-openjdk-amd64/jre/lib/amd64/libnet.so
7f3d74b32000-7f3d74b6c000 r-xp 00000000 08:01 398142                     /usr/lib/jvm/java-7-openjdk-amd64/jre/lib/amd64/libfontmanager.so
7f3d74b6c000-7f3d74d6c000 ---p 0003a000 08:01 398142                     /usr/lib/jvm/java-7-openjdk-amd64/jre/lib/amd64/libfontmanager.so
7f3d74d6c000-7f3d74d6e000 r--p 0003a000 08:01 398142                     /usr/lib/jvm/java-7-openjdk-amd64/jre/lib/amd64/libfontmanager.so
7f3d74d6e000-7f3d74d6f000 rw-p 0003c000 08:01 398142                     /usr/lib/jvm/java-7-openjdk-amd64/jre/lib/amd64/libfontmanager.so
7f3d74d6f000-7f3d74d72000 ---p 00000000 00:00 0 
7f3d74d72000-7f3d74e70000 rw-p 00000000 00:00 0 
7f3d74e70000-7f3d74e73000 ---p 00000000 00:00 0 
7f3d74e73000-7f3d74e8a000 rw-p 00000000 00:00 0 
7f3d74e8a000-7f3d74e8d000 ---p 00000000 00:00 0 
7f3d74e8d000-7f3d74f8b000 rw-p 00000000 00:00 0 
7f3d74f8b000-7f3d74f8e000 ---p 00000000 00:00 0 
7f3d74f8e000-7f3d7508c000 rw-p 00000000 00:00 0 
7f3d7508c000-7f3d7508f000 r-xp 00000000 08:01 139849                     /lib/x86_64-linux-gnu/libgpg-error.so.0.8.0
7f3d7508f000-7f3d7528e000 ---p 00003000 08:01 139849                     /lib/x86_64-linux-gnu/libgpg-error.so.0.8.0
7f3d7528e000-7f3d7528f000 r--p 00002000 08:01 139849                     /lib/x86_64-linux-gnu/libgpg-error.so.0.8.0
7f3d7528f000-7f3d75290000 rw-p 00003000 08:01 139849                     /lib/x86_64-linux-gnu/libgpg-error.so.0.8.0
7f3d75290000-7f3d75292000 r-xp 00000000 08:01 139851                     /lib/x86_64-linux-gnu/libkeyutils.so.1.3
7f3d75292000-7f3d75491000 ---p 00002000 08:01 139851                     /lib/x86_64-linux-gnu/libkeyutils.so.1.3
7f3d75491000-7f3d75492000 r--p 00001000 08:01 139851                     /lib/x86_64-linux-gnu/libkeyutils.so.1.3
7f3d75492000-7f3d75493000 rw-p 00002000 08:01 139851                     /lib/x86_64-linux-gnu/libkeyutils.so.1.3
7f3d75493000-7f3d754d5000 r-xp 00000000 08:01 135649                     /lib/x86_64-linux-gnu/libdbus-1.so.3.5.7
7f3d754d5000-7f3d756d4000 ---p 00042000 08:01 135649                     /lib/x86_64-linux-gnu/libdbus-1.so.3.5.7
7f3d756d4000-7f3d756d5000 r--p 00041000 08:01 135649                     /lib/x86_64-linux-gnu/libdbus-1.so.3.5.7
7f3d756d5000-7f3d756d6000 rw-p 00042000 08:01 135649                     /lib/x86_64-linux-gnu/libdbus-1.so.3.5.7
7f3d756d6000-7f3d75750000 r-xp 00000000 08:01 139845                     /lib/x86_64-linux-gnu/libgcrypt.so.11.7.0
7f3d75750000-7f3d75950000 ---p 0007a000 08:01 139845                     /lib/x86_64-linux-gnu/libgcrypt.so.11.7.0
7f3d75950000-7f3d75951000 r--p 0007a000 08:01 139845                     /lib/x86_64-linux-gnu/libgcrypt.so.11.7.0
7f3d75951000-7f3d75954000 rw-p 0007b000 08:01 139845                     /lib/x86_64-linux-gnu/libgcrypt.so.11.7.0
7f3d75954000-7f3d75964000 r-xp 00000000 08:01 406788                     /usr/lib/x86_64-linux-gnu/libtasn1.so.3.1.11
7f3d75964000-7f3d75b63000 ---p 00010000 08:01 406788                     /usr/lib/x86_64-linux-gnu/libtasn1.so.3.1.11
7f3d75b63000-7f3d75b64000 r--p 0000f000 08:01 406788                     /usr/lib/x86_64-linux-gnu/libtasn1.so.3.1.11
7f3d75b64000-7f3d75b65000 rw-p 00010000 08:01 406788                     /usr/lib/x86_64-linux-gnu/libtasn1.so.3.1.11
7f3d75b65000-7f3d75b6c000 r-xp 00000000 08:01 397002                     /usr/lib/x86_64-linux-gnu/libkrb5support.so.0.1
7f3d75b6c000-7f3d75d6b000 ---p 00007000 08:01 397002                     /usr/lib/x86_64-linux-gnu/libkrb5support.so.0.1
7f3d75d6b000-7f3d75d6c000 r--p 00006000 08:01 397002                     /usr/lib/x86_64-linux-gnu/libkrb5support.so.0.1
7f3d75d6c000-7f3d75d6d000 rw-p 00007000 08:01 397002                     /usr/lib/x86_64-linux-gnu/libkrb5support.so.0.1
7f3d75d6d000-7f3d75d70000 r-xp 00000000 08:01 139827                     /lib/x86_64-linux-gnu/libcom_err.so.2.1
7f3d75d70000-7f3d75f6f000 ---p 00003000 08:01 139827                     /lib/x86_64-linux-gnu/libcom_err.so.2.1
7f3d75f6f000-7f3d75f70000 r--p 00002000 08:01 139827                     /lib/x86_64-linux-gnu/libcom_err.so.2.1
7f3d75f70000-7f3d75f71000 rw-p 00003000 08:01 139827                     /lib/x86_64-linux-gnu/libcom_err.so.2.1
7f3d75f71000-7f3d75f97000 r-xp 00000000 08:01 394051                     /usr/lib/x86_64-linux-gnu/libk5crypto.so.3.1
7f3d75f97000-7f3d76196000 ---p 00026000 08:01 394051                     /usr/lib/x86_64-linux-gnu/libk5crypto.so.3.1
7f3d76196000-7f3d76198000 r--p 00025000 08:01 394051                     /usr/lib/x86_64-linux-gnu/libk5crypto.so.3.1
7f3d76198000-7f3d76199000 rw-p 00027000 08:01 394051                     /usr/lib/x86_64-linux-gnu/libk5crypto.so.3.1
7f3d76199000-7f3d76258000 r-xp 00000000 08:01 397018                     /usr/lib/x86_64-linux-gnu/libkrb5.so.3.3
7f3d76258000-7f3d76458000 ---p 000bf000 08:01 397018                     /usr/lib/x86_64-linux-gnu/libkrb5.so.3.3
7f3d76458000-7f3d76461000 r--p 000bf000 08:01 397018                     /usr/lib/x86_64-linux-gnu/libkrb5.so.3.3
7f3d76461000-7f3d76462000 rw-p 000c8000 08:01 397018                     /usr/lib/x86_64-linux-gnu/libkrb5.so.3.3
7f3d76462000-7f3d76469000 r-xp 00000000 08:01 406811                     /usr/lib/x86_64-linux-gnu/libxcb-render.so.0.0.0
7f3d76469000-7f3d76669000 ---p 00007000 08:01 406811                     /usr/lib/x86_64-linux-gnu/libxcb-render.so.0.0.0
7f3d76669000-7f3d7666a000 r--p 00007000 08:01 406811                     /usr/lib/x86_64-linux-gnu/libxcb-render.so.0.0.0
7f3d7666a000-7f3d7666b000 rw-p 00008000 08:01 406811                     /usr/lib/x86_64-linux-gnu/libxcb-render.so.0.0.0
7f3d7666b000-7f3d7666d000 r-xp 00000000 08:01 406815                     /usr/lib/x86_64-linux-gnu/libxcb-shm.so.0.0.0
7f3d7666d000-7f3d7686c000 ---p 00002000 08:01 406815                     /usr/lib/x86_64-linux-gnu/libxcb-shm.so.0.0.0
7f3d7686c000-7f3d7686d000 r--p 00001000 08:01 406815                     /usr/lib/x86_64-linux-gnu/libxcb-shm.so.0.0.0
7f3d7686d000-7f3d7686e000 rw-p 00002000 08:01 406815                     /usr/lib/x86_64-linux-gnu/libxcb-shm.so.0.0.0
7f3d7686e000-7f3d76894000 r-xp 00000000 08:01 139881                     /lib/x86_64-linux-gnu/libpng12.so.0.46.0
7f3d76894000-7f3d76a93000 ---p 00026000 08:01 139881                     /lib/x86_64-linux-gnu/libpng12.so.0.46.0
7f3d76a93000-7f3d76a94000 r--p 00025000 08:01 139881                     /lib/x86_64-linux-gnu/libpng12.so.0.46.0
7f3d76a94000-7f3d76a95000 rw-p 00026000 08:01 139881                     /lib/x86_64-linux-gnu/libpng12.so.0.46.0
7f3d76a95000-7f3d76b03000 r-xp 00000000 08:01 406743                     /usr/lib/x86_64-linux-gnu/libpixman-1.so.0.22.2
7f3d76b03000-7f3d76d03000 ---p 0006e000 08:01 406743                     /usr/lib/x86_64-linux-gnu/libpixman-1.so.0.22.2
7f3d76d03000-7f3d76d08000 r--p 0006e000 08:01 406743                     /usr/lib/x86_64-linux-gnu/libpixman-1.so.0.22.2
7f3d76d08000-7f3d76d09000 rw-p 00073000 08:01 406743                     /usr/lib/x86_64-linux-gnu/libpixman-1.so.0.22.2
7f3d76d09000-7f3d76d0e000 r-xp 00000000 08:01 406539                     /usr/lib/x86_64-linux-gnu/libXdmcp.so.6.0.0
7f3d76d0e000-7f3d76f0d000 ---p 00005000 08:01 406539                     /usr/lib/x86_64-linux-gnu/libXdmcp.so.6.0.0
7f3d76f0d000-7f3d76f0e000 r--p 00004000 08:01 406539                     /usr/lib/x86_64-linux-gnu/libXdmcp.so.6.0.0
7f3d76f0e000-7f3d76f0f000 rw-p 00005000 08:01 406539                     /usr/lib/x86_64-linux-gnu/libXdmcp.so.6.0.0
7f3d76f0f000-7f3d76f11000 r-xp 00000000 08:01 406531                     /usr/lib/x86_64-linux-gnu/libXau.so.6.0.0
7f3d76f11000-7f3d77110000 ---p 00002000 08:01 406531                     /usr/lib/x86_64-linux-gnu/libXau.so.6.0.0
7f3d77110000-7f3d77111000 r--p 00001000 08:01 406531                     /usr/lib/x86_64-linux-gnu/libXau.so.6.0.0
7f3d77111000-7f3d77112000 rw-p 00002000 08:01 406531                     /usr/lib/x86_64-linux-gnu/libXau.so.6.0.0
7f3d77112000-7f3d77123000 r-xp 00000000 08:01 406571                     /usr/lib/x86_64-linux-gnu/libavahi-client.so.3.2.9
7f3d77123000-7f3d77323000 ---p 00011000 08:01 406571                     /usr/lib/x86_64-linux-gnu/libavahi-client.so.3.2.9
7f3d77323000-7f3d77324000 r--p 00011000 08:01 406571                     /usr/lib/x86_64-linux-gnu/libavahi-client.so.3.2.9
7f3d77324000-7f3d77325000 rw-p 00012000 08:01 406571                     /usr/lib/x86_64-linux-gnu/libavahi-client.so.3.2.9
7f3d77325000-7f3d77332000 r-xp 00000000 08:01 406573                     /usr/lib/x86_64-linux-gnu/libavahi-common.so.3.5.3
7f3d77332000-7f3d77531000 ---p 0000d000 08:01 406573                     /usr/lib/x86_64-linux-gnu/libavahi-common.so.3.5.3
7f3d77531000-7f3d77532000 r--p 0000c000 08:01 406573                     /usr/lib/x86_64-linux-gnu/libavahi-common.so.3.5.3
7f3d77532000-7f3d77533000 rw-p 0000d000 08:01 406573                     /usr/lib/x86_64-linux-gnu/libavahi-common.so.3.5.3
7f3d77533000-7f3d775d4000 r-xp 00000000 08:01 406657                     /usr/lib/x86_64-linux-gnu/libgnutls.so.26.16.14
7f3d775d4000-7f3d777d3000 ---p 000a1000 08:01 406657                     /usr/lib/x86_64-linux-gnu/libgnutls.so.26.16.14
7f3d777d3000-7f3d777da000 r--p 000a0000 08:01 406657                     /usr/lib/x86_64-linux-gnu/libgnutls.so.26.16.14
7f3d777da000-7f3d777db000 rw-p 000a7000 08:01 406657                     /usr/lib/x86_64-linux-gnu/libgnutls.so.26.16.14
7f3d777db000-7f3d77816000 r-xp 00000000 08:01 406685                     /usr/lib/x86_64-linux-gnu/libgssapi_krb5.so.2.2
7f3d77816000-7f3d77a16000 ---p 0003b000 08:01 406685                     /usr/lib/x86_64-linux-gnu/libgssapi_krb5.so.2.2
7f3d77a16000-7f3d77a17000 r--p 0003b000 08:01 406685                     /usr/lib/x86_64-linux-gnu/libgssapi_krb5.so.2.2
7f3d77a17000-7f3d77a19000 rw-p 0003c000 08:01 406685                     /usr/lib/x86_64-linux-gnu/libgssapi_krb5.so.2.2
7f3d77a19000-7f3d77a54000 r-xp 00000000 08:01 139879                     /lib/x86_64-linux-gnu/libpcre.so.3.12.1
7f3d77a54000-7f3d77c53000 ---p 0003b000 08:01 139879                     /lib/x86_64-linux-gnu/libpcre.so.3.12.1
7f3d77c53000-7f3d77c54000 r--p 0003a000 08:01 139879                     /lib/x86_64-linux-gnu/libpcre.so.3.12.1
7f3d77c54000-7f3d77c55000 rw-p 0003b000 08:01 139879                     /lib/x86_64-linux-gnu/libpcre.so.3.12.1
7f3d77c55000-7f3d77c5c000 r-xp 00000000 08:01 396800                     /usr/lib/x86_64-linux-gnu/libffi.so.6.0.0
7f3d77c5c000-7f3d77e5b000 ---p 00007000 08:01 396800                     /usr/lib/x86_64-linux-gnu/libffi.so.6.0.0
7f3d77e5b000-7f3d77e5c000 r--p 00006000 08:01 396800                     /usr/lib/x86_64-linux-gnu/libffi.so.6.0.0
7f3d77e5c000-7f3d77e5d000 rw-p 00007000 08:01 396800                     /usr/lib/x86_64-linux-gnu/libffi.so.6.0.0
7f3d77e5d000-7f3d77e84000 r-xp 00000000 08:01 139838                     /lib/x86_64-linux-gnu/libexpat.so.1.5.2
7f3d77e84000-7f3d78084000 ---p 00027000 08:01 139838                     /lib/x86_64-linux-gnu/libexpat.so.1.5.2
7f3d78084000-7f3d78086000 r--p 00027000 08:01 139838                     /lib/x86_64-linux-gnu/libexpat.so.1.5.2
7f3d78086000-7f3d78087000 rw-p 00029000 08:01 139838                     /lib/x86_64-linux-gnu/libexpat.so.1.5.2
7f3d78087000-7f3d78119000 r-xp 00000000 08:01 406632                     /usr/lib/x86_64-linux-gnu/libfreetype.so.6.6.2
7f3d78119000-7f3d78318000 ---p 00092000 08:01 406632                     /usr/lib/x86_64-linux-gnu/libfreetype.so.6.6.2
7f3d78318000-7f3d7831e000 r--p 00091000 08:01 406632                     /usr/lib/x86_64-linux-gnu/libfreetype.so.6.6.2
7f3d7831e000-7f3d7831f000 rw-p 00097000 08:01 406632                     /usr/lib/x86_64-linux-gnu/libfreetype.so.6.6.2
7f3d7831f000-7f3d78336000 r-xp 00000000 08:01 134597                     /lib/x86_64-linux-gnu/libresolv-2.13.so
7f3d78336000-7f3d78536000 ---p 00017000 08:01 134597                     /lib/x86_64-linux-gnu/libresolv-2.13.so
7f3d78536000-7f3d78537000 r--p 00017000 08:01 134597                     /lib/x86_64-linux-gnu/libresolv-2.13.so
7f3d78537000-7f3d78538000 rw-p 00018000 08:01 134597                     /lib/x86_64-linux-gnu/libresolv-2.13.so
7f3d78538000-7f3d7853a000 rw-p 00000000 00:00 0 
7f3d7853a000-7f3d78556000 r-xp 00000000 08:01 139888                     /lib/x86_64-linux-gnu/libselinux.so.1
7f3d78556000-7f3d78755000 ---p 0001c000 08:01 139888                     /lib/x86_64-linux-gnu/libselinux.so.1
7f3d78755000-7f3d78756000 r--p 0001b000 08:01 139888                     /lib/x86_64-linux-gnu/libselinux.so.1
7f3d78756000-7f3d78757000 rw-p 0001c000 08:01 139888                     /lib/x86_64-linux-gnu/libselinux.so.1
7f3d78757000-7f3d78758000 rw-p 00000000 00:00 0 
7f3d78758000-7f3d7875a000 r-xp 00000000 08:01 406537                     /usr/lib/x86_64-linux-gnu/libXdamage.so.1.1.0
7f3d7875a000-7f3d78959000 ---p 00002000 08:01 406537                     /usr/lib/x86_64-linux-gnu/libXdamage.so.1.1.0
7f3d78959000-7f3d7895a000 r--p 00001000 08:01 406537                     /usr/lib/x86_64-linux-gnu/libXdamage.so.1.1.0
7f3d7895a000-7f3d7895b000 rw-p 00002000 08:01 406537                     /usr/lib/x86_64-linux-gnu/libXdamage.so.1.1.0
7f3d7895b000-7f3d7895d000 r-xp 00000000 08:01 406533                     /usr/lib/x86_64-linux-gnu/libXcomposite.so.1.0.0
7f3d7895d000-7f3d78b5c000 ---p 00002000 08:01 406533                     /usr/lib/x86_64-linux-gnu/libXcomposite.so.1.0.0
7f3d78b5c000-7f3d78b5d000 r--p 00001000 08:01 406533                     /usr/lib/x86_64-linux-gnu/libXcomposite.so.1.0.0
7f3d78b5d000-7f3d78b5e000 rw-p 00002000 08:01 406533                     /usr/lib/x86_64-linux-gnu/libXcomposite.so.1.0.0
7f3d78b5e000-7f3d78b67000 r-xp 00000000 08:01 406535                     /usr/lib/x86_64-linux-gnu/libXcursor.so.1.0.2
7f3d78b67000-7f3d78d66000 ---p 00009000 08:01 406535                     /usr/lib/x86_64-linux-gnu/libXcursor.so.1.0.2
7f3d78d66000-7f3d78d67000 r--p 00008000 08:01 406535                     /usr/lib/x86_64-linux-gnu/libXcursor.so.1.0.2
7f3d78d67000-7f3d78d68000 rw-p 00009000 08:01 406535                     /usr/lib/x86_64-linux-gnu/libXcursor.so.1.0.2
7f3d78d68000-7f3d78d70000 r-xp 00000000 08:01 406551                     /usr/lib/x86_64-linux-gnu/libXrandr.so.2.2.0
7f3d78d70000-7f3d78f6f000 ---p 00008000 08:01 406551                     /usr/lib/x86_64-linux-gnu/libXrandr.so.2.2.0
7f3d78f6f000-7f3d78f70000 r--p 00007000 08:01 406551                     /usr/lib/x86_64-linux-gnu/libXrandr.so.2.2.0
7f3d78f70000-7f3d78f71000 rw-p 00008000 08:01 406551                     /usr/lib/x86_64-linux-gnu/libXrandr.so.2.2.0
7f3d78f71000-7f3d78f73000 r-xp 00000000 08:01 406549                     /usr/lib/x86_64-linux-gnu/libXinerama.so.1.0.0
7f3d78f73000-7f3d79172000 ---p 00002000 08:01 406549                     /usr/lib/x86_64-linux-gnu/libXinerama.so.1.0.0
7f3d79172000-7f3d79173000 r--p 00001000 08:01 406549                     /usr/lib/x86_64-linux-gnu/libXinerama.so.1.0.0
7f3d79173000-7f3d79174000 rw-p 00002000 08:01 406549                     /usr/lib/x86_64-linux-gnu/libXinerama.so.1.0.0
7f3d79174000-7f3d79177000 r-xp 00000000 08:01 395217                     /usr/lib/x86_64-linux-gnu/libgmodule-2.0.so.0.3000.0
7f3d79177000-7f3d79376000 ---p 00003000 08:01 395217                     /usr/lib/x86_64-linux-gnu/libgmodule-2.0.so.0.3000.0
7f3d79376000-7f3d79377000 r--p 00002000 08:01 395217                     /usr/lib/x86_64-linux-gnu/libgmodule-2.0.so.0.3000.0
7f3d79377000-7f3d79378000 rw-p 00003000 08:01 395217                     /usr/lib/x86_64-linux-gnu/libgmodule-2.0.so.0.3000.0
7f3d79378000-7f3d793a2000 r-xp 00000000 08:01 397305                     /usr/lib/x86_64-linux-gnu/libpangoft2-1.0.so.0.2903.0
7f3d793a2000-7f3d795a1000 ---p 0002a000 08:01 397305                     /usr/lib/x86_64-linux-gnu/libpangoft2-1.0.so.0.2903.0
7f3d795a1000-7f3d795a2000 r--p 00029000 08:01 397305                     /usr/lib/x86_64-linux-gnu/libpangoft2-1.0.so.0.2903.0
7f3d795a2000-7f3d795a3000 rw-p 0002a000 08:01 397305                     /usr/lib/x86_64-linux-gnu/libpangoft2-1.0.so.0.2903.0
7f3d795a3000-7f3d7965c000 r-xp 00000000 08:01 406593                     /usr/lib/x86_64-linux-gnu/libcairo.so.2.11000.2
7f3d7965c000-7f3d7985b000 ---p 000b9000 08:01 406593                     /usr/lib/x86_64-linux-gnu/libcairo.so.2.11000.2
7f3d7985b000-7f3d7985d000 r--p 000b8000 08:01 406593                     /usr/lib/x86_64-linux-gnu/libcairo.so.2.11000.2
7f3d7985d000-7f3d7985e000 rw-p 000ba000 08:01 406593                     /usr/lib/x86_64-linux-gnu/libcairo.so.2.11000.2
7f3d7985e000-7f3d79861000 rw-p 00000000 00:00 0 
7f3d79861000-7f3d79880000 r-xp 00000000 08:01 394856                     /usr/lib/x86_64-linux-gnu/libatk-1.0.so.0.20209.1
7f3d79880000-7f3d79a80000 ---p 0001f000 08:01 394856                     /usr/lib/x86_64-linux-gnu/libatk-1.0.so.0.20209.1
7f3d79a80000-7f3d79a82000 r--p 0001f000 08:01 394856                     /usr/lib/x86_64-linux-gnu/libatk-1.0.so.0.20209.1
7f3d79a82000-7f3d79a83000 rw-p 00021000 08:01 394856                     /usr/lib/x86_64-linux-gnu/libatk-1.0.so.0.20209.1
7f3d79a83000-7f3d79a88000 r-xp 00000000 08:01 406543                     /usr/lib/x86_64-linux-gnu/libXfixes.so.3.1.0
7f3d79a88000-7f3d79c87000 ---p 00005000 08:01 406543                     /usr/lib/x86_64-linux-gnu/libXfixes.so.3.1.0
7f3d79c87000-7f3d79c88000 r--p 00004000 08:01 406543                     /usr/lib/x86_64-linux-gnu/libXfixes.so.3.1.0
7f3d79c88000-7f3d79c89000 rw-p 00005000 08:01 406543                     /usr/lib/x86_64-linux-gnu/libXfixes.so.3.1.0
7f3d79c89000-7f3d79c94000 r-xp 00000000 08:01 397309                     /usr/lib/x86_64-linux-gnu/libpangocairo-1.0.so.0.2903.0
7f3d79c94000-7f3d79e94000 ---p 0000b000 08:01 397309                     /usr/lib/x86_64-linux-gnu/libpangocairo-1.0.so.0.2903.0
7f3d79e94000-7f3d79e95000 r--p 0000b000 08:01 397309                     /usr/lib/x86_64-linux-gnu/libpangocairo-1.0.so.0.2903.0
7f3d79e95000-7f3d79e96000 rw-p 0000c000 08:01 397309                     /usr/lib/x86_64-linux-gnu/libpangocairo-1.0.so.0.2903.0
7f3d79e96000-7f3d79eb1000 r-xp 00000000 08:01 406817                     /usr/lib/x86_64-linux-gnu/libxcb.so.1.1.0
7f3d79eb1000-7f3d7a0b0000 ---p 0001b000 08:01 406817                     /usr/lib/x86_64-linux-gnu/libxcb.so.1.1.0
7f3d7a0b0000-7f3d7a0b1000 r--p 0001a000 08:01 406817                     /usr/lib/x86_64-linux-gnu/libxcb.so.1.1.0
7f3d7a0b1000-7f3d7a0b2000 rw-p 0001b000 08:01 406817                     /usr/lib/x86_64-linux-gnu/libxcb.so.1.1.0
7f3d7a0b2000-7f3d7a100000 r-xp 00000000 08:01 400264                     /usr/lib/x86_64-linux-gnu/libcups.so.2
7f3d7a100000-7f3d7a300000 ---p 0004e000 08:01 400264                     /usr/lib/x86_64-linux-gnu/libcups.so.2
7f3d7a300000-7f3d7a304000 r--p 0004e000 08:01 400264                     /usr/lib/x86_64-linux-gnu/libcups.so.2
7f3d7a304000-7f3d7a305000 rw-p 00052000 08:01 400264                     /usr/lib/x86_64-linux-gnu/libcups.so.2
7f3d7a305000-7f3d7a3f9000 r-xp 00000000 08:01 134283                     /lib/x86_64-linux-gnu/libglib-2.0.so.0.3000.0
7f3d7a3f9000-7f3d7a5f8000 ---p 000f4000 08:01 134283                     /lib/x86_64-linux-gnu/libglib-2.0.so.0.3000.0
7f3d7a5f8000-7f3d7a5f9000 r--p 000f3000 08:01 134283                     /lib/x86_64-linux-gnu/libglib-2.0.so.0.3000.0
7f3d7a5f9000-7f3d7a5fa000 rw-p 000f4000 08:01 134283                     /lib/x86_64-linux-gnu/libglib-2.0.so.0.3000.0
7f3d7a5fa000-7f3d7a5fb000 rw-p 00000000 00:00 0 
7f3d7a5fb000-7f3d7a5ff000 r-xp 00000000 08:01 394708                     /usr/lib/x86_64-linux-gnu/libgthread-2.0.so.0.3000.0
7f3d7a5ff000-7f3d7a7fe000 ---p 00004000 08:01 394708                     /usr/lib/x86_64-linux-gnu/libgthread-2.0.so.0.3000.0
7f3d7a7fe000-7f3d7a7ff000 r--p 00003000 08:01 394708                     /usr/lib/x86_64-linux-gnu/libgthread-2.0.so.0.3000.0
7f3d7a7ff000-7f3d7a800000 rw-p 00004000 08:01 394708                     /usr/lib/x86_64-linux-gnu/libgthread-2.0.so.0.3000.0
7f3d7a800000-7f3d7a84e000 r-xp 00000000 08:01 394707                     /usr/lib/x86_64-linux-gnu/libgobject-2.0.so.0.3000.0
7f3d7a84e000-7f3d7aa4e000 ---p 0004e000 08:01 394707                     /usr/lib/x86_64-linux-gnu/libgobject-2.0.so.0.3000.0
7f3d7aa4e000-7f3d7aa4f000 r--p 0004e000 08:01 394707                     /usr/lib/x86_64-linux-gnu/libgobject-2.0.so.0.3000.0
7f3d7aa4f000-7f3d7aa50000 rw-p 0004f000 08:01 394707                     /usr/lib/x86_64-linux-gnu/libgobject-2.0.so.0.3000.0
7f3d7aa50000-7f3d7aa51000 rw-p 00000000 00:00 0 
7f3d7aa51000-7f3d7aa85000 r-xp 00000000 08:01 406630                     /usr/lib/x86_64-linux-gnu/libfontconfig.so.1.4.4
7f3d7aa85000-7f3d7ac85000 ---p 00034000 08:01 406630                     /usr/lib/x86_64-linux-gnu/libfontconfig.so.1.4.4
7f3d7ac85000-7f3d7ac86000 r--p 00034000 08:01 406630                     /usr/lib/x86_64-linux-gnu/libfontconfig.so.1.4.4
7f3d7ac86000-7f3d7ac87000 rw-p 00035000 08:01 406630                     /usr/lib/x86_64-linux-gnu/libfontconfig.so.1.4.4
7f3d7ac87000-7f3d7acce000 r-xp 00000000 08:01 397304                     /usr/lib/x86_64-linux-gnu/libpango-1.0.so.0.2903.0
7f3d7acce000-7f3d7aece000 ---p 00047000 08:01 397304                     /usr/lib/x86_64-linux-gnu/libpango-1.0.so.0.2903.0
7f3d7aece000-7f3d7aed0000 r--p 00047000 08:01 397304                     /usr/lib/x86_64-linux-gnu/libpango-1.0.so.0.2903.0
7f3d7aed0000-7f3d7aed1000 rw-p 00049000 08:01 397304                     /usr/lib/x86_64-linux-gnu/libpango-1.0.so.0.2903.0
7f3d7aed1000-7f3d7aeef000 r-xp 00000000 08:01 394128                     /usr/lib/x86_64-linux-gnu/libgdk_pixbuf-2.0.so.0.2400.0
7f3d7aeef000-7f3d7b0ee000 ---p 0001e000 08:01 394128                     /usr/lib/x86_64-linux-gnu/libgdk_pixbuf-2.0.so.0.2400.0
7f3d7b0ee000-7f3d7b0ef000 r--p 0001d000 08:01 394128                     /usr/lib/x86_64-linux-gnu/libgdk_pixbuf-2.0.so.0.2400.0
7f3d7b0ef000-7f3d7b0f0000 rw-p 0001e000 08:01 394128                     /usr/lib/x86_64-linux-gnu/libgdk_pixbuf-2.0.so.0.2400.0
7f3d7b0f0000-7f3d7b22b000 r-xp 00000000 08:01 394685                     /usr/lib/x86_64-linux-gnu/libgio-2.0.so.0.3000.0
7f3d7b22b000-7f3d7b42a000 ---p 0013b000 08:01 394685                     /usr/lib/x86_64-linux-gnu/libgio-2.0.so.0.3000.0
7f3d7b42a000-7f3d7b42e000 r--p 0013a000 08:01 394685                     /usr/lib/x86_64-linux-gnu/libgio-2.0.so.0.3000.0
7f3d7b42e000-7f3d7b430000 rw-p 0013e000 08:01 394685                     /usr/lib/x86_64-linux-gnu/libgio-2.0.so.0.3000.0
7f3d7b430000-7f3d7b432000 rw-p 00000000 00:00 0 
7f3d7b432000-7f3d7b4df000 r-xp 00000000 08:01 397253                     /usr/lib/x86_64-linux-gnu/libgdk-x11-2.0.so.0.2400.6
7f3d7b4df000-7f3d7b6de000 ---p 000ad000 08:01 397253                     /usr/lib/x86_64-linux-gnu/libgdk-x11-2.0.so.0.2400.6
7f3d7b6de000-7f3d7b6e2000 r--p 000ac000 08:01 397253                     /usr/lib/x86_64-linux-gnu/libgdk-x11-2.0.so.0.2400.6
7f3d7b6e2000-7f3d7b6e4000 rw-p 000b0000 08:01 397253                     /usr/lib/x86_64-linux-gnu/libgdk-x11-2.0.so.0.2400.6
7f3d7b6e4000-7f3d7bb13000 r-xp 00000000 08:01 397246                     /usr/lib/x86_64-linux-gnu/libgtk-x11-2.0.so.0.2400.6
7f3d7bb13000-7f3d7bd13000 ---p 0042f000 08:01 397246                     /usr/lib/x86_64-linux-gnu/libgtk-x11-2.0.so.0.2400.6
7f3d7bd13000-7f3d7bd1a000 r--p 0042f000 08:01 397246                     /usr/lib/x86_64-linux-gnu/libgtk-x11-2.0.so.0.2400.6
7f3d7bd1a000-7f3d7bd1e000 rw-p 00436000 08:01 397246                     /usr/lib/x86_64-linux-gnu/libgtk-x11-2.0.so.0.2400.6
7f3d7bd1e000-7f3d7bd20000 rw-p 00000000 00:00 0 
7f3d7bd20000-7f3d7bd2f000 r-xp 00000000 08:01 406547                     /usr/lib/x86_64-linux-gnu/libXi.so.6.1.0
7f3d7bd2f000-7f3d7bf2e000 ---p 0000f000 08:01 406547                     /usr/lib/x86_64-linux-gnu/libXi.so.6.1.0
7f3d7bf2e000-7f3d7bf2f000 r--p 0000e000 08:01 406547                     /usr/lib/x86_64-linux-gnu/libXi.so.6.1.0
7f3d7bf2f000-7f3d7bf30000 rw-p 0000f000 08:01 406547                     /usr/lib/x86_64-linux-gnu/libXi.so.6.1.0
7f3d7bf30000-7f3d7bf35000 r-xp 00000000 08:01 398564                     /usr/lib/libXtst.so.6.1.0
7f3d7bf35000-7f3d7c134000 ---p 00005000 08:01 398564                     /usr/lib/libXtst.so.6.1.0
7f3d7c134000-7f3d7c135000 r--p 00004000 08:01 398564                     /usr/lib/libXtst.so.6.1.0
7f3d7c135000-7f3d7c136000 rw-p 00005000 08:01 398564                     /usr/lib/libXtst.so.6.1.0
7f3d7c136000-7f3d7c13f000 r-xp 00000000 08:01 406553                     /usr/lib/x86_64-linux-gnu/libXrender.so.1.3.0
7f3d7c13f000-7f3d7c33f000 ---p 00009000 08:01 406553                     /usr/lib/x86_64-linux-gnu/libXrender.so.1.3.0
7f3d7c33f000-7f3d7c340000 r--p 00009000 08:01 406553                     /usr/lib/x86_64-linux-gnu/libXrender.so.1.3.0
7f3d7c340000-7f3d7c341000 rw-p 0000a000 08:01 406553                     /usr/lib/x86_64-linux-gnu/libXrender.so.1.3.0
7f3d7c341000-7f3d7c474000 r-xp 00000000 08:01 406471                     /usr/lib/x86_64-linux-gnu/libX11.so.6.3.0
7f3d7c474000-7f3d7c674000 ---p 00133000 08:01 406471                     /usr/lib/x86_64-linux-gnu/libX11.so.6.3.0
7f3d7c674000-7f3d7c675000 r--p 00133000 08:01 406471                     /usr/lib/x86_64-linux-gnu/libX11.so.6.3.0
7f3d7c675000-7f3d7c679000 rw-p 00134000 08:01 406471                     /usr/lib/x86_64-linux-gnu/libX11.so.6.3.0
7f3d7c679000-7f3d7c68b000 r-xp 00000000 08:01 406541                     /usr/lib/x86_64-linux-gnu/libXext.so.6.4.0
7f3d7c68b000-7f3d7c88a000 ---p 00012000 08:01 406541                     /usr/lib/x86_64-linux-gnu/libXext.so.6.4.0
7f3d7c88a000-7f3d7c88b000 r--p 00011000 08:01 406541                     /usr/lib/x86_64-linux-gnu/libXext.so.6.4.0
7f3d7c88b000-7f3d7c88c000 rw-p 00012000 08:01 406541                     /usr/lib/x86_64-linux-gnu/libXext.so.6.4.0
7f3d7c88c000-7f3d7c8af000 r--p 00000000 08:01 675061                     /usr/share/locale-langpack/fr/LC_MESSAGES/libc.mo
7f3d7c8af000-7f3d7c901000 r-xp 00000000 08:01 401973                     /usr/lib/jvm/java-7-openjdk-amd64/jre/lib/amd64/xawt/libmawt.so
7f3d7c901000-7f3d7cb01000 ---p 00052000 08:01 401973                     /usr/lib/jvm/java-7-openjdk-amd64/jre/lib/amd64/xawt/libmawt.so
7f3d7cb01000-7f3d7cb02000 r--p 00052000 08:01 401973                     /usr/lib/jvm/java-7-openjdk-amd64/jre/lib/amd64/xawt/libmawt.so
7f3d7cb02000-7f3d7cb05000 rw-p 00053000 08:01 401973                     /usr/lib/jvm/java-7-openjdk-amd64/jre/lib/amd64/xawt/libmawt.so
7f3d7cb05000-7f3d7cb06000 rw-p 00000000 00:00 0 
7f3d7cb06000-7f3d7cba8000 r-xp 00000000 08:01 398111                     /usr/lib/jvm/java-7-openjdk-amd64/jre/lib/amd64/libawt.so
7f3d7cba8000-7f3d7cda7000 ---p 000a2000 08:01 398111                     /usr/lib/jvm/java-7-openjdk-amd64/jre/lib/amd64/libawt.so
7f3d7cda7000-7f3d7cda8000 r--p 000a1000 08:01 398111                     /usr/lib/jvm/java-7-openjdk-amd64/jre/lib/amd64/libawt.so
7f3d7cda8000-7f3d7cdb3000 rw-p 000a2000 08:01 398111                     /usr/lib/jvm/java-7-openjdk-amd64/jre/lib/amd64/libawt.so
7f3d7cdb3000-7f3d7cdd8000 rw-p 00000000 00:00 0 
7f3d7cdd8000-7f3d7cdd9000 ---p 00000000 00:00 0 
7f3d7cdd9000-7f3d7ced9000 rw-p 00000000 00:00 0 
7f3d7ced9000-7f3d7cedc000 ---p 00000000 00:00 0 
7f3d7cedc000-7f3d7cfda000 rw-p 00000000 00:00 0 
7f3d7cfda000-7f3d7cfdd000 ---p 00000000 00:00 0 
7f3d7cfdd000-7f3d7d0db000 rw-p 00000000 00:00 0 
7f3d7d0db000-7f3d7d0de000 ---p 00000000 00:00 0 
7f3d7d0de000-7f3d7d1dc000 rw-p 00000000 00:00 0 
7f3d7d1dc000-7f3d7d1df000 ---p 00000000 00:00 0 
7f3d7d1df000-7f3d7d2dd000 rw-p 00000000 00:00 0 
7f3d7d2dd000-7f3d7d9ca000 r--p 00000000 08:01 403488                     /usr/lib/locale/locale-archive
7f3d7d9ca000-7f3d7d9cd000 ---p 00000000 00:00 0 
7f3d7d9cd000-7f3d7dacb000 rw-p 00000000 00:00 0 
7f3d7dacb000-7f3d7dace000 ---p 00000000 00:00 0 
7f3d7dace000-7f3d7dbcc000 rw-p 00000000 00:00 0 
7f3d7dbcc000-7f3d7dbcd000 ---p 00000000 00:00 0 
7f3d7dbcd000-7f3d7e03c000 rw-p 00000000 00:00 0 
7f3d7e03c000-7f3d7e1ea000 r--s 03e76000 08:01 396788                     /usr/lib/jvm/java-7-openjdk-amd64/jre/lib/rt.jar
7f3d7e1ea000-7f3d7e212000 rw-p 00000000 00:00 0 
7f3d7e212000-7f3d7e213000 ---p 00000000 00:00 0 
7f3d7e213000-7f3d7e313000 rw-p 00000000 00:00 0 
7f3d7e313000-7f3d7e314000 ---p 00000000 00:00 0 
7f3d7e314000-7f3d7e41f000 rw-p 00000000 00:00 0 
7f3d7e41f000-7f3d7e467000 rw-p 00000000 00:00 0 
7f3d7e467000-7f3d7e47c000 rw-p 00000000 00:00 0 
7f3d7e47c000-7f3d7e5b2000 rw-p 00000000 00:00 0 
7f3d7e5b2000-7f3d7e5bd000 rw-p 00000000 00:00 0 
7f3d7e5bd000-7f3d7e605000 rw-p 00000000 00:00 0 
7f3d7e605000-7f3d7e61a000 rw-p 00000000 00:00 0 
7f3d7e61a000-7f3d7e74f000 rw-p 00000000 00:00 0 
7f3d7e74f000-7f3d7e75a000 rw-p 00000000 00:00 0 
7f3d7e75a000-7f3d7e7f5000 rw-p 00000000 00:00 0 
7f3d7e7f5000-7f3d7e7f6000 rw-p 00000000 00:00 0 
7f3d7e7f6000-7f3d7ea66000 rwxp 00000000 00:00 0 
7f3d7ea66000-7f3d817f6000 rw-p 00000000 00:00 0 
7f3d817f6000-7f3d817fe000 r-xp 00000000 08:01 399895                     /usr/lib/jvm/java-7-openjdk-amd64/jre/lib/amd64/libzip.so
7f3d817fe000-7f3d819fd000 ---p 00008000 08:01 399895                     /usr/lib/jvm/java-7-openjdk-amd64/jre/lib/amd64/libzip.so
7f3d819fd000-7f3d819fe000 r--p 00007000 08:01 399895                     /usr/lib/jvm/java-7-openjdk-amd64/jre/lib/amd64/libzip.so
7f3d819fe000-7f3d819ff000 rw-p 00008000 08:01 399895                     /usr/lib/jvm/java-7-openjdk-amd64/jre/lib/amd64/libzip.so
7f3d819ff000-7f3d81a0b000 r-xp 00000000 08:01 134596                     /lib/x86_64-linux-gnu/libnss_files-2.13.so
7f3d81a0b000-7f3d81c0a000 ---p 0000c000 08:01 134596                     /lib/x86_64-linux-gnu/libnss_files-2.13.so
7f3d81c0a000-7f3d81c0b000 r--p 0000b000 08:01 134596                     /lib/x86_64-linux-gnu/libnss_files-2.13.so
7f3d81c0b000-7f3d81c0c000 rw-p 0000c000 08:01 134596                     /lib/x86_64-linux-gnu/libnss_files-2.13.so
7f3d81c0c000-7f3d81c16000 r-xp 00000000 08:01 134607                     /lib/x86_64-linux-gnu/libnss_nis-2.13.so
7f3d81c16000-7f3d81e16000 ---p 0000a000 08:01 134607                     /lib/x86_64-linux-gnu/libnss_nis-2.13.so
7f3d81e16000-7f3d81e17000 r--p 0000a000 08:01 134607                     /lib/x86_64-linux-gnu/libnss_nis-2.13.so
7f3d81e17000-7f3d81e18000 rw-p 0000b000 08:01 134607                     /lib/x86_64-linux-gnu/libnss_nis-2.13.so
7f3d81e18000-7f3d81e2f000 r-xp 00000000 08:01 134591                     /lib/x86_64-linux-gnu/libnsl-2.13.so
7f3d81e2f000-7f3d8202e000 ---p 00017000 08:01 134591                     /lib/x86_64-linux-gnu/libnsl-2.13.so
7f3d8202e000-7f3d8202f000 r--p 00016000 08:01 134591                     /lib/x86_64-linux-gnu/libnsl-2.13.so
7f3d8202f000-7f3d82030000 rw-p 00017000 08:01 134591                     /lib/x86_64-linux-gnu/libnsl-2.13.so
7f3d82030000-7f3d82032000 rw-p 00000000 00:00 0 
7f3d82032000-7f3d8203a000 r-xp 00000000 08:01 134588                     /lib/x86_64-linux-gnu/libnss_compat-2.13.so
7f3d8203a000-7f3d82239000 ---p 00008000 08:01 134588                     /lib/x86_64-linux-gnu/libnss_compat-2.13.so
7f3d82239000-7f3d8223a000 r--p 00007000 08:01 134588                     /lib/x86_64-linux-gnu/libnss_compat-2.13.so
7f3d8223a000-7f3d8223b000 rw-p 00008000 08:01 134588                     /lib/x86_64-linux-gnu/libnss_compat-2.13.so
7f3d8223b000-7f3d82264000 r-xp 00000000 08:01 398578                     /usr/lib/jvm/java-7-openjdk-amd64/jre/lib/amd64/libjava.so
7f3d82264000-7f3d82463000 ---p 00029000 08:01 398578                     /usr/lib/jvm/java-7-openjdk-amd64/jre/lib/amd64/libjava.so
7f3d82463000-7f3d82464000 r--p 00028000 08:01 398578                     /usr/lib/jvm/java-7-openjdk-amd64/jre/lib/amd64/libjava.so
7f3d82464000-7f3d82466000 rw-p 00029000 08:01 398578                     /usr/lib/jvm/java-7-openjdk-amd64/jre/lib/amd64/libjava.so
7f3d82466000-7f3d82474000 r-xp 00000000 08:01 399894                     /usr/lib/jvm/java-7-openjdk-amd64/jre/lib/amd64/libverify.so
7f3d82474000-7f3d82673000 ---p 0000e000 08:01 399894                     /usr/lib/jvm/java-7-openjdk-amd64/jre/lib/amd64/libverify.so
7f3d82673000-7f3d82675000 r--p 0000d000 08:01 399894                     /usr/lib/jvm/java-7-openjdk-amd64/jre/lib/amd64/libverify.so
7f3d82675000-7f3d82676000 rw-p 0000f000 08:01 399894                     /usr/lib/jvm/java-7-openjdk-amd64/jre/lib/amd64/libverify.so
7f3d82676000-7f3d8267d000 r-xp 00000000 08:01 134577                     /lib/x86_64-linux-gnu/librt-2.13.so
7f3d8267d000-7f3d8287c000 ---p 00007000 08:01 134577                     /lib/x86_64-linux-gnu/librt-2.13.so
7f3d8287c000-7f3d8287d000 r--p 00006000 08:01 134577                     /lib/x86_64-linux-gnu/librt-2.13.so
7f3d8287d000-7f3d8287e000 rw-p 00007000 08:01 134577                     /lib/x86_64-linux-gnu/librt-2.13.so
7f3d8287e000-7f3d82893000 r-xp 00000000 08:01 131748                     /lib/x86_64-linux-gnu/libgcc_s.so.1
7f3d82893000-7f3d82a92000 ---p 00015000 08:01 131748                     /lib/x86_64-linux-gnu/libgcc_s.so.1
7f3d82a92000-7f3d82a93000 r--p 00014000 08:01 131748                     /lib/x86_64-linux-gnu/libgcc_s.so.1
7f3d82a93000-7f3d82a94000 rw-p 00015000 08:01 131748                     /lib/x86_64-linux-gnu/libgcc_s.so.1
7f3d82a94000-7f3d82b17000 r-xp 00000000 08:01 134673                     /lib/x86_64-linux-gnu/libm-2.13.so
7f3d82b17000-7f3d82d16000 ---p 00083000 08:01 134673                     /lib/x86_64-linux-gnu/libm-2.13.so
7f3d82d16000-7f3d82d17000 r--p 00082000 08:01 134673                     /lib/x86_64-linux-gnu/libm-2.13.so
7f3d82d17000-7f3d82d18000 rw-p 00083000 08:01 134673                     /lib/x86_64-linux-gnu/libm-2.13.so
7f3d82d18000-7f3d82e00000 r-xp 00000000 08:01 398097                     /usr/lib/x86_64-linux-gnu/libstdc++.so.6.0.16
7f3d82e00000-7f3d83000000 ---p 000e8000 08:01 398097                     /usr/lib/x86_64-linux-gnu/libstdc++.so.6.0.16
7f3d83000000-7f3d83008000 r--p 000e8000 08:01 398097                     /usr/lib/x86_64-linux-gnu/libstdc++.so.6.0.16
7f3d83008000-7f3d8300a000 rw-p 000f0000 08:01 398097                     /usr/lib/x86_64-linux-gnu/libstdc++.so.6.0.16
7f3d8300a000-7f3d8301f000 rw-p 00000000 00:00 0 
7f3d8301f000-7f3d839a6000 r-xp 00000000 08:01 399897                     /usr/lib/jvm/java-7-openjdk-amd64/jre/lib/amd64/server/libjvm.so
7f3d839a6000-7f3d83ba5000 ---p 00987000 08:01 399897                     /usr/lib/jvm/java-7-openjdk-amd64/jre/lib/amd64/server/libjvm.so
7f3d83ba5000-7f3d83c23000 r--p 00986000 08:01 399897                     /usr/lib/jvm/java-7-openjdk-amd64/jre/lib/amd64/server/libjvm.so
7f3d83c23000-7f3d83c3e000 rw-p 00a04000 08:01 399897                     /usr/lib/jvm/java-7-openjdk-amd64/jre/lib/amd64/server/libjvm.so
7f3d83c3e000-7f3d83c69000 rw-p 00000000 00:00 0 
7f3d83c69000-7f3d83c81000 r-xp 00000000 08:01 134606                     /lib/x86_64-linux-gnu/libpthread-2.13.so
7f3d83c81000-7f3d83e80000 ---p 00018000 08:01 134606                     /lib/x86_64-linux-gnu/libpthread-2.13.so
7f3d83e80000-7f3d83e81000 r--p 00017000 08:01 134606                     /lib/x86_64-linux-gnu/libpthread-2.13.so
7f3d83e81000-7f3d83e82000 rw-p 00018000 08:01 134606                     /lib/x86_64-linux-gnu/libpthread-2.13.so
7f3d83e82000-7f3d83e86000 rw-p 00000000 00:00 0 
7f3d83e86000-7f3d83e9d000 r-xp 00000000 08:01 139905                     /lib/x86_64-linux-gnu/libz.so.1.2.3.4
7f3d83e9d000-7f3d8409c000 ---p 00017000 08:01 139905                     /lib/x86_64-linux-gnu/libz.so.1.2.3.4
7f3d8409c000-7f3d8409d000 r--p 00016000 08:01 139905                     /lib/x86_64-linux-gnu/libz.so.1.2.3.4
7f3d8409d000-7f3d8409e000 rw-p 00017000 08:01 139905                     /lib/x86_64-linux-gnu/libz.so.1.2.3.4
7f3d8409e000-7f3d840a0000 r-xp 00000000 08:01 134594                     /lib/x86_64-linux-gnu/libdl-2.13.so
7f3d840a0000-7f3d842a0000 ---p 00002000 08:01 134594                     /lib/x86_64-linux-gnu/libdl-2.13.so
7f3d842a0000-7f3d842a1000 r--p 00002000 08:01 134594                     /lib/x86_64-linux-gnu/libdl-2.13.so
7f3d842a1000-7f3d842a2000 rw-p 00003000 08:01 134594                     /lib/x86_64-linux-gnu/libdl-2.13.so
7f3d842a2000-7f3d84437000 r-xp 00000000 08:01 134593                     /lib/x86_64-linux-gnu/libc-2.13.so
7f3d84437000-7f3d84636000 ---p 00195000 08:01 134593                     /lib/x86_64-linux-gnu/libc-2.13.so
7f3d84636000-7f3d8463a000 r--p 00194000 08:01 134593                     /lib/x86_64-linux-gnu/libc-2.13.so
7f3d8463a000-7f3d8463b000 rw-p 00198000 08:01 134593                     /lib/x86_64-linux-gnu/libc-2.13.so
7f3d8463b000-7f3d84641000 rw-p 00000000 00:00 0 
7f3d84641000-7f3d8464d000 r-xp 00000000 08:01 397479                     /usr/lib/jvm/java-7-openjdk-amd64/jre/lib/amd64/jli/libjli.so
7f3d8464d000-7f3d8484c000 ---p 0000c000 08:01 397479                     /usr/lib/jvm/java-7-openjdk-amd64/jre/lib/amd64/jli/libjli.so
7f3d8484c000-7f3d8484d000 r--p 0000b000 08:01 397479                     /usr/lib/jvm/java-7-openjdk-amd64/jre/lib/amd64/jli/libjli.so
7f3d8484d000-7f3d8484e000 rw-p 0000c000 08:01 397479                     /usr/lib/jvm/java-7-openjdk-amd64/jre/lib/amd64/jli/libjli.so
7f3d8484e000-7f3d8486f000 r-xp 00000000 08:01 134600                     /lib/x86_64-linux-gnu/ld-2.13.so
7f3d8486f000-7f3d84873000 r--s 0009f000 08:01 396465                     /usr/lib/jvm/java-7-openjdk-common/jre/lib/jsse.jar
7f3d84873000-7f3d8487c000 r--s 00263000 08:01 396683                     /usr/lib/jvm/java-7-openjdk-common/jre/lib/resources.jar
7f3d8487c000-7f3d84883000 r--s 00000000 08:01 663199                     /usr/lib/x86_64-linux-gnu/gconv/gconv-modules.cache
7f3d84883000-7f3d8488d000 rw-p 00000000 00:00 0 
7f3d8488d000-7f3d84943000 rw-p 00000000 00:00 0 
7f3d84943000-7f3d84946000 ---p 00000000 00:00 0 
7f3d84946000-7f3d84a49000 rw-p 00000000 00:00 0 
7f3d84a4a000-7f3d84a4b000 r--p 00000000 00:00 0 
7f3d84a4b000-7f3d84a4e000 r--s 00032000 08:01 395025                     /usr/lib/jvm/java-7-openjdk-common/jre/lib/ext/sunjce_provider.jar
7f3d84a4e000-7f3d84a51000 r--s 00085000 08:01 395002                     /usr/lib/jvm/java-7-openjdk-common/jre/lib/ext/localedata.jar
7f3d84a51000-7f3d84a52000 r--s 00002000 08:01 394906                     /usr/lib/jvm/java-7-openjdk-common/jre/lib/ext/dnsns.jar
7f3d84a52000-7f3d84a55000 r--s 0003c000 08:01 394890                     /usr/lib/jvm/java-7-openjdk-common/jre/lib/ext/sunpkcs11.jar
7f3d84a55000-7f3d84a57000 r--s 00012000 08:01 395160                     /usr/lib/jvm/java-7-openjdk-common/jre/lib/ext/zipfs.jar
7f3d84a57000-7f3d84a5a000 r--s 0000f000 08:01 395194                     /usr/lib/jvm/java-7-openjdk-common/jre/lib/ext/pulse-java.jar
7f3d84a5a000-7f3d84a62000 r--s 00066000 08:01 676447                     /usr/share/java/gnome-java-bridge.jar
7f3d84a62000-7f3d84a6a000 rw-s 00000000 08:01 268486                     /tmp/hsperfdata_guillaume/4204
7f3d84a6a000-7f3d84a6b000 rw-p 00000000 00:00 0 
7f3d84a6b000-7f3d84a6c000 r--p 00000000 00:00 0 
7f3d84a6c000-7f3d84a6e000 rw-p 00000000 00:00 0 
7f3d84a6e000-7f3d84a6f000 r--p 00020000 08:01 134600                     /lib/x86_64-linux-gnu/ld-2.13.so
7f3d84a6f000-7f3d84a71000 rw-p 00021000 08:01 134600                     /lib/x86_64-linux-gnu/ld-2.13.so
7fffc6a2b000-7fffc6a4c000 rw-p 00000000 00:00 0                          [stack]
7fffc6ba3000-7fffc6ba4000 r-xp 00000000 00:00 0                          [vdso]
ffffffffff600000-ffffffffff601000 r-xp 00000000 00:00 0                  [vsyscall]

VM Arguments:
jvm_args: -Dfile.encoding=UTF-8 
java_command: main.Main -Xms1024M -Xmx1024M
Launcher Type: SUN_STANDARD

Environment Variables:
PATH=/usr/lib/lightdm/lightdm:/usr/local/sbin:/usr/local/bin:/usr/sbin:/usr/bin:/sbin:/bin:/usr/games
USERNAME=guillaume
SHELL=/bin/bash
DISPLAY=:0

Signal Handlers:
SIGSEGV: [libjvm.so+0x7fca30], sa_mask[0]=0x7ffbfeff, sa_flags=0x10000004
SIGBUS: [libjvm.so+0x7fca30], sa_mask[0]=0x7ffbfeff, sa_flags=0x10000004
SIGFPE: [libjvm.so+0x6a1150], sa_mask[0]=0x7ffbfeff, sa_flags=0x10000004
SIGPIPE: [libjvm.so+0x6a1150], sa_mask[0]=0x7ffbfeff, sa_flags=0x10000004
SIGXFSZ: [libjvm.so+0x6a1150], sa_mask[0]=0x7ffbfeff, sa_flags=0x10000004
SIGILL: [libjvm.so+0x6a1150], sa_mask[0]=0x7ffbfeff, sa_flags=0x10000004
SIGUSR1: SIG_DFL, sa_mask[0]=0x00000000, sa_flags=0x00000000
SIGUSR2: [libjvm.so+0x6a1520], sa_mask[0]=0x00000004, sa_flags=0x10000004
SIGHUP: [libjvm.so+0x6a1660], sa_mask[0]=0x7ffbfeff, sa_flags=0x10000004
SIGINT: SIG_IGN, sa_mask[0]=0x00000000, sa_flags=0x00000000
SIGTERM: [libjvm.so+0x6a1660], sa_mask[0]=0x7ffbfeff, sa_flags=0x10000004
SIGQUIT: [libjvm.so+0x6a1660], sa_mask[0]=0x7ffbfeff, sa_flags=0x10000004


---------------  S Y S T E M  ---------------

OS:Ubuntu 11.10 (oneiric)
uname:Linux 3.0.0-12-generic #20-Ubuntu SMP Fri Oct 7 14:56:25 UTC 2011 x86_64
libc:glibc 2.13 NPTL 2.13 
rlimit: STACK 8192k, CORE infinity, NPROC 31562, NOFILE 4096, AS infinity
load average:2,04 0,60 0,36

/proc/meminfo:
MemTotal:        4055792 kB
MemFree:         1627324 kB
Buffers:           99348 kB
Cached:           931244 kB
SwapCached:            0 kB
Active:          1601220 kB
Inactive:         616392 kB
Active(anon):    1187748 kB
Inactive(anon):    14672 kB
Active(file):     413472 kB
Inactive(file):   601720 kB
Unevictable:          32 kB
Mlocked:              32 kB
SwapTotal:             0 kB
SwapFree:              0 kB
Dirty:              1016 kB
Writeback:             0 kB
AnonPages:       1187136 kB
Mapped:           187516 kB
Shmem:             15408 kB
Slab:              78180 kB
SReclaimable:      52664 kB
SUnreclaim:        25516 kB
KernelStack:        3472 kB
PageTables:        30120 kB
NFS_Unstable:          0 kB
Bounce:                0 kB
WritebackTmp:          0 kB
CommitLimit:     2027896 kB
Committed_AS:    3379996 kB
VmallocTotal:   34359738367 kB
VmallocUsed:      102100 kB
VmallocChunk:   34359626748 kB
HardwareCorrupted:     0 kB
AnonHugePages:         0 kB
HugePages_Total:       0
HugePages_Free:        0
HugePages_Rsvd:        0
HugePages_Surp:        0
Hugepagesize:       2048 kB
DirectMap4k:      105408 kB
DirectMap2M:     4087808 kB


CPU:total 2 (2 cores per cpu, 1 threads per core) family 6 model 15 stepping 13, cmov, cx8, fxsr, mmx, sse, sse2, sse3, ssse3

Memory: 4k page, physical 4055792k(1627324k free), swap 0k(0k free)

vm_info: OpenJDK 64-Bit Server VM (21.0-b17) for linux-amd64 JRE (1.7.0_147-b147), built on Sep 30 2011 00:36:33 by "buildd" with gcc 4.6.1

time: Thu Nov 10 19:39:51 2011
elapsed time: 1 seconds

