#
# A fatal error has been detected by the Java Runtime Environment:
#
#  SIGSEGV (0xb) at pc=0x00007fd01d0181f8, pid=3795, tid=140532099663616
#
# JRE version: 7.0_147-b147
# Java VM: OpenJDK 64-Bit Server VM (21.0-b17 mixed mode linux-amd64 compressed oops)
# Derivative: IcedTea7 2.0pre
# Distribution: Ubuntu oneiric (development branch), package 7~b147-2.0~pre6-1ubuntu1
# Problematic frame:
# C  [liblcms2.so.2+0x121f8]  cmsSaveProfileToIOhandler+0x38
#
# Failed to write core dump. Core dumps have been disabled. To enable core dumping, try "ulimit -c unlimited" before starting Java again
#
# If you would like to submit a bug report, please include
# instructions on how to reproduce the bug and visit:
#   https://bugs.launchpad.net/ubuntu/+source/openjdk-7/
# The crash happened outside the Java Virtual Machine in native code.
# See problematic frame for where to report the bug.
#

---------------  T H R E A D  ---------------

Current thread (0x000000000174b800):  JavaThread "main" [_thread_in_native, id=3799, stack(0x00007fd02dd14000,0x00007fd02de15000)]

siginfo:si_signo=SIGSEGV: si_errno=0, si_code=1 (SEGV_MAPERR), si_addr=0x0000000000000000

Registers:
RAX=0x0000000000000000, RBX=0x0000000000000000, RCX=0x00000000000001d4, RDX=0x00007fd02de12a3c
RSP=0x00007fd02de11b10, RBP=0x0000000000000000, RSI=0x0000000000000000, RDI=0x00007fd02de11b10
R8 =0x00007fd018250120, R9 =0x00007fd02d7a2ec7, R10=0x00007fd027bd9557, R11=0x00007fd02d7d6df0
R12=0x00007fd02de12a3c, R13=0x0000000000000000, R14=0x0000000000000000, R15=0x000000000174b800
RIP=0x00007fd01d0181f8, EFLAGS=0x0000000000010246, CSGSFS=0x0000000000000033, ERR=0x0000000000000004
  TRAPNO=0x000000000000000e

Top of Stack: (sp=0x00007fd02de11b10)
0x00007fd02de11b10:   00007fd018252ce0 00007fd01d016cef
0x00007fd02de11b20:   0000000000000c48 00007fd018000020
0x00007fd02de11b30:   000000000000000e 000000000000080c
0x00007fd02de11b40:   00007fd000000000 00007fd018000020
0x00007fd02de11b50:   000000000000000e 00007fd01d01d754
0x00007fd02de11b60:   00007fd02de11fec d60d9ebd32586400
0x00007fd02de11b70:   00007fd018252ce0 00007fd01825146c
0x00007fd02de11b80:   000000000000000e 00007fd01d016ebf
0x00007fd02de11b90:   4247527320434549 0000000000000000
0x00007fd02de11ba0:   00007fd018252f80 2dd3000000000100
0x00007fd02de11bb0:   0000080c000004c4 00007fd018000020
0x00007fd02de11bc0:   00007fd000000000 00007fd018252e30
0x00007fd02de11bd0:   0000000000000c48 00007fd0182512e8
0x00007fd02de11be0:   0000000000000011 00007fd02d6efd7c
0x00007fd02de11bf0:   00007fd018252e30 00007fd01d016e2c
0x00007fd02de11c00:   00007fd018251090 00007fd01d0183ae
0x00007fd02de11c10:   00007fd018251f40 0000000000000000
0x00007fd02de11c20:   0000003100000000 0000000900000006
0x00007fd02de11c30:   0000006200000001 ffffffffffffffff
0x00007fd02de11c40:   0000000000000000 0000000000000000
0x00007fd02de11c50:   00007fd02d7cf689 6d6e747202100000
0x00007fd02de11c60:   58595a2052474220 00000000000000b0
0x00007fd02de11c70:   7352474249454320 0000000000000000
0x00007fd02de11c80:   0000000000000000 0000000000000000
0x00007fd02de11c90:   6370727400000011 00007fd018000020
0x00007fd02de11ca0:   00007fd018244100 000000000000007c
0x00007fd02de11cb0:   00007fd02de121d0 00007fd02de12490
0x00007fd02de11cc0:   00007fd02dc3985b 00007fd02d6ef77d
0x00007fd02de11cd0:   6254524300000000 000000000000003f
0x00007fd02de11ce0:   00007fd018244100 0000000000000000
0x00007fd02de11cf0:   00007fd0182500ed 00007fd02dc2d7e1
0x00007fd02de11d00:   0000000000000000 0000000000000000 

Instructions: (pc=0x00007fd01d0181f8)
0x00007fd01d0181d8:   48 89 de 48 81 ec b8 0e 00 00 64 48 8b 04 25 28
0x00007fd01d0181e8:   00 00 00 48 89 84 24 a8 0e 00 00 31 c0 48 89 e7
0x00007fd01d0181f8:   f3 48 a5 48 89 df e8 1d f6 ff ff 48 89 c7 e8 65
0x00007fd01d018208:   f0 ff ff 48 85 c0 49 89 c4 48 89 03 74 0e 31 f6 

Register to memory mapping:

RAX=0x0000000000000000 is an unknown value
RBX=0x0000000000000000 is an unknown value
RCX=0x00000000000001d4 is an unknown value
RDX=0x00007fd02de12a3c is pointing into the stack for thread: 0x000000000174b800
RSP=0x00007fd02de11b10 is pointing into the stack for thread: 0x000000000174b800
RBP=0x0000000000000000 is an unknown value
RSI=0x0000000000000000 is an unknown value
RDI=0x00007fd02de11b10 is pointing into the stack for thread: 0x000000000174b800
R8 =0x00007fd018250120 is an unknown value
R9 =0x00007fd02d7a2ec7: <offset 0x12fec7> in /lib/x86_64-linux-gnu/libc.so.6 at 0x00007fd02d673000
R10=0x00007fd027bd9557 is an Interpreter codelet
method entry point (kind = native_synchronized)  [0x00007fd027bd9180, 0x00007fd027bd9b40]  2496 bytes
R11=0x00007fd02d7d6df0: <offset 0x163df0> in /lib/x86_64-linux-gnu/libc.so.6 at 0x00007fd02d673000
R12=0x00007fd02de12a3c is pointing into the stack for thread: 0x000000000174b800
R13=0x0000000000000000 is an unknown value
R14=0x0000000000000000 is an unknown value
R15=0x000000000174b800 is a thread


Stack: [0x00007fd02dd14000,0x00007fd02de15000],  sp=0x00007fd02de11b10,  free space=1014k
Native frames: (J=compiled Java code, j=interpreted, Vv=VM code, C=native code)
C  [liblcms2.so.2+0x121f8]  cmsSaveProfileToIOhandler+0x38

[error occurred during error reporting (printing native stack), id 0xb]

Java frames: (J=compiled Java code, j=interpreted, Vv=VM code)
j  sun.java2d.cmm.lcms.LCMS.getTagData(JI[B)V+0
j  java.awt.color.ICC_Profile.getData(JI)[B+26
j  java.awt.color.ICC_Profile.getData(I)[B+14
j  java.awt.color.ICC_Profile.getNumComponents()I+18
j  sun.java2d.cmm.lcms.LCMSTransform.<init>(Ljava/awt/color/ICC_Profile;II)V+83
j  sun.java2d.cmm.lcms.LCMS.createTransform(Ljava/awt/color/ICC_Profile;II)Lsun/java2d/cmm/ColorTransform;+7
j  java.awt.color.ICC_ColorSpace.fromRGB([F)[F+37
j  com.sun.imageio.plugins.jpeg.JPEGImageReader.setImageData(IIIII[B)V+158
v  ~StubRoutines::call_stub
j  com.sun.imageio.plugins.jpeg.JPEGImageReader.readImageHeader(JZZ)Z+0
j  com.sun.imageio.plugins.jpeg.JPEGImageReader.readNativeHeader(Z)Z+12
j  com.sun.imageio.plugins.jpeg.JPEGImageReader.checkTablesOnly()V+92
j  com.sun.imageio.plugins.jpeg.JPEGImageReader.gotoImage(I)V+41
j  com.sun.imageio.plugins.jpeg.JPEGImageReader.readHeader(IZ)V+2
j  com.sun.imageio.plugins.jpeg.JPEGImageReader.readInternal(ILjavax/imageio/ImageReadParam;Z)Ljava/awt/image/Raster;+3
j  com.sun.imageio.plugins.jpeg.JPEGImageReader.read(ILjavax/imageio/ImageReadParam;)Ljava/awt/image/BufferedImage;+8
j  javax.imageio.ImageIO.read(Ljavax/imageio/stream/ImageInputStream;)Ljava/awt/image/BufferedImage;+55
j  javax.imageio.ImageIO.read(Ljava/io/InputStream;)Ljava/awt/image/BufferedImage;+20
j  content.ImageBank.<init>()V+120
j  main.Main.main([Ljava/lang/String;)V+4
v  ~StubRoutines::call_stub

---------------  P R O C E S S  ---------------

Java Threads: ( => current thread )
  0x00007fd01820e800 JavaThread "Thread-0" [_thread_blocked, id=3819, stack(0x00007fd01d8a8000,0x00007fd01d9a9000)]
  0x00007fd01820c800 JavaThread "AWT-EventQueue-0" [_thread_in_native, id=3818, stack(0x00007fd01d9a9000,0x00007fd01daaa000)]
  0x00007fd018167000 JavaThread "AWT-Shutdown" [_thread_blocked, id=3817, stack(0x00007fd01e140000,0x00007fd01e241000)]
  0x00007fd0180d6000 JavaThread "process reaper" daemon [_thread_blocked, id=3814, stack(0x00007fd01e241000,0x00007fd01e25b000)]
  0x00007fd0180b0800 JavaThread "AWT-XAWT" daemon [_thread_blocked, id=3812, stack(0x00007fd01e25b000,0x00007fd01e35c000)]
  0x00007fd01806a000 JavaThread "Java2D Disposer" daemon [_thread_blocked, id=3811, stack(0x00007fd01e35c000,0x00007fd01e45d000)]
  0x000000000184f000 JavaThread "Service Thread" daemon [_thread_blocked, id=3809, stack(0x00007fd0262aa000,0x00007fd0263ab000)]
  0x000000000184b800 JavaThread "C2 CompilerThread1" daemon [_thread_blocked, id=3808, stack(0x00007fd0263ab000,0x00007fd0264ac000)]
  0x0000000001848800 JavaThread "C2 CompilerThread0" daemon [_thread_blocked, id=3807, stack(0x00007fd0264ac000,0x00007fd0265ad000)]
  0x0000000001846800 JavaThread "Signal Dispatcher" daemon [_thread_blocked, id=3806, stack(0x00007fd0265ad000,0x00007fd0266ae000)]
  0x00000000017e9000 JavaThread "Finalizer" daemon [_thread_blocked, id=3805, stack(0x00007fd026d9b000,0x00007fd026e9c000)]
  0x00000000017e6800 JavaThread "Reference Handler" daemon [_thread_blocked, id=3804, stack(0x00007fd026e9c000,0x00007fd026f9d000)]
=>0x000000000174b800 JavaThread "main" [_thread_in_native, id=3799, stack(0x00007fd02dd14000,0x00007fd02de15000)]

Other Threads:
  0x00000000017de800 VMThread [stack: 0x00007fd026f9d000,0x00007fd02709e000] [id=3803]
  0x0000000001859800 WatcherThread [stack: 0x00007fd0261a9000,0x00007fd0262aa000] [id=3810]

VM state:not at safepoint (normal execution)

VM Mutex/Monitor currently owned by a thread: None

Heap
 PSYoungGen      total 18496K, used 6847K [0x00000000eb560000, 0x00000000eca00000, 0x0000000100000000)
  eden space 15872K, 43% used [0x00000000eb560000,0x00000000ebc0fd78,0x00000000ec4e0000)
  from space 2624K, 0% used [0x00000000ec770000,0x00000000ec770000,0x00000000eca00000)
  to   space 2624K, 0% used [0x00000000ec4e0000,0x00000000ec4e0000,0x00000000ec770000)
 PSOldGen        total 42304K, used 0K [0x00000000c2000000, 0x00000000c4950000, 0x00000000eb560000)
  object space 42304K, 0% used [0x00000000c2000000,0x00000000c2000000,0x00000000c4950000)
 PSPermGen       total 21248K, used 11167K [0x00000000b7a00000, 0x00000000b8ec0000, 0x00000000c2000000)
  object space 21248K, 52% used [0x00000000b7a00000,0x00000000b84e7c00,0x00000000b8ec0000)

Code Cache  [0x00007fd027bc7000, 0x00007fd027e37000, 0x00007fd02abc7000)
 total_blobs=443 nmethods=13 adapters=383 free_code_cache=48614Kb largest_free_block=49769920

Dynamic libraries:
00400000-00401000 r-xp 00000000 08:01 400896                             /usr/lib/jvm/java-7-openjdk-amd64/jre/bin/java
00600000-00601000 r--p 00000000 08:01 400896                             /usr/lib/jvm/java-7-openjdk-amd64/jre/bin/java
00601000-00602000 rw-p 00001000 08:01 400896                             /usr/lib/jvm/java-7-openjdk-amd64/jre/bin/java
01741000-01b8d000 rw-p 00000000 00:00 0                                  [heap]
b7a00000-b8ec0000 rw-p 00000000 00:00 0 
b8ec0000-c2000000 rw-p 00000000 00:00 0 
c2000000-c4950000 rw-p 00000000 00:00 0 
c4950000-eb560000 rw-p 00000000 00:00 0 
eb560000-eca00000 rw-p 00000000 00:00 0 
eca00000-100000000 rw-p 00000000 00:00 0 
7fd018000000-7fd018254000 rw-p 00000000 00:00 0 
7fd018254000-7fd01c000000 ---p 00000000 00:00 0 
7fd01cdb3000-7fd01d006000 rw-s 00000000 00:04 3473411                    /SYSV00000000 (deleted)
7fd01d006000-7fd01d04c000 r-xp 00000000 08:01 406696                     /usr/lib/x86_64-linux-gnu/liblcms2.so.2.0.2
7fd01d04c000-7fd01d24b000 ---p 00046000 08:01 406696                     /usr/lib/x86_64-linux-gnu/liblcms2.so.2.0.2
7fd01d24b000-7fd01d24c000 r--p 00045000 08:01 406696                     /usr/lib/x86_64-linux-gnu/liblcms2.so.2.0.2
7fd01d24c000-7fd01d250000 rw-p 00046000 08:01 406696                     /usr/lib/x86_64-linux-gnu/liblcms2.so.2.0.2
7fd01d250000-7fd01d251000 rw-p 00000000 00:00 0 
7fd01d251000-7fd01d255000 r-xp 00000000 08:01 398964                     /usr/lib/jvm/java-7-openjdk-amd64/jre/lib/amd64/libjavalcms.so
7fd01d255000-7fd01d454000 ---p 00004000 08:01 398964                     /usr/lib/jvm/java-7-openjdk-amd64/jre/lib/amd64/libjavalcms.so
7fd01d454000-7fd01d455000 r--p 00003000 08:01 398964                     /usr/lib/jvm/java-7-openjdk-amd64/jre/lib/amd64/libjavalcms.so
7fd01d455000-7fd01d456000 rw-p 00004000 08:01 398964                     /usr/lib/jvm/java-7-openjdk-amd64/jre/lib/amd64/libjavalcms.so
7fd01d456000-7fd01d47a000 r-xp 00000000 08:01 406680                     /usr/lib/x86_64-linux-gnu/libjpeg.so.62.0.0
7fd01d47a000-7fd01d679000 ---p 00024000 08:01 406680                     /usr/lib/x86_64-linux-gnu/libjpeg.so.62.0.0
7fd01d679000-7fd01d67a000 r--p 00023000 08:01 406680                     /usr/lib/x86_64-linux-gnu/libjpeg.so.62.0.0
7fd01d67a000-7fd01d67b000 rw-p 00024000 08:01 406680                     /usr/lib/x86_64-linux-gnu/libjpeg.so.62.0.0
7fd01d69e000-7fd01d6a7000 r-xp 00000000 08:01 398665                     /usr/lib/jvm/java-7-openjdk-amd64/jre/lib/amd64/libjavajpeg.so
7fd01d6a7000-7fd01d8a6000 ---p 00009000 08:01 398665                     /usr/lib/jvm/java-7-openjdk-amd64/jre/lib/amd64/libjavajpeg.so
7fd01d8a6000-7fd01d8a7000 r--p 00008000 08:01 398665                     /usr/lib/jvm/java-7-openjdk-amd64/jre/lib/amd64/libjavajpeg.so
7fd01d8a7000-7fd01d8a8000 rw-p 00009000 08:01 398665                     /usr/lib/jvm/java-7-openjdk-amd64/jre/lib/amd64/libjavajpeg.so
7fd01d8a8000-7fd01d8ab000 ---p 00000000 00:00 0 
7fd01d8ab000-7fd01d9a9000 rw-p 00000000 00:00 0 
7fd01d9a9000-7fd01d9ac000 ---p 00000000 00:00 0 
7fd01d9ac000-7fd01daaa000 rw-p 00000000 00:00 0 
7fd01daaa000-7fd01daba000 r-xp 00000000 08:01 399340                     /usr/lib/jvm/java-7-openjdk-amd64/jre/lib/amd64/libnio.so
7fd01daba000-7fd01dcb9000 ---p 00010000 08:01 399340                     /usr/lib/jvm/java-7-openjdk-amd64/jre/lib/amd64/libnio.so
7fd01dcb9000-7fd01dcba000 r--p 0000f000 08:01 399340                     /usr/lib/jvm/java-7-openjdk-amd64/jre/lib/amd64/libnio.so
7fd01dcba000-7fd01dcbb000 rw-p 00010000 08:01 399340                     /usr/lib/jvm/java-7-openjdk-amd64/jre/lib/amd64/libnio.so
7fd01dcbb000-7fd01dcec000 rw-p 00000000 00:00 0 
7fd01dcec000-7fd01dd02000 r-xp 00000000 08:01 399248                     /usr/lib/jvm/java-7-openjdk-amd64/jre/lib/amd64/libnet.so
7fd01dd02000-7fd01df01000 ---p 00016000 08:01 399248                     /usr/lib/jvm/java-7-openjdk-amd64/jre/lib/amd64/libnet.so
7fd01df01000-7fd01df02000 r--p 00015000 08:01 399248                     /usr/lib/jvm/java-7-openjdk-amd64/jre/lib/amd64/libnet.so
7fd01df02000-7fd01df03000 rw-p 00016000 08:01 399248                     /usr/lib/jvm/java-7-openjdk-amd64/jre/lib/amd64/libnet.so
7fd01df03000-7fd01df3d000 r-xp 00000000 08:01 398142                     /usr/lib/jvm/java-7-openjdk-amd64/jre/lib/amd64/libfontmanager.so
7fd01df3d000-7fd01e13d000 ---p 0003a000 08:01 398142                     /usr/lib/jvm/java-7-openjdk-amd64/jre/lib/amd64/libfontmanager.so
7fd01e13d000-7fd01e13f000 r--p 0003a000 08:01 398142                     /usr/lib/jvm/java-7-openjdk-amd64/jre/lib/amd64/libfontmanager.so
7fd01e13f000-7fd01e140000 rw-p 0003c000 08:01 398142                     /usr/lib/jvm/java-7-openjdk-amd64/jre/lib/amd64/libfontmanager.so
7fd01e140000-7fd01e143000 ---p 00000000 00:00 0 
7fd01e143000-7fd01e241000 rw-p 00000000 00:00 0 
7fd01e241000-7fd01e244000 ---p 00000000 00:00 0 
7fd01e244000-7fd01e25b000 rw-p 00000000 00:00 0 
7fd01e25b000-7fd01e25e000 ---p 00000000 00:00 0 
7fd01e25e000-7fd01e35c000 rw-p 00000000 00:00 0 
7fd01e35c000-7fd01e35f000 ---p 00000000 00:00 0 
7fd01e35f000-7fd01e45d000 rw-p 00000000 00:00 0 
7fd01e45d000-7fd01e460000 r-xp 00000000 08:01 139849                     /lib/x86_64-linux-gnu/libgpg-error.so.0.8.0
7fd01e460000-7fd01e65f000 ---p 00003000 08:01 139849                     /lib/x86_64-linux-gnu/libgpg-error.so.0.8.0
7fd01e65f000-7fd01e660000 r--p 00002000 08:01 139849                     /lib/x86_64-linux-gnu/libgpg-error.so.0.8.0
7fd01e660000-7fd01e661000 rw-p 00003000 08:01 139849                     /lib/x86_64-linux-gnu/libgpg-error.so.0.8.0
7fd01e661000-7fd01e663000 r-xp 00000000 08:01 139851                     /lib/x86_64-linux-gnu/libkeyutils.so.1.3
7fd01e663000-7fd01e862000 ---p 00002000 08:01 139851                     /lib/x86_64-linux-gnu/libkeyutils.so.1.3
7fd01e862000-7fd01e863000 r--p 00001000 08:01 139851                     /lib/x86_64-linux-gnu/libkeyutils.so.1.3
7fd01e863000-7fd01e864000 rw-p 00002000 08:01 139851                     /lib/x86_64-linux-gnu/libkeyutils.so.1.3
7fd01e864000-7fd01e8a6000 r-xp 00000000 08:01 135649                     /lib/x86_64-linux-gnu/libdbus-1.so.3.5.7
7fd01e8a6000-7fd01eaa5000 ---p 00042000 08:01 135649                     /lib/x86_64-linux-gnu/libdbus-1.so.3.5.7
7fd01eaa5000-7fd01eaa6000 r--p 00041000 08:01 135649                     /lib/x86_64-linux-gnu/libdbus-1.so.3.5.7
7fd01eaa6000-7fd01eaa7000 rw-p 00042000 08:01 135649                     /lib/x86_64-linux-gnu/libdbus-1.so.3.5.7
7fd01eaa7000-7fd01eb21000 r-xp 00000000 08:01 139845                     /lib/x86_64-linux-gnu/libgcrypt.so.11.7.0
7fd01eb21000-7fd01ed21000 ---p 0007a000 08:01 139845                     /lib/x86_64-linux-gnu/libgcrypt.so.11.7.0
7fd01ed21000-7fd01ed22000 r--p 0007a000 08:01 139845                     /lib/x86_64-linux-gnu/libgcrypt.so.11.7.0
7fd01ed22000-7fd01ed25000 rw-p 0007b000 08:01 139845                     /lib/x86_64-linux-gnu/libgcrypt.so.11.7.0
7fd01ed25000-7fd01ed35000 r-xp 00000000 08:01 406788                     /usr/lib/x86_64-linux-gnu/libtasn1.so.3.1.11
7fd01ed35000-7fd01ef34000 ---p 00010000 08:01 406788                     /usr/lib/x86_64-linux-gnu/libtasn1.so.3.1.11
7fd01ef34000-7fd01ef35000 r--p 0000f000 08:01 406788                     /usr/lib/x86_64-linux-gnu/libtasn1.so.3.1.11
7fd01ef35000-7fd01ef36000 rw-p 00010000 08:01 406788                     /usr/lib/x86_64-linux-gnu/libtasn1.so.3.1.11
7fd01ef36000-7fd01ef3d000 r-xp 00000000 08:01 397002                     /usr/lib/x86_64-linux-gnu/libkrb5support.so.0.1
7fd01ef3d000-7fd01f13c000 ---p 00007000 08:01 397002                     /usr/lib/x86_64-linux-gnu/libkrb5support.so.0.1
7fd01f13c000-7fd01f13d000 r--p 00006000 08:01 397002                     /usr/lib/x86_64-linux-gnu/libkrb5support.so.0.1
7fd01f13d000-7fd01f13e000 rw-p 00007000 08:01 397002                     /usr/lib/x86_64-linux-gnu/libkrb5support.so.0.1
7fd01f13e000-7fd01f141000 r-xp 00000000 08:01 139827                     /lib/x86_64-linux-gnu/libcom_err.so.2.1
7fd01f141000-7fd01f340000 ---p 00003000 08:01 139827                     /lib/x86_64-linux-gnu/libcom_err.so.2.1
7fd01f340000-7fd01f341000 r--p 00002000 08:01 139827                     /lib/x86_64-linux-gnu/libcom_err.so.2.1
7fd01f341000-7fd01f342000 rw-p 00003000 08:01 139827                     /lib/x86_64-linux-gnu/libcom_err.so.2.1
7fd01f342000-7fd01f368000 r-xp 00000000 08:01 394051                     /usr/lib/x86_64-linux-gnu/libk5crypto.so.3.1
7fd01f368000-7fd01f567000 ---p 00026000 08:01 394051                     /usr/lib/x86_64-linux-gnu/libk5crypto.so.3.1
7fd01f567000-7fd01f569000 r--p 00025000 08:01 394051                     /usr/lib/x86_64-linux-gnu/libk5crypto.so.3.1
7fd01f569000-7fd01f56a000 rw-p 00027000 08:01 394051                     /usr/lib/x86_64-linux-gnu/libk5crypto.so.3.1
7fd01f56a000-7fd01f629000 r-xp 00000000 08:01 397018                     /usr/lib/x86_64-linux-gnu/libkrb5.so.3.3
7fd01f629000-7fd01f829000 ---p 000bf000 08:01 397018                     /usr/lib/x86_64-linux-gnu/libkrb5.so.3.3
7fd01f829000-7fd01f832000 r--p 000bf000 08:01 397018                     /usr/lib/x86_64-linux-gnu/libkrb5.so.3.3
7fd01f832000-7fd01f833000 rw-p 000c8000 08:01 397018                     /usr/lib/x86_64-linux-gnu/libkrb5.so.3.3
7fd01f833000-7fd01f83a000 r-xp 00000000 08:01 406811                     /usr/lib/x86_64-linux-gnu/libxcb-render.so.0.0.0
7fd01f83a000-7fd01fa3a000 ---p 00007000 08:01 406811                     /usr/lib/x86_64-linux-gnu/libxcb-render.so.0.0.0
7fd01fa3a000-7fd01fa3b000 r--p 00007000 08:01 406811                     /usr/lib/x86_64-linux-gnu/libxcb-render.so.0.0.0
7fd01fa3b000-7fd01fa3c000 rw-p 00008000 08:01 406811                     /usr/lib/x86_64-linux-gnu/libxcb-render.so.0.0.0
7fd01fa3c000-7fd01fa3e000 r-xp 00000000 08:01 406815                     /usr/lib/x86_64-linux-gnu/libxcb-shm.so.0.0.0
7fd01fa3e000-7fd01fc3d000 ---p 00002000 08:01 406815                     /usr/lib/x86_64-linux-gnu/libxcb-shm.so.0.0.0
7fd01fc3d000-7fd01fc3e000 r--p 00001000 08:01 406815                     /usr/lib/x86_64-linux-gnu/libxcb-shm.so.0.0.0
7fd01fc3e000-7fd01fc3f000 rw-p 00002000 08:01 406815                     /usr/lib/x86_64-linux-gnu/libxcb-shm.so.0.0.0
7fd01fc3f000-7fd01fc65000 r-xp 00000000 08:01 139881                     /lib/x86_64-linux-gnu/libpng12.so.0.46.0
7fd01fc65000-7fd01fe64000 ---p 00026000 08:01 139881                     /lib/x86_64-linux-gnu/libpng12.so.0.46.0
7fd01fe64000-7fd01fe65000 r--p 00025000 08:01 139881                     /lib/x86_64-linux-gnu/libpng12.so.0.46.0
7fd01fe65000-7fd01fe66000 rw-p 00026000 08:01 139881                     /lib/x86_64-linux-gnu/libpng12.so.0.46.0
7fd01fe66000-7fd01fed4000 r-xp 00000000 08:01 406743                     /usr/lib/x86_64-linux-gnu/libpixman-1.so.0.22.2
7fd01fed4000-7fd0200d4000 ---p 0006e000 08:01 406743                     /usr/lib/x86_64-linux-gnu/libpixman-1.so.0.22.2
7fd0200d4000-7fd0200d9000 r--p 0006e000 08:01 406743                     /usr/lib/x86_64-linux-gnu/libpixman-1.so.0.22.2
7fd0200d9000-7fd0200da000 rw-p 00073000 08:01 406743                     /usr/lib/x86_64-linux-gnu/libpixman-1.so.0.22.2
7fd0200da000-7fd0200df000 r-xp 00000000 08:01 406539                     /usr/lib/x86_64-linux-gnu/libXdmcp.so.6.0.0
7fd0200df000-7fd0202de000 ---p 00005000 08:01 406539                     /usr/lib/x86_64-linux-gnu/libXdmcp.so.6.0.0
7fd0202de000-7fd0202df000 r--p 00004000 08:01 406539                     /usr/lib/x86_64-linux-gnu/libXdmcp.so.6.0.0
7fd0202df000-7fd0202e0000 rw-p 00005000 08:01 406539                     /usr/lib/x86_64-linux-gnu/libXdmcp.so.6.0.0
7fd0202e0000-7fd0202e2000 r-xp 00000000 08:01 406531                     /usr/lib/x86_64-linux-gnu/libXau.so.6.0.0
7fd0202e2000-7fd0204e1000 ---p 00002000 08:01 406531                     /usr/lib/x86_64-linux-gnu/libXau.so.6.0.0
7fd0204e1000-7fd0204e2000 r--p 00001000 08:01 406531                     /usr/lib/x86_64-linux-gnu/libXau.so.6.0.0
7fd0204e2000-7fd0204e3000 rw-p 00002000 08:01 406531                     /usr/lib/x86_64-linux-gnu/libXau.so.6.0.0
7fd0204e3000-7fd0204f4000 r-xp 00000000 08:01 406571                     /usr/lib/x86_64-linux-gnu/libavahi-client.so.3.2.9
7fd0204f4000-7fd0206f4000 ---p 00011000 08:01 406571                     /usr/lib/x86_64-linux-gnu/libavahi-client.so.3.2.9
7fd0206f4000-7fd0206f5000 r--p 00011000 08:01 406571                     /usr/lib/x86_64-linux-gnu/libavahi-client.so.3.2.9
7fd0206f5000-7fd0206f6000 rw-p 00012000 08:01 406571                     /usr/lib/x86_64-linux-gnu/libavahi-client.so.3.2.9
7fd0206f6000-7fd020703000 r-xp 00000000 08:01 406573                     /usr/lib/x86_64-linux-gnu/libavahi-common.so.3.5.3
7fd020703000-7fd020902000 ---p 0000d000 08:01 406573                     /usr/lib/x86_64-linux-gnu/libavahi-common.so.3.5.3
7fd020902000-7fd020903000 r--p 0000c000 08:01 406573                     /usr/lib/x86_64-linux-gnu/libavahi-common.so.3.5.3
7fd020903000-7fd020904000 rw-p 0000d000 08:01 406573                     /usr/lib/x86_64-linux-gnu/libavahi-common.so.3.5.3
7fd020904000-7fd0209a5000 r-xp 00000000 08:01 406657                     /usr/lib/x86_64-linux-gnu/libgnutls.so.26.16.14
7fd0209a5000-7fd020ba4000 ---p 000a1000 08:01 406657                     /usr/lib/x86_64-linux-gnu/libgnutls.so.26.16.14
7fd020ba4000-7fd020bab000 r--p 000a0000 08:01 406657                     /usr/lib/x86_64-linux-gnu/libgnutls.so.26.16.14
7fd020bab000-7fd020bac000 rw-p 000a7000 08:01 406657                     /usr/lib/x86_64-linux-gnu/libgnutls.so.26.16.14
7fd020bac000-7fd020be7000 r-xp 00000000 08:01 406685                     /usr/lib/x86_64-linux-gnu/libgssapi_krb5.so.2.2
7fd020be7000-7fd020de7000 ---p 0003b000 08:01 406685                     /usr/lib/x86_64-linux-gnu/libgssapi_krb5.so.2.2
7fd020de7000-7fd020de8000 r--p 0003b000 08:01 406685                     /usr/lib/x86_64-linux-gnu/libgssapi_krb5.so.2.2
7fd020de8000-7fd020dea000 rw-p 0003c000 08:01 406685                     /usr/lib/x86_64-linux-gnu/libgssapi_krb5.so.2.2
7fd020dea000-7fd020e25000 r-xp 00000000 08:01 139879                     /lib/x86_64-linux-gnu/libpcre.so.3.12.1
7fd020e25000-7fd021024000 ---p 0003b000 08:01 139879                     /lib/x86_64-linux-gnu/libpcre.so.3.12.1
7fd021024000-7fd021025000 r--p 0003a000 08:01 139879                     /lib/x86_64-linux-gnu/libpcre.so.3.12.1
7fd021025000-7fd021026000 rw-p 0003b000 08:01 139879                     /lib/x86_64-linux-gnu/libpcre.so.3.12.1
7fd021026000-7fd02102d000 r-xp 00000000 08:01 396800                     /usr/lib/x86_64-linux-gnu/libffi.so.6.0.0
7fd02102d000-7fd02122c000 ---p 00007000 08:01 396800                     /usr/lib/x86_64-linux-gnu/libffi.so.6.0.0
7fd02122c000-7fd02122d000 r--p 00006000 08:01 396800                     /usr/lib/x86_64-linux-gnu/libffi.so.6.0.0
7fd02122d000-7fd02122e000 rw-p 00007000 08:01 396800                     /usr/lib/x86_64-linux-gnu/libffi.so.6.0.0
7fd02122e000-7fd021255000 r-xp 00000000 08:01 139838                     /lib/x86_64-linux-gnu/libexpat.so.1.5.2
7fd021255000-7fd021455000 ---p 00027000 08:01 139838                     /lib/x86_64-linux-gnu/libexpat.so.1.5.2
7fd021455000-7fd021457000 r--p 00027000 08:01 139838                     /lib/x86_64-linux-gnu/libexpat.so.1.5.2
7fd021457000-7fd021458000 rw-p 00029000 08:01 139838                     /lib/x86_64-linux-gnu/libexpat.so.1.5.2
7fd021458000-7fd0214ea000 r-xp 00000000 08:01 406632                     /usr/lib/x86_64-linux-gnu/libfreetype.so.6.6.2
7fd0214ea000-7fd0216e9000 ---p 00092000 08:01 406632                     /usr/lib/x86_64-linux-gnu/libfreetype.so.6.6.2
7fd0216e9000-7fd0216ef000 r--p 00091000 08:01 406632                     /usr/lib/x86_64-linux-gnu/libfreetype.so.6.6.2
7fd0216ef000-7fd0216f0000 rw-p 00097000 08:01 406632                     /usr/lib/x86_64-linux-gnu/libfreetype.so.6.6.2
7fd0216f0000-7fd021707000 r-xp 00000000 08:01 134597                     /lib/x86_64-linux-gnu/libresolv-2.13.so
7fd021707000-7fd021907000 ---p 00017000 08:01 134597                     /lib/x86_64-linux-gnu/libresolv-2.13.so
7fd021907000-7fd021908000 r--p 00017000 08:01 134597                     /lib/x86_64-linux-gnu/libresolv-2.13.so
7fd021908000-7fd021909000 rw-p 00018000 08:01 134597                     /lib/x86_64-linux-gnu/libresolv-2.13.so
7fd021909000-7fd02190b000 rw-p 00000000 00:00 0 
7fd02190b000-7fd021927000 r-xp 00000000 08:01 139888                     /lib/x86_64-linux-gnu/libselinux.so.1
7fd021927000-7fd021b26000 ---p 0001c000 08:01 139888                     /lib/x86_64-linux-gnu/libselinux.so.1
7fd021b26000-7fd021b27000 r--p 0001b000 08:01 139888                     /lib/x86_64-linux-gnu/libselinux.so.1
7fd021b27000-7fd021b28000 rw-p 0001c000 08:01 139888                     /lib/x86_64-linux-gnu/libselinux.so.1
7fd021b28000-7fd021b29000 rw-p 00000000 00:00 0 
7fd021b29000-7fd021b2b000 r-xp 00000000 08:01 406537                     /usr/lib/x86_64-linux-gnu/libXdamage.so.1.1.0
7fd021b2b000-7fd021d2a000 ---p 00002000 08:01 406537                     /usr/lib/x86_64-linux-gnu/libXdamage.so.1.1.0
7fd021d2a000-7fd021d2b000 r--p 00001000 08:01 406537                     /usr/lib/x86_64-linux-gnu/libXdamage.so.1.1.0
7fd021d2b000-7fd021d2c000 rw-p 00002000 08:01 406537                     /usr/lib/x86_64-linux-gnu/libXdamage.so.1.1.0
7fd021d2c000-7fd021d2e000 r-xp 00000000 08:01 406533                     /usr/lib/x86_64-linux-gnu/libXcomposite.so.1.0.0
7fd021d2e000-7fd021f2d000 ---p 00002000 08:01 406533                     /usr/lib/x86_64-linux-gnu/libXcomposite.so.1.0.0
7fd021f2d000-7fd021f2e000 r--p 00001000 08:01 406533                     /usr/lib/x86_64-linux-gnu/libXcomposite.so.1.0.0
7fd021f2e000-7fd021f2f000 rw-p 00002000 08:01 406533                     /usr/lib/x86_64-linux-gnu/libXcomposite.so.1.0.0
7fd021f2f000-7fd021f38000 r-xp 00000000 08:01 406535                     /usr/lib/x86_64-linux-gnu/libXcursor.so.1.0.2
7fd021f38000-7fd022137000 ---p 00009000 08:01 406535                     /usr/lib/x86_64-linux-gnu/libXcursor.so.1.0.2
7fd022137000-7fd022138000 r--p 00008000 08:01 406535                     /usr/lib/x86_64-linux-gnu/libXcursor.so.1.0.2
7fd022138000-7fd022139000 rw-p 00009000 08:01 406535                     /usr/lib/x86_64-linux-gnu/libXcursor.so.1.0.2
7fd022139000-7fd022141000 r-xp 00000000 08:01 406551                     /usr/lib/x86_64-linux-gnu/libXrandr.so.2.2.0
7fd022141000-7fd022340000 ---p 00008000 08:01 406551                     /usr/lib/x86_64-linux-gnu/libXrandr.so.2.2.0
7fd022340000-7fd022341000 r--p 00007000 08:01 406551                     /usr/lib/x86_64-linux-gnu/libXrandr.so.2.2.0
7fd022341000-7fd022342000 rw-p 00008000 08:01 406551                     /usr/lib/x86_64-linux-gnu/libXrandr.so.2.2.0
7fd022342000-7fd022344000 r-xp 00000000 08:01 406549                     /usr/lib/x86_64-linux-gnu/libXinerama.so.1.0.0
7fd022344000-7fd022543000 ---p 00002000 08:01 406549                     /usr/lib/x86_64-linux-gnu/libXinerama.so.1.0.0
7fd022543000-7fd022544000 r--p 00001000 08:01 406549                     /usr/lib/x86_64-linux-gnu/libXinerama.so.1.0.0
7fd022544000-7fd022545000 rw-p 00002000 08:01 406549                     /usr/lib/x86_64-linux-gnu/libXinerama.so.1.0.0
7fd022545000-7fd022548000 r-xp 00000000 08:01 395217                     /usr/lib/x86_64-linux-gnu/libgmodule-2.0.so.0.3000.0
7fd022548000-7fd022747000 ---p 00003000 08:01 395217                     /usr/lib/x86_64-linux-gnu/libgmodule-2.0.so.0.3000.0
7fd022747000-7fd022748000 r--p 00002000 08:01 395217                     /usr/lib/x86_64-linux-gnu/libgmodule-2.0.so.0.3000.0
7fd022748000-7fd022749000 rw-p 00003000 08:01 395217                     /usr/lib/x86_64-linux-gnu/libgmodule-2.0.so.0.3000.0
7fd022749000-7fd022773000 r-xp 00000000 08:01 397305                     /usr/lib/x86_64-linux-gnu/libpangoft2-1.0.so.0.2903.0
7fd022773000-7fd022972000 ---p 0002a000 08:01 397305                     /usr/lib/x86_64-linux-gnu/libpangoft2-1.0.so.0.2903.0
7fd022972000-7fd022973000 r--p 00029000 08:01 397305                     /usr/lib/x86_64-linux-gnu/libpangoft2-1.0.so.0.2903.0
7fd022973000-7fd022974000 rw-p 0002a000 08:01 397305                     /usr/lib/x86_64-linux-gnu/libpangoft2-1.0.so.0.2903.0
7fd022974000-7fd022a2d000 r-xp 00000000 08:01 406593                     /usr/lib/x86_64-linux-gnu/libcairo.so.2.11000.2
7fd022a2d000-7fd022c2c000 ---p 000b9000 08:01 406593                     /usr/lib/x86_64-linux-gnu/libcairo.so.2.11000.2
7fd022c2c000-7fd022c2e000 r--p 000b8000 08:01 406593                     /usr/lib/x86_64-linux-gnu/libcairo.so.2.11000.2
7fd022c2e000-7fd022c2f000 rw-p 000ba000 08:01 406593                     /usr/lib/x86_64-linux-gnu/libcairo.so.2.11000.2
7fd022c2f000-7fd022c32000 rw-p 00000000 00:00 0 
7fd022c32000-7fd022c51000 r-xp 00000000 08:01 394856                     /usr/lib/x86_64-linux-gnu/libatk-1.0.so.0.20209.1
7fd022c51000-7fd022e51000 ---p 0001f000 08:01 394856                     /usr/lib/x86_64-linux-gnu/libatk-1.0.so.0.20209.1
7fd022e51000-7fd022e53000 r--p 0001f000 08:01 394856                     /usr/lib/x86_64-linux-gnu/libatk-1.0.so.0.20209.1
7fd022e53000-7fd022e54000 rw-p 00021000 08:01 394856                     /usr/lib/x86_64-linux-gnu/libatk-1.0.so.0.20209.1
7fd022e54000-7fd022e59000 r-xp 00000000 08:01 406543                     /usr/lib/x86_64-linux-gnu/libXfixes.so.3.1.0
7fd022e59000-7fd023058000 ---p 00005000 08:01 406543                     /usr/lib/x86_64-linux-gnu/libXfixes.so.3.1.0
7fd023058000-7fd023059000 r--p 00004000 08:01 406543                     /usr/lib/x86_64-linux-gnu/libXfixes.so.3.1.0
7fd023059000-7fd02305a000 rw-p 00005000 08:01 406543                     /usr/lib/x86_64-linux-gnu/libXfixes.so.3.1.0
7fd02305a000-7fd023065000 r-xp 00000000 08:01 397309                     /usr/lib/x86_64-linux-gnu/libpangocairo-1.0.so.0.2903.0
7fd023065000-7fd023265000 ---p 0000b000 08:01 397309                     /usr/lib/x86_64-linux-gnu/libpangocairo-1.0.so.0.2903.0
7fd023265000-7fd023266000 r--p 0000b000 08:01 397309                     /usr/lib/x86_64-linux-gnu/libpangocairo-1.0.so.0.2903.0
7fd023266000-7fd023267000 rw-p 0000c000 08:01 397309                     /usr/lib/x86_64-linux-gnu/libpangocairo-1.0.so.0.2903.0
7fd023267000-7fd023282000 r-xp 00000000 08:01 406817                     /usr/lib/x86_64-linux-gnu/libxcb.so.1.1.0
7fd023282000-7fd023481000 ---p 0001b000 08:01 406817                     /usr/lib/x86_64-linux-gnu/libxcb.so.1.1.0
7fd023481000-7fd023482000 r--p 0001a000 08:01 406817                     /usr/lib/x86_64-linux-gnu/libxcb.so.1.1.0
7fd023482000-7fd023483000 rw-p 0001b000 08:01 406817                     /usr/lib/x86_64-linux-gnu/libxcb.so.1.1.0
7fd023483000-7fd0234d1000 r-xp 00000000 08:01 400264                     /usr/lib/x86_64-linux-gnu/libcups.so.2
7fd0234d1000-7fd0236d1000 ---p 0004e000 08:01 400264                     /usr/lib/x86_64-linux-gnu/libcups.so.2
7fd0236d1000-7fd0236d5000 r--p 0004e000 08:01 400264                     /usr/lib/x86_64-linux-gnu/libcups.so.2
7fd0236d5000-7fd0236d6000 rw-p 00052000 08:01 400264                     /usr/lib/x86_64-linux-gnu/libcups.so.2
7fd0236d6000-7fd0237ca000 r-xp 00000000 08:01 134283                     /lib/x86_64-linux-gnu/libglib-2.0.so.0.3000.0
7fd0237ca000-7fd0239c9000 ---p 000f4000 08:01 134283                     /lib/x86_64-linux-gnu/libglib-2.0.so.0.3000.0
7fd0239c9000-7fd0239ca000 r--p 000f3000 08:01 134283                     /lib/x86_64-linux-gnu/libglib-2.0.so.0.3000.0
7fd0239ca000-7fd0239cb000 rw-p 000f4000 08:01 134283                     /lib/x86_64-linux-gnu/libglib-2.0.so.0.3000.0
7fd0239cb000-7fd0239cc000 rw-p 00000000 00:00 0 
7fd0239cc000-7fd0239d0000 r-xp 00000000 08:01 394708                     /usr/lib/x86_64-linux-gnu/libgthread-2.0.so.0.3000.0
7fd0239d0000-7fd023bcf000 ---p 00004000 08:01 394708                     /usr/lib/x86_64-linux-gnu/libgthread-2.0.so.0.3000.0
7fd023bcf000-7fd023bd0000 r--p 00003000 08:01 394708                     /usr/lib/x86_64-linux-gnu/libgthread-2.0.so.0.3000.0
7fd023bd0000-7fd023bd1000 rw-p 00004000 08:01 394708                     /usr/lib/x86_64-linux-gnu/libgthread-2.0.so.0.3000.0
7fd023bd1000-7fd023c1f000 r-xp 00000000 08:01 394707                     /usr/lib/x86_64-linux-gnu/libgobject-2.0.so.0.3000.0
7fd023c1f000-7fd023e1f000 ---p 0004e000 08:01 394707                     /usr/lib/x86_64-linux-gnu/libgobject-2.0.so.0.3000.0
7fd023e1f000-7fd023e20000 r--p 0004e000 08:01 394707                     /usr/lib/x86_64-linux-gnu/libgobject-2.0.so.0.3000.0
7fd023e20000-7fd023e21000 rw-p 0004f000 08:01 394707                     /usr/lib/x86_64-linux-gnu/libgobject-2.0.so.0.3000.0
7fd023e21000-7fd023e22000 rw-p 00000000 00:00 0 
7fd023e22000-7fd023e56000 r-xp 00000000 08:01 406630                     /usr/lib/x86_64-linux-gnu/libfontconfig.so.1.4.4
7fd023e56000-7fd024056000 ---p 00034000 08:01 406630                     /usr/lib/x86_64-linux-gnu/libfontconfig.so.1.4.4
7fd024056000-7fd024057000 r--p 00034000 08:01 406630                     /usr/lib/x86_64-linux-gnu/libfontconfig.so.1.4.4
7fd024057000-7fd024058000 rw-p 00035000 08:01 406630                     /usr/lib/x86_64-linux-gnu/libfontconfig.so.1.4.4
7fd024058000-7fd02409f000 r-xp 00000000 08:01 397304                     /usr/lib/x86_64-linux-gnu/libpango-1.0.so.0.2903.0
7fd02409f000-7fd02429f000 ---p 00047000 08:01 397304                     /usr/lib/x86_64-linux-gnu/libpango-1.0.so.0.2903.0
7fd02429f000-7fd0242a1000 r--p 00047000 08:01 397304                     /usr/lib/x86_64-linux-gnu/libpango-1.0.so.0.2903.0
7fd0242a1000-7fd0242a2000 rw-p 00049000 08:01 397304                     /usr/lib/x86_64-linux-gnu/libpango-1.0.so.0.2903.0
7fd0242a2000-7fd0242c0000 r-xp 00000000 08:01 394128                     /usr/lib/x86_64-linux-gnu/libgdk_pixbuf-2.0.so.0.2400.0
7fd0242c0000-7fd0244bf000 ---p 0001e000 08:01 394128                     /usr/lib/x86_64-linux-gnu/libgdk_pixbuf-2.0.so.0.2400.0
7fd0244bf000-7fd0244c0000 r--p 0001d000 08:01 394128                     /usr/lib/x86_64-linux-gnu/libgdk_pixbuf-2.0.so.0.2400.0
7fd0244c0000-7fd0244c1000 rw-p 0001e000 08:01 394128                     /usr/lib/x86_64-linux-gnu/libgdk_pixbuf-2.0.so.0.2400.0
7fd0244c1000-7fd0245fc000 r-xp 00000000 08:01 394685                     /usr/lib/x86_64-linux-gnu/libgio-2.0.so.0.3000.0
7fd0245fc000-7fd0247fb000 ---p 0013b000 08:01 394685                     /usr/lib/x86_64-linux-gnu/libgio-2.0.so.0.3000.0
7fd0247fb000-7fd0247ff000 r--p 0013a000 08:01 394685                     /usr/lib/x86_64-linux-gnu/libgio-2.0.so.0.3000.0
7fd0247ff000-7fd024801000 rw-p 0013e000 08:01 394685                     /usr/lib/x86_64-linux-gnu/libgio-2.0.so.0.3000.0
7fd024801000-7fd024803000 rw-p 00000000 00:00 0 
7fd024803000-7fd0248b0000 r-xp 00000000 08:01 397253                     /usr/lib/x86_64-linux-gnu/libgdk-x11-2.0.so.0.2400.6
7fd0248b0000-7fd024aaf000 ---p 000ad000 08:01 397253                     /usr/lib/x86_64-linux-gnu/libgdk-x11-2.0.so.0.2400.6
7fd024aaf000-7fd024ab3000 r--p 000ac000 08:01 397253                     /usr/lib/x86_64-linux-gnu/libgdk-x11-2.0.so.0.2400.6
7fd024ab3000-7fd024ab5000 rw-p 000b0000 08:01 397253                     /usr/lib/x86_64-linux-gnu/libgdk-x11-2.0.so.0.2400.6
7fd024ab5000-7fd024ee4000 r-xp 00000000 08:01 397246                     /usr/lib/x86_64-linux-gnu/libgtk-x11-2.0.so.0.2400.6
7fd024ee4000-7fd0250e4000 ---p 0042f000 08:01 397246                     /usr/lib/x86_64-linux-gnu/libgtk-x11-2.0.so.0.2400.6
7fd0250e4000-7fd0250eb000 r--p 0042f000 08:01 397246                     /usr/lib/x86_64-linux-gnu/libgtk-x11-2.0.so.0.2400.6
7fd0250eb000-7fd0250ef000 rw-p 00436000 08:01 397246                     /usr/lib/x86_64-linux-gnu/libgtk-x11-2.0.so.0.2400.6
7fd0250ef000-7fd0250f1000 rw-p 00000000 00:00 0 
7fd0250f1000-7fd025100000 r-xp 00000000 08:01 406547                     /usr/lib/x86_64-linux-gnu/libXi.so.6.1.0
7fd025100000-7fd0252ff000 ---p 0000f000 08:01 406547                     /usr/lib/x86_64-linux-gnu/libXi.so.6.1.0
7fd0252ff000-7fd025300000 r--p 0000e000 08:01 406547                     /usr/lib/x86_64-linux-gnu/libXi.so.6.1.0
7fd025300000-7fd025301000 rw-p 0000f000 08:01 406547                     /usr/lib/x86_64-linux-gnu/libXi.so.6.1.0
7fd025301000-7fd025306000 r-xp 00000000 08:01 398564                     /usr/lib/libXtst.so.6.1.0
7fd025306000-7fd025505000 ---p 00005000 08:01 398564                     /usr/lib/libXtst.so.6.1.0
7fd025505000-7fd025506000 r--p 00004000 08:01 398564                     /usr/lib/libXtst.so.6.1.0
7fd025506000-7fd025507000 rw-p 00005000 08:01 398564                     /usr/lib/libXtst.so.6.1.0
7fd025507000-7fd025510000 r-xp 00000000 08:01 406553                     /usr/lib/x86_64-linux-gnu/libXrender.so.1.3.0
7fd025510000-7fd025710000 ---p 00009000 08:01 406553                     /usr/lib/x86_64-linux-gnu/libXrender.so.1.3.0
7fd025710000-7fd025711000 r--p 00009000 08:01 406553                     /usr/lib/x86_64-linux-gnu/libXrender.so.1.3.0
7fd025711000-7fd025712000 rw-p 0000a000 08:01 406553                     /usr/lib/x86_64-linux-gnu/libXrender.so.1.3.0
7fd025712000-7fd025845000 r-xp 00000000 08:01 406471                     /usr/lib/x86_64-linux-gnu/libX11.so.6.3.0
7fd025845000-7fd025a45000 ---p 00133000 08:01 406471                     /usr/lib/x86_64-linux-gnu/libX11.so.6.3.0
7fd025a45000-7fd025a46000 r--p 00133000 08:01 406471                     /usr/lib/x86_64-linux-gnu/libX11.so.6.3.0
7fd025a46000-7fd025a4a000 rw-p 00134000 08:01 406471                     /usr/lib/x86_64-linux-gnu/libX11.so.6.3.0
7fd025a4a000-7fd025a5c000 r-xp 00000000 08:01 406541                     /usr/lib/x86_64-linux-gnu/libXext.so.6.4.0
7fd025a5c000-7fd025c5b000 ---p 00012000 08:01 406541                     /usr/lib/x86_64-linux-gnu/libXext.so.6.4.0
7fd025c5b000-7fd025c5c000 r--p 00011000 08:01 406541                     /usr/lib/x86_64-linux-gnu/libXext.so.6.4.0
7fd025c5c000-7fd025c5d000 rw-p 00012000 08:01 406541                     /usr/lib/x86_64-linux-gnu/libXext.so.6.4.0
7fd025c5d000-7fd025c80000 r--p 00000000 08:01 675061                     /usr/share/locale-langpack/fr/LC_MESSAGES/libc.mo
7fd025c80000-7fd025cd2000 r-xp 00000000 08:01 401973                     /usr/lib/jvm/java-7-openjdk-amd64/jre/lib/amd64/xawt/libmawt.so
7fd025cd2000-7fd025ed2000 ---p 00052000 08:01 401973                     /usr/lib/jvm/java-7-openjdk-amd64/jre/lib/amd64/xawt/libmawt.so
7fd025ed2000-7fd025ed3000 r--p 00052000 08:01 401973                     /usr/lib/jvm/java-7-openjdk-amd64/jre/lib/amd64/xawt/libmawt.so
7fd025ed3000-7fd025ed6000 rw-p 00053000 08:01 401973                     /usr/lib/jvm/java-7-openjdk-amd64/jre/lib/amd64/xawt/libmawt.so
7fd025ed6000-7fd025ed7000 rw-p 00000000 00:00 0 
7fd025ed7000-7fd025f79000 r-xp 00000000 08:01 398111                     /usr/lib/jvm/java-7-openjdk-amd64/jre/lib/amd64/libawt.so
7fd025f79000-7fd026178000 ---p 000a2000 08:01 398111                     /usr/lib/jvm/java-7-openjdk-amd64/jre/lib/amd64/libawt.so
7fd026178000-7fd026179000 r--p 000a1000 08:01 398111                     /usr/lib/jvm/java-7-openjdk-amd64/jre/lib/amd64/libawt.so
7fd026179000-7fd026184000 rw-p 000a2000 08:01 398111                     /usr/lib/jvm/java-7-openjdk-amd64/jre/lib/amd64/libawt.so
7fd026184000-7fd0261a9000 rw-p 00000000 00:00 0 
7fd0261a9000-7fd0261aa000 ---p 00000000 00:00 0 
7fd0261aa000-7fd0262aa000 rw-p 00000000 00:00 0 
7fd0262aa000-7fd0262ad000 ---p 00000000 00:00 0 
7fd0262ad000-7fd0263ab000 rw-p 00000000 00:00 0 
7fd0263ab000-7fd0263ae000 ---p 00000000 00:00 0 
7fd0263ae000-7fd0264ac000 rw-p 00000000 00:00 0 
7fd0264ac000-7fd0264af000 ---p 00000000 00:00 0 
7fd0264af000-7fd0265ad000 rw-p 00000000 00:00 0 
7fd0265ad000-7fd0265b0000 ---p 00000000 00:00 0 
7fd0265b0000-7fd0266ae000 rw-p 00000000 00:00 0 
7fd0266ae000-7fd026d9b000 r--p 00000000 08:01 403488                     /usr/lib/locale/locale-archive
7fd026d9b000-7fd026d9e000 ---p 00000000 00:00 0 
7fd026d9e000-7fd026e9c000 rw-p 00000000 00:00 0 
7fd026e9c000-7fd026e9f000 ---p 00000000 00:00 0 
7fd026e9f000-7fd026f9d000 rw-p 00000000 00:00 0 
7fd026f9d000-7fd026f9e000 ---p 00000000 00:00 0 
7fd026f9e000-7fd02740d000 rw-p 00000000 00:00 0 
7fd02740d000-7fd0275bb000 r--s 03e76000 08:01 396788                     /usr/lib/jvm/java-7-openjdk-amd64/jre/lib/rt.jar
7fd0275bb000-7fd0275e3000 rw-p 00000000 00:00 0 
7fd0275e3000-7fd0275e4000 ---p 00000000 00:00 0 
7fd0275e4000-7fd0276e4000 rw-p 00000000 00:00 0 
7fd0276e4000-7fd0276e5000 ---p 00000000 00:00 0 
7fd0276e5000-7fd0277f0000 rw-p 00000000 00:00 0 
7fd0277f0000-7fd027838000 rw-p 00000000 00:00 0 
7fd027838000-7fd02784d000 rw-p 00000000 00:00 0 
7fd02784d000-7fd027983000 rw-p 00000000 00:00 0 
7fd027983000-7fd02798e000 rw-p 00000000 00:00 0 
7fd02798e000-7fd0279d6000 rw-p 00000000 00:00 0 
7fd0279d6000-7fd0279eb000 rw-p 00000000 00:00 0 
7fd0279eb000-7fd027b20000 rw-p 00000000 00:00 0 
7fd027b20000-7fd027b2b000 rw-p 00000000 00:00 0 
7fd027b2b000-7fd027bc6000 rw-p 00000000 00:00 0 
7fd027bc6000-7fd027bc7000 rw-p 00000000 00:00 0 
7fd027bc7000-7fd027e37000 rwxp 00000000 00:00 0 
7fd027e37000-7fd02abc7000 rw-p 00000000 00:00 0 
7fd02abc7000-7fd02abcf000 r-xp 00000000 08:01 399895                     /usr/lib/jvm/java-7-openjdk-amd64/jre/lib/amd64/libzip.so
7fd02abcf000-7fd02adce000 ---p 00008000 08:01 399895                     /usr/lib/jvm/java-7-openjdk-amd64/jre/lib/amd64/libzip.so
7fd02adce000-7fd02adcf000 r--p 00007000 08:01 399895                     /usr/lib/jvm/java-7-openjdk-amd64/jre/lib/amd64/libzip.so
7fd02adcf000-7fd02add0000 rw-p 00008000 08:01 399895                     /usr/lib/jvm/java-7-openjdk-amd64/jre/lib/amd64/libzip.so
7fd02add0000-7fd02addc000 r-xp 00000000 08:01 134596                     /lib/x86_64-linux-gnu/libnss_files-2.13.so
7fd02addc000-7fd02afdb000 ---p 0000c000 08:01 134596                     /lib/x86_64-linux-gnu/libnss_files-2.13.so
7fd02afdb000-7fd02afdc000 r--p 0000b000 08:01 134596                     /lib/x86_64-linux-gnu/libnss_files-2.13.so
7fd02afdc000-7fd02afdd000 rw-p 0000c000 08:01 134596                     /lib/x86_64-linux-gnu/libnss_files-2.13.so
7fd02afdd000-7fd02afe7000 r-xp 00000000 08:01 134607                     /lib/x86_64-linux-gnu/libnss_nis-2.13.so
7fd02afe7000-7fd02b1e7000 ---p 0000a000 08:01 134607                     /lib/x86_64-linux-gnu/libnss_nis-2.13.so
7fd02b1e7000-7fd02b1e8000 r--p 0000a000 08:01 134607                     /lib/x86_64-linux-gnu/libnss_nis-2.13.so
7fd02b1e8000-7fd02b1e9000 rw-p 0000b000 08:01 134607                     /lib/x86_64-linux-gnu/libnss_nis-2.13.so
7fd02b1e9000-7fd02b200000 r-xp 00000000 08:01 134591                     /lib/x86_64-linux-gnu/libnsl-2.13.so
7fd02b200000-7fd02b3ff000 ---p 00017000 08:01 134591                     /lib/x86_64-linux-gnu/libnsl-2.13.so
7fd02b3ff000-7fd02b400000 r--p 00016000 08:01 134591                     /lib/x86_64-linux-gnu/libnsl-2.13.so
7fd02b400000-7fd02b401000 rw-p 00017000 08:01 134591                     /lib/x86_64-linux-gnu/libnsl-2.13.so
7fd02b401000-7fd02b403000 rw-p 00000000 00:00 0 
7fd02b403000-7fd02b40b000 r-xp 00000000 08:01 134588                     /lib/x86_64-linux-gnu/libnss_compat-2.13.so
7fd02b40b000-7fd02b60a000 ---p 00008000 08:01 134588                     /lib/x86_64-linux-gnu/libnss_compat-2.13.so
7fd02b60a000-7fd02b60b000 r--p 00007000 08:01 134588                     /lib/x86_64-linux-gnu/libnss_compat-2.13.so
7fd02b60b000-7fd02b60c000 rw-p 00008000 08:01 134588                     /lib/x86_64-linux-gnu/libnss_compat-2.13.so
7fd02b60c000-7fd02b635000 r-xp 00000000 08:01 398578                     /usr/lib/jvm/java-7-openjdk-amd64/jre/lib/amd64/libjava.so
7fd02b635000-7fd02b834000 ---p 00029000 08:01 398578                     /usr/lib/jvm/java-7-openjdk-amd64/jre/lib/amd64/libjava.so
7fd02b834000-7fd02b835000 r--p 00028000 08:01 398578                     /usr/lib/jvm/java-7-openjdk-amd64/jre/lib/amd64/libjava.so
7fd02b835000-7fd02b837000 rw-p 00029000 08:01 398578                     /usr/lib/jvm/java-7-openjdk-amd64/jre/lib/amd64/libjava.so
7fd02b837000-7fd02b845000 r-xp 00000000 08:01 399894                     /usr/lib/jvm/java-7-openjdk-amd64/jre/lib/amd64/libverify.so
7fd02b845000-7fd02ba44000 ---p 0000e000 08:01 399894                     /usr/lib/jvm/java-7-openjdk-amd64/jre/lib/amd64/libverify.so
7fd02ba44000-7fd02ba46000 r--p 0000d000 08:01 399894                     /usr/lib/jvm/java-7-openjdk-amd64/jre/lib/amd64/libverify.so
7fd02ba46000-7fd02ba47000 rw-p 0000f000 08:01 399894                     /usr/lib/jvm/java-7-openjdk-amd64/jre/lib/amd64/libverify.so
7fd02ba47000-7fd02ba4e000 r-xp 00000000 08:01 134577                     /lib/x86_64-linux-gnu/librt-2.13.so
7fd02ba4e000-7fd02bc4d000 ---p 00007000 08:01 134577                     /lib/x86_64-linux-gnu/librt-2.13.so
7fd02bc4d000-7fd02bc4e000 r--p 00006000 08:01 134577                     /lib/x86_64-linux-gnu/librt-2.13.so
7fd02bc4e000-7fd02bc4f000 rw-p 00007000 08:01 134577                     /lib/x86_64-linux-gnu/librt-2.13.so
7fd02bc4f000-7fd02bc64000 r-xp 00000000 08:01 131748                     /lib/x86_64-linux-gnu/libgcc_s.so.1
7fd02bc64000-7fd02be63000 ---p 00015000 08:01 131748                     /lib/x86_64-linux-gnu/libgcc_s.so.1
7fd02be63000-7fd02be64000 r--p 00014000 08:01 131748                     /lib/x86_64-linux-gnu/libgcc_s.so.1
7fd02be64000-7fd02be65000 rw-p 00015000 08:01 131748                     /lib/x86_64-linux-gnu/libgcc_s.so.1
7fd02be65000-7fd02bee8000 r-xp 00000000 08:01 134673                     /lib/x86_64-linux-gnu/libm-2.13.so
7fd02bee8000-7fd02c0e7000 ---p 00083000 08:01 134673                     /lib/x86_64-linux-gnu/libm-2.13.so
7fd02c0e7000-7fd02c0e8000 r--p 00082000 08:01 134673                     /lib/x86_64-linux-gnu/libm-2.13.so
7fd02c0e8000-7fd02c0e9000 rw-p 00083000 08:01 134673                     /lib/x86_64-linux-gnu/libm-2.13.so
7fd02c0e9000-7fd02c1d1000 r-xp 00000000 08:01 398097                     /usr/lib/x86_64-linux-gnu/libstdc++.so.6.0.16
7fd02c1d1000-7fd02c3d1000 ---p 000e8000 08:01 398097                     /usr/lib/x86_64-linux-gnu/libstdc++.so.6.0.16
7fd02c3d1000-7fd02c3d9000 r--p 000e8000 08:01 398097                     /usr/lib/x86_64-linux-gnu/libstdc++.so.6.0.16
7fd02c3d9000-7fd02c3db000 rw-p 000f0000 08:01 398097                     /usr/lib/x86_64-linux-gnu/libstdc++.so.6.0.16
7fd02c3db000-7fd02c3f0000 rw-p 00000000 00:00 0 
7fd02c3f0000-7fd02cd77000 r-xp 00000000 08:01 399897                     /usr/lib/jvm/java-7-openjdk-amd64/jre/lib/amd64/server/libjvm.so
7fd02cd77000-7fd02cf76000 ---p 00987000 08:01 399897                     /usr/lib/jvm/java-7-openjdk-amd64/jre/lib/amd64/server/libjvm.so
7fd02cf76000-7fd02cff4000 r--p 00986000 08:01 399897                     /usr/lib/jvm/java-7-openjdk-amd64/jre/lib/amd64/server/libjvm.so
7fd02cff4000-7fd02d00f000 rw-p 00a04000 08:01 399897                     /usr/lib/jvm/java-7-openjdk-amd64/jre/lib/amd64/server/libjvm.so
7fd02d00f000-7fd02d03a000 rw-p 00000000 00:00 0 
7fd02d03a000-7fd02d052000 r-xp 00000000 08:01 134606                     /lib/x86_64-linux-gnu/libpthread-2.13.so
7fd02d052000-7fd02d251000 ---p 00018000 08:01 134606                     /lib/x86_64-linux-gnu/libpthread-2.13.so
7fd02d251000-7fd02d252000 r--p 00017000 08:01 134606                     /lib/x86_64-linux-gnu/libpthread-2.13.so
7fd02d252000-7fd02d253000 rw-p 00018000 08:01 134606                     /lib/x86_64-linux-gnu/libpthread-2.13.so
7fd02d253000-7fd02d257000 rw-p 00000000 00:00 0 
7fd02d257000-7fd02d26e000 r-xp 00000000 08:01 139905                     /lib/x86_64-linux-gnu/libz.so.1.2.3.4
7fd02d26e000-7fd02d46d000 ---p 00017000 08:01 139905                     /lib/x86_64-linux-gnu/libz.so.1.2.3.4
7fd02d46d000-7fd02d46e000 r--p 00016000 08:01 139905                     /lib/x86_64-linux-gnu/libz.so.1.2.3.4
7fd02d46e000-7fd02d46f000 rw-p 00017000 08:01 139905                     /lib/x86_64-linux-gnu/libz.so.1.2.3.4
7fd02d46f000-7fd02d471000 r-xp 00000000 08:01 134594                     /lib/x86_64-linux-gnu/libdl-2.13.so
7fd02d471000-7fd02d671000 ---p 00002000 08:01 134594                     /lib/x86_64-linux-gnu/libdl-2.13.so
7fd02d671000-7fd02d672000 r--p 00002000 08:01 134594                     /lib/x86_64-linux-gnu/libdl-2.13.so
7fd02d672000-7fd02d673000 rw-p 00003000 08:01 134594                     /lib/x86_64-linux-gnu/libdl-2.13.so
7fd02d673000-7fd02d808000 r-xp 00000000 08:01 134593                     /lib/x86_64-linux-gnu/libc-2.13.so
7fd02d808000-7fd02da07000 ---p 00195000 08:01 134593                     /lib/x86_64-linux-gnu/libc-2.13.so
7fd02da07000-7fd02da0b000 r--p 00194000 08:01 134593                     /lib/x86_64-linux-gnu/libc-2.13.so
7fd02da0b000-7fd02da0c000 rw-p 00198000 08:01 134593                     /lib/x86_64-linux-gnu/libc-2.13.so
7fd02da0c000-7fd02da12000 rw-p 00000000 00:00 0 
7fd02da12000-7fd02da1e000 r-xp 00000000 08:01 397479                     /usr/lib/jvm/java-7-openjdk-amd64/jre/lib/amd64/jli/libjli.so
7fd02da1e000-7fd02dc1d000 ---p 0000c000 08:01 397479                     /usr/lib/jvm/java-7-openjdk-amd64/jre/lib/amd64/jli/libjli.so
7fd02dc1d000-7fd02dc1e000 r--p 0000b000 08:01 397479                     /usr/lib/jvm/java-7-openjdk-amd64/jre/lib/amd64/jli/libjli.so
7fd02dc1e000-7fd02dc1f000 rw-p 0000c000 08:01 397479                     /usr/lib/jvm/java-7-openjdk-amd64/jre/lib/amd64/jli/libjli.so
7fd02dc1f000-7fd02dc40000 r-xp 00000000 08:01 134600                     /lib/x86_64-linux-gnu/ld-2.13.so
7fd02dc40000-7fd02dc44000 r--s 0009f000 08:01 396465                     /usr/lib/jvm/java-7-openjdk-common/jre/lib/jsse.jar
7fd02dc44000-7fd02dc4d000 r--s 00263000 08:01 396683                     /usr/lib/jvm/java-7-openjdk-common/jre/lib/resources.jar
7fd02dc4d000-7fd02dc54000 r--s 00000000 08:01 663199                     /usr/lib/x86_64-linux-gnu/gconv/gconv-modules.cache
7fd02dc54000-7fd02dc5e000 rw-p 00000000 00:00 0 
7fd02dc5e000-7fd02dd14000 rw-p 00000000 00:00 0 
7fd02dd14000-7fd02dd17000 ---p 00000000 00:00 0 
7fd02dd17000-7fd02de1a000 rw-p 00000000 00:00 0 
7fd02de1b000-7fd02de1c000 r--p 00000000 00:00 0 
7fd02de1c000-7fd02de1f000 r--s 00032000 08:01 395025                     /usr/lib/jvm/java-7-openjdk-common/jre/lib/ext/sunjce_provider.jar
7fd02de1f000-7fd02de22000 r--s 00085000 08:01 395002                     /usr/lib/jvm/java-7-openjdk-common/jre/lib/ext/localedata.jar
7fd02de22000-7fd02de23000 r--s 00002000 08:01 394906                     /usr/lib/jvm/java-7-openjdk-common/jre/lib/ext/dnsns.jar
7fd02de23000-7fd02de26000 r--s 0003c000 08:01 394890                     /usr/lib/jvm/java-7-openjdk-common/jre/lib/ext/sunpkcs11.jar
7fd02de26000-7fd02de28000 r--s 00012000 08:01 395160                     /usr/lib/jvm/java-7-openjdk-common/jre/lib/ext/zipfs.jar
7fd02de28000-7fd02de2b000 r--s 0000f000 08:01 395194                     /usr/lib/jvm/java-7-openjdk-common/jre/lib/ext/pulse-java.jar
7fd02de2b000-7fd02de33000 r--s 00066000 08:01 676447                     /usr/share/java/gnome-java-bridge.jar
7fd02de33000-7fd02de3b000 rw-s 00000000 08:01 268513                     /tmp/hsperfdata_guillaume/3795
7fd02de3b000-7fd02de3c000 rw-p 00000000 00:00 0 
7fd02de3c000-7fd02de3d000 r--p 00000000 00:00 0 
7fd02de3d000-7fd02de3f000 rw-p 00000000 00:00 0 
7fd02de3f000-7fd02de40000 r--p 00020000 08:01 134600                     /lib/x86_64-linux-gnu/ld-2.13.so
7fd02de40000-7fd02de42000 rw-p 00021000 08:01 134600                     /lib/x86_64-linux-gnu/ld-2.13.so
7ffff60f3000-7ffff6114000 rw-p 00000000 00:00 0                          [stack]
7ffff61ff000-7ffff6200000 r-xp 00000000 00:00 0                          [vdso]
ffffffffff600000-ffffffffff601000 r-xp 00000000 00:00 0                  [vsyscall]

VM Arguments:
jvm_args: -Dfile.encoding=UTF-8 
java_command: main.Main -Xms1024M -Xmx1024M
Launcher Type: SUN_STANDARD

Environment Variables:
PATH=/usr/lib/lightdm/lightdm:/usr/local/sbin:/usr/local/bin:/usr/sbin:/usr/bin:/sbin:/bin:/usr/games
USERNAME=guillaume
SHELL=/bin/bash
DISPLAY=:0

Signal Handlers:
SIGSEGV: [libjvm.so+0x7fca30], sa_mask[0]=0x7ffbfeff, sa_flags=0x10000004
SIGBUS: [libjvm.so+0x7fca30], sa_mask[0]=0x7ffbfeff, sa_flags=0x10000004
SIGFPE: [libjvm.so+0x6a1150], sa_mask[0]=0x7ffbfeff, sa_flags=0x10000004
SIGPIPE: [libjvm.so+0x6a1150], sa_mask[0]=0x7ffbfeff, sa_flags=0x10000004
SIGXFSZ: [libjvm.so+0x6a1150], sa_mask[0]=0x7ffbfeff, sa_flags=0x10000004
SIGILL: [libjvm.so+0x6a1150], sa_mask[0]=0x7ffbfeff, sa_flags=0x10000004
SIGUSR1: SIG_DFL, sa_mask[0]=0x00000000, sa_flags=0x00000000
SIGUSR2: [libjvm.so+0x6a1520], sa_mask[0]=0x00000004, sa_flags=0x10000004
SIGHUP: [libjvm.so+0x6a1660], sa_mask[0]=0x7ffbfeff, sa_flags=0x10000004
SIGINT: SIG_IGN, sa_mask[0]=0x00000000, sa_flags=0x00000000
SIGTERM: [libjvm.so+0x6a1660], sa_mask[0]=0x7ffbfeff, sa_flags=0x10000004
SIGQUIT: [libjvm.so+0x6a1660], sa_mask[0]=0x7ffbfeff, sa_flags=0x10000004


---------------  S Y S T E M  ---------------

OS:Ubuntu 11.10 (oneiric)
uname:Linux 3.0.0-12-generic #20-Ubuntu SMP Fri Oct 7 14:56:25 UTC 2011 x86_64
libc:glibc 2.13 NPTL 2.13 
rlimit: STACK 8192k, CORE 0k, NPROC 31562, NOFILE 4096, AS infinity
load average:0,19 0,20 0,24

/proc/meminfo:
MemTotal:        4055792 kB
MemFree:         1668044 kB
Buffers:           96300 kB
Cached:           900576 kB
SwapCached:            0 kB
Active:          1599260 kB
Inactive:         585884 kB
Active(anon):    1190424 kB
Inactive(anon):    10556 kB
Active(file):     408836 kB
Inactive(file):   575328 kB
Unevictable:          32 kB
Mlocked:              32 kB
SwapTotal:             0 kB
SwapFree:              0 kB
Dirty:               252 kB
Writeback:             0 kB
AnonPages:       1188516 kB
Mapped:           166184 kB
Shmem:             12568 kB
Slab:              73708 kB
SReclaimable:      49176 kB
SUnreclaim:        24532 kB
KernelStack:        3000 kB
PageTables:        27020 kB
NFS_Unstable:          0 kB
Bounce:                0 kB
WritebackTmp:          0 kB
CommitLimit:     2027896 kB
Committed_AS:    3011840 kB
VmallocTotal:   34359738367 kB
VmallocUsed:      109104 kB
VmallocChunk:   34359619580 kB
HardwareCorrupted:     0 kB
AnonHugePages:         0 kB
HugePages_Total:       0
HugePages_Free:        0
HugePages_Rsvd:        0
HugePages_Surp:        0
Hugepagesize:       2048 kB
DirectMap4k:       93120 kB
DirectMap2M:     4100096 kB


CPU:total 2 (2 cores per cpu, 1 threads per core) family 6 model 15 stepping 13, cmov, cx8, fxsr, mmx, sse, sse2, sse3, ssse3

Memory: 4k page, physical 4055792k(1668044k free), swap 0k(0k free)

vm_info: OpenJDK 64-Bit Server VM (21.0-b17) for linux-amd64 JRE (1.7.0_147-b147), built on Sep 30 2011 00:36:33 by "buildd" with gcc 4.6.1

time: Thu Nov 10 20:24:33 2011
elapsed time: 0 seconds

