#
# A fatal error has been detected by the Java Runtime Environment:
#
#  SIGSEGV (0xb) at pc=0x00007f39950451f8, pid=12432, tid=139885575513856
#
# JRE version: 7.0_147-b147
# Java VM: OpenJDK 64-Bit Server VM (21.0-b17 mixed mode linux-amd64 compressed oops)
# Derivative: IcedTea7 2.0pre
# Distribution: Ubuntu oneiric (development branch), package 7~b147-2.0~pre6-1ubuntu1
# Problematic frame:
# C  [liblcms2.so.2+0x121f8]  cmsSaveProfileToIOhandler+0x38
#
# Failed to write core dump. Core dumps have been disabled. To enable core dumping, try "ulimit -c unlimited" before starting Java again
#
# If you would like to submit a bug report, please include
# instructions on how to reproduce the bug and visit:
#   https://bugs.launchpad.net/ubuntu/+source/openjdk-7/
# The crash happened outside the Java Virtual Machine in native code.
# See problematic frame for where to report the bug.
#

---------------  T H R E A D  ---------------

Current thread (0x0000000001ceb800):  JavaThread "main" [_thread_in_native, id=12435, stack(0x00007f39a5f9a000,0x00007f39a609b000)]

siginfo:si_signo=SIGSEGV: si_errno=0, si_code=1 (SEGV_MAPERR), si_addr=0x0000000000000000

Registers:
RAX=0x0000000000000000, RBX=0x0000000000000000, RCX=0x00000000000001d4, RDX=0x00007f39a6098a4c
RSP=0x00007f39a6097b20, RBP=0x0000000000000000, RSI=0x0000000000000000, RDI=0x00007f39a6097b20
R8 =0x00007f399027c780, R9 =0x0000000000000000, R10=0x0000000000000000, R11=0x0000000000000000
R12=0x00007f39a6098a4c, R13=0x0000000000000000, R14=0x0000000000000000, R15=0x0000000001ceb800
RIP=0x00007f39950451f8, EFLAGS=0x0000000000010246, CSGSFS=0x0000000000000033, ERR=0x0000000000000004
  TRAPNO=0x000000000000000e

Top of Stack: (sp=0x00007f39a6097b20)
0x00007f39a6097b20:   00007f399027f150 00007f3995043cef
0x00007f39a6097b30:   0000000000000c48 00007f3990000020
0x00007f39a6097b40:   000000000000000e 000000000000080c
0x00007f39a6097b50:   00007f3900000000 00007f3990000020
0x00007f39a6097b60:   000000000000000e 00007f399504a754
0x00007f39a6097b70:   00007f39a6097ffc 7102b1abc2e17400
0x00007f39a6097b80:   00007f399027f150 00007f399027d8dc
0x00007f39a6097b90:   000000000000000e 00007f3995043ebf
0x00007f39a6097ba0:   4247527320434549 0000000000000000
0x00007f39a6097bb0:   00007f399027f3f0 2dd3000000000100
0x00007f39a6097bc0:   0000080c000004c4 00007f3990000020
0x00007f39a6097bd0:   00007f3900000000 00007f399027f2a0
0x00007f39a6097be0:   0000000000000c48 00007f399027d758
0x00007f39a6097bf0:   0000000000000011 00007f39a5975d7c
0x00007f39a6097c00:   00007f399027f2a0 00007f3995043e2c
0x00007f39a6097c10:   00007f399027d500 00007f39950453ae
0x00007f39a6097c20:   00007f399027e3b0 0000000000000000
0x00007f39a6097c30:   0000003100000000 0000000900000006
0x00007f39a6097c40:   0000006200000001 ffffffffffffffff
0x00007f39a6097c50:   0000000000000000 0000000000000000
0x00007f39a6097c60:   00007f39a5a55689 6d6e747202100000
0x00007f39a6097c70:   58595a2052474220 00000000000000b0
0x00007f39a6097c80:   7352474249454320 0000000000000000
0x00007f39a6097c90:   0000000000000000 0000000000000000
0x00007f39a6097ca0:   6370727400000011 00007f3990000020
0x00007f39a6097cb0:   00007f3990270540 000000000000007c
0x00007f39a6097cc0:   00007f39a60981e0 00007f39a60984a0
0x00007f39a6097cd0:   00007f39a5ebf85b 00007f39a597577d
0x00007f39a6097ce0:   6254524300000000 000000000000003f
0x00007f39a6097cf0:   00007f3990270540 0000000000000000
0x00007f39a6097d00:   00007f399027c7bd 00007f39a5eb37e1
0x00007f39a6097d10:   0000000000000000 0000000000000000 

Instructions: (pc=0x00007f39950451f8)
0x00007f39950451d8:   48 89 de 48 81 ec b8 0e 00 00 64 48 8b 04 25 28
0x00007f39950451e8:   00 00 00 48 89 84 24 a8 0e 00 00 31 c0 48 89 e7
0x00007f39950451f8:   f3 48 a5 48 89 df e8 1d f6 ff ff 48 89 c7 e8 65
0x00007f3995045208:   f0 ff ff 48 85 c0 49 89 c4 48 89 03 74 0e 31 f6 

Register to memory mapping:

RAX=0x0000000000000000 is an unknown value
RBX=0x0000000000000000 is an unknown value
RCX=0x00000000000001d4 is an unknown value
RDX=0x00007f39a6098a4c is pointing into the stack for thread: 0x0000000001ceb800
RSP=0x00007f39a6097b20 is pointing into the stack for thread: 0x0000000001ceb800
RBP=0x0000000000000000 is an unknown value
RSI=0x0000000000000000 is an unknown value
RDI=0x00007f39a6097b20 is pointing into the stack for thread: 0x0000000001ceb800
R8 =0x00007f399027c780 is an unknown value
R9 =0x0000000000000000 is an unknown value
R10=0x0000000000000000 is an unknown value
R11=0x0000000000000000 is an unknown value
R12=0x00007f39a6098a4c is pointing into the stack for thread: 0x0000000001ceb800
R13=0x0000000000000000 is an unknown value
R14=0x0000000000000000 is an unknown value
R15=0x0000000001ceb800 is a thread


Stack: [0x00007f39a5f9a000,0x00007f39a609b000],  sp=0x00007f39a6097b20,  free space=1014k
Native frames: (J=compiled Java code, j=interpreted, Vv=VM code, C=native code)
C  [liblcms2.so.2+0x121f8]  cmsSaveProfileToIOhandler+0x38

[error occurred during error reporting (printing native stack), id 0xb]

Java frames: (J=compiled Java code, j=interpreted, Vv=VM code)
j  sun.java2d.cmm.lcms.LCMS.getTagData(JI[B)V+0
j  java.awt.color.ICC_Profile.getData(JI)[B+26
j  java.awt.color.ICC_Profile.getData(I)[B+14
j  java.awt.color.ICC_Profile.getNumComponents()I+18
j  sun.java2d.cmm.lcms.LCMSTransform.<init>(Ljava/awt/color/ICC_Profile;II)V+83
j  sun.java2d.cmm.lcms.LCMS.createTransform(Ljava/awt/color/ICC_Profile;II)Lsun/java2d/cmm/ColorTransform;+7
j  java.awt.color.ICC_ColorSpace.fromRGB([F)[F+37
j  com.sun.imageio.plugins.jpeg.JPEGImageReader.setImageData(IIIII[B)V+158
v  ~StubRoutines::call_stub
j  com.sun.imageio.plugins.jpeg.JPEGImageReader.readImageHeader(JZZ)Z+0
j  com.sun.imageio.plugins.jpeg.JPEGImageReader.readNativeHeader(Z)Z+12
j  com.sun.imageio.plugins.jpeg.JPEGImageReader.checkTablesOnly()V+92
j  com.sun.imageio.plugins.jpeg.JPEGImageReader.gotoImage(I)V+41
j  com.sun.imageio.plugins.jpeg.JPEGImageReader.readHeader(IZ)V+2
j  com.sun.imageio.plugins.jpeg.JPEGImageReader.readInternal(ILjavax/imageio/ImageReadParam;Z)Ljava/awt/image/Raster;+3
j  com.sun.imageio.plugins.jpeg.JPEGImageReader.read(ILjavax/imageio/ImageReadParam;)Ljava/awt/image/BufferedImage;+8
j  javax.imageio.ImageIO.read(Ljavax/imageio/stream/ImageInputStream;)Ljava/awt/image/BufferedImage;+55
j  javax.imageio.ImageIO.read(Ljava/io/InputStream;)Ljava/awt/image/BufferedImage;+20
j  content.ImageBank.<init>()V+118
j  main.Main.main([Ljava/lang/String;)V+4
v  ~StubRoutines::call_stub

---------------  P R O C E S S  ---------------

Java Threads: ( => current thread )
  0x00007f399023a000 JavaThread "Thread-0" [_thread_blocked, id=12454, stack(0x00007f3995b2e000,0x00007f3995c2f000)]
  0x000000000201b800 JavaThread "AWT-EventQueue-0" [_thread_in_vm, id=12453, stack(0x00007f3995c2f000,0x00007f3995d30000)]
  0x00007f399018f800 JavaThread "AWT-Shutdown" [_thread_blocked, id=12452, stack(0x00007f39963c6000,0x00007f39964c7000)]
  0x00007f39900fe800 JavaThread "process reaper" daemon [_thread_blocked, id=12450, stack(0x00007f39964c7000,0x00007f39964e1000)]
  0x00007f39900d8800 JavaThread "AWT-XAWT" daemon [_thread_in_native, id=12448, stack(0x00007f39964e1000,0x00007f39965e2000)]
  0x00007f3990092800 JavaThread "Java2D Disposer" daemon [_thread_blocked, id=12447, stack(0x00007f39965e2000,0x00007f39966e3000)]
  0x0000000001dee800 JavaThread "Service Thread" daemon [_thread_blocked, id=12445, stack(0x00007f399e530000,0x00007f399e631000)]
  0x0000000001deb800 JavaThread "C2 CompilerThread1" daemon [_thread_blocked, id=12444, stack(0x00007f399e631000,0x00007f399e732000)]
  0x0000000001de8800 JavaThread "C2 CompilerThread0" daemon [_thread_blocked, id=12443, stack(0x00007f399e732000,0x00007f399e833000)]
  0x0000000001de6800 JavaThread "Signal Dispatcher" daemon [_thread_blocked, id=12442, stack(0x00007f399e833000,0x00007f399e934000)]
  0x0000000001d89000 JavaThread "Finalizer" daemon [_thread_blocked, id=12441, stack(0x00007f399f021000,0x00007f399f122000)]
  0x0000000001d86800 JavaThread "Reference Handler" daemon [_thread_blocked, id=12440, stack(0x00007f399f122000,0x00007f399f223000)]
=>0x0000000001ceb800 JavaThread "main" [_thread_in_native, id=12435, stack(0x00007f39a5f9a000,0x00007f39a609b000)]

Other Threads:
  0x0000000001d7e800 VMThread [stack: 0x00007f399f223000,0x00007f399f324000] [id=12439]
  0x0000000001df9800 WatcherThread [stack: 0x00007f399e42f000,0x00007f399e530000] [id=12446]

VM state:not at safepoint (normal execution)

VM Mutex/Monitor currently owned by a thread: None

Heap
 PSYoungGen      total 18496K, used 6871K [0x00000000eb560000, 0x00000000eca00000, 0x0000000100000000)
  eden space 15872K, 43% used [0x00000000eb560000,0x00000000ebc15ee8,0x00000000ec4e0000)
  from space 2624K, 0% used [0x00000000ec770000,0x00000000ec770000,0x00000000eca00000)
  to   space 2624K, 0% used [0x00000000ec4e0000,0x00000000ec4e0000,0x00000000ec770000)
 PSOldGen        total 42304K, used 0K [0x00000000c2000000, 0x00000000c4950000, 0x00000000eb560000)
  object space 42304K, 0% used [0x00000000c2000000,0x00000000c2000000,0x00000000c4950000)
 PSPermGen       total 21248K, used 11252K [0x00000000b7a00000, 0x00000000b8ec0000, 0x00000000c2000000)
  object space 21248K, 52% used [0x00000000b7a00000,0x00000000b84fd0f8,0x00000000b8ec0000)

Code Cache  [0x00007f399fe4d000, 0x00007f39a00bd000, 0x00007f39a2e4d000)
 total_blobs=447 nmethods=14 adapters=386 free_code_cache=48608Kb largest_free_block=49761920

Dynamic libraries:
00400000-00401000 r-xp 00000000 08:01 400896                             /usr/lib/jvm/java-7-openjdk-amd64/jre/bin/java
00600000-00601000 r--p 00000000 08:01 400896                             /usr/lib/jvm/java-7-openjdk-amd64/jre/bin/java
00601000-00602000 rw-p 00001000 08:01 400896                             /usr/lib/jvm/java-7-openjdk-amd64/jre/bin/java
01ce1000-0213c000 rw-p 00000000 00:00 0                                  [heap]
b7a00000-b8ec0000 rw-p 00000000 00:00 0 
b8ec0000-c2000000 rw-p 00000000 00:00 0 
c2000000-c4950000 rw-p 00000000 00:00 0 
c4950000-eb560000 rw-p 00000000 00:00 0 
eb560000-eca00000 rw-p 00000000 00:00 0 
eca00000-100000000 rw-p 00000000 00:00 0 
7f3990000000-7f3990283000 rw-p 00000000 00:00 0 
7f3990283000-7f3994000000 ---p 00000000 00:00 0 
7f3995033000-7f3995079000 r-xp 00000000 08:01 406696                     /usr/lib/x86_64-linux-gnu/liblcms2.so.2.0.2
7f3995079000-7f3995278000 ---p 00046000 08:01 406696                     /usr/lib/x86_64-linux-gnu/liblcms2.so.2.0.2
7f3995278000-7f3995279000 r--p 00045000 08:01 406696                     /usr/lib/x86_64-linux-gnu/liblcms2.so.2.0.2
7f3995279000-7f399527d000 rw-p 00046000 08:01 406696                     /usr/lib/x86_64-linux-gnu/liblcms2.so.2.0.2
7f399527d000-7f399527e000 rw-p 00000000 00:00 0 
7f399527e000-7f3995282000 r-xp 00000000 08:01 398964                     /usr/lib/jvm/java-7-openjdk-amd64/jre/lib/amd64/libjavalcms.so
7f3995282000-7f3995481000 ---p 00004000 08:01 398964                     /usr/lib/jvm/java-7-openjdk-amd64/jre/lib/amd64/libjavalcms.so
7f3995481000-7f3995482000 r--p 00003000 08:01 398964                     /usr/lib/jvm/java-7-openjdk-amd64/jre/lib/amd64/libjavalcms.so
7f3995482000-7f3995483000 rw-p 00004000 08:01 398964                     /usr/lib/jvm/java-7-openjdk-amd64/jre/lib/amd64/libjavalcms.so
7f3995483000-7f39956dc000 rw-s 00000000 00:04 40828932                   /SYSV00000000 (deleted)
7f39956dc000-7f3995700000 r-xp 00000000 08:01 406680                     /usr/lib/x86_64-linux-gnu/libjpeg.so.62.0.0
7f3995700000-7f39958ff000 ---p 00024000 08:01 406680                     /usr/lib/x86_64-linux-gnu/libjpeg.so.62.0.0
7f39958ff000-7f3995900000 r--p 00023000 08:01 406680                     /usr/lib/x86_64-linux-gnu/libjpeg.so.62.0.0
7f3995900000-7f3995901000 rw-p 00024000 08:01 406680                     /usr/lib/x86_64-linux-gnu/libjpeg.so.62.0.0
7f3995924000-7f399592d000 r-xp 00000000 08:01 398665                     /usr/lib/jvm/java-7-openjdk-amd64/jre/lib/amd64/libjavajpeg.so
7f399592d000-7f3995b2c000 ---p 00009000 08:01 398665                     /usr/lib/jvm/java-7-openjdk-amd64/jre/lib/amd64/libjavajpeg.so
7f3995b2c000-7f3995b2d000 r--p 00008000 08:01 398665                     /usr/lib/jvm/java-7-openjdk-amd64/jre/lib/amd64/libjavajpeg.so
7f3995b2d000-7f3995b2e000 rw-p 00009000 08:01 398665                     /usr/lib/jvm/java-7-openjdk-amd64/jre/lib/amd64/libjavajpeg.so
7f3995b2e000-7f3995b31000 ---p 00000000 00:00 0 
7f3995b31000-7f3995c2f000 rw-p 00000000 00:00 0 
7f3995c2f000-7f3995c32000 ---p 00000000 00:00 0 
7f3995c32000-7f3995d30000 rw-p 00000000 00:00 0 
7f3995d30000-7f3995d40000 r-xp 00000000 08:01 399340                     /usr/lib/jvm/java-7-openjdk-amd64/jre/lib/amd64/libnio.so
7f3995d40000-7f3995f3f000 ---p 00010000 08:01 399340                     /usr/lib/jvm/java-7-openjdk-amd64/jre/lib/amd64/libnio.so
7f3995f3f000-7f3995f40000 r--p 0000f000 08:01 399340                     /usr/lib/jvm/java-7-openjdk-amd64/jre/lib/amd64/libnio.so
7f3995f40000-7f3995f41000 rw-p 00010000 08:01 399340                     /usr/lib/jvm/java-7-openjdk-amd64/jre/lib/amd64/libnio.so
7f3995f41000-7f3995f72000 rw-p 00000000 00:00 0 
7f3995f72000-7f3995f88000 r-xp 00000000 08:01 399248                     /usr/lib/jvm/java-7-openjdk-amd64/jre/lib/amd64/libnet.so
7f3995f88000-7f3996187000 ---p 00016000 08:01 399248                     /usr/lib/jvm/java-7-openjdk-amd64/jre/lib/amd64/libnet.so
7f3996187000-7f3996188000 r--p 00015000 08:01 399248                     /usr/lib/jvm/java-7-openjdk-amd64/jre/lib/amd64/libnet.so
7f3996188000-7f3996189000 rw-p 00016000 08:01 399248                     /usr/lib/jvm/java-7-openjdk-amd64/jre/lib/amd64/libnet.so
7f3996189000-7f39961c3000 r-xp 00000000 08:01 398142                     /usr/lib/jvm/java-7-openjdk-amd64/jre/lib/amd64/libfontmanager.so
7f39961c3000-7f39963c3000 ---p 0003a000 08:01 398142                     /usr/lib/jvm/java-7-openjdk-amd64/jre/lib/amd64/libfontmanager.so
7f39963c3000-7f39963c5000 r--p 0003a000 08:01 398142                     /usr/lib/jvm/java-7-openjdk-amd64/jre/lib/amd64/libfontmanager.so
7f39963c5000-7f39963c6000 rw-p 0003c000 08:01 398142                     /usr/lib/jvm/java-7-openjdk-amd64/jre/lib/amd64/libfontmanager.so
7f39963c6000-7f39963c9000 ---p 00000000 00:00 0 
7f39963c9000-7f39964c7000 rw-p 00000000 00:00 0 
7f39964c7000-7f39964ca000 ---p 00000000 00:00 0 
7f39964ca000-7f39964e1000 rw-p 00000000 00:00 0 
7f39964e1000-7f39964e4000 ---p 00000000 00:00 0 
7f39964e4000-7f39965e2000 rw-p 00000000 00:00 0 
7f39965e2000-7f39965e5000 ---p 00000000 00:00 0 
7f39965e5000-7f39966e3000 rw-p 00000000 00:00 0 
7f39966e3000-7f39966e6000 r-xp 00000000 08:01 139849                     /lib/x86_64-linux-gnu/libgpg-error.so.0.8.0
7f39966e6000-7f39968e5000 ---p 00003000 08:01 139849                     /lib/x86_64-linux-gnu/libgpg-error.so.0.8.0
7f39968e5000-7f39968e6000 r--p 00002000 08:01 139849                     /lib/x86_64-linux-gnu/libgpg-error.so.0.8.0
7f39968e6000-7f39968e7000 rw-p 00003000 08:01 139849                     /lib/x86_64-linux-gnu/libgpg-error.so.0.8.0
7f39968e7000-7f39968e9000 r-xp 00000000 08:01 139851                     /lib/x86_64-linux-gnu/libkeyutils.so.1.3
7f39968e9000-7f3996ae8000 ---p 00002000 08:01 139851                     /lib/x86_64-linux-gnu/libkeyutils.so.1.3
7f3996ae8000-7f3996ae9000 r--p 00001000 08:01 139851                     /lib/x86_64-linux-gnu/libkeyutils.so.1.3
7f3996ae9000-7f3996aea000 rw-p 00002000 08:01 139851                     /lib/x86_64-linux-gnu/libkeyutils.so.1.3
7f3996aea000-7f3996b2c000 r-xp 00000000 08:01 135649                     /lib/x86_64-linux-gnu/libdbus-1.so.3.5.7
7f3996b2c000-7f3996d2b000 ---p 00042000 08:01 135649                     /lib/x86_64-linux-gnu/libdbus-1.so.3.5.7
7f3996d2b000-7f3996d2c000 r--p 00041000 08:01 135649                     /lib/x86_64-linux-gnu/libdbus-1.so.3.5.7
7f3996d2c000-7f3996d2d000 rw-p 00042000 08:01 135649                     /lib/x86_64-linux-gnu/libdbus-1.so.3.5.7
7f3996d2d000-7f3996da7000 r-xp 00000000 08:01 139845                     /lib/x86_64-linux-gnu/libgcrypt.so.11.7.0
7f3996da7000-7f3996fa7000 ---p 0007a000 08:01 139845                     /lib/x86_64-linux-gnu/libgcrypt.so.11.7.0
7f3996fa7000-7f3996fa8000 r--p 0007a000 08:01 139845                     /lib/x86_64-linux-gnu/libgcrypt.so.11.7.0
7f3996fa8000-7f3996fab000 rw-p 0007b000 08:01 139845                     /lib/x86_64-linux-gnu/libgcrypt.so.11.7.0
7f3996fab000-7f3996fbb000 r-xp 00000000 08:01 406788                     /usr/lib/x86_64-linux-gnu/libtasn1.so.3.1.11
7f3996fbb000-7f39971ba000 ---p 00010000 08:01 406788                     /usr/lib/x86_64-linux-gnu/libtasn1.so.3.1.11
7f39971ba000-7f39971bb000 r--p 0000f000 08:01 406788                     /usr/lib/x86_64-linux-gnu/libtasn1.so.3.1.11
7f39971bb000-7f39971bc000 rw-p 00010000 08:01 406788                     /usr/lib/x86_64-linux-gnu/libtasn1.so.3.1.11
7f39971bc000-7f39971c3000 r-xp 00000000 08:01 397002                     /usr/lib/x86_64-linux-gnu/libkrb5support.so.0.1
7f39971c3000-7f39973c2000 ---p 00007000 08:01 397002                     /usr/lib/x86_64-linux-gnu/libkrb5support.so.0.1
7f39973c2000-7f39973c3000 r--p 00006000 08:01 397002                     /usr/lib/x86_64-linux-gnu/libkrb5support.so.0.1
7f39973c3000-7f39973c4000 rw-p 00007000 08:01 397002                     /usr/lib/x86_64-linux-gnu/libkrb5support.so.0.1
7f39973c4000-7f39973c7000 r-xp 00000000 08:01 139827                     /lib/x86_64-linux-gnu/libcom_err.so.2.1
7f39973c7000-7f39975c6000 ---p 00003000 08:01 139827                     /lib/x86_64-linux-gnu/libcom_err.so.2.1
7f39975c6000-7f39975c7000 r--p 00002000 08:01 139827                     /lib/x86_64-linux-gnu/libcom_err.so.2.1
7f39975c7000-7f39975c8000 rw-p 00003000 08:01 139827                     /lib/x86_64-linux-gnu/libcom_err.so.2.1
7f39975c8000-7f39975ee000 r-xp 00000000 08:01 394051                     /usr/lib/x86_64-linux-gnu/libk5crypto.so.3.1
7f39975ee000-7f39977ed000 ---p 00026000 08:01 394051                     /usr/lib/x86_64-linux-gnu/libk5crypto.so.3.1
7f39977ed000-7f39977ef000 r--p 00025000 08:01 394051                     /usr/lib/x86_64-linux-gnu/libk5crypto.so.3.1
7f39977ef000-7f39977f0000 rw-p 00027000 08:01 394051                     /usr/lib/x86_64-linux-gnu/libk5crypto.so.3.1
7f39977f0000-7f39978af000 r-xp 00000000 08:01 397018                     /usr/lib/x86_64-linux-gnu/libkrb5.so.3.3
7f39978af000-7f3997aaf000 ---p 000bf000 08:01 397018                     /usr/lib/x86_64-linux-gnu/libkrb5.so.3.3
7f3997aaf000-7f3997ab8000 r--p 000bf000 08:01 397018                     /usr/lib/x86_64-linux-gnu/libkrb5.so.3.3
7f3997ab8000-7f3997ab9000 rw-p 000c8000 08:01 397018                     /usr/lib/x86_64-linux-gnu/libkrb5.so.3.3
7f3997ab9000-7f3997ac0000 r-xp 00000000 08:01 406811                     /usr/lib/x86_64-linux-gnu/libxcb-render.so.0.0.0
7f3997ac0000-7f3997cc0000 ---p 00007000 08:01 406811                     /usr/lib/x86_64-linux-gnu/libxcb-render.so.0.0.0
7f3997cc0000-7f3997cc1000 r--p 00007000 08:01 406811                     /usr/lib/x86_64-linux-gnu/libxcb-render.so.0.0.0
7f3997cc1000-7f3997cc2000 rw-p 00008000 08:01 406811                     /usr/lib/x86_64-linux-gnu/libxcb-render.so.0.0.0
7f3997cc2000-7f3997cc4000 r-xp 00000000 08:01 406815                     /usr/lib/x86_64-linux-gnu/libxcb-shm.so.0.0.0
7f3997cc4000-7f3997ec3000 ---p 00002000 08:01 406815                     /usr/lib/x86_64-linux-gnu/libxcb-shm.so.0.0.0
7f3997ec3000-7f3997ec4000 r--p 00001000 08:01 406815                     /usr/lib/x86_64-linux-gnu/libxcb-shm.so.0.0.0
7f3997ec4000-7f3997ec5000 rw-p 00002000 08:01 406815                     /usr/lib/x86_64-linux-gnu/libxcb-shm.so.0.0.0
7f3997ec5000-7f3997eeb000 r-xp 00000000 08:01 139881                     /lib/x86_64-linux-gnu/libpng12.so.0.46.0
7f3997eeb000-7f39980ea000 ---p 00026000 08:01 139881                     /lib/x86_64-linux-gnu/libpng12.so.0.46.0
7f39980ea000-7f39980eb000 r--p 00025000 08:01 139881                     /lib/x86_64-linux-gnu/libpng12.so.0.46.0
7f39980eb000-7f39980ec000 rw-p 00026000 08:01 139881                     /lib/x86_64-linux-gnu/libpng12.so.0.46.0
7f39980ec000-7f399815a000 r-xp 00000000 08:01 406743                     /usr/lib/x86_64-linux-gnu/libpixman-1.so.0.22.2
7f399815a000-7f399835a000 ---p 0006e000 08:01 406743                     /usr/lib/x86_64-linux-gnu/libpixman-1.so.0.22.2
7f399835a000-7f399835f000 r--p 0006e000 08:01 406743                     /usr/lib/x86_64-linux-gnu/libpixman-1.so.0.22.2
7f399835f000-7f3998360000 rw-p 00073000 08:01 406743                     /usr/lib/x86_64-linux-gnu/libpixman-1.so.0.22.2
7f3998360000-7f3998365000 r-xp 00000000 08:01 406539                     /usr/lib/x86_64-linux-gnu/libXdmcp.so.6.0.0
7f3998365000-7f3998564000 ---p 00005000 08:01 406539                     /usr/lib/x86_64-linux-gnu/libXdmcp.so.6.0.0
7f3998564000-7f3998565000 r--p 00004000 08:01 406539                     /usr/lib/x86_64-linux-gnu/libXdmcp.so.6.0.0
7f3998565000-7f3998566000 rw-p 00005000 08:01 406539                     /usr/lib/x86_64-linux-gnu/libXdmcp.so.6.0.0
7f3998566000-7f3998568000 r-xp 00000000 08:01 406531                     /usr/lib/x86_64-linux-gnu/libXau.so.6.0.0
7f3998568000-7f3998767000 ---p 00002000 08:01 406531                     /usr/lib/x86_64-linux-gnu/libXau.so.6.0.0
7f3998767000-7f3998768000 r--p 00001000 08:01 406531                     /usr/lib/x86_64-linux-gnu/libXau.so.6.0.0
7f3998768000-7f3998769000 rw-p 00002000 08:01 406531                     /usr/lib/x86_64-linux-gnu/libXau.so.6.0.0
7f3998769000-7f399877a000 r-xp 00000000 08:01 406571                     /usr/lib/x86_64-linux-gnu/libavahi-client.so.3.2.9
7f399877a000-7f399897a000 ---p 00011000 08:01 406571                     /usr/lib/x86_64-linux-gnu/libavahi-client.so.3.2.9
7f399897a000-7f399897b000 r--p 00011000 08:01 406571                     /usr/lib/x86_64-linux-gnu/libavahi-client.so.3.2.9
7f399897b000-7f399897c000 rw-p 00012000 08:01 406571                     /usr/lib/x86_64-linux-gnu/libavahi-client.so.3.2.9
7f399897c000-7f3998989000 r-xp 00000000 08:01 406573                     /usr/lib/x86_64-linux-gnu/libavahi-common.so.3.5.3
7f3998989000-7f3998b88000 ---p 0000d000 08:01 406573                     /usr/lib/x86_64-linux-gnu/libavahi-common.so.3.5.3
7f3998b88000-7f3998b89000 r--p 0000c000 08:01 406573                     /usr/lib/x86_64-linux-gnu/libavahi-common.so.3.5.3
7f3998b89000-7f3998b8a000 rw-p 0000d000 08:01 406573                     /usr/lib/x86_64-linux-gnu/libavahi-common.so.3.5.3
7f3998b8a000-7f3998c2b000 r-xp 00000000 08:01 406657                     /usr/lib/x86_64-linux-gnu/libgnutls.so.26.16.14
7f3998c2b000-7f3998e2a000 ---p 000a1000 08:01 406657                     /usr/lib/x86_64-linux-gnu/libgnutls.so.26.16.14
7f3998e2a000-7f3998e31000 r--p 000a0000 08:01 406657                     /usr/lib/x86_64-linux-gnu/libgnutls.so.26.16.14
7f3998e31000-7f3998e32000 rw-p 000a7000 08:01 406657                     /usr/lib/x86_64-linux-gnu/libgnutls.so.26.16.14
7f3998e32000-7f3998e6d000 r-xp 00000000 08:01 406685                     /usr/lib/x86_64-linux-gnu/libgssapi_krb5.so.2.2
7f3998e6d000-7f399906d000 ---p 0003b000 08:01 406685                     /usr/lib/x86_64-linux-gnu/libgssapi_krb5.so.2.2
7f399906d000-7f399906e000 r--p 0003b000 08:01 406685                     /usr/lib/x86_64-linux-gnu/libgssapi_krb5.so.2.2
7f399906e000-7f3999070000 rw-p 0003c000 08:01 406685                     /usr/lib/x86_64-linux-gnu/libgssapi_krb5.so.2.2
7f3999070000-7f39990ab000 r-xp 00000000 08:01 139879                     /lib/x86_64-linux-gnu/libpcre.so.3.12.1
7f39990ab000-7f39992aa000 ---p 0003b000 08:01 139879                     /lib/x86_64-linux-gnu/libpcre.so.3.12.1
7f39992aa000-7f39992ab000 r--p 0003a000 08:01 139879                     /lib/x86_64-linux-gnu/libpcre.so.3.12.1
7f39992ab000-7f39992ac000 rw-p 0003b000 08:01 139879                     /lib/x86_64-linux-gnu/libpcre.so.3.12.1
7f39992ac000-7f39992b3000 r-xp 00000000 08:01 396800                     /usr/lib/x86_64-linux-gnu/libffi.so.6.0.0
7f39992b3000-7f39994b2000 ---p 00007000 08:01 396800                     /usr/lib/x86_64-linux-gnu/libffi.so.6.0.0
7f39994b2000-7f39994b3000 r--p 00006000 08:01 396800                     /usr/lib/x86_64-linux-gnu/libffi.so.6.0.0
7f39994b3000-7f39994b4000 rw-p 00007000 08:01 396800                     /usr/lib/x86_64-linux-gnu/libffi.so.6.0.0
7f39994b4000-7f39994db000 r-xp 00000000 08:01 139838                     /lib/x86_64-linux-gnu/libexpat.so.1.5.2
7f39994db000-7f39996db000 ---p 00027000 08:01 139838                     /lib/x86_64-linux-gnu/libexpat.so.1.5.2
7f39996db000-7f39996dd000 r--p 00027000 08:01 139838                     /lib/x86_64-linux-gnu/libexpat.so.1.5.2
7f39996dd000-7f39996de000 rw-p 00029000 08:01 139838                     /lib/x86_64-linux-gnu/libexpat.so.1.5.2
7f39996de000-7f3999770000 r-xp 00000000 08:01 406632                     /usr/lib/x86_64-linux-gnu/libfreetype.so.6.6.2
7f3999770000-7f399996f000 ---p 00092000 08:01 406632                     /usr/lib/x86_64-linux-gnu/libfreetype.so.6.6.2
7f399996f000-7f3999975000 r--p 00091000 08:01 406632                     /usr/lib/x86_64-linux-gnu/libfreetype.so.6.6.2
7f3999975000-7f3999976000 rw-p 00097000 08:01 406632                     /usr/lib/x86_64-linux-gnu/libfreetype.so.6.6.2
7f3999976000-7f399998d000 r-xp 00000000 08:01 134597                     /lib/x86_64-linux-gnu/libresolv-2.13.so
7f399998d000-7f3999b8d000 ---p 00017000 08:01 134597                     /lib/x86_64-linux-gnu/libresolv-2.13.so
7f3999b8d000-7f3999b8e000 r--p 00017000 08:01 134597                     /lib/x86_64-linux-gnu/libresolv-2.13.so
7f3999b8e000-7f3999b8f000 rw-p 00018000 08:01 134597                     /lib/x86_64-linux-gnu/libresolv-2.13.so
7f3999b8f000-7f3999b91000 rw-p 00000000 00:00 0 
7f3999b91000-7f3999bad000 r-xp 00000000 08:01 139888                     /lib/x86_64-linux-gnu/libselinux.so.1
7f3999bad000-7f3999dac000 ---p 0001c000 08:01 139888                     /lib/x86_64-linux-gnu/libselinux.so.1
7f3999dac000-7f3999dad000 r--p 0001b000 08:01 139888                     /lib/x86_64-linux-gnu/libselinux.so.1
7f3999dad000-7f3999dae000 rw-p 0001c000 08:01 139888                     /lib/x86_64-linux-gnu/libselinux.so.1
7f3999dae000-7f3999daf000 rw-p 00000000 00:00 0 
7f3999daf000-7f3999db1000 r-xp 00000000 08:01 406537                     /usr/lib/x86_64-linux-gnu/libXdamage.so.1.1.0
7f3999db1000-7f3999fb0000 ---p 00002000 08:01 406537                     /usr/lib/x86_64-linux-gnu/libXdamage.so.1.1.0
7f3999fb0000-7f3999fb1000 r--p 00001000 08:01 406537                     /usr/lib/x86_64-linux-gnu/libXdamage.so.1.1.0
7f3999fb1000-7f3999fb2000 rw-p 00002000 08:01 406537                     /usr/lib/x86_64-linux-gnu/libXdamage.so.1.1.0
7f3999fb2000-7f3999fb4000 r-xp 00000000 08:01 406533                     /usr/lib/x86_64-linux-gnu/libXcomposite.so.1.0.0
7f3999fb4000-7f399a1b3000 ---p 00002000 08:01 406533                     /usr/lib/x86_64-linux-gnu/libXcomposite.so.1.0.0
7f399a1b3000-7f399a1b4000 r--p 00001000 08:01 406533                     /usr/lib/x86_64-linux-gnu/libXcomposite.so.1.0.0
7f399a1b4000-7f399a1b5000 rw-p 00002000 08:01 406533                     /usr/lib/x86_64-linux-gnu/libXcomposite.so.1.0.0
7f399a1b5000-7f399a1be000 r-xp 00000000 08:01 406535                     /usr/lib/x86_64-linux-gnu/libXcursor.so.1.0.2
7f399a1be000-7f399a3bd000 ---p 00009000 08:01 406535                     /usr/lib/x86_64-linux-gnu/libXcursor.so.1.0.2
7f399a3bd000-7f399a3be000 r--p 00008000 08:01 406535                     /usr/lib/x86_64-linux-gnu/libXcursor.so.1.0.2
7f399a3be000-7f399a3bf000 rw-p 00009000 08:01 406535                     /usr/lib/x86_64-linux-gnu/libXcursor.so.1.0.2
7f399a3bf000-7f399a3c7000 r-xp 00000000 08:01 406551                     /usr/lib/x86_64-linux-gnu/libXrandr.so.2.2.0
7f399a3c7000-7f399a5c6000 ---p 00008000 08:01 406551                     /usr/lib/x86_64-linux-gnu/libXrandr.so.2.2.0
7f399a5c6000-7f399a5c7000 r--p 00007000 08:01 406551                     /usr/lib/x86_64-linux-gnu/libXrandr.so.2.2.0
7f399a5c7000-7f399a5c8000 rw-p 00008000 08:01 406551                     /usr/lib/x86_64-linux-gnu/libXrandr.so.2.2.0
7f399a5c8000-7f399a5ca000 r-xp 00000000 08:01 406549                     /usr/lib/x86_64-linux-gnu/libXinerama.so.1.0.0
7f399a5ca000-7f399a7c9000 ---p 00002000 08:01 406549                     /usr/lib/x86_64-linux-gnu/libXinerama.so.1.0.0
7f399a7c9000-7f399a7ca000 r--p 00001000 08:01 406549                     /usr/lib/x86_64-linux-gnu/libXinerama.so.1.0.0
7f399a7ca000-7f399a7cb000 rw-p 00002000 08:01 406549                     /usr/lib/x86_64-linux-gnu/libXinerama.so.1.0.0
7f399a7cb000-7f399a7ce000 r-xp 00000000 08:01 395217                     /usr/lib/x86_64-linux-gnu/libgmodule-2.0.so.0.3000.0
7f399a7ce000-7f399a9cd000 ---p 00003000 08:01 395217                     /usr/lib/x86_64-linux-gnu/libgmodule-2.0.so.0.3000.0
7f399a9cd000-7f399a9ce000 r--p 00002000 08:01 395217                     /usr/lib/x86_64-linux-gnu/libgmodule-2.0.so.0.3000.0
7f399a9ce000-7f399a9cf000 rw-p 00003000 08:01 395217                     /usr/lib/x86_64-linux-gnu/libgmodule-2.0.so.0.3000.0
7f399a9cf000-7f399a9f9000 r-xp 00000000 08:01 397305                     /usr/lib/x86_64-linux-gnu/libpangoft2-1.0.so.0.2903.0
7f399a9f9000-7f399abf8000 ---p 0002a000 08:01 397305                     /usr/lib/x86_64-linux-gnu/libpangoft2-1.0.so.0.2903.0
7f399abf8000-7f399abf9000 r--p 00029000 08:01 397305                     /usr/lib/x86_64-linux-gnu/libpangoft2-1.0.so.0.2903.0
7f399abf9000-7f399abfa000 rw-p 0002a000 08:01 397305                     /usr/lib/x86_64-linux-gnu/libpangoft2-1.0.so.0.2903.0
7f399abfa000-7f399acb3000 r-xp 00000000 08:01 406593                     /usr/lib/x86_64-linux-gnu/libcairo.so.2.11000.2
7f399acb3000-7f399aeb2000 ---p 000b9000 08:01 406593                     /usr/lib/x86_64-linux-gnu/libcairo.so.2.11000.2
7f399aeb2000-7f399aeb4000 r--p 000b8000 08:01 406593                     /usr/lib/x86_64-linux-gnu/libcairo.so.2.11000.2
7f399aeb4000-7f399aeb5000 rw-p 000ba000 08:01 406593                     /usr/lib/x86_64-linux-gnu/libcairo.so.2.11000.2
7f399aeb5000-7f399aeb8000 rw-p 00000000 00:00 0 
7f399aeb8000-7f399aed7000 r-xp 00000000 08:01 394856                     /usr/lib/x86_64-linux-gnu/libatk-1.0.so.0.20209.1
7f399aed7000-7f399b0d7000 ---p 0001f000 08:01 394856                     /usr/lib/x86_64-linux-gnu/libatk-1.0.so.0.20209.1
7f399b0d7000-7f399b0d9000 r--p 0001f000 08:01 394856                     /usr/lib/x86_64-linux-gnu/libatk-1.0.so.0.20209.1
7f399b0d9000-7f399b0da000 rw-p 00021000 08:01 394856                     /usr/lib/x86_64-linux-gnu/libatk-1.0.so.0.20209.1
7f399b0da000-7f399b0df000 r-xp 00000000 08:01 406543                     /usr/lib/x86_64-linux-gnu/libXfixes.so.3.1.0
7f399b0df000-7f399b2de000 ---p 00005000 08:01 406543                     /usr/lib/x86_64-linux-gnu/libXfixes.so.3.1.0
7f399b2de000-7f399b2df000 r--p 00004000 08:01 406543                     /usr/lib/x86_64-linux-gnu/libXfixes.so.3.1.0
7f399b2df000-7f399b2e0000 rw-p 00005000 08:01 406543                     /usr/lib/x86_64-linux-gnu/libXfixes.so.3.1.0
7f399b2e0000-7f399b2eb000 r-xp 00000000 08:01 397309                     /usr/lib/x86_64-linux-gnu/libpangocairo-1.0.so.0.2903.0
7f399b2eb000-7f399b4eb000 ---p 0000b000 08:01 397309                     /usr/lib/x86_64-linux-gnu/libpangocairo-1.0.so.0.2903.0
7f399b4eb000-7f399b4ec000 r--p 0000b000 08:01 397309                     /usr/lib/x86_64-linux-gnu/libpangocairo-1.0.so.0.2903.0
7f399b4ec000-7f399b4ed000 rw-p 0000c000 08:01 397309                     /usr/lib/x86_64-linux-gnu/libpangocairo-1.0.so.0.2903.0
7f399b4ed000-7f399b508000 r-xp 00000000 08:01 406817                     /usr/lib/x86_64-linux-gnu/libxcb.so.1.1.0
7f399b508000-7f399b707000 ---p 0001b000 08:01 406817                     /usr/lib/x86_64-linux-gnu/libxcb.so.1.1.0
7f399b707000-7f399b708000 r--p 0001a000 08:01 406817                     /usr/lib/x86_64-linux-gnu/libxcb.so.1.1.0
7f399b708000-7f399b709000 rw-p 0001b000 08:01 406817                     /usr/lib/x86_64-linux-gnu/libxcb.so.1.1.0
7f399b709000-7f399b757000 r-xp 00000000 08:01 400264                     /usr/lib/x86_64-linux-gnu/libcups.so.2
7f399b757000-7f399b957000 ---p 0004e000 08:01 400264                     /usr/lib/x86_64-linux-gnu/libcups.so.2
7f399b957000-7f399b95b000 r--p 0004e000 08:01 400264                     /usr/lib/x86_64-linux-gnu/libcups.so.2
7f399b95b000-7f399b95c000 rw-p 00052000 08:01 400264                     /usr/lib/x86_64-linux-gnu/libcups.so.2
7f399b95c000-7f399ba50000 r-xp 00000000 08:01 134283                     /lib/x86_64-linux-gnu/libglib-2.0.so.0.3000.0
7f399ba50000-7f399bc4f000 ---p 000f4000 08:01 134283                     /lib/x86_64-linux-gnu/libglib-2.0.so.0.3000.0
7f399bc4f000-7f399bc50000 r--p 000f3000 08:01 134283                     /lib/x86_64-linux-gnu/libglib-2.0.so.0.3000.0
7f399bc50000-7f399bc51000 rw-p 000f4000 08:01 134283                     /lib/x86_64-linux-gnu/libglib-2.0.so.0.3000.0
7f399bc51000-7f399bc52000 rw-p 00000000 00:00 0 
7f399bc52000-7f399bc56000 r-xp 00000000 08:01 394708                     /usr/lib/x86_64-linux-gnu/libgthread-2.0.so.0.3000.0
7f399bc56000-7f399be55000 ---p 00004000 08:01 394708                     /usr/lib/x86_64-linux-gnu/libgthread-2.0.so.0.3000.0
7f399be55000-7f399be56000 r--p 00003000 08:01 394708                     /usr/lib/x86_64-linux-gnu/libgthread-2.0.so.0.3000.0
7f399be56000-7f399be57000 rw-p 00004000 08:01 394708                     /usr/lib/x86_64-linux-gnu/libgthread-2.0.so.0.3000.0
7f399be57000-7f399bea5000 r-xp 00000000 08:01 394707                     /usr/lib/x86_64-linux-gnu/libgobject-2.0.so.0.3000.0
7f399bea5000-7f399c0a5000 ---p 0004e000 08:01 394707                     /usr/lib/x86_64-linux-gnu/libgobject-2.0.so.0.3000.0
7f399c0a5000-7f399c0a6000 r--p 0004e000 08:01 394707                     /usr/lib/x86_64-linux-gnu/libgobject-2.0.so.0.3000.0
7f399c0a6000-7f399c0a7000 rw-p 0004f000 08:01 394707                     /usr/lib/x86_64-linux-gnu/libgobject-2.0.so.0.3000.0
7f399c0a7000-7f399c0a8000 rw-p 00000000 00:00 0 
7f399c0a8000-7f399c0dc000 r-xp 00000000 08:01 406630                     /usr/lib/x86_64-linux-gnu/libfontconfig.so.1.4.4
7f399c0dc000-7f399c2dc000 ---p 00034000 08:01 406630                     /usr/lib/x86_64-linux-gnu/libfontconfig.so.1.4.4
7f399c2dc000-7f399c2dd000 r--p 00034000 08:01 406630                     /usr/lib/x86_64-linux-gnu/libfontconfig.so.1.4.4
7f399c2dd000-7f399c2de000 rw-p 00035000 08:01 406630                     /usr/lib/x86_64-linux-gnu/libfontconfig.so.1.4.4
7f399c2de000-7f399c325000 r-xp 00000000 08:01 397304                     /usr/lib/x86_64-linux-gnu/libpango-1.0.so.0.2903.0
7f399c325000-7f399c525000 ---p 00047000 08:01 397304                     /usr/lib/x86_64-linux-gnu/libpango-1.0.so.0.2903.0
7f399c525000-7f399c527000 r--p 00047000 08:01 397304                     /usr/lib/x86_64-linux-gnu/libpango-1.0.so.0.2903.0
7f399c527000-7f399c528000 rw-p 00049000 08:01 397304                     /usr/lib/x86_64-linux-gnu/libpango-1.0.so.0.2903.0
7f399c528000-7f399c546000 r-xp 00000000 08:01 394128                     /usr/lib/x86_64-linux-gnu/libgdk_pixbuf-2.0.so.0.2400.0
7f399c546000-7f399c745000 ---p 0001e000 08:01 394128                     /usr/lib/x86_64-linux-gnu/libgdk_pixbuf-2.0.so.0.2400.0
7f399c745000-7f399c746000 r--p 0001d000 08:01 394128                     /usr/lib/x86_64-linux-gnu/libgdk_pixbuf-2.0.so.0.2400.0
7f399c746000-7f399c747000 rw-p 0001e000 08:01 394128                     /usr/lib/x86_64-linux-gnu/libgdk_pixbuf-2.0.so.0.2400.0
7f399c747000-7f399c882000 r-xp 00000000 08:01 394685                     /usr/lib/x86_64-linux-gnu/libgio-2.0.so.0.3000.0
7f399c882000-7f399ca81000 ---p 0013b000 08:01 394685                     /usr/lib/x86_64-linux-gnu/libgio-2.0.so.0.3000.0
7f399ca81000-7f399ca85000 r--p 0013a000 08:01 394685                     /usr/lib/x86_64-linux-gnu/libgio-2.0.so.0.3000.0
7f399ca85000-7f399ca87000 rw-p 0013e000 08:01 394685                     /usr/lib/x86_64-linux-gnu/libgio-2.0.so.0.3000.0
7f399ca87000-7f399ca89000 rw-p 00000000 00:00 0 
7f399ca89000-7f399cb36000 r-xp 00000000 08:01 397253                     /usr/lib/x86_64-linux-gnu/libgdk-x11-2.0.so.0.2400.6
7f399cb36000-7f399cd35000 ---p 000ad000 08:01 397253                     /usr/lib/x86_64-linux-gnu/libgdk-x11-2.0.so.0.2400.6
7f399cd35000-7f399cd39000 r--p 000ac000 08:01 397253                     /usr/lib/x86_64-linux-gnu/libgdk-x11-2.0.so.0.2400.6
7f399cd39000-7f399cd3b000 rw-p 000b0000 08:01 397253                     /usr/lib/x86_64-linux-gnu/libgdk-x11-2.0.so.0.2400.6
7f399cd3b000-7f399d16a000 r-xp 00000000 08:01 397246                     /usr/lib/x86_64-linux-gnu/libgtk-x11-2.0.so.0.2400.6
7f399d16a000-7f399d36a000 ---p 0042f000 08:01 397246                     /usr/lib/x86_64-linux-gnu/libgtk-x11-2.0.so.0.2400.6
7f399d36a000-7f399d371000 r--p 0042f000 08:01 397246                     /usr/lib/x86_64-linux-gnu/libgtk-x11-2.0.so.0.2400.6
7f399d371000-7f399d375000 rw-p 00436000 08:01 397246                     /usr/lib/x86_64-linux-gnu/libgtk-x11-2.0.so.0.2400.6
7f399d375000-7f399d377000 rw-p 00000000 00:00 0 
7f399d377000-7f399d386000 r-xp 00000000 08:01 406547                     /usr/lib/x86_64-linux-gnu/libXi.so.6.1.0
7f399d386000-7f399d585000 ---p 0000f000 08:01 406547                     /usr/lib/x86_64-linux-gnu/libXi.so.6.1.0
7f399d585000-7f399d586000 r--p 0000e000 08:01 406547                     /usr/lib/x86_64-linux-gnu/libXi.so.6.1.0
7f399d586000-7f399d587000 rw-p 0000f000 08:01 406547                     /usr/lib/x86_64-linux-gnu/libXi.so.6.1.0
7f399d587000-7f399d58c000 r-xp 00000000 08:01 398564                     /usr/lib/libXtst.so.6.1.0
7f399d58c000-7f399d78b000 ---p 00005000 08:01 398564                     /usr/lib/libXtst.so.6.1.0
7f399d78b000-7f399d78c000 r--p 00004000 08:01 398564                     /usr/lib/libXtst.so.6.1.0
7f399d78c000-7f399d78d000 rw-p 00005000 08:01 398564                     /usr/lib/libXtst.so.6.1.0
7f399d78d000-7f399d796000 r-xp 00000000 08:01 406553                     /usr/lib/x86_64-linux-gnu/libXrender.so.1.3.0
7f399d796000-7f399d996000 ---p 00009000 08:01 406553                     /usr/lib/x86_64-linux-gnu/libXrender.so.1.3.0
7f399d996000-7f399d997000 r--p 00009000 08:01 406553                     /usr/lib/x86_64-linux-gnu/libXrender.so.1.3.0
7f399d997000-7f399d998000 rw-p 0000a000 08:01 406553                     /usr/lib/x86_64-linux-gnu/libXrender.so.1.3.0
7f399d998000-7f399dacb000 r-xp 00000000 08:01 406471                     /usr/lib/x86_64-linux-gnu/libX11.so.6.3.0
7f399dacb000-7f399dccb000 ---p 00133000 08:01 406471                     /usr/lib/x86_64-linux-gnu/libX11.so.6.3.0
7f399dccb000-7f399dccc000 r--p 00133000 08:01 406471                     /usr/lib/x86_64-linux-gnu/libX11.so.6.3.0
7f399dccc000-7f399dcd0000 rw-p 00134000 08:01 406471                     /usr/lib/x86_64-linux-gnu/libX11.so.6.3.0
7f399dcd0000-7f399dce2000 r-xp 00000000 08:01 406541                     /usr/lib/x86_64-linux-gnu/libXext.so.6.4.0
7f399dce2000-7f399dee1000 ---p 00012000 08:01 406541                     /usr/lib/x86_64-linux-gnu/libXext.so.6.4.0
7f399dee1000-7f399dee2000 r--p 00011000 08:01 406541                     /usr/lib/x86_64-linux-gnu/libXext.so.6.4.0
7f399dee2000-7f399dee3000 rw-p 00012000 08:01 406541                     /usr/lib/x86_64-linux-gnu/libXext.so.6.4.0
7f399dee3000-7f399df06000 r--p 00000000 08:01 675061                     /usr/share/locale-langpack/fr/LC_MESSAGES/libc.mo
7f399df06000-7f399df58000 r-xp 00000000 08:01 401973                     /usr/lib/jvm/java-7-openjdk-amd64/jre/lib/amd64/xawt/libmawt.so
7f399df58000-7f399e158000 ---p 00052000 08:01 401973                     /usr/lib/jvm/java-7-openjdk-amd64/jre/lib/amd64/xawt/libmawt.so
7f399e158000-7f399e159000 r--p 00052000 08:01 401973                     /usr/lib/jvm/java-7-openjdk-amd64/jre/lib/amd64/xawt/libmawt.so
7f399e159000-7f399e15c000 rw-p 00053000 08:01 401973                     /usr/lib/jvm/java-7-openjdk-amd64/jre/lib/amd64/xawt/libmawt.so
7f399e15c000-7f399e15d000 rw-p 00000000 00:00 0 
7f399e15d000-7f399e1ff000 r-xp 00000000 08:01 398111                     /usr/lib/jvm/java-7-openjdk-amd64/jre/lib/amd64/libawt.so
7f399e1ff000-7f399e3fe000 ---p 000a2000 08:01 398111                     /usr/lib/jvm/java-7-openjdk-amd64/jre/lib/amd64/libawt.so
7f399e3fe000-7f399e3ff000 r--p 000a1000 08:01 398111                     /usr/lib/jvm/java-7-openjdk-amd64/jre/lib/amd64/libawt.so
7f399e3ff000-7f399e40a000 rw-p 000a2000 08:01 398111                     /usr/lib/jvm/java-7-openjdk-amd64/jre/lib/amd64/libawt.so
7f399e40a000-7f399e42f000 rw-p 00000000 00:00 0 
7f399e42f000-7f399e430000 ---p 00000000 00:00 0 
7f399e430000-7f399e530000 rw-p 00000000 00:00 0 
7f399e530000-7f399e533000 ---p 00000000 00:00 0 
7f399e533000-7f399e631000 rw-p 00000000 00:00 0 
7f399e631000-7f399e634000 ---p 00000000 00:00 0 
7f399e634000-7f399e732000 rw-p 00000000 00:00 0 
7f399e732000-7f399e735000 ---p 00000000 00:00 0 
7f399e735000-7f399e833000 rw-p 00000000 00:00 0 
7f399e833000-7f399e836000 ---p 00000000 00:00 0 
7f399e836000-7f399e934000 rw-p 00000000 00:00 0 
7f399e934000-7f399f021000 r--p 00000000 08:01 403488                     /usr/lib/locale/locale-archive
7f399f021000-7f399f024000 ---p 00000000 00:00 0 
7f399f024000-7f399f122000 rw-p 00000000 00:00 0 
7f399f122000-7f399f125000 ---p 00000000 00:00 0 
7f399f125000-7f399f223000 rw-p 00000000 00:00 0 
7f399f223000-7f399f224000 ---p 00000000 00:00 0 
7f399f224000-7f399f693000 rw-p 00000000 00:00 0 
7f399f693000-7f399f841000 r--s 03e76000 08:01 396788                     /usr/lib/jvm/java-7-openjdk-amd64/jre/lib/rt.jar
7f399f841000-7f399f869000 rw-p 00000000 00:00 0 
7f399f869000-7f399f86a000 ---p 00000000 00:00 0 
7f399f86a000-7f399f96a000 rw-p 00000000 00:00 0 
7f399f96a000-7f399f96b000 ---p 00000000 00:00 0 
7f399f96b000-7f399fa76000 rw-p 00000000 00:00 0 
7f399fa76000-7f399fabe000 rw-p 00000000 00:00 0 
7f399fabe000-7f399fad3000 rw-p 00000000 00:00 0 
7f399fad3000-7f399fc09000 rw-p 00000000 00:00 0 
7f399fc09000-7f399fc14000 rw-p 00000000 00:00 0 
7f399fc14000-7f399fc5c000 rw-p 00000000 00:00 0 
7f399fc5c000-7f399fc71000 rw-p 00000000 00:00 0 
7f399fc71000-7f399fda6000 rw-p 00000000 00:00 0 
7f399fda6000-7f399fdb1000 rw-p 00000000 00:00 0 
7f399fdb1000-7f399fe4c000 rw-p 00000000 00:00 0 
7f399fe4c000-7f399fe4d000 rw-p 00000000 00:00 0 
7f399fe4d000-7f39a00bd000 rwxp 00000000 00:00 0 
7f39a00bd000-7f39a2e4d000 rw-p 00000000 00:00 0 
7f39a2e4d000-7f39a2e55000 r-xp 00000000 08:01 399895                     /usr/lib/jvm/java-7-openjdk-amd64/jre/lib/amd64/libzip.so
7f39a2e55000-7f39a3054000 ---p 00008000 08:01 399895                     /usr/lib/jvm/java-7-openjdk-amd64/jre/lib/amd64/libzip.so
7f39a3054000-7f39a3055000 r--p 00007000 08:01 399895                     /usr/lib/jvm/java-7-openjdk-amd64/jre/lib/amd64/libzip.so
7f39a3055000-7f39a3056000 rw-p 00008000 08:01 399895                     /usr/lib/jvm/java-7-openjdk-amd64/jre/lib/amd64/libzip.so
7f39a3056000-7f39a3062000 r-xp 00000000 08:01 134596                     /lib/x86_64-linux-gnu/libnss_files-2.13.so
7f39a3062000-7f39a3261000 ---p 0000c000 08:01 134596                     /lib/x86_64-linux-gnu/libnss_files-2.13.so
7f39a3261000-7f39a3262000 r--p 0000b000 08:01 134596                     /lib/x86_64-linux-gnu/libnss_files-2.13.so
7f39a3262000-7f39a3263000 rw-p 0000c000 08:01 134596                     /lib/x86_64-linux-gnu/libnss_files-2.13.so
7f39a3263000-7f39a326d000 r-xp 00000000 08:01 134607                     /lib/x86_64-linux-gnu/libnss_nis-2.13.so
7f39a326d000-7f39a346d000 ---p 0000a000 08:01 134607                     /lib/x86_64-linux-gnu/libnss_nis-2.13.so
7f39a346d000-7f39a346e000 r--p 0000a000 08:01 134607                     /lib/x86_64-linux-gnu/libnss_nis-2.13.so
7f39a346e000-7f39a346f000 rw-p 0000b000 08:01 134607                     /lib/x86_64-linux-gnu/libnss_nis-2.13.so
7f39a346f000-7f39a3486000 r-xp 00000000 08:01 134591                     /lib/x86_64-linux-gnu/libnsl-2.13.so
7f39a3486000-7f39a3685000 ---p 00017000 08:01 134591                     /lib/x86_64-linux-gnu/libnsl-2.13.so
7f39a3685000-7f39a3686000 r--p 00016000 08:01 134591                     /lib/x86_64-linux-gnu/libnsl-2.13.so
7f39a3686000-7f39a3687000 rw-p 00017000 08:01 134591                     /lib/x86_64-linux-gnu/libnsl-2.13.so
7f39a3687000-7f39a3689000 rw-p 00000000 00:00 0 
7f39a3689000-7f39a3691000 r-xp 00000000 08:01 134588                     /lib/x86_64-linux-gnu/libnss_compat-2.13.so
7f39a3691000-7f39a3890000 ---p 00008000 08:01 134588                     /lib/x86_64-linux-gnu/libnss_compat-2.13.so
7f39a3890000-7f39a3891000 r--p 00007000 08:01 134588                     /lib/x86_64-linux-gnu/libnss_compat-2.13.so
7f39a3891000-7f39a3892000 rw-p 00008000 08:01 134588                     /lib/x86_64-linux-gnu/libnss_compat-2.13.so
7f39a3892000-7f39a38bb000 r-xp 00000000 08:01 398578                     /usr/lib/jvm/java-7-openjdk-amd64/jre/lib/amd64/libjava.so
7f39a38bb000-7f39a3aba000 ---p 00029000 08:01 398578                     /usr/lib/jvm/java-7-openjdk-amd64/jre/lib/amd64/libjava.so
7f39a3aba000-7f39a3abb000 r--p 00028000 08:01 398578                     /usr/lib/jvm/java-7-openjdk-amd64/jre/lib/amd64/libjava.so
7f39a3abb000-7f39a3abd000 rw-p 00029000 08:01 398578                     /usr/lib/jvm/java-7-openjdk-amd64/jre/lib/amd64/libjava.so
7f39a3abd000-7f39a3acb000 r-xp 00000000 08:01 399894                     /usr/lib/jvm/java-7-openjdk-amd64/jre/lib/amd64/libverify.so
7f39a3acb000-7f39a3cca000 ---p 0000e000 08:01 399894                     /usr/lib/jvm/java-7-openjdk-amd64/jre/lib/amd64/libverify.so
7f39a3cca000-7f39a3ccc000 r--p 0000d000 08:01 399894                     /usr/lib/jvm/java-7-openjdk-amd64/jre/lib/amd64/libverify.so
7f39a3ccc000-7f39a3ccd000 rw-p 0000f000 08:01 399894                     /usr/lib/jvm/java-7-openjdk-amd64/jre/lib/amd64/libverify.so
7f39a3ccd000-7f39a3cd4000 r-xp 00000000 08:01 134577                     /lib/x86_64-linux-gnu/librt-2.13.so
7f39a3cd4000-7f39a3ed3000 ---p 00007000 08:01 134577                     /lib/x86_64-linux-gnu/librt-2.13.so
7f39a3ed3000-7f39a3ed4000 r--p 00006000 08:01 134577                     /lib/x86_64-linux-gnu/librt-2.13.so
7f39a3ed4000-7f39a3ed5000 rw-p 00007000 08:01 134577                     /lib/x86_64-linux-gnu/librt-2.13.so
7f39a3ed5000-7f39a3eea000 r-xp 00000000 08:01 131748                     /lib/x86_64-linux-gnu/libgcc_s.so.1
7f39a3eea000-7f39a40e9000 ---p 00015000 08:01 131748                     /lib/x86_64-linux-gnu/libgcc_s.so.1
7f39a40e9000-7f39a40ea000 r--p 00014000 08:01 131748                     /lib/x86_64-linux-gnu/libgcc_s.so.1
7f39a40ea000-7f39a40eb000 rw-p 00015000 08:01 131748                     /lib/x86_64-linux-gnu/libgcc_s.so.1
7f39a40eb000-7f39a416e000 r-xp 00000000 08:01 134673                     /lib/x86_64-linux-gnu/libm-2.13.so
7f39a416e000-7f39a436d000 ---p 00083000 08:01 134673                     /lib/x86_64-linux-gnu/libm-2.13.so
7f39a436d000-7f39a436e000 r--p 00082000 08:01 134673                     /lib/x86_64-linux-gnu/libm-2.13.so
7f39a436e000-7f39a436f000 rw-p 00083000 08:01 134673                     /lib/x86_64-linux-gnu/libm-2.13.so
7f39a436f000-7f39a4457000 r-xp 00000000 08:01 398097                     /usr/lib/x86_64-linux-gnu/libstdc++.so.6.0.16
7f39a4457000-7f39a4657000 ---p 000e8000 08:01 398097                     /usr/lib/x86_64-linux-gnu/libstdc++.so.6.0.16
7f39a4657000-7f39a465f000 r--p 000e8000 08:01 398097                     /usr/lib/x86_64-linux-gnu/libstdc++.so.6.0.16
7f39a465f000-7f39a4661000 rw-p 000f0000 08:01 398097                     /usr/lib/x86_64-linux-gnu/libstdc++.so.6.0.16
7f39a4661000-7f39a4676000 rw-p 00000000 00:00 0 
7f39a4676000-7f39a4ffd000 r-xp 00000000 08:01 399897                     /usr/lib/jvm/java-7-openjdk-amd64/jre/lib/amd64/server/libjvm.so
7f39a4ffd000-7f39a51fc000 ---p 00987000 08:01 399897                     /usr/lib/jvm/java-7-openjdk-amd64/jre/lib/amd64/server/libjvm.so
7f39a51fc000-7f39a527a000 r--p 00986000 08:01 399897                     /usr/lib/jvm/java-7-openjdk-amd64/jre/lib/amd64/server/libjvm.so
7f39a527a000-7f39a5295000 rw-p 00a04000 08:01 399897                     /usr/lib/jvm/java-7-openjdk-amd64/jre/lib/amd64/server/libjvm.so
7f39a5295000-7f39a52c0000 rw-p 00000000 00:00 0 
7f39a52c0000-7f39a52d8000 r-xp 00000000 08:01 134606                     /lib/x86_64-linux-gnu/libpthread-2.13.so
7f39a52d8000-7f39a54d7000 ---p 00018000 08:01 134606                     /lib/x86_64-linux-gnu/libpthread-2.13.so
7f39a54d7000-7f39a54d8000 r--p 00017000 08:01 134606                     /lib/x86_64-linux-gnu/libpthread-2.13.so
7f39a54d8000-7f39a54d9000 rw-p 00018000 08:01 134606                     /lib/x86_64-linux-gnu/libpthread-2.13.so
7f39a54d9000-7f39a54dd000 rw-p 00000000 00:00 0 
7f39a54dd000-7f39a54f4000 r-xp 00000000 08:01 139905                     /lib/x86_64-linux-gnu/libz.so.1.2.3.4
7f39a54f4000-7f39a56f3000 ---p 00017000 08:01 139905                     /lib/x86_64-linux-gnu/libz.so.1.2.3.4
7f39a56f3000-7f39a56f4000 r--p 00016000 08:01 139905                     /lib/x86_64-linux-gnu/libz.so.1.2.3.4
7f39a56f4000-7f39a56f5000 rw-p 00017000 08:01 139905                     /lib/x86_64-linux-gnu/libz.so.1.2.3.4
7f39a56f5000-7f39a56f7000 r-xp 00000000 08:01 134594                     /lib/x86_64-linux-gnu/libdl-2.13.so
7f39a56f7000-7f39a58f7000 ---p 00002000 08:01 134594                     /lib/x86_64-linux-gnu/libdl-2.13.so
7f39a58f7000-7f39a58f8000 r--p 00002000 08:01 134594                     /lib/x86_64-linux-gnu/libdl-2.13.so
7f39a58f8000-7f39a58f9000 rw-p 00003000 08:01 134594                     /lib/x86_64-linux-gnu/libdl-2.13.so
7f39a58f9000-7f39a5a8e000 r-xp 00000000 08:01 134593                     /lib/x86_64-linux-gnu/libc-2.13.so
7f39a5a8e000-7f39a5c8d000 ---p 00195000 08:01 134593                     /lib/x86_64-linux-gnu/libc-2.13.so
7f39a5c8d000-7f39a5c91000 r--p 00194000 08:01 134593                     /lib/x86_64-linux-gnu/libc-2.13.so
7f39a5c91000-7f39a5c92000 rw-p 00198000 08:01 134593                     /lib/x86_64-linux-gnu/libc-2.13.so
7f39a5c92000-7f39a5c98000 rw-p 00000000 00:00 0 
7f39a5c98000-7f39a5ca4000 r-xp 00000000 08:01 397479                     /usr/lib/jvm/java-7-openjdk-amd64/jre/lib/amd64/jli/libjli.so
7f39a5ca4000-7f39a5ea3000 ---p 0000c000 08:01 397479                     /usr/lib/jvm/java-7-openjdk-amd64/jre/lib/amd64/jli/libjli.so
7f39a5ea3000-7f39a5ea4000 r--p 0000b000 08:01 397479                     /usr/lib/jvm/java-7-openjdk-amd64/jre/lib/amd64/jli/libjli.so
7f39a5ea4000-7f39a5ea5000 rw-p 0000c000 08:01 397479                     /usr/lib/jvm/java-7-openjdk-amd64/jre/lib/amd64/jli/libjli.so
7f39a5ea5000-7f39a5ec6000 r-xp 00000000 08:01 134600                     /lib/x86_64-linux-gnu/ld-2.13.so
7f39a5ec6000-7f39a5eca000 r--s 0009f000 08:01 396465                     /usr/lib/jvm/java-7-openjdk-common/jre/lib/jsse.jar
7f39a5eca000-7f39a5ed3000 r--s 00263000 08:01 396683                     /usr/lib/jvm/java-7-openjdk-common/jre/lib/resources.jar
7f39a5ed3000-7f39a5eda000 r--s 00000000 08:01 663199                     /usr/lib/x86_64-linux-gnu/gconv/gconv-modules.cache
7f39a5eda000-7f39a5ee4000 rw-p 00000000 00:00 0 
7f39a5ee4000-7f39a5f9a000 rw-p 00000000 00:00 0 
7f39a5f9a000-7f39a5f9d000 ---p 00000000 00:00 0 
7f39a5f9d000-7f39a60a1000 rw-p 00000000 00:00 0 
7f39a60a1000-7f39a60a2000 r--p 00000000 00:00 0 
7f39a60a2000-7f39a60a5000 r--s 00032000 08:01 395025                     /usr/lib/jvm/java-7-openjdk-common/jre/lib/ext/sunjce_provider.jar
7f39a60a5000-7f39a60a8000 r--s 00085000 08:01 395002                     /usr/lib/jvm/java-7-openjdk-common/jre/lib/ext/localedata.jar
7f39a60a8000-7f39a60a9000 r--s 00002000 08:01 394906                     /usr/lib/jvm/java-7-openjdk-common/jre/lib/ext/dnsns.jar
7f39a60a9000-7f39a60ac000 r--s 0003c000 08:01 394890                     /usr/lib/jvm/java-7-openjdk-common/jre/lib/ext/sunpkcs11.jar
7f39a60ac000-7f39a60ae000 r--s 00012000 08:01 395160                     /usr/lib/jvm/java-7-openjdk-common/jre/lib/ext/zipfs.jar
7f39a60ae000-7f39a60b1000 r--s 0000f000 08:01 395194                     /usr/lib/jvm/java-7-openjdk-common/jre/lib/ext/pulse-java.jar
7f39a60b1000-7f39a60b9000 r--s 00066000 08:01 676447                     /usr/share/java/gnome-java-bridge.jar
7f39a60b9000-7f39a60c1000 rw-s 00000000 08:01 268501                     /tmp/hsperfdata_guillaume/12432
7f39a60c1000-7f39a60c2000 rw-p 00000000 00:00 0 
7f39a60c2000-7f39a60c3000 r--p 00000000 00:00 0 
7f39a60c3000-7f39a60c5000 rw-p 00000000 00:00 0 
7f39a60c5000-7f39a60c6000 r--p 00020000 08:01 134600                     /lib/x86_64-linux-gnu/ld-2.13.so
7f39a60c6000-7f39a60c8000 rw-p 00021000 08:01 134600                     /lib/x86_64-linux-gnu/ld-2.13.so
7ffff2248000-7ffff2269000 rw-p 00000000 00:00 0                          [stack]
7ffff2310000-7ffff2311000 r-xp 00000000 00:00 0                          [vdso]
ffffffffff600000-ffffffffff601000 r-xp 00000000 00:00 0                  [vsyscall]
ffffffffff600000-ffffffffff601000 r-xp 00000000 00:00 0                  [vsyscall]

VM Arguments:
jvm_args: -Dfile.encoding=UTF-8 
java_command: main.Main
Launcher Type: SUN_STANDARD

Environment Variables:
PATH=/usr/lib/lightdm/lightdm:/usr/local/sbin:/usr/local/bin:/usr/sbin:/usr/bin:/sbin:/bin:/usr/games
USERNAME=guillaume
SHELL=/bin/bash
DISPLAY=:0

Signal Handlers:
SIGSEGV: [libjvm.so+0x7fca30], sa_mask[0]=0x7ffbfeff, sa_flags=0x10000004
SIGBUS: [libjvm.so+0x7fca30], sa_mask[0]=0x7ffbfeff, sa_flags=0x10000004
SIGFPE: [libjvm.so+0x6a1150], sa_mask[0]=0x7ffbfeff, sa_flags=0x10000004
SIGPIPE: [libjvm.so+0x6a1150], sa_mask[0]=0x7ffbfeff, sa_flags=0x10000004
SIGXFSZ: [libjvm.so+0x6a1150], sa_mask[0]=0x7ffbfeff, sa_flags=0x10000004
SIGILL: [libjvm.so+0x6a1150], sa_mask[0]=0x7ffbfeff, sa_flags=0x10000004
SIGUSR1: SIG_DFL, sa_mask[0]=0x00000000, sa_flags=0x00000000
SIGUSR2: [libjvm.so+0x6a1520], sa_mask[0]=0x00000004, sa_flags=0x10000004
SIGHUP: [libjvm.so+0x6a1660], sa_mask[0]=0x7ffbfeff, sa_flags=0x10000004
SIGINT: SIG_IGN, sa_mask[0]=0x00000000, sa_flags=0x00000000
SIGTERM: [libjvm.so+0x6a1660], sa_mask[0]=0x7ffbfeff, sa_flags=0x10000004
SIGQUIT: [libjvm.so+0x6a1660], sa_mask[0]=0x7ffbfeff, sa_flags=0x10000004


---------------  S Y S T E M  ---------------

OS:Ubuntu 11.10 (oneiric)
uname:Linux 3.0.0-12-generic #20-Ubuntu SMP Fri Oct 7 14:56:25 UTC 2011 x86_64
libc:glibc 2.13 NPTL 2.13 
rlimit: STACK 8192k, CORE 0k, NPROC 31562, NOFILE 4096, AS infinity
load average:0,45 0,71 0,56

/proc/meminfo:
MemTotal:        4055792 kB
MemFree:          653976 kB
Buffers:          137708 kB
Cached:          1206688 kB
SwapCached:            0 kB
Active:          2483428 kB
Inactive:         663248 kB
Active(anon):    1805244 kB
Inactive(anon):    12408 kB
Active(file):     678184 kB
Inactive(file):   650840 kB
Unevictable:         128 kB
Mlocked:             128 kB
SwapTotal:             0 kB
SwapFree:              0 kB
Dirty:               772 kB
Writeback:             0 kB
AnonPages:       1802604 kB
Mapped:           274264 kB
Shmem:             15228 kB
Slab:             100392 kB
SReclaimable:      68196 kB
SUnreclaim:        32196 kB
KernelStack:        4008 kB
PageTables:        42156 kB
NFS_Unstable:          0 kB
Bounce:                0 kB
WritebackTmp:          0 kB
CommitLimit:     2027896 kB
Committed_AS:    4705224 kB
VmallocTotal:   34359738367 kB
VmallocUsed:      109112 kB
VmallocChunk:   34359600636 kB
HardwareCorrupted:     0 kB
AnonHugePages:         0 kB
HugePages_Total:       0
HugePages_Free:        0
HugePages_Rsvd:        0
HugePages_Surp:        0
Hugepagesize:       2048 kB
DirectMap4k:      183232 kB
DirectMap2M:     4009984 kB


CPU:total 2 (2 cores per cpu, 1 threads per core) family 6 model 15 stepping 13, cmov, cx8, fxsr, mmx, sse, sse2, sse3, ssse3

Memory: 4k page, physical 4055792k(653976k free), swap 0k(0k free)

vm_info: OpenJDK 64-Bit Server VM (21.0-b17) for linux-amd64 JRE (1.7.0_147-b147), built on Sep 30 2011 00:36:33 by "buildd" with gcc 4.6.1

time: Thu Nov 10 18:24:59 2011
elapsed time: 0 seconds

