#
# A fatal error has been detected by the Java Runtime Environment:
#
#  SIGILL (0x4) at pc=0x00007ffdb7e77160, pid=5068, tid=140727791929088
#
# JRE version: 7.0_147-b147
# Java VM: OpenJDK 64-Bit Server VM (21.0-b17 mixed mode linux-amd64 compressed oops)
# Derivative: IcedTea7 2.0pre
# Distribution: Ubuntu oneiric (development branch), package 7~b147-2.0~pre6-1ubuntu1
# Problematic frame:
# v  ~BufferBlob::getPsrInfo_stub
#
# Failed to write core dump. Core dumps have been disabled. To enable core dumping, try "ulimit -c unlimited" before starting Java again
#
# If you would like to submit a bug report, please include
# instructions on how to reproduce the bug and visit:
#   https://bugs.launchpad.net/ubuntu/+source/openjdk-7/
#

---------------  T H R E A D  ---------------

Current thread (0x00000000020bf800):  JavaThread "Unknown thread" [_thread_in_vm, id=5070, stack(0x00007ffdbdfc4000,0x00007ffdbe0c5000)]

siginfo:si_signo=SIGILL: si_errno=0, si_code=2 (ILL_ILLOPN), si_addr=0x00007ffdb7e77160

Registers:
RAX=0x00007ffdbd2c7444, RBX=0x00000000020bcdf0, RCX=0x000000000000014e, RDX=0x00007ffdb7e772db
RSP=0x00007ffdbe0c37a8, RBP=0x00007ffdbe0c39d0, RSI=0x00007ffdb7e77160, RDI=0x00007ffdbd2e87a0
R8 =0x0000000cffffffff, R9 =0x000000000000000c, R10=0x00000000ffffffff, R11=0x0000000000000004
R12=0x00007ffdbd2bef98, R13=0x00000000020c0378, R14=0x00000000020bffa0, R15=0x00007ffdbd2c0c20
RIP=0x00007ffdb7e77160, EFLAGS=0x0000000000010246, CSGSFS=0x0000000000000033, ERR=0x0000000000000000
  TRAPNO=0x0000000000000006

Top of Stack: (sp=0x00007ffdbe0c37a8)
0x00007ffdbe0c37a8:   00007ffdbcea351d 0000000000000000
0x00007ffdbe0c37b8:   0000000001f25bc2 0000003000000020
0x00007ffdbe0c37c8:   0000000000000060 0000000000000006
0x00007ffdbe0c37d8:   ffffffffffffffff 00000008ffffffff
0x00007ffdbe0c37e8:   00007ffdbd298cb0 0000000000000000
0x00007ffdbe0c37f8:   00007ffdbc8c73a3 ffffffffffffffff
0x00007ffdbe0c3808:   ffffffff00000000 0000000000000006
0x00007ffdbe0c3818:   ffffffffffffffff 0000000cffffffff
0x00007ffdbe0c3828:   00007ffdbd298cb0 0000000000000000
0x00007ffdbe0c3838:   0000000000000006 00000000020bffa0
0x00007ffdbe0c3848:   0000000000000000 0000000000000005
0x00007ffdbe0c3858:   ffffffffffffffff 00000070ffffffff
0x00007ffdbe0c3868:   00007ffdbd298cb0 0000000000000000
0x00007ffdbe0c3878:   00007ffdbc8cf9d9 00007ffdbe0c3990
0x00007ffdbe0c3888:   00007ffdbe0c3990 00000065000000a1
0x00007ffdbe0c3898:   00007ffdbcdfc49d 00000000be0c3b40
0x00007ffdbe0c38a8:   0000000000000000 00007ffd000000e9
0x00007ffdbe0c38b8:   00007ffdbcb34bb8 0000000000000007
0x00007ffdbe0c38c8:   0000000000000000 000000e10000011d
0x00007ffdbe0c38d8:   00007ffdbd298cb0 00000000be0c3900
0x00007ffdbe0c38e8:   0000000000000000 0000035d000003d5
0x00007ffdbe0c38f8:   00007ffd00000391 00000000be0c3930
0x00007ffdbe0c3908:   0000000000000000 000001850000033d
0x00007ffdbe0c3918:   000002f900000251 0000000000000000
0x00007ffdbe0c3928:   0000000000000000 0000049100000581
0x00007ffdbe0c3938:   00007ffdbccdde99 0000000000270000
0x00007ffdbe0c3948:   0000000000000000 000004b10000051d
0x00007ffdbe0c3958:   0000000003000000 00000000000001e0
0x00007ffdbe0c3968:   0000000000000000 0000008d000005d9
0x00007ffdbe0c3978:   0000046100000109 00000000bcf0ae3b
0x00007ffdbe0c3988:   0000000000000000 00007ffdbe0c3b40
0x00007ffdbe0c3998:   bc2b6687aae32200 00007ffdbe0c39d0 

Instructions: (pc=0x00007ffdb7e77160)
0x00007ffdb7e77140:   00 00 00 00 00 00 00 00 00 00 00 00 00 00 00 00
0x00007ffdb7e77150:   00 00 00 00 00 00 00 00 00 00 00 00 00 00 00 00
0x00007ffdb7e77160:   55 48 8b ef 53 56 9c 58 50 48 8b c8 81 f0 00 00
0x00007ffdb7e77170:   04 00 50 9d 9c 58 48 3b c1 75 0d b8 00 03 00 00 

Stack: [0x00007ffdbdfc4000,0x00007ffdbe0c5000],  sp=0x00007ffdbe0c37a8,  free space=1021k
Native frames: (J=compiled Java code, j=interpreted, Vv=VM code, C=native code)
v  ~BufferBlob::getPsrInfo_stub
V  [libjvm.so+0x803f6e]  VM_Version::initialize()+0x9e
V  [libjvm.so+0x4a149f]  init_globals()+0x3f
V  [libjvm.so+0x7be4c4]  Threads::create_vm(JavaVMInitArgs*, bool*)+0x394
V  [libjvm.so+0x5017aa]  JNI_CreateJavaVM+0x5a
C  [libjli.so+0x27cc]  __strcat_chk+0x27cc


---------------  P R O C E S S  ---------------

Java Threads: ( => current thread )

Other Threads:

=>0x00000000020bf800 (exited) JavaThread "Unknown thread" [_thread_in_vm, id=5070, stack(0x00007ffdbdfc4000,0x00007ffdbe0c5000)]

VM state:not at safepoint (not fully initialized)

VM Mutex/Monitor currently owned by a thread: None

Dynamic libraries:
00400000-00401000 r-xp 00000000 08:01 400896                             /usr/lib/jvm/java-7-openjdk-amd64/jre/bin/java
00600000-00601000 r--p 00000000 08:01 400896                             /usr/lib/jvm/java-7-openjdk-amd64/jre/bin/java
00601000-00602000 rw-p 00001000 08:01 400896                             /usr/lib/jvm/java-7-openjdk-amd64/jre/bin/java
020b5000-020d6000 rw-p 00000000 00:00 0                                  [heap]
7ffdb7e77000-7ffdb80e7000 rwxp 00000000 00:00 0 
7ffdb80e7000-7ffdbae77000 rw-p 00000000 00:00 0 
7ffdbae77000-7ffdbae7f000 r-xp 00000000 08:01 399895                     /usr/lib/jvm/java-7-openjdk-amd64/jre/lib/amd64/libzip.so
7ffdbae7f000-7ffdbb07e000 ---p 00008000 08:01 399895                     /usr/lib/jvm/java-7-openjdk-amd64/jre/lib/amd64/libzip.so
7ffdbb07e000-7ffdbb07f000 r--p 00007000 08:01 399895                     /usr/lib/jvm/java-7-openjdk-amd64/jre/lib/amd64/libzip.so
7ffdbb07f000-7ffdbb080000 rw-p 00008000 08:01 399895                     /usr/lib/jvm/java-7-openjdk-amd64/jre/lib/amd64/libzip.so
7ffdbb080000-7ffdbb08c000 r-xp 00000000 08:01 134596                     /lib/x86_64-linux-gnu/libnss_files-2.13.so
7ffdbb08c000-7ffdbb28b000 ---p 0000c000 08:01 134596                     /lib/x86_64-linux-gnu/libnss_files-2.13.so
7ffdbb28b000-7ffdbb28c000 r--p 0000b000 08:01 134596                     /lib/x86_64-linux-gnu/libnss_files-2.13.so
7ffdbb28c000-7ffdbb28d000 rw-p 0000c000 08:01 134596                     /lib/x86_64-linux-gnu/libnss_files-2.13.so
7ffdbb28d000-7ffdbb297000 r-xp 00000000 08:01 134607                     /lib/x86_64-linux-gnu/libnss_nis-2.13.so
7ffdbb297000-7ffdbb497000 ---p 0000a000 08:01 134607                     /lib/x86_64-linux-gnu/libnss_nis-2.13.so
7ffdbb497000-7ffdbb498000 r--p 0000a000 08:01 134607                     /lib/x86_64-linux-gnu/libnss_nis-2.13.so
7ffdbb498000-7ffdbb499000 rw-p 0000b000 08:01 134607                     /lib/x86_64-linux-gnu/libnss_nis-2.13.so
7ffdbb499000-7ffdbb4b0000 r-xp 00000000 08:01 134591                     /lib/x86_64-linux-gnu/libnsl-2.13.so
7ffdbb4b0000-7ffdbb6af000 ---p 00017000 08:01 134591                     /lib/x86_64-linux-gnu/libnsl-2.13.so
7ffdbb6af000-7ffdbb6b0000 r--p 00016000 08:01 134591                     /lib/x86_64-linux-gnu/libnsl-2.13.so
7ffdbb6b0000-7ffdbb6b1000 rw-p 00017000 08:01 134591                     /lib/x86_64-linux-gnu/libnsl-2.13.so
7ffdbb6b1000-7ffdbb6b3000 rw-p 00000000 00:00 0 
7ffdbb6b3000-7ffdbb6bb000 r-xp 00000000 08:01 134588                     /lib/x86_64-linux-gnu/libnss_compat-2.13.so
7ffdbb6bb000-7ffdbb8ba000 ---p 00008000 08:01 134588                     /lib/x86_64-linux-gnu/libnss_compat-2.13.so
7ffdbb8ba000-7ffdbb8bb000 r--p 00007000 08:01 134588                     /lib/x86_64-linux-gnu/libnss_compat-2.13.so
7ffdbb8bb000-7ffdbb8bc000 rw-p 00008000 08:01 134588                     /lib/x86_64-linux-gnu/libnss_compat-2.13.so
7ffdbb8bc000-7ffdbb8e5000 r-xp 00000000 08:01 398578                     /usr/lib/jvm/java-7-openjdk-amd64/jre/lib/amd64/libjava.so
7ffdbb8e5000-7ffdbbae4000 ---p 00029000 08:01 398578                     /usr/lib/jvm/java-7-openjdk-amd64/jre/lib/amd64/libjava.so
7ffdbbae4000-7ffdbbae5000 r--p 00028000 08:01 398578                     /usr/lib/jvm/java-7-openjdk-amd64/jre/lib/amd64/libjava.so
7ffdbbae5000-7ffdbbae7000 rw-p 00029000 08:01 398578                     /usr/lib/jvm/java-7-openjdk-amd64/jre/lib/amd64/libjava.so
7ffdbbae7000-7ffdbbaf5000 r-xp 00000000 08:01 399894                     /usr/lib/jvm/java-7-openjdk-amd64/jre/lib/amd64/libverify.so
7ffdbbaf5000-7ffdbbcf4000 ---p 0000e000 08:01 399894                     /usr/lib/jvm/java-7-openjdk-amd64/jre/lib/amd64/libverify.so
7ffdbbcf4000-7ffdbbcf6000 r--p 0000d000 08:01 399894                     /usr/lib/jvm/java-7-openjdk-amd64/jre/lib/amd64/libverify.so
7ffdbbcf6000-7ffdbbcf7000 rw-p 0000f000 08:01 399894                     /usr/lib/jvm/java-7-openjdk-amd64/jre/lib/amd64/libverify.so
7ffdbbcf7000-7ffdbbcfe000 r-xp 00000000 08:01 134577                     /lib/x86_64-linux-gnu/librt-2.13.so
7ffdbbcfe000-7ffdbbefd000 ---p 00007000 08:01 134577                     /lib/x86_64-linux-gnu/librt-2.13.so
7ffdbbefd000-7ffdbbefe000 r--p 00006000 08:01 134577                     /lib/x86_64-linux-gnu/librt-2.13.so
7ffdbbefe000-7ffdbbeff000 rw-p 00007000 08:01 134577                     /lib/x86_64-linux-gnu/librt-2.13.so
7ffdbbeff000-7ffdbbf14000 r-xp 00000000 08:01 131748                     /lib/x86_64-linux-gnu/libgcc_s.so.1
7ffdbbf14000-7ffdbc113000 ---p 00015000 08:01 131748                     /lib/x86_64-linux-gnu/libgcc_s.so.1
7ffdbc113000-7ffdbc114000 r--p 00014000 08:01 131748                     /lib/x86_64-linux-gnu/libgcc_s.so.1
7ffdbc114000-7ffdbc115000 rw-p 00015000 08:01 131748                     /lib/x86_64-linux-gnu/libgcc_s.so.1
7ffdbc115000-7ffdbc198000 r-xp 00000000 08:01 134673                     /lib/x86_64-linux-gnu/libm-2.13.so
7ffdbc198000-7ffdbc397000 ---p 00083000 08:01 134673                     /lib/x86_64-linux-gnu/libm-2.13.so
7ffdbc397000-7ffdbc398000 r--p 00082000 08:01 134673                     /lib/x86_64-linux-gnu/libm-2.13.so
7ffdbc398000-7ffdbc399000 rw-p 00083000 08:01 134673                     /lib/x86_64-linux-gnu/libm-2.13.so
7ffdbc399000-7ffdbc481000 r-xp 00000000 08:01 398097                     /usr/lib/x86_64-linux-gnu/libstdc++.so.6.0.16
7ffdbc481000-7ffdbc681000 ---p 000e8000 08:01 398097                     /usr/lib/x86_64-linux-gnu/libstdc++.so.6.0.16
7ffdbc681000-7ffdbc689000 r--p 000e8000 08:01 398097                     /usr/lib/x86_64-linux-gnu/libstdc++.so.6.0.16
7ffdbc689000-7ffdbc68b000 rw-p 000f0000 08:01 398097                     /usr/lib/x86_64-linux-gnu/libstdc++.so.6.0.16
7ffdbc68b000-7ffdbc6a0000 rw-p 00000000 00:00 0 
7ffdbc6a0000-7ffdbd027000 r-xp 00000000 08:01 399897                     /usr/lib/jvm/java-7-openjdk-amd64/jre/lib/amd64/server/libjvm.so
7ffdbd027000-7ffdbd226000 ---p 00987000 08:01 399897                     /usr/lib/jvm/java-7-openjdk-amd64/jre/lib/amd64/server/libjvm.so
7ffdbd226000-7ffdbd2a4000 r--p 00986000 08:01 399897                     /usr/lib/jvm/java-7-openjdk-amd64/jre/lib/amd64/server/libjvm.so
7ffdbd2a4000-7ffdbd2bf000 rw-p 00a04000 08:01 399897                     /usr/lib/jvm/java-7-openjdk-amd64/jre/lib/amd64/server/libjvm.so
7ffdbd2bf000-7ffdbd2ea000 rw-p 00000000 00:00 0 
7ffdbd2ea000-7ffdbd302000 r-xp 00000000 08:01 134606                     /lib/x86_64-linux-gnu/libpthread-2.13.so
7ffdbd302000-7ffdbd501000 ---p 00018000 08:01 134606                     /lib/x86_64-linux-gnu/libpthread-2.13.so
7ffdbd501000-7ffdbd502000 r--p 00017000 08:01 134606                     /lib/x86_64-linux-gnu/libpthread-2.13.so
7ffdbd502000-7ffdbd503000 rw-p 00018000 08:01 134606                     /lib/x86_64-linux-gnu/libpthread-2.13.so
7ffdbd503000-7ffdbd507000 rw-p 00000000 00:00 0 
7ffdbd507000-7ffdbd51e000 r-xp 00000000 08:01 139905                     /lib/x86_64-linux-gnu/libz.so.1.2.3.4
7ffdbd51e000-7ffdbd71d000 ---p 00017000 08:01 139905                     /lib/x86_64-linux-gnu/libz.so.1.2.3.4
7ffdbd71d000-7ffdbd71e000 r--p 00016000 08:01 139905                     /lib/x86_64-linux-gnu/libz.so.1.2.3.4
7ffdbd71e000-7ffdbd71f000 rw-p 00017000 08:01 139905                     /lib/x86_64-linux-gnu/libz.so.1.2.3.4
7ffdbd71f000-7ffdbd721000 r-xp 00000000 08:01 134594                     /lib/x86_64-linux-gnu/libdl-2.13.so
7ffdbd721000-7ffdbd921000 ---p 00002000 08:01 134594                     /lib/x86_64-linux-gnu/libdl-2.13.so
7ffdbd921000-7ffdbd922000 r--p 00002000 08:01 134594                     /lib/x86_64-linux-gnu/libdl-2.13.so
7ffdbd922000-7ffdbd923000 rw-p 00003000 08:01 134594                     /lib/x86_64-linux-gnu/libdl-2.13.so
7ffdbd923000-7ffdbdab8000 r-xp 00000000 08:01 134593                     /lib/x86_64-linux-gnu/libc-2.13.so
7ffdbdab8000-7ffdbdcb7000 ---p 00195000 08:01 134593                     /lib/x86_64-linux-gnu/libc-2.13.so
7ffdbdcb7000-7ffdbdcbb000 r--p 00194000 08:01 134593                     /lib/x86_64-linux-gnu/libc-2.13.so
7ffdbdcbb000-7ffdbdcbc000 rw-p 00198000 08:01 134593                     /lib/x86_64-linux-gnu/libc-2.13.so
7ffdbdcbc000-7ffdbdcc2000 rw-p 00000000 00:00 0 
7ffdbdcc2000-7ffdbdcce000 r-xp 00000000 08:01 397479                     /usr/lib/jvm/java-7-openjdk-amd64/jre/lib/amd64/jli/libjli.so
7ffdbdcce000-7ffdbdecd000 ---p 0000c000 08:01 397479                     /usr/lib/jvm/java-7-openjdk-amd64/jre/lib/amd64/jli/libjli.so
7ffdbdecd000-7ffdbdece000 r--p 0000b000 08:01 397479                     /usr/lib/jvm/java-7-openjdk-amd64/jre/lib/amd64/jli/libjli.so
7ffdbdece000-7ffdbdecf000 rw-p 0000c000 08:01 397479                     /usr/lib/jvm/java-7-openjdk-amd64/jre/lib/amd64/jli/libjli.so
7ffdbdecf000-7ffdbdef0000 r-xp 00000000 08:01 134600                     /lib/x86_64-linux-gnu/ld-2.13.so
7ffdbdf04000-7ffdbdf0e000 rw-p 00000000 00:00 0 
7ffdbdf0e000-7ffdbdfc4000 rw-p 00000000 00:00 0 
7ffdbdfc4000-7ffdbdfc7000 ---p 00000000 00:00 0 
7ffdbdfc7000-7ffdbe0ca000 rw-p 00000000 00:00 0 
7ffdbe0e3000-7ffdbe0eb000 rw-s 00000000 08:01 263060                     /tmp/hsperfdata_guillaume/5068
7ffdbe0eb000-7ffdbe0ec000 rw-p 00000000 00:00 0 
7ffdbe0ec000-7ffdbe0ed000 r--p 00000000 00:00 0 
7ffdbe0ed000-7ffdbe0ef000 rw-p 00000000 00:00 0 
7ffdbe0ef000-7ffdbe0f0000 r--p 00020000 08:01 134600                     /lib/x86_64-linux-gnu/ld-2.13.so
7ffdbe0f0000-7ffdbe0f2000 rw-p 00021000 08:01 134600                     /lib/x86_64-linux-gnu/ld-2.13.so
7fff9682a000-7fff9684b000 rw-p 00000000 00:00 0                          [stack]
7fff96971000-7fff96972000 r-xp 00000000 00:00 0                          [vdso]
ffffffffff600000-ffffffffff601000 r-xp 00000000 00:00 0                  [vsyscall]

VM Arguments:
jvm_args: -Dfile.encoding=UTF-8 -Djava.security.policy=applet.policy 
java_command: main.Main -Xms1024M -Xmx1024M
Launcher Type: SUN_STANDARD

Environment Variables:
PATH=/usr/lib/lightdm/lightdm:/usr/local/sbin:/usr/local/bin:/usr/sbin:/usr/bin:/sbin:/bin:/usr/games
USERNAME=guillaume
SHELL=/bin/bash
DISPLAY=:0

Signal Handlers:
SIGSEGV: [libjvm.so+0x7fca30], sa_mask[0]=0x7ffbfeff, sa_flags=0x10000004
SIGBUS: [libjvm.so+0x7fca30], sa_mask[0]=0x7ffbfeff, sa_flags=0x10000004
SIGFPE: [libjvm.so+0x6a1150], sa_mask[0]=0x7ffbfeff, sa_flags=0x10000004
SIGPIPE: [libjvm.so+0x6a1150], sa_mask[0]=0x7ffbfeff, sa_flags=0x10000004
SIGXFSZ: [libjvm.so+0x6a1150], sa_mask[0]=0x7ffbfeff, sa_flags=0x10000004
SIGILL: [libjvm.so+0x6a1150], sa_mask[0]=0x7ffbfeff, sa_flags=0x10000004
SIGUSR1: SIG_DFL, sa_mask[0]=0x00000000, sa_flags=0x00000000
SIGUSR2: [libjvm.so+0x6a1520], sa_mask[0]=0x00000004, sa_flags=0x10000004
SIGHUP: SIG_DFL, sa_mask[0]=0x00000000, sa_flags=0x00000000
SIGINT: SIG_IGN, sa_mask[0]=0x00000000, sa_flags=0x00000000
SIGTERM: SIG_DFL, sa_mask[0]=0x00000000, sa_flags=0x00000000
SIGQUIT: SIG_DFL, sa_mask[0]=0x00000000, sa_flags=0x00000000


---------------  S Y S T E M  ---------------

OS:Ubuntu 11.10 (oneiric)
uname:Linux 3.0.0-12-generic #20-Ubuntu SMP Fri Oct 7 14:56:25 UTC 2011 x86_64
libc:glibc 2.13 NPTL 2.13 
rlimit: STACK 8192k, CORE 0k, NPROC 63881, NOFILE 4096, AS infinity
load average:0.55 0.22 0.17

/proc/meminfo:
MemTotal:        8192664 kB
MemFree:         5211604 kB
Buffers:          116524 kB
Cached:           995584 kB
SwapCached:            0 kB
Active:          1997996 kB
Inactive:         724060 kB
Active(anon):    1610956 kB
Inactive(anon):    10740 kB
Active(file):     387040 kB
Inactive(file):   713320 kB
Unevictable:          48 kB
Mlocked:              48 kB
SwapTotal:             0 kB
SwapFree:              0 kB
Dirty:               244 kB
Writeback:             0 kB
AnonPages:       1609960 kB
Mapped:           190516 kB
Shmem:             11720 kB
Slab:              79900 kB
SReclaimable:      53888 kB
SUnreclaim:        26012 kB
KernelStack:        3440 kB
PageTables:        33004 kB
NFS_Unstable:          0 kB
Bounce:                0 kB
WritebackTmp:          0 kB
CommitLimit:     4096332 kB
Committed_AS:    3671228 kB
VmallocTotal:   34359738367 kB
VmallocUsed:      116420 kB
VmallocChunk:   34359613948 kB
HardwareCorrupted:     0 kB
AnonHugePages:         0 kB
HugePages_Total:       0
HugePages_Free:        0
HugePages_Rsvd:        0
HugePages_Surp:        0
Hugepagesize:       2048 kB
DirectMap4k:      134080 kB
DirectMap2M:     8253440 kB


CPU:total 2 

Memory: 4k page, physical 8192664k(5211604k free), swap 0k(0k free)

vm_info: OpenJDK 64-Bit Server VM (21.0-b17) for linux-amd64 JRE (1.7.0_147-b147), built on Sep 30 2011 00:36:33 by "buildd" with gcc 4.6.1

time: Wed Nov 16 07:42:41 2011
elapsed time: 0 seconds

