#
# A fatal error has been detected by the Java Runtime Environment:
#
#  SIGSEGV (0xb) at pc=0x00007fc16b02d1f8, pid=2723, tid=140469051737856
#
# JRE version: 7.0_147-b147
# Java VM: OpenJDK 64-Bit Server VM (21.0-b17 mixed mode linux-amd64 compressed oops)
# Derivative: IcedTea7 2.0pre
# Distribution: Ubuntu oneiric (development branch), package 7~b147-2.0~pre6-1ubuntu1
# Problematic frame:
# C  [liblcms2.so.2+0x121f8]  cmsSaveProfileToIOhandler+0x38
#
# Failed to write core dump. Core dumps have been disabled. To enable core dumping, try "ulimit -c unlimited" before starting Java again
#
# If you would like to submit a bug report, please include
# instructions on how to reproduce the bug and visit:
#   https://bugs.launchpad.net/ubuntu/+source/openjdk-7/
# The crash happened outside the Java Virtual Machine in native code.
# See problematic frame for where to report the bug.
#

---------------  T H R E A D  ---------------

Current thread (0x0000000002182800):  JavaThread "main" [_thread_in_native, id=2728, stack(0x00007fc17fde4000,0x00007fc17fee5000)]

siginfo:si_signo=SIGSEGV: si_errno=0, si_code=1 (SEGV_MAPERR), si_addr=0x0000000000000000

Registers:
RAX=0x0000000000000000, RBX=0x0000000000000000, RCX=0x00000000000001d4, RDX=0x00007fc17fee2a4c
RSP=0x00007fc17fee1b20, RBP=0x0000000000000000, RSI=0x0000000000000000, RDI=0x00007fc17fee1b20
R8 =0x00007fc16c2365e0, R9 =0x00007fc17f872ec7, R10=0x00007fc179ca9557, R11=0x00007fc17f8a6df0
R12=0x00007fc17fee2a4c, R13=0x0000000000000000, R14=0x0000000000000000, R15=0x0000000002182800
RIP=0x00007fc16b02d1f8, EFLAGS=0x0000000000010246, CSGSFS=0x0000000000000033, ERR=0x0000000000000004
  TRAPNO=0x000000000000000e

Top of Stack: (sp=0x00007fc17fee1b20)
0x00007fc17fee1b20:   00007fc16c236600 00007fc16b02bcef
0x00007fc17fee1b30:   0000000000000c48 00007fc16c000020
0x00007fc17fee1b40:   000000000000000e 000000000000080c
0x00007fc17fee1b50:   00007fc100000000 00007fc16c000020
0x00007fc17fee1b60:   000000000000000e 00007fc16b032754
0x00007fc17fee1b70:   00007fc17fee1ffc 65ecc216e43b5f00
0x00007fc17fee1b80:   00007fc16c236600 00007fc16c23759c
0x00007fc17fee1b90:   000000000000000e 00007fc16b02bebf
0x00007fc17fee1ba0:   4247527320434549 0000000000000000
0x00007fc17fee1bb0:   00007fc16c2368a0 2dd3000000000100
0x00007fc17fee1bc0:   0000080c000004c4 00007fc16c000020
0x00007fc17fee1bd0:   00007fc100000000 00007fc16c236750
0x00007fc17fee1be0:   0000000000000c48 00007fc16c237418
0x00007fc17fee1bf0:   0000000000000011 00007fc17f7bfd7c
0x00007fc17fee1c00:   00007fc16c236750 00007fc16b02be2c
0x00007fc17fee1c10:   00007fc16c2371c0 00007fc16b02d3ae
0x00007fc17fee1c20:   00007fc16c238070 0000000000000000
0x00007fc17fee1c30:   0000003100000000 0000000900000006
0x00007fc17fee1c40:   0000006200000001 ffffffffffffffff
0x00007fc17fee1c50:   0000000000000000 0000000000000000
0x00007fc17fee1c60:   00007fc17f89f689 6d6e747202100000
0x00007fc17fee1c70:   58595a2052474220 00000000000000b0
0x00007fc17fee1c80:   7352474249454320 0000000000000000
0x00007fc17fee1c90:   0000000000000000 0000000000000000
0x00007fc17fee1ca0:   6370727400000011 00007fc16c000020
0x00007fc17fee1cb0:   0000000002598ff0 000000000000007c
0x00007fc17fee1cc0:   00007fc17fee21e0 00007fc17fee24a0
0x00007fc17fee1cd0:   00007fc17fd0985b 00007fc17f7bf77d
0x00007fc17fee1ce0:   6254524300000000 000000000000003f
0x00007fc17fee1cf0:   0000000002598ff0 0000000000000000
0x00007fc17fee1d00:   00007fc16c2365ad 00007fc17fcfd7e1
0x00007fc17fee1d10:   0000000000000000 0000000000000000 

Instructions: (pc=0x00007fc16b02d1f8)
0x00007fc16b02d1d8:   48 89 de 48 81 ec b8 0e 00 00 64 48 8b 04 25 28
0x00007fc16b02d1e8:   00 00 00 48 89 84 24 a8 0e 00 00 31 c0 48 89 e7
0x00007fc16b02d1f8:   f3 48 a5 48 89 df e8 1d f6 ff ff 48 89 c7 e8 65
0x00007fc16b02d208:   f0 ff ff 48 85 c0 49 89 c4 48 89 03 74 0e 31 f6 

Register to memory mapping:

RAX=0x0000000000000000 is an unknown value
RBX=0x0000000000000000 is an unknown value
RCX=0x00000000000001d4 is an unknown value
RDX=0x00007fc17fee2a4c is pointing into the stack for thread: 0x0000000002182800
RSP=0x00007fc17fee1b20 is pointing into the stack for thread: 0x0000000002182800
RBP=0x0000000000000000 is an unknown value
RSI=0x0000000000000000 is an unknown value
RDI=0x00007fc17fee1b20 is pointing into the stack for thread: 0x0000000002182800
R8 =0x00007fc16c2365e0 is an unknown value
R9 =0x00007fc17f872ec7: <offset 0x12fec7> in /lib/x86_64-linux-gnu/libc.so.6 at 0x00007fc17f743000
R10=0x00007fc179ca9557 is an Interpreter codelet
method entry point (kind = native_synchronized)  [0x00007fc179ca9180, 0x00007fc179ca9b40]  2496 bytes
R11=0x00007fc17f8a6df0: <offset 0x163df0> in /lib/x86_64-linux-gnu/libc.so.6 at 0x00007fc17f743000
R12=0x00007fc17fee2a4c is pointing into the stack for thread: 0x0000000002182800
R13=0x0000000000000000 is an unknown value
R14=0x0000000000000000 is an unknown value
R15=0x0000000002182800 is a thread


Stack: [0x00007fc17fde4000,0x00007fc17fee5000],  sp=0x00007fc17fee1b20,  free space=1014k
Native frames: (J=compiled Java code, j=interpreted, Vv=VM code, C=native code)
C  [liblcms2.so.2+0x121f8]  cmsSaveProfileToIOhandler+0x38

[error occurred during error reporting (printing native stack), id 0xb]

Java frames: (J=compiled Java code, j=interpreted, Vv=VM code)
j  sun.java2d.cmm.lcms.LCMS.getTagData(JI[B)V+0
j  java.awt.color.ICC_Profile.getData(JI)[B+26
j  java.awt.color.ICC_Profile.getData(I)[B+14
j  java.awt.color.ICC_Profile.getNumComponents()I+18
j  sun.java2d.cmm.lcms.LCMSTransform.<init>(Ljava/awt/color/ICC_Profile;II)V+83
j  sun.java2d.cmm.lcms.LCMS.createTransform(Ljava/awt/color/ICC_Profile;II)Lsun/java2d/cmm/ColorTransform;+7
j  java.awt.color.ICC_ColorSpace.fromRGB([F)[F+37
j  com.sun.imageio.plugins.jpeg.JPEGImageReader.setImageData(IIIII[B)V+158
v  ~StubRoutines::call_stub
j  com.sun.imageio.plugins.jpeg.JPEGImageReader.readImageHeader(JZZ)Z+0
j  com.sun.imageio.plugins.jpeg.JPEGImageReader.readNativeHeader(Z)Z+12
j  com.sun.imageio.plugins.jpeg.JPEGImageReader.checkTablesOnly()V+92
j  com.sun.imageio.plugins.jpeg.JPEGImageReader.gotoImage(I)V+41
j  com.sun.imageio.plugins.jpeg.JPEGImageReader.readHeader(IZ)V+2
j  com.sun.imageio.plugins.jpeg.JPEGImageReader.readInternal(ILjavax/imageio/ImageReadParam;Z)Ljava/awt/image/Raster;+3
j  com.sun.imageio.plugins.jpeg.JPEGImageReader.read(ILjavax/imageio/ImageReadParam;)Ljava/awt/image/BufferedImage;+8
j  javax.imageio.ImageIO.read(Ljavax/imageio/stream/ImageInputStream;)Ljava/awt/image/BufferedImage;+55
j  javax.imageio.ImageIO.read(Ljava/io/InputStream;)Ljava/awt/image/BufferedImage;+20
j  content.ImageBank.<init>()V+118
j  main.Main.main([Ljava/lang/String;)V+4
v  ~StubRoutines::call_stub

---------------  P R O C E S S  ---------------

Java Threads: ( => current thread )
  0x00007fc16c207000 JavaThread "Thread-0" [_thread_blocked, id=2747, stack(0x00007fc16b89a000,0x00007fc16b99b000)]
  0x00007fc16c205000 JavaThread "AWT-EventQueue-0" [_thread_blocked, id=2746, stack(0x00007fc1700de000,0x00007fc1701df000)]
  0x00007fc16c167000 JavaThread "AWT-Shutdown" [_thread_blocked, id=2745, stack(0x00007fc170210000,0x00007fc170311000)]
  0x00007fc16c0d6000 JavaThread "process reaper" daemon [_thread_blocked, id=2743, stack(0x00007fc170311000,0x00007fc17032b000)]
  0x00007fc16c0b0800 JavaThread "AWT-XAWT" daemon [_thread_in_native, id=2741, stack(0x00007fc17032b000,0x00007fc17042c000)]
  0x00007fc16c06a000 JavaThread "Java2D Disposer" daemon [_thread_blocked, id=2740, stack(0x00007fc17042c000,0x00007fc17052d000)]
  0x0000000002286000 JavaThread "Service Thread" daemon [_thread_blocked, id=2738, stack(0x00007fc17837a000,0x00007fc17847b000)]
  0x0000000002282800 JavaThread "C2 CompilerThread1" daemon [_thread_blocked, id=2737, stack(0x00007fc17847b000,0x00007fc17857c000)]
  0x000000000227f800 JavaThread "C2 CompilerThread0" daemon [_thread_blocked, id=2736, stack(0x00007fc17857c000,0x00007fc17867d000)]
  0x000000000227d800 JavaThread "Signal Dispatcher" daemon [_thread_blocked, id=2735, stack(0x00007fc17867d000,0x00007fc17877e000)]
  0x0000000002220000 JavaThread "Finalizer" daemon [_thread_blocked, id=2734, stack(0x00007fc178e6b000,0x00007fc178f6c000)]
  0x000000000221d800 JavaThread "Reference Handler" daemon [_thread_blocked, id=2733, stack(0x00007fc178f6c000,0x00007fc17906d000)]
=>0x0000000002182800 JavaThread "main" [_thread_in_native, id=2728, stack(0x00007fc17fde4000,0x00007fc17fee5000)]

Other Threads:
  0x0000000002215800 VMThread [stack: 0x00007fc17906d000,0x00007fc17916e000] [id=2732]
  0x0000000002290800 WatcherThread [stack: 0x00007fc178279000,0x00007fc17837a000] [id=2739]

VM state:not at safepoint (normal execution)

VM Mutex/Monitor currently owned by a thread: None

Heap
 PSYoungGen      total 18496K, used 9222K [0x00000000eb560000, 0x00000000eca00000, 0x0000000100000000)
  eden space 15872K, 58% used [0x00000000eb560000,0x00000000ebe61940,0x00000000ec4e0000)
  from space 2624K, 0% used [0x00000000ec770000,0x00000000ec770000,0x00000000eca00000)
  to   space 2624K, 0% used [0x00000000ec4e0000,0x00000000ec4e0000,0x00000000ec770000)
 PSOldGen        total 42304K, used 0K [0x00000000c2000000, 0x00000000c4950000, 0x00000000eb560000)
  object space 42304K, 0% used [0x00000000c2000000,0x00000000c2000000,0x00000000c4950000)
 PSPermGen       total 21248K, used 11184K [0x00000000b7a00000, 0x00000000b8ec0000, 0x00000000c2000000)
  object space 21248K, 52% used [0x00000000b7a00000,0x00000000b84ec0a8,0x00000000b8ec0000)

Code Cache  [0x00007fc179c97000, 0x00007fc179f07000, 0x00007fc17cc97000)
 total_blobs=444 nmethods=14 adapters=383 free_code_cache=48610Kb largest_free_block=49768448

Dynamic libraries:
00400000-00401000 r-xp 00000000 08:01 400896                             /usr/lib/jvm/java-7-openjdk-amd64/jre/bin/java
00600000-00601000 r--p 00000000 08:01 400896                             /usr/lib/jvm/java-7-openjdk-amd64/jre/bin/java
00601000-00602000 rw-p 00001000 08:01 400896                             /usr/lib/jvm/java-7-openjdk-amd64/jre/bin/java
02178000-025d7000 rw-p 00000000 00:00 0                                  [heap]
b7a00000-b8ec0000 rw-p 00000000 00:00 0 
b8ec0000-c2000000 rw-p 00000000 00:00 0 
c2000000-c4950000 rw-p 00000000 00:00 0 
c4950000-eb560000 rw-p 00000000 00:00 0 
eb560000-eca00000 rw-p 00000000 00:00 0 
eca00000-100000000 rw-p 00000000 00:00 0 
7fc16b01b000-7fc16b061000 r-xp 00000000 08:01 406696                     /usr/lib/x86_64-linux-gnu/liblcms2.so.2.0.2
7fc16b061000-7fc16b260000 ---p 00046000 08:01 406696                     /usr/lib/x86_64-linux-gnu/liblcms2.so.2.0.2
7fc16b260000-7fc16b261000 r--p 00045000 08:01 406696                     /usr/lib/x86_64-linux-gnu/liblcms2.so.2.0.2
7fc16b261000-7fc16b265000 rw-p 00046000 08:01 406696                     /usr/lib/x86_64-linux-gnu/liblcms2.so.2.0.2
7fc16b265000-7fc16b266000 rw-p 00000000 00:00 0 
7fc16b266000-7fc16b26a000 r-xp 00000000 08:01 398964                     /usr/lib/jvm/java-7-openjdk-amd64/jre/lib/amd64/libjavalcms.so
7fc16b26a000-7fc16b469000 ---p 00004000 08:01 398964                     /usr/lib/jvm/java-7-openjdk-amd64/jre/lib/amd64/libjavalcms.so
7fc16b469000-7fc16b46a000 r--p 00003000 08:01 398964                     /usr/lib/jvm/java-7-openjdk-amd64/jre/lib/amd64/libjavalcms.so
7fc16b46a000-7fc16b46b000 rw-p 00004000 08:01 398964                     /usr/lib/jvm/java-7-openjdk-amd64/jre/lib/amd64/libjavalcms.so
7fc16b46b000-7fc16b48f000 r-xp 00000000 08:01 406680                     /usr/lib/x86_64-linux-gnu/libjpeg.so.62.0.0
7fc16b48f000-7fc16b68e000 ---p 00024000 08:01 406680                     /usr/lib/x86_64-linux-gnu/libjpeg.so.62.0.0
7fc16b68e000-7fc16b68f000 r--p 00023000 08:01 406680                     /usr/lib/x86_64-linux-gnu/libjpeg.so.62.0.0
7fc16b68f000-7fc16b690000 rw-p 00024000 08:01 406680                     /usr/lib/x86_64-linux-gnu/libjpeg.so.62.0.0
7fc16b690000-7fc16b699000 r-xp 00000000 08:01 398665                     /usr/lib/jvm/java-7-openjdk-amd64/jre/lib/amd64/libjavajpeg.so
7fc16b699000-7fc16b898000 ---p 00009000 08:01 398665                     /usr/lib/jvm/java-7-openjdk-amd64/jre/lib/amd64/libjavajpeg.so
7fc16b898000-7fc16b899000 r--p 00008000 08:01 398665                     /usr/lib/jvm/java-7-openjdk-amd64/jre/lib/amd64/libjavajpeg.so
7fc16b899000-7fc16b89a000 rw-p 00009000 08:01 398665                     /usr/lib/jvm/java-7-openjdk-amd64/jre/lib/amd64/libjavajpeg.so
7fc16b89a000-7fc16b89d000 ---p 00000000 00:00 0 
7fc16b89d000-7fc16b99b000 rw-p 00000000 00:00 0 
7fc16b99b000-7fc16b9ab000 r-xp 00000000 08:01 399340                     /usr/lib/jvm/java-7-openjdk-amd64/jre/lib/amd64/libnio.so
7fc16b9ab000-7fc16bbaa000 ---p 00010000 08:01 399340                     /usr/lib/jvm/java-7-openjdk-amd64/jre/lib/amd64/libnio.so
7fc16bbaa000-7fc16bbab000 r--p 0000f000 08:01 399340                     /usr/lib/jvm/java-7-openjdk-amd64/jre/lib/amd64/libnio.so
7fc16bbab000-7fc16bbac000 rw-p 00010000 08:01 399340                     /usr/lib/jvm/java-7-openjdk-amd64/jre/lib/amd64/libnio.so
7fc16bbac000-7fc16bbc2000 r-xp 00000000 08:01 399248                     /usr/lib/jvm/java-7-openjdk-amd64/jre/lib/amd64/libnet.so
7fc16bbc2000-7fc16bdc1000 ---p 00016000 08:01 399248                     /usr/lib/jvm/java-7-openjdk-amd64/jre/lib/amd64/libnet.so
7fc16bdc1000-7fc16bdc2000 r--p 00015000 08:01 399248                     /usr/lib/jvm/java-7-openjdk-amd64/jre/lib/amd64/libnet.so
7fc16bdc2000-7fc16bdc3000 rw-p 00016000 08:01 399248                     /usr/lib/jvm/java-7-openjdk-amd64/jre/lib/amd64/libnet.so
7fc16bdc3000-7fc16bdfd000 r-xp 00000000 08:01 398142                     /usr/lib/jvm/java-7-openjdk-amd64/jre/lib/amd64/libfontmanager.so
7fc16bdfd000-7fc16bffd000 ---p 0003a000 08:01 398142                     /usr/lib/jvm/java-7-openjdk-amd64/jre/lib/amd64/libfontmanager.so
7fc16bffd000-7fc16bfff000 r--p 0003a000 08:01 398142                     /usr/lib/jvm/java-7-openjdk-amd64/jre/lib/amd64/libfontmanager.so
7fc16bfff000-7fc16c000000 rw-p 0003c000 08:01 398142                     /usr/lib/jvm/java-7-openjdk-amd64/jre/lib/amd64/libfontmanager.so
7fc16c000000-7fc16c23a000 rw-p 00000000 00:00 0 
7fc16c23a000-7fc170000000 ---p 00000000 00:00 0 
7fc1700de000-7fc1700e1000 ---p 00000000 00:00 0 
7fc1700e1000-7fc170210000 rw-p 00000000 00:00 0 
7fc170210000-7fc170213000 ---p 00000000 00:00 0 
7fc170213000-7fc170311000 rw-p 00000000 00:00 0 
7fc170311000-7fc170314000 ---p 00000000 00:00 0 
7fc170314000-7fc17032b000 rw-p 00000000 00:00 0 
7fc17032b000-7fc17032e000 ---p 00000000 00:00 0 
7fc17032e000-7fc17042c000 rw-p 00000000 00:00 0 
7fc17042c000-7fc17042f000 ---p 00000000 00:00 0 
7fc17042f000-7fc17052d000 rw-p 00000000 00:00 0 
7fc17052d000-7fc170530000 r-xp 00000000 08:01 139849                     /lib/x86_64-linux-gnu/libgpg-error.so.0.8.0
7fc170530000-7fc17072f000 ---p 00003000 08:01 139849                     /lib/x86_64-linux-gnu/libgpg-error.so.0.8.0
7fc17072f000-7fc170730000 r--p 00002000 08:01 139849                     /lib/x86_64-linux-gnu/libgpg-error.so.0.8.0
7fc170730000-7fc170731000 rw-p 00003000 08:01 139849                     /lib/x86_64-linux-gnu/libgpg-error.so.0.8.0
7fc170731000-7fc170733000 r-xp 00000000 08:01 139851                     /lib/x86_64-linux-gnu/libkeyutils.so.1.3
7fc170733000-7fc170932000 ---p 00002000 08:01 139851                     /lib/x86_64-linux-gnu/libkeyutils.so.1.3
7fc170932000-7fc170933000 r--p 00001000 08:01 139851                     /lib/x86_64-linux-gnu/libkeyutils.so.1.3
7fc170933000-7fc170934000 rw-p 00002000 08:01 139851                     /lib/x86_64-linux-gnu/libkeyutils.so.1.3
7fc170934000-7fc170976000 r-xp 00000000 08:01 135649                     /lib/x86_64-linux-gnu/libdbus-1.so.3.5.7
7fc170976000-7fc170b75000 ---p 00042000 08:01 135649                     /lib/x86_64-linux-gnu/libdbus-1.so.3.5.7
7fc170b75000-7fc170b76000 r--p 00041000 08:01 135649                     /lib/x86_64-linux-gnu/libdbus-1.so.3.5.7
7fc170b76000-7fc170b77000 rw-p 00042000 08:01 135649                     /lib/x86_64-linux-gnu/libdbus-1.so.3.5.7
7fc170b77000-7fc170bf1000 r-xp 00000000 08:01 139845                     /lib/x86_64-linux-gnu/libgcrypt.so.11.7.0
7fc170bf1000-7fc170df1000 ---p 0007a000 08:01 139845                     /lib/x86_64-linux-gnu/libgcrypt.so.11.7.0
7fc170df1000-7fc170df2000 r--p 0007a000 08:01 139845                     /lib/x86_64-linux-gnu/libgcrypt.so.11.7.0
7fc170df2000-7fc170df5000 rw-p 0007b000 08:01 139845                     /lib/x86_64-linux-gnu/libgcrypt.so.11.7.0
7fc170df5000-7fc170e05000 r-xp 00000000 08:01 406788                     /usr/lib/x86_64-linux-gnu/libtasn1.so.3.1.11
7fc170e05000-7fc171004000 ---p 00010000 08:01 406788                     /usr/lib/x86_64-linux-gnu/libtasn1.so.3.1.11
7fc171004000-7fc171005000 r--p 0000f000 08:01 406788                     /usr/lib/x86_64-linux-gnu/libtasn1.so.3.1.11
7fc171005000-7fc171006000 rw-p 00010000 08:01 406788                     /usr/lib/x86_64-linux-gnu/libtasn1.so.3.1.11
7fc171006000-7fc17100d000 r-xp 00000000 08:01 397002                     /usr/lib/x86_64-linux-gnu/libkrb5support.so.0.1
7fc17100d000-7fc17120c000 ---p 00007000 08:01 397002                     /usr/lib/x86_64-linux-gnu/libkrb5support.so.0.1
7fc17120c000-7fc17120d000 r--p 00006000 08:01 397002                     /usr/lib/x86_64-linux-gnu/libkrb5support.so.0.1
7fc17120d000-7fc17120e000 rw-p 00007000 08:01 397002                     /usr/lib/x86_64-linux-gnu/libkrb5support.so.0.1
7fc17120e000-7fc171211000 r-xp 00000000 08:01 139827                     /lib/x86_64-linux-gnu/libcom_err.so.2.1
7fc171211000-7fc171410000 ---p 00003000 08:01 139827                     /lib/x86_64-linux-gnu/libcom_err.so.2.1
7fc171410000-7fc171411000 r--p 00002000 08:01 139827                     /lib/x86_64-linux-gnu/libcom_err.so.2.1
7fc171411000-7fc171412000 rw-p 00003000 08:01 139827                     /lib/x86_64-linux-gnu/libcom_err.so.2.1
7fc171412000-7fc171438000 r-xp 00000000 08:01 394051                     /usr/lib/x86_64-linux-gnu/libk5crypto.so.3.1
7fc171438000-7fc171637000 ---p 00026000 08:01 394051                     /usr/lib/x86_64-linux-gnu/libk5crypto.so.3.1
7fc171637000-7fc171639000 r--p 00025000 08:01 394051                     /usr/lib/x86_64-linux-gnu/libk5crypto.so.3.1
7fc171639000-7fc17163a000 rw-p 00027000 08:01 394051                     /usr/lib/x86_64-linux-gnu/libk5crypto.so.3.1
7fc17163a000-7fc1716f9000 r-xp 00000000 08:01 397018                     /usr/lib/x86_64-linux-gnu/libkrb5.so.3.3
7fc1716f9000-7fc1718f9000 ---p 000bf000 08:01 397018                     /usr/lib/x86_64-linux-gnu/libkrb5.so.3.3
7fc1718f9000-7fc171902000 r--p 000bf000 08:01 397018                     /usr/lib/x86_64-linux-gnu/libkrb5.so.3.3
7fc171902000-7fc171903000 rw-p 000c8000 08:01 397018                     /usr/lib/x86_64-linux-gnu/libkrb5.so.3.3
7fc171903000-7fc17190a000 r-xp 00000000 08:01 406811                     /usr/lib/x86_64-linux-gnu/libxcb-render.so.0.0.0
7fc17190a000-7fc171b0a000 ---p 00007000 08:01 406811                     /usr/lib/x86_64-linux-gnu/libxcb-render.so.0.0.0
7fc171b0a000-7fc171b0b000 r--p 00007000 08:01 406811                     /usr/lib/x86_64-linux-gnu/libxcb-render.so.0.0.0
7fc171b0b000-7fc171b0c000 rw-p 00008000 08:01 406811                     /usr/lib/x86_64-linux-gnu/libxcb-render.so.0.0.0
7fc171b0c000-7fc171b0e000 r-xp 00000000 08:01 406815                     /usr/lib/x86_64-linux-gnu/libxcb-shm.so.0.0.0
7fc171b0e000-7fc171d0d000 ---p 00002000 08:01 406815                     /usr/lib/x86_64-linux-gnu/libxcb-shm.so.0.0.0
7fc171d0d000-7fc171d0e000 r--p 00001000 08:01 406815                     /usr/lib/x86_64-linux-gnu/libxcb-shm.so.0.0.0
7fc171d0e000-7fc171d0f000 rw-p 00002000 08:01 406815                     /usr/lib/x86_64-linux-gnu/libxcb-shm.so.0.0.0
7fc171d0f000-7fc171d35000 r-xp 00000000 08:01 139881                     /lib/x86_64-linux-gnu/libpng12.so.0.46.0
7fc171d35000-7fc171f34000 ---p 00026000 08:01 139881                     /lib/x86_64-linux-gnu/libpng12.so.0.46.0
7fc171f34000-7fc171f35000 r--p 00025000 08:01 139881                     /lib/x86_64-linux-gnu/libpng12.so.0.46.0
7fc171f35000-7fc171f36000 rw-p 00026000 08:01 139881                     /lib/x86_64-linux-gnu/libpng12.so.0.46.0
7fc171f36000-7fc171fa4000 r-xp 00000000 08:01 406743                     /usr/lib/x86_64-linux-gnu/libpixman-1.so.0.22.2
7fc171fa4000-7fc1721a4000 ---p 0006e000 08:01 406743                     /usr/lib/x86_64-linux-gnu/libpixman-1.so.0.22.2
7fc1721a4000-7fc1721a9000 r--p 0006e000 08:01 406743                     /usr/lib/x86_64-linux-gnu/libpixman-1.so.0.22.2
7fc1721a9000-7fc1721aa000 rw-p 00073000 08:01 406743                     /usr/lib/x86_64-linux-gnu/libpixman-1.so.0.22.2
7fc1721aa000-7fc1721af000 r-xp 00000000 08:01 406539                     /usr/lib/x86_64-linux-gnu/libXdmcp.so.6.0.0
7fc1721af000-7fc1723ae000 ---p 00005000 08:01 406539                     /usr/lib/x86_64-linux-gnu/libXdmcp.so.6.0.0
7fc1723ae000-7fc1723af000 r--p 00004000 08:01 406539                     /usr/lib/x86_64-linux-gnu/libXdmcp.so.6.0.0
7fc1723af000-7fc1723b0000 rw-p 00005000 08:01 406539                     /usr/lib/x86_64-linux-gnu/libXdmcp.so.6.0.0
7fc1723b0000-7fc1723b2000 r-xp 00000000 08:01 406531                     /usr/lib/x86_64-linux-gnu/libXau.so.6.0.0
7fc1723b2000-7fc1725b1000 ---p 00002000 08:01 406531                     /usr/lib/x86_64-linux-gnu/libXau.so.6.0.0
7fc1725b1000-7fc1725b2000 r--p 00001000 08:01 406531                     /usr/lib/x86_64-linux-gnu/libXau.so.6.0.0
7fc1725b2000-7fc1725b3000 rw-p 00002000 08:01 406531                     /usr/lib/x86_64-linux-gnu/libXau.so.6.0.0
7fc1725b3000-7fc1725c4000 r-xp 00000000 08:01 406571                     /usr/lib/x86_64-linux-gnu/libavahi-client.so.3.2.9
7fc1725c4000-7fc1727c4000 ---p 00011000 08:01 406571                     /usr/lib/x86_64-linux-gnu/libavahi-client.so.3.2.9
7fc1727c4000-7fc1727c5000 r--p 00011000 08:01 406571                     /usr/lib/x86_64-linux-gnu/libavahi-client.so.3.2.9
7fc1727c5000-7fc1727c6000 rw-p 00012000 08:01 406571                     /usr/lib/x86_64-linux-gnu/libavahi-client.so.3.2.9
7fc1727c6000-7fc1727d3000 r-xp 00000000 08:01 406573                     /usr/lib/x86_64-linux-gnu/libavahi-common.so.3.5.3
7fc1727d3000-7fc1729d2000 ---p 0000d000 08:01 406573                     /usr/lib/x86_64-linux-gnu/libavahi-common.so.3.5.3
7fc1729d2000-7fc1729d3000 r--p 0000c000 08:01 406573                     /usr/lib/x86_64-linux-gnu/libavahi-common.so.3.5.3
7fc1729d3000-7fc1729d4000 rw-p 0000d000 08:01 406573                     /usr/lib/x86_64-linux-gnu/libavahi-common.so.3.5.3
7fc1729d4000-7fc172a75000 r-xp 00000000 08:01 406657                     /usr/lib/x86_64-linux-gnu/libgnutls.so.26.16.14
7fc172a75000-7fc172c74000 ---p 000a1000 08:01 406657                     /usr/lib/x86_64-linux-gnu/libgnutls.so.26.16.14
7fc172c74000-7fc172c7b000 r--p 000a0000 08:01 406657                     /usr/lib/x86_64-linux-gnu/libgnutls.so.26.16.14
7fc172c7b000-7fc172c7c000 rw-p 000a7000 08:01 406657                     /usr/lib/x86_64-linux-gnu/libgnutls.so.26.16.14
7fc172c7c000-7fc172cb7000 r-xp 00000000 08:01 406685                     /usr/lib/x86_64-linux-gnu/libgssapi_krb5.so.2.2
7fc172cb7000-7fc172eb7000 ---p 0003b000 08:01 406685                     /usr/lib/x86_64-linux-gnu/libgssapi_krb5.so.2.2
7fc172eb7000-7fc172eb8000 r--p 0003b000 08:01 406685                     /usr/lib/x86_64-linux-gnu/libgssapi_krb5.so.2.2
7fc172eb8000-7fc172eba000 rw-p 0003c000 08:01 406685                     /usr/lib/x86_64-linux-gnu/libgssapi_krb5.so.2.2
7fc172eba000-7fc172ef5000 r-xp 00000000 08:01 139879                     /lib/x86_64-linux-gnu/libpcre.so.3.12.1
7fc172ef5000-7fc1730f4000 ---p 0003b000 08:01 139879                     /lib/x86_64-linux-gnu/libpcre.so.3.12.1
7fc1730f4000-7fc1730f5000 r--p 0003a000 08:01 139879                     /lib/x86_64-linux-gnu/libpcre.so.3.12.1
7fc1730f5000-7fc1730f6000 rw-p 0003b000 08:01 139879                     /lib/x86_64-linux-gnu/libpcre.so.3.12.1
7fc1730f6000-7fc1730fd000 r-xp 00000000 08:01 396800                     /usr/lib/x86_64-linux-gnu/libffi.so.6.0.0
7fc1730fd000-7fc1732fc000 ---p 00007000 08:01 396800                     /usr/lib/x86_64-linux-gnu/libffi.so.6.0.0
7fc1732fc000-7fc1732fd000 r--p 00006000 08:01 396800                     /usr/lib/x86_64-linux-gnu/libffi.so.6.0.0
7fc1732fd000-7fc1732fe000 rw-p 00007000 08:01 396800                     /usr/lib/x86_64-linux-gnu/libffi.so.6.0.0
7fc1732fe000-7fc173325000 r-xp 00000000 08:01 139838                     /lib/x86_64-linux-gnu/libexpat.so.1.5.2
7fc173325000-7fc173525000 ---p 00027000 08:01 139838                     /lib/x86_64-linux-gnu/libexpat.so.1.5.2
7fc173525000-7fc173527000 r--p 00027000 08:01 139838                     /lib/x86_64-linux-gnu/libexpat.so.1.5.2
7fc173527000-7fc173528000 rw-p 00029000 08:01 139838                     /lib/x86_64-linux-gnu/libexpat.so.1.5.2
7fc173528000-7fc1735ba000 r-xp 00000000 08:01 406632                     /usr/lib/x86_64-linux-gnu/libfreetype.so.6.6.2
7fc1735ba000-7fc1737b9000 ---p 00092000 08:01 406632                     /usr/lib/x86_64-linux-gnu/libfreetype.so.6.6.2
7fc1737b9000-7fc1737bf000 r--p 00091000 08:01 406632                     /usr/lib/x86_64-linux-gnu/libfreetype.so.6.6.2
7fc1737bf000-7fc1737c0000 rw-p 00097000 08:01 406632                     /usr/lib/x86_64-linux-gnu/libfreetype.so.6.6.2
7fc1737c0000-7fc1737d7000 r-xp 00000000 08:01 134597                     /lib/x86_64-linux-gnu/libresolv-2.13.so
7fc1737d7000-7fc1739d7000 ---p 00017000 08:01 134597                     /lib/x86_64-linux-gnu/libresolv-2.13.so
7fc1739d7000-7fc1739d8000 r--p 00017000 08:01 134597                     /lib/x86_64-linux-gnu/libresolv-2.13.so
7fc1739d8000-7fc1739d9000 rw-p 00018000 08:01 134597                     /lib/x86_64-linux-gnu/libresolv-2.13.so
7fc1739d9000-7fc1739db000 rw-p 00000000 00:00 0 
7fc1739db000-7fc1739f7000 r-xp 00000000 08:01 139888                     /lib/x86_64-linux-gnu/libselinux.so.1
7fc1739f7000-7fc173bf6000 ---p 0001c000 08:01 139888                     /lib/x86_64-linux-gnu/libselinux.so.1
7fc173bf6000-7fc173bf7000 r--p 0001b000 08:01 139888                     /lib/x86_64-linux-gnu/libselinux.so.1
7fc173bf7000-7fc173bf8000 rw-p 0001c000 08:01 139888                     /lib/x86_64-linux-gnu/libselinux.so.1
7fc173bf8000-7fc173bf9000 rw-p 00000000 00:00 0 
7fc173bf9000-7fc173bfb000 r-xp 00000000 08:01 406537                     /usr/lib/x86_64-linux-gnu/libXdamage.so.1.1.0
7fc173bfb000-7fc173dfa000 ---p 00002000 08:01 406537                     /usr/lib/x86_64-linux-gnu/libXdamage.so.1.1.0
7fc173dfa000-7fc173dfb000 r--p 00001000 08:01 406537                     /usr/lib/x86_64-linux-gnu/libXdamage.so.1.1.0
7fc173dfb000-7fc173dfc000 rw-p 00002000 08:01 406537                     /usr/lib/x86_64-linux-gnu/libXdamage.so.1.1.0
7fc173dfc000-7fc173dfe000 r-xp 00000000 08:01 406533                     /usr/lib/x86_64-linux-gnu/libXcomposite.so.1.0.0
7fc173dfe000-7fc173ffd000 ---p 00002000 08:01 406533                     /usr/lib/x86_64-linux-gnu/libXcomposite.so.1.0.0
7fc173ffd000-7fc173ffe000 r--p 00001000 08:01 406533                     /usr/lib/x86_64-linux-gnu/libXcomposite.so.1.0.0
7fc173ffe000-7fc173fff000 rw-p 00002000 08:01 406533                     /usr/lib/x86_64-linux-gnu/libXcomposite.so.1.0.0
7fc173fff000-7fc174008000 r-xp 00000000 08:01 406535                     /usr/lib/x86_64-linux-gnu/libXcursor.so.1.0.2
7fc174008000-7fc174207000 ---p 00009000 08:01 406535                     /usr/lib/x86_64-linux-gnu/libXcursor.so.1.0.2
7fc174207000-7fc174208000 r--p 00008000 08:01 406535                     /usr/lib/x86_64-linux-gnu/libXcursor.so.1.0.2
7fc174208000-7fc174209000 rw-p 00009000 08:01 406535                     /usr/lib/x86_64-linux-gnu/libXcursor.so.1.0.2
7fc174209000-7fc174211000 r-xp 00000000 08:01 406551                     /usr/lib/x86_64-linux-gnu/libXrandr.so.2.2.0
7fc174211000-7fc174410000 ---p 00008000 08:01 406551                     /usr/lib/x86_64-linux-gnu/libXrandr.so.2.2.0
7fc174410000-7fc174411000 r--p 00007000 08:01 406551                     /usr/lib/x86_64-linux-gnu/libXrandr.so.2.2.0
7fc174411000-7fc174412000 rw-p 00008000 08:01 406551                     /usr/lib/x86_64-linux-gnu/libXrandr.so.2.2.0
7fc174412000-7fc174414000 r-xp 00000000 08:01 406549                     /usr/lib/x86_64-linux-gnu/libXinerama.so.1.0.0
7fc174414000-7fc174613000 ---p 00002000 08:01 406549                     /usr/lib/x86_64-linux-gnu/libXinerama.so.1.0.0
7fc174613000-7fc174614000 r--p 00001000 08:01 406549                     /usr/lib/x86_64-linux-gnu/libXinerama.so.1.0.0
7fc174614000-7fc174615000 rw-p 00002000 08:01 406549                     /usr/lib/x86_64-linux-gnu/libXinerama.so.1.0.0
7fc174615000-7fc174618000 r-xp 00000000 08:01 395217                     /usr/lib/x86_64-linux-gnu/libgmodule-2.0.so.0.3000.0
7fc174618000-7fc174817000 ---p 00003000 08:01 395217                     /usr/lib/x86_64-linux-gnu/libgmodule-2.0.so.0.3000.0
7fc174817000-7fc174818000 r--p 00002000 08:01 395217                     /usr/lib/x86_64-linux-gnu/libgmodule-2.0.so.0.3000.0
7fc174818000-7fc174819000 rw-p 00003000 08:01 395217                     /usr/lib/x86_64-linux-gnu/libgmodule-2.0.so.0.3000.0
7fc174819000-7fc174843000 r-xp 00000000 08:01 397305                     /usr/lib/x86_64-linux-gnu/libpangoft2-1.0.so.0.2903.0
7fc174843000-7fc174a42000 ---p 0002a000 08:01 397305                     /usr/lib/x86_64-linux-gnu/libpangoft2-1.0.so.0.2903.0
7fc174a42000-7fc174a43000 r--p 00029000 08:01 397305                     /usr/lib/x86_64-linux-gnu/libpangoft2-1.0.so.0.2903.0
7fc174a43000-7fc174a44000 rw-p 0002a000 08:01 397305                     /usr/lib/x86_64-linux-gnu/libpangoft2-1.0.so.0.2903.0
7fc174a44000-7fc174afd000 r-xp 00000000 08:01 406593                     /usr/lib/x86_64-linux-gnu/libcairo.so.2.11000.2
7fc174afd000-7fc174cfc000 ---p 000b9000 08:01 406593                     /usr/lib/x86_64-linux-gnu/libcairo.so.2.11000.2
7fc174cfc000-7fc174cfe000 r--p 000b8000 08:01 406593                     /usr/lib/x86_64-linux-gnu/libcairo.so.2.11000.2
7fc174cfe000-7fc174cff000 rw-p 000ba000 08:01 406593                     /usr/lib/x86_64-linux-gnu/libcairo.so.2.11000.2
7fc174cff000-7fc174d02000 rw-p 00000000 00:00 0 
7fc174d02000-7fc174d21000 r-xp 00000000 08:01 394856                     /usr/lib/x86_64-linux-gnu/libatk-1.0.so.0.20209.1
7fc174d21000-7fc174f21000 ---p 0001f000 08:01 394856                     /usr/lib/x86_64-linux-gnu/libatk-1.0.so.0.20209.1
7fc174f21000-7fc174f23000 r--p 0001f000 08:01 394856                     /usr/lib/x86_64-linux-gnu/libatk-1.0.so.0.20209.1
7fc174f23000-7fc174f24000 rw-p 00021000 08:01 394856                     /usr/lib/x86_64-linux-gnu/libatk-1.0.so.0.20209.1
7fc174f24000-7fc174f29000 r-xp 00000000 08:01 406543                     /usr/lib/x86_64-linux-gnu/libXfixes.so.3.1.0
7fc174f29000-7fc175128000 ---p 00005000 08:01 406543                     /usr/lib/x86_64-linux-gnu/libXfixes.so.3.1.0
7fc175128000-7fc175129000 r--p 00004000 08:01 406543                     /usr/lib/x86_64-linux-gnu/libXfixes.so.3.1.0
7fc175129000-7fc17512a000 rw-p 00005000 08:01 406543                     /usr/lib/x86_64-linux-gnu/libXfixes.so.3.1.0
7fc17512a000-7fc175135000 r-xp 00000000 08:01 397309                     /usr/lib/x86_64-linux-gnu/libpangocairo-1.0.so.0.2903.0
7fc175135000-7fc175335000 ---p 0000b000 08:01 397309                     /usr/lib/x86_64-linux-gnu/libpangocairo-1.0.so.0.2903.0
7fc175335000-7fc175336000 r--p 0000b000 08:01 397309                     /usr/lib/x86_64-linux-gnu/libpangocairo-1.0.so.0.2903.0
7fc175336000-7fc175337000 rw-p 0000c000 08:01 397309                     /usr/lib/x86_64-linux-gnu/libpangocairo-1.0.so.0.2903.0
7fc175337000-7fc175352000 r-xp 00000000 08:01 406817                     /usr/lib/x86_64-linux-gnu/libxcb.so.1.1.0
7fc175352000-7fc175551000 ---p 0001b000 08:01 406817                     /usr/lib/x86_64-linux-gnu/libxcb.so.1.1.0
7fc175551000-7fc175552000 r--p 0001a000 08:01 406817                     /usr/lib/x86_64-linux-gnu/libxcb.so.1.1.0
7fc175552000-7fc175553000 rw-p 0001b000 08:01 406817                     /usr/lib/x86_64-linux-gnu/libxcb.so.1.1.0
7fc175553000-7fc1755a1000 r-xp 00000000 08:01 400264                     /usr/lib/x86_64-linux-gnu/libcups.so.2
7fc1755a1000-7fc1757a1000 ---p 0004e000 08:01 400264                     /usr/lib/x86_64-linux-gnu/libcups.so.2
7fc1757a1000-7fc1757a5000 r--p 0004e000 08:01 400264                     /usr/lib/x86_64-linux-gnu/libcups.so.2
7fc1757a5000-7fc1757a6000 rw-p 00052000 08:01 400264                     /usr/lib/x86_64-linux-gnu/libcups.so.2
7fc1757a6000-7fc17589a000 r-xp 00000000 08:01 134283                     /lib/x86_64-linux-gnu/libglib-2.0.so.0.3000.0
7fc17589a000-7fc175a99000 ---p 000f4000 08:01 134283                     /lib/x86_64-linux-gnu/libglib-2.0.so.0.3000.0
7fc175a99000-7fc175a9a000 r--p 000f3000 08:01 134283                     /lib/x86_64-linux-gnu/libglib-2.0.so.0.3000.0
7fc175a9a000-7fc175a9b000 rw-p 000f4000 08:01 134283                     /lib/x86_64-linux-gnu/libglib-2.0.so.0.3000.0
7fc175a9b000-7fc175a9c000 rw-p 00000000 00:00 0 
7fc175a9c000-7fc175aa0000 r-xp 00000000 08:01 394708                     /usr/lib/x86_64-linux-gnu/libgthread-2.0.so.0.3000.0
7fc175aa0000-7fc175c9f000 ---p 00004000 08:01 394708                     /usr/lib/x86_64-linux-gnu/libgthread-2.0.so.0.3000.0
7fc175c9f000-7fc175ca0000 r--p 00003000 08:01 394708                     /usr/lib/x86_64-linux-gnu/libgthread-2.0.so.0.3000.0
7fc175ca0000-7fc175ca1000 rw-p 00004000 08:01 394708                     /usr/lib/x86_64-linux-gnu/libgthread-2.0.so.0.3000.0
7fc175ca1000-7fc175cef000 r-xp 00000000 08:01 394707                     /usr/lib/x86_64-linux-gnu/libgobject-2.0.so.0.3000.0
7fc175cef000-7fc175eef000 ---p 0004e000 08:01 394707                     /usr/lib/x86_64-linux-gnu/libgobject-2.0.so.0.3000.0
7fc175eef000-7fc175ef0000 r--p 0004e000 08:01 394707                     /usr/lib/x86_64-linux-gnu/libgobject-2.0.so.0.3000.0
7fc175ef0000-7fc175ef1000 rw-p 0004f000 08:01 394707                     /usr/lib/x86_64-linux-gnu/libgobject-2.0.so.0.3000.0
7fc175ef1000-7fc175ef2000 rw-p 00000000 00:00 0 
7fc175ef2000-7fc175f26000 r-xp 00000000 08:01 406630                     /usr/lib/x86_64-linux-gnu/libfontconfig.so.1.4.4
7fc175f26000-7fc176126000 ---p 00034000 08:01 406630                     /usr/lib/x86_64-linux-gnu/libfontconfig.so.1.4.4
7fc176126000-7fc176127000 r--p 00034000 08:01 406630                     /usr/lib/x86_64-linux-gnu/libfontconfig.so.1.4.4
7fc176127000-7fc176128000 rw-p 00035000 08:01 406630                     /usr/lib/x86_64-linux-gnu/libfontconfig.so.1.4.4
7fc176128000-7fc17616f000 r-xp 00000000 08:01 397304                     /usr/lib/x86_64-linux-gnu/libpango-1.0.so.0.2903.0
7fc17616f000-7fc17636f000 ---p 00047000 08:01 397304                     /usr/lib/x86_64-linux-gnu/libpango-1.0.so.0.2903.0
7fc17636f000-7fc176371000 r--p 00047000 08:01 397304                     /usr/lib/x86_64-linux-gnu/libpango-1.0.so.0.2903.0
7fc176371000-7fc176372000 rw-p 00049000 08:01 397304                     /usr/lib/x86_64-linux-gnu/libpango-1.0.so.0.2903.0
7fc176372000-7fc176390000 r-xp 00000000 08:01 394128                     /usr/lib/x86_64-linux-gnu/libgdk_pixbuf-2.0.so.0.2400.0
7fc176390000-7fc17658f000 ---p 0001e000 08:01 394128                     /usr/lib/x86_64-linux-gnu/libgdk_pixbuf-2.0.so.0.2400.0
7fc17658f000-7fc176590000 r--p 0001d000 08:01 394128                     /usr/lib/x86_64-linux-gnu/libgdk_pixbuf-2.0.so.0.2400.0
7fc176590000-7fc176591000 rw-p 0001e000 08:01 394128                     /usr/lib/x86_64-linux-gnu/libgdk_pixbuf-2.0.so.0.2400.0
7fc176591000-7fc1766cc000 r-xp 00000000 08:01 394685                     /usr/lib/x86_64-linux-gnu/libgio-2.0.so.0.3000.0
7fc1766cc000-7fc1768cb000 ---p 0013b000 08:01 394685                     /usr/lib/x86_64-linux-gnu/libgio-2.0.so.0.3000.0
7fc1768cb000-7fc1768cf000 r--p 0013a000 08:01 394685                     /usr/lib/x86_64-linux-gnu/libgio-2.0.so.0.3000.0
7fc1768cf000-7fc1768d1000 rw-p 0013e000 08:01 394685                     /usr/lib/x86_64-linux-gnu/libgio-2.0.so.0.3000.0
7fc1768d1000-7fc1768d3000 rw-p 00000000 00:00 0 
7fc1768d3000-7fc176980000 r-xp 00000000 08:01 397253                     /usr/lib/x86_64-linux-gnu/libgdk-x11-2.0.so.0.2400.6
7fc176980000-7fc176b7f000 ---p 000ad000 08:01 397253                     /usr/lib/x86_64-linux-gnu/libgdk-x11-2.0.so.0.2400.6
7fc176b7f000-7fc176b83000 r--p 000ac000 08:01 397253                     /usr/lib/x86_64-linux-gnu/libgdk-x11-2.0.so.0.2400.6
7fc176b83000-7fc176b85000 rw-p 000b0000 08:01 397253                     /usr/lib/x86_64-linux-gnu/libgdk-x11-2.0.so.0.2400.6
7fc176b85000-7fc176fb4000 r-xp 00000000 08:01 397246                     /usr/lib/x86_64-linux-gnu/libgtk-x11-2.0.so.0.2400.6
7fc176fb4000-7fc1771b4000 ---p 0042f000 08:01 397246                     /usr/lib/x86_64-linux-gnu/libgtk-x11-2.0.so.0.2400.6
7fc1771b4000-7fc1771bb000 r--p 0042f000 08:01 397246                     /usr/lib/x86_64-linux-gnu/libgtk-x11-2.0.so.0.2400.6
7fc1771bb000-7fc1771bf000 rw-p 00436000 08:01 397246                     /usr/lib/x86_64-linux-gnu/libgtk-x11-2.0.so.0.2400.6
7fc1771bf000-7fc1771c1000 rw-p 00000000 00:00 0 
7fc1771c1000-7fc1771d0000 r-xp 00000000 08:01 406547                     /usr/lib/x86_64-linux-gnu/libXi.so.6.1.0
7fc1771d0000-7fc1773cf000 ---p 0000f000 08:01 406547                     /usr/lib/x86_64-linux-gnu/libXi.so.6.1.0
7fc1773cf000-7fc1773d0000 r--p 0000e000 08:01 406547                     /usr/lib/x86_64-linux-gnu/libXi.so.6.1.0
7fc1773d0000-7fc1773d1000 rw-p 0000f000 08:01 406547                     /usr/lib/x86_64-linux-gnu/libXi.so.6.1.0
7fc1773d1000-7fc1773d6000 r-xp 00000000 08:01 398564                     /usr/lib/libXtst.so.6.1.0
7fc1773d6000-7fc1775d5000 ---p 00005000 08:01 398564                     /usr/lib/libXtst.so.6.1.0
7fc1775d5000-7fc1775d6000 r--p 00004000 08:01 398564                     /usr/lib/libXtst.so.6.1.0
7fc1775d6000-7fc1775d7000 rw-p 00005000 08:01 398564                     /usr/lib/libXtst.so.6.1.0
7fc1775d7000-7fc1775e0000 r-xp 00000000 08:01 406553                     /usr/lib/x86_64-linux-gnu/libXrender.so.1.3.0
7fc1775e0000-7fc1777e0000 ---p 00009000 08:01 406553                     /usr/lib/x86_64-linux-gnu/libXrender.so.1.3.0
7fc1777e0000-7fc1777e1000 r--p 00009000 08:01 406553                     /usr/lib/x86_64-linux-gnu/libXrender.so.1.3.0
7fc1777e1000-7fc1777e2000 rw-p 0000a000 08:01 406553                     /usr/lib/x86_64-linux-gnu/libXrender.so.1.3.0
7fc1777e2000-7fc177915000 r-xp 00000000 08:01 406471                     /usr/lib/x86_64-linux-gnu/libX11.so.6.3.0
7fc177915000-7fc177b15000 ---p 00133000 08:01 406471                     /usr/lib/x86_64-linux-gnu/libX11.so.6.3.0
7fc177b15000-7fc177b16000 r--p 00133000 08:01 406471                     /usr/lib/x86_64-linux-gnu/libX11.so.6.3.0
7fc177b16000-7fc177b1a000 rw-p 00134000 08:01 406471                     /usr/lib/x86_64-linux-gnu/libX11.so.6.3.0
7fc177b1a000-7fc177b2c000 r-xp 00000000 08:01 406541                     /usr/lib/x86_64-linux-gnu/libXext.so.6.4.0
7fc177b2c000-7fc177d2b000 ---p 00012000 08:01 406541                     /usr/lib/x86_64-linux-gnu/libXext.so.6.4.0
7fc177d2b000-7fc177d2c000 r--p 00011000 08:01 406541                     /usr/lib/x86_64-linux-gnu/libXext.so.6.4.0
7fc177d2c000-7fc177d2d000 rw-p 00012000 08:01 406541                     /usr/lib/x86_64-linux-gnu/libXext.so.6.4.0
7fc177d2d000-7fc177d50000 r--p 00000000 08:01 675061                     /usr/share/locale-langpack/fr/LC_MESSAGES/libc.mo
7fc177d50000-7fc177da2000 r-xp 00000000 08:01 401973                     /usr/lib/jvm/java-7-openjdk-amd64/jre/lib/amd64/xawt/libmawt.so
7fc177da2000-7fc177fa2000 ---p 00052000 08:01 401973                     /usr/lib/jvm/java-7-openjdk-amd64/jre/lib/amd64/xawt/libmawt.so
7fc177fa2000-7fc177fa3000 r--p 00052000 08:01 401973                     /usr/lib/jvm/java-7-openjdk-amd64/jre/lib/amd64/xawt/libmawt.so
7fc177fa3000-7fc177fa6000 rw-p 00053000 08:01 401973                     /usr/lib/jvm/java-7-openjdk-amd64/jre/lib/amd64/xawt/libmawt.so
7fc177fa6000-7fc177fa7000 rw-p 00000000 00:00 0 
7fc177fa7000-7fc178049000 r-xp 00000000 08:01 398111                     /usr/lib/jvm/java-7-openjdk-amd64/jre/lib/amd64/libawt.so
7fc178049000-7fc178248000 ---p 000a2000 08:01 398111                     /usr/lib/jvm/java-7-openjdk-amd64/jre/lib/amd64/libawt.so
7fc178248000-7fc178249000 r--p 000a1000 08:01 398111                     /usr/lib/jvm/java-7-openjdk-amd64/jre/lib/amd64/libawt.so
7fc178249000-7fc178254000 rw-p 000a2000 08:01 398111                     /usr/lib/jvm/java-7-openjdk-amd64/jre/lib/amd64/libawt.so
7fc178254000-7fc178279000 rw-p 00000000 00:00 0 
7fc178279000-7fc17827a000 ---p 00000000 00:00 0 
7fc17827a000-7fc17837a000 rw-p 00000000 00:00 0 
7fc17837a000-7fc17837d000 ---p 00000000 00:00 0 
7fc17837d000-7fc17847b000 rw-p 00000000 00:00 0 
7fc17847b000-7fc17847e000 ---p 00000000 00:00 0 
7fc17847e000-7fc17857c000 rw-p 00000000 00:00 0 
7fc17857c000-7fc17857f000 ---p 00000000 00:00 0 
7fc17857f000-7fc17867d000 rw-p 00000000 00:00 0 
7fc17867d000-7fc178680000 ---p 00000000 00:00 0 
7fc178680000-7fc17877e000 rw-p 00000000 00:00 0 
7fc17877e000-7fc178e6b000 r--p 00000000 08:01 403488                     /usr/lib/locale/locale-archive
7fc178e6b000-7fc178e6e000 ---p 00000000 00:00 0 
7fc178e6e000-7fc178f6c000 rw-p 00000000 00:00 0 
7fc178f6c000-7fc178f6f000 ---p 00000000 00:00 0 
7fc178f6f000-7fc17906d000 rw-p 00000000 00:00 0 
7fc17906d000-7fc17906e000 ---p 00000000 00:00 0 
7fc17906e000-7fc1794dd000 rw-p 00000000 00:00 0 
7fc1794dd000-7fc17968b000 r--s 03e76000 08:01 396788                     /usr/lib/jvm/java-7-openjdk-amd64/jre/lib/rt.jar
7fc17968b000-7fc1796b3000 rw-p 00000000 00:00 0 
7fc1796b3000-7fc1796b4000 ---p 00000000 00:00 0 
7fc1796b4000-7fc1797b4000 rw-p 00000000 00:00 0 
7fc1797b4000-7fc1797b5000 ---p 00000000 00:00 0 
7fc1797b5000-7fc1798c0000 rw-p 00000000 00:00 0 
7fc1798c0000-7fc179908000 rw-p 00000000 00:00 0 
7fc179908000-7fc17991d000 rw-p 00000000 00:00 0 
7fc17991d000-7fc179a53000 rw-p 00000000 00:00 0 
7fc179a53000-7fc179a5e000 rw-p 00000000 00:00 0 
7fc179a5e000-7fc179aa6000 rw-p 00000000 00:00 0 
7fc179aa6000-7fc179abb000 rw-p 00000000 00:00 0 
7fc179abb000-7fc179bf0000 rw-p 00000000 00:00 0 
7fc179bf0000-7fc179bfb000 rw-p 00000000 00:00 0 
7fc179bfb000-7fc179c96000 rw-p 00000000 00:00 0 
7fc179c96000-7fc179c97000 rw-p 00000000 00:00 0 
7fc179c97000-7fc179f07000 rwxp 00000000 00:00 0 
7fc179f07000-7fc17cc97000 rw-p 00000000 00:00 0 
7fc17cc97000-7fc17cc9f000 r-xp 00000000 08:01 399895                     /usr/lib/jvm/java-7-openjdk-amd64/jre/lib/amd64/libzip.so
7fc17cc9f000-7fc17ce9e000 ---p 00008000 08:01 399895                     /usr/lib/jvm/java-7-openjdk-amd64/jre/lib/amd64/libzip.so
7fc17ce9e000-7fc17ce9f000 r--p 00007000 08:01 399895                     /usr/lib/jvm/java-7-openjdk-amd64/jre/lib/amd64/libzip.so
7fc17ce9f000-7fc17cea0000 rw-p 00008000 08:01 399895                     /usr/lib/jvm/java-7-openjdk-amd64/jre/lib/amd64/libzip.so
7fc17cea0000-7fc17ceac000 r-xp 00000000 08:01 134596                     /lib/x86_64-linux-gnu/libnss_files-2.13.so
7fc17ceac000-7fc17d0ab000 ---p 0000c000 08:01 134596                     /lib/x86_64-linux-gnu/libnss_files-2.13.so
7fc17d0ab000-7fc17d0ac000 r--p 0000b000 08:01 134596                     /lib/x86_64-linux-gnu/libnss_files-2.13.so
7fc17d0ac000-7fc17d0ad000 rw-p 0000c000 08:01 134596                     /lib/x86_64-linux-gnu/libnss_files-2.13.so
7fc17d0ad000-7fc17d0b7000 r-xp 00000000 08:01 134607                     /lib/x86_64-linux-gnu/libnss_nis-2.13.so
7fc17d0b7000-7fc17d2b7000 ---p 0000a000 08:01 134607                     /lib/x86_64-linux-gnu/libnss_nis-2.13.so
7fc17d2b7000-7fc17d2b8000 r--p 0000a000 08:01 134607                     /lib/x86_64-linux-gnu/libnss_nis-2.13.so
7fc17d2b8000-7fc17d2b9000 rw-p 0000b000 08:01 134607                     /lib/x86_64-linux-gnu/libnss_nis-2.13.so
7fc17d2b9000-7fc17d2d0000 r-xp 00000000 08:01 134591                     /lib/x86_64-linux-gnu/libnsl-2.13.so
7fc17d2d0000-7fc17d4cf000 ---p 00017000 08:01 134591                     /lib/x86_64-linux-gnu/libnsl-2.13.so
7fc17d4cf000-7fc17d4d0000 r--p 00016000 08:01 134591                     /lib/x86_64-linux-gnu/libnsl-2.13.so
7fc17d4d0000-7fc17d4d1000 rw-p 00017000 08:01 134591                     /lib/x86_64-linux-gnu/libnsl-2.13.so
7fc17d4d1000-7fc17d4d3000 rw-p 00000000 00:00 0 
7fc17d4d3000-7fc17d4db000 r-xp 00000000 08:01 134588                     /lib/x86_64-linux-gnu/libnss_compat-2.13.so
7fc17d4db000-7fc17d6da000 ---p 00008000 08:01 134588                     /lib/x86_64-linux-gnu/libnss_compat-2.13.so
7fc17d6da000-7fc17d6db000 r--p 00007000 08:01 134588                     /lib/x86_64-linux-gnu/libnss_compat-2.13.so
7fc17d6db000-7fc17d6dc000 rw-p 00008000 08:01 134588                     /lib/x86_64-linux-gnu/libnss_compat-2.13.so
7fc17d6dc000-7fc17d705000 r-xp 00000000 08:01 398578                     /usr/lib/jvm/java-7-openjdk-amd64/jre/lib/amd64/libjava.so
7fc17d705000-7fc17d904000 ---p 00029000 08:01 398578                     /usr/lib/jvm/java-7-openjdk-amd64/jre/lib/amd64/libjava.so
7fc17d904000-7fc17d905000 r--p 00028000 08:01 398578                     /usr/lib/jvm/java-7-openjdk-amd64/jre/lib/amd64/libjava.so
7fc17d905000-7fc17d907000 rw-p 00029000 08:01 398578                     /usr/lib/jvm/java-7-openjdk-amd64/jre/lib/amd64/libjava.so
7fc17d907000-7fc17d915000 r-xp 00000000 08:01 399894                     /usr/lib/jvm/java-7-openjdk-amd64/jre/lib/amd64/libverify.so
7fc17d915000-7fc17db14000 ---p 0000e000 08:01 399894                     /usr/lib/jvm/java-7-openjdk-amd64/jre/lib/amd64/libverify.so
7fc17db14000-7fc17db16000 r--p 0000d000 08:01 399894                     /usr/lib/jvm/java-7-openjdk-amd64/jre/lib/amd64/libverify.so
7fc17db16000-7fc17db17000 rw-p 0000f000 08:01 399894                     /usr/lib/jvm/java-7-openjdk-amd64/jre/lib/amd64/libverify.so
7fc17db17000-7fc17db1e000 r-xp 00000000 08:01 134577                     /lib/x86_64-linux-gnu/librt-2.13.so
7fc17db1e000-7fc17dd1d000 ---p 00007000 08:01 134577                     /lib/x86_64-linux-gnu/librt-2.13.so
7fc17dd1d000-7fc17dd1e000 r--p 00006000 08:01 134577                     /lib/x86_64-linux-gnu/librt-2.13.so
7fc17dd1e000-7fc17dd1f000 rw-p 00007000 08:01 134577                     /lib/x86_64-linux-gnu/librt-2.13.so
7fc17dd1f000-7fc17dd34000 r-xp 00000000 08:01 131748                     /lib/x86_64-linux-gnu/libgcc_s.so.1
7fc17dd34000-7fc17df33000 ---p 00015000 08:01 131748                     /lib/x86_64-linux-gnu/libgcc_s.so.1
7fc17df33000-7fc17df34000 r--p 00014000 08:01 131748                     /lib/x86_64-linux-gnu/libgcc_s.so.1
7fc17df34000-7fc17df35000 rw-p 00015000 08:01 131748                     /lib/x86_64-linux-gnu/libgcc_s.so.1
7fc17df35000-7fc17dfb8000 r-xp 00000000 08:01 134673                     /lib/x86_64-linux-gnu/libm-2.13.so
7fc17dfb8000-7fc17e1b7000 ---p 00083000 08:01 134673                     /lib/x86_64-linux-gnu/libm-2.13.so
7fc17e1b7000-7fc17e1b8000 r--p 00082000 08:01 134673                     /lib/x86_64-linux-gnu/libm-2.13.so
7fc17e1b8000-7fc17e1b9000 rw-p 00083000 08:01 134673                     /lib/x86_64-linux-gnu/libm-2.13.so
7fc17e1b9000-7fc17e2a1000 r-xp 00000000 08:01 398097                     /usr/lib/x86_64-linux-gnu/libstdc++.so.6.0.16
7fc17e2a1000-7fc17e4a1000 ---p 000e8000 08:01 398097                     /usr/lib/x86_64-linux-gnu/libstdc++.so.6.0.16
7fc17e4a1000-7fc17e4a9000 r--p 000e8000 08:01 398097                     /usr/lib/x86_64-linux-gnu/libstdc++.so.6.0.16
7fc17e4a9000-7fc17e4ab000 rw-p 000f0000 08:01 398097                     /usr/lib/x86_64-linux-gnu/libstdc++.so.6.0.16
7fc17e4ab000-7fc17e4c0000 rw-p 00000000 00:00 0 
7fc17e4c0000-7fc17ee47000 r-xp 00000000 08:01 399897                     /usr/lib/jvm/java-7-openjdk-amd64/jre/lib/amd64/server/libjvm.so
7fc17ee47000-7fc17f046000 ---p 00987000 08:01 399897                     /usr/lib/jvm/java-7-openjdk-amd64/jre/lib/amd64/server/libjvm.so
7fc17f046000-7fc17f0c4000 r--p 00986000 08:01 399897                     /usr/lib/jvm/java-7-openjdk-amd64/jre/lib/amd64/server/libjvm.so
7fc17f0c4000-7fc17f0df000 rw-p 00a04000 08:01 399897                     /usr/lib/jvm/java-7-openjdk-amd64/jre/lib/amd64/server/libjvm.so
7fc17f0df000-7fc17f10a000 rw-p 00000000 00:00 0 
7fc17f10a000-7fc17f122000 r-xp 00000000 08:01 134606                     /lib/x86_64-linux-gnu/libpthread-2.13.so
7fc17f122000-7fc17f321000 ---p 00018000 08:01 134606                     /lib/x86_64-linux-gnu/libpthread-2.13.so
7fc17f321000-7fc17f322000 r--p 00017000 08:01 134606                     /lib/x86_64-linux-gnu/libpthread-2.13.so
7fc17f322000-7fc17f323000 rw-p 00018000 08:01 134606                     /lib/x86_64-linux-gnu/libpthread-2.13.so
7fc17f323000-7fc17f327000 rw-p 00000000 00:00 0 
7fc17f327000-7fc17f33e000 r-xp 00000000 08:01 139905                     /lib/x86_64-linux-gnu/libz.so.1.2.3.4
7fc17f33e000-7fc17f53d000 ---p 00017000 08:01 139905                     /lib/x86_64-linux-gnu/libz.so.1.2.3.4
7fc17f53d000-7fc17f53e000 r--p 00016000 08:01 139905                     /lib/x86_64-linux-gnu/libz.so.1.2.3.4
7fc17f53e000-7fc17f53f000 rw-p 00017000 08:01 139905                     /lib/x86_64-linux-gnu/libz.so.1.2.3.4
7fc17f53f000-7fc17f541000 r-xp 00000000 08:01 134594                     /lib/x86_64-linux-gnu/libdl-2.13.so
7fc17f541000-7fc17f741000 ---p 00002000 08:01 134594                     /lib/x86_64-linux-gnu/libdl-2.13.so
7fc17f741000-7fc17f742000 r--p 00002000 08:01 134594                     /lib/x86_64-linux-gnu/libdl-2.13.so
7fc17f742000-7fc17f743000 rw-p 00003000 08:01 134594                     /lib/x86_64-linux-gnu/libdl-2.13.so
7fc17f743000-7fc17f8d8000 r-xp 00000000 08:01 134593                     /lib/x86_64-linux-gnu/libc-2.13.so
7fc17f8d8000-7fc17fad7000 ---p 00195000 08:01 134593                     /lib/x86_64-linux-gnu/libc-2.13.so
7fc17fad7000-7fc17fadb000 r--p 00194000 08:01 134593                     /lib/x86_64-linux-gnu/libc-2.13.so
7fc17fadb000-7fc17fadc000 rw-p 00198000 08:01 134593                     /lib/x86_64-linux-gnu/libc-2.13.so
7fc17fadc000-7fc17fae2000 rw-p 00000000 00:00 0 
7fc17fae2000-7fc17faee000 r-xp 00000000 08:01 397479                     /usr/lib/jvm/java-7-openjdk-amd64/jre/lib/amd64/jli/libjli.so
7fc17faee000-7fc17fced000 ---p 0000c000 08:01 397479                     /usr/lib/jvm/java-7-openjdk-amd64/jre/lib/amd64/jli/libjli.so
7fc17fced000-7fc17fcee000 r--p 0000b000 08:01 397479                     /usr/lib/jvm/java-7-openjdk-amd64/jre/lib/amd64/jli/libjli.so
7fc17fcee000-7fc17fcef000 rw-p 0000c000 08:01 397479                     /usr/lib/jvm/java-7-openjdk-amd64/jre/lib/amd64/jli/libjli.so
7fc17fcef000-7fc17fd10000 r-xp 00000000 08:01 134600                     /lib/x86_64-linux-gnu/ld-2.13.so
7fc17fd10000-7fc17fd14000 r--s 0009f000 08:01 396465                     /usr/lib/jvm/java-7-openjdk-common/jre/lib/jsse.jar
7fc17fd14000-7fc17fd1d000 r--s 00263000 08:01 396683                     /usr/lib/jvm/java-7-openjdk-common/jre/lib/resources.jar
7fc17fd1d000-7fc17fd24000 r--s 00000000 08:01 663199                     /usr/lib/x86_64-linux-gnu/gconv/gconv-modules.cache
7fc17fd24000-7fc17fd2e000 rw-p 00000000 00:00 0 
7fc17fd2e000-7fc17fde4000 rw-p 00000000 00:00 0 
7fc17fde4000-7fc17fde7000 ---p 00000000 00:00 0 
7fc17fde7000-7fc17feea000 rw-p 00000000 00:00 0 
7fc17feeb000-7fc17feec000 r--p 00000000 00:00 0 
7fc17feec000-7fc17feef000 r--s 00032000 08:01 395025                     /usr/lib/jvm/java-7-openjdk-common/jre/lib/ext/sunjce_provider.jar
7fc17feef000-7fc17fef2000 r--s 00085000 08:01 395002                     /usr/lib/jvm/java-7-openjdk-common/jre/lib/ext/localedata.jar
7fc17fef2000-7fc17fef3000 r--s 00002000 08:01 394906                     /usr/lib/jvm/java-7-openjdk-common/jre/lib/ext/dnsns.jar
7fc17fef3000-7fc17fef6000 r--s 0003c000 08:01 394890                     /usr/lib/jvm/java-7-openjdk-common/jre/lib/ext/sunpkcs11.jar
7fc17fef6000-7fc17fef8000 r--s 00012000 08:01 395160                     /usr/lib/jvm/java-7-openjdk-common/jre/lib/ext/zipfs.jar
7fc17fef8000-7fc17fefb000 r--s 0000f000 08:01 395194                     /usr/lib/jvm/java-7-openjdk-common/jre/lib/ext/pulse-java.jar
7fc17fefb000-7fc17ff03000 r--s 00066000 08:01 676447                     /usr/share/java/gnome-java-bridge.jar
7fc17ff03000-7fc17ff0b000 rw-s 00000000 08:01 264524                     /tmp/hsperfdata_guillaume/2723
7fc17ff0b000-7fc17ff0c000 rw-p 00000000 00:00 0 
7fc17ff0c000-7fc17ff0d000 r--p 00000000 00:00 0 
7fc17ff0d000-7fc17ff0f000 rw-p 00000000 00:00 0 
7fc17ff0f000-7fc17ff10000 r--p 00020000 08:01 134600                     /lib/x86_64-linux-gnu/ld-2.13.so
7fc17ff10000-7fc17ff12000 rw-p 00021000 08:01 134600                     /lib/x86_64-linux-gnu/ld-2.13.so
7fff0feb4000-7fff0fed5000 rw-p 00000000 00:00 0                          [stack]
7fff0ffc8000-7fff0ffc9000 r-xp 00000000 00:00 0                          [vdso]
ffffffffff600000-ffffffffff601000 r-xp 00000000 00:00 0                  [vsyscall]

VM Arguments:
jvm_args: -Dfile.encoding=UTF-8 
java_command: main.Main -Xms1024M -Xmx1024M
Launcher Type: SUN_STANDARD

Environment Variables:
PATH=/usr/lib/lightdm/lightdm:/usr/local/sbin:/usr/local/bin:/usr/sbin:/usr/bin:/sbin:/bin:/usr/games
USERNAME=guillaume
SHELL=/bin/bash
DISPLAY=:0

Signal Handlers:
SIGSEGV: [libjvm.so+0x7fca30], sa_mask[0]=0x7ffbfeff, sa_flags=0x10000004
SIGBUS: [libjvm.so+0x7fca30], sa_mask[0]=0x7ffbfeff, sa_flags=0x10000004
SIGFPE: [libjvm.so+0x6a1150], sa_mask[0]=0x7ffbfeff, sa_flags=0x10000004
SIGPIPE: [libjvm.so+0x6a1150], sa_mask[0]=0x7ffbfeff, sa_flags=0x10000004
SIGXFSZ: [libjvm.so+0x6a1150], sa_mask[0]=0x7ffbfeff, sa_flags=0x10000004
SIGILL: [libjvm.so+0x6a1150], sa_mask[0]=0x7ffbfeff, sa_flags=0x10000004
SIGUSR1: SIG_DFL, sa_mask[0]=0x00000000, sa_flags=0x00000000
SIGUSR2: [libjvm.so+0x6a1520], sa_mask[0]=0x00000004, sa_flags=0x10000004
SIGHUP: [libjvm.so+0x6a1660], sa_mask[0]=0x7ffbfeff, sa_flags=0x10000004
SIGINT: SIG_IGN, sa_mask[0]=0x00000000, sa_flags=0x00000000
SIGTERM: [libjvm.so+0x6a1660], sa_mask[0]=0x7ffbfeff, sa_flags=0x10000004
SIGQUIT: [libjvm.so+0x6a1660], sa_mask[0]=0x7ffbfeff, sa_flags=0x10000004


---------------  S Y S T E M  ---------------

OS:Ubuntu 11.10 (oneiric)
uname:Linux 3.0.0-12-generic #20-Ubuntu SMP Fri Oct 7 14:56:25 UTC 2011 x86_64
libc:glibc 2.13 NPTL 2.13 
rlimit: STACK 8192k, CORE 0k, NPROC 31562, NOFILE 4096, AS infinity
load average:0,48 0,68 0,41

/proc/meminfo:
MemTotal:        4055792 kB
MemFree:         2188712 kB
Buffers:           85560 kB
Cached:           548344 kB
SwapCached:            0 kB
Active:          1245804 kB
Inactive:         436520 kB
Active(anon):    1050316 kB
Inactive(anon):     9776 kB
Active(file):     195488 kB
Inactive(file):   426744 kB
Unevictable:          32 kB
Mlocked:              32 kB
SwapTotal:             0 kB
SwapFree:              0 kB
Dirty:               280 kB
Writeback:             0 kB
AnonPages:       1048708 kB
Mapped:           135704 kB
Shmem:             11680 kB
Slab:              61444 kB
SReclaimable:      38568 kB
SUnreclaim:        22876 kB
KernelStack:        2992 kB
PageTables:        23196 kB
NFS_Unstable:          0 kB
Bounce:                0 kB
WritebackTmp:          0 kB
CommitLimit:     2027896 kB
Committed_AS:    2576136 kB
VmallocTotal:   34359738367 kB
VmallocUsed:      109104 kB
VmallocChunk:   34359619580 kB
HardwareCorrupted:     0 kB
AnonHugePages:         0 kB
HugePages_Total:       0
HugePages_Free:        0
HugePages_Rsvd:        0
HugePages_Surp:        0
Hugepagesize:       2048 kB
DirectMap4k:       93120 kB
DirectMap2M:     4100096 kB


CPU:total 2 (2 cores per cpu, 1 threads per core) family 6 model 15 stepping 13, cmov, cx8, fxsr, mmx, sse, sse2, sse3, ssse3

Memory: 4k page, physical 4055792k(2188712k free), swap 0k(0k free)

vm_info: OpenJDK 64-Bit Server VM (21.0-b17) for linux-amd64 JRE (1.7.0_147-b147), built on Sep 30 2011 00:36:33 by "buildd" with gcc 4.6.1

time: Thu Nov 10 19:55:59 2011
elapsed time: 1 seconds

