#
# A fatal error has been detected by the Java Runtime Environment:
#
#  SIGSEGV (0xb) at pc=0x00007fc6ae9791f8, pid=3648, tid=140491592521472
#
# JRE version: 7.0_147-b147
# Java VM: OpenJDK 64-Bit Server VM (21.0-b17 mixed mode linux-amd64 compressed oops)
# Derivative: IcedTea7 2.0pre
# Distribution: Ubuntu oneiric (development branch), package 7~b147-2.0~pre6-1ubuntu1
# Problematic frame:
# C  [liblcms2.so.2+0x121f8]  cmsSaveProfileToIOhandler+0x38
#
# Failed to write core dump. Core dumps have been disabled. To enable core dumping, try "ulimit -c unlimited" before starting Java again
#
# If you would like to submit a bug report, please include
# instructions on how to reproduce the bug and visit:
#   https://bugs.launchpad.net/ubuntu/+source/openjdk-7/
# The crash happened outside the Java Virtual Machine in native code.
# See problematic frame for where to report the bug.
#

---------------  T H R E A D  ---------------

Current thread (0x0000000001a5a800):  JavaThread "main" [_thread_in_native, id=3652, stack(0x00007fc6bf675000,0x00007fc6bf776000)]

siginfo:si_signo=SIGSEGV: si_errno=0, si_code=1 (SEGV_MAPERR), si_addr=0x0000000000000000

Registers:
RAX=0x0000000000000000, RBX=0x0000000000000000, RCX=0x00000000000001d4, RDX=0x00007fc6bf773a4c
RSP=0x00007fc6bf772b20, RBP=0x0000000000000000, RSI=0x0000000000000000, RDI=0x00007fc6bf772b20
R8 =0x0000000000000000, R9 =0x0000000000000000, R10=0x0000000000000000, R11=0x0000000000000000
R12=0x00007fc6bf773a4c, R13=0x0000000000000000, R14=0x0000000000000000, R15=0x0000000001a5a800
RIP=0x00007fc6ae9791f8, EFLAGS=0x0000000000010246, CSGSFS=0x0000000000000033, ERR=0x0000000000000004
  TRAPNO=0x000000000000000e

Top of Stack: (sp=0x00007fc6bf772b20)
0x00007fc6bf772b20:   00007fc6a82679e0 00007fc6ae977cef
0x00007fc6bf772b30:   0000000000000c48 00007fc6bf36e1c0
0x00007fc6bf772b40:   000000000000000e 000000000000080c
0x00007fc6bf772b50:   00007fc600000000 00007fc6bf36e1c0
0x00007fc6bf772b60:   000000000000000e 00007fc6ae97e754
0x00007fc6bf772b70:   00007fc6bf772ffc 834ccd8fea95c600
0x00007fc6bf772b80:   00007fc6a82679e0 00007fc6a82662bc
0x00007fc6bf772b90:   000000000000000e 00007fc6ae977ebf
0x00007fc6bf772ba0:   4247527320434549 0000000000000000
0x00007fc6bf772bb0:   0000000001d4cc50 2dd3000000000100
0x00007fc6bf772bc0:   0000080c000004c4 00007fc6a8000020
0x00007fc6bf772bd0:   00007fc600000000 00007fc6a8267b30
0x00007fc6bf772be0:   0000000000000c48 00007fc6a8266138
0x00007fc6bf772bf0:   0000000000000011 00007fc6bf050d7c
0x00007fc6bf772c00:   00007fc6a8267b30 00007fc6ae977e2c
0x00007fc6bf772c10:   00007fc6a8265ee0 00007fc6ae9793ae
0x00007fc6bf772c20:   00007fc6a8265120 0000000000000000
0x00007fc6bf772c30:   0000003100000000 0000000900000006
0x00007fc6bf772c40:   0000006200000001 ffffffffffffffff
0x00007fc6bf772c50:   0000000000000000 0000000000000000
0x00007fc6bf772c60:   00007fc6bf130689 6d6e747202100000
0x00007fc6bf772c70:   58595a2052474220 00000000000000b0
0x00007fc6bf772c80:   7352474249454320 0000000000000000
0x00007fc6bf772c90:   0000000000000000 0000000000000000
0x00007fc6bf772ca0:   6370727400000011 00007fc6bf36e1c0
0x00007fc6bf772cb0:   00007fc6a8252420 000000000000007c
0x00007fc6bf772cc0:   00007fc6bf7731e0 00007fc6bf7734a0
0x00007fc6bf772cd0:   00007fc6bf59a85b 00007fc6bf05077d
0x00007fc6bf772ce0:   6254524300000000 000000000000003f
0x00007fc6bf772cf0:   00007fc6a8252420 0000000000000000
0x00007fc6bf772d00:   0000000001d4cc8d 00007fc6bf58e7e1
0x00007fc6bf772d10:   0000000000000000 0000000000000000 

Instructions: (pc=0x00007fc6ae9791f8)
0x00007fc6ae9791d8:   48 89 de 48 81 ec b8 0e 00 00 64 48 8b 04 25 28
0x00007fc6ae9791e8:   00 00 00 48 89 84 24 a8 0e 00 00 31 c0 48 89 e7
0x00007fc6ae9791f8:   f3 48 a5 48 89 df e8 1d f6 ff ff 48 89 c7 e8 65
0x00007fc6ae979208:   f0 ff ff 48 85 c0 49 89 c4 48 89 03 74 0e 31 f6 

Register to memory mapping:

RAX=0x0000000000000000 is an unknown value
RBX=0x0000000000000000 is an unknown value
RCX=0x00000000000001d4 is an unknown value
RDX=0x00007fc6bf773a4c is pointing into the stack for thread: 0x0000000001a5a800
RSP=0x00007fc6bf772b20 is pointing into the stack for thread: 0x0000000001a5a800
RBP=0x0000000000000000 is an unknown value
RSI=0x0000000000000000 is an unknown value
RDI=0x00007fc6bf772b20 is pointing into the stack for thread: 0x0000000001a5a800
R8 =0x0000000000000000 is an unknown value
R9 =0x0000000000000000 is an unknown value
R10=0x0000000000000000 is an unknown value
R11=0x0000000000000000 is an unknown value
R12=0x00007fc6bf773a4c is pointing into the stack for thread: 0x0000000001a5a800
R13=0x0000000000000000 is an unknown value
R14=0x0000000000000000 is an unknown value
R15=0x0000000001a5a800 is a thread


Stack: [0x00007fc6bf675000,0x00007fc6bf776000],  sp=0x00007fc6bf772b20,  free space=1014k
Native frames: (J=compiled Java code, j=interpreted, Vv=VM code, C=native code)
C  [liblcms2.so.2+0x121f8]  cmsSaveProfileToIOhandler+0x38

[error occurred during error reporting (printing native stack), id 0xb]

Java frames: (J=compiled Java code, j=interpreted, Vv=VM code)
j  sun.java2d.cmm.lcms.LCMS.getTagData(JI[B)V+0
j  java.awt.color.ICC_Profile.getData(JI)[B+26
j  java.awt.color.ICC_Profile.getData(I)[B+14
j  java.awt.color.ICC_Profile.getNumComponents()I+18
j  sun.java2d.cmm.lcms.LCMSTransform.<init>(Ljava/awt/color/ICC_Profile;II)V+83
j  sun.java2d.cmm.lcms.LCMS.createTransform(Ljava/awt/color/ICC_Profile;II)Lsun/java2d/cmm/ColorTransform;+7
j  java.awt.color.ICC_ColorSpace.fromRGB([F)[F+37
j  com.sun.imageio.plugins.jpeg.JPEGImageReader.setImageData(IIIII[B)V+158
v  ~StubRoutines::call_stub
j  com.sun.imageio.plugins.jpeg.JPEGImageReader.readImageHeader(JZZ)Z+0
j  com.sun.imageio.plugins.jpeg.JPEGImageReader.readNativeHeader(Z)Z+12
j  com.sun.imageio.plugins.jpeg.JPEGImageReader.checkTablesOnly()V+92
j  com.sun.imageio.plugins.jpeg.JPEGImageReader.gotoImage(I)V+41
j  com.sun.imageio.plugins.jpeg.JPEGImageReader.readHeader(IZ)V+2
j  com.sun.imageio.plugins.jpeg.JPEGImageReader.readInternal(ILjavax/imageio/ImageReadParam;Z)Ljava/awt/image/Raster;+3
j  com.sun.imageio.plugins.jpeg.JPEGImageReader.read(ILjavax/imageio/ImageReadParam;)Ljava/awt/image/BufferedImage;+8
j  javax.imageio.ImageIO.read(Ljavax/imageio/stream/ImageInputStream;)Ljava/awt/image/BufferedImage;+55
j  javax.imageio.ImageIO.read(Ljava/io/InputStream;)Ljava/awt/image/BufferedImage;+20
j  content.ImageBank.<init>()V+118
j  main.Main.main([Ljava/lang/String;)V+4
v  ~StubRoutines::call_stub

---------------  P R O C E S S  ---------------

Java Threads: ( => current thread )
  0x00007fc6a8216000 JavaThread "Thread-0" [_thread_blocked, id=3671, stack(0x00007fc6af209000,0x00007fc6af30a000)]
  0x00007fc6a8214000 JavaThread "AWT-EventQueue-0" [_thread_in_native, id=3670, stack(0x00007fc6af30a000,0x00007fc6af40b000)]
  0x00007fc6a816e800 JavaThread "AWT-Shutdown" [_thread_blocked, id=3669, stack(0x00007fc6afaa1000,0x00007fc6afba2000)]
  0x00007fc6a80dd800 JavaThread "process reaper" daemon [_thread_blocked, id=3667, stack(0x00007fc6afba2000,0x00007fc6afbbc000)]
  0x00007fc6a80b8000 JavaThread "AWT-XAWT" daemon [_thread_in_native, id=3665, stack(0x00007fc6afbbc000,0x00007fc6afcbd000)]
  0x00007fc6a8071800 JavaThread "Java2D Disposer" daemon [_thread_blocked, id=3664, stack(0x00007fc6afcbd000,0x00007fc6afdbe000)]
  0x0000000001b5e000 JavaThread "Service Thread" daemon [_thread_blocked, id=3662, stack(0x00007fc6b7c0b000,0x00007fc6b7d0c000)]
  0x0000000001b5a800 JavaThread "C2 CompilerThread1" daemon [_thread_blocked, id=3661, stack(0x00007fc6b7d0c000,0x00007fc6b7e0d000)]
  0x0000000001b57800 JavaThread "C2 CompilerThread0" daemon [_thread_blocked, id=3660, stack(0x00007fc6b7e0d000,0x00007fc6b7f0e000)]
  0x0000000001b55800 JavaThread "Signal Dispatcher" daemon [_thread_blocked, id=3659, stack(0x00007fc6b7f0e000,0x00007fc6b800f000)]
  0x0000000001af8000 JavaThread "Finalizer" daemon [_thread_blocked, id=3658, stack(0x00007fc6b86fc000,0x00007fc6b87fd000)]
  0x0000000001af5800 JavaThread "Reference Handler" daemon [_thread_blocked, id=3657, stack(0x00007fc6b87fd000,0x00007fc6b88fe000)]
=>0x0000000001a5a800 JavaThread "main" [_thread_in_native, id=3652, stack(0x00007fc6bf675000,0x00007fc6bf776000)]

Other Threads:
  0x0000000001aed800 VMThread [stack: 0x00007fc6b88fe000,0x00007fc6b89ff000] [id=3656]
  0x0000000001b68800 WatcherThread [stack: 0x00007fc6b7b0a000,0x00007fc6b7c0b000] [id=3663]

VM state:not at safepoint (normal execution)

VM Mutex/Monitor currently owned by a thread: None

Heap
 PSYoungGen      total 18496K, used 6847K [0x00000000eb560000, 0x00000000eca00000, 0x0000000100000000)
  eden space 15872K, 43% used [0x00000000eb560000,0x00000000ebc0fd78,0x00000000ec4e0000)
  from space 2624K, 0% used [0x00000000ec770000,0x00000000ec770000,0x00000000eca00000)
  to   space 2624K, 0% used [0x00000000ec4e0000,0x00000000ec4e0000,0x00000000ec770000)
 PSOldGen        total 42304K, used 0K [0x00000000c2000000, 0x00000000c4950000, 0x00000000eb560000)
  object space 42304K, 0% used [0x00000000c2000000,0x00000000c2000000,0x00000000c4950000)
 PSPermGen       total 21248K, used 11196K [0x00000000b7a00000, 0x00000000b8ec0000, 0x00000000c2000000)
  object space 21248K, 52% used [0x00000000b7a00000,0x00000000b84ef3d8,0x00000000b8ec0000)

Code Cache  [0x00007fc6b9528000, 0x00007fc6b9798000, 0x00007fc6bc528000)
 total_blobs=443 nmethods=13 adapters=383 free_code_cache=48614Kb largest_free_block=49771712

Dynamic libraries:
00400000-00401000 r-xp 00000000 08:01 400896                             /usr/lib/jvm/java-7-openjdk-amd64/jre/bin/java
00600000-00601000 r--p 00000000 08:01 400896                             /usr/lib/jvm/java-7-openjdk-amd64/jre/bin/java
00601000-00602000 rw-p 00001000 08:01 400896                             /usr/lib/jvm/java-7-openjdk-amd64/jre/bin/java
01a50000-01e76000 rw-p 00000000 00:00 0                                  [heap]
b7a00000-b8ec0000 rw-p 00000000 00:00 0 
b8ec0000-c2000000 rw-p 00000000 00:00 0 
c2000000-c4950000 rw-p 00000000 00:00 0 
c4950000-eb560000 rw-p 00000000 00:00 0 
eb560000-eca00000 rw-p 00000000 00:00 0 
eca00000-100000000 rw-p 00000000 00:00 0 
7fc6a8000000-7fc6a8269000 rw-p 00000000 00:00 0 
7fc6a8269000-7fc6ac000000 ---p 00000000 00:00 0 
7fc6ae71a000-7fc6ae967000 rw-s 00000000 00:04 9273353                    /SYSV00000000 (deleted)
7fc6ae967000-7fc6ae9ad000 r-xp 00000000 08:01 406696                     /usr/lib/x86_64-linux-gnu/liblcms2.so.2.0.2
7fc6ae9ad000-7fc6aebac000 ---p 00046000 08:01 406696                     /usr/lib/x86_64-linux-gnu/liblcms2.so.2.0.2
7fc6aebac000-7fc6aebad000 r--p 00045000 08:01 406696                     /usr/lib/x86_64-linux-gnu/liblcms2.so.2.0.2
7fc6aebad000-7fc6aebb1000 rw-p 00046000 08:01 406696                     /usr/lib/x86_64-linux-gnu/liblcms2.so.2.0.2
7fc6aebb1000-7fc6aebb2000 rw-p 00000000 00:00 0 
7fc6aebb2000-7fc6aebb6000 r-xp 00000000 08:01 398964                     /usr/lib/jvm/java-7-openjdk-amd64/jre/lib/amd64/libjavalcms.so
7fc6aebb6000-7fc6aedb5000 ---p 00004000 08:01 398964                     /usr/lib/jvm/java-7-openjdk-amd64/jre/lib/amd64/libjavalcms.so
7fc6aedb5000-7fc6aedb6000 r--p 00003000 08:01 398964                     /usr/lib/jvm/java-7-openjdk-amd64/jre/lib/amd64/libjavalcms.so
7fc6aedb6000-7fc6aedb7000 rw-p 00004000 08:01 398964                     /usr/lib/jvm/java-7-openjdk-amd64/jre/lib/amd64/libjavalcms.so
7fc6aedb7000-7fc6aeddb000 r-xp 00000000 08:01 406680                     /usr/lib/x86_64-linux-gnu/libjpeg.so.62.0.0
7fc6aeddb000-7fc6aefda000 ---p 00024000 08:01 406680                     /usr/lib/x86_64-linux-gnu/libjpeg.so.62.0.0
7fc6aefda000-7fc6aefdb000 r--p 00023000 08:01 406680                     /usr/lib/x86_64-linux-gnu/libjpeg.so.62.0.0
7fc6aefdb000-7fc6aefdc000 rw-p 00024000 08:01 406680                     /usr/lib/x86_64-linux-gnu/libjpeg.so.62.0.0
7fc6aefff000-7fc6af008000 r-xp 00000000 08:01 398665                     /usr/lib/jvm/java-7-openjdk-amd64/jre/lib/amd64/libjavajpeg.so
7fc6af008000-7fc6af207000 ---p 00009000 08:01 398665                     /usr/lib/jvm/java-7-openjdk-amd64/jre/lib/amd64/libjavajpeg.so
7fc6af207000-7fc6af208000 r--p 00008000 08:01 398665                     /usr/lib/jvm/java-7-openjdk-amd64/jre/lib/amd64/libjavajpeg.so
7fc6af208000-7fc6af209000 rw-p 00009000 08:01 398665                     /usr/lib/jvm/java-7-openjdk-amd64/jre/lib/amd64/libjavajpeg.so
7fc6af209000-7fc6af20c000 ---p 00000000 00:00 0 
7fc6af20c000-7fc6af30a000 rw-p 00000000 00:00 0 
7fc6af30a000-7fc6af30d000 ---p 00000000 00:00 0 
7fc6af30d000-7fc6af40b000 rw-p 00000000 00:00 0 
7fc6af40b000-7fc6af41b000 r-xp 00000000 08:01 399340                     /usr/lib/jvm/java-7-openjdk-amd64/jre/lib/amd64/libnio.so
7fc6af41b000-7fc6af61a000 ---p 00010000 08:01 399340                     /usr/lib/jvm/java-7-openjdk-amd64/jre/lib/amd64/libnio.so
7fc6af61a000-7fc6af61b000 r--p 0000f000 08:01 399340                     /usr/lib/jvm/java-7-openjdk-amd64/jre/lib/amd64/libnio.so
7fc6af61b000-7fc6af61c000 rw-p 00010000 08:01 399340                     /usr/lib/jvm/java-7-openjdk-amd64/jre/lib/amd64/libnio.so
7fc6af61c000-7fc6af64d000 rw-p 00000000 00:00 0 
7fc6af64d000-7fc6af663000 r-xp 00000000 08:01 399248                     /usr/lib/jvm/java-7-openjdk-amd64/jre/lib/amd64/libnet.so
7fc6af663000-7fc6af862000 ---p 00016000 08:01 399248                     /usr/lib/jvm/java-7-openjdk-amd64/jre/lib/amd64/libnet.so
7fc6af862000-7fc6af863000 r--p 00015000 08:01 399248                     /usr/lib/jvm/java-7-openjdk-amd64/jre/lib/amd64/libnet.so
7fc6af863000-7fc6af864000 rw-p 00016000 08:01 399248                     /usr/lib/jvm/java-7-openjdk-amd64/jre/lib/amd64/libnet.so
7fc6af864000-7fc6af89e000 r-xp 00000000 08:01 398142                     /usr/lib/jvm/java-7-openjdk-amd64/jre/lib/amd64/libfontmanager.so
7fc6af89e000-7fc6afa9e000 ---p 0003a000 08:01 398142                     /usr/lib/jvm/java-7-openjdk-amd64/jre/lib/amd64/libfontmanager.so
7fc6afa9e000-7fc6afaa0000 r--p 0003a000 08:01 398142                     /usr/lib/jvm/java-7-openjdk-amd64/jre/lib/amd64/libfontmanager.so
7fc6afaa0000-7fc6afaa1000 rw-p 0003c000 08:01 398142                     /usr/lib/jvm/java-7-openjdk-amd64/jre/lib/amd64/libfontmanager.so
7fc6afaa1000-7fc6afaa4000 ---p 00000000 00:00 0 
7fc6afaa4000-7fc6afba2000 rw-p 00000000 00:00 0 
7fc6afba2000-7fc6afba5000 ---p 00000000 00:00 0 
7fc6afba5000-7fc6afbbc000 rw-p 00000000 00:00 0 
7fc6afbbc000-7fc6afbbf000 ---p 00000000 00:00 0 
7fc6afbbf000-7fc6afcbd000 rw-p 00000000 00:00 0 
7fc6afcbd000-7fc6afcc0000 ---p 00000000 00:00 0 
7fc6afcc0000-7fc6afdbe000 rw-p 00000000 00:00 0 
7fc6afdbe000-7fc6afdc1000 r-xp 00000000 08:01 139849                     /lib/x86_64-linux-gnu/libgpg-error.so.0.8.0
7fc6afdc1000-7fc6affc0000 ---p 00003000 08:01 139849                     /lib/x86_64-linux-gnu/libgpg-error.so.0.8.0
7fc6affc0000-7fc6affc1000 r--p 00002000 08:01 139849                     /lib/x86_64-linux-gnu/libgpg-error.so.0.8.0
7fc6affc1000-7fc6affc2000 rw-p 00003000 08:01 139849                     /lib/x86_64-linux-gnu/libgpg-error.so.0.8.0
7fc6affc2000-7fc6affc4000 r-xp 00000000 08:01 139851                     /lib/x86_64-linux-gnu/libkeyutils.so.1.3
7fc6affc4000-7fc6b01c3000 ---p 00002000 08:01 139851                     /lib/x86_64-linux-gnu/libkeyutils.so.1.3
7fc6b01c3000-7fc6b01c4000 r--p 00001000 08:01 139851                     /lib/x86_64-linux-gnu/libkeyutils.so.1.3
7fc6b01c4000-7fc6b01c5000 rw-p 00002000 08:01 139851                     /lib/x86_64-linux-gnu/libkeyutils.so.1.3
7fc6b01c5000-7fc6b0207000 r-xp 00000000 08:01 135649                     /lib/x86_64-linux-gnu/libdbus-1.so.3.5.7
7fc6b0207000-7fc6b0406000 ---p 00042000 08:01 135649                     /lib/x86_64-linux-gnu/libdbus-1.so.3.5.7
7fc6b0406000-7fc6b0407000 r--p 00041000 08:01 135649                     /lib/x86_64-linux-gnu/libdbus-1.so.3.5.7
7fc6b0407000-7fc6b0408000 rw-p 00042000 08:01 135649                     /lib/x86_64-linux-gnu/libdbus-1.so.3.5.7
7fc6b0408000-7fc6b0482000 r-xp 00000000 08:01 139845                     /lib/x86_64-linux-gnu/libgcrypt.so.11.7.0
7fc6b0482000-7fc6b0682000 ---p 0007a000 08:01 139845                     /lib/x86_64-linux-gnu/libgcrypt.so.11.7.0
7fc6b0682000-7fc6b0683000 r--p 0007a000 08:01 139845                     /lib/x86_64-linux-gnu/libgcrypt.so.11.7.0
7fc6b0683000-7fc6b0686000 rw-p 0007b000 08:01 139845                     /lib/x86_64-linux-gnu/libgcrypt.so.11.7.0
7fc6b0686000-7fc6b0696000 r-xp 00000000 08:01 406788                     /usr/lib/x86_64-linux-gnu/libtasn1.so.3.1.11
7fc6b0696000-7fc6b0895000 ---p 00010000 08:01 406788                     /usr/lib/x86_64-linux-gnu/libtasn1.so.3.1.11
7fc6b0895000-7fc6b0896000 r--p 0000f000 08:01 406788                     /usr/lib/x86_64-linux-gnu/libtasn1.so.3.1.11
7fc6b0896000-7fc6b0897000 rw-p 00010000 08:01 406788                     /usr/lib/x86_64-linux-gnu/libtasn1.so.3.1.11
7fc6b0897000-7fc6b089e000 r-xp 00000000 08:01 397002                     /usr/lib/x86_64-linux-gnu/libkrb5support.so.0.1
7fc6b089e000-7fc6b0a9d000 ---p 00007000 08:01 397002                     /usr/lib/x86_64-linux-gnu/libkrb5support.so.0.1
7fc6b0a9d000-7fc6b0a9e000 r--p 00006000 08:01 397002                     /usr/lib/x86_64-linux-gnu/libkrb5support.so.0.1
7fc6b0a9e000-7fc6b0a9f000 rw-p 00007000 08:01 397002                     /usr/lib/x86_64-linux-gnu/libkrb5support.so.0.1
7fc6b0a9f000-7fc6b0aa2000 r-xp 00000000 08:01 139827                     /lib/x86_64-linux-gnu/libcom_err.so.2.1
7fc6b0aa2000-7fc6b0ca1000 ---p 00003000 08:01 139827                     /lib/x86_64-linux-gnu/libcom_err.so.2.1
7fc6b0ca1000-7fc6b0ca2000 r--p 00002000 08:01 139827                     /lib/x86_64-linux-gnu/libcom_err.so.2.1
7fc6b0ca2000-7fc6b0ca3000 rw-p 00003000 08:01 139827                     /lib/x86_64-linux-gnu/libcom_err.so.2.1
7fc6b0ca3000-7fc6b0cc9000 r-xp 00000000 08:01 394051                     /usr/lib/x86_64-linux-gnu/libk5crypto.so.3.1
7fc6b0cc9000-7fc6b0ec8000 ---p 00026000 08:01 394051                     /usr/lib/x86_64-linux-gnu/libk5crypto.so.3.1
7fc6b0ec8000-7fc6b0eca000 r--p 00025000 08:01 394051                     /usr/lib/x86_64-linux-gnu/libk5crypto.so.3.1
7fc6b0eca000-7fc6b0ecb000 rw-p 00027000 08:01 394051                     /usr/lib/x86_64-linux-gnu/libk5crypto.so.3.1
7fc6b0ecb000-7fc6b0f8a000 r-xp 00000000 08:01 397018                     /usr/lib/x86_64-linux-gnu/libkrb5.so.3.3
7fc6b0f8a000-7fc6b118a000 ---p 000bf000 08:01 397018                     /usr/lib/x86_64-linux-gnu/libkrb5.so.3.3
7fc6b118a000-7fc6b1193000 r--p 000bf000 08:01 397018                     /usr/lib/x86_64-linux-gnu/libkrb5.so.3.3
7fc6b1193000-7fc6b1194000 rw-p 000c8000 08:01 397018                     /usr/lib/x86_64-linux-gnu/libkrb5.so.3.3
7fc6b1194000-7fc6b119b000 r-xp 00000000 08:01 406811                     /usr/lib/x86_64-linux-gnu/libxcb-render.so.0.0.0
7fc6b119b000-7fc6b139b000 ---p 00007000 08:01 406811                     /usr/lib/x86_64-linux-gnu/libxcb-render.so.0.0.0
7fc6b139b000-7fc6b139c000 r--p 00007000 08:01 406811                     /usr/lib/x86_64-linux-gnu/libxcb-render.so.0.0.0
7fc6b139c000-7fc6b139d000 rw-p 00008000 08:01 406811                     /usr/lib/x86_64-linux-gnu/libxcb-render.so.0.0.0
7fc6b139d000-7fc6b139f000 r-xp 00000000 08:01 406815                     /usr/lib/x86_64-linux-gnu/libxcb-shm.so.0.0.0
7fc6b139f000-7fc6b159e000 ---p 00002000 08:01 406815                     /usr/lib/x86_64-linux-gnu/libxcb-shm.so.0.0.0
7fc6b159e000-7fc6b159f000 r--p 00001000 08:01 406815                     /usr/lib/x86_64-linux-gnu/libxcb-shm.so.0.0.0
7fc6b159f000-7fc6b15a0000 rw-p 00002000 08:01 406815                     /usr/lib/x86_64-linux-gnu/libxcb-shm.so.0.0.0
7fc6b15a0000-7fc6b15c6000 r-xp 00000000 08:01 139881                     /lib/x86_64-linux-gnu/libpng12.so.0.46.0
7fc6b15c6000-7fc6b17c5000 ---p 00026000 08:01 139881                     /lib/x86_64-linux-gnu/libpng12.so.0.46.0
7fc6b17c5000-7fc6b17c6000 r--p 00025000 08:01 139881                     /lib/x86_64-linux-gnu/libpng12.so.0.46.0
7fc6b17c6000-7fc6b17c7000 rw-p 00026000 08:01 139881                     /lib/x86_64-linux-gnu/libpng12.so.0.46.0
7fc6b17c7000-7fc6b1835000 r-xp 00000000 08:01 406743                     /usr/lib/x86_64-linux-gnu/libpixman-1.so.0.22.2
7fc6b1835000-7fc6b1a35000 ---p 0006e000 08:01 406743                     /usr/lib/x86_64-linux-gnu/libpixman-1.so.0.22.2
7fc6b1a35000-7fc6b1a3a000 r--p 0006e000 08:01 406743                     /usr/lib/x86_64-linux-gnu/libpixman-1.so.0.22.2
7fc6b1a3a000-7fc6b1a3b000 rw-p 00073000 08:01 406743                     /usr/lib/x86_64-linux-gnu/libpixman-1.so.0.22.2
7fc6b1a3b000-7fc6b1a40000 r-xp 00000000 08:01 406539                     /usr/lib/x86_64-linux-gnu/libXdmcp.so.6.0.0
7fc6b1a40000-7fc6b1c3f000 ---p 00005000 08:01 406539                     /usr/lib/x86_64-linux-gnu/libXdmcp.so.6.0.0
7fc6b1c3f000-7fc6b1c40000 r--p 00004000 08:01 406539                     /usr/lib/x86_64-linux-gnu/libXdmcp.so.6.0.0
7fc6b1c40000-7fc6b1c41000 rw-p 00005000 08:01 406539                     /usr/lib/x86_64-linux-gnu/libXdmcp.so.6.0.0
7fc6b1c41000-7fc6b1c43000 r-xp 00000000 08:01 406531                     /usr/lib/x86_64-linux-gnu/libXau.so.6.0.0
7fc6b1c43000-7fc6b1e42000 ---p 00002000 08:01 406531                     /usr/lib/x86_64-linux-gnu/libXau.so.6.0.0
7fc6b1e42000-7fc6b1e43000 r--p 00001000 08:01 406531                     /usr/lib/x86_64-linux-gnu/libXau.so.6.0.0
7fc6b1e43000-7fc6b1e44000 rw-p 00002000 08:01 406531                     /usr/lib/x86_64-linux-gnu/libXau.so.6.0.0
7fc6b1e44000-7fc6b1e55000 r-xp 00000000 08:01 406571                     /usr/lib/x86_64-linux-gnu/libavahi-client.so.3.2.9
7fc6b1e55000-7fc6b2055000 ---p 00011000 08:01 406571                     /usr/lib/x86_64-linux-gnu/libavahi-client.so.3.2.9
7fc6b2055000-7fc6b2056000 r--p 00011000 08:01 406571                     /usr/lib/x86_64-linux-gnu/libavahi-client.so.3.2.9
7fc6b2056000-7fc6b2057000 rw-p 00012000 08:01 406571                     /usr/lib/x86_64-linux-gnu/libavahi-client.so.3.2.9
7fc6b2057000-7fc6b2064000 r-xp 00000000 08:01 406573                     /usr/lib/x86_64-linux-gnu/libavahi-common.so.3.5.3
7fc6b2064000-7fc6b2263000 ---p 0000d000 08:01 406573                     /usr/lib/x86_64-linux-gnu/libavahi-common.so.3.5.3
7fc6b2263000-7fc6b2264000 r--p 0000c000 08:01 406573                     /usr/lib/x86_64-linux-gnu/libavahi-common.so.3.5.3
7fc6b2264000-7fc6b2265000 rw-p 0000d000 08:01 406573                     /usr/lib/x86_64-linux-gnu/libavahi-common.so.3.5.3
7fc6b2265000-7fc6b2306000 r-xp 00000000 08:01 406657                     /usr/lib/x86_64-linux-gnu/libgnutls.so.26.16.14
7fc6b2306000-7fc6b2505000 ---p 000a1000 08:01 406657                     /usr/lib/x86_64-linux-gnu/libgnutls.so.26.16.14
7fc6b2505000-7fc6b250c000 r--p 000a0000 08:01 406657                     /usr/lib/x86_64-linux-gnu/libgnutls.so.26.16.14
7fc6b250c000-7fc6b250d000 rw-p 000a7000 08:01 406657                     /usr/lib/x86_64-linux-gnu/libgnutls.so.26.16.14
7fc6b250d000-7fc6b2548000 r-xp 00000000 08:01 406685                     /usr/lib/x86_64-linux-gnu/libgssapi_krb5.so.2.2
7fc6b2548000-7fc6b2748000 ---p 0003b000 08:01 406685                     /usr/lib/x86_64-linux-gnu/libgssapi_krb5.so.2.2
7fc6b2748000-7fc6b2749000 r--p 0003b000 08:01 406685                     /usr/lib/x86_64-linux-gnu/libgssapi_krb5.so.2.2
7fc6b2749000-7fc6b274b000 rw-p 0003c000 08:01 406685                     /usr/lib/x86_64-linux-gnu/libgssapi_krb5.so.2.2
7fc6b274b000-7fc6b2786000 r-xp 00000000 08:01 139879                     /lib/x86_64-linux-gnu/libpcre.so.3.12.1
7fc6b2786000-7fc6b2985000 ---p 0003b000 08:01 139879                     /lib/x86_64-linux-gnu/libpcre.so.3.12.1
7fc6b2985000-7fc6b2986000 r--p 0003a000 08:01 139879                     /lib/x86_64-linux-gnu/libpcre.so.3.12.1
7fc6b2986000-7fc6b2987000 rw-p 0003b000 08:01 139879                     /lib/x86_64-linux-gnu/libpcre.so.3.12.1
7fc6b2987000-7fc6b298e000 r-xp 00000000 08:01 396800                     /usr/lib/x86_64-linux-gnu/libffi.so.6.0.0
7fc6b298e000-7fc6b2b8d000 ---p 00007000 08:01 396800                     /usr/lib/x86_64-linux-gnu/libffi.so.6.0.0
7fc6b2b8d000-7fc6b2b8e000 r--p 00006000 08:01 396800                     /usr/lib/x86_64-linux-gnu/libffi.so.6.0.0
7fc6b2b8e000-7fc6b2b8f000 rw-p 00007000 08:01 396800                     /usr/lib/x86_64-linux-gnu/libffi.so.6.0.0
7fc6b2b8f000-7fc6b2bb6000 r-xp 00000000 08:01 139838                     /lib/x86_64-linux-gnu/libexpat.so.1.5.2
7fc6b2bb6000-7fc6b2db6000 ---p 00027000 08:01 139838                     /lib/x86_64-linux-gnu/libexpat.so.1.5.2
7fc6b2db6000-7fc6b2db8000 r--p 00027000 08:01 139838                     /lib/x86_64-linux-gnu/libexpat.so.1.5.2
7fc6b2db8000-7fc6b2db9000 rw-p 00029000 08:01 139838                     /lib/x86_64-linux-gnu/libexpat.so.1.5.2
7fc6b2db9000-7fc6b2e4b000 r-xp 00000000 08:01 406632                     /usr/lib/x86_64-linux-gnu/libfreetype.so.6.6.2
7fc6b2e4b000-7fc6b304a000 ---p 00092000 08:01 406632                     /usr/lib/x86_64-linux-gnu/libfreetype.so.6.6.2
7fc6b304a000-7fc6b3050000 r--p 00091000 08:01 406632                     /usr/lib/x86_64-linux-gnu/libfreetype.so.6.6.2
7fc6b3050000-7fc6b3051000 rw-p 00097000 08:01 406632                     /usr/lib/x86_64-linux-gnu/libfreetype.so.6.6.2
7fc6b3051000-7fc6b3068000 r-xp 00000000 08:01 134597                     /lib/x86_64-linux-gnu/libresolv-2.13.so
7fc6b3068000-7fc6b3268000 ---p 00017000 08:01 134597                     /lib/x86_64-linux-gnu/libresolv-2.13.so
7fc6b3268000-7fc6b3269000 r--p 00017000 08:01 134597                     /lib/x86_64-linux-gnu/libresolv-2.13.so
7fc6b3269000-7fc6b326a000 rw-p 00018000 08:01 134597                     /lib/x86_64-linux-gnu/libresolv-2.13.so
7fc6b326a000-7fc6b326c000 rw-p 00000000 00:00 0 
7fc6b326c000-7fc6b3288000 r-xp 00000000 08:01 139888                     /lib/x86_64-linux-gnu/libselinux.so.1
7fc6b3288000-7fc6b3487000 ---p 0001c000 08:01 139888                     /lib/x86_64-linux-gnu/libselinux.so.1
7fc6b3487000-7fc6b3488000 r--p 0001b000 08:01 139888                     /lib/x86_64-linux-gnu/libselinux.so.1
7fc6b3488000-7fc6b3489000 rw-p 0001c000 08:01 139888                     /lib/x86_64-linux-gnu/libselinux.so.1
7fc6b3489000-7fc6b348a000 rw-p 00000000 00:00 0 
7fc6b348a000-7fc6b348c000 r-xp 00000000 08:01 406537                     /usr/lib/x86_64-linux-gnu/libXdamage.so.1.1.0
7fc6b348c000-7fc6b368b000 ---p 00002000 08:01 406537                     /usr/lib/x86_64-linux-gnu/libXdamage.so.1.1.0
7fc6b368b000-7fc6b368c000 r--p 00001000 08:01 406537                     /usr/lib/x86_64-linux-gnu/libXdamage.so.1.1.0
7fc6b368c000-7fc6b368d000 rw-p 00002000 08:01 406537                     /usr/lib/x86_64-linux-gnu/libXdamage.so.1.1.0
7fc6b368d000-7fc6b368f000 r-xp 00000000 08:01 406533                     /usr/lib/x86_64-linux-gnu/libXcomposite.so.1.0.0
7fc6b368f000-7fc6b388e000 ---p 00002000 08:01 406533                     /usr/lib/x86_64-linux-gnu/libXcomposite.so.1.0.0
7fc6b388e000-7fc6b388f000 r--p 00001000 08:01 406533                     /usr/lib/x86_64-linux-gnu/libXcomposite.so.1.0.0
7fc6b388f000-7fc6b3890000 rw-p 00002000 08:01 406533                     /usr/lib/x86_64-linux-gnu/libXcomposite.so.1.0.0
7fc6b3890000-7fc6b3899000 r-xp 00000000 08:01 406535                     /usr/lib/x86_64-linux-gnu/libXcursor.so.1.0.2
7fc6b3899000-7fc6b3a98000 ---p 00009000 08:01 406535                     /usr/lib/x86_64-linux-gnu/libXcursor.so.1.0.2
7fc6b3a98000-7fc6b3a99000 r--p 00008000 08:01 406535                     /usr/lib/x86_64-linux-gnu/libXcursor.so.1.0.2
7fc6b3a99000-7fc6b3a9a000 rw-p 00009000 08:01 406535                     /usr/lib/x86_64-linux-gnu/libXcursor.so.1.0.2
7fc6b3a9a000-7fc6b3aa2000 r-xp 00000000 08:01 406551                     /usr/lib/x86_64-linux-gnu/libXrandr.so.2.2.0
7fc6b3aa2000-7fc6b3ca1000 ---p 00008000 08:01 406551                     /usr/lib/x86_64-linux-gnu/libXrandr.so.2.2.0
7fc6b3ca1000-7fc6b3ca2000 r--p 00007000 08:01 406551                     /usr/lib/x86_64-linux-gnu/libXrandr.so.2.2.0
7fc6b3ca2000-7fc6b3ca3000 rw-p 00008000 08:01 406551                     /usr/lib/x86_64-linux-gnu/libXrandr.so.2.2.0
7fc6b3ca3000-7fc6b3ca5000 r-xp 00000000 08:01 406549                     /usr/lib/x86_64-linux-gnu/libXinerama.so.1.0.0
7fc6b3ca5000-7fc6b3ea4000 ---p 00002000 08:01 406549                     /usr/lib/x86_64-linux-gnu/libXinerama.so.1.0.0
7fc6b3ea4000-7fc6b3ea5000 r--p 00001000 08:01 406549                     /usr/lib/x86_64-linux-gnu/libXinerama.so.1.0.0
7fc6b3ea5000-7fc6b3ea6000 rw-p 00002000 08:01 406549                     /usr/lib/x86_64-linux-gnu/libXinerama.so.1.0.0
7fc6b3ea6000-7fc6b3ea9000 r-xp 00000000 08:01 395217                     /usr/lib/x86_64-linux-gnu/libgmodule-2.0.so.0.3000.0
7fc6b3ea9000-7fc6b40a8000 ---p 00003000 08:01 395217                     /usr/lib/x86_64-linux-gnu/libgmodule-2.0.so.0.3000.0
7fc6b40a8000-7fc6b40a9000 r--p 00002000 08:01 395217                     /usr/lib/x86_64-linux-gnu/libgmodule-2.0.so.0.3000.0
7fc6b40a9000-7fc6b40aa000 rw-p 00003000 08:01 395217                     /usr/lib/x86_64-linux-gnu/libgmodule-2.0.so.0.3000.0
7fc6b40aa000-7fc6b40d4000 r-xp 00000000 08:01 397305                     /usr/lib/x86_64-linux-gnu/libpangoft2-1.0.so.0.2903.0
7fc6b40d4000-7fc6b42d3000 ---p 0002a000 08:01 397305                     /usr/lib/x86_64-linux-gnu/libpangoft2-1.0.so.0.2903.0
7fc6b42d3000-7fc6b42d4000 r--p 00029000 08:01 397305                     /usr/lib/x86_64-linux-gnu/libpangoft2-1.0.so.0.2903.0
7fc6b42d4000-7fc6b42d5000 rw-p 0002a000 08:01 397305                     /usr/lib/x86_64-linux-gnu/libpangoft2-1.0.so.0.2903.0
7fc6b42d5000-7fc6b438e000 r-xp 00000000 08:01 406593                     /usr/lib/x86_64-linux-gnu/libcairo.so.2.11000.2
7fc6b438e000-7fc6b458d000 ---p 000b9000 08:01 406593                     /usr/lib/x86_64-linux-gnu/libcairo.so.2.11000.2
7fc6b458d000-7fc6b458f000 r--p 000b8000 08:01 406593                     /usr/lib/x86_64-linux-gnu/libcairo.so.2.11000.2
7fc6b458f000-7fc6b4590000 rw-p 000ba000 08:01 406593                     /usr/lib/x86_64-linux-gnu/libcairo.so.2.11000.2
7fc6b4590000-7fc6b4593000 rw-p 00000000 00:00 0 
7fc6b4593000-7fc6b45b2000 r-xp 00000000 08:01 394856                     /usr/lib/x86_64-linux-gnu/libatk-1.0.so.0.20209.1
7fc6b45b2000-7fc6b47b2000 ---p 0001f000 08:01 394856                     /usr/lib/x86_64-linux-gnu/libatk-1.0.so.0.20209.1
7fc6b47b2000-7fc6b47b4000 r--p 0001f000 08:01 394856                     /usr/lib/x86_64-linux-gnu/libatk-1.0.so.0.20209.1
7fc6b47b4000-7fc6b47b5000 rw-p 00021000 08:01 394856                     /usr/lib/x86_64-linux-gnu/libatk-1.0.so.0.20209.1
7fc6b47b5000-7fc6b47ba000 r-xp 00000000 08:01 406543                     /usr/lib/x86_64-linux-gnu/libXfixes.so.3.1.0
7fc6b47ba000-7fc6b49b9000 ---p 00005000 08:01 406543                     /usr/lib/x86_64-linux-gnu/libXfixes.so.3.1.0
7fc6b49b9000-7fc6b49ba000 r--p 00004000 08:01 406543                     /usr/lib/x86_64-linux-gnu/libXfixes.so.3.1.0
7fc6b49ba000-7fc6b49bb000 rw-p 00005000 08:01 406543                     /usr/lib/x86_64-linux-gnu/libXfixes.so.3.1.0
7fc6b49bb000-7fc6b49c6000 r-xp 00000000 08:01 397309                     /usr/lib/x86_64-linux-gnu/libpangocairo-1.0.so.0.2903.0
7fc6b49c6000-7fc6b4bc6000 ---p 0000b000 08:01 397309                     /usr/lib/x86_64-linux-gnu/libpangocairo-1.0.so.0.2903.0
7fc6b4bc6000-7fc6b4bc7000 r--p 0000b000 08:01 397309                     /usr/lib/x86_64-linux-gnu/libpangocairo-1.0.so.0.2903.0
7fc6b4bc7000-7fc6b4bc8000 rw-p 0000c000 08:01 397309                     /usr/lib/x86_64-linux-gnu/libpangocairo-1.0.so.0.2903.0
7fc6b4bc8000-7fc6b4be3000 r-xp 00000000 08:01 406817                     /usr/lib/x86_64-linux-gnu/libxcb.so.1.1.0
7fc6b4be3000-7fc6b4de2000 ---p 0001b000 08:01 406817                     /usr/lib/x86_64-linux-gnu/libxcb.so.1.1.0
7fc6b4de2000-7fc6b4de3000 r--p 0001a000 08:01 406817                     /usr/lib/x86_64-linux-gnu/libxcb.so.1.1.0
7fc6b4de3000-7fc6b4de4000 rw-p 0001b000 08:01 406817                     /usr/lib/x86_64-linux-gnu/libxcb.so.1.1.0
7fc6b4de4000-7fc6b4e32000 r-xp 00000000 08:01 400264                     /usr/lib/x86_64-linux-gnu/libcups.so.2
7fc6b4e32000-7fc6b5032000 ---p 0004e000 08:01 400264                     /usr/lib/x86_64-linux-gnu/libcups.so.2
7fc6b5032000-7fc6b5036000 r--p 0004e000 08:01 400264                     /usr/lib/x86_64-linux-gnu/libcups.so.2
7fc6b5036000-7fc6b5037000 rw-p 00052000 08:01 400264                     /usr/lib/x86_64-linux-gnu/libcups.so.2
7fc6b5037000-7fc6b512b000 r-xp 00000000 08:01 134283                     /lib/x86_64-linux-gnu/libglib-2.0.so.0.3000.0
7fc6b512b000-7fc6b532a000 ---p 000f4000 08:01 134283                     /lib/x86_64-linux-gnu/libglib-2.0.so.0.3000.0
7fc6b532a000-7fc6b532b000 r--p 000f3000 08:01 134283                     /lib/x86_64-linux-gnu/libglib-2.0.so.0.3000.0
7fc6b532b000-7fc6b532c000 rw-p 000f4000 08:01 134283                     /lib/x86_64-linux-gnu/libglib-2.0.so.0.3000.0
7fc6b532c000-7fc6b532d000 rw-p 00000000 00:00 0 
7fc6b532d000-7fc6b5331000 r-xp 00000000 08:01 394708                     /usr/lib/x86_64-linux-gnu/libgthread-2.0.so.0.3000.0
7fc6b5331000-7fc6b5530000 ---p 00004000 08:01 394708                     /usr/lib/x86_64-linux-gnu/libgthread-2.0.so.0.3000.0
7fc6b5530000-7fc6b5531000 r--p 00003000 08:01 394708                     /usr/lib/x86_64-linux-gnu/libgthread-2.0.so.0.3000.0
7fc6b5531000-7fc6b5532000 rw-p 00004000 08:01 394708                     /usr/lib/x86_64-linux-gnu/libgthread-2.0.so.0.3000.0
7fc6b5532000-7fc6b5580000 r-xp 00000000 08:01 394707                     /usr/lib/x86_64-linux-gnu/libgobject-2.0.so.0.3000.0
7fc6b5580000-7fc6b5780000 ---p 0004e000 08:01 394707                     /usr/lib/x86_64-linux-gnu/libgobject-2.0.so.0.3000.0
7fc6b5780000-7fc6b5781000 r--p 0004e000 08:01 394707                     /usr/lib/x86_64-linux-gnu/libgobject-2.0.so.0.3000.0
7fc6b5781000-7fc6b5782000 rw-p 0004f000 08:01 394707                     /usr/lib/x86_64-linux-gnu/libgobject-2.0.so.0.3000.0
7fc6b5782000-7fc6b5783000 rw-p 00000000 00:00 0 
7fc6b5783000-7fc6b57b7000 r-xp 00000000 08:01 406630                     /usr/lib/x86_64-linux-gnu/libfontconfig.so.1.4.4
7fc6b57b7000-7fc6b59b7000 ---p 00034000 08:01 406630                     /usr/lib/x86_64-linux-gnu/libfontconfig.so.1.4.4
7fc6b59b7000-7fc6b59b8000 r--p 00034000 08:01 406630                     /usr/lib/x86_64-linux-gnu/libfontconfig.so.1.4.4
7fc6b59b8000-7fc6b59b9000 rw-p 00035000 08:01 406630                     /usr/lib/x86_64-linux-gnu/libfontconfig.so.1.4.4
7fc6b59b9000-7fc6b5a00000 r-xp 00000000 08:01 397304                     /usr/lib/x86_64-linux-gnu/libpango-1.0.so.0.2903.0
7fc6b5a00000-7fc6b5c00000 ---p 00047000 08:01 397304                     /usr/lib/x86_64-linux-gnu/libpango-1.0.so.0.2903.0
7fc6b5c00000-7fc6b5c02000 r--p 00047000 08:01 397304                     /usr/lib/x86_64-linux-gnu/libpango-1.0.so.0.2903.0
7fc6b5c02000-7fc6b5c03000 rw-p 00049000 08:01 397304                     /usr/lib/x86_64-linux-gnu/libpango-1.0.so.0.2903.0
7fc6b5c03000-7fc6b5c21000 r-xp 00000000 08:01 394128                     /usr/lib/x86_64-linux-gnu/libgdk_pixbuf-2.0.so.0.2400.0
7fc6b5c21000-7fc6b5e20000 ---p 0001e000 08:01 394128                     /usr/lib/x86_64-linux-gnu/libgdk_pixbuf-2.0.so.0.2400.0
7fc6b5e20000-7fc6b5e21000 r--p 0001d000 08:01 394128                     /usr/lib/x86_64-linux-gnu/libgdk_pixbuf-2.0.so.0.2400.0
7fc6b5e21000-7fc6b5e22000 rw-p 0001e000 08:01 394128                     /usr/lib/x86_64-linux-gnu/libgdk_pixbuf-2.0.so.0.2400.0
7fc6b5e22000-7fc6b5f5d000 r-xp 00000000 08:01 394685                     /usr/lib/x86_64-linux-gnu/libgio-2.0.so.0.3000.0
7fc6b5f5d000-7fc6b615c000 ---p 0013b000 08:01 394685                     /usr/lib/x86_64-linux-gnu/libgio-2.0.so.0.3000.0
7fc6b615c000-7fc6b6160000 r--p 0013a000 08:01 394685                     /usr/lib/x86_64-linux-gnu/libgio-2.0.so.0.3000.0
7fc6b6160000-7fc6b6162000 rw-p 0013e000 08:01 394685                     /usr/lib/x86_64-linux-gnu/libgio-2.0.so.0.3000.0
7fc6b6162000-7fc6b6164000 rw-p 00000000 00:00 0 
7fc6b6164000-7fc6b6211000 r-xp 00000000 08:01 397253                     /usr/lib/x86_64-linux-gnu/libgdk-x11-2.0.so.0.2400.6
7fc6b6211000-7fc6b6410000 ---p 000ad000 08:01 397253                     /usr/lib/x86_64-linux-gnu/libgdk-x11-2.0.so.0.2400.6
7fc6b6410000-7fc6b6414000 r--p 000ac000 08:01 397253                     /usr/lib/x86_64-linux-gnu/libgdk-x11-2.0.so.0.2400.6
7fc6b6414000-7fc6b6416000 rw-p 000b0000 08:01 397253                     /usr/lib/x86_64-linux-gnu/libgdk-x11-2.0.so.0.2400.6
7fc6b6416000-7fc6b6845000 r-xp 00000000 08:01 397246                     /usr/lib/x86_64-linux-gnu/libgtk-x11-2.0.so.0.2400.6
7fc6b6845000-7fc6b6a45000 ---p 0042f000 08:01 397246                     /usr/lib/x86_64-linux-gnu/libgtk-x11-2.0.so.0.2400.6
7fc6b6a45000-7fc6b6a4c000 r--p 0042f000 08:01 397246                     /usr/lib/x86_64-linux-gnu/libgtk-x11-2.0.so.0.2400.6
7fc6b6a4c000-7fc6b6a50000 rw-p 00436000 08:01 397246                     /usr/lib/x86_64-linux-gnu/libgtk-x11-2.0.so.0.2400.6
7fc6b6a50000-7fc6b6a52000 rw-p 00000000 00:00 0 
7fc6b6a52000-7fc6b6a61000 r-xp 00000000 08:01 406547                     /usr/lib/x86_64-linux-gnu/libXi.so.6.1.0
7fc6b6a61000-7fc6b6c60000 ---p 0000f000 08:01 406547                     /usr/lib/x86_64-linux-gnu/libXi.so.6.1.0
7fc6b6c60000-7fc6b6c61000 r--p 0000e000 08:01 406547                     /usr/lib/x86_64-linux-gnu/libXi.so.6.1.0
7fc6b6c61000-7fc6b6c62000 rw-p 0000f000 08:01 406547                     /usr/lib/x86_64-linux-gnu/libXi.so.6.1.0
7fc6b6c62000-7fc6b6c67000 r-xp 00000000 08:01 398564                     /usr/lib/libXtst.so.6.1.0
7fc6b6c67000-7fc6b6e66000 ---p 00005000 08:01 398564                     /usr/lib/libXtst.so.6.1.0
7fc6b6e66000-7fc6b6e67000 r--p 00004000 08:01 398564                     /usr/lib/libXtst.so.6.1.0
7fc6b6e67000-7fc6b6e68000 rw-p 00005000 08:01 398564                     /usr/lib/libXtst.so.6.1.0
7fc6b6e68000-7fc6b6e71000 r-xp 00000000 08:01 406553                     /usr/lib/x86_64-linux-gnu/libXrender.so.1.3.0
7fc6b6e71000-7fc6b7071000 ---p 00009000 08:01 406553                     /usr/lib/x86_64-linux-gnu/libXrender.so.1.3.0
7fc6b7071000-7fc6b7072000 r--p 00009000 08:01 406553                     /usr/lib/x86_64-linux-gnu/libXrender.so.1.3.0
7fc6b7072000-7fc6b7073000 rw-p 0000a000 08:01 406553                     /usr/lib/x86_64-linux-gnu/libXrender.so.1.3.0
7fc6b7073000-7fc6b71a6000 r-xp 00000000 08:01 406471                     /usr/lib/x86_64-linux-gnu/libX11.so.6.3.0
7fc6b71a6000-7fc6b73a6000 ---p 00133000 08:01 406471                     /usr/lib/x86_64-linux-gnu/libX11.so.6.3.0
7fc6b73a6000-7fc6b73a7000 r--p 00133000 08:01 406471                     /usr/lib/x86_64-linux-gnu/libX11.so.6.3.0
7fc6b73a7000-7fc6b73ab000 rw-p 00134000 08:01 406471                     /usr/lib/x86_64-linux-gnu/libX11.so.6.3.0
7fc6b73ab000-7fc6b73bd000 r-xp 00000000 08:01 406541                     /usr/lib/x86_64-linux-gnu/libXext.so.6.4.0
7fc6b73bd000-7fc6b75bc000 ---p 00012000 08:01 406541                     /usr/lib/x86_64-linux-gnu/libXext.so.6.4.0
7fc6b75bc000-7fc6b75bd000 r--p 00011000 08:01 406541                     /usr/lib/x86_64-linux-gnu/libXext.so.6.4.0
7fc6b75bd000-7fc6b75be000 rw-p 00012000 08:01 406541                     /usr/lib/x86_64-linux-gnu/libXext.so.6.4.0
7fc6b75be000-7fc6b75e1000 r--p 00000000 08:01 675061                     /usr/share/locale-langpack/fr/LC_MESSAGES/libc.mo
7fc6b75e1000-7fc6b7633000 r-xp 00000000 08:01 401973                     /usr/lib/jvm/java-7-openjdk-amd64/jre/lib/amd64/xawt/libmawt.so
7fc6b7633000-7fc6b7833000 ---p 00052000 08:01 401973                     /usr/lib/jvm/java-7-openjdk-amd64/jre/lib/amd64/xawt/libmawt.so
7fc6b7833000-7fc6b7834000 r--p 00052000 08:01 401973                     /usr/lib/jvm/java-7-openjdk-amd64/jre/lib/amd64/xawt/libmawt.so
7fc6b7834000-7fc6b7837000 rw-p 00053000 08:01 401973                     /usr/lib/jvm/java-7-openjdk-amd64/jre/lib/amd64/xawt/libmawt.so
7fc6b7837000-7fc6b7838000 rw-p 00000000 00:00 0 
7fc6b7838000-7fc6b78da000 r-xp 00000000 08:01 398111                     /usr/lib/jvm/java-7-openjdk-amd64/jre/lib/amd64/libawt.so
7fc6b78da000-7fc6b7ad9000 ---p 000a2000 08:01 398111                     /usr/lib/jvm/java-7-openjdk-amd64/jre/lib/amd64/libawt.so
7fc6b7ad9000-7fc6b7ada000 r--p 000a1000 08:01 398111                     /usr/lib/jvm/java-7-openjdk-amd64/jre/lib/amd64/libawt.so
7fc6b7ada000-7fc6b7ae5000 rw-p 000a2000 08:01 398111                     /usr/lib/jvm/java-7-openjdk-amd64/jre/lib/amd64/libawt.so
7fc6b7ae5000-7fc6b7b0a000 rw-p 00000000 00:00 0 
7fc6b7b0a000-7fc6b7b0b000 ---p 00000000 00:00 0 
7fc6b7b0b000-7fc6b7c0b000 rw-p 00000000 00:00 0 
7fc6b7c0b000-7fc6b7c0e000 ---p 00000000 00:00 0 
7fc6b7c0e000-7fc6b7d0c000 rw-p 00000000 00:00 0 
7fc6b7d0c000-7fc6b7d0f000 ---p 00000000 00:00 0 
7fc6b7d0f000-7fc6b7e0d000 rw-p 00000000 00:00 0 
7fc6b7e0d000-7fc6b7e10000 ---p 00000000 00:00 0 
7fc6b7e10000-7fc6b7f0e000 rw-p 00000000 00:00 0 
7fc6b7f0e000-7fc6b7f11000 ---p 00000000 00:00 0 
7fc6b7f11000-7fc6b800f000 rw-p 00000000 00:00 0 
7fc6b800f000-7fc6b86fc000 r--p 00000000 08:01 403488                     /usr/lib/locale/locale-archive
7fc6b86fc000-7fc6b86ff000 ---p 00000000 00:00 0 
7fc6b86ff000-7fc6b87fd000 rw-p 00000000 00:00 0 
7fc6b87fd000-7fc6b8800000 ---p 00000000 00:00 0 
7fc6b8800000-7fc6b88fe000 rw-p 00000000 00:00 0 
7fc6b88fe000-7fc6b88ff000 ---p 00000000 00:00 0 
7fc6b88ff000-7fc6b8d6e000 rw-p 00000000 00:00 0 
7fc6b8d6e000-7fc6b8f1c000 r--s 03e76000 08:01 396788                     /usr/lib/jvm/java-7-openjdk-amd64/jre/lib/rt.jar
7fc6b8f1c000-7fc6b8f44000 rw-p 00000000 00:00 0 
7fc6b8f44000-7fc6b8f45000 ---p 00000000 00:00 0 
7fc6b8f45000-7fc6b9045000 rw-p 00000000 00:00 0 
7fc6b9045000-7fc6b9046000 ---p 00000000 00:00 0 
7fc6b9046000-7fc6b9151000 rw-p 00000000 00:00 0 
7fc6b9151000-7fc6b9199000 rw-p 00000000 00:00 0 
7fc6b9199000-7fc6b91ae000 rw-p 00000000 00:00 0 
7fc6b91ae000-7fc6b92e4000 rw-p 00000000 00:00 0 
7fc6b92e4000-7fc6b92ef000 rw-p 00000000 00:00 0 
7fc6b92ef000-7fc6b9337000 rw-p 00000000 00:00 0 
7fc6b9337000-7fc6b934c000 rw-p 00000000 00:00 0 
7fc6b934c000-7fc6b9481000 rw-p 00000000 00:00 0 
7fc6b9481000-7fc6b948c000 rw-p 00000000 00:00 0 
7fc6b948c000-7fc6b9527000 rw-p 00000000 00:00 0 
7fc6b9527000-7fc6b9528000 rw-p 00000000 00:00 0 
7fc6b9528000-7fc6b9798000 rwxp 00000000 00:00 0 
7fc6b9798000-7fc6bc528000 rw-p 00000000 00:00 0 
7fc6bc528000-7fc6bc530000 r-xp 00000000 08:01 399895                     /usr/lib/jvm/java-7-openjdk-amd64/jre/lib/amd64/libzip.so
7fc6bc530000-7fc6bc72f000 ---p 00008000 08:01 399895                     /usr/lib/jvm/java-7-openjdk-amd64/jre/lib/amd64/libzip.so
7fc6bc72f000-7fc6bc730000 r--p 00007000 08:01 399895                     /usr/lib/jvm/java-7-openjdk-amd64/jre/lib/amd64/libzip.so
7fc6bc730000-7fc6bc731000 rw-p 00008000 08:01 399895                     /usr/lib/jvm/java-7-openjdk-amd64/jre/lib/amd64/libzip.so
7fc6bc731000-7fc6bc73d000 r-xp 00000000 08:01 134596                     /lib/x86_64-linux-gnu/libnss_files-2.13.so
7fc6bc73d000-7fc6bc93c000 ---p 0000c000 08:01 134596                     /lib/x86_64-linux-gnu/libnss_files-2.13.so
7fc6bc93c000-7fc6bc93d000 r--p 0000b000 08:01 134596                     /lib/x86_64-linux-gnu/libnss_files-2.13.so
7fc6bc93d000-7fc6bc93e000 rw-p 0000c000 08:01 134596                     /lib/x86_64-linux-gnu/libnss_files-2.13.so
7fc6bc93e000-7fc6bc948000 r-xp 00000000 08:01 134607                     /lib/x86_64-linux-gnu/libnss_nis-2.13.so
7fc6bc948000-7fc6bcb48000 ---p 0000a000 08:01 134607                     /lib/x86_64-linux-gnu/libnss_nis-2.13.so
7fc6bcb48000-7fc6bcb49000 r--p 0000a000 08:01 134607                     /lib/x86_64-linux-gnu/libnss_nis-2.13.so
7fc6bcb49000-7fc6bcb4a000 rw-p 0000b000 08:01 134607                     /lib/x86_64-linux-gnu/libnss_nis-2.13.so
7fc6bcb4a000-7fc6bcb61000 r-xp 00000000 08:01 134591                     /lib/x86_64-linux-gnu/libnsl-2.13.so
7fc6bcb61000-7fc6bcd60000 ---p 00017000 08:01 134591                     /lib/x86_64-linux-gnu/libnsl-2.13.so
7fc6bcd60000-7fc6bcd61000 r--p 00016000 08:01 134591                     /lib/x86_64-linux-gnu/libnsl-2.13.so
7fc6bcd61000-7fc6bcd62000 rw-p 00017000 08:01 134591                     /lib/x86_64-linux-gnu/libnsl-2.13.so
7fc6bcd62000-7fc6bcd64000 rw-p 00000000 00:00 0 
7fc6bcd64000-7fc6bcd6c000 r-xp 00000000 08:01 134588                     /lib/x86_64-linux-gnu/libnss_compat-2.13.so
7fc6bcd6c000-7fc6bcf6b000 ---p 00008000 08:01 134588                     /lib/x86_64-linux-gnu/libnss_compat-2.13.so
7fc6bcf6b000-7fc6bcf6c000 r--p 00007000 08:01 134588                     /lib/x86_64-linux-gnu/libnss_compat-2.13.so
7fc6bcf6c000-7fc6bcf6d000 rw-p 00008000 08:01 134588                     /lib/x86_64-linux-gnu/libnss_compat-2.13.so
7fc6bcf6d000-7fc6bcf96000 r-xp 00000000 08:01 398578                     /usr/lib/jvm/java-7-openjdk-amd64/jre/lib/amd64/libjava.so
7fc6bcf96000-7fc6bd195000 ---p 00029000 08:01 398578                     /usr/lib/jvm/java-7-openjdk-amd64/jre/lib/amd64/libjava.so
7fc6bd195000-7fc6bd196000 r--p 00028000 08:01 398578                     /usr/lib/jvm/java-7-openjdk-amd64/jre/lib/amd64/libjava.so
7fc6bd196000-7fc6bd198000 rw-p 00029000 08:01 398578                     /usr/lib/jvm/java-7-openjdk-amd64/jre/lib/amd64/libjava.so
7fc6bd198000-7fc6bd1a6000 r-xp 00000000 08:01 399894                     /usr/lib/jvm/java-7-openjdk-amd64/jre/lib/amd64/libverify.so
7fc6bd1a6000-7fc6bd3a5000 ---p 0000e000 08:01 399894                     /usr/lib/jvm/java-7-openjdk-amd64/jre/lib/amd64/libverify.so
7fc6bd3a5000-7fc6bd3a7000 r--p 0000d000 08:01 399894                     /usr/lib/jvm/java-7-openjdk-amd64/jre/lib/amd64/libverify.so
7fc6bd3a7000-7fc6bd3a8000 rw-p 0000f000 08:01 399894                     /usr/lib/jvm/java-7-openjdk-amd64/jre/lib/amd64/libverify.so
7fc6bd3a8000-7fc6bd3af000 r-xp 00000000 08:01 134577                     /lib/x86_64-linux-gnu/librt-2.13.so
7fc6bd3af000-7fc6bd5ae000 ---p 00007000 08:01 134577                     /lib/x86_64-linux-gnu/librt-2.13.so
7fc6bd5ae000-7fc6bd5af000 r--p 00006000 08:01 134577                     /lib/x86_64-linux-gnu/librt-2.13.so
7fc6bd5af000-7fc6bd5b0000 rw-p 00007000 08:01 134577                     /lib/x86_64-linux-gnu/librt-2.13.so
7fc6bd5b0000-7fc6bd5c5000 r-xp 00000000 08:01 131748                     /lib/x86_64-linux-gnu/libgcc_s.so.1
7fc6bd5c5000-7fc6bd7c4000 ---p 00015000 08:01 131748                     /lib/x86_64-linux-gnu/libgcc_s.so.1
7fc6bd7c4000-7fc6bd7c5000 r--p 00014000 08:01 131748                     /lib/x86_64-linux-gnu/libgcc_s.so.1
7fc6bd7c5000-7fc6bd7c6000 rw-p 00015000 08:01 131748                     /lib/x86_64-linux-gnu/libgcc_s.so.1
7fc6bd7c6000-7fc6bd849000 r-xp 00000000 08:01 134673                     /lib/x86_64-linux-gnu/libm-2.13.so
7fc6bd849000-7fc6bda48000 ---p 00083000 08:01 134673                     /lib/x86_64-linux-gnu/libm-2.13.so
7fc6bda48000-7fc6bda49000 r--p 00082000 08:01 134673                     /lib/x86_64-linux-gnu/libm-2.13.so
7fc6bda49000-7fc6bda4a000 rw-p 00083000 08:01 134673                     /lib/x86_64-linux-gnu/libm-2.13.so
7fc6bda4a000-7fc6bdb32000 r-xp 00000000 08:01 398097                     /usr/lib/x86_64-linux-gnu/libstdc++.so.6.0.16
7fc6bdb32000-7fc6bdd32000 ---p 000e8000 08:01 398097                     /usr/lib/x86_64-linux-gnu/libstdc++.so.6.0.16
7fc6bdd32000-7fc6bdd3a000 r--p 000e8000 08:01 398097                     /usr/lib/x86_64-linux-gnu/libstdc++.so.6.0.16
7fc6bdd3a000-7fc6bdd3c000 rw-p 000f0000 08:01 398097                     /usr/lib/x86_64-linux-gnu/libstdc++.so.6.0.16
7fc6bdd3c000-7fc6bdd51000 rw-p 00000000 00:00 0 
7fc6bdd51000-7fc6be6d8000 r-xp 00000000 08:01 399897                     /usr/lib/jvm/java-7-openjdk-amd64/jre/lib/amd64/server/libjvm.so
7fc6be6d8000-7fc6be8d7000 ---p 00987000 08:01 399897                     /usr/lib/jvm/java-7-openjdk-amd64/jre/lib/amd64/server/libjvm.so
7fc6be8d7000-7fc6be955000 r--p 00986000 08:01 399897                     /usr/lib/jvm/java-7-openjdk-amd64/jre/lib/amd64/server/libjvm.so
7fc6be955000-7fc6be970000 rw-p 00a04000 08:01 399897                     /usr/lib/jvm/java-7-openjdk-amd64/jre/lib/amd64/server/libjvm.so
7fc6be970000-7fc6be99b000 rw-p 00000000 00:00 0 
7fc6be99b000-7fc6be9b3000 r-xp 00000000 08:01 134606                     /lib/x86_64-linux-gnu/libpthread-2.13.so
7fc6be9b3000-7fc6bebb2000 ---p 00018000 08:01 134606                     /lib/x86_64-linux-gnu/libpthread-2.13.so
7fc6bebb2000-7fc6bebb3000 r--p 00017000 08:01 134606                     /lib/x86_64-linux-gnu/libpthread-2.13.so
7fc6bebb3000-7fc6bebb4000 rw-p 00018000 08:01 134606                     /lib/x86_64-linux-gnu/libpthread-2.13.so
7fc6bebb4000-7fc6bebb8000 rw-p 00000000 00:00 0 
7fc6bebb8000-7fc6bebcf000 r-xp 00000000 08:01 139905                     /lib/x86_64-linux-gnu/libz.so.1.2.3.4
7fc6bebcf000-7fc6bedce000 ---p 00017000 08:01 139905                     /lib/x86_64-linux-gnu/libz.so.1.2.3.4
7fc6bedce000-7fc6bedcf000 r--p 00016000 08:01 139905                     /lib/x86_64-linux-gnu/libz.so.1.2.3.4
7fc6bedcf000-7fc6bedd0000 rw-p 00017000 08:01 139905                     /lib/x86_64-linux-gnu/libz.so.1.2.3.4
7fc6bedd0000-7fc6bedd2000 r-xp 00000000 08:01 134594                     /lib/x86_64-linux-gnu/libdl-2.13.so
7fc6bedd2000-7fc6befd2000 ---p 00002000 08:01 134594                     /lib/x86_64-linux-gnu/libdl-2.13.so
7fc6befd2000-7fc6befd3000 r--p 00002000 08:01 134594                     /lib/x86_64-linux-gnu/libdl-2.13.so
7fc6befd3000-7fc6befd4000 rw-p 00003000 08:01 134594                     /lib/x86_64-linux-gnu/libdl-2.13.so
7fc6befd4000-7fc6bf169000 r-xp 00000000 08:01 134593                     /lib/x86_64-linux-gnu/libc-2.13.so
7fc6bf169000-7fc6bf368000 ---p 00195000 08:01 134593                     /lib/x86_64-linux-gnu/libc-2.13.so
7fc6bf368000-7fc6bf36c000 r--p 00194000 08:01 134593                     /lib/x86_64-linux-gnu/libc-2.13.so
7fc6bf36c000-7fc6bf36d000 rw-p 00198000 08:01 134593                     /lib/x86_64-linux-gnu/libc-2.13.so
7fc6bf36d000-7fc6bf373000 rw-p 00000000 00:00 0 
7fc6bf373000-7fc6bf37f000 r-xp 00000000 08:01 397479                     /usr/lib/jvm/java-7-openjdk-amd64/jre/lib/amd64/jli/libjli.so
7fc6bf37f000-7fc6bf57e000 ---p 0000c000 08:01 397479                     /usr/lib/jvm/java-7-openjdk-amd64/jre/lib/amd64/jli/libjli.so
7fc6bf57e000-7fc6bf57f000 r--p 0000b000 08:01 397479                     /usr/lib/jvm/java-7-openjdk-amd64/jre/lib/amd64/jli/libjli.so
7fc6bf57f000-7fc6bf580000 rw-p 0000c000 08:01 397479                     /usr/lib/jvm/java-7-openjdk-amd64/jre/lib/amd64/jli/libjli.so
7fc6bf580000-7fc6bf5a1000 r-xp 00000000 08:01 134600                     /lib/x86_64-linux-gnu/ld-2.13.so
7fc6bf5a1000-7fc6bf5a5000 r--s 0009f000 08:01 396465                     /usr/lib/jvm/java-7-openjdk-common/jre/lib/jsse.jar
7fc6bf5a5000-7fc6bf5ae000 r--s 00263000 08:01 396683                     /usr/lib/jvm/java-7-openjdk-common/jre/lib/resources.jar
7fc6bf5ae000-7fc6bf5b5000 r--s 00000000 08:01 663199                     /usr/lib/x86_64-linux-gnu/gconv/gconv-modules.cache
7fc6bf5b5000-7fc6bf5bf000 rw-p 00000000 00:00 0 
7fc6bf5bf000-7fc6bf675000 rw-p 00000000 00:00 0 
7fc6bf675000-7fc6bf678000 ---p 00000000 00:00 0 
7fc6bf678000-7fc6bf77b000 rw-p 00000000 00:00 0 
7fc6bf77c000-7fc6bf77d000 r--p 00000000 00:00 0 
7fc6bf77d000-7fc6bf780000 r--s 00032000 08:01 395025                     /usr/lib/jvm/java-7-openjdk-common/jre/lib/ext/sunjce_provider.jar
7fc6bf780000-7fc6bf783000 r--s 00085000 08:01 395002                     /usr/lib/jvm/java-7-openjdk-common/jre/lib/ext/localedata.jar
7fc6bf783000-7fc6bf784000 r--s 00002000 08:01 394906                     /usr/lib/jvm/java-7-openjdk-common/jre/lib/ext/dnsns.jar
7fc6bf784000-7fc6bf787000 r--s 0003c000 08:01 394890                     /usr/lib/jvm/java-7-openjdk-common/jre/lib/ext/sunpkcs11.jar
7fc6bf787000-7fc6bf789000 r--s 00012000 08:01 395160                     /usr/lib/jvm/java-7-openjdk-common/jre/lib/ext/zipfs.jar
7fc6bf789000-7fc6bf78c000 r--s 0000f000 08:01 395194                     /usr/lib/jvm/java-7-openjdk-common/jre/lib/ext/pulse-java.jar
7fc6bf78c000-7fc6bf794000 r--s 00066000 08:01 676447                     /usr/share/java/gnome-java-bridge.jar
7fc6bf794000-7fc6bf79c000 rw-s 00000000 08:01 268505                     /tmp/hsperfdata_guillaume/3648
7fc6bf79c000-7fc6bf79d000 rw-p 00000000 00:00 0 
7fc6bf79d000-7fc6bf79e000 r--p 00000000 00:00 0 
7fc6bf79e000-7fc6bf7a0000 rw-p 00000000 00:00 0 
7fc6bf7a0000-7fc6bf7a1000 r--p 00020000 08:01 134600                     /lib/x86_64-linux-gnu/ld-2.13.so
7fc6bf7a1000-7fc6bf7a3000 rw-p 00021000 08:01 134600                     /lib/x86_64-linux-gnu/ld-2.13.so
7fff9942c000-7fff9944d000 rw-p 00000000 00:00 0                          [stack]
7fff995ff000-7fff99600000 r-xp 00000000 00:00 0                          [vdso]
ffffffffff600000-ffffffffff601000 r-xp 00000000 00:00 0                  [vsyscall]

VM Arguments:
jvm_args: -Dfile.encoding=UTF-8 
java_command: main.Main -Xms1024M -Xmx1024M
Launcher Type: SUN_STANDARD

Environment Variables:
PATH=/usr/lib/lightdm/lightdm:/usr/local/sbin:/usr/local/bin:/usr/sbin:/usr/bin:/sbin:/bin:/usr/games
USERNAME=guillaume
SHELL=/bin/bash
DISPLAY=:0

Signal Handlers:
SIGSEGV: [libjvm.so+0x7fca30], sa_mask[0]=0x7ffbfeff, sa_flags=0x10000004
SIGBUS: [libjvm.so+0x7fca30], sa_mask[0]=0x7ffbfeff, sa_flags=0x10000004
SIGFPE: [libjvm.so+0x6a1150], sa_mask[0]=0x7ffbfeff, sa_flags=0x10000004
SIGPIPE: [libjvm.so+0x6a1150], sa_mask[0]=0x7ffbfeff, sa_flags=0x10000004
SIGXFSZ: [libjvm.so+0x6a1150], sa_mask[0]=0x7ffbfeff, sa_flags=0x10000004
SIGILL: [libjvm.so+0x6a1150], sa_mask[0]=0x7ffbfeff, sa_flags=0x10000004
SIGUSR1: SIG_DFL, sa_mask[0]=0x00000000, sa_flags=0x00000000
SIGUSR2: [libjvm.so+0x6a1520], sa_mask[0]=0x00000004, sa_flags=0x10000004
SIGHUP: [libjvm.so+0x6a1660], sa_mask[0]=0x7ffbfeff, sa_flags=0x10000004
SIGINT: SIG_IGN, sa_mask[0]=0x00000000, sa_flags=0x00000000
SIGTERM: [libjvm.so+0x6a1660], sa_mask[0]=0x7ffbfeff, sa_flags=0x10000004
SIGQUIT: [libjvm.so+0x6a1660], sa_mask[0]=0x7ffbfeff, sa_flags=0x10000004


---------------  S Y S T E M  ---------------

OS:Ubuntu 11.10 (oneiric)
uname:Linux 3.0.0-12-generic #20-Ubuntu SMP Fri Oct 7 14:56:25 UTC 2011 x86_64
libc:glibc 2.13 NPTL 2.13 
rlimit: STACK 8192k, CORE 0k, NPROC 31562, NOFILE 4096, AS infinity
load average:0,20 0,18 0,23

/proc/meminfo:
MemTotal:        4055792 kB
MemFree:         1516716 kB
Buffers:           98848 kB
Cached:           921808 kB
SwapCached:            0 kB
Active:          1662252 kB
Inactive:         665188 kB
Active(anon):    1307616 kB
Inactive(anon):    14516 kB
Active(file):     354636 kB
Inactive(file):   650672 kB
Unevictable:          32 kB
Mlocked:              32 kB
SwapTotal:             0 kB
SwapFree:              0 kB
Dirty:               652 kB
Writeback:             0 kB
AnonPages:       1306972 kB
Mapped:           188712 kB
Shmem:             15352 kB
Slab:              78300 kB
SReclaimable:      52892 kB
SUnreclaim:        25408 kB
KernelStack:        3144 kB
PageTables:        30568 kB
NFS_Unstable:          0 kB
Bounce:                0 kB
WritebackTmp:          0 kB
CommitLimit:     2027896 kB
Committed_AS:    3434728 kB
VmallocTotal:   34359738367 kB
VmallocUsed:      102100 kB
VmallocChunk:   34359626748 kB
HardwareCorrupted:     0 kB
AnonHugePages:         0 kB
HugePages_Total:       0
HugePages_Free:        0
HugePages_Rsvd:        0
HugePages_Surp:        0
Hugepagesize:       2048 kB
DirectMap4k:      105408 kB
DirectMap2M:     4087808 kB


CPU:total 2 (2 cores per cpu, 1 threads per core) family 6 model 15 stepping 13, cmov, cx8, fxsr, mmx, sse, sse2, sse3, ssse3

Memory: 4k page, physical 4055792k(1516716k free), swap 0k(0k free)

vm_info: OpenJDK 64-Bit Server VM (21.0-b17) for linux-amd64 JRE (1.7.0_147-b147), built on Sep 30 2011 00:36:33 by "buildd" with gcc 4.6.1

time: Thu Nov 10 19:37:01 2011
elapsed time: 0 seconds

