#
# A fatal error has been detected by the Java Runtime Environment:
#
#  SIGSEGV (0xb) at pc=0x00007fb92b9741f8, pid=12463, tid=140433627600640
#
# JRE version: 7.0_147-b147
# Java VM: OpenJDK 64-Bit Server VM (21.0-b17 mixed mode linux-amd64 compressed oops)
# Derivative: IcedTea7 2.0pre
# Distribution: Ubuntu oneiric (development branch), package 7~b147-2.0~pre6-1ubuntu1
# Problematic frame:
# C  [liblcms2.so.2+0x121f8]  cmsSaveProfileToIOhandler+0x38
#
# Failed to write core dump. Core dumps have been disabled. To enable core dumping, try "ulimit -c unlimited" before starting Java again
#
# If you would like to submit a bug report, please include
# instructions on how to reproduce the bug and visit:
#   https://bugs.launchpad.net/ubuntu/+source/openjdk-7/
# The crash happened outside the Java Virtual Machine in native code.
# See problematic frame for where to report the bug.
#

---------------  T H R E A D  ---------------

Current thread (0x00000000016fc800):  JavaThread "main" [_thread_in_native, id=12465, stack(0x00007fb9406cd000,0x00007fb9407ce000)]

siginfo:si_signo=SIGSEGV: si_errno=0, si_code=1 (SEGV_MAPERR), si_addr=0x0000000000000000

Registers:
RAX=0x0000000000000000, RBX=0x0000000000000000, RCX=0x00000000000001d4, RDX=0x00007fb9407cba4c
RSP=0x00007fb9407cab20, RBP=0x0000000000000000, RSI=0x0000000000000000, RDI=0x00007fb9407cab20
R8 =0x00007fb934247870, R9 =0x00007fb94015bec7, R10=0x00007fb93a592557, R11=0x00007fb94018fdf0
R12=0x00007fb9407cba4c, R13=0x0000000000000000, R14=0x0000000000000000, R15=0x00000000016fc800
RIP=0x00007fb92b9741f8, EFLAGS=0x0000000000010246, CSGSFS=0x0000000000000033, ERR=0x0000000000000004
  TRAPNO=0x000000000000000e

Top of Stack: (sp=0x00007fb9407cab20)
0x00007fb9407cab20:   00007fb93424a1d0 00007fb92b972cef
0x00007fb9407cab30:   0000000000000c48 00007fb934000020
0x00007fb9407cab40:   000000000000000e 000000000000080c
0x00007fb9407cab50:   00007fb900000000 00007fb934000020
0x00007fb9407cab60:   000000000000000e 00007fb92b979754
0x00007fb9407cab70:   00007fb9407caffc 0df445b2c89a5b00
0x00007fb9407cab80:   00007fb93424a1d0 00007fb93424895c
0x00007fb9407cab90:   000000000000000e 00007fb92b972ebf
0x00007fb9407caba0:   4247527320434549 0000000000000000
0x00007fb9407cabb0:   00007fb93424a470 2dd3000000000100
0x00007fb9407cabc0:   0000080c000004c4 00007fb934000020
0x00007fb9407cabd0:   00007fb900000000 00007fb93424a320
0x00007fb9407cabe0:   0000000000000c48 00007fb9342487d8
0x00007fb9407cabf0:   0000000000000011 00007fb9400a8d7c
0x00007fb9407cac00:   00007fb93424a320 00007fb92b972e2c
0x00007fb9407cac10:   00007fb934248580 00007fb92b9743ae
0x00007fb9407cac20:   00007fb934249430 0000000000000000
0x00007fb9407cac30:   0000003100000000 0000000900000006
0x00007fb9407cac40:   0000006200000001 ffffffffffffffff
0x00007fb9407cac50:   0000000000000000 0000000000000000
0x00007fb9407cac60:   00007fb940188689 6d6e747202100000
0x00007fb9407cac70:   58595a2052474220 00000000000000b0
0x00007fb9407cac80:   7352474249454320 0000000000000000
0x00007fb9407cac90:   0000000000000000 0000000000000000
0x00007fb9407caca0:   6370727400000011 00007fb934000020
0x00007fb9407cacb0:   00007fb93423b650 000000000000007c
0x00007fb9407cacc0:   00007fb9407cb1e0 00007fb9407cb4a0
0x00007fb9407cacd0:   00007fb9405f285b 00007fb9400a877d
0x00007fb9407cace0:   6254524300000000 000000000000003f
0x00007fb9407cacf0:   00007fb93423b650 0000000000000000
0x00007fb9407cad00:   00007fb93424783d 00007fb9405e67e1
0x00007fb9407cad10:   0000000000000000 0000000000000000 

Instructions: (pc=0x00007fb92b9741f8)
0x00007fb92b9741d8:   48 89 de 48 81 ec b8 0e 00 00 64 48 8b 04 25 28
0x00007fb92b9741e8:   00 00 00 48 89 84 24 a8 0e 00 00 31 c0 48 89 e7
0x00007fb92b9741f8:   f3 48 a5 48 89 df e8 1d f6 ff ff 48 89 c7 e8 65
0x00007fb92b974208:   f0 ff ff 48 85 c0 49 89 c4 48 89 03 74 0e 31 f6 

Register to memory mapping:

RAX=0x0000000000000000 is an unknown value
RBX=0x0000000000000000 is an unknown value
RCX=0x00000000000001d4 is an unknown value
RDX=0x00007fb9407cba4c is pointing into the stack for thread: 0x00000000016fc800
RSP=0x00007fb9407cab20 is pointing into the stack for thread: 0x00000000016fc800
RBP=0x0000000000000000 is an unknown value
RSI=0x0000000000000000 is an unknown value
RDI=0x00007fb9407cab20 is pointing into the stack for thread: 0x00000000016fc800
R8 =0x00007fb934247870 is an unknown value
R9 =0x00007fb94015bec7: <offset 0x12fec7> in /lib/x86_64-linux-gnu/libc.so.6 at 0x00007fb94002c000
R10=0x00007fb93a592557 is an Interpreter codelet
method entry point (kind = native_synchronized)  [0x00007fb93a592180, 0x00007fb93a592b40]  2496 bytes
R11=0x00007fb94018fdf0: <offset 0x163df0> in /lib/x86_64-linux-gnu/libc.so.6 at 0x00007fb94002c000
R12=0x00007fb9407cba4c is pointing into the stack for thread: 0x00000000016fc800
R13=0x0000000000000000 is an unknown value
R14=0x0000000000000000 is an unknown value
R15=0x00000000016fc800 is a thread


Stack: [0x00007fb9406cd000,0x00007fb9407ce000],  sp=0x00007fb9407cab20,  free space=1014k
Native frames: (J=compiled Java code, j=interpreted, Vv=VM code, C=native code)
C  [liblcms2.so.2+0x121f8]  cmsSaveProfileToIOhandler+0x38

[error occurred during error reporting (printing native stack), id 0xb]

Java frames: (J=compiled Java code, j=interpreted, Vv=VM code)
j  sun.java2d.cmm.lcms.LCMS.getTagData(JI[B)V+0
j  java.awt.color.ICC_Profile.getData(JI)[B+26
j  java.awt.color.ICC_Profile.getData(I)[B+14
j  java.awt.color.ICC_Profile.getNumComponents()I+18
j  sun.java2d.cmm.lcms.LCMSTransform.<init>(Ljava/awt/color/ICC_Profile;II)V+83
j  sun.java2d.cmm.lcms.LCMS.createTransform(Ljava/awt/color/ICC_Profile;II)Lsun/java2d/cmm/ColorTransform;+7
j  java.awt.color.ICC_ColorSpace.fromRGB([F)[F+37
j  com.sun.imageio.plugins.jpeg.JPEGImageReader.setImageData(IIIII[B)V+158
v  ~StubRoutines::call_stub
j  com.sun.imageio.plugins.jpeg.JPEGImageReader.readImageHeader(JZZ)Z+0
j  com.sun.imageio.plugins.jpeg.JPEGImageReader.readNativeHeader(Z)Z+12
j  com.sun.imageio.plugins.jpeg.JPEGImageReader.checkTablesOnly()V+92
j  com.sun.imageio.plugins.jpeg.JPEGImageReader.gotoImage(I)V+41
j  com.sun.imageio.plugins.jpeg.JPEGImageReader.readHeader(IZ)V+2
j  com.sun.imageio.plugins.jpeg.JPEGImageReader.readInternal(ILjavax/imageio/ImageReadParam;Z)Ljava/awt/image/Raster;+3
j  com.sun.imageio.plugins.jpeg.JPEGImageReader.read(ILjavax/imageio/ImageReadParam;)Ljava/awt/image/BufferedImage;+8
j  javax.imageio.ImageIO.read(Ljavax/imageio/stream/ImageInputStream;)Ljava/awt/image/BufferedImage;+55
j  javax.imageio.ImageIO.read(Ljava/io/InputStream;)Ljava/awt/image/BufferedImage;+20
j  content.ImageBank.<init>()V+118
j  main.Main.main([Ljava/lang/String;)V+4
v  ~StubRoutines::call_stub

---------------  P R O C E S S  ---------------

Java Threads: ( => current thread )
  0x00007fb9341ad000 JavaThread "Thread-0" [_thread_blocked, id=12485, stack(0x00007fb92c1e1000,0x00007fb92c2e2000)]
  0x0000000001a1f000 JavaThread "AWT-EventQueue-0" [_thread_in_native, id=12484, stack(0x00007fb92c2e2000,0x00007fb92c3e3000)]
  0x00000000019d0800 JavaThread "AWT-Shutdown" [_thread_blocked, id=12483, stack(0x00007fb92ca48000,0x00007fb92cb49000)]
  0x00007fb9340cb800 JavaThread "process reaper" daemon [_thread_blocked, id=12481, stack(0x00007fb93809a000,0x00007fb9380b4000)]
  0x00007fb9340a6000 JavaThread "AWT-XAWT" daemon [_thread_blocked, id=12479, stack(0x00007fb92cb49000,0x00007fb92cc4a000)]
  0x00007fb93405f800 JavaThread "Java2D Disposer" daemon [_thread_blocked, id=12478, stack(0x00007fb92cc4a000,0x00007fb92cd4b000)]
  0x00000000017ff000 JavaThread "Service Thread" daemon [_thread_blocked, id=12476, stack(0x00007fb938c63000,0x00007fb938d64000)]
  0x00000000017fc800 JavaThread "C2 CompilerThread1" daemon [_thread_blocked, id=12475, stack(0x00007fb938d64000,0x00007fb938e65000)]
  0x00000000017f9800 JavaThread "C2 CompilerThread0" daemon [_thread_blocked, id=12474, stack(0x00007fb938e65000,0x00007fb938f66000)]
  0x00000000017f7800 JavaThread "Signal Dispatcher" daemon [_thread_blocked, id=12473, stack(0x00007fb938f66000,0x00007fb939067000)]
  0x000000000179a000 JavaThread "Finalizer" daemon [_thread_blocked, id=12472, stack(0x00007fb939754000,0x00007fb939855000)]
  0x0000000001797800 JavaThread "Reference Handler" daemon [_thread_blocked, id=12471, stack(0x00007fb939855000,0x00007fb939956000)]
=>0x00000000016fc800 JavaThread "main" [_thread_in_native, id=12465, stack(0x00007fb9406cd000,0x00007fb9407ce000)]

Other Threads:
  0x000000000178f800 VMThread [stack: 0x00007fb939956000,0x00007fb939a57000] [id=12470]
  0x0000000001809800 WatcherThread [stack: 0x00007fb938b62000,0x00007fb938c63000] [id=12477]

VM state:not at safepoint (normal execution)

VM Mutex/Monitor currently owned by a thread: None

Heap
 PSYoungGen      total 18496K, used 6871K [0x00000000eb560000, 0x00000000eca00000, 0x0000000100000000)
  eden space 15872K, 43% used [0x00000000eb560000,0x00000000ebc15ee8,0x00000000ec4e0000)
  from space 2624K, 0% used [0x00000000ec770000,0x00000000ec770000,0x00000000eca00000)
  to   space 2624K, 0% used [0x00000000ec4e0000,0x00000000ec4e0000,0x00000000ec770000)
 PSOldGen        total 42304K, used 0K [0x00000000c2000000, 0x00000000c4950000, 0x00000000eb560000)
  object space 42304K, 0% used [0x00000000c2000000,0x00000000c2000000,0x00000000c4950000)
 PSPermGen       total 21248K, used 11327K [0x00000000b7a00000, 0x00000000b8ec0000, 0x00000000c2000000)
  object space 21248K, 53% used [0x00000000b7a00000,0x00000000b850fcc0,0x00000000b8ec0000)

Code Cache  [0x00007fb93a580000, 0x00007fb93a7f0000, 0x00007fb93d580000)
 total_blobs=448 nmethods=14 adapters=387 free_code_cache=48608Kb largest_free_block=49763712

Dynamic libraries:
00400000-00401000 r-xp 00000000 08:01 400896                             /usr/lib/jvm/java-7-openjdk-amd64/jre/bin/java
00600000-00601000 r--p 00000000 08:01 400896                             /usr/lib/jvm/java-7-openjdk-amd64/jre/bin/java
00601000-00602000 rw-p 00001000 08:01 400896                             /usr/lib/jvm/java-7-openjdk-amd64/jre/bin/java
016f2000-01b04000 rw-p 00000000 00:00 0                                  [heap]
b7a00000-b8ec0000 rw-p 00000000 00:00 0 
b8ec0000-c2000000 rw-p 00000000 00:00 0 
c2000000-c4950000 rw-p 00000000 00:00 0 
c4950000-eb560000 rw-p 00000000 00:00 0 
eb560000-eca00000 rw-p 00000000 00:00 0 
eca00000-100000000 rw-p 00000000 00:00 0 
7fb92b8e5000-7fb92b962000 rw-p 00000000 00:00 0 
7fb92b962000-7fb92b9a8000 r-xp 00000000 08:01 406696                     /usr/lib/x86_64-linux-gnu/liblcms2.so.2.0.2
7fb92b9a8000-7fb92bba7000 ---p 00046000 08:01 406696                     /usr/lib/x86_64-linux-gnu/liblcms2.so.2.0.2
7fb92bba7000-7fb92bba8000 r--p 00045000 08:01 406696                     /usr/lib/x86_64-linux-gnu/liblcms2.so.2.0.2
7fb92bba8000-7fb92bbac000 rw-p 00046000 08:01 406696                     /usr/lib/x86_64-linux-gnu/liblcms2.so.2.0.2
7fb92bbac000-7fb92bbad000 rw-p 00000000 00:00 0 
7fb92bbad000-7fb92bbb1000 r-xp 00000000 08:01 398964                     /usr/lib/jvm/java-7-openjdk-amd64/jre/lib/amd64/libjavalcms.so
7fb92bbb1000-7fb92bdb0000 ---p 00004000 08:01 398964                     /usr/lib/jvm/java-7-openjdk-amd64/jre/lib/amd64/libjavalcms.so
7fb92bdb0000-7fb92bdb1000 r--p 00003000 08:01 398964                     /usr/lib/jvm/java-7-openjdk-amd64/jre/lib/amd64/libjavalcms.so
7fb92bdb1000-7fb92bdb2000 rw-p 00004000 08:01 398964                     /usr/lib/jvm/java-7-openjdk-amd64/jre/lib/amd64/libjavalcms.so
7fb92bdb2000-7fb92bdd6000 r-xp 00000000 08:01 406680                     /usr/lib/x86_64-linux-gnu/libjpeg.so.62.0.0
7fb92bdd6000-7fb92bfd5000 ---p 00024000 08:01 406680                     /usr/lib/x86_64-linux-gnu/libjpeg.so.62.0.0
7fb92bfd5000-7fb92bfd6000 r--p 00023000 08:01 406680                     /usr/lib/x86_64-linux-gnu/libjpeg.so.62.0.0
7fb92bfd6000-7fb92bfd7000 rw-p 00024000 08:01 406680                     /usr/lib/x86_64-linux-gnu/libjpeg.so.62.0.0
7fb92bfd7000-7fb92bfe0000 r-xp 00000000 08:01 398665                     /usr/lib/jvm/java-7-openjdk-amd64/jre/lib/amd64/libjavajpeg.so
7fb92bfe0000-7fb92c1df000 ---p 00009000 08:01 398665                     /usr/lib/jvm/java-7-openjdk-amd64/jre/lib/amd64/libjavajpeg.so
7fb92c1df000-7fb92c1e0000 r--p 00008000 08:01 398665                     /usr/lib/jvm/java-7-openjdk-amd64/jre/lib/amd64/libjavajpeg.so
7fb92c1e0000-7fb92c1e1000 rw-p 00009000 08:01 398665                     /usr/lib/jvm/java-7-openjdk-amd64/jre/lib/amd64/libjavajpeg.so
7fb92c1e1000-7fb92c1e4000 ---p 00000000 00:00 0 
7fb92c1e4000-7fb92c2e2000 rw-p 00000000 00:00 0 
7fb92c2e2000-7fb92c2e5000 ---p 00000000 00:00 0 
7fb92c2e5000-7fb92c3e3000 rw-p 00000000 00:00 0 
7fb92c3e3000-7fb92c3f3000 r-xp 00000000 08:01 399340                     /usr/lib/jvm/java-7-openjdk-amd64/jre/lib/amd64/libnio.so
7fb92c3f3000-7fb92c5f2000 ---p 00010000 08:01 399340                     /usr/lib/jvm/java-7-openjdk-amd64/jre/lib/amd64/libnio.so
7fb92c5f2000-7fb92c5f3000 r--p 0000f000 08:01 399340                     /usr/lib/jvm/java-7-openjdk-amd64/jre/lib/amd64/libnio.so
7fb92c5f3000-7fb92c5f4000 rw-p 00010000 08:01 399340                     /usr/lib/jvm/java-7-openjdk-amd64/jre/lib/amd64/libnio.so
7fb92c5f4000-7fb92c60a000 r-xp 00000000 08:01 399248                     /usr/lib/jvm/java-7-openjdk-amd64/jre/lib/amd64/libnet.so
7fb92c60a000-7fb92c809000 ---p 00016000 08:01 399248                     /usr/lib/jvm/java-7-openjdk-amd64/jre/lib/amd64/libnet.so
7fb92c809000-7fb92c80a000 r--p 00015000 08:01 399248                     /usr/lib/jvm/java-7-openjdk-amd64/jre/lib/amd64/libnet.so
7fb92c80a000-7fb92c80b000 rw-p 00016000 08:01 399248                     /usr/lib/jvm/java-7-openjdk-amd64/jre/lib/amd64/libnet.so
7fb92c80b000-7fb92c845000 r-xp 00000000 08:01 398142                     /usr/lib/jvm/java-7-openjdk-amd64/jre/lib/amd64/libfontmanager.so
7fb92c845000-7fb92ca45000 ---p 0003a000 08:01 398142                     /usr/lib/jvm/java-7-openjdk-amd64/jre/lib/amd64/libfontmanager.so
7fb92ca45000-7fb92ca47000 r--p 0003a000 08:01 398142                     /usr/lib/jvm/java-7-openjdk-amd64/jre/lib/amd64/libfontmanager.so
7fb92ca47000-7fb92ca48000 rw-p 0003c000 08:01 398142                     /usr/lib/jvm/java-7-openjdk-amd64/jre/lib/amd64/libfontmanager.so
7fb92ca48000-7fb92ca4b000 ---p 00000000 00:00 0 
7fb92ca4b000-7fb92cb49000 rw-p 00000000 00:00 0 
7fb92cb49000-7fb92cb4c000 ---p 00000000 00:00 0 
7fb92cb4c000-7fb92cc4a000 rw-p 00000000 00:00 0 
7fb92cc4a000-7fb92cc4d000 ---p 00000000 00:00 0 
7fb92cc4d000-7fb92cd4b000 rw-p 00000000 00:00 0 
7fb92cd4b000-7fb92cd4e000 r-xp 00000000 08:01 139849                     /lib/x86_64-linux-gnu/libgpg-error.so.0.8.0
7fb92cd4e000-7fb92cf4d000 ---p 00003000 08:01 139849                     /lib/x86_64-linux-gnu/libgpg-error.so.0.8.0
7fb92cf4d000-7fb92cf4e000 r--p 00002000 08:01 139849                     /lib/x86_64-linux-gnu/libgpg-error.so.0.8.0
7fb92cf4e000-7fb92cf4f000 rw-p 00003000 08:01 139849                     /lib/x86_64-linux-gnu/libgpg-error.so.0.8.0
7fb92cf4f000-7fb92cf51000 r-xp 00000000 08:01 139851                     /lib/x86_64-linux-gnu/libkeyutils.so.1.3
7fb92cf51000-7fb92d150000 ---p 00002000 08:01 139851                     /lib/x86_64-linux-gnu/libkeyutils.so.1.3
7fb92d150000-7fb92d151000 r--p 00001000 08:01 139851                     /lib/x86_64-linux-gnu/libkeyutils.so.1.3
7fb92d151000-7fb92d152000 rw-p 00002000 08:01 139851                     /lib/x86_64-linux-gnu/libkeyutils.so.1.3
7fb92d152000-7fb92d194000 r-xp 00000000 08:01 135649                     /lib/x86_64-linux-gnu/libdbus-1.so.3.5.7
7fb92d194000-7fb92d393000 ---p 00042000 08:01 135649                     /lib/x86_64-linux-gnu/libdbus-1.so.3.5.7
7fb92d393000-7fb92d394000 r--p 00041000 08:01 135649                     /lib/x86_64-linux-gnu/libdbus-1.so.3.5.7
7fb92d394000-7fb92d395000 rw-p 00042000 08:01 135649                     /lib/x86_64-linux-gnu/libdbus-1.so.3.5.7
7fb92d395000-7fb92d40f000 r-xp 00000000 08:01 139845                     /lib/x86_64-linux-gnu/libgcrypt.so.11.7.0
7fb92d40f000-7fb92d60f000 ---p 0007a000 08:01 139845                     /lib/x86_64-linux-gnu/libgcrypt.so.11.7.0
7fb92d60f000-7fb92d610000 r--p 0007a000 08:01 139845                     /lib/x86_64-linux-gnu/libgcrypt.so.11.7.0
7fb92d610000-7fb92d613000 rw-p 0007b000 08:01 139845                     /lib/x86_64-linux-gnu/libgcrypt.so.11.7.0
7fb92d613000-7fb92d623000 r-xp 00000000 08:01 406788                     /usr/lib/x86_64-linux-gnu/libtasn1.so.3.1.11
7fb92d623000-7fb92d822000 ---p 00010000 08:01 406788                     /usr/lib/x86_64-linux-gnu/libtasn1.so.3.1.11
7fb92d822000-7fb92d823000 r--p 0000f000 08:01 406788                     /usr/lib/x86_64-linux-gnu/libtasn1.so.3.1.11
7fb92d823000-7fb92d824000 rw-p 00010000 08:01 406788                     /usr/lib/x86_64-linux-gnu/libtasn1.so.3.1.11
7fb92d824000-7fb92d82b000 r-xp 00000000 08:01 397002                     /usr/lib/x86_64-linux-gnu/libkrb5support.so.0.1
7fb92d82b000-7fb92da2a000 ---p 00007000 08:01 397002                     /usr/lib/x86_64-linux-gnu/libkrb5support.so.0.1
7fb92da2a000-7fb92da2b000 r--p 00006000 08:01 397002                     /usr/lib/x86_64-linux-gnu/libkrb5support.so.0.1
7fb92da2b000-7fb92da2c000 rw-p 00007000 08:01 397002                     /usr/lib/x86_64-linux-gnu/libkrb5support.so.0.1
7fb92da2c000-7fb92da2f000 r-xp 00000000 08:01 139827                     /lib/x86_64-linux-gnu/libcom_err.so.2.1
7fb92da2f000-7fb92dc2e000 ---p 00003000 08:01 139827                     /lib/x86_64-linux-gnu/libcom_err.so.2.1
7fb92dc2e000-7fb92dc2f000 r--p 00002000 08:01 139827                     /lib/x86_64-linux-gnu/libcom_err.so.2.1
7fb92dc2f000-7fb92dc30000 rw-p 00003000 08:01 139827                     /lib/x86_64-linux-gnu/libcom_err.so.2.1
7fb92dc30000-7fb92dc56000 r-xp 00000000 08:01 394051                     /usr/lib/x86_64-linux-gnu/libk5crypto.so.3.1
7fb92dc56000-7fb92de55000 ---p 00026000 08:01 394051                     /usr/lib/x86_64-linux-gnu/libk5crypto.so.3.1
7fb92de55000-7fb92de57000 r--p 00025000 08:01 394051                     /usr/lib/x86_64-linux-gnu/libk5crypto.so.3.1
7fb92de57000-7fb92de58000 rw-p 00027000 08:01 394051                     /usr/lib/x86_64-linux-gnu/libk5crypto.so.3.1
7fb92de58000-7fb92df17000 r-xp 00000000 08:01 397018                     /usr/lib/x86_64-linux-gnu/libkrb5.so.3.3
7fb92df17000-7fb92e117000 ---p 000bf000 08:01 397018                     /usr/lib/x86_64-linux-gnu/libkrb5.so.3.3
7fb92e117000-7fb92e120000 r--p 000bf000 08:01 397018                     /usr/lib/x86_64-linux-gnu/libkrb5.so.3.3
7fb92e120000-7fb92e121000 rw-p 000c8000 08:01 397018                     /usr/lib/x86_64-linux-gnu/libkrb5.so.3.3
7fb92e121000-7fb92e128000 r-xp 00000000 08:01 406811                     /usr/lib/x86_64-linux-gnu/libxcb-render.so.0.0.0
7fb92e128000-7fb92e328000 ---p 00007000 08:01 406811                     /usr/lib/x86_64-linux-gnu/libxcb-render.so.0.0.0
7fb92e328000-7fb92e329000 r--p 00007000 08:01 406811                     /usr/lib/x86_64-linux-gnu/libxcb-render.so.0.0.0
7fb92e329000-7fb92e32a000 rw-p 00008000 08:01 406811                     /usr/lib/x86_64-linux-gnu/libxcb-render.so.0.0.0
7fb92e32a000-7fb92e32c000 r-xp 00000000 08:01 406815                     /usr/lib/x86_64-linux-gnu/libxcb-shm.so.0.0.0
7fb92e32c000-7fb92e52b000 ---p 00002000 08:01 406815                     /usr/lib/x86_64-linux-gnu/libxcb-shm.so.0.0.0
7fb92e52b000-7fb92e52c000 r--p 00001000 08:01 406815                     /usr/lib/x86_64-linux-gnu/libxcb-shm.so.0.0.0
7fb92e52c000-7fb92e52d000 rw-p 00002000 08:01 406815                     /usr/lib/x86_64-linux-gnu/libxcb-shm.so.0.0.0
7fb92e52d000-7fb92e553000 r-xp 00000000 08:01 139881                     /lib/x86_64-linux-gnu/libpng12.so.0.46.0
7fb92e553000-7fb92e752000 ---p 00026000 08:01 139881                     /lib/x86_64-linux-gnu/libpng12.so.0.46.0
7fb92e752000-7fb92e753000 r--p 00025000 08:01 139881                     /lib/x86_64-linux-gnu/libpng12.so.0.46.0
7fb92e753000-7fb92e754000 rw-p 00026000 08:01 139881                     /lib/x86_64-linux-gnu/libpng12.so.0.46.0
7fb92e754000-7fb92e7c2000 r-xp 00000000 08:01 406743                     /usr/lib/x86_64-linux-gnu/libpixman-1.so.0.22.2
7fb92e7c2000-7fb92e9c2000 ---p 0006e000 08:01 406743                     /usr/lib/x86_64-linux-gnu/libpixman-1.so.0.22.2
7fb92e9c2000-7fb92e9c7000 r--p 0006e000 08:01 406743                     /usr/lib/x86_64-linux-gnu/libpixman-1.so.0.22.2
7fb92e9c7000-7fb92e9c8000 rw-p 00073000 08:01 406743                     /usr/lib/x86_64-linux-gnu/libpixman-1.so.0.22.2
7fb92e9c8000-7fb92e9cd000 r-xp 00000000 08:01 406539                     /usr/lib/x86_64-linux-gnu/libXdmcp.so.6.0.0
7fb92e9cd000-7fb92ebcc000 ---p 00005000 08:01 406539                     /usr/lib/x86_64-linux-gnu/libXdmcp.so.6.0.0
7fb92ebcc000-7fb92ebcd000 r--p 00004000 08:01 406539                     /usr/lib/x86_64-linux-gnu/libXdmcp.so.6.0.0
7fb92ebcd000-7fb92ebce000 rw-p 00005000 08:01 406539                     /usr/lib/x86_64-linux-gnu/libXdmcp.so.6.0.0
7fb92ebce000-7fb92ebd0000 r-xp 00000000 08:01 406531                     /usr/lib/x86_64-linux-gnu/libXau.so.6.0.0
7fb92ebd0000-7fb92edcf000 ---p 00002000 08:01 406531                     /usr/lib/x86_64-linux-gnu/libXau.so.6.0.0
7fb92edcf000-7fb92edd0000 r--p 00001000 08:01 406531                     /usr/lib/x86_64-linux-gnu/libXau.so.6.0.0
7fb92edd0000-7fb92edd1000 rw-p 00002000 08:01 406531                     /usr/lib/x86_64-linux-gnu/libXau.so.6.0.0
7fb92edd1000-7fb92ede2000 r-xp 00000000 08:01 406571                     /usr/lib/x86_64-linux-gnu/libavahi-client.so.3.2.9
7fb92ede2000-7fb92efe2000 ---p 00011000 08:01 406571                     /usr/lib/x86_64-linux-gnu/libavahi-client.so.3.2.9
7fb92efe2000-7fb92efe3000 r--p 00011000 08:01 406571                     /usr/lib/x86_64-linux-gnu/libavahi-client.so.3.2.9
7fb92efe3000-7fb92efe4000 rw-p 00012000 08:01 406571                     /usr/lib/x86_64-linux-gnu/libavahi-client.so.3.2.9
7fb92efe4000-7fb92eff1000 r-xp 00000000 08:01 406573                     /usr/lib/x86_64-linux-gnu/libavahi-common.so.3.5.3
7fb92eff1000-7fb92f1f0000 ---p 0000d000 08:01 406573                     /usr/lib/x86_64-linux-gnu/libavahi-common.so.3.5.3
7fb92f1f0000-7fb92f1f1000 r--p 0000c000 08:01 406573                     /usr/lib/x86_64-linux-gnu/libavahi-common.so.3.5.3
7fb92f1f1000-7fb92f1f2000 rw-p 0000d000 08:01 406573                     /usr/lib/x86_64-linux-gnu/libavahi-common.so.3.5.3
7fb92f1f2000-7fb92f293000 r-xp 00000000 08:01 406657                     /usr/lib/x86_64-linux-gnu/libgnutls.so.26.16.14
7fb92f293000-7fb92f492000 ---p 000a1000 08:01 406657                     /usr/lib/x86_64-linux-gnu/libgnutls.so.26.16.14
7fb92f492000-7fb92f499000 r--p 000a0000 08:01 406657                     /usr/lib/x86_64-linux-gnu/libgnutls.so.26.16.14
7fb92f499000-7fb92f49a000 rw-p 000a7000 08:01 406657                     /usr/lib/x86_64-linux-gnu/libgnutls.so.26.16.14
7fb92f49a000-7fb92f4d5000 r-xp 00000000 08:01 406685                     /usr/lib/x86_64-linux-gnu/libgssapi_krb5.so.2.2
7fb92f4d5000-7fb92f6d5000 ---p 0003b000 08:01 406685                     /usr/lib/x86_64-linux-gnu/libgssapi_krb5.so.2.2
7fb92f6d5000-7fb92f6d6000 r--p 0003b000 08:01 406685                     /usr/lib/x86_64-linux-gnu/libgssapi_krb5.so.2.2
7fb92f6d6000-7fb92f6d8000 rw-p 0003c000 08:01 406685                     /usr/lib/x86_64-linux-gnu/libgssapi_krb5.so.2.2
7fb92f6d8000-7fb92f713000 r-xp 00000000 08:01 139879                     /lib/x86_64-linux-gnu/libpcre.so.3.12.1
7fb92f713000-7fb92f912000 ---p 0003b000 08:01 139879                     /lib/x86_64-linux-gnu/libpcre.so.3.12.1
7fb92f912000-7fb92f913000 r--p 0003a000 08:01 139879                     /lib/x86_64-linux-gnu/libpcre.so.3.12.1
7fb92f913000-7fb92f914000 rw-p 0003b000 08:01 139879                     /lib/x86_64-linux-gnu/libpcre.so.3.12.1
7fb92f914000-7fb92f91b000 r-xp 00000000 08:01 396800                     /usr/lib/x86_64-linux-gnu/libffi.so.6.0.0
7fb92f91b000-7fb92fb1a000 ---p 00007000 08:01 396800                     /usr/lib/x86_64-linux-gnu/libffi.so.6.0.0
7fb92fb1a000-7fb92fb1b000 r--p 00006000 08:01 396800                     /usr/lib/x86_64-linux-gnu/libffi.so.6.0.0
7fb92fb1b000-7fb92fb1c000 rw-p 00007000 08:01 396800                     /usr/lib/x86_64-linux-gnu/libffi.so.6.0.0
7fb92fb1c000-7fb92fb43000 r-xp 00000000 08:01 139838                     /lib/x86_64-linux-gnu/libexpat.so.1.5.2
7fb92fb43000-7fb92fd43000 ---p 00027000 08:01 139838                     /lib/x86_64-linux-gnu/libexpat.so.1.5.2
7fb92fd43000-7fb92fd45000 r--p 00027000 08:01 139838                     /lib/x86_64-linux-gnu/libexpat.so.1.5.2
7fb92fd45000-7fb92fd46000 rw-p 00029000 08:01 139838                     /lib/x86_64-linux-gnu/libexpat.so.1.5.2
7fb92fd46000-7fb92fdd8000 r-xp 00000000 08:01 406632                     /usr/lib/x86_64-linux-gnu/libfreetype.so.6.6.2
7fb92fdd8000-7fb92ffd7000 ---p 00092000 08:01 406632                     /usr/lib/x86_64-linux-gnu/libfreetype.so.6.6.2
7fb92ffd7000-7fb92ffdd000 r--p 00091000 08:01 406632                     /usr/lib/x86_64-linux-gnu/libfreetype.so.6.6.2
7fb92ffdd000-7fb92ffde000 rw-p 00097000 08:01 406632                     /usr/lib/x86_64-linux-gnu/libfreetype.so.6.6.2
7fb92ffde000-7fb92fff5000 r-xp 00000000 08:01 134597                     /lib/x86_64-linux-gnu/libresolv-2.13.so
7fb92fff5000-7fb9301f5000 ---p 00017000 08:01 134597                     /lib/x86_64-linux-gnu/libresolv-2.13.so
7fb9301f5000-7fb9301f6000 r--p 00017000 08:01 134597                     /lib/x86_64-linux-gnu/libresolv-2.13.so
7fb9301f6000-7fb9301f7000 rw-p 00018000 08:01 134597                     /lib/x86_64-linux-gnu/libresolv-2.13.so
7fb9301f7000-7fb9301f9000 rw-p 00000000 00:00 0 
7fb9301f9000-7fb930215000 r-xp 00000000 08:01 139888                     /lib/x86_64-linux-gnu/libselinux.so.1
7fb930215000-7fb930414000 ---p 0001c000 08:01 139888                     /lib/x86_64-linux-gnu/libselinux.so.1
7fb930414000-7fb930415000 r--p 0001b000 08:01 139888                     /lib/x86_64-linux-gnu/libselinux.so.1
7fb930415000-7fb930416000 rw-p 0001c000 08:01 139888                     /lib/x86_64-linux-gnu/libselinux.so.1
7fb930416000-7fb930417000 rw-p 00000000 00:00 0 
7fb930417000-7fb930419000 r-xp 00000000 08:01 406537                     /usr/lib/x86_64-linux-gnu/libXdamage.so.1.1.0
7fb930419000-7fb930618000 ---p 00002000 08:01 406537                     /usr/lib/x86_64-linux-gnu/libXdamage.so.1.1.0
7fb930618000-7fb930619000 r--p 00001000 08:01 406537                     /usr/lib/x86_64-linux-gnu/libXdamage.so.1.1.0
7fb930619000-7fb93061a000 rw-p 00002000 08:01 406537                     /usr/lib/x86_64-linux-gnu/libXdamage.so.1.1.0
7fb93061a000-7fb93061c000 r-xp 00000000 08:01 406533                     /usr/lib/x86_64-linux-gnu/libXcomposite.so.1.0.0
7fb93061c000-7fb93081b000 ---p 00002000 08:01 406533                     /usr/lib/x86_64-linux-gnu/libXcomposite.so.1.0.0
7fb93081b000-7fb93081c000 r--p 00001000 08:01 406533                     /usr/lib/x86_64-linux-gnu/libXcomposite.so.1.0.0
7fb93081c000-7fb93081d000 rw-p 00002000 08:01 406533                     /usr/lib/x86_64-linux-gnu/libXcomposite.so.1.0.0
7fb93081d000-7fb930826000 r-xp 00000000 08:01 406535                     /usr/lib/x86_64-linux-gnu/libXcursor.so.1.0.2
7fb930826000-7fb930a25000 ---p 00009000 08:01 406535                     /usr/lib/x86_64-linux-gnu/libXcursor.so.1.0.2
7fb930a25000-7fb930a26000 r--p 00008000 08:01 406535                     /usr/lib/x86_64-linux-gnu/libXcursor.so.1.0.2
7fb930a26000-7fb930a27000 rw-p 00009000 08:01 406535                     /usr/lib/x86_64-linux-gnu/libXcursor.so.1.0.2
7fb930a27000-7fb930a2f000 r-xp 00000000 08:01 406551                     /usr/lib/x86_64-linux-gnu/libXrandr.so.2.2.0
7fb930a2f000-7fb930c2e000 ---p 00008000 08:01 406551                     /usr/lib/x86_64-linux-gnu/libXrandr.so.2.2.0
7fb930c2e000-7fb930c2f000 r--p 00007000 08:01 406551                     /usr/lib/x86_64-linux-gnu/libXrandr.so.2.2.0
7fb930c2f000-7fb930c30000 rw-p 00008000 08:01 406551                     /usr/lib/x86_64-linux-gnu/libXrandr.so.2.2.0
7fb930c30000-7fb930c32000 r-xp 00000000 08:01 406549                     /usr/lib/x86_64-linux-gnu/libXinerama.so.1.0.0
7fb930c32000-7fb930e31000 ---p 00002000 08:01 406549                     /usr/lib/x86_64-linux-gnu/libXinerama.so.1.0.0
7fb930e31000-7fb930e32000 r--p 00001000 08:01 406549                     /usr/lib/x86_64-linux-gnu/libXinerama.so.1.0.0
7fb930e32000-7fb930e33000 rw-p 00002000 08:01 406549                     /usr/lib/x86_64-linux-gnu/libXinerama.so.1.0.0
7fb930e33000-7fb930e36000 r-xp 00000000 08:01 395217                     /usr/lib/x86_64-linux-gnu/libgmodule-2.0.so.0.3000.0
7fb930e36000-7fb931035000 ---p 00003000 08:01 395217                     /usr/lib/x86_64-linux-gnu/libgmodule-2.0.so.0.3000.0
7fb931035000-7fb931036000 r--p 00002000 08:01 395217                     /usr/lib/x86_64-linux-gnu/libgmodule-2.0.so.0.3000.0
7fb931036000-7fb931037000 rw-p 00003000 08:01 395217                     /usr/lib/x86_64-linux-gnu/libgmodule-2.0.so.0.3000.0
7fb931037000-7fb931061000 r-xp 00000000 08:01 397305                     /usr/lib/x86_64-linux-gnu/libpangoft2-1.0.so.0.2903.0
7fb931061000-7fb931260000 ---p 0002a000 08:01 397305                     /usr/lib/x86_64-linux-gnu/libpangoft2-1.0.so.0.2903.0
7fb931260000-7fb931261000 r--p 00029000 08:01 397305                     /usr/lib/x86_64-linux-gnu/libpangoft2-1.0.so.0.2903.0
7fb931261000-7fb931262000 rw-p 0002a000 08:01 397305                     /usr/lib/x86_64-linux-gnu/libpangoft2-1.0.so.0.2903.0
7fb931262000-7fb93131b000 r-xp 00000000 08:01 406593                     /usr/lib/x86_64-linux-gnu/libcairo.so.2.11000.2
7fb93131b000-7fb93151a000 ---p 000b9000 08:01 406593                     /usr/lib/x86_64-linux-gnu/libcairo.so.2.11000.2
7fb93151a000-7fb93151c000 r--p 000b8000 08:01 406593                     /usr/lib/x86_64-linux-gnu/libcairo.so.2.11000.2
7fb93151c000-7fb93151d000 rw-p 000ba000 08:01 406593                     /usr/lib/x86_64-linux-gnu/libcairo.so.2.11000.2
7fb93151d000-7fb931520000 rw-p 00000000 00:00 0 
7fb931520000-7fb93153f000 r-xp 00000000 08:01 394856                     /usr/lib/x86_64-linux-gnu/libatk-1.0.so.0.20209.1
7fb93153f000-7fb93173f000 ---p 0001f000 08:01 394856                     /usr/lib/x86_64-linux-gnu/libatk-1.0.so.0.20209.1
7fb93173f000-7fb931741000 r--p 0001f000 08:01 394856                     /usr/lib/x86_64-linux-gnu/libatk-1.0.so.0.20209.1
7fb931741000-7fb931742000 rw-p 00021000 08:01 394856                     /usr/lib/x86_64-linux-gnu/libatk-1.0.so.0.20209.1
7fb931742000-7fb931747000 r-xp 00000000 08:01 406543                     /usr/lib/x86_64-linux-gnu/libXfixes.so.3.1.0
7fb931747000-7fb931946000 ---p 00005000 08:01 406543                     /usr/lib/x86_64-linux-gnu/libXfixes.so.3.1.0
7fb931946000-7fb931947000 r--p 00004000 08:01 406543                     /usr/lib/x86_64-linux-gnu/libXfixes.so.3.1.0
7fb931947000-7fb931948000 rw-p 00005000 08:01 406543                     /usr/lib/x86_64-linux-gnu/libXfixes.so.3.1.0
7fb931948000-7fb931953000 r-xp 00000000 08:01 397309                     /usr/lib/x86_64-linux-gnu/libpangocairo-1.0.so.0.2903.0
7fb931953000-7fb931b53000 ---p 0000b000 08:01 397309                     /usr/lib/x86_64-linux-gnu/libpangocairo-1.0.so.0.2903.0
7fb931b53000-7fb931b54000 r--p 0000b000 08:01 397309                     /usr/lib/x86_64-linux-gnu/libpangocairo-1.0.so.0.2903.0
7fb931b54000-7fb931b55000 rw-p 0000c000 08:01 397309                     /usr/lib/x86_64-linux-gnu/libpangocairo-1.0.so.0.2903.0
7fb931b55000-7fb931b70000 r-xp 00000000 08:01 406817                     /usr/lib/x86_64-linux-gnu/libxcb.so.1.1.0
7fb931b70000-7fb931d6f000 ---p 0001b000 08:01 406817                     /usr/lib/x86_64-linux-gnu/libxcb.so.1.1.0
7fb931d6f000-7fb931d70000 r--p 0001a000 08:01 406817                     /usr/lib/x86_64-linux-gnu/libxcb.so.1.1.0
7fb931d70000-7fb931d71000 rw-p 0001b000 08:01 406817                     /usr/lib/x86_64-linux-gnu/libxcb.so.1.1.0
7fb931d71000-7fb931dbf000 r-xp 00000000 08:01 400264                     /usr/lib/x86_64-linux-gnu/libcups.so.2
7fb931dbf000-7fb931fbf000 ---p 0004e000 08:01 400264                     /usr/lib/x86_64-linux-gnu/libcups.so.2
7fb931fbf000-7fb931fc3000 r--p 0004e000 08:01 400264                     /usr/lib/x86_64-linux-gnu/libcups.so.2
7fb931fc3000-7fb931fc4000 rw-p 00052000 08:01 400264                     /usr/lib/x86_64-linux-gnu/libcups.so.2
7fb931fc4000-7fb9320b8000 r-xp 00000000 08:01 134283                     /lib/x86_64-linux-gnu/libglib-2.0.so.0.3000.0
7fb9320b8000-7fb9322b7000 ---p 000f4000 08:01 134283                     /lib/x86_64-linux-gnu/libglib-2.0.so.0.3000.0
7fb9322b7000-7fb9322b8000 r--p 000f3000 08:01 134283                     /lib/x86_64-linux-gnu/libglib-2.0.so.0.3000.0
7fb9322b8000-7fb9322b9000 rw-p 000f4000 08:01 134283                     /lib/x86_64-linux-gnu/libglib-2.0.so.0.3000.0
7fb9322b9000-7fb9322ba000 rw-p 00000000 00:00 0 
7fb9322ba000-7fb9322be000 r-xp 00000000 08:01 394708                     /usr/lib/x86_64-linux-gnu/libgthread-2.0.so.0.3000.0
7fb9322be000-7fb9324bd000 ---p 00004000 08:01 394708                     /usr/lib/x86_64-linux-gnu/libgthread-2.0.so.0.3000.0
7fb9324bd000-7fb9324be000 r--p 00003000 08:01 394708                     /usr/lib/x86_64-linux-gnu/libgthread-2.0.so.0.3000.0
7fb9324be000-7fb9324bf000 rw-p 00004000 08:01 394708                     /usr/lib/x86_64-linux-gnu/libgthread-2.0.so.0.3000.0
7fb9324bf000-7fb93250d000 r-xp 00000000 08:01 394707                     /usr/lib/x86_64-linux-gnu/libgobject-2.0.so.0.3000.0
7fb93250d000-7fb93270d000 ---p 0004e000 08:01 394707                     /usr/lib/x86_64-linux-gnu/libgobject-2.0.so.0.3000.0
7fb93270d000-7fb93270e000 r--p 0004e000 08:01 394707                     /usr/lib/x86_64-linux-gnu/libgobject-2.0.so.0.3000.0
7fb93270e000-7fb93270f000 rw-p 0004f000 08:01 394707                     /usr/lib/x86_64-linux-gnu/libgobject-2.0.so.0.3000.0
7fb93270f000-7fb932710000 rw-p 00000000 00:00 0 
7fb932710000-7fb932744000 r-xp 00000000 08:01 406630                     /usr/lib/x86_64-linux-gnu/libfontconfig.so.1.4.4
7fb932744000-7fb932944000 ---p 00034000 08:01 406630                     /usr/lib/x86_64-linux-gnu/libfontconfig.so.1.4.4
7fb932944000-7fb932945000 r--p 00034000 08:01 406630                     /usr/lib/x86_64-linux-gnu/libfontconfig.so.1.4.4
7fb932945000-7fb932946000 rw-p 00035000 08:01 406630                     /usr/lib/x86_64-linux-gnu/libfontconfig.so.1.4.4
7fb932946000-7fb93298d000 r-xp 00000000 08:01 397304                     /usr/lib/x86_64-linux-gnu/libpango-1.0.so.0.2903.0
7fb93298d000-7fb932b8d000 ---p 00047000 08:01 397304                     /usr/lib/x86_64-linux-gnu/libpango-1.0.so.0.2903.0
7fb932b8d000-7fb932b8f000 r--p 00047000 08:01 397304                     /usr/lib/x86_64-linux-gnu/libpango-1.0.so.0.2903.0
7fb932b8f000-7fb932b90000 rw-p 00049000 08:01 397304                     /usr/lib/x86_64-linux-gnu/libpango-1.0.so.0.2903.0
7fb932b90000-7fb932bae000 r-xp 00000000 08:01 394128                     /usr/lib/x86_64-linux-gnu/libgdk_pixbuf-2.0.so.0.2400.0
7fb932bae000-7fb932dad000 ---p 0001e000 08:01 394128                     /usr/lib/x86_64-linux-gnu/libgdk_pixbuf-2.0.so.0.2400.0
7fb932dad000-7fb932dae000 r--p 0001d000 08:01 394128                     /usr/lib/x86_64-linux-gnu/libgdk_pixbuf-2.0.so.0.2400.0
7fb932dae000-7fb932daf000 rw-p 0001e000 08:01 394128                     /usr/lib/x86_64-linux-gnu/libgdk_pixbuf-2.0.so.0.2400.0
7fb932daf000-7fb932eea000 r-xp 00000000 08:01 394685                     /usr/lib/x86_64-linux-gnu/libgio-2.0.so.0.3000.0
7fb932eea000-7fb9330e9000 ---p 0013b000 08:01 394685                     /usr/lib/x86_64-linux-gnu/libgio-2.0.so.0.3000.0
7fb9330e9000-7fb9330ed000 r--p 0013a000 08:01 394685                     /usr/lib/x86_64-linux-gnu/libgio-2.0.so.0.3000.0
7fb9330ed000-7fb9330ef000 rw-p 0013e000 08:01 394685                     /usr/lib/x86_64-linux-gnu/libgio-2.0.so.0.3000.0
7fb9330ef000-7fb9330f1000 rw-p 00000000 00:00 0 
7fb9330f1000-7fb93319e000 r-xp 00000000 08:01 397253                     /usr/lib/x86_64-linux-gnu/libgdk-x11-2.0.so.0.2400.6
7fb93319e000-7fb93339d000 ---p 000ad000 08:01 397253                     /usr/lib/x86_64-linux-gnu/libgdk-x11-2.0.so.0.2400.6
7fb93339d000-7fb9333a1000 r--p 000ac000 08:01 397253                     /usr/lib/x86_64-linux-gnu/libgdk-x11-2.0.so.0.2400.6
7fb9333a1000-7fb9333a3000 rw-p 000b0000 08:01 397253                     /usr/lib/x86_64-linux-gnu/libgdk-x11-2.0.so.0.2400.6
7fb9333a3000-7fb9337d2000 r-xp 00000000 08:01 397246                     /usr/lib/x86_64-linux-gnu/libgtk-x11-2.0.so.0.2400.6
7fb9337d2000-7fb9339d2000 ---p 0042f000 08:01 397246                     /usr/lib/x86_64-linux-gnu/libgtk-x11-2.0.so.0.2400.6
7fb9339d2000-7fb9339d9000 r--p 0042f000 08:01 397246                     /usr/lib/x86_64-linux-gnu/libgtk-x11-2.0.so.0.2400.6
7fb9339d9000-7fb9339dd000 rw-p 00436000 08:01 397246                     /usr/lib/x86_64-linux-gnu/libgtk-x11-2.0.so.0.2400.6
7fb9339dd000-7fb9339df000 rw-p 00000000 00:00 0 
7fb9339df000-7fb9339ee000 r-xp 00000000 08:01 406547                     /usr/lib/x86_64-linux-gnu/libXi.so.6.1.0
7fb9339ee000-7fb933bed000 ---p 0000f000 08:01 406547                     /usr/lib/x86_64-linux-gnu/libXi.so.6.1.0
7fb933bed000-7fb933bee000 r--p 0000e000 08:01 406547                     /usr/lib/x86_64-linux-gnu/libXi.so.6.1.0
7fb933bee000-7fb933bef000 rw-p 0000f000 08:01 406547                     /usr/lib/x86_64-linux-gnu/libXi.so.6.1.0
7fb933bef000-7fb933bf4000 r-xp 00000000 08:01 398564                     /usr/lib/libXtst.so.6.1.0
7fb933bf4000-7fb933df3000 ---p 00005000 08:01 398564                     /usr/lib/libXtst.so.6.1.0
7fb933df3000-7fb933df4000 r--p 00004000 08:01 398564                     /usr/lib/libXtst.so.6.1.0
7fb933df4000-7fb933df5000 rw-p 00005000 08:01 398564                     /usr/lib/libXtst.so.6.1.0
7fb933df5000-7fb933dfe000 r-xp 00000000 08:01 406553                     /usr/lib/x86_64-linux-gnu/libXrender.so.1.3.0
7fb933dfe000-7fb933ffe000 ---p 00009000 08:01 406553                     /usr/lib/x86_64-linux-gnu/libXrender.so.1.3.0
7fb933ffe000-7fb933fff000 r--p 00009000 08:01 406553                     /usr/lib/x86_64-linux-gnu/libXrender.so.1.3.0
7fb933fff000-7fb934000000 rw-p 0000a000 08:01 406553                     /usr/lib/x86_64-linux-gnu/libXrender.so.1.3.0
7fb934000000-7fb934282000 rw-p 00000000 00:00 0 
7fb934282000-7fb938000000 ---p 00000000 00:00 0 
7fb938012000-7fb938046000 rw-p 00000000 00:00 0 
7fb938069000-7fb93809a000 rw-p 00000000 00:00 0 
7fb93809a000-7fb93809d000 ---p 00000000 00:00 0 
7fb93809d000-7fb9380b4000 rw-p 00000000 00:00 0 
7fb9380b4000-7fb9381e7000 r-xp 00000000 08:01 406471                     /usr/lib/x86_64-linux-gnu/libX11.so.6.3.0
7fb9381e7000-7fb9383e7000 ---p 00133000 08:01 406471                     /usr/lib/x86_64-linux-gnu/libX11.so.6.3.0
7fb9383e7000-7fb9383e8000 r--p 00133000 08:01 406471                     /usr/lib/x86_64-linux-gnu/libX11.so.6.3.0
7fb9383e8000-7fb9383ec000 rw-p 00134000 08:01 406471                     /usr/lib/x86_64-linux-gnu/libX11.so.6.3.0
7fb9383ec000-7fb9383fe000 r-xp 00000000 08:01 406541                     /usr/lib/x86_64-linux-gnu/libXext.so.6.4.0
7fb9383fe000-7fb9385fd000 ---p 00012000 08:01 406541                     /usr/lib/x86_64-linux-gnu/libXext.so.6.4.0
7fb9385fd000-7fb9385fe000 r--p 00011000 08:01 406541                     /usr/lib/x86_64-linux-gnu/libXext.so.6.4.0
7fb9385fe000-7fb9385ff000 rw-p 00012000 08:01 406541                     /usr/lib/x86_64-linux-gnu/libXext.so.6.4.0
7fb9385ff000-7fb938622000 r--p 00000000 08:01 675061                     /usr/share/locale-langpack/fr/LC_MESSAGES/libc.mo
7fb938622000-7fb938674000 r-xp 00000000 08:01 401973                     /usr/lib/jvm/java-7-openjdk-amd64/jre/lib/amd64/xawt/libmawt.so
7fb938674000-7fb938874000 ---p 00052000 08:01 401973                     /usr/lib/jvm/java-7-openjdk-amd64/jre/lib/amd64/xawt/libmawt.so
7fb938874000-7fb938875000 r--p 00052000 08:01 401973                     /usr/lib/jvm/java-7-openjdk-amd64/jre/lib/amd64/xawt/libmawt.so
7fb938875000-7fb938878000 rw-p 00053000 08:01 401973                     /usr/lib/jvm/java-7-openjdk-amd64/jre/lib/amd64/xawt/libmawt.so
7fb938878000-7fb938879000 rw-p 00000000 00:00 0 
7fb938879000-7fb93891b000 r-xp 00000000 08:01 398111                     /usr/lib/jvm/java-7-openjdk-amd64/jre/lib/amd64/libawt.so
7fb93891b000-7fb938b1a000 ---p 000a2000 08:01 398111                     /usr/lib/jvm/java-7-openjdk-amd64/jre/lib/amd64/libawt.so
7fb938b1a000-7fb938b1b000 r--p 000a1000 08:01 398111                     /usr/lib/jvm/java-7-openjdk-amd64/jre/lib/amd64/libawt.so
7fb938b1b000-7fb938b26000 rw-p 000a2000 08:01 398111                     /usr/lib/jvm/java-7-openjdk-amd64/jre/lib/amd64/libawt.so
7fb938b26000-7fb938b4b000 rw-p 00000000 00:00 0 
7fb938b4b000-7fb938b4e000 r--s 00032000 08:01 395025                     /usr/lib/jvm/java-7-openjdk-common/jre/lib/ext/sunjce_provider.jar
7fb938b4e000-7fb938b51000 r--s 00085000 08:01 395002                     /usr/lib/jvm/java-7-openjdk-common/jre/lib/ext/localedata.jar
7fb938b51000-7fb938b52000 r--s 00002000 08:01 394906                     /usr/lib/jvm/java-7-openjdk-common/jre/lib/ext/dnsns.jar
7fb938b52000-7fb938b55000 r--s 0003c000 08:01 394890                     /usr/lib/jvm/java-7-openjdk-common/jre/lib/ext/sunpkcs11.jar
7fb938b55000-7fb938b57000 r--s 00012000 08:01 395160                     /usr/lib/jvm/java-7-openjdk-common/jre/lib/ext/zipfs.jar
7fb938b57000-7fb938b5a000 r--s 0000f000 08:01 395194                     /usr/lib/jvm/java-7-openjdk-common/jre/lib/ext/pulse-java.jar
7fb938b5a000-7fb938b62000 r--s 00066000 08:01 676447                     /usr/share/java/gnome-java-bridge.jar
7fb938b62000-7fb938b63000 ---p 00000000 00:00 0 
7fb938b63000-7fb938c63000 rw-p 00000000 00:00 0 
7fb938c63000-7fb938c66000 ---p 00000000 00:00 0 
7fb938c66000-7fb938d64000 rw-p 00000000 00:00 0 
7fb938d64000-7fb938d67000 ---p 00000000 00:00 0 
7fb938d67000-7fb938e65000 rw-p 00000000 00:00 0 
7fb938e65000-7fb938e68000 ---p 00000000 00:00 0 
7fb938e68000-7fb938f66000 rw-p 00000000 00:00 0 
7fb938f66000-7fb938f69000 ---p 00000000 00:00 0 
7fb938f69000-7fb939067000 rw-p 00000000 00:00 0 
7fb939067000-7fb939754000 r--p 00000000 08:01 403488                     /usr/lib/locale/locale-archive
7fb939754000-7fb939757000 ---p 00000000 00:00 0 
7fb939757000-7fb939855000 rw-p 00000000 00:00 0 
7fb939855000-7fb939858000 ---p 00000000 00:00 0 
7fb939858000-7fb939956000 rw-p 00000000 00:00 0 
7fb939956000-7fb939957000 ---p 00000000 00:00 0 
7fb939957000-7fb939dc6000 rw-p 00000000 00:00 0 
7fb939dc6000-7fb939f74000 r--s 03e76000 08:01 396788                     /usr/lib/jvm/java-7-openjdk-amd64/jre/lib/rt.jar
7fb939f74000-7fb939f9c000 rw-p 00000000 00:00 0 
7fb939f9c000-7fb939f9d000 ---p 00000000 00:00 0 
7fb939f9d000-7fb93a09d000 rw-p 00000000 00:00 0 
7fb93a09d000-7fb93a09e000 ---p 00000000 00:00 0 
7fb93a09e000-7fb93a1a9000 rw-p 00000000 00:00 0 
7fb93a1a9000-7fb93a1f1000 rw-p 00000000 00:00 0 
7fb93a1f1000-7fb93a206000 rw-p 00000000 00:00 0 
7fb93a206000-7fb93a33c000 rw-p 00000000 00:00 0 
7fb93a33c000-7fb93a347000 rw-p 00000000 00:00 0 
7fb93a347000-7fb93a38f000 rw-p 00000000 00:00 0 
7fb93a38f000-7fb93a3a4000 rw-p 00000000 00:00 0 
7fb93a3a4000-7fb93a4d9000 rw-p 00000000 00:00 0 
7fb93a4d9000-7fb93a4e4000 rw-p 00000000 00:00 0 
7fb93a4e4000-7fb93a57f000 rw-p 00000000 00:00 0 
7fb93a57f000-7fb93a580000 rw-p 00000000 00:00 0 
7fb93a580000-7fb93a7f0000 rwxp 00000000 00:00 0 
7fb93a7f0000-7fb93d580000 rw-p 00000000 00:00 0 
7fb93d580000-7fb93d588000 r-xp 00000000 08:01 399895                     /usr/lib/jvm/java-7-openjdk-amd64/jre/lib/amd64/libzip.so
7fb93d588000-7fb93d787000 ---p 00008000 08:01 399895                     /usr/lib/jvm/java-7-openjdk-amd64/jre/lib/amd64/libzip.so
7fb93d787000-7fb93d788000 r--p 00007000 08:01 399895                     /usr/lib/jvm/java-7-openjdk-amd64/jre/lib/amd64/libzip.so
7fb93d788000-7fb93d789000 rw-p 00008000 08:01 399895                     /usr/lib/jvm/java-7-openjdk-amd64/jre/lib/amd64/libzip.so
7fb93d789000-7fb93d795000 r-xp 00000000 08:01 134596                     /lib/x86_64-linux-gnu/libnss_files-2.13.so
7fb93d795000-7fb93d994000 ---p 0000c000 08:01 134596                     /lib/x86_64-linux-gnu/libnss_files-2.13.so
7fb93d994000-7fb93d995000 r--p 0000b000 08:01 134596                     /lib/x86_64-linux-gnu/libnss_files-2.13.so
7fb93d995000-7fb93d996000 rw-p 0000c000 08:01 134596                     /lib/x86_64-linux-gnu/libnss_files-2.13.so
7fb93d996000-7fb93d9a0000 r-xp 00000000 08:01 134607                     /lib/x86_64-linux-gnu/libnss_nis-2.13.so
7fb93d9a0000-7fb93dba0000 ---p 0000a000 08:01 134607                     /lib/x86_64-linux-gnu/libnss_nis-2.13.so
7fb93dba0000-7fb93dba1000 r--p 0000a000 08:01 134607                     /lib/x86_64-linux-gnu/libnss_nis-2.13.so
7fb93dba1000-7fb93dba2000 rw-p 0000b000 08:01 134607                     /lib/x86_64-linux-gnu/libnss_nis-2.13.so
7fb93dba2000-7fb93dbb9000 r-xp 00000000 08:01 134591                     /lib/x86_64-linux-gnu/libnsl-2.13.so
7fb93dbb9000-7fb93ddb8000 ---p 00017000 08:01 134591                     /lib/x86_64-linux-gnu/libnsl-2.13.so
7fb93ddb8000-7fb93ddb9000 r--p 00016000 08:01 134591                     /lib/x86_64-linux-gnu/libnsl-2.13.so
7fb93ddb9000-7fb93ddba000 rw-p 00017000 08:01 134591                     /lib/x86_64-linux-gnu/libnsl-2.13.so
7fb93ddba000-7fb93ddbc000 rw-p 00000000 00:00 0 
7fb93ddbc000-7fb93ddc4000 r-xp 00000000 08:01 134588                     /lib/x86_64-linux-gnu/libnss_compat-2.13.so
7fb93ddc4000-7fb93dfc3000 ---p 00008000 08:01 134588                     /lib/x86_64-linux-gnu/libnss_compat-2.13.so
7fb93dfc3000-7fb93dfc4000 r--p 00007000 08:01 134588                     /lib/x86_64-linux-gnu/libnss_compat-2.13.so
7fb93dfc4000-7fb93dfc5000 rw-p 00008000 08:01 134588                     /lib/x86_64-linux-gnu/libnss_compat-2.13.so
7fb93dfc5000-7fb93dfee000 r-xp 00000000 08:01 398578                     /usr/lib/jvm/java-7-openjdk-amd64/jre/lib/amd64/libjava.so
7fb93dfee000-7fb93e1ed000 ---p 00029000 08:01 398578                     /usr/lib/jvm/java-7-openjdk-amd64/jre/lib/amd64/libjava.so
7fb93e1ed000-7fb93e1ee000 r--p 00028000 08:01 398578                     /usr/lib/jvm/java-7-openjdk-amd64/jre/lib/amd64/libjava.so
7fb93e1ee000-7fb93e1f0000 rw-p 00029000 08:01 398578                     /usr/lib/jvm/java-7-openjdk-amd64/jre/lib/amd64/libjava.so
7fb93e1f0000-7fb93e1fe000 r-xp 00000000 08:01 399894                     /usr/lib/jvm/java-7-openjdk-amd64/jre/lib/amd64/libverify.so
7fb93e1fe000-7fb93e3fd000 ---p 0000e000 08:01 399894                     /usr/lib/jvm/java-7-openjdk-amd64/jre/lib/amd64/libverify.so
7fb93e3fd000-7fb93e3ff000 r--p 0000d000 08:01 399894                     /usr/lib/jvm/java-7-openjdk-amd64/jre/lib/amd64/libverify.so
7fb93e3ff000-7fb93e400000 rw-p 0000f000 08:01 399894                     /usr/lib/jvm/java-7-openjdk-amd64/jre/lib/amd64/libverify.so
7fb93e400000-7fb93e407000 r-xp 00000000 08:01 134577                     /lib/x86_64-linux-gnu/librt-2.13.so
7fb93e407000-7fb93e606000 ---p 00007000 08:01 134577                     /lib/x86_64-linux-gnu/librt-2.13.so
7fb93e606000-7fb93e607000 r--p 00006000 08:01 134577                     /lib/x86_64-linux-gnu/librt-2.13.so
7fb93e607000-7fb93e608000 rw-p 00007000 08:01 134577                     /lib/x86_64-linux-gnu/librt-2.13.so
7fb93e608000-7fb93e61d000 r-xp 00000000 08:01 131748                     /lib/x86_64-linux-gnu/libgcc_s.so.1
7fb93e61d000-7fb93e81c000 ---p 00015000 08:01 131748                     /lib/x86_64-linux-gnu/libgcc_s.so.1
7fb93e81c000-7fb93e81d000 r--p 00014000 08:01 131748                     /lib/x86_64-linux-gnu/libgcc_s.so.1
7fb93e81d000-7fb93e81e000 rw-p 00015000 08:01 131748                     /lib/x86_64-linux-gnu/libgcc_s.so.1
7fb93e81e000-7fb93e8a1000 r-xp 00000000 08:01 134673                     /lib/x86_64-linux-gnu/libm-2.13.so
7fb93e8a1000-7fb93eaa0000 ---p 00083000 08:01 134673                     /lib/x86_64-linux-gnu/libm-2.13.so
7fb93eaa0000-7fb93eaa1000 r--p 00082000 08:01 134673                     /lib/x86_64-linux-gnu/libm-2.13.so
7fb93eaa1000-7fb93eaa2000 rw-p 00083000 08:01 134673                     /lib/x86_64-linux-gnu/libm-2.13.so
7fb93eaa2000-7fb93eb8a000 r-xp 00000000 08:01 398097                     /usr/lib/x86_64-linux-gnu/libstdc++.so.6.0.16
7fb93eb8a000-7fb93ed8a000 ---p 000e8000 08:01 398097                     /usr/lib/x86_64-linux-gnu/libstdc++.so.6.0.16
7fb93ed8a000-7fb93ed92000 r--p 000e8000 08:01 398097                     /usr/lib/x86_64-linux-gnu/libstdc++.so.6.0.16
7fb93ed92000-7fb93ed94000 rw-p 000f0000 08:01 398097                     /usr/lib/x86_64-linux-gnu/libstdc++.so.6.0.16
7fb93ed94000-7fb93eda9000 rw-p 00000000 00:00 0 
7fb93eda9000-7fb93f730000 r-xp 00000000 08:01 399897                     /usr/lib/jvm/java-7-openjdk-amd64/jre/lib/amd64/server/libjvm.so
7fb93f730000-7fb93f92f000 ---p 00987000 08:01 399897                     /usr/lib/jvm/java-7-openjdk-amd64/jre/lib/amd64/server/libjvm.so
7fb93f92f000-7fb93f9ad000 r--p 00986000 08:01 399897                     /usr/lib/jvm/java-7-openjdk-amd64/jre/lib/amd64/server/libjvm.so
7fb93f9ad000-7fb93f9c8000 rw-p 00a04000 08:01 399897                     /usr/lib/jvm/java-7-openjdk-amd64/jre/lib/amd64/server/libjvm.so
7fb93f9c8000-7fb93f9f3000 rw-p 00000000 00:00 0 
7fb93f9f3000-7fb93fa0b000 r-xp 00000000 08:01 134606                     /lib/x86_64-linux-gnu/libpthread-2.13.so
7fb93fa0b000-7fb93fc0a000 ---p 00018000 08:01 134606                     /lib/x86_64-linux-gnu/libpthread-2.13.so
7fb93fc0a000-7fb93fc0b000 r--p 00017000 08:01 134606                     /lib/x86_64-linux-gnu/libpthread-2.13.so
7fb93fc0b000-7fb93fc0c000 rw-p 00018000 08:01 134606                     /lib/x86_64-linux-gnu/libpthread-2.13.so
7fb93fc0c000-7fb93fc10000 rw-p 00000000 00:00 0 
7fb93fc10000-7fb93fc27000 r-xp 00000000 08:01 139905                     /lib/x86_64-linux-gnu/libz.so.1.2.3.4
7fb93fc27000-7fb93fe26000 ---p 00017000 08:01 139905                     /lib/x86_64-linux-gnu/libz.so.1.2.3.4
7fb93fe26000-7fb93fe27000 r--p 00016000 08:01 139905                     /lib/x86_64-linux-gnu/libz.so.1.2.3.4
7fb93fe27000-7fb93fe28000 rw-p 00017000 08:01 139905                     /lib/x86_64-linux-gnu/libz.so.1.2.3.4
7fb93fe28000-7fb93fe2a000 r-xp 00000000 08:01 134594                     /lib/x86_64-linux-gnu/libdl-2.13.so
7fb93fe2a000-7fb94002a000 ---p 00002000 08:01 134594                     /lib/x86_64-linux-gnu/libdl-2.13.so
7fb94002a000-7fb94002b000 r--p 00002000 08:01 134594                     /lib/x86_64-linux-gnu/libdl-2.13.so
7fb94002b000-7fb94002c000 rw-p 00003000 08:01 134594                     /lib/x86_64-linux-gnu/libdl-2.13.so
7fb94002c000-7fb9401c1000 r-xp 00000000 08:01 134593                     /lib/x86_64-linux-gnu/libc-2.13.so
7fb9401c1000-7fb9403c0000 ---p 00195000 08:01 134593                     /lib/x86_64-linux-gnu/libc-2.13.so
7fb9403c0000-7fb9403c4000 r--p 00194000 08:01 134593                     /lib/x86_64-linux-gnu/libc-2.13.so
7fb9403c4000-7fb9403c5000 rw-p 00198000 08:01 134593                     /lib/x86_64-linux-gnu/libc-2.13.so
7fb9403c5000-7fb9403cb000 rw-p 00000000 00:00 0 
7fb9403cb000-7fb9403d7000 r-xp 00000000 08:01 397479                     /usr/lib/jvm/java-7-openjdk-amd64/jre/lib/amd64/jli/libjli.so
7fb9403d7000-7fb9405d6000 ---p 0000c000 08:01 397479                     /usr/lib/jvm/java-7-openjdk-amd64/jre/lib/amd64/jli/libjli.so
7fb9405d6000-7fb9405d7000 r--p 0000b000 08:01 397479                     /usr/lib/jvm/java-7-openjdk-amd64/jre/lib/amd64/jli/libjli.so
7fb9405d7000-7fb9405d8000 rw-p 0000c000 08:01 397479                     /usr/lib/jvm/java-7-openjdk-amd64/jre/lib/amd64/jli/libjli.so
7fb9405d8000-7fb9405f9000 r-xp 00000000 08:01 134600                     /lib/x86_64-linux-gnu/ld-2.13.so
7fb94060d000-7fb940617000 rw-p 00000000 00:00 0 
7fb940617000-7fb9406cd000 rw-p 00000000 00:00 0 
7fb9406cd000-7fb9406d0000 ---p 00000000 00:00 0 
7fb9406d0000-7fb9407d3000 rw-p 00000000 00:00 0 
7fb9407d6000-7fb9407d7000 rw-p 00000000 00:00 0 
7fb9407d7000-7fb9407db000 r--s 0009f000 08:01 396465                     /usr/lib/jvm/java-7-openjdk-common/jre/lib/jsse.jar
7fb9407db000-7fb9407dc000 r--p 00000000 00:00 0 
7fb9407dc000-7fb9407e5000 r--s 00263000 08:01 396683                     /usr/lib/jvm/java-7-openjdk-common/jre/lib/resources.jar
7fb9407e5000-7fb9407ec000 r--s 00000000 08:01 663199                     /usr/lib/x86_64-linux-gnu/gconv/gconv-modules.cache
7fb9407ec000-7fb9407f4000 rw-s 00000000 08:01 268500                     /tmp/hsperfdata_guillaume/12463
7fb9407f4000-7fb9407f5000 rw-p 00000000 00:00 0 
7fb9407f5000-7fb9407f6000 r--p 00000000 00:00 0 
7fb9407f6000-7fb9407f8000 rw-p 00000000 00:00 0 
7fb9407f8000-7fb9407f9000 r--p 00020000 08:01 134600                     /lib/x86_64-linux-gnu/ld-2.13.so
7fb9407f9000-7fb9407fb000 rw-p 00021000 08:01 134600                     /lib/x86_64-linux-gnu/ld-2.13.so
7fff9d7e6000-7fff9d807000 rw-p 00000000 00:00 0                          [stack]
7fff9d8b1000-7fff9d8b2000 r-xp 00000000 00:00 0                          [vdso]
ffffffffff600000-ffffffffff601000 r-xp 00000000 00:00 0                  [vsyscall]

VM Arguments:
jvm_args: -Dfile.encoding=UTF-8 
java_command: main.Main
Launcher Type: SUN_STANDARD

Environment Variables:
PATH=/usr/lib/lightdm/lightdm:/usr/local/sbin:/usr/local/bin:/usr/sbin:/usr/bin:/sbin:/bin:/usr/games
USERNAME=guillaume
SHELL=/bin/bash
DISPLAY=:0

Signal Handlers:
SIGSEGV: [libjvm.so+0x7fca30], sa_mask[0]=0x7ffbfeff, sa_flags=0x10000004
SIGBUS: [libjvm.so+0x7fca30], sa_mask[0]=0x7ffbfeff, sa_flags=0x10000004
SIGFPE: [libjvm.so+0x6a1150], sa_mask[0]=0x7ffbfeff, sa_flags=0x10000004
SIGPIPE: [libjvm.so+0x6a1150], sa_mask[0]=0x7ffbfeff, sa_flags=0x10000004
SIGXFSZ: [libjvm.so+0x6a1150], sa_mask[0]=0x7ffbfeff, sa_flags=0x10000004
SIGILL: [libjvm.so+0x6a1150], sa_mask[0]=0x7ffbfeff, sa_flags=0x10000004
SIGUSR1: SIG_DFL, sa_mask[0]=0x00000000, sa_flags=0x00000000
SIGUSR2: [libjvm.so+0x6a1520], sa_mask[0]=0x00000004, sa_flags=0x10000004
SIGHUP: [libjvm.so+0x6a1660], sa_mask[0]=0x7ffbfeff, sa_flags=0x10000004
SIGINT: SIG_IGN, sa_mask[0]=0x00000000, sa_flags=0x00000000
SIGTERM: [libjvm.so+0x6a1660], sa_mask[0]=0x7ffbfeff, sa_flags=0x10000004
SIGQUIT: [libjvm.so+0x6a1660], sa_mask[0]=0x7ffbfeff, sa_flags=0x10000004


---------------  S Y S T E M  ---------------

OS:Ubuntu 11.10 (oneiric)
uname:Linux 3.0.0-12-generic #20-Ubuntu SMP Fri Oct 7 14:56:25 UTC 2011 x86_64
libc:glibc 2.13 NPTL 2.13 
rlimit: STACK 8192k, CORE 0k, NPROC 31562, NOFILE 4096, AS infinity
load average:0,45 0,71 0,56

/proc/meminfo:
MemTotal:        4055792 kB
MemFree:          656208 kB
Buffers:          137724 kB
Cached:          1204204 kB
SwapCached:            0 kB
Active:          2483244 kB
Inactive:         660980 kB
Active(anon):    1805044 kB
Inactive(anon):    10108 kB
Active(file):     678200 kB
Inactive(file):   650872 kB
Unevictable:         128 kB
Mlocked:             128 kB
SwapTotal:             0 kB
SwapFree:              0 kB
Dirty:               820 kB
Writeback:             0 kB
AnonPages:       1802464 kB
Mapped:           272008 kB
Shmem:             12860 kB
Slab:             100308 kB
SReclaimable:      68108 kB
SUnreclaim:        32200 kB
KernelStack:        3896 kB
PageTables:        42120 kB
NFS_Unstable:          0 kB
Bounce:                0 kB
WritebackTmp:          0 kB
CommitLimit:     2027896 kB
Committed_AS:    4711120 kB
VmallocTotal:   34359738367 kB
VmallocUsed:      109112 kB
VmallocChunk:   34359600636 kB
HardwareCorrupted:     0 kB
AnonHugePages:         0 kB
HugePages_Total:       0
HugePages_Free:        0
HugePages_Rsvd:        0
HugePages_Surp:        0
Hugepagesize:       2048 kB
DirectMap4k:      183232 kB
DirectMap2M:     4009984 kB


CPU:total 2 (2 cores per cpu, 1 threads per core) family 6 model 15 stepping 13, cmov, cx8, fxsr, mmx, sse, sse2, sse3, ssse3

Memory: 4k page, physical 4055792k(656208k free), swap 0k(0k free)

vm_info: OpenJDK 64-Bit Server VM (21.0-b17) for linux-amd64 JRE (1.7.0_147-b147), built on Sep 30 2011 00:36:33 by "buildd" with gcc 4.6.1

time: Thu Nov 10 18:25:03 2011
elapsed time: 0 seconds

