#
# A fatal error has been detected by the Java Runtime Environment:
#
#  SIGSEGV (0xb) at pc=0x00007f44efdc71f8, pid=2807, tid=139934409918208
#
# JRE version: 7.0_147-b147
# Java VM: OpenJDK 64-Bit Server VM (21.0-b17 mixed mode linux-amd64 compressed oops)
# Derivative: IcedTea7 2.0pre
# Distribution: Ubuntu oneiric (development branch), package 7~b147-2.0~pre6-1ubuntu1
# Problematic frame:
# C  [liblcms2.so.2+0x121f8]  cmsSaveProfileToIOhandler+0x38
#
# Failed to write core dump. Core dumps have been disabled. To enable core dumping, try "ulimit -c unlimited" before starting Java again
#
# If you would like to submit a bug report, please include
# instructions on how to reproduce the bug and visit:
#   https://bugs.launchpad.net/ubuntu/+source/openjdk-7/
# The crash happened outside the Java Virtual Machine in native code.
# See problematic frame for where to report the bug.
#

---------------  T H R E A D  ---------------

Current thread (0x0000000000ade800):  JavaThread "main" [_thread_in_native, id=2809, stack(0x00007f4504bb8000,0x00007f4504cb9000)]

siginfo:si_signo=SIGSEGV: si_errno=0, si_code=1 (SEGV_MAPERR), si_addr=0x0000000000000000

Registers:
RAX=0x0000000000000000, RBX=0x0000000000000000, RCX=0x00000000000001d4, RDX=0x00007f4504cb6a4c
RSP=0x00007f4504cb5b20, RBP=0x0000000000000000, RSI=0x0000000000000000, RDI=0x00007f4504cb5b20
R8 =0x00007f44f012f550, R9 =0x0000000000000000, R10=0x0000000000000000, R11=0x0000000000000000
R12=0x00007f4504cb6a4c, R13=0x0000000000000000, R14=0x0000000000000000, R15=0x0000000000ade800
RIP=0x00007f44efdc71f8, EFLAGS=0x0000000000010246, CSGSFS=0x0000000000000033, ERR=0x0000000000000004
  TRAPNO=0x000000000000000e

Top of Stack: (sp=0x00007f4504cb5b20)
0x00007f4504cb5b20:   00007f44f0133f50 00007f44efdc5cef
0x00007f4504cb5b30:   0000000000000c48 00007f44f0000020
0x00007f4504cb5b40:   000000000000000e 000000000000080c
0x00007f4504cb5b50:   00007f4500000000 00007f44f0000020
0x00007f4504cb5b60:   000000000000000e 00007f44efdcc754
0x00007f4504cb5b70:   00007f4504cb5ffc 7f3ade805365a700
0x00007f4504cb5b80:   00007f44f0133f50 00007f44f01326dc
0x00007f4504cb5b90:   000000000000000e 00007f44efdc5ebf
0x00007f4504cb5ba0:   4247527320434549 0000000000000000
0x00007f4504cb5bb0:   00007f44f01341f0 2dd3000000000100
0x00007f4504cb5bc0:   0000080c000004c4 00007f44f0000020
0x00007f4504cb5bd0:   00007f4400000000 00007f44f01340a0
0x00007f4504cb5be0:   0000000000000c48 00007f44f0132558
0x00007f4504cb5bf0:   0000000000000011 00007f4504593d7c
0x00007f4504cb5c00:   00007f44f01340a0 00007f44efdc5e2c
0x00007f4504cb5c10:   00007f44f0132300 00007f44efdc73ae
0x00007f4504cb5c20:   00007f44f01331b0 0000000000000000
0x00007f4504cb5c30:   0000003100000000 0000000900000006
0x00007f4504cb5c40:   0000006200000001 ffffffffffffffff
0x00007f4504cb5c50:   0000000000000000 0000000000000000
0x00007f4504cb5c60:   00007f4504673689 6d6e747202100000
0x00007f4504cb5c70:   58595a2052474220 00000000000000b0
0x00007f4504cb5c80:   7352474249454320 0000000000000000
0x00007f4504cb5c90:   0000000000000000 0000000000000000
0x00007f4504cb5ca0:   6370727400000011 00007f44f0000020
0x00007f4504cb5cb0:   00007f44f0125340 000000000000007c
0x00007f4504cb5cc0:   00007f4504cb61e0 00007f4504cb64a0
0x00007f4504cb5cd0:   00007f4504add85b 00007f450459377d
0x00007f4504cb5ce0:   6254524300000000 000000000000003f
0x00007f4504cb5cf0:   00007f44f0125340 0000000000000000
0x00007f4504cb5d00:   00007f44f012f58d 00007f4504ad17e1
0x00007f4504cb5d10:   0000000000000000 0000000000000000 

Instructions: (pc=0x00007f44efdc71f8)
0x00007f44efdc71d8:   48 89 de 48 81 ec b8 0e 00 00 64 48 8b 04 25 28
0x00007f44efdc71e8:   00 00 00 48 89 84 24 a8 0e 00 00 31 c0 48 89 e7
0x00007f44efdc71f8:   f3 48 a5 48 89 df e8 1d f6 ff ff 48 89 c7 e8 65
0x00007f44efdc7208:   f0 ff ff 48 85 c0 49 89 c4 48 89 03 74 0e 31 f6 

Register to memory mapping:

RAX=0x0000000000000000 is an unknown value
RBX=0x0000000000000000 is an unknown value
RCX=0x00000000000001d4 is an unknown value
RDX=0x00007f4504cb6a4c is pointing into the stack for thread: 0x0000000000ade800
RSP=0x00007f4504cb5b20 is pointing into the stack for thread: 0x0000000000ade800
RBP=0x0000000000000000 is an unknown value
RSI=0x0000000000000000 is an unknown value
RDI=0x00007f4504cb5b20 is pointing into the stack for thread: 0x0000000000ade800
R8 =0x00007f44f012f550 is an unknown value
R9 =0x0000000000000000 is an unknown value
R10=0x0000000000000000 is an unknown value
R11=0x0000000000000000 is an unknown value
R12=0x00007f4504cb6a4c is pointing into the stack for thread: 0x0000000000ade800
R13=0x0000000000000000 is an unknown value
R14=0x0000000000000000 is an unknown value
R15=0x0000000000ade800 is a thread


Stack: [0x00007f4504bb8000,0x00007f4504cb9000],  sp=0x00007f4504cb5b20,  free space=1014k
Native frames: (J=compiled Java code, j=interpreted, Vv=VM code, C=native code)
C  [liblcms2.so.2+0x121f8]  cmsSaveProfileToIOhandler+0x38

[error occurred during error reporting (printing native stack), id 0xb]

Java frames: (J=compiled Java code, j=interpreted, Vv=VM code)
j  sun.java2d.cmm.lcms.LCMS.getTagData(JI[B)V+0
j  java.awt.color.ICC_Profile.getData(JI)[B+26
j  java.awt.color.ICC_Profile.getData(I)[B+14
j  java.awt.color.ICC_Profile.getNumComponents()I+18
j  sun.java2d.cmm.lcms.LCMSTransform.<init>(Ljava/awt/color/ICC_Profile;II)V+83
j  sun.java2d.cmm.lcms.LCMS.createTransform(Ljava/awt/color/ICC_Profile;II)Lsun/java2d/cmm/ColorTransform;+7
j  java.awt.color.ICC_ColorSpace.fromRGB([F)[F+37
j  com.sun.imageio.plugins.jpeg.JPEGImageReader.setImageData(IIIII[B)V+158
v  ~StubRoutines::call_stub
j  com.sun.imageio.plugins.jpeg.JPEGImageReader.readImageHeader(JZZ)Z+0
j  com.sun.imageio.plugins.jpeg.JPEGImageReader.readNativeHeader(Z)Z+12
j  com.sun.imageio.plugins.jpeg.JPEGImageReader.checkTablesOnly()V+92
j  com.sun.imageio.plugins.jpeg.JPEGImageReader.gotoImage(I)V+41
j  com.sun.imageio.plugins.jpeg.JPEGImageReader.readHeader(IZ)V+2
j  com.sun.imageio.plugins.jpeg.JPEGImageReader.readInternal(ILjavax/imageio/ImageReadParam;Z)Ljava/awt/image/Raster;+3
j  com.sun.imageio.plugins.jpeg.JPEGImageReader.read(ILjavax/imageio/ImageReadParam;)Ljava/awt/image/BufferedImage;+8
j  javax.imageio.ImageIO.read(Ljavax/imageio/stream/ImageInputStream;)Ljava/awt/image/BufferedImage;+55
j  javax.imageio.ImageIO.read(Ljava/io/InputStream;)Ljava/awt/image/BufferedImage;+20
j  content.ImageBank.<init>()V+118
j  main.Main.main([Ljava/lang/String;)V+4
v  ~StubRoutines::call_stub

---------------  P R O C E S S  ---------------

Java Threads: ( => current thread )
  0x00007f44f00e8000 JavaThread "Thread-0" [_thread_blocked, id=2830, stack(0x00007f44f474c000,0x00007f44f484d000)]
  0x00007f44f00e6800 JavaThread "AWT-EventQueue-0" [_thread_in_native, id=2829, stack(0x00007f44f484d000,0x00007f44f494e000)]
  0x00007f44f0040800 JavaThread "AWT-Shutdown" [_thread_blocked, id=2828, stack(0x00007f44f4fe4000,0x00007f44f50e5000)]
  0x0000000000e14000 JavaThread "process reaper" daemon [_thread_blocked, id=2826, stack(0x00007f44f50e5000,0x00007f44f50ff000)]
  0x0000000000ded000 JavaThread "AWT-XAWT" daemon [_thread_blocked, id=2824, stack(0x00007f44f50ff000,0x00007f44f5200000)]
  0x0000000000d79000 JavaThread "Java2D Disposer" daemon [_thread_blocked, id=2823, stack(0x00007f44f5200000,0x00007f44f5301000)]
  0x0000000000be1800 JavaThread "Service Thread" daemon [_thread_blocked, id=2821, stack(0x00007f44fd14e000,0x00007f44fd24f000)]
  0x0000000000bde800 JavaThread "C2 CompilerThread1" daemon [_thread_blocked, id=2820, stack(0x00007f44fd24f000,0x00007f44fd350000)]
  0x0000000000bdb800 JavaThread "C2 CompilerThread0" daemon [_thread_blocked, id=2819, stack(0x00007f44fd350000,0x00007f44fd451000)]
  0x0000000000bd9800 JavaThread "Signal Dispatcher" daemon [_thread_blocked, id=2818, stack(0x00007f44fd451000,0x00007f44fd552000)]
  0x0000000000b7c000 JavaThread "Finalizer" daemon [_thread_blocked, id=2817, stack(0x00007f44fdc3f000,0x00007f44fdd40000)]
  0x0000000000b79800 JavaThread "Reference Handler" daemon [_thread_blocked, id=2816, stack(0x00007f44fdd40000,0x00007f44fde41000)]
=>0x0000000000ade800 JavaThread "main" [_thread_in_native, id=2809, stack(0x00007f4504bb8000,0x00007f4504cb9000)]

Other Threads:
  0x0000000000b71800 VMThread [stack: 0x00007f44fde41000,0x00007f44fdf42000] [id=2815]
  0x0000000000bec800 WatcherThread [stack: 0x00007f44fd04d000,0x00007f44fd14e000] [id=2822]

VM state:not at safepoint (normal execution)

VM Mutex/Monitor currently owned by a thread: None

Heap
 PSYoungGen      total 18496K, used 6845K [0x00000000eb560000, 0x00000000eca00000, 0x0000000100000000)
  eden space 15872K, 43% used [0x00000000eb560000,0x00000000ebc0f768,0x00000000ec4e0000)
  from space 2624K, 0% used [0x00000000ec770000,0x00000000ec770000,0x00000000eca00000)
  to   space 2624K, 0% used [0x00000000ec4e0000,0x00000000ec4e0000,0x00000000ec770000)
 PSOldGen        total 42304K, used 0K [0x00000000c2000000, 0x00000000c4950000, 0x00000000eb560000)
  object space 42304K, 0% used [0x00000000c2000000,0x00000000c2000000,0x00000000c4950000)
 PSPermGen       total 21248K, used 11196K [0x00000000b7a00000, 0x00000000b8ec0000, 0x00000000c2000000)
  object space 21248K, 52% used [0x00000000b7a00000,0x00000000b84ef0f8,0x00000000b8ec0000)

Code Cache  [0x00007f44fea6b000, 0x00007f44fecdb000, 0x00007f4501a6b000)
 total_blobs=445 nmethods=13 adapters=385 free_code_cache=48613Kb largest_free_block=49770176

Dynamic libraries:
00400000-00401000 r-xp 00000000 08:01 400896                             /usr/lib/jvm/java-7-openjdk-amd64/jre/bin/java
00600000-00601000 r--p 00000000 08:01 400896                             /usr/lib/jvm/java-7-openjdk-amd64/jre/bin/java
00601000-00602000 rw-p 00001000 08:01 400896                             /usr/lib/jvm/java-7-openjdk-amd64/jre/bin/java
00ad4000-01027000 rw-p 00000000 00:00 0                                  [heap]
b7a00000-b8ec0000 rw-p 00000000 00:00 0 
b8ec0000-c2000000 rw-p 00000000 00:00 0 
c2000000-c4950000 rw-p 00000000 00:00 0 
c4950000-eb560000 rw-p 00000000 00:00 0 
eb560000-eca00000 rw-p 00000000 00:00 0 
eca00000-100000000 rw-p 00000000 00:00 0 
7f44efb62000-7f44efdb5000 rw-s 00000000 00:04 589824                     /SYSV00000000 (deleted)
7f44efdb5000-7f44efdfb000 r-xp 00000000 08:01 406696                     /usr/lib/x86_64-linux-gnu/liblcms2.so.2.0.2
7f44efdfb000-7f44efffa000 ---p 00046000 08:01 406696                     /usr/lib/x86_64-linux-gnu/liblcms2.so.2.0.2
7f44efffa000-7f44efffb000 r--p 00045000 08:01 406696                     /usr/lib/x86_64-linux-gnu/liblcms2.so.2.0.2
7f44efffb000-7f44effff000 rw-p 00046000 08:01 406696                     /usr/lib/x86_64-linux-gnu/liblcms2.so.2.0.2
7f44effff000-7f44f0000000 rw-p 00000000 00:00 0 
7f44f0000000-7f44f0135000 rw-p 00000000 00:00 0 
7f44f0135000-7f44f4000000 ---p 00000000 00:00 0 
7f44f40f5000-7f44f40f9000 r-xp 00000000 08:01 398964                     /usr/lib/jvm/java-7-openjdk-amd64/jre/lib/amd64/libjavalcms.so
7f44f40f9000-7f44f42f8000 ---p 00004000 08:01 398964                     /usr/lib/jvm/java-7-openjdk-amd64/jre/lib/amd64/libjavalcms.so
7f44f42f8000-7f44f42f9000 r--p 00003000 08:01 398964                     /usr/lib/jvm/java-7-openjdk-amd64/jre/lib/amd64/libjavalcms.so
7f44f42f9000-7f44f42fa000 rw-p 00004000 08:01 398964                     /usr/lib/jvm/java-7-openjdk-amd64/jre/lib/amd64/libjavalcms.so
7f44f42fa000-7f44f431e000 r-xp 00000000 08:01 406680                     /usr/lib/x86_64-linux-gnu/libjpeg.so.62.0.0
7f44f431e000-7f44f451d000 ---p 00024000 08:01 406680                     /usr/lib/x86_64-linux-gnu/libjpeg.so.62.0.0
7f44f451d000-7f44f451e000 r--p 00023000 08:01 406680                     /usr/lib/x86_64-linux-gnu/libjpeg.so.62.0.0
7f44f451e000-7f44f451f000 rw-p 00024000 08:01 406680                     /usr/lib/x86_64-linux-gnu/libjpeg.so.62.0.0
7f44f4542000-7f44f454b000 r-xp 00000000 08:01 398665                     /usr/lib/jvm/java-7-openjdk-amd64/jre/lib/amd64/libjavajpeg.so
7f44f454b000-7f44f474a000 ---p 00009000 08:01 398665                     /usr/lib/jvm/java-7-openjdk-amd64/jre/lib/amd64/libjavajpeg.so
7f44f474a000-7f44f474b000 r--p 00008000 08:01 398665                     /usr/lib/jvm/java-7-openjdk-amd64/jre/lib/amd64/libjavajpeg.so
7f44f474b000-7f44f474c000 rw-p 00009000 08:01 398665                     /usr/lib/jvm/java-7-openjdk-amd64/jre/lib/amd64/libjavajpeg.so
7f44f474c000-7f44f474f000 ---p 00000000 00:00 0 
7f44f474f000-7f44f484d000 rw-p 00000000 00:00 0 
7f44f484d000-7f44f4850000 ---p 00000000 00:00 0 
7f44f4850000-7f44f494e000 rw-p 00000000 00:00 0 
7f44f494e000-7f44f495e000 r-xp 00000000 08:01 399340                     /usr/lib/jvm/java-7-openjdk-amd64/jre/lib/amd64/libnio.so
7f44f495e000-7f44f4b5d000 ---p 00010000 08:01 399340                     /usr/lib/jvm/java-7-openjdk-amd64/jre/lib/amd64/libnio.so
7f44f4b5d000-7f44f4b5e000 r--p 0000f000 08:01 399340                     /usr/lib/jvm/java-7-openjdk-amd64/jre/lib/amd64/libnio.so
7f44f4b5e000-7f44f4b5f000 rw-p 00010000 08:01 399340                     /usr/lib/jvm/java-7-openjdk-amd64/jre/lib/amd64/libnio.so
7f44f4b5f000-7f44f4b90000 rw-p 00000000 00:00 0 
7f44f4b90000-7f44f4ba6000 r-xp 00000000 08:01 399248                     /usr/lib/jvm/java-7-openjdk-amd64/jre/lib/amd64/libnet.so
7f44f4ba6000-7f44f4da5000 ---p 00016000 08:01 399248                     /usr/lib/jvm/java-7-openjdk-amd64/jre/lib/amd64/libnet.so
7f44f4da5000-7f44f4da6000 r--p 00015000 08:01 399248                     /usr/lib/jvm/java-7-openjdk-amd64/jre/lib/amd64/libnet.so
7f44f4da6000-7f44f4da7000 rw-p 00016000 08:01 399248                     /usr/lib/jvm/java-7-openjdk-amd64/jre/lib/amd64/libnet.so
7f44f4da7000-7f44f4de1000 r-xp 00000000 08:01 398142                     /usr/lib/jvm/java-7-openjdk-amd64/jre/lib/amd64/libfontmanager.so
7f44f4de1000-7f44f4fe1000 ---p 0003a000 08:01 398142                     /usr/lib/jvm/java-7-openjdk-amd64/jre/lib/amd64/libfontmanager.so
7f44f4fe1000-7f44f4fe3000 r--p 0003a000 08:01 398142                     /usr/lib/jvm/java-7-openjdk-amd64/jre/lib/amd64/libfontmanager.so
7f44f4fe3000-7f44f4fe4000 rw-p 0003c000 08:01 398142                     /usr/lib/jvm/java-7-openjdk-amd64/jre/lib/amd64/libfontmanager.so
7f44f4fe4000-7f44f4fe7000 ---p 00000000 00:00 0 
7f44f4fe7000-7f44f50e5000 rw-p 00000000 00:00 0 
7f44f50e5000-7f44f50e8000 ---p 00000000 00:00 0 
7f44f50e8000-7f44f50ff000 rw-p 00000000 00:00 0 
7f44f50ff000-7f44f5102000 ---p 00000000 00:00 0 
7f44f5102000-7f44f5200000 rw-p 00000000 00:00 0 
7f44f5200000-7f44f5203000 ---p 00000000 00:00 0 
7f44f5203000-7f44f5301000 rw-p 00000000 00:00 0 
7f44f5301000-7f44f5304000 r-xp 00000000 08:01 139849                     /lib/x86_64-linux-gnu/libgpg-error.so.0.8.0
7f44f5304000-7f44f5503000 ---p 00003000 08:01 139849                     /lib/x86_64-linux-gnu/libgpg-error.so.0.8.0
7f44f5503000-7f44f5504000 r--p 00002000 08:01 139849                     /lib/x86_64-linux-gnu/libgpg-error.so.0.8.0
7f44f5504000-7f44f5505000 rw-p 00003000 08:01 139849                     /lib/x86_64-linux-gnu/libgpg-error.so.0.8.0
7f44f5505000-7f44f5507000 r-xp 00000000 08:01 139851                     /lib/x86_64-linux-gnu/libkeyutils.so.1.3
7f44f5507000-7f44f5706000 ---p 00002000 08:01 139851                     /lib/x86_64-linux-gnu/libkeyutils.so.1.3
7f44f5706000-7f44f5707000 r--p 00001000 08:01 139851                     /lib/x86_64-linux-gnu/libkeyutils.so.1.3
7f44f5707000-7f44f5708000 rw-p 00002000 08:01 139851                     /lib/x86_64-linux-gnu/libkeyutils.so.1.3
7f44f5708000-7f44f574a000 r-xp 00000000 08:01 135649                     /lib/x86_64-linux-gnu/libdbus-1.so.3.5.7
7f44f574a000-7f44f5949000 ---p 00042000 08:01 135649                     /lib/x86_64-linux-gnu/libdbus-1.so.3.5.7
7f44f5949000-7f44f594a000 r--p 00041000 08:01 135649                     /lib/x86_64-linux-gnu/libdbus-1.so.3.5.7
7f44f594a000-7f44f594b000 rw-p 00042000 08:01 135649                     /lib/x86_64-linux-gnu/libdbus-1.so.3.5.7
7f44f594b000-7f44f59c5000 r-xp 00000000 08:01 139845                     /lib/x86_64-linux-gnu/libgcrypt.so.11.7.0
7f44f59c5000-7f44f5bc5000 ---p 0007a000 08:01 139845                     /lib/x86_64-linux-gnu/libgcrypt.so.11.7.0
7f44f5bc5000-7f44f5bc6000 r--p 0007a000 08:01 139845                     /lib/x86_64-linux-gnu/libgcrypt.so.11.7.0
7f44f5bc6000-7f44f5bc9000 rw-p 0007b000 08:01 139845                     /lib/x86_64-linux-gnu/libgcrypt.so.11.7.0
7f44f5bc9000-7f44f5bd9000 r-xp 00000000 08:01 406788                     /usr/lib/x86_64-linux-gnu/libtasn1.so.3.1.11
7f44f5bd9000-7f44f5dd8000 ---p 00010000 08:01 406788                     /usr/lib/x86_64-linux-gnu/libtasn1.so.3.1.11
7f44f5dd8000-7f44f5dd9000 r--p 0000f000 08:01 406788                     /usr/lib/x86_64-linux-gnu/libtasn1.so.3.1.11
7f44f5dd9000-7f44f5dda000 rw-p 00010000 08:01 406788                     /usr/lib/x86_64-linux-gnu/libtasn1.so.3.1.11
7f44f5dda000-7f44f5de1000 r-xp 00000000 08:01 397002                     /usr/lib/x86_64-linux-gnu/libkrb5support.so.0.1
7f44f5de1000-7f44f5fe0000 ---p 00007000 08:01 397002                     /usr/lib/x86_64-linux-gnu/libkrb5support.so.0.1
7f44f5fe0000-7f44f5fe1000 r--p 00006000 08:01 397002                     /usr/lib/x86_64-linux-gnu/libkrb5support.so.0.1
7f44f5fe1000-7f44f5fe2000 rw-p 00007000 08:01 397002                     /usr/lib/x86_64-linux-gnu/libkrb5support.so.0.1
7f44f5fe2000-7f44f5fe5000 r-xp 00000000 08:01 139827                     /lib/x86_64-linux-gnu/libcom_err.so.2.1
7f44f5fe5000-7f44f61e4000 ---p 00003000 08:01 139827                     /lib/x86_64-linux-gnu/libcom_err.so.2.1
7f44f61e4000-7f44f61e5000 r--p 00002000 08:01 139827                     /lib/x86_64-linux-gnu/libcom_err.so.2.1
7f44f61e5000-7f44f61e6000 rw-p 00003000 08:01 139827                     /lib/x86_64-linux-gnu/libcom_err.so.2.1
7f44f61e6000-7f44f620c000 r-xp 00000000 08:01 394051                     /usr/lib/x86_64-linux-gnu/libk5crypto.so.3.1
7f44f620c000-7f44f640b000 ---p 00026000 08:01 394051                     /usr/lib/x86_64-linux-gnu/libk5crypto.so.3.1
7f44f640b000-7f44f640d000 r--p 00025000 08:01 394051                     /usr/lib/x86_64-linux-gnu/libk5crypto.so.3.1
7f44f640d000-7f44f640e000 rw-p 00027000 08:01 394051                     /usr/lib/x86_64-linux-gnu/libk5crypto.so.3.1
7f44f640e000-7f44f64cd000 r-xp 00000000 08:01 397018                     /usr/lib/x86_64-linux-gnu/libkrb5.so.3.3
7f44f64cd000-7f44f66cd000 ---p 000bf000 08:01 397018                     /usr/lib/x86_64-linux-gnu/libkrb5.so.3.3
7f44f66cd000-7f44f66d6000 r--p 000bf000 08:01 397018                     /usr/lib/x86_64-linux-gnu/libkrb5.so.3.3
7f44f66d6000-7f44f66d7000 rw-p 000c8000 08:01 397018                     /usr/lib/x86_64-linux-gnu/libkrb5.so.3.3
7f44f66d7000-7f44f66de000 r-xp 00000000 08:01 406811                     /usr/lib/x86_64-linux-gnu/libxcb-render.so.0.0.0
7f44f66de000-7f44f68de000 ---p 00007000 08:01 406811                     /usr/lib/x86_64-linux-gnu/libxcb-render.so.0.0.0
7f44f68de000-7f44f68df000 r--p 00007000 08:01 406811                     /usr/lib/x86_64-linux-gnu/libxcb-render.so.0.0.0
7f44f68df000-7f44f68e0000 rw-p 00008000 08:01 406811                     /usr/lib/x86_64-linux-gnu/libxcb-render.so.0.0.0
7f44f68e0000-7f44f68e2000 r-xp 00000000 08:01 406815                     /usr/lib/x86_64-linux-gnu/libxcb-shm.so.0.0.0
7f44f68e2000-7f44f6ae1000 ---p 00002000 08:01 406815                     /usr/lib/x86_64-linux-gnu/libxcb-shm.so.0.0.0
7f44f6ae1000-7f44f6ae2000 r--p 00001000 08:01 406815                     /usr/lib/x86_64-linux-gnu/libxcb-shm.so.0.0.0
7f44f6ae2000-7f44f6ae3000 rw-p 00002000 08:01 406815                     /usr/lib/x86_64-linux-gnu/libxcb-shm.so.0.0.0
7f44f6ae3000-7f44f6b09000 r-xp 00000000 08:01 139881                     /lib/x86_64-linux-gnu/libpng12.so.0.46.0
7f44f6b09000-7f44f6d08000 ---p 00026000 08:01 139881                     /lib/x86_64-linux-gnu/libpng12.so.0.46.0
7f44f6d08000-7f44f6d09000 r--p 00025000 08:01 139881                     /lib/x86_64-linux-gnu/libpng12.so.0.46.0
7f44f6d09000-7f44f6d0a000 rw-p 00026000 08:01 139881                     /lib/x86_64-linux-gnu/libpng12.so.0.46.0
7f44f6d0a000-7f44f6d78000 r-xp 00000000 08:01 406743                     /usr/lib/x86_64-linux-gnu/libpixman-1.so.0.22.2
7f44f6d78000-7f44f6f78000 ---p 0006e000 08:01 406743                     /usr/lib/x86_64-linux-gnu/libpixman-1.so.0.22.2
7f44f6f78000-7f44f6f7d000 r--p 0006e000 08:01 406743                     /usr/lib/x86_64-linux-gnu/libpixman-1.so.0.22.2
7f44f6f7d000-7f44f6f7e000 rw-p 00073000 08:01 406743                     /usr/lib/x86_64-linux-gnu/libpixman-1.so.0.22.2
7f44f6f7e000-7f44f6f83000 r-xp 00000000 08:01 406539                     /usr/lib/x86_64-linux-gnu/libXdmcp.so.6.0.0
7f44f6f83000-7f44f7182000 ---p 00005000 08:01 406539                     /usr/lib/x86_64-linux-gnu/libXdmcp.so.6.0.0
7f44f7182000-7f44f7183000 r--p 00004000 08:01 406539                     /usr/lib/x86_64-linux-gnu/libXdmcp.so.6.0.0
7f44f7183000-7f44f7184000 rw-p 00005000 08:01 406539                     /usr/lib/x86_64-linux-gnu/libXdmcp.so.6.0.0
7f44f7184000-7f44f7186000 r-xp 00000000 08:01 406531                     /usr/lib/x86_64-linux-gnu/libXau.so.6.0.0
7f44f7186000-7f44f7385000 ---p 00002000 08:01 406531                     /usr/lib/x86_64-linux-gnu/libXau.so.6.0.0
7f44f7385000-7f44f7386000 r--p 00001000 08:01 406531                     /usr/lib/x86_64-linux-gnu/libXau.so.6.0.0
7f44f7386000-7f44f7387000 rw-p 00002000 08:01 406531                     /usr/lib/x86_64-linux-gnu/libXau.so.6.0.0
7f44f7387000-7f44f7398000 r-xp 00000000 08:01 406571                     /usr/lib/x86_64-linux-gnu/libavahi-client.so.3.2.9
7f44f7398000-7f44f7598000 ---p 00011000 08:01 406571                     /usr/lib/x86_64-linux-gnu/libavahi-client.so.3.2.9
7f44f7598000-7f44f7599000 r--p 00011000 08:01 406571                     /usr/lib/x86_64-linux-gnu/libavahi-client.so.3.2.9
7f44f7599000-7f44f759a000 rw-p 00012000 08:01 406571                     /usr/lib/x86_64-linux-gnu/libavahi-client.so.3.2.9
7f44f759a000-7f44f75a7000 r-xp 00000000 08:01 406573                     /usr/lib/x86_64-linux-gnu/libavahi-common.so.3.5.3
7f44f75a7000-7f44f77a6000 ---p 0000d000 08:01 406573                     /usr/lib/x86_64-linux-gnu/libavahi-common.so.3.5.3
7f44f77a6000-7f44f77a7000 r--p 0000c000 08:01 406573                     /usr/lib/x86_64-linux-gnu/libavahi-common.so.3.5.3
7f44f77a7000-7f44f77a8000 rw-p 0000d000 08:01 406573                     /usr/lib/x86_64-linux-gnu/libavahi-common.so.3.5.3
7f44f77a8000-7f44f7849000 r-xp 00000000 08:01 406657                     /usr/lib/x86_64-linux-gnu/libgnutls.so.26.16.14
7f44f7849000-7f44f7a48000 ---p 000a1000 08:01 406657                     /usr/lib/x86_64-linux-gnu/libgnutls.so.26.16.14
7f44f7a48000-7f44f7a4f000 r--p 000a0000 08:01 406657                     /usr/lib/x86_64-linux-gnu/libgnutls.so.26.16.14
7f44f7a4f000-7f44f7a50000 rw-p 000a7000 08:01 406657                     /usr/lib/x86_64-linux-gnu/libgnutls.so.26.16.14
7f44f7a50000-7f44f7a8b000 r-xp 00000000 08:01 406685                     /usr/lib/x86_64-linux-gnu/libgssapi_krb5.so.2.2
7f44f7a8b000-7f44f7c8b000 ---p 0003b000 08:01 406685                     /usr/lib/x86_64-linux-gnu/libgssapi_krb5.so.2.2
7f44f7c8b000-7f44f7c8c000 r--p 0003b000 08:01 406685                     /usr/lib/x86_64-linux-gnu/libgssapi_krb5.so.2.2
7f44f7c8c000-7f44f7c8e000 rw-p 0003c000 08:01 406685                     /usr/lib/x86_64-linux-gnu/libgssapi_krb5.so.2.2
7f44f7c8e000-7f44f7cc9000 r-xp 00000000 08:01 139879                     /lib/x86_64-linux-gnu/libpcre.so.3.12.1
7f44f7cc9000-7f44f7ec8000 ---p 0003b000 08:01 139879                     /lib/x86_64-linux-gnu/libpcre.so.3.12.1
7f44f7ec8000-7f44f7ec9000 r--p 0003a000 08:01 139879                     /lib/x86_64-linux-gnu/libpcre.so.3.12.1
7f44f7ec9000-7f44f7eca000 rw-p 0003b000 08:01 139879                     /lib/x86_64-linux-gnu/libpcre.so.3.12.1
7f44f7eca000-7f44f7ed1000 r-xp 00000000 08:01 396800                     /usr/lib/x86_64-linux-gnu/libffi.so.6.0.0
7f44f7ed1000-7f44f80d0000 ---p 00007000 08:01 396800                     /usr/lib/x86_64-linux-gnu/libffi.so.6.0.0
7f44f80d0000-7f44f80d1000 r--p 00006000 08:01 396800                     /usr/lib/x86_64-linux-gnu/libffi.so.6.0.0
7f44f80d1000-7f44f80d2000 rw-p 00007000 08:01 396800                     /usr/lib/x86_64-linux-gnu/libffi.so.6.0.0
7f44f80d2000-7f44f80f9000 r-xp 00000000 08:01 139838                     /lib/x86_64-linux-gnu/libexpat.so.1.5.2
7f44f80f9000-7f44f82f9000 ---p 00027000 08:01 139838                     /lib/x86_64-linux-gnu/libexpat.so.1.5.2
7f44f82f9000-7f44f82fb000 r--p 00027000 08:01 139838                     /lib/x86_64-linux-gnu/libexpat.so.1.5.2
7f44f82fb000-7f44f82fc000 rw-p 00029000 08:01 139838                     /lib/x86_64-linux-gnu/libexpat.so.1.5.2
7f44f82fc000-7f44f838e000 r-xp 00000000 08:01 406632                     /usr/lib/x86_64-linux-gnu/libfreetype.so.6.6.2
7f44f838e000-7f44f858d000 ---p 00092000 08:01 406632                     /usr/lib/x86_64-linux-gnu/libfreetype.so.6.6.2
7f44f858d000-7f44f8593000 r--p 00091000 08:01 406632                     /usr/lib/x86_64-linux-gnu/libfreetype.so.6.6.2
7f44f8593000-7f44f8594000 rw-p 00097000 08:01 406632                     /usr/lib/x86_64-linux-gnu/libfreetype.so.6.6.2
7f44f8594000-7f44f85ab000 r-xp 00000000 08:01 134597                     /lib/x86_64-linux-gnu/libresolv-2.13.so
7f44f85ab000-7f44f87ab000 ---p 00017000 08:01 134597                     /lib/x86_64-linux-gnu/libresolv-2.13.so
7f44f87ab000-7f44f87ac000 r--p 00017000 08:01 134597                     /lib/x86_64-linux-gnu/libresolv-2.13.so
7f44f87ac000-7f44f87ad000 rw-p 00018000 08:01 134597                     /lib/x86_64-linux-gnu/libresolv-2.13.so
7f44f87ad000-7f44f87af000 rw-p 00000000 00:00 0 
7f44f87af000-7f44f87cb000 r-xp 00000000 08:01 139888                     /lib/x86_64-linux-gnu/libselinux.so.1
7f44f87cb000-7f44f89ca000 ---p 0001c000 08:01 139888                     /lib/x86_64-linux-gnu/libselinux.so.1
7f44f89ca000-7f44f89cb000 r--p 0001b000 08:01 139888                     /lib/x86_64-linux-gnu/libselinux.so.1
7f44f89cb000-7f44f89cc000 rw-p 0001c000 08:01 139888                     /lib/x86_64-linux-gnu/libselinux.so.1
7f44f89cc000-7f44f89cd000 rw-p 00000000 00:00 0 
7f44f89cd000-7f44f89cf000 r-xp 00000000 08:01 406537                     /usr/lib/x86_64-linux-gnu/libXdamage.so.1.1.0
7f44f89cf000-7f44f8bce000 ---p 00002000 08:01 406537                     /usr/lib/x86_64-linux-gnu/libXdamage.so.1.1.0
7f44f8bce000-7f44f8bcf000 r--p 00001000 08:01 406537                     /usr/lib/x86_64-linux-gnu/libXdamage.so.1.1.0
7f44f8bcf000-7f44f8bd0000 rw-p 00002000 08:01 406537                     /usr/lib/x86_64-linux-gnu/libXdamage.so.1.1.0
7f44f8bd0000-7f44f8bd2000 r-xp 00000000 08:01 406533                     /usr/lib/x86_64-linux-gnu/libXcomposite.so.1.0.0
7f44f8bd2000-7f44f8dd1000 ---p 00002000 08:01 406533                     /usr/lib/x86_64-linux-gnu/libXcomposite.so.1.0.0
7f44f8dd1000-7f44f8dd2000 r--p 00001000 08:01 406533                     /usr/lib/x86_64-linux-gnu/libXcomposite.so.1.0.0
7f44f8dd2000-7f44f8dd3000 rw-p 00002000 08:01 406533                     /usr/lib/x86_64-linux-gnu/libXcomposite.so.1.0.0
7f44f8dd3000-7f44f8ddc000 r-xp 00000000 08:01 406535                     /usr/lib/x86_64-linux-gnu/libXcursor.so.1.0.2
7f44f8ddc000-7f44f8fdb000 ---p 00009000 08:01 406535                     /usr/lib/x86_64-linux-gnu/libXcursor.so.1.0.2
7f44f8fdb000-7f44f8fdc000 r--p 00008000 08:01 406535                     /usr/lib/x86_64-linux-gnu/libXcursor.so.1.0.2
7f44f8fdc000-7f44f8fdd000 rw-p 00009000 08:01 406535                     /usr/lib/x86_64-linux-gnu/libXcursor.so.1.0.2
7f44f8fdd000-7f44f8fe5000 r-xp 00000000 08:01 406551                     /usr/lib/x86_64-linux-gnu/libXrandr.so.2.2.0
7f44f8fe5000-7f44f91e4000 ---p 00008000 08:01 406551                     /usr/lib/x86_64-linux-gnu/libXrandr.so.2.2.0
7f44f91e4000-7f44f91e5000 r--p 00007000 08:01 406551                     /usr/lib/x86_64-linux-gnu/libXrandr.so.2.2.0
7f44f91e5000-7f44f91e6000 rw-p 00008000 08:01 406551                     /usr/lib/x86_64-linux-gnu/libXrandr.so.2.2.0
7f44f91e6000-7f44f91e8000 r-xp 00000000 08:01 406549                     /usr/lib/x86_64-linux-gnu/libXinerama.so.1.0.0
7f44f91e8000-7f44f93e7000 ---p 00002000 08:01 406549                     /usr/lib/x86_64-linux-gnu/libXinerama.so.1.0.0
7f44f93e7000-7f44f93e8000 r--p 00001000 08:01 406549                     /usr/lib/x86_64-linux-gnu/libXinerama.so.1.0.0
7f44f93e8000-7f44f93e9000 rw-p 00002000 08:01 406549                     /usr/lib/x86_64-linux-gnu/libXinerama.so.1.0.0
7f44f93e9000-7f44f93ec000 r-xp 00000000 08:01 395217                     /usr/lib/x86_64-linux-gnu/libgmodule-2.0.so.0.3000.0
7f44f93ec000-7f44f95eb000 ---p 00003000 08:01 395217                     /usr/lib/x86_64-linux-gnu/libgmodule-2.0.so.0.3000.0
7f44f95eb000-7f44f95ec000 r--p 00002000 08:01 395217                     /usr/lib/x86_64-linux-gnu/libgmodule-2.0.so.0.3000.0
7f44f95ec000-7f44f95ed000 rw-p 00003000 08:01 395217                     /usr/lib/x86_64-linux-gnu/libgmodule-2.0.so.0.3000.0
7f44f95ed000-7f44f9617000 r-xp 00000000 08:01 397305                     /usr/lib/x86_64-linux-gnu/libpangoft2-1.0.so.0.2903.0
7f44f9617000-7f44f9816000 ---p 0002a000 08:01 397305                     /usr/lib/x86_64-linux-gnu/libpangoft2-1.0.so.0.2903.0
7f44f9816000-7f44f9817000 r--p 00029000 08:01 397305                     /usr/lib/x86_64-linux-gnu/libpangoft2-1.0.so.0.2903.0
7f44f9817000-7f44f9818000 rw-p 0002a000 08:01 397305                     /usr/lib/x86_64-linux-gnu/libpangoft2-1.0.so.0.2903.0
7f44f9818000-7f44f98d1000 r-xp 00000000 08:01 406593                     /usr/lib/x86_64-linux-gnu/libcairo.so.2.11000.2
7f44f98d1000-7f44f9ad0000 ---p 000b9000 08:01 406593                     /usr/lib/x86_64-linux-gnu/libcairo.so.2.11000.2
7f44f9ad0000-7f44f9ad2000 r--p 000b8000 08:01 406593                     /usr/lib/x86_64-linux-gnu/libcairo.so.2.11000.2
7f44f9ad2000-7f44f9ad3000 rw-p 000ba000 08:01 406593                     /usr/lib/x86_64-linux-gnu/libcairo.so.2.11000.2
7f44f9ad3000-7f44f9ad6000 rw-p 00000000 00:00 0 
7f44f9ad6000-7f44f9af5000 r-xp 00000000 08:01 394856                     /usr/lib/x86_64-linux-gnu/libatk-1.0.so.0.20209.1
7f44f9af5000-7f44f9cf5000 ---p 0001f000 08:01 394856                     /usr/lib/x86_64-linux-gnu/libatk-1.0.so.0.20209.1
7f44f9cf5000-7f44f9cf7000 r--p 0001f000 08:01 394856                     /usr/lib/x86_64-linux-gnu/libatk-1.0.so.0.20209.1
7f44f9cf7000-7f44f9cf8000 rw-p 00021000 08:01 394856                     /usr/lib/x86_64-linux-gnu/libatk-1.0.so.0.20209.1
7f44f9cf8000-7f44f9cfd000 r-xp 00000000 08:01 406543                     /usr/lib/x86_64-linux-gnu/libXfixes.so.3.1.0
7f44f9cfd000-7f44f9efc000 ---p 00005000 08:01 406543                     /usr/lib/x86_64-linux-gnu/libXfixes.so.3.1.0
7f44f9efc000-7f44f9efd000 r--p 00004000 08:01 406543                     /usr/lib/x86_64-linux-gnu/libXfixes.so.3.1.0
7f44f9efd000-7f44f9efe000 rw-p 00005000 08:01 406543                     /usr/lib/x86_64-linux-gnu/libXfixes.so.3.1.0
7f44f9efe000-7f44f9f09000 r-xp 00000000 08:01 397309                     /usr/lib/x86_64-linux-gnu/libpangocairo-1.0.so.0.2903.0
7f44f9f09000-7f44fa109000 ---p 0000b000 08:01 397309                     /usr/lib/x86_64-linux-gnu/libpangocairo-1.0.so.0.2903.0
7f44fa109000-7f44fa10a000 r--p 0000b000 08:01 397309                     /usr/lib/x86_64-linux-gnu/libpangocairo-1.0.so.0.2903.0
7f44fa10a000-7f44fa10b000 rw-p 0000c000 08:01 397309                     /usr/lib/x86_64-linux-gnu/libpangocairo-1.0.so.0.2903.0
7f44fa10b000-7f44fa126000 r-xp 00000000 08:01 406817                     /usr/lib/x86_64-linux-gnu/libxcb.so.1.1.0
7f44fa126000-7f44fa325000 ---p 0001b000 08:01 406817                     /usr/lib/x86_64-linux-gnu/libxcb.so.1.1.0
7f44fa325000-7f44fa326000 r--p 0001a000 08:01 406817                     /usr/lib/x86_64-linux-gnu/libxcb.so.1.1.0
7f44fa326000-7f44fa327000 rw-p 0001b000 08:01 406817                     /usr/lib/x86_64-linux-gnu/libxcb.so.1.1.0
7f44fa327000-7f44fa375000 r-xp 00000000 08:01 400264                     /usr/lib/x86_64-linux-gnu/libcups.so.2
7f44fa375000-7f44fa575000 ---p 0004e000 08:01 400264                     /usr/lib/x86_64-linux-gnu/libcups.so.2
7f44fa575000-7f44fa579000 r--p 0004e000 08:01 400264                     /usr/lib/x86_64-linux-gnu/libcups.so.2
7f44fa579000-7f44fa57a000 rw-p 00052000 08:01 400264                     /usr/lib/x86_64-linux-gnu/libcups.so.2
7f44fa57a000-7f44fa66e000 r-xp 00000000 08:01 134283                     /lib/x86_64-linux-gnu/libglib-2.0.so.0.3000.0
7f44fa66e000-7f44fa86d000 ---p 000f4000 08:01 134283                     /lib/x86_64-linux-gnu/libglib-2.0.so.0.3000.0
7f44fa86d000-7f44fa86e000 r--p 000f3000 08:01 134283                     /lib/x86_64-linux-gnu/libglib-2.0.so.0.3000.0
7f44fa86e000-7f44fa86f000 rw-p 000f4000 08:01 134283                     /lib/x86_64-linux-gnu/libglib-2.0.so.0.3000.0
7f44fa86f000-7f44fa870000 rw-p 00000000 00:00 0 
7f44fa870000-7f44fa874000 r-xp 00000000 08:01 394708                     /usr/lib/x86_64-linux-gnu/libgthread-2.0.so.0.3000.0
7f44fa874000-7f44faa73000 ---p 00004000 08:01 394708                     /usr/lib/x86_64-linux-gnu/libgthread-2.0.so.0.3000.0
7f44faa73000-7f44faa74000 r--p 00003000 08:01 394708                     /usr/lib/x86_64-linux-gnu/libgthread-2.0.so.0.3000.0
7f44faa74000-7f44faa75000 rw-p 00004000 08:01 394708                     /usr/lib/x86_64-linux-gnu/libgthread-2.0.so.0.3000.0
7f44faa75000-7f44faac3000 r-xp 00000000 08:01 394707                     /usr/lib/x86_64-linux-gnu/libgobject-2.0.so.0.3000.0
7f44faac3000-7f44facc3000 ---p 0004e000 08:01 394707                     /usr/lib/x86_64-linux-gnu/libgobject-2.0.so.0.3000.0
7f44facc3000-7f44facc4000 r--p 0004e000 08:01 394707                     /usr/lib/x86_64-linux-gnu/libgobject-2.0.so.0.3000.0
7f44facc4000-7f44facc5000 rw-p 0004f000 08:01 394707                     /usr/lib/x86_64-linux-gnu/libgobject-2.0.so.0.3000.0
7f44facc5000-7f44facc6000 rw-p 00000000 00:00 0 
7f44facc6000-7f44facfa000 r-xp 00000000 08:01 406630                     /usr/lib/x86_64-linux-gnu/libfontconfig.so.1.4.4
7f44facfa000-7f44faefa000 ---p 00034000 08:01 406630                     /usr/lib/x86_64-linux-gnu/libfontconfig.so.1.4.4
7f44faefa000-7f44faefb000 r--p 00034000 08:01 406630                     /usr/lib/x86_64-linux-gnu/libfontconfig.so.1.4.4
7f44faefb000-7f44faefc000 rw-p 00035000 08:01 406630                     /usr/lib/x86_64-linux-gnu/libfontconfig.so.1.4.4
7f44faefc000-7f44faf43000 r-xp 00000000 08:01 397304                     /usr/lib/x86_64-linux-gnu/libpango-1.0.so.0.2903.0
7f44faf43000-7f44fb143000 ---p 00047000 08:01 397304                     /usr/lib/x86_64-linux-gnu/libpango-1.0.so.0.2903.0
7f44fb143000-7f44fb145000 r--p 00047000 08:01 397304                     /usr/lib/x86_64-linux-gnu/libpango-1.0.so.0.2903.0
7f44fb145000-7f44fb146000 rw-p 00049000 08:01 397304                     /usr/lib/x86_64-linux-gnu/libpango-1.0.so.0.2903.0
7f44fb146000-7f44fb164000 r-xp 00000000 08:01 394128                     /usr/lib/x86_64-linux-gnu/libgdk_pixbuf-2.0.so.0.2400.0
7f44fb164000-7f44fb363000 ---p 0001e000 08:01 394128                     /usr/lib/x86_64-linux-gnu/libgdk_pixbuf-2.0.so.0.2400.0
7f44fb363000-7f44fb364000 r--p 0001d000 08:01 394128                     /usr/lib/x86_64-linux-gnu/libgdk_pixbuf-2.0.so.0.2400.0
7f44fb364000-7f44fb365000 rw-p 0001e000 08:01 394128                     /usr/lib/x86_64-linux-gnu/libgdk_pixbuf-2.0.so.0.2400.0
7f44fb365000-7f44fb4a0000 r-xp 00000000 08:01 394685                     /usr/lib/x86_64-linux-gnu/libgio-2.0.so.0.3000.0
7f44fb4a0000-7f44fb69f000 ---p 0013b000 08:01 394685                     /usr/lib/x86_64-linux-gnu/libgio-2.0.so.0.3000.0
7f44fb69f000-7f44fb6a3000 r--p 0013a000 08:01 394685                     /usr/lib/x86_64-linux-gnu/libgio-2.0.so.0.3000.0
7f44fb6a3000-7f44fb6a5000 rw-p 0013e000 08:01 394685                     /usr/lib/x86_64-linux-gnu/libgio-2.0.so.0.3000.0
7f44fb6a5000-7f44fb6a7000 rw-p 00000000 00:00 0 
7f44fb6a7000-7f44fb754000 r-xp 00000000 08:01 397253                     /usr/lib/x86_64-linux-gnu/libgdk-x11-2.0.so.0.2400.6
7f44fb754000-7f44fb953000 ---p 000ad000 08:01 397253                     /usr/lib/x86_64-linux-gnu/libgdk-x11-2.0.so.0.2400.6
7f44fb953000-7f44fb957000 r--p 000ac000 08:01 397253                     /usr/lib/x86_64-linux-gnu/libgdk-x11-2.0.so.0.2400.6
7f44fb957000-7f44fb959000 rw-p 000b0000 08:01 397253                     /usr/lib/x86_64-linux-gnu/libgdk-x11-2.0.so.0.2400.6
7f44fb959000-7f44fbd88000 r-xp 00000000 08:01 397246                     /usr/lib/x86_64-linux-gnu/libgtk-x11-2.0.so.0.2400.6
7f44fbd88000-7f44fbf88000 ---p 0042f000 08:01 397246                     /usr/lib/x86_64-linux-gnu/libgtk-x11-2.0.so.0.2400.6
7f44fbf88000-7f44fbf8f000 r--p 0042f000 08:01 397246                     /usr/lib/x86_64-linux-gnu/libgtk-x11-2.0.so.0.2400.6
7f44fbf8f000-7f44fbf93000 rw-p 00436000 08:01 397246                     /usr/lib/x86_64-linux-gnu/libgtk-x11-2.0.so.0.2400.6
7f44fbf93000-7f44fbf95000 rw-p 00000000 00:00 0 
7f44fbf95000-7f44fbfa4000 r-xp 00000000 08:01 406547                     /usr/lib/x86_64-linux-gnu/libXi.so.6.1.0
7f44fbfa4000-7f44fc1a3000 ---p 0000f000 08:01 406547                     /usr/lib/x86_64-linux-gnu/libXi.so.6.1.0
7f44fc1a3000-7f44fc1a4000 r--p 0000e000 08:01 406547                     /usr/lib/x86_64-linux-gnu/libXi.so.6.1.0
7f44fc1a4000-7f44fc1a5000 rw-p 0000f000 08:01 406547                     /usr/lib/x86_64-linux-gnu/libXi.so.6.1.0
7f44fc1a5000-7f44fc1aa000 r-xp 00000000 08:01 398564                     /usr/lib/libXtst.so.6.1.0
7f44fc1aa000-7f44fc3a9000 ---p 00005000 08:01 398564                     /usr/lib/libXtst.so.6.1.0
7f44fc3a9000-7f44fc3aa000 r--p 00004000 08:01 398564                     /usr/lib/libXtst.so.6.1.0
7f44fc3aa000-7f44fc3ab000 rw-p 00005000 08:01 398564                     /usr/lib/libXtst.so.6.1.0
7f44fc3ab000-7f44fc3b4000 r-xp 00000000 08:01 406553                     /usr/lib/x86_64-linux-gnu/libXrender.so.1.3.0
7f44fc3b4000-7f44fc5b4000 ---p 00009000 08:01 406553                     /usr/lib/x86_64-linux-gnu/libXrender.so.1.3.0
7f44fc5b4000-7f44fc5b5000 r--p 00009000 08:01 406553                     /usr/lib/x86_64-linux-gnu/libXrender.so.1.3.0
7f44fc5b5000-7f44fc5b6000 rw-p 0000a000 08:01 406553                     /usr/lib/x86_64-linux-gnu/libXrender.so.1.3.0
7f44fc5b6000-7f44fc6e9000 r-xp 00000000 08:01 406471                     /usr/lib/x86_64-linux-gnu/libX11.so.6.3.0
7f44fc6e9000-7f44fc8e9000 ---p 00133000 08:01 406471                     /usr/lib/x86_64-linux-gnu/libX11.so.6.3.0
7f44fc8e9000-7f44fc8ea000 r--p 00133000 08:01 406471                     /usr/lib/x86_64-linux-gnu/libX11.so.6.3.0
7f44fc8ea000-7f44fc8ee000 rw-p 00134000 08:01 406471                     /usr/lib/x86_64-linux-gnu/libX11.so.6.3.0
7f44fc8ee000-7f44fc900000 r-xp 00000000 08:01 406541                     /usr/lib/x86_64-linux-gnu/libXext.so.6.4.0
7f44fc900000-7f44fcaff000 ---p 00012000 08:01 406541                     /usr/lib/x86_64-linux-gnu/libXext.so.6.4.0
7f44fcaff000-7f44fcb00000 r--p 00011000 08:01 406541                     /usr/lib/x86_64-linux-gnu/libXext.so.6.4.0
7f44fcb00000-7f44fcb01000 rw-p 00012000 08:01 406541                     /usr/lib/x86_64-linux-gnu/libXext.so.6.4.0
7f44fcb01000-7f44fcb24000 r--p 00000000 08:01 675061                     /usr/share/locale-langpack/fr/LC_MESSAGES/libc.mo
7f44fcb24000-7f44fcb76000 r-xp 00000000 08:01 401973                     /usr/lib/jvm/java-7-openjdk-amd64/jre/lib/amd64/xawt/libmawt.so
7f44fcb76000-7f44fcd76000 ---p 00052000 08:01 401973                     /usr/lib/jvm/java-7-openjdk-amd64/jre/lib/amd64/xawt/libmawt.so
7f44fcd76000-7f44fcd77000 r--p 00052000 08:01 401973                     /usr/lib/jvm/java-7-openjdk-amd64/jre/lib/amd64/xawt/libmawt.so
7f44fcd77000-7f44fcd7a000 rw-p 00053000 08:01 401973                     /usr/lib/jvm/java-7-openjdk-amd64/jre/lib/amd64/xawt/libmawt.so
7f44fcd7a000-7f44fcd7b000 rw-p 00000000 00:00 0 
7f44fcd7b000-7f44fce1d000 r-xp 00000000 08:01 398111                     /usr/lib/jvm/java-7-openjdk-amd64/jre/lib/amd64/libawt.so
7f44fce1d000-7f44fd01c000 ---p 000a2000 08:01 398111                     /usr/lib/jvm/java-7-openjdk-amd64/jre/lib/amd64/libawt.so
7f44fd01c000-7f44fd01d000 r--p 000a1000 08:01 398111                     /usr/lib/jvm/java-7-openjdk-amd64/jre/lib/amd64/libawt.so
7f44fd01d000-7f44fd028000 rw-p 000a2000 08:01 398111                     /usr/lib/jvm/java-7-openjdk-amd64/jre/lib/amd64/libawt.so
7f44fd028000-7f44fd04d000 rw-p 00000000 00:00 0 
7f44fd04d000-7f44fd04e000 ---p 00000000 00:00 0 
7f44fd04e000-7f44fd14e000 rw-p 00000000 00:00 0 
7f44fd14e000-7f44fd151000 ---p 00000000 00:00 0 
7f44fd151000-7f44fd24f000 rw-p 00000000 00:00 0 
7f44fd24f000-7f44fd252000 ---p 00000000 00:00 0 
7f44fd252000-7f44fd350000 rw-p 00000000 00:00 0 
7f44fd350000-7f44fd353000 ---p 00000000 00:00 0 
7f44fd353000-7f44fd451000 rw-p 00000000 00:00 0 
7f44fd451000-7f44fd454000 ---p 00000000 00:00 0 
7f44fd454000-7f44fd552000 rw-p 00000000 00:00 0 
7f44fd552000-7f44fdc3f000 r--p 00000000 08:01 403488                     /usr/lib/locale/locale-archive
7f44fdc3f000-7f44fdc42000 ---p 00000000 00:00 0 
7f44fdc42000-7f44fdd40000 rw-p 00000000 00:00 0 
7f44fdd40000-7f44fdd43000 ---p 00000000 00:00 0 
7f44fdd43000-7f44fde41000 rw-p 00000000 00:00 0 
7f44fde41000-7f44fde42000 ---p 00000000 00:00 0 
7f44fde42000-7f44fe2b1000 rw-p 00000000 00:00 0 
7f44fe2b1000-7f44fe45f000 r--s 03e76000 08:01 396788                     /usr/lib/jvm/java-7-openjdk-amd64/jre/lib/rt.jar
7f44fe45f000-7f44fe487000 rw-p 00000000 00:00 0 
7f44fe487000-7f44fe488000 ---p 00000000 00:00 0 
7f44fe488000-7f44fe588000 rw-p 00000000 00:00 0 
7f44fe588000-7f44fe589000 ---p 00000000 00:00 0 
7f44fe589000-7f44fe694000 rw-p 00000000 00:00 0 
7f44fe694000-7f44fe6dc000 rw-p 00000000 00:00 0 
7f44fe6dc000-7f44fe6f1000 rw-p 00000000 00:00 0 
7f44fe6f1000-7f44fe827000 rw-p 00000000 00:00 0 
7f44fe827000-7f44fe832000 rw-p 00000000 00:00 0 
7f44fe832000-7f44fe87a000 rw-p 00000000 00:00 0 
7f44fe87a000-7f44fe88f000 rw-p 00000000 00:00 0 
7f44fe88f000-7f44fe9c4000 rw-p 00000000 00:00 0 
7f44fe9c4000-7f44fe9cf000 rw-p 00000000 00:00 0 
7f44fe9cf000-7f44fea6a000 rw-p 00000000 00:00 0 
7f44fea6a000-7f44fea6b000 rw-p 00000000 00:00 0 
7f44fea6b000-7f44fecdb000 rwxp 00000000 00:00 0 
7f44fecdb000-7f4501a6b000 rw-p 00000000 00:00 0 
7f4501a6b000-7f4501a73000 r-xp 00000000 08:01 399895                     /usr/lib/jvm/java-7-openjdk-amd64/jre/lib/amd64/libzip.so
7f4501a73000-7f4501c72000 ---p 00008000 08:01 399895                     /usr/lib/jvm/java-7-openjdk-amd64/jre/lib/amd64/libzip.so
7f4501c72000-7f4501c73000 r--p 00007000 08:01 399895                     /usr/lib/jvm/java-7-openjdk-amd64/jre/lib/amd64/libzip.so
7f4501c73000-7f4501c74000 rw-p 00008000 08:01 399895                     /usr/lib/jvm/java-7-openjdk-amd64/jre/lib/amd64/libzip.so
7f4501c74000-7f4501c80000 r-xp 00000000 08:01 134596                     /lib/x86_64-linux-gnu/libnss_files-2.13.so
7f4501c80000-7f4501e7f000 ---p 0000c000 08:01 134596                     /lib/x86_64-linux-gnu/libnss_files-2.13.so
7f4501e7f000-7f4501e80000 r--p 0000b000 08:01 134596                     /lib/x86_64-linux-gnu/libnss_files-2.13.so
7f4501e80000-7f4501e81000 rw-p 0000c000 08:01 134596                     /lib/x86_64-linux-gnu/libnss_files-2.13.so
7f4501e81000-7f4501e8b000 r-xp 00000000 08:01 134607                     /lib/x86_64-linux-gnu/libnss_nis-2.13.so
7f4501e8b000-7f450208b000 ---p 0000a000 08:01 134607                     /lib/x86_64-linux-gnu/libnss_nis-2.13.so
7f450208b000-7f450208c000 r--p 0000a000 08:01 134607                     /lib/x86_64-linux-gnu/libnss_nis-2.13.so
7f450208c000-7f450208d000 rw-p 0000b000 08:01 134607                     /lib/x86_64-linux-gnu/libnss_nis-2.13.so
7f450208d000-7f45020a4000 r-xp 00000000 08:01 134591                     /lib/x86_64-linux-gnu/libnsl-2.13.so
7f45020a4000-7f45022a3000 ---p 00017000 08:01 134591                     /lib/x86_64-linux-gnu/libnsl-2.13.so
7f45022a3000-7f45022a4000 r--p 00016000 08:01 134591                     /lib/x86_64-linux-gnu/libnsl-2.13.so
7f45022a4000-7f45022a5000 rw-p 00017000 08:01 134591                     /lib/x86_64-linux-gnu/libnsl-2.13.so
7f45022a5000-7f45022a7000 rw-p 00000000 00:00 0 
7f45022a7000-7f45022af000 r-xp 00000000 08:01 134588                     /lib/x86_64-linux-gnu/libnss_compat-2.13.so
7f45022af000-7f45024ae000 ---p 00008000 08:01 134588                     /lib/x86_64-linux-gnu/libnss_compat-2.13.so
7f45024ae000-7f45024af000 r--p 00007000 08:01 134588                     /lib/x86_64-linux-gnu/libnss_compat-2.13.so
7f45024af000-7f45024b0000 rw-p 00008000 08:01 134588                     /lib/x86_64-linux-gnu/libnss_compat-2.13.so
7f45024b0000-7f45024d9000 r-xp 00000000 08:01 398578                     /usr/lib/jvm/java-7-openjdk-amd64/jre/lib/amd64/libjava.so
7f45024d9000-7f45026d8000 ---p 00029000 08:01 398578                     /usr/lib/jvm/java-7-openjdk-amd64/jre/lib/amd64/libjava.so
7f45026d8000-7f45026d9000 r--p 00028000 08:01 398578                     /usr/lib/jvm/java-7-openjdk-amd64/jre/lib/amd64/libjava.so
7f45026d9000-7f45026db000 rw-p 00029000 08:01 398578                     /usr/lib/jvm/java-7-openjdk-amd64/jre/lib/amd64/libjava.so
7f45026db000-7f45026e9000 r-xp 00000000 08:01 399894                     /usr/lib/jvm/java-7-openjdk-amd64/jre/lib/amd64/libverify.so
7f45026e9000-7f45028e8000 ---p 0000e000 08:01 399894                     /usr/lib/jvm/java-7-openjdk-amd64/jre/lib/amd64/libverify.so
7f45028e8000-7f45028ea000 r--p 0000d000 08:01 399894                     /usr/lib/jvm/java-7-openjdk-amd64/jre/lib/amd64/libverify.so
7f45028ea000-7f45028eb000 rw-p 0000f000 08:01 399894                     /usr/lib/jvm/java-7-openjdk-amd64/jre/lib/amd64/libverify.so
7f45028eb000-7f45028f2000 r-xp 00000000 08:01 134577                     /lib/x86_64-linux-gnu/librt-2.13.so
7f45028f2000-7f4502af1000 ---p 00007000 08:01 134577                     /lib/x86_64-linux-gnu/librt-2.13.so
7f4502af1000-7f4502af2000 r--p 00006000 08:01 134577                     /lib/x86_64-linux-gnu/librt-2.13.so
7f4502af2000-7f4502af3000 rw-p 00007000 08:01 134577                     /lib/x86_64-linux-gnu/librt-2.13.so
7f4502af3000-7f4502b08000 r-xp 00000000 08:01 131748                     /lib/x86_64-linux-gnu/libgcc_s.so.1
7f4502b08000-7f4502d07000 ---p 00015000 08:01 131748                     /lib/x86_64-linux-gnu/libgcc_s.so.1
7f4502d07000-7f4502d08000 r--p 00014000 08:01 131748                     /lib/x86_64-linux-gnu/libgcc_s.so.1
7f4502d08000-7f4502d09000 rw-p 00015000 08:01 131748                     /lib/x86_64-linux-gnu/libgcc_s.so.1
7f4502d09000-7f4502d8c000 r-xp 00000000 08:01 134673                     /lib/x86_64-linux-gnu/libm-2.13.so
7f4502d8c000-7f4502f8b000 ---p 00083000 08:01 134673                     /lib/x86_64-linux-gnu/libm-2.13.so
7f4502f8b000-7f4502f8c000 r--p 00082000 08:01 134673                     /lib/x86_64-linux-gnu/libm-2.13.so
7f4502f8c000-7f4502f8d000 rw-p 00083000 08:01 134673                     /lib/x86_64-linux-gnu/libm-2.13.so
7f4502f8d000-7f4503075000 r-xp 00000000 08:01 398097                     /usr/lib/x86_64-linux-gnu/libstdc++.so.6.0.16
7f4503075000-7f4503275000 ---p 000e8000 08:01 398097                     /usr/lib/x86_64-linux-gnu/libstdc++.so.6.0.16
7f4503275000-7f450327d000 r--p 000e8000 08:01 398097                     /usr/lib/x86_64-linux-gnu/libstdc++.so.6.0.16
7f450327d000-7f450327f000 rw-p 000f0000 08:01 398097                     /usr/lib/x86_64-linux-gnu/libstdc++.so.6.0.16
7f450327f000-7f4503294000 rw-p 00000000 00:00 0 
7f4503294000-7f4503c1b000 r-xp 00000000 08:01 399897                     /usr/lib/jvm/java-7-openjdk-amd64/jre/lib/amd64/server/libjvm.so
7f4503c1b000-7f4503e1a000 ---p 00987000 08:01 399897                     /usr/lib/jvm/java-7-openjdk-amd64/jre/lib/amd64/server/libjvm.so
7f4503e1a000-7f4503e98000 r--p 00986000 08:01 399897                     /usr/lib/jvm/java-7-openjdk-amd64/jre/lib/amd64/server/libjvm.so
7f4503e98000-7f4503eb3000 rw-p 00a04000 08:01 399897                     /usr/lib/jvm/java-7-openjdk-amd64/jre/lib/amd64/server/libjvm.so
7f4503eb3000-7f4503ede000 rw-p 00000000 00:00 0 
7f4503ede000-7f4503ef6000 r-xp 00000000 08:01 134606                     /lib/x86_64-linux-gnu/libpthread-2.13.so
7f4503ef6000-7f45040f5000 ---p 00018000 08:01 134606                     /lib/x86_64-linux-gnu/libpthread-2.13.so
7f45040f5000-7f45040f6000 r--p 00017000 08:01 134606                     /lib/x86_64-linux-gnu/libpthread-2.13.so
7f45040f6000-7f45040f7000 rw-p 00018000 08:01 134606                     /lib/x86_64-linux-gnu/libpthread-2.13.so
7f45040f7000-7f45040fb000 rw-p 00000000 00:00 0 
7f45040fb000-7f4504112000 r-xp 00000000 08:01 139905                     /lib/x86_64-linux-gnu/libz.so.1.2.3.4
7f4504112000-7f4504311000 ---p 00017000 08:01 139905                     /lib/x86_64-linux-gnu/libz.so.1.2.3.4
7f4504311000-7f4504312000 r--p 00016000 08:01 139905                     /lib/x86_64-linux-gnu/libz.so.1.2.3.4
7f4504312000-7f4504313000 rw-p 00017000 08:01 139905                     /lib/x86_64-linux-gnu/libz.so.1.2.3.4
7f4504313000-7f4504315000 r-xp 00000000 08:01 134594                     /lib/x86_64-linux-gnu/libdl-2.13.so
7f4504315000-7f4504515000 ---p 00002000 08:01 134594                     /lib/x86_64-linux-gnu/libdl-2.13.so
7f4504515000-7f4504516000 r--p 00002000 08:01 134594                     /lib/x86_64-linux-gnu/libdl-2.13.so
7f4504516000-7f4504517000 rw-p 00003000 08:01 134594                     /lib/x86_64-linux-gnu/libdl-2.13.so
7f4504517000-7f45046ac000 r-xp 00000000 08:01 134593                     /lib/x86_64-linux-gnu/libc-2.13.so
7f45046ac000-7f45048ab000 ---p 00195000 08:01 134593                     /lib/x86_64-linux-gnu/libc-2.13.so
7f45048ab000-7f45048af000 r--p 00194000 08:01 134593                     /lib/x86_64-linux-gnu/libc-2.13.so
7f45048af000-7f45048b0000 rw-p 00198000 08:01 134593                     /lib/x86_64-linux-gnu/libc-2.13.so
7f45048b0000-7f45048b6000 rw-p 00000000 00:00 0 
7f45048b6000-7f45048c2000 r-xp 00000000 08:01 397479                     /usr/lib/jvm/java-7-openjdk-amd64/jre/lib/amd64/jli/libjli.so
7f45048c2000-7f4504ac1000 ---p 0000c000 08:01 397479                     /usr/lib/jvm/java-7-openjdk-amd64/jre/lib/amd64/jli/libjli.so
7f4504ac1000-7f4504ac2000 r--p 0000b000 08:01 397479                     /usr/lib/jvm/java-7-openjdk-amd64/jre/lib/amd64/jli/libjli.so
7f4504ac2000-7f4504ac3000 rw-p 0000c000 08:01 397479                     /usr/lib/jvm/java-7-openjdk-amd64/jre/lib/amd64/jli/libjli.so
7f4504ac3000-7f4504ae4000 r-xp 00000000 08:01 134600                     /lib/x86_64-linux-gnu/ld-2.13.so
7f4504ae4000-7f4504ae8000 r--s 0009f000 08:01 396465                     /usr/lib/jvm/java-7-openjdk-common/jre/lib/jsse.jar
7f4504ae8000-7f4504af1000 r--s 00263000 08:01 396683                     /usr/lib/jvm/java-7-openjdk-common/jre/lib/resources.jar
7f4504af1000-7f4504af8000 r--s 00000000 08:01 663199                     /usr/lib/x86_64-linux-gnu/gconv/gconv-modules.cache
7f4504af8000-7f4504b02000 rw-p 00000000 00:00 0 
7f4504b02000-7f4504bb8000 rw-p 00000000 00:00 0 
7f4504bb8000-7f4504bbb000 ---p 00000000 00:00 0 
7f4504bbb000-7f4504cbe000 rw-p 00000000 00:00 0 
7f4504cbf000-7f4504cc0000 r--p 00000000 00:00 0 
7f4504cc0000-7f4504cc3000 r--s 00032000 08:01 395025                     /usr/lib/jvm/java-7-openjdk-common/jre/lib/ext/sunjce_provider.jar
7f4504cc3000-7f4504cc6000 r--s 00085000 08:01 395002                     /usr/lib/jvm/java-7-openjdk-common/jre/lib/ext/localedata.jar
7f4504cc6000-7f4504cc7000 r--s 00002000 08:01 394906                     /usr/lib/jvm/java-7-openjdk-common/jre/lib/ext/dnsns.jar
7f4504cc7000-7f4504cca000 r--s 0003c000 08:01 394890                     /usr/lib/jvm/java-7-openjdk-common/jre/lib/ext/sunpkcs11.jar
7f4504cca000-7f4504ccc000 r--s 00012000 08:01 395160                     /usr/lib/jvm/java-7-openjdk-common/jre/lib/ext/zipfs.jar
7f4504ccc000-7f4504ccf000 r--s 0000f000 08:01 395194                     /usr/lib/jvm/java-7-openjdk-common/jre/lib/ext/pulse-java.jar
7f4504ccf000-7f4504cd7000 r--s 00066000 08:01 676447                     /usr/share/java/gnome-java-bridge.jar
7f4504cd7000-7f4504cdf000 rw-s 00000000 08:01 268486                     /tmp/hsperfdata_guillaume/2807
7f4504cdf000-7f4504ce0000 rw-p 00000000 00:00 0 
7f4504ce0000-7f4504ce1000 r--p 00000000 00:00 0 
7f4504ce1000-7f4504ce3000 rw-p 00000000 00:00 0 
7f4504ce3000-7f4504ce4000 r--p 00020000 08:01 134600                     /lib/x86_64-linux-gnu/ld-2.13.so
7f4504ce4000-7f4504ce6000 rw-p 00021000 08:01 134600                     /lib/x86_64-linux-gnu/ld-2.13.so
7fff32fad000-7fff32fce000 rw-p 00000000 00:00 0                          [stack]
7fff32fff000-7fff33000000 r-xp 00000000 00:00 0                          [vdso]
ffffffffff600000-ffffffffff601000 r-xp 00000000 00:00 0                  [vsyscall]

VM Arguments:
jvm_args: -Dfile.encoding=UTF-8 
java_command: main.Main
Launcher Type: SUN_STANDARD

Environment Variables:
PATH=/usr/lib/lightdm/lightdm:/usr/local/sbin:/usr/local/bin:/usr/sbin:/usr/bin:/sbin:/bin:/usr/games
USERNAME=guillaume
SHELL=/bin/bash
DISPLAY=:0

Signal Handlers:
SIGSEGV: [libjvm.so+0x7fca30], sa_mask[0]=0x7ffbfeff, sa_flags=0x10000004
SIGBUS: [libjvm.so+0x7fca30], sa_mask[0]=0x7ffbfeff, sa_flags=0x10000004
SIGFPE: [libjvm.so+0x6a1150], sa_mask[0]=0x7ffbfeff, sa_flags=0x10000004
SIGPIPE: [libjvm.so+0x6a1150], sa_mask[0]=0x7ffbfeff, sa_flags=0x10000004
SIGXFSZ: [libjvm.so+0x6a1150], sa_mask[0]=0x7ffbfeff, sa_flags=0x10000004
SIGILL: [libjvm.so+0x6a1150], sa_mask[0]=0x7ffbfeff, sa_flags=0x10000004
SIGUSR1: SIG_DFL, sa_mask[0]=0x00000000, sa_flags=0x00000000
SIGUSR2: [libjvm.so+0x6a1520], sa_mask[0]=0x00000004, sa_flags=0x10000004
SIGHUP: [libjvm.so+0x6a1660], sa_mask[0]=0x7ffbfeff, sa_flags=0x10000004
SIGINT: SIG_IGN, sa_mask[0]=0x00000000, sa_flags=0x00000000
SIGTERM: [libjvm.so+0x6a1660], sa_mask[0]=0x7ffbfeff, sa_flags=0x10000004
SIGQUIT: [libjvm.so+0x6a1660], sa_mask[0]=0x7ffbfeff, sa_flags=0x10000004


---------------  S Y S T E M  ---------------

OS:Ubuntu 11.10 (oneiric)
uname:Linux 3.0.0-12-generic #20-Ubuntu SMP Fri Oct 7 14:56:25 UTC 2011 x86_64
libc:glibc 2.13 NPTL 2.13 
rlimit: STACK 8192k, CORE 0k, NPROC 31562, NOFILE 4096, AS infinity
load average:0,13 0,45 0,37

/proc/meminfo:
MemTotal:        4055792 kB
MemFree:         2258748 kB
Buffers:           85940 kB
Cached:           547944 kB
SwapCached:            0 kB
Active:          1186756 kB
Inactive:         425924 kB
Active(anon):     980720 kB
Inactive(anon):     8996 kB
Active(file):     206036 kB
Inactive(file):   416928 kB
Unevictable:          32 kB
Mlocked:              32 kB
SwapTotal:             0 kB
SwapFree:              0 kB
Dirty:               212 kB
Writeback:             0 kB
AnonPages:        978956 kB
Mapped:           126108 kB
Shmem:             10928 kB
Slab:              61280 kB
SReclaimable:      38568 kB
SUnreclaim:        22712 kB
KernelStack:        2752 kB
PageTables:        22712 kB
NFS_Unstable:          0 kB
Bounce:                0 kB
WritebackTmp:          0 kB
CommitLimit:     2027896 kB
Committed_AS:    2456152 kB
VmallocTotal:   34359738367 kB
VmallocUsed:      109104 kB
VmallocChunk:   34359619580 kB
HardwareCorrupted:     0 kB
AnonHugePages:         0 kB
HugePages_Total:       0
HugePages_Free:        0
HugePages_Rsvd:        0
HugePages_Surp:        0
Hugepagesize:       2048 kB
DirectMap4k:       93120 kB
DirectMap2M:     4100096 kB


CPU:total 2 (2 cores per cpu, 1 threads per core) family 6 model 15 stepping 13, cmov, cx8, fxsr, mmx, sse, sse2, sse3, ssse3

Memory: 4k page, physical 4055792k(2258748k free), swap 0k(0k free)

vm_info: OpenJDK 64-Bit Server VM (21.0-b17) for linux-amd64 JRE (1.7.0_147-b147), built on Sep 30 2011 00:36:33 by "buildd" with gcc 4.6.1

time: Thu Nov 10 19:58:27 2011
elapsed time: 0 seconds

