#
# A fatal error has been detected by the Java Runtime Environment:
#
#  SIGSEGV (0xb) at pc=0x00007fc2de2e51f8, pid=4136, tid=140475280660224
#
# JRE version: 7.0_147-b147
# Java VM: OpenJDK 64-Bit Server VM (21.0-b17 mixed mode linux-amd64 compressed oops)
# Derivative: IcedTea7 2.0pre
# Distribution: Ubuntu oneiric (development branch), package 7~b147-2.0~pre6-1ubuntu1
# Problematic frame:
# C  [liblcms2.so.2+0x121f8]  cmsSaveProfileToIOhandler+0x38
#
# Failed to write core dump. Core dumps have been disabled. To enable core dumping, try "ulimit -c unlimited" before starting Java again
#
# If you would like to submit a bug report, please include
# instructions on how to reproduce the bug and visit:
#   https://bugs.launchpad.net/ubuntu/+source/openjdk-7/
# The crash happened outside the Java Virtual Machine in native code.
# See problematic frame for where to report the bug.
#

---------------  T H R E A D  ---------------

Current thread (0x000000000205f800):  JavaThread "main" [_thread_in_native, id=4138, stack(0x00007fc2f3241000,0x00007fc2f3342000)]

siginfo:si_signo=SIGSEGV: si_errno=0, si_code=1 (SEGV_MAPERR), si_addr=0x0000000000000000

Registers:
RAX=0x0000000000000000, RBX=0x0000000000000000, RCX=0x00000000000001d4, RDX=0x00007fc2f333fa3c
RSP=0x00007fc2f333eb10, RBP=0x0000000000000000, RSI=0x0000000000000000, RDI=0x00007fc2f333eb10
R8 =0x00007fc2e4239960, R9 =0x00007fc2f2ccfec7, R10=0x00007fc2ed106557, R11=0x00007fc2f2d03df0
R12=0x00007fc2f333fa3c, R13=0x0000000000000000, R14=0x0000000000000000, R15=0x000000000205f800
RIP=0x00007fc2de2e51f8, EFLAGS=0x0000000000010246, CSGSFS=0x0000000000000033, ERR=0x0000000000000004
  TRAPNO=0x000000000000000e

Top of Stack: (sp=0x00007fc2f333eb10)
0x00007fc2f333eb10:   00007fc2e423c2c0 00007fc2de2e3cef
0x00007fc2f333eb20:   0000000000000c48 00007fc2e4000020
0x00007fc2f333eb30:   000000000000000e 000000000000080c
0x00007fc2f333eb40:   00007fc200000000 00007fc2e4000020
0x00007fc2f333eb50:   000000000000000e 00007fc2de2ea754
0x00007fc2f333eb60:   00007fc2f333efec bf5f5aa77c4bfa00
0x00007fc2f333eb70:   00007fc2e423c2c0 00007fc2e423aa4c
0x00007fc2f333eb80:   000000000000000e 00007fc2de2e3ebf
0x00007fc2f333eb90:   4247527320434549 0000000000000000
0x00007fc2f333eba0:   00007fc2e423c560 2dd3000000000100
0x00007fc2f333ebb0:   0000080c000004c4 00007fc2e4000020
0x00007fc2f333ebc0:   00007fc200000000 00007fc2e423c410
0x00007fc2f333ebd0:   0000000000000c48 00007fc2e423a8c8
0x00007fc2f333ebe0:   0000000000000011 00007fc2f2c1cd7c
0x00007fc2f333ebf0:   00007fc2e423c410 00007fc2de2e3e2c
0x00007fc2f333ec00:   00007fc2e423a670 00007fc2de2e53ae
0x00007fc2f333ec10:   00007fc2e423b520 0000000000000000
0x00007fc2f333ec20:   0000003100000000 0000000900000006
0x00007fc2f333ec30:   0000006200000001 ffffffffffffffff
0x00007fc2f333ec40:   0000000000000000 0000000000000000
0x00007fc2f333ec50:   00007fc2f2cfc689 6d6e747202100000
0x00007fc2f333ec60:   58595a2052474220 00000000000000b0
0x00007fc2f333ec70:   7352474249454320 0000000000000000
0x00007fc2f333ec80:   0000000000000000 0000000000000000
0x00007fc2f333ec90:   6370727400000011 00007fc2e4000020
0x00007fc2f333eca0:   00007fc2e422d720 000000000000007c
0x00007fc2f333ecb0:   00007fc2f333f1d0 00007fc2f333f490
0x00007fc2f333ecc0:   00007fc2f316685b 00007fc2f2c1c77d
0x00007fc2f333ecd0:   6254524300000000 000000000000003f
0x00007fc2f333ece0:   00007fc2e422d720 0000000000000000
0x00007fc2f333ecf0:   00007fc2e423992d 00007fc2f315a7e1
0x00007fc2f333ed00:   0000000000000000 0000000000000000 

Instructions: (pc=0x00007fc2de2e51f8)
0x00007fc2de2e51d8:   48 89 de 48 81 ec b8 0e 00 00 64 48 8b 04 25 28
0x00007fc2de2e51e8:   00 00 00 48 89 84 24 a8 0e 00 00 31 c0 48 89 e7
0x00007fc2de2e51f8:   f3 48 a5 48 89 df e8 1d f6 ff ff 48 89 c7 e8 65
0x00007fc2de2e5208:   f0 ff ff 48 85 c0 49 89 c4 48 89 03 74 0e 31 f6 

Register to memory mapping:

RAX=0x0000000000000000 is an unknown value
RBX=0x0000000000000000 is an unknown value
RCX=0x00000000000001d4 is an unknown value
RDX=0x00007fc2f333fa3c is pointing into the stack for thread: 0x000000000205f800
RSP=0x00007fc2f333eb10 is pointing into the stack for thread: 0x000000000205f800
RBP=0x0000000000000000 is an unknown value
RSI=0x0000000000000000 is an unknown value
RDI=0x00007fc2f333eb10 is pointing into the stack for thread: 0x000000000205f800
R8 =0x00007fc2e4239960 is an unknown value
R9 =0x00007fc2f2ccfec7: <offset 0x12fec7> in /lib/x86_64-linux-gnu/libc.so.6 at 0x00007fc2f2ba0000
R10=0x00007fc2ed106557 is an Interpreter codelet
method entry point (kind = native_synchronized)  [0x00007fc2ed106180, 0x00007fc2ed106b40]  2496 bytes
R11=0x00007fc2f2d03df0: <offset 0x163df0> in /lib/x86_64-linux-gnu/libc.so.6 at 0x00007fc2f2ba0000
R12=0x00007fc2f333fa3c is pointing into the stack for thread: 0x000000000205f800
R13=0x0000000000000000 is an unknown value
R14=0x0000000000000000 is an unknown value
R15=0x000000000205f800 is a thread


Stack: [0x00007fc2f3241000,0x00007fc2f3342000],  sp=0x00007fc2f333eb10,  free space=1014k
Native frames: (J=compiled Java code, j=interpreted, Vv=VM code, C=native code)
C  [liblcms2.so.2+0x121f8]  cmsSaveProfileToIOhandler+0x38

[error occurred during error reporting (printing native stack), id 0xb]

Java frames: (J=compiled Java code, j=interpreted, Vv=VM code)
j  sun.java2d.cmm.lcms.LCMS.getTagData(JI[B)V+0
j  java.awt.color.ICC_Profile.getData(JI)[B+26
j  java.awt.color.ICC_Profile.getData(I)[B+14
j  java.awt.color.ICC_Profile.getNumComponents()I+18
j  sun.java2d.cmm.lcms.LCMSTransform.<init>(Ljava/awt/color/ICC_Profile;II)V+83
j  sun.java2d.cmm.lcms.LCMS.createTransform(Ljava/awt/color/ICC_Profile;II)Lsun/java2d/cmm/ColorTransform;+7
j  java.awt.color.ICC_ColorSpace.fromRGB([F)[F+37
j  com.sun.imageio.plugins.jpeg.JPEGImageReader.setImageData(IIIII[B)V+158
v  ~StubRoutines::call_stub
j  com.sun.imageio.plugins.jpeg.JPEGImageReader.readImageHeader(JZZ)Z+0
j  com.sun.imageio.plugins.jpeg.JPEGImageReader.readNativeHeader(Z)Z+12
j  com.sun.imageio.plugins.jpeg.JPEGImageReader.checkTablesOnly()V+92
j  com.sun.imageio.plugins.jpeg.JPEGImageReader.gotoImage(I)V+41
j  com.sun.imageio.plugins.jpeg.JPEGImageReader.readHeader(IZ)V+2
j  com.sun.imageio.plugins.jpeg.JPEGImageReader.readInternal(ILjavax/imageio/ImageReadParam;Z)Ljava/awt/image/Raster;+3
j  com.sun.imageio.plugins.jpeg.JPEGImageReader.read(ILjavax/imageio/ImageReadParam;)Ljava/awt/image/BufferedImage;+8
j  javax.imageio.ImageIO.read(Ljavax/imageio/stream/ImageInputStream;)Ljava/awt/image/BufferedImage;+55
j  javax.imageio.ImageIO.read(Ljava/io/InputStream;)Ljava/awt/image/BufferedImage;+20
j  content.ImageBank.<init>()V+136
j  main.Main.main([Ljava/lang/String;)V+4
v  ~StubRoutines::call_stub

---------------  P R O C E S S  ---------------

Java Threads: ( => current thread )
  0x00007fc2e41f8800 JavaThread "Thread-0" [_thread_blocked, id=4163, stack(0x00007fc2dedc2000,0x00007fc2deec3000)]
  0x00007fc2e41f7000 JavaThread "AWT-EventQueue-0" [_thread_in_native, id=4162, stack(0x00007fc2deec3000,0x00007fc2defc4000)]
  0x00007fc2e4158800 JavaThread "AWT-Shutdown" [_thread_blocked, id=4160, stack(0x00007fc2df629000,0x00007fc2df72a000)]
  0x00007fc2e40c8000 JavaThread "process reaper" daemon [_thread_blocked, id=4158, stack(0x00007fc2e8044000,0x00007fc2e805e000)]
  0x00007fc2e40a4000 JavaThread "AWT-XAWT" daemon [_thread_in_native, id=4156, stack(0x00007fc2df72a000,0x00007fc2df82b000)]
  0x00007fc2e405e000 JavaThread "Java2D Disposer" daemon [_thread_blocked, id=4155, stack(0x00007fc2e805e000,0x00007fc2e815f000)]
  0x0000000002162800 JavaThread "Service Thread" daemon [_thread_blocked, id=4152, stack(0x00007fc2eb7d7000,0x00007fc2eb8d8000)]
  0x000000000215f800 JavaThread "C2 CompilerThread1" daemon [_thread_blocked, id=4151, stack(0x00007fc2eb8d8000,0x00007fc2eb9d9000)]
  0x000000000215c800 JavaThread "C2 CompilerThread0" daemon [_thread_blocked, id=4150, stack(0x00007fc2eb9d9000,0x00007fc2ebada000)]
  0x000000000215a800 JavaThread "Signal Dispatcher" daemon [_thread_blocked, id=4149, stack(0x00007fc2ebada000,0x00007fc2ebbdb000)]
  0x00000000020fd000 JavaThread "Finalizer" daemon [_thread_blocked, id=4146, stack(0x00007fc2ec2c8000,0x00007fc2ec3c9000)]
  0x00000000020fa800 JavaThread "Reference Handler" daemon [_thread_blocked, id=4145, stack(0x00007fc2ec3c9000,0x00007fc2ec4ca000)]
=>0x000000000205f800 JavaThread "main" [_thread_in_native, id=4138, stack(0x00007fc2f3241000,0x00007fc2f3342000)]

Other Threads:
  0x00000000020f2800 VMThread [stack: 0x00007fc2ec4ca000,0x00007fc2ec5cb000] [id=4144]
  0x000000000216d000 WatcherThread [stack: 0x00007fc2eb6d6000,0x00007fc2eb7d7000] [id=4153]

VM state:not at safepoint (normal execution)

VM Mutex/Monitor currently owned by a thread: None

Heap
 PSYoungGen      total 18496K, used 9219K [0x00000000eb560000, 0x00000000eca00000, 0x0000000100000000)
  eden space 15872K, 58% used [0x00000000eb560000,0x00000000ebe60d38,0x00000000ec4e0000)
  from space 2624K, 0% used [0x00000000ec770000,0x00000000ec770000,0x00000000eca00000)
  to   space 2624K, 0% used [0x00000000ec4e0000,0x00000000ec4e0000,0x00000000ec770000)
 PSOldGen        total 42304K, used 0K [0x00000000c2000000, 0x00000000c4950000, 0x00000000eb560000)
  object space 42304K, 0% used [0x00000000c2000000,0x00000000c2000000,0x00000000c4950000)
 PSPermGen       total 21248K, used 11193K [0x00000000b7a00000, 0x00000000b8ec0000, 0x00000000c2000000)
  object space 21248K, 52% used [0x00000000b7a00000,0x00000000b84ee668,0x00000000b8ec0000)

Code Cache  [0x00007fc2ed0f4000, 0x00007fc2ed364000, 0x00007fc2f00f4000)
 total_blobs=444 nmethods=14 adapters=383 free_code_cache=48610Kb largest_free_block=49766528

Dynamic libraries:
00400000-00401000 r-xp 00000000 08:01 400896                             /usr/lib/jvm/java-7-openjdk-amd64/jre/bin/java
00600000-00601000 r--p 00000000 08:01 400896                             /usr/lib/jvm/java-7-openjdk-amd64/jre/bin/java
00601000-00602000 rw-p 00001000 08:01 400896                             /usr/lib/jvm/java-7-openjdk-amd64/jre/bin/java
02055000-024c6000 rw-p 00000000 00:00 0                                  [heap]
b7a00000-b8ec0000 rw-p 00000000 00:00 0 
b8ec0000-c2000000 rw-p 00000000 00:00 0 
c2000000-c4950000 rw-p 00000000 00:00 0 
c4950000-eb560000 rw-p 00000000 00:00 0 
eb560000-eca00000 rw-p 00000000 00:00 0 
eca00000-100000000 rw-p 00000000 00:00 0 
7fc2de2d3000-7fc2de319000 r-xp 00000000 08:01 406696                     /usr/lib/x86_64-linux-gnu/liblcms2.so.2.0.2
7fc2de319000-7fc2de518000 ---p 00046000 08:01 406696                     /usr/lib/x86_64-linux-gnu/liblcms2.so.2.0.2
7fc2de518000-7fc2de519000 r--p 00045000 08:01 406696                     /usr/lib/x86_64-linux-gnu/liblcms2.so.2.0.2
7fc2de519000-7fc2de51d000 rw-p 00046000 08:01 406696                     /usr/lib/x86_64-linux-gnu/liblcms2.so.2.0.2
7fc2de51d000-7fc2de51e000 rw-p 00000000 00:00 0 
7fc2de51e000-7fc2de522000 r-xp 00000000 08:01 398964                     /usr/lib/jvm/java-7-openjdk-amd64/jre/lib/amd64/libjavalcms.so
7fc2de522000-7fc2de721000 ---p 00004000 08:01 398964                     /usr/lib/jvm/java-7-openjdk-amd64/jre/lib/amd64/libjavalcms.so
7fc2de721000-7fc2de722000 r--p 00003000 08:01 398964                     /usr/lib/jvm/java-7-openjdk-amd64/jre/lib/amd64/libjavalcms.so
7fc2de722000-7fc2de723000 rw-p 00004000 08:01 398964                     /usr/lib/jvm/java-7-openjdk-amd64/jre/lib/amd64/libjavalcms.so
7fc2de723000-7fc2de747000 r-xp 00000000 08:01 406680                     /usr/lib/x86_64-linux-gnu/libjpeg.so.62.0.0
7fc2de747000-7fc2de946000 ---p 00024000 08:01 406680                     /usr/lib/x86_64-linux-gnu/libjpeg.so.62.0.0
7fc2de946000-7fc2de947000 r--p 00023000 08:01 406680                     /usr/lib/x86_64-linux-gnu/libjpeg.so.62.0.0
7fc2de947000-7fc2de948000 rw-p 00024000 08:01 406680                     /usr/lib/x86_64-linux-gnu/libjpeg.so.62.0.0
7fc2de96b000-7fc2de974000 r-xp 00000000 08:01 398665                     /usr/lib/jvm/java-7-openjdk-amd64/jre/lib/amd64/libjavajpeg.so
7fc2de974000-7fc2deb73000 ---p 00009000 08:01 398665                     /usr/lib/jvm/java-7-openjdk-amd64/jre/lib/amd64/libjavajpeg.so
7fc2deb73000-7fc2deb74000 r--p 00008000 08:01 398665                     /usr/lib/jvm/java-7-openjdk-amd64/jre/lib/amd64/libjavajpeg.so
7fc2deb74000-7fc2deb75000 rw-p 00009000 08:01 398665                     /usr/lib/jvm/java-7-openjdk-amd64/jre/lib/amd64/libjavajpeg.so
7fc2deb75000-7fc2dedc2000 rw-s 00000000 00:04 4423685                    /SYSV00000000 (deleted)
7fc2dedc2000-7fc2dedc5000 ---p 00000000 00:00 0 
7fc2dedc5000-7fc2deec3000 rw-p 00000000 00:00 0 
7fc2deec3000-7fc2deec6000 ---p 00000000 00:00 0 
7fc2deec6000-7fc2defc4000 rw-p 00000000 00:00 0 
7fc2defc4000-7fc2defd4000 r-xp 00000000 08:01 399340                     /usr/lib/jvm/java-7-openjdk-amd64/jre/lib/amd64/libnio.so
7fc2defd4000-7fc2df1d3000 ---p 00010000 08:01 399340                     /usr/lib/jvm/java-7-openjdk-amd64/jre/lib/amd64/libnio.so
7fc2df1d3000-7fc2df1d4000 r--p 0000f000 08:01 399340                     /usr/lib/jvm/java-7-openjdk-amd64/jre/lib/amd64/libnio.so
7fc2df1d4000-7fc2df1d5000 rw-p 00010000 08:01 399340                     /usr/lib/jvm/java-7-openjdk-amd64/jre/lib/amd64/libnio.so
7fc2df1d5000-7fc2df1eb000 r-xp 00000000 08:01 399248                     /usr/lib/jvm/java-7-openjdk-amd64/jre/lib/amd64/libnet.so
7fc2df1eb000-7fc2df3ea000 ---p 00016000 08:01 399248                     /usr/lib/jvm/java-7-openjdk-amd64/jre/lib/amd64/libnet.so
7fc2df3ea000-7fc2df3eb000 r--p 00015000 08:01 399248                     /usr/lib/jvm/java-7-openjdk-amd64/jre/lib/amd64/libnet.so
7fc2df3eb000-7fc2df3ec000 rw-p 00016000 08:01 399248                     /usr/lib/jvm/java-7-openjdk-amd64/jre/lib/amd64/libnet.so
7fc2df3ec000-7fc2df426000 r-xp 00000000 08:01 398142                     /usr/lib/jvm/java-7-openjdk-amd64/jre/lib/amd64/libfontmanager.so
7fc2df426000-7fc2df626000 ---p 0003a000 08:01 398142                     /usr/lib/jvm/java-7-openjdk-amd64/jre/lib/amd64/libfontmanager.so
7fc2df626000-7fc2df628000 r--p 0003a000 08:01 398142                     /usr/lib/jvm/java-7-openjdk-amd64/jre/lib/amd64/libfontmanager.so
7fc2df628000-7fc2df629000 rw-p 0003c000 08:01 398142                     /usr/lib/jvm/java-7-openjdk-amd64/jre/lib/amd64/libfontmanager.so
7fc2df629000-7fc2df62c000 ---p 00000000 00:00 0 
7fc2df62c000-7fc2df72a000 rw-p 00000000 00:00 0 
7fc2df72a000-7fc2df72d000 ---p 00000000 00:00 0 
7fc2df72d000-7fc2df82b000 rw-p 00000000 00:00 0 
7fc2df82b000-7fc2df82e000 r-xp 00000000 08:01 139849                     /lib/x86_64-linux-gnu/libgpg-error.so.0.8.0
7fc2df82e000-7fc2dfa2d000 ---p 00003000 08:01 139849                     /lib/x86_64-linux-gnu/libgpg-error.so.0.8.0
7fc2dfa2d000-7fc2dfa2e000 r--p 00002000 08:01 139849                     /lib/x86_64-linux-gnu/libgpg-error.so.0.8.0
7fc2dfa2e000-7fc2dfa2f000 rw-p 00003000 08:01 139849                     /lib/x86_64-linux-gnu/libgpg-error.so.0.8.0
7fc2dfa2f000-7fc2dfa31000 r-xp 00000000 08:01 139851                     /lib/x86_64-linux-gnu/libkeyutils.so.1.3
7fc2dfa31000-7fc2dfc30000 ---p 00002000 08:01 139851                     /lib/x86_64-linux-gnu/libkeyutils.so.1.3
7fc2dfc30000-7fc2dfc31000 r--p 00001000 08:01 139851                     /lib/x86_64-linux-gnu/libkeyutils.so.1.3
7fc2dfc31000-7fc2dfc32000 rw-p 00002000 08:01 139851                     /lib/x86_64-linux-gnu/libkeyutils.so.1.3
7fc2dfc32000-7fc2dfc74000 r-xp 00000000 08:01 135649                     /lib/x86_64-linux-gnu/libdbus-1.so.3.5.7
7fc2dfc74000-7fc2dfe73000 ---p 00042000 08:01 135649                     /lib/x86_64-linux-gnu/libdbus-1.so.3.5.7
7fc2dfe73000-7fc2dfe74000 r--p 00041000 08:01 135649                     /lib/x86_64-linux-gnu/libdbus-1.so.3.5.7
7fc2dfe74000-7fc2dfe75000 rw-p 00042000 08:01 135649                     /lib/x86_64-linux-gnu/libdbus-1.so.3.5.7
7fc2dfe75000-7fc2dfeef000 r-xp 00000000 08:01 139845                     /lib/x86_64-linux-gnu/libgcrypt.so.11.7.0
7fc2dfeef000-7fc2e00ef000 ---p 0007a000 08:01 139845                     /lib/x86_64-linux-gnu/libgcrypt.so.11.7.0
7fc2e00ef000-7fc2e00f0000 r--p 0007a000 08:01 139845                     /lib/x86_64-linux-gnu/libgcrypt.so.11.7.0
7fc2e00f0000-7fc2e00f3000 rw-p 0007b000 08:01 139845                     /lib/x86_64-linux-gnu/libgcrypt.so.11.7.0
7fc2e00f3000-7fc2e0103000 r-xp 00000000 08:01 406788                     /usr/lib/x86_64-linux-gnu/libtasn1.so.3.1.11
7fc2e0103000-7fc2e0302000 ---p 00010000 08:01 406788                     /usr/lib/x86_64-linux-gnu/libtasn1.so.3.1.11
7fc2e0302000-7fc2e0303000 r--p 0000f000 08:01 406788                     /usr/lib/x86_64-linux-gnu/libtasn1.so.3.1.11
7fc2e0303000-7fc2e0304000 rw-p 00010000 08:01 406788                     /usr/lib/x86_64-linux-gnu/libtasn1.so.3.1.11
7fc2e0304000-7fc2e030b000 r-xp 00000000 08:01 397002                     /usr/lib/x86_64-linux-gnu/libkrb5support.so.0.1
7fc2e030b000-7fc2e050a000 ---p 00007000 08:01 397002                     /usr/lib/x86_64-linux-gnu/libkrb5support.so.0.1
7fc2e050a000-7fc2e050b000 r--p 00006000 08:01 397002                     /usr/lib/x86_64-linux-gnu/libkrb5support.so.0.1
7fc2e050b000-7fc2e050c000 rw-p 00007000 08:01 397002                     /usr/lib/x86_64-linux-gnu/libkrb5support.so.0.1
7fc2e050c000-7fc2e050f000 r-xp 00000000 08:01 139827                     /lib/x86_64-linux-gnu/libcom_err.so.2.1
7fc2e050f000-7fc2e070e000 ---p 00003000 08:01 139827                     /lib/x86_64-linux-gnu/libcom_err.so.2.1
7fc2e070e000-7fc2e070f000 r--p 00002000 08:01 139827                     /lib/x86_64-linux-gnu/libcom_err.so.2.1
7fc2e070f000-7fc2e0710000 rw-p 00003000 08:01 139827                     /lib/x86_64-linux-gnu/libcom_err.so.2.1
7fc2e0710000-7fc2e0736000 r-xp 00000000 08:01 394051                     /usr/lib/x86_64-linux-gnu/libk5crypto.so.3.1
7fc2e0736000-7fc2e0935000 ---p 00026000 08:01 394051                     /usr/lib/x86_64-linux-gnu/libk5crypto.so.3.1
7fc2e0935000-7fc2e0937000 r--p 00025000 08:01 394051                     /usr/lib/x86_64-linux-gnu/libk5crypto.so.3.1
7fc2e0937000-7fc2e0938000 rw-p 00027000 08:01 394051                     /usr/lib/x86_64-linux-gnu/libk5crypto.so.3.1
7fc2e0938000-7fc2e09f7000 r-xp 00000000 08:01 397018                     /usr/lib/x86_64-linux-gnu/libkrb5.so.3.3
7fc2e09f7000-7fc2e0bf7000 ---p 000bf000 08:01 397018                     /usr/lib/x86_64-linux-gnu/libkrb5.so.3.3
7fc2e0bf7000-7fc2e0c00000 r--p 000bf000 08:01 397018                     /usr/lib/x86_64-linux-gnu/libkrb5.so.3.3
7fc2e0c00000-7fc2e0c01000 rw-p 000c8000 08:01 397018                     /usr/lib/x86_64-linux-gnu/libkrb5.so.3.3
7fc2e0c01000-7fc2e0c08000 r-xp 00000000 08:01 406811                     /usr/lib/x86_64-linux-gnu/libxcb-render.so.0.0.0
7fc2e0c08000-7fc2e0e08000 ---p 00007000 08:01 406811                     /usr/lib/x86_64-linux-gnu/libxcb-render.so.0.0.0
7fc2e0e08000-7fc2e0e09000 r--p 00007000 08:01 406811                     /usr/lib/x86_64-linux-gnu/libxcb-render.so.0.0.0
7fc2e0e09000-7fc2e0e0a000 rw-p 00008000 08:01 406811                     /usr/lib/x86_64-linux-gnu/libxcb-render.so.0.0.0
7fc2e0e0a000-7fc2e0e0c000 r-xp 00000000 08:01 406815                     /usr/lib/x86_64-linux-gnu/libxcb-shm.so.0.0.0
7fc2e0e0c000-7fc2e100b000 ---p 00002000 08:01 406815                     /usr/lib/x86_64-linux-gnu/libxcb-shm.so.0.0.0
7fc2e100b000-7fc2e100c000 r--p 00001000 08:01 406815                     /usr/lib/x86_64-linux-gnu/libxcb-shm.so.0.0.0
7fc2e100c000-7fc2e100d000 rw-p 00002000 08:01 406815                     /usr/lib/x86_64-linux-gnu/libxcb-shm.so.0.0.0
7fc2e100d000-7fc2e1033000 r-xp 00000000 08:01 139881                     /lib/x86_64-linux-gnu/libpng12.so.0.46.0
7fc2e1033000-7fc2e1232000 ---p 00026000 08:01 139881                     /lib/x86_64-linux-gnu/libpng12.so.0.46.0
7fc2e1232000-7fc2e1233000 r--p 00025000 08:01 139881                     /lib/x86_64-linux-gnu/libpng12.so.0.46.0
7fc2e1233000-7fc2e1234000 rw-p 00026000 08:01 139881                     /lib/x86_64-linux-gnu/libpng12.so.0.46.0
7fc2e1234000-7fc2e12a2000 r-xp 00000000 08:01 406743                     /usr/lib/x86_64-linux-gnu/libpixman-1.so.0.22.2
7fc2e12a2000-7fc2e14a2000 ---p 0006e000 08:01 406743                     /usr/lib/x86_64-linux-gnu/libpixman-1.so.0.22.2
7fc2e14a2000-7fc2e14a7000 r--p 0006e000 08:01 406743                     /usr/lib/x86_64-linux-gnu/libpixman-1.so.0.22.2
7fc2e14a7000-7fc2e14a8000 rw-p 00073000 08:01 406743                     /usr/lib/x86_64-linux-gnu/libpixman-1.so.0.22.2
7fc2e14a8000-7fc2e14ad000 r-xp 00000000 08:01 406539                     /usr/lib/x86_64-linux-gnu/libXdmcp.so.6.0.0
7fc2e14ad000-7fc2e16ac000 ---p 00005000 08:01 406539                     /usr/lib/x86_64-linux-gnu/libXdmcp.so.6.0.0
7fc2e16ac000-7fc2e16ad000 r--p 00004000 08:01 406539                     /usr/lib/x86_64-linux-gnu/libXdmcp.so.6.0.0
7fc2e16ad000-7fc2e16ae000 rw-p 00005000 08:01 406539                     /usr/lib/x86_64-linux-gnu/libXdmcp.so.6.0.0
7fc2e16ae000-7fc2e16b0000 r-xp 00000000 08:01 406531                     /usr/lib/x86_64-linux-gnu/libXau.so.6.0.0
7fc2e16b0000-7fc2e18af000 ---p 00002000 08:01 406531                     /usr/lib/x86_64-linux-gnu/libXau.so.6.0.0
7fc2e18af000-7fc2e18b0000 r--p 00001000 08:01 406531                     /usr/lib/x86_64-linux-gnu/libXau.so.6.0.0
7fc2e18b0000-7fc2e18b1000 rw-p 00002000 08:01 406531                     /usr/lib/x86_64-linux-gnu/libXau.so.6.0.0
7fc2e18b1000-7fc2e18c2000 r-xp 00000000 08:01 406571                     /usr/lib/x86_64-linux-gnu/libavahi-client.so.3.2.9
7fc2e18c2000-7fc2e1ac2000 ---p 00011000 08:01 406571                     /usr/lib/x86_64-linux-gnu/libavahi-client.so.3.2.9
7fc2e1ac2000-7fc2e1ac3000 r--p 00011000 08:01 406571                     /usr/lib/x86_64-linux-gnu/libavahi-client.so.3.2.9
7fc2e1ac3000-7fc2e1ac4000 rw-p 00012000 08:01 406571                     /usr/lib/x86_64-linux-gnu/libavahi-client.so.3.2.9
7fc2e1ac4000-7fc2e1ad1000 r-xp 00000000 08:01 406573                     /usr/lib/x86_64-linux-gnu/libavahi-common.so.3.5.3
7fc2e1ad1000-7fc2e1cd0000 ---p 0000d000 08:01 406573                     /usr/lib/x86_64-linux-gnu/libavahi-common.so.3.5.3
7fc2e1cd0000-7fc2e1cd1000 r--p 0000c000 08:01 406573                     /usr/lib/x86_64-linux-gnu/libavahi-common.so.3.5.3
7fc2e1cd1000-7fc2e1cd2000 rw-p 0000d000 08:01 406573                     /usr/lib/x86_64-linux-gnu/libavahi-common.so.3.5.3
7fc2e1cd2000-7fc2e1d73000 r-xp 00000000 08:01 406657                     /usr/lib/x86_64-linux-gnu/libgnutls.so.26.16.14
7fc2e1d73000-7fc2e1f72000 ---p 000a1000 08:01 406657                     /usr/lib/x86_64-linux-gnu/libgnutls.so.26.16.14
7fc2e1f72000-7fc2e1f79000 r--p 000a0000 08:01 406657                     /usr/lib/x86_64-linux-gnu/libgnutls.so.26.16.14
7fc2e1f79000-7fc2e1f7a000 rw-p 000a7000 08:01 406657                     /usr/lib/x86_64-linux-gnu/libgnutls.so.26.16.14
7fc2e1f7a000-7fc2e1fb5000 r-xp 00000000 08:01 406685                     /usr/lib/x86_64-linux-gnu/libgssapi_krb5.so.2.2
7fc2e1fb5000-7fc2e21b5000 ---p 0003b000 08:01 406685                     /usr/lib/x86_64-linux-gnu/libgssapi_krb5.so.2.2
7fc2e21b5000-7fc2e21b6000 r--p 0003b000 08:01 406685                     /usr/lib/x86_64-linux-gnu/libgssapi_krb5.so.2.2
7fc2e21b6000-7fc2e21b8000 rw-p 0003c000 08:01 406685                     /usr/lib/x86_64-linux-gnu/libgssapi_krb5.so.2.2
7fc2e21b8000-7fc2e21f3000 r-xp 00000000 08:01 139879                     /lib/x86_64-linux-gnu/libpcre.so.3.12.1
7fc2e21f3000-7fc2e23f2000 ---p 0003b000 08:01 139879                     /lib/x86_64-linux-gnu/libpcre.so.3.12.1
7fc2e23f2000-7fc2e23f3000 r--p 0003a000 08:01 139879                     /lib/x86_64-linux-gnu/libpcre.so.3.12.1
7fc2e23f3000-7fc2e23f4000 rw-p 0003b000 08:01 139879                     /lib/x86_64-linux-gnu/libpcre.so.3.12.1
7fc2e23f4000-7fc2e23fb000 r-xp 00000000 08:01 396800                     /usr/lib/x86_64-linux-gnu/libffi.so.6.0.0
7fc2e23fb000-7fc2e25fa000 ---p 00007000 08:01 396800                     /usr/lib/x86_64-linux-gnu/libffi.so.6.0.0
7fc2e25fa000-7fc2e25fb000 r--p 00006000 08:01 396800                     /usr/lib/x86_64-linux-gnu/libffi.so.6.0.0
7fc2e25fb000-7fc2e25fc000 rw-p 00007000 08:01 396800                     /usr/lib/x86_64-linux-gnu/libffi.so.6.0.0
7fc2e25fc000-7fc2e2623000 r-xp 00000000 08:01 139838                     /lib/x86_64-linux-gnu/libexpat.so.1.5.2
7fc2e2623000-7fc2e2823000 ---p 00027000 08:01 139838                     /lib/x86_64-linux-gnu/libexpat.so.1.5.2
7fc2e2823000-7fc2e2825000 r--p 00027000 08:01 139838                     /lib/x86_64-linux-gnu/libexpat.so.1.5.2
7fc2e2825000-7fc2e2826000 rw-p 00029000 08:01 139838                     /lib/x86_64-linux-gnu/libexpat.so.1.5.2
7fc2e2826000-7fc2e28b8000 r-xp 00000000 08:01 406632                     /usr/lib/x86_64-linux-gnu/libfreetype.so.6.6.2
7fc2e28b8000-7fc2e2ab7000 ---p 00092000 08:01 406632                     /usr/lib/x86_64-linux-gnu/libfreetype.so.6.6.2
7fc2e2ab7000-7fc2e2abd000 r--p 00091000 08:01 406632                     /usr/lib/x86_64-linux-gnu/libfreetype.so.6.6.2
7fc2e2abd000-7fc2e2abe000 rw-p 00097000 08:01 406632                     /usr/lib/x86_64-linux-gnu/libfreetype.so.6.6.2
7fc2e2abe000-7fc2e2ad5000 r-xp 00000000 08:01 134597                     /lib/x86_64-linux-gnu/libresolv-2.13.so
7fc2e2ad5000-7fc2e2cd5000 ---p 00017000 08:01 134597                     /lib/x86_64-linux-gnu/libresolv-2.13.so
7fc2e2cd5000-7fc2e2cd6000 r--p 00017000 08:01 134597                     /lib/x86_64-linux-gnu/libresolv-2.13.so
7fc2e2cd6000-7fc2e2cd7000 rw-p 00018000 08:01 134597                     /lib/x86_64-linux-gnu/libresolv-2.13.so
7fc2e2cd7000-7fc2e2cd9000 rw-p 00000000 00:00 0 
7fc2e2cd9000-7fc2e2cf5000 r-xp 00000000 08:01 139888                     /lib/x86_64-linux-gnu/libselinux.so.1
7fc2e2cf5000-7fc2e2ef4000 ---p 0001c000 08:01 139888                     /lib/x86_64-linux-gnu/libselinux.so.1
7fc2e2ef4000-7fc2e2ef5000 r--p 0001b000 08:01 139888                     /lib/x86_64-linux-gnu/libselinux.so.1
7fc2e2ef5000-7fc2e2ef6000 rw-p 0001c000 08:01 139888                     /lib/x86_64-linux-gnu/libselinux.so.1
7fc2e2ef6000-7fc2e2ef7000 rw-p 00000000 00:00 0 
7fc2e2ef7000-7fc2e2ef9000 r-xp 00000000 08:01 406537                     /usr/lib/x86_64-linux-gnu/libXdamage.so.1.1.0
7fc2e2ef9000-7fc2e30f8000 ---p 00002000 08:01 406537                     /usr/lib/x86_64-linux-gnu/libXdamage.so.1.1.0
7fc2e30f8000-7fc2e30f9000 r--p 00001000 08:01 406537                     /usr/lib/x86_64-linux-gnu/libXdamage.so.1.1.0
7fc2e30f9000-7fc2e30fa000 rw-p 00002000 08:01 406537                     /usr/lib/x86_64-linux-gnu/libXdamage.so.1.1.0
7fc2e30fa000-7fc2e30fc000 r-xp 00000000 08:01 406533                     /usr/lib/x86_64-linux-gnu/libXcomposite.so.1.0.0
7fc2e30fc000-7fc2e32fb000 ---p 00002000 08:01 406533                     /usr/lib/x86_64-linux-gnu/libXcomposite.so.1.0.0
7fc2e32fb000-7fc2e32fc000 r--p 00001000 08:01 406533                     /usr/lib/x86_64-linux-gnu/libXcomposite.so.1.0.0
7fc2e32fc000-7fc2e32fd000 rw-p 00002000 08:01 406533                     /usr/lib/x86_64-linux-gnu/libXcomposite.so.1.0.0
7fc2e32fd000-7fc2e3306000 r-xp 00000000 08:01 406535                     /usr/lib/x86_64-linux-gnu/libXcursor.so.1.0.2
7fc2e3306000-7fc2e3505000 ---p 00009000 08:01 406535                     /usr/lib/x86_64-linux-gnu/libXcursor.so.1.0.2
7fc2e3505000-7fc2e3506000 r--p 00008000 08:01 406535                     /usr/lib/x86_64-linux-gnu/libXcursor.so.1.0.2
7fc2e3506000-7fc2e3507000 rw-p 00009000 08:01 406535                     /usr/lib/x86_64-linux-gnu/libXcursor.so.1.0.2
7fc2e3507000-7fc2e350f000 r-xp 00000000 08:01 406551                     /usr/lib/x86_64-linux-gnu/libXrandr.so.2.2.0
7fc2e350f000-7fc2e370e000 ---p 00008000 08:01 406551                     /usr/lib/x86_64-linux-gnu/libXrandr.so.2.2.0
7fc2e370e000-7fc2e370f000 r--p 00007000 08:01 406551                     /usr/lib/x86_64-linux-gnu/libXrandr.so.2.2.0
7fc2e370f000-7fc2e3710000 rw-p 00008000 08:01 406551                     /usr/lib/x86_64-linux-gnu/libXrandr.so.2.2.0
7fc2e3710000-7fc2e3712000 r-xp 00000000 08:01 406549                     /usr/lib/x86_64-linux-gnu/libXinerama.so.1.0.0
7fc2e3712000-7fc2e3911000 ---p 00002000 08:01 406549                     /usr/lib/x86_64-linux-gnu/libXinerama.so.1.0.0
7fc2e3911000-7fc2e3912000 r--p 00001000 08:01 406549                     /usr/lib/x86_64-linux-gnu/libXinerama.so.1.0.0
7fc2e3912000-7fc2e3913000 rw-p 00002000 08:01 406549                     /usr/lib/x86_64-linux-gnu/libXinerama.so.1.0.0
7fc2e3913000-7fc2e3916000 r-xp 00000000 08:01 395217                     /usr/lib/x86_64-linux-gnu/libgmodule-2.0.so.0.3000.0
7fc2e3916000-7fc2e3b15000 ---p 00003000 08:01 395217                     /usr/lib/x86_64-linux-gnu/libgmodule-2.0.so.0.3000.0
7fc2e3b15000-7fc2e3b16000 r--p 00002000 08:01 395217                     /usr/lib/x86_64-linux-gnu/libgmodule-2.0.so.0.3000.0
7fc2e3b16000-7fc2e3b17000 rw-p 00003000 08:01 395217                     /usr/lib/x86_64-linux-gnu/libgmodule-2.0.so.0.3000.0
7fc2e3b17000-7fc2e3b41000 r-xp 00000000 08:01 397305                     /usr/lib/x86_64-linux-gnu/libpangoft2-1.0.so.0.2903.0
7fc2e3b41000-7fc2e3d40000 ---p 0002a000 08:01 397305                     /usr/lib/x86_64-linux-gnu/libpangoft2-1.0.so.0.2903.0
7fc2e3d40000-7fc2e3d41000 r--p 00029000 08:01 397305                     /usr/lib/x86_64-linux-gnu/libpangoft2-1.0.so.0.2903.0
7fc2e3d41000-7fc2e3d42000 rw-p 0002a000 08:01 397305                     /usr/lib/x86_64-linux-gnu/libpangoft2-1.0.so.0.2903.0
7fc2e3d42000-7fc2e3dfb000 r-xp 00000000 08:01 406593                     /usr/lib/x86_64-linux-gnu/libcairo.so.2.11000.2
7fc2e3dfb000-7fc2e3ffa000 ---p 000b9000 08:01 406593                     /usr/lib/x86_64-linux-gnu/libcairo.so.2.11000.2
7fc2e3ffa000-7fc2e3ffc000 r--p 000b8000 08:01 406593                     /usr/lib/x86_64-linux-gnu/libcairo.so.2.11000.2
7fc2e3ffc000-7fc2e3ffd000 rw-p 000ba000 08:01 406593                     /usr/lib/x86_64-linux-gnu/libcairo.so.2.11000.2
7fc2e3ffd000-7fc2e4000000 rw-p 00000000 00:00 0 
7fc2e4000000-7fc2e423d000 rw-p 00000000 00:00 0 
7fc2e423d000-7fc2e8000000 ---p 00000000 00:00 0 
7fc2e8013000-7fc2e8044000 rw-p 00000000 00:00 0 
7fc2e8044000-7fc2e8047000 ---p 00000000 00:00 0 
7fc2e8047000-7fc2e805e000 rw-p 00000000 00:00 0 
7fc2e805e000-7fc2e8061000 ---p 00000000 00:00 0 
7fc2e8061000-7fc2e815f000 rw-p 00000000 00:00 0 
7fc2e815f000-7fc2e817e000 r-xp 00000000 08:01 394856                     /usr/lib/x86_64-linux-gnu/libatk-1.0.so.0.20209.1
7fc2e817e000-7fc2e837e000 ---p 0001f000 08:01 394856                     /usr/lib/x86_64-linux-gnu/libatk-1.0.so.0.20209.1
7fc2e837e000-7fc2e8380000 r--p 0001f000 08:01 394856                     /usr/lib/x86_64-linux-gnu/libatk-1.0.so.0.20209.1
7fc2e8380000-7fc2e8381000 rw-p 00021000 08:01 394856                     /usr/lib/x86_64-linux-gnu/libatk-1.0.so.0.20209.1
7fc2e8381000-7fc2e8386000 r-xp 00000000 08:01 406543                     /usr/lib/x86_64-linux-gnu/libXfixes.so.3.1.0
7fc2e8386000-7fc2e8585000 ---p 00005000 08:01 406543                     /usr/lib/x86_64-linux-gnu/libXfixes.so.3.1.0
7fc2e8585000-7fc2e8586000 r--p 00004000 08:01 406543                     /usr/lib/x86_64-linux-gnu/libXfixes.so.3.1.0
7fc2e8586000-7fc2e8587000 rw-p 00005000 08:01 406543                     /usr/lib/x86_64-linux-gnu/libXfixes.so.3.1.0
7fc2e8587000-7fc2e8592000 r-xp 00000000 08:01 397309                     /usr/lib/x86_64-linux-gnu/libpangocairo-1.0.so.0.2903.0
7fc2e8592000-7fc2e8792000 ---p 0000b000 08:01 397309                     /usr/lib/x86_64-linux-gnu/libpangocairo-1.0.so.0.2903.0
7fc2e8792000-7fc2e8793000 r--p 0000b000 08:01 397309                     /usr/lib/x86_64-linux-gnu/libpangocairo-1.0.so.0.2903.0
7fc2e8793000-7fc2e8794000 rw-p 0000c000 08:01 397309                     /usr/lib/x86_64-linux-gnu/libpangocairo-1.0.so.0.2903.0
7fc2e8794000-7fc2e87af000 r-xp 00000000 08:01 406817                     /usr/lib/x86_64-linux-gnu/libxcb.so.1.1.0
7fc2e87af000-7fc2e89ae000 ---p 0001b000 08:01 406817                     /usr/lib/x86_64-linux-gnu/libxcb.so.1.1.0
7fc2e89ae000-7fc2e89af000 r--p 0001a000 08:01 406817                     /usr/lib/x86_64-linux-gnu/libxcb.so.1.1.0
7fc2e89af000-7fc2e89b0000 rw-p 0001b000 08:01 406817                     /usr/lib/x86_64-linux-gnu/libxcb.so.1.1.0
7fc2e89b0000-7fc2e89fe000 r-xp 00000000 08:01 400264                     /usr/lib/x86_64-linux-gnu/libcups.so.2
7fc2e89fe000-7fc2e8bfe000 ---p 0004e000 08:01 400264                     /usr/lib/x86_64-linux-gnu/libcups.so.2
7fc2e8bfe000-7fc2e8c02000 r--p 0004e000 08:01 400264                     /usr/lib/x86_64-linux-gnu/libcups.so.2
7fc2e8c02000-7fc2e8c03000 rw-p 00052000 08:01 400264                     /usr/lib/x86_64-linux-gnu/libcups.so.2
7fc2e8c03000-7fc2e8cf7000 r-xp 00000000 08:01 134283                     /lib/x86_64-linux-gnu/libglib-2.0.so.0.3000.0
7fc2e8cf7000-7fc2e8ef6000 ---p 000f4000 08:01 134283                     /lib/x86_64-linux-gnu/libglib-2.0.so.0.3000.0
7fc2e8ef6000-7fc2e8ef7000 r--p 000f3000 08:01 134283                     /lib/x86_64-linux-gnu/libglib-2.0.so.0.3000.0
7fc2e8ef7000-7fc2e8ef8000 rw-p 000f4000 08:01 134283                     /lib/x86_64-linux-gnu/libglib-2.0.so.0.3000.0
7fc2e8ef8000-7fc2e8ef9000 rw-p 00000000 00:00 0 
7fc2e8ef9000-7fc2e8efd000 r-xp 00000000 08:01 394708                     /usr/lib/x86_64-linux-gnu/libgthread-2.0.so.0.3000.0
7fc2e8efd000-7fc2e90fc000 ---p 00004000 08:01 394708                     /usr/lib/x86_64-linux-gnu/libgthread-2.0.so.0.3000.0
7fc2e90fc000-7fc2e90fd000 r--p 00003000 08:01 394708                     /usr/lib/x86_64-linux-gnu/libgthread-2.0.so.0.3000.0
7fc2e90fd000-7fc2e90fe000 rw-p 00004000 08:01 394708                     /usr/lib/x86_64-linux-gnu/libgthread-2.0.so.0.3000.0
7fc2e90fe000-7fc2e914c000 r-xp 00000000 08:01 394707                     /usr/lib/x86_64-linux-gnu/libgobject-2.0.so.0.3000.0
7fc2e914c000-7fc2e934c000 ---p 0004e000 08:01 394707                     /usr/lib/x86_64-linux-gnu/libgobject-2.0.so.0.3000.0
7fc2e934c000-7fc2e934d000 r--p 0004e000 08:01 394707                     /usr/lib/x86_64-linux-gnu/libgobject-2.0.so.0.3000.0
7fc2e934d000-7fc2e934e000 rw-p 0004f000 08:01 394707                     /usr/lib/x86_64-linux-gnu/libgobject-2.0.so.0.3000.0
7fc2e934e000-7fc2e934f000 rw-p 00000000 00:00 0 
7fc2e934f000-7fc2e9383000 r-xp 00000000 08:01 406630                     /usr/lib/x86_64-linux-gnu/libfontconfig.so.1.4.4
7fc2e9383000-7fc2e9583000 ---p 00034000 08:01 406630                     /usr/lib/x86_64-linux-gnu/libfontconfig.so.1.4.4
7fc2e9583000-7fc2e9584000 r--p 00034000 08:01 406630                     /usr/lib/x86_64-linux-gnu/libfontconfig.so.1.4.4
7fc2e9584000-7fc2e9585000 rw-p 00035000 08:01 406630                     /usr/lib/x86_64-linux-gnu/libfontconfig.so.1.4.4
7fc2e9585000-7fc2e95cc000 r-xp 00000000 08:01 397304                     /usr/lib/x86_64-linux-gnu/libpango-1.0.so.0.2903.0
7fc2e95cc000-7fc2e97cc000 ---p 00047000 08:01 397304                     /usr/lib/x86_64-linux-gnu/libpango-1.0.so.0.2903.0
7fc2e97cc000-7fc2e97ce000 r--p 00047000 08:01 397304                     /usr/lib/x86_64-linux-gnu/libpango-1.0.so.0.2903.0
7fc2e97ce000-7fc2e97cf000 rw-p 00049000 08:01 397304                     /usr/lib/x86_64-linux-gnu/libpango-1.0.so.0.2903.0
7fc2e97cf000-7fc2e97ed000 r-xp 00000000 08:01 394128                     /usr/lib/x86_64-linux-gnu/libgdk_pixbuf-2.0.so.0.2400.0
7fc2e97ed000-7fc2e99ec000 ---p 0001e000 08:01 394128                     /usr/lib/x86_64-linux-gnu/libgdk_pixbuf-2.0.so.0.2400.0
7fc2e99ec000-7fc2e99ed000 r--p 0001d000 08:01 394128                     /usr/lib/x86_64-linux-gnu/libgdk_pixbuf-2.0.so.0.2400.0
7fc2e99ed000-7fc2e99ee000 rw-p 0001e000 08:01 394128                     /usr/lib/x86_64-linux-gnu/libgdk_pixbuf-2.0.so.0.2400.0
7fc2e99ee000-7fc2e9b29000 r-xp 00000000 08:01 394685                     /usr/lib/x86_64-linux-gnu/libgio-2.0.so.0.3000.0
7fc2e9b29000-7fc2e9d28000 ---p 0013b000 08:01 394685                     /usr/lib/x86_64-linux-gnu/libgio-2.0.so.0.3000.0
7fc2e9d28000-7fc2e9d2c000 r--p 0013a000 08:01 394685                     /usr/lib/x86_64-linux-gnu/libgio-2.0.so.0.3000.0
7fc2e9d2c000-7fc2e9d2e000 rw-p 0013e000 08:01 394685                     /usr/lib/x86_64-linux-gnu/libgio-2.0.so.0.3000.0
7fc2e9d2e000-7fc2e9d30000 rw-p 00000000 00:00 0 
7fc2e9d30000-7fc2e9ddd000 r-xp 00000000 08:01 397253                     /usr/lib/x86_64-linux-gnu/libgdk-x11-2.0.so.0.2400.6
7fc2e9ddd000-7fc2e9fdc000 ---p 000ad000 08:01 397253                     /usr/lib/x86_64-linux-gnu/libgdk-x11-2.0.so.0.2400.6
7fc2e9fdc000-7fc2e9fe0000 r--p 000ac000 08:01 397253                     /usr/lib/x86_64-linux-gnu/libgdk-x11-2.0.so.0.2400.6
7fc2e9fe0000-7fc2e9fe2000 rw-p 000b0000 08:01 397253                     /usr/lib/x86_64-linux-gnu/libgdk-x11-2.0.so.0.2400.6
7fc2e9fe2000-7fc2ea411000 r-xp 00000000 08:01 397246                     /usr/lib/x86_64-linux-gnu/libgtk-x11-2.0.so.0.2400.6
7fc2ea411000-7fc2ea611000 ---p 0042f000 08:01 397246                     /usr/lib/x86_64-linux-gnu/libgtk-x11-2.0.so.0.2400.6
7fc2ea611000-7fc2ea618000 r--p 0042f000 08:01 397246                     /usr/lib/x86_64-linux-gnu/libgtk-x11-2.0.so.0.2400.6
7fc2ea618000-7fc2ea61c000 rw-p 00436000 08:01 397246                     /usr/lib/x86_64-linux-gnu/libgtk-x11-2.0.so.0.2400.6
7fc2ea61c000-7fc2ea61e000 rw-p 00000000 00:00 0 
7fc2ea61e000-7fc2ea62d000 r-xp 00000000 08:01 406547                     /usr/lib/x86_64-linux-gnu/libXi.so.6.1.0
7fc2ea62d000-7fc2ea82c000 ---p 0000f000 08:01 406547                     /usr/lib/x86_64-linux-gnu/libXi.so.6.1.0
7fc2ea82c000-7fc2ea82d000 r--p 0000e000 08:01 406547                     /usr/lib/x86_64-linux-gnu/libXi.so.6.1.0
7fc2ea82d000-7fc2ea82e000 rw-p 0000f000 08:01 406547                     /usr/lib/x86_64-linux-gnu/libXi.so.6.1.0
7fc2ea82e000-7fc2ea833000 r-xp 00000000 08:01 398564                     /usr/lib/libXtst.so.6.1.0
7fc2ea833000-7fc2eaa32000 ---p 00005000 08:01 398564                     /usr/lib/libXtst.so.6.1.0
7fc2eaa32000-7fc2eaa33000 r--p 00004000 08:01 398564                     /usr/lib/libXtst.so.6.1.0
7fc2eaa33000-7fc2eaa34000 rw-p 00005000 08:01 398564                     /usr/lib/libXtst.so.6.1.0
7fc2eaa34000-7fc2eaa3d000 r-xp 00000000 08:01 406553                     /usr/lib/x86_64-linux-gnu/libXrender.so.1.3.0
7fc2eaa3d000-7fc2eac3d000 ---p 00009000 08:01 406553                     /usr/lib/x86_64-linux-gnu/libXrender.so.1.3.0
7fc2eac3d000-7fc2eac3e000 r--p 00009000 08:01 406553                     /usr/lib/x86_64-linux-gnu/libXrender.so.1.3.0
7fc2eac3e000-7fc2eac3f000 rw-p 0000a000 08:01 406553                     /usr/lib/x86_64-linux-gnu/libXrender.so.1.3.0
7fc2eac3f000-7fc2ead72000 r-xp 00000000 08:01 406471                     /usr/lib/x86_64-linux-gnu/libX11.so.6.3.0
7fc2ead72000-7fc2eaf72000 ---p 00133000 08:01 406471                     /usr/lib/x86_64-linux-gnu/libX11.so.6.3.0
7fc2eaf72000-7fc2eaf73000 r--p 00133000 08:01 406471                     /usr/lib/x86_64-linux-gnu/libX11.so.6.3.0
7fc2eaf73000-7fc2eaf77000 rw-p 00134000 08:01 406471                     /usr/lib/x86_64-linux-gnu/libX11.so.6.3.0
7fc2eaf77000-7fc2eaf89000 r-xp 00000000 08:01 406541                     /usr/lib/x86_64-linux-gnu/libXext.so.6.4.0
7fc2eaf89000-7fc2eb188000 ---p 00012000 08:01 406541                     /usr/lib/x86_64-linux-gnu/libXext.so.6.4.0
7fc2eb188000-7fc2eb189000 r--p 00011000 08:01 406541                     /usr/lib/x86_64-linux-gnu/libXext.so.6.4.0
7fc2eb189000-7fc2eb18a000 rw-p 00012000 08:01 406541                     /usr/lib/x86_64-linux-gnu/libXext.so.6.4.0
7fc2eb18a000-7fc2eb1ad000 r--p 00000000 08:01 675061                     /usr/share/locale-langpack/fr/LC_MESSAGES/libc.mo
7fc2eb1ad000-7fc2eb1ff000 r-xp 00000000 08:01 401973                     /usr/lib/jvm/java-7-openjdk-amd64/jre/lib/amd64/xawt/libmawt.so
7fc2eb1ff000-7fc2eb3ff000 ---p 00052000 08:01 401973                     /usr/lib/jvm/java-7-openjdk-amd64/jre/lib/amd64/xawt/libmawt.so
7fc2eb3ff000-7fc2eb400000 r--p 00052000 08:01 401973                     /usr/lib/jvm/java-7-openjdk-amd64/jre/lib/amd64/xawt/libmawt.so
7fc2eb400000-7fc2eb403000 rw-p 00053000 08:01 401973                     /usr/lib/jvm/java-7-openjdk-amd64/jre/lib/amd64/xawt/libmawt.so
7fc2eb403000-7fc2eb404000 rw-p 00000000 00:00 0 
7fc2eb404000-7fc2eb4a6000 r-xp 00000000 08:01 398111                     /usr/lib/jvm/java-7-openjdk-amd64/jre/lib/amd64/libawt.so
7fc2eb4a6000-7fc2eb6a5000 ---p 000a2000 08:01 398111                     /usr/lib/jvm/java-7-openjdk-amd64/jre/lib/amd64/libawt.so
7fc2eb6a5000-7fc2eb6a6000 r--p 000a1000 08:01 398111                     /usr/lib/jvm/java-7-openjdk-amd64/jre/lib/amd64/libawt.so
7fc2eb6a6000-7fc2eb6b1000 rw-p 000a2000 08:01 398111                     /usr/lib/jvm/java-7-openjdk-amd64/jre/lib/amd64/libawt.so
7fc2eb6b1000-7fc2eb6d6000 rw-p 00000000 00:00 0 
7fc2eb6d6000-7fc2eb6d7000 ---p 00000000 00:00 0 
7fc2eb6d7000-7fc2eb7d7000 rw-p 00000000 00:00 0 
7fc2eb7d7000-7fc2eb7da000 ---p 00000000 00:00 0 
7fc2eb7da000-7fc2eb8d8000 rw-p 00000000 00:00 0 
7fc2eb8d8000-7fc2eb8db000 ---p 00000000 00:00 0 
7fc2eb8db000-7fc2eb9d9000 rw-p 00000000 00:00 0 
7fc2eb9d9000-7fc2eb9dc000 ---p 00000000 00:00 0 
7fc2eb9dc000-7fc2ebada000 rw-p 00000000 00:00 0 
7fc2ebada000-7fc2ebadd000 ---p 00000000 00:00 0 
7fc2ebadd000-7fc2ebbdb000 rw-p 00000000 00:00 0 
7fc2ebbdb000-7fc2ec2c8000 r--p 00000000 08:01 403488                     /usr/lib/locale/locale-archive
7fc2ec2c8000-7fc2ec2cb000 ---p 00000000 00:00 0 
7fc2ec2cb000-7fc2ec3c9000 rw-p 00000000 00:00 0 
7fc2ec3c9000-7fc2ec3cc000 ---p 00000000 00:00 0 
7fc2ec3cc000-7fc2ec4ca000 rw-p 00000000 00:00 0 
7fc2ec4ca000-7fc2ec4cb000 ---p 00000000 00:00 0 
7fc2ec4cb000-7fc2ec93a000 rw-p 00000000 00:00 0 
7fc2ec93a000-7fc2ecae8000 r--s 03e76000 08:01 396788                     /usr/lib/jvm/java-7-openjdk-amd64/jre/lib/rt.jar
7fc2ecae8000-7fc2ecb10000 rw-p 00000000 00:00 0 
7fc2ecb10000-7fc2ecb11000 ---p 00000000 00:00 0 
7fc2ecb11000-7fc2ecc11000 rw-p 00000000 00:00 0 
7fc2ecc11000-7fc2ecc12000 ---p 00000000 00:00 0 
7fc2ecc12000-7fc2ecd1d000 rw-p 00000000 00:00 0 
7fc2ecd1d000-7fc2ecd65000 rw-p 00000000 00:00 0 
7fc2ecd65000-7fc2ecd7a000 rw-p 00000000 00:00 0 
7fc2ecd7a000-7fc2eceb0000 rw-p 00000000 00:00 0 
7fc2eceb0000-7fc2ecebb000 rw-p 00000000 00:00 0 
7fc2ecebb000-7fc2ecf03000 rw-p 00000000 00:00 0 
7fc2ecf03000-7fc2ecf18000 rw-p 00000000 00:00 0 
7fc2ecf18000-7fc2ed04d000 rw-p 00000000 00:00 0 
7fc2ed04d000-7fc2ed058000 rw-p 00000000 00:00 0 
7fc2ed058000-7fc2ed0f3000 rw-p 00000000 00:00 0 
7fc2ed0f3000-7fc2ed0f4000 rw-p 00000000 00:00 0 
7fc2ed0f4000-7fc2ed364000 rwxp 00000000 00:00 0 
7fc2ed364000-7fc2f00f4000 rw-p 00000000 00:00 0 
7fc2f00f4000-7fc2f00fc000 r-xp 00000000 08:01 399895                     /usr/lib/jvm/java-7-openjdk-amd64/jre/lib/amd64/libzip.so
7fc2f00fc000-7fc2f02fb000 ---p 00008000 08:01 399895                     /usr/lib/jvm/java-7-openjdk-amd64/jre/lib/amd64/libzip.so
7fc2f02fb000-7fc2f02fc000 r--p 00007000 08:01 399895                     /usr/lib/jvm/java-7-openjdk-amd64/jre/lib/amd64/libzip.so
7fc2f02fc000-7fc2f02fd000 rw-p 00008000 08:01 399895                     /usr/lib/jvm/java-7-openjdk-amd64/jre/lib/amd64/libzip.so
7fc2f02fd000-7fc2f0309000 r-xp 00000000 08:01 134596                     /lib/x86_64-linux-gnu/libnss_files-2.13.so
7fc2f0309000-7fc2f0508000 ---p 0000c000 08:01 134596                     /lib/x86_64-linux-gnu/libnss_files-2.13.so
7fc2f0508000-7fc2f0509000 r--p 0000b000 08:01 134596                     /lib/x86_64-linux-gnu/libnss_files-2.13.so
7fc2f0509000-7fc2f050a000 rw-p 0000c000 08:01 134596                     /lib/x86_64-linux-gnu/libnss_files-2.13.so
7fc2f050a000-7fc2f0514000 r-xp 00000000 08:01 134607                     /lib/x86_64-linux-gnu/libnss_nis-2.13.so
7fc2f0514000-7fc2f0714000 ---p 0000a000 08:01 134607                     /lib/x86_64-linux-gnu/libnss_nis-2.13.so
7fc2f0714000-7fc2f0715000 r--p 0000a000 08:01 134607                     /lib/x86_64-linux-gnu/libnss_nis-2.13.so
7fc2f0715000-7fc2f0716000 rw-p 0000b000 08:01 134607                     /lib/x86_64-linux-gnu/libnss_nis-2.13.so
7fc2f0716000-7fc2f072d000 r-xp 00000000 08:01 134591                     /lib/x86_64-linux-gnu/libnsl-2.13.so
7fc2f072d000-7fc2f092c000 ---p 00017000 08:01 134591                     /lib/x86_64-linux-gnu/libnsl-2.13.so
7fc2f092c000-7fc2f092d000 r--p 00016000 08:01 134591                     /lib/x86_64-linux-gnu/libnsl-2.13.so
7fc2f092d000-7fc2f092e000 rw-p 00017000 08:01 134591                     /lib/x86_64-linux-gnu/libnsl-2.13.so
7fc2f092e000-7fc2f0930000 rw-p 00000000 00:00 0 
7fc2f0930000-7fc2f0938000 r-xp 00000000 08:01 134588                     /lib/x86_64-linux-gnu/libnss_compat-2.13.so
7fc2f0938000-7fc2f0b37000 ---p 00008000 08:01 134588                     /lib/x86_64-linux-gnu/libnss_compat-2.13.so
7fc2f0b37000-7fc2f0b38000 r--p 00007000 08:01 134588                     /lib/x86_64-linux-gnu/libnss_compat-2.13.so
7fc2f0b38000-7fc2f0b39000 rw-p 00008000 08:01 134588                     /lib/x86_64-linux-gnu/libnss_compat-2.13.so
7fc2f0b39000-7fc2f0b62000 r-xp 00000000 08:01 398578                     /usr/lib/jvm/java-7-openjdk-amd64/jre/lib/amd64/libjava.so
7fc2f0b62000-7fc2f0d61000 ---p 00029000 08:01 398578                     /usr/lib/jvm/java-7-openjdk-amd64/jre/lib/amd64/libjava.so
7fc2f0d61000-7fc2f0d62000 r--p 00028000 08:01 398578                     /usr/lib/jvm/java-7-openjdk-amd64/jre/lib/amd64/libjava.so
7fc2f0d62000-7fc2f0d64000 rw-p 00029000 08:01 398578                     /usr/lib/jvm/java-7-openjdk-amd64/jre/lib/amd64/libjava.so
7fc2f0d64000-7fc2f0d72000 r-xp 00000000 08:01 399894                     /usr/lib/jvm/java-7-openjdk-amd64/jre/lib/amd64/libverify.so
7fc2f0d72000-7fc2f0f71000 ---p 0000e000 08:01 399894                     /usr/lib/jvm/java-7-openjdk-amd64/jre/lib/amd64/libverify.so
7fc2f0f71000-7fc2f0f73000 r--p 0000d000 08:01 399894                     /usr/lib/jvm/java-7-openjdk-amd64/jre/lib/amd64/libverify.so
7fc2f0f73000-7fc2f0f74000 rw-p 0000f000 08:01 399894                     /usr/lib/jvm/java-7-openjdk-amd64/jre/lib/amd64/libverify.so
7fc2f0f74000-7fc2f0f7b000 r-xp 00000000 08:01 134577                     /lib/x86_64-linux-gnu/librt-2.13.so
7fc2f0f7b000-7fc2f117a000 ---p 00007000 08:01 134577                     /lib/x86_64-linux-gnu/librt-2.13.so
7fc2f117a000-7fc2f117b000 r--p 00006000 08:01 134577                     /lib/x86_64-linux-gnu/librt-2.13.so
7fc2f117b000-7fc2f117c000 rw-p 00007000 08:01 134577                     /lib/x86_64-linux-gnu/librt-2.13.so
7fc2f117c000-7fc2f1191000 r-xp 00000000 08:01 131748                     /lib/x86_64-linux-gnu/libgcc_s.so.1
7fc2f1191000-7fc2f1390000 ---p 00015000 08:01 131748                     /lib/x86_64-linux-gnu/libgcc_s.so.1
7fc2f1390000-7fc2f1391000 r--p 00014000 08:01 131748                     /lib/x86_64-linux-gnu/libgcc_s.so.1
7fc2f1391000-7fc2f1392000 rw-p 00015000 08:01 131748                     /lib/x86_64-linux-gnu/libgcc_s.so.1
7fc2f1392000-7fc2f1415000 r-xp 00000000 08:01 134673                     /lib/x86_64-linux-gnu/libm-2.13.so
7fc2f1415000-7fc2f1614000 ---p 00083000 08:01 134673                     /lib/x86_64-linux-gnu/libm-2.13.so
7fc2f1614000-7fc2f1615000 r--p 00082000 08:01 134673                     /lib/x86_64-linux-gnu/libm-2.13.so
7fc2f1615000-7fc2f1616000 rw-p 00083000 08:01 134673                     /lib/x86_64-linux-gnu/libm-2.13.so
7fc2f1616000-7fc2f16fe000 r-xp 00000000 08:01 398097                     /usr/lib/x86_64-linux-gnu/libstdc++.so.6.0.16
7fc2f16fe000-7fc2f18fe000 ---p 000e8000 08:01 398097                     /usr/lib/x86_64-linux-gnu/libstdc++.so.6.0.16
7fc2f18fe000-7fc2f1906000 r--p 000e8000 08:01 398097                     /usr/lib/x86_64-linux-gnu/libstdc++.so.6.0.16
7fc2f1906000-7fc2f1908000 rw-p 000f0000 08:01 398097                     /usr/lib/x86_64-linux-gnu/libstdc++.so.6.0.16
7fc2f1908000-7fc2f191d000 rw-p 00000000 00:00 0 
7fc2f191d000-7fc2f22a4000 r-xp 00000000 08:01 399897                     /usr/lib/jvm/java-7-openjdk-amd64/jre/lib/amd64/server/libjvm.so
7fc2f22a4000-7fc2f24a3000 ---p 00987000 08:01 399897                     /usr/lib/jvm/java-7-openjdk-amd64/jre/lib/amd64/server/libjvm.so
7fc2f24a3000-7fc2f2521000 r--p 00986000 08:01 399897                     /usr/lib/jvm/java-7-openjdk-amd64/jre/lib/amd64/server/libjvm.so
7fc2f2521000-7fc2f253c000 rw-p 00a04000 08:01 399897                     /usr/lib/jvm/java-7-openjdk-amd64/jre/lib/amd64/server/libjvm.so
7fc2f253c000-7fc2f2567000 rw-p 00000000 00:00 0 
7fc2f2567000-7fc2f257f000 r-xp 00000000 08:01 134606                     /lib/x86_64-linux-gnu/libpthread-2.13.so
7fc2f257f000-7fc2f277e000 ---p 00018000 08:01 134606                     /lib/x86_64-linux-gnu/libpthread-2.13.so
7fc2f277e000-7fc2f277f000 r--p 00017000 08:01 134606                     /lib/x86_64-linux-gnu/libpthread-2.13.so
7fc2f277f000-7fc2f2780000 rw-p 00018000 08:01 134606                     /lib/x86_64-linux-gnu/libpthread-2.13.so
7fc2f2780000-7fc2f2784000 rw-p 00000000 00:00 0 
7fc2f2784000-7fc2f279b000 r-xp 00000000 08:01 139905                     /lib/x86_64-linux-gnu/libz.so.1.2.3.4
7fc2f279b000-7fc2f299a000 ---p 00017000 08:01 139905                     /lib/x86_64-linux-gnu/libz.so.1.2.3.4
7fc2f299a000-7fc2f299b000 r--p 00016000 08:01 139905                     /lib/x86_64-linux-gnu/libz.so.1.2.3.4
7fc2f299b000-7fc2f299c000 rw-p 00017000 08:01 139905                     /lib/x86_64-linux-gnu/libz.so.1.2.3.4
7fc2f299c000-7fc2f299e000 r-xp 00000000 08:01 134594                     /lib/x86_64-linux-gnu/libdl-2.13.so
7fc2f299e000-7fc2f2b9e000 ---p 00002000 08:01 134594                     /lib/x86_64-linux-gnu/libdl-2.13.so
7fc2f2b9e000-7fc2f2b9f000 r--p 00002000 08:01 134594                     /lib/x86_64-linux-gnu/libdl-2.13.so
7fc2f2b9f000-7fc2f2ba0000 rw-p 00003000 08:01 134594                     /lib/x86_64-linux-gnu/libdl-2.13.so
7fc2f2ba0000-7fc2f2d35000 r-xp 00000000 08:01 134593                     /lib/x86_64-linux-gnu/libc-2.13.so
7fc2f2d35000-7fc2f2f34000 ---p 00195000 08:01 134593                     /lib/x86_64-linux-gnu/libc-2.13.so
7fc2f2f34000-7fc2f2f38000 r--p 00194000 08:01 134593                     /lib/x86_64-linux-gnu/libc-2.13.so
7fc2f2f38000-7fc2f2f39000 rw-p 00198000 08:01 134593                     /lib/x86_64-linux-gnu/libc-2.13.so
7fc2f2f39000-7fc2f2f3f000 rw-p 00000000 00:00 0 
7fc2f2f3f000-7fc2f2f4b000 r-xp 00000000 08:01 397479                     /usr/lib/jvm/java-7-openjdk-amd64/jre/lib/amd64/jli/libjli.so
7fc2f2f4b000-7fc2f314a000 ---p 0000c000 08:01 397479                     /usr/lib/jvm/java-7-openjdk-amd64/jre/lib/amd64/jli/libjli.so
7fc2f314a000-7fc2f314b000 r--p 0000b000 08:01 397479                     /usr/lib/jvm/java-7-openjdk-amd64/jre/lib/amd64/jli/libjli.so
7fc2f314b000-7fc2f314c000 rw-p 0000c000 08:01 397479                     /usr/lib/jvm/java-7-openjdk-amd64/jre/lib/amd64/jli/libjli.so
7fc2f314c000-7fc2f316d000 r-xp 00000000 08:01 134600                     /lib/x86_64-linux-gnu/ld-2.13.so
7fc2f316d000-7fc2f3171000 r--s 0009f000 08:01 396465                     /usr/lib/jvm/java-7-openjdk-common/jre/lib/jsse.jar
7fc2f3171000-7fc2f317a000 r--s 00263000 08:01 396683                     /usr/lib/jvm/java-7-openjdk-common/jre/lib/resources.jar
7fc2f317a000-7fc2f3181000 r--s 00000000 08:01 663199                     /usr/lib/x86_64-linux-gnu/gconv/gconv-modules.cache
7fc2f3181000-7fc2f318b000 rw-p 00000000 00:00 0 
7fc2f318b000-7fc2f3241000 rw-p 00000000 00:00 0 
7fc2f3241000-7fc2f3244000 ---p 00000000 00:00 0 
7fc2f3244000-7fc2f3347000 rw-p 00000000 00:00 0 
7fc2f3348000-7fc2f3349000 r--p 00000000 00:00 0 
7fc2f3349000-7fc2f334c000 r--s 00032000 08:01 395025                     /usr/lib/jvm/java-7-openjdk-common/jre/lib/ext/sunjce_provider.jar
7fc2f334c000-7fc2f334f000 r--s 00085000 08:01 395002                     /usr/lib/jvm/java-7-openjdk-common/jre/lib/ext/localedata.jar
7fc2f334f000-7fc2f3350000 r--s 00002000 08:01 394906                     /usr/lib/jvm/java-7-openjdk-common/jre/lib/ext/dnsns.jar
7fc2f3350000-7fc2f3353000 r--s 0003c000 08:01 394890                     /usr/lib/jvm/java-7-openjdk-common/jre/lib/ext/sunpkcs11.jar
7fc2f3353000-7fc2f3355000 r--s 00012000 08:01 395160                     /usr/lib/jvm/java-7-openjdk-common/jre/lib/ext/zipfs.jar
7fc2f3355000-7fc2f3358000 r--s 0000f000 08:01 395194                     /usr/lib/jvm/java-7-openjdk-common/jre/lib/ext/pulse-java.jar
7fc2f3358000-7fc2f3360000 r--s 00066000 08:01 676447                     /usr/share/java/gnome-java-bridge.jar
7fc2f3360000-7fc2f3368000 rw-s 00000000 08:01 268525                     /tmp/hsperfdata_guillaume/4136
7fc2f3368000-7fc2f3369000 rw-p 00000000 00:00 0 
7fc2f3369000-7fc2f336a000 r--p 00000000 00:00 0 
7fc2f336a000-7fc2f336c000 rw-p 00000000 00:00 0 
7fc2f336c000-7fc2f336d000 r--p 00020000 08:01 134600                     /lib/x86_64-linux-gnu/ld-2.13.so
7fc2f336d000-7fc2f336f000 rw-p 00021000 08:01 134600                     /lib/x86_64-linux-gnu/ld-2.13.so
7fff49aef000-7fff49b10000 rw-p 00000000 00:00 0                          [stack]
7fff49b13000-7fff49b14000 r-xp 00000000 00:00 0                          [vdso]
ffffffffff600000-ffffffffff601000 r-xp 00000000 00:00 0                  [vsyscall]

VM Arguments:
jvm_args: -Dfile.encoding=UTF-8 
java_command: main.Main -Xms1024M -Xmx1024M
Launcher Type: SUN_STANDARD

Environment Variables:
PATH=/usr/lib/lightdm/lightdm:/usr/local/sbin:/usr/local/bin:/usr/sbin:/usr/bin:/sbin:/bin:/usr/games
USERNAME=guillaume
SHELL=/bin/bash
DISPLAY=:0

Signal Handlers:
SIGSEGV: [libjvm.so+0x7fca30], sa_mask[0]=0x7ffbfeff, sa_flags=0x10000004
SIGBUS: [libjvm.so+0x7fca30], sa_mask[0]=0x7ffbfeff, sa_flags=0x10000004
SIGFPE: [libjvm.so+0x6a1150], sa_mask[0]=0x7ffbfeff, sa_flags=0x10000004
SIGPIPE: [libjvm.so+0x6a1150], sa_mask[0]=0x7ffbfeff, sa_flags=0x10000004
SIGXFSZ: [libjvm.so+0x6a1150], sa_mask[0]=0x7ffbfeff, sa_flags=0x10000004
SIGILL: [libjvm.so+0x6a1150], sa_mask[0]=0x7ffbfeff, sa_flags=0x10000004
SIGUSR1: SIG_DFL, sa_mask[0]=0x00000000, sa_flags=0x00000000
SIGUSR2: [libjvm.so+0x6a1520], sa_mask[0]=0x00000004, sa_flags=0x10000004
SIGHUP: [libjvm.so+0x6a1660], sa_mask[0]=0x7ffbfeff, sa_flags=0x10000004
SIGINT: SIG_IGN, sa_mask[0]=0x00000000, sa_flags=0x00000000
SIGTERM: [libjvm.so+0x6a1660], sa_mask[0]=0x7ffbfeff, sa_flags=0x10000004
SIGQUIT: [libjvm.so+0x6a1660], sa_mask[0]=0x7ffbfeff, sa_flags=0x10000004


---------------  S Y S T E M  ---------------

OS:Ubuntu 11.10 (oneiric)
uname:Linux 3.0.0-12-generic #20-Ubuntu SMP Fri Oct 7 14:56:25 UTC 2011 x86_64
libc:glibc 2.13 NPTL 2.13 
rlimit: STACK 8192k, CORE 0k, NPROC 31562, NOFILE 4096, AS infinity
load average:0,83 0,50 0,34

/proc/meminfo:
MemTotal:        4055792 kB
MemFree:         1530396 kB
Buffers:           99900 kB
Cached:           909028 kB
SwapCached:            0 kB
Active:          1724324 kB
Inactive:         595660 kB
Active(anon):    1313008 kB
Inactive(anon):    12936 kB
Active(file):     411316 kB
Inactive(file):   582724 kB
Unevictable:          32 kB
Mlocked:              32 kB
SwapTotal:             0 kB
SwapFree:              0 kB
Dirty:               272 kB
Writeback:             0 kB
AnonPages:       1311132 kB
Mapped:           169996 kB
Shmem:             14948 kB
Slab:              75440 kB
SReclaimable:      50540 kB
SUnreclaim:        24900 kB
KernelStack:        3384 kB
PageTables:        28164 kB
NFS_Unstable:          0 kB
Bounce:                0 kB
WritebackTmp:          0 kB
CommitLimit:     2027896 kB
Committed_AS:    3197620 kB
VmallocTotal:   34359738367 kB
VmallocUsed:      109104 kB
VmallocChunk:   34359619580 kB
HardwareCorrupted:     0 kB
AnonHugePages:         0 kB
HugePages_Total:       0
HugePages_Free:        0
HugePages_Rsvd:        0
HugePages_Surp:        0
Hugepagesize:       2048 kB
DirectMap4k:       93120 kB
DirectMap2M:     4100096 kB


CPU:total 2 (2 cores per cpu, 1 threads per core) family 6 model 15 stepping 13, cmov, cx8, fxsr, mmx, sse, sse2, sse3, ssse3

Memory: 4k page, physical 4055792k(1530396k free), swap 0k(0k free)

vm_info: OpenJDK 64-Bit Server VM (21.0-b17) for linux-amd64 JRE (1.7.0_147-b147), built on Sep 30 2011 00:36:33 by "buildd" with gcc 4.6.1

time: Thu Nov 10 20:31:35 2011
elapsed time: 1 seconds

