#
# A fatal error has been detected by the Java Runtime Environment:
#
#  SIGSEGV (0xb) at pc=0x00007f335cd0e1f8, pid=12336, tid=139858860447488
#
# JRE version: 7.0_147-b147
# Java VM: OpenJDK 64-Bit Server VM (21.0-b17 mixed mode linux-amd64 compressed oops)
# Derivative: IcedTea7 2.0pre
# Distribution: Ubuntu oneiric (development branch), package 7~b147-2.0~pre6-1ubuntu1
# Problematic frame:
# C  [liblcms2.so.2+0x121f8]  cmsSaveProfileToIOhandler+0x38
#
# Failed to write core dump. Core dumps have been disabled. To enable core dumping, try "ulimit -c unlimited" before starting Java again
#
# If you would like to submit a bug report, please include
# instructions on how to reproduce the bug and visit:
#   https://bugs.launchpad.net/ubuntu/+source/openjdk-7/
# The crash happened outside the Java Virtual Machine in native code.
# See problematic frame for where to report the bug.
#

---------------  T H R E A D  ---------------

Current thread (0x0000000000a6b800):  JavaThread "main" [_thread_in_native, id=12338, stack(0x00007f336da21000,0x00007f336db22000)]

siginfo:si_signo=SIGSEGV: si_errno=0, si_code=1 (SEGV_MAPERR), si_addr=0x0000000000000000

Registers:
RAX=0x0000000000000000, RBX=0x0000000000000000, RCX=0x00000000000001d4, RDX=0x00007f336db1fa4c
RSP=0x00007f336db1eb20, RBP=0x0000000000000000, RSI=0x0000000000000000, RDI=0x00007f336db1eb20
R8 =0x00007f3358266780, R9 =0x00007f336d4afec7, R10=0x00007f33678e6557, R11=0x00007f336d4e3df0
R12=0x00007f336db1fa4c, R13=0x0000000000000000, R14=0x0000000000000000, R15=0x0000000000a6b800
RIP=0x00007f335cd0e1f8, EFLAGS=0x0000000000010246, CSGSFS=0x0000000000000033, ERR=0x0000000000000004
  TRAPNO=0x000000000000000e

Top of Stack: (sp=0x00007f336db1eb20)
0x00007f336db1eb20:   00007f33582690e0 00007f335cd0ccef
0x00007f336db1eb30:   0000000000000c48 00007f3358000020
0x00007f336db1eb40:   000000000000000e 000000000000080c
0x00007f336db1eb50:   00007f3300000000 00007f3358000020
0x00007f336db1eb60:   000000000000000e 00007f335cd13754
0x00007f336db1eb70:   00007f336db1effc d8e8d94279c60100
0x00007f336db1eb80:   00007f33582690e0 00007f335826786c
0x00007f336db1eb90:   000000000000000e 00007f335cd0cebf
0x00007f336db1eba0:   4247527320434549 0000000000000000
0x00007f336db1ebb0:   00007f3358269380 2dd3000000000100
0x00007f336db1ebc0:   0000080c000004c4 00007f3358000020
0x00007f336db1ebd0:   00007f3300000000 00007f3358269230
0x00007f336db1ebe0:   0000000000000c48 00007f33582676e8
0x00007f336db1ebf0:   0000000000000011 00007f336d3fcd7c
0x00007f336db1ec00:   00007f3358269230 00007f335cd0ce2c
0x00007f336db1ec10:   00007f3358267490 00007f335cd0e3ae
0x00007f336db1ec20:   00007f3358268340 0000000000000000
0x00007f336db1ec30:   0000003100000000 0000000900000006
0x00007f336db1ec40:   0000006200000001 ffffffffffffffff
0x00007f336db1ec50:   0000000000000000 0000000000000000
0x00007f336db1ec60:   00007f336d4dc689 6d6e747202100000
0x00007f336db1ec70:   58595a2052474220 00000000000000b0
0x00007f336db1ec80:   7352474249454320 0000000000000000
0x00007f336db1ec90:   0000000000000000 0000000000000000
0x00007f336db1eca0:   6370727400000011 00007f3358000020
0x00007f336db1ecb0:   00007f335825a540 000000000000007c
0x00007f336db1ecc0:   00007f336db1f1e0 00007f336db1f4a0
0x00007f336db1ecd0:   00007f336d94685b 00007f336d3fc77d
0x00007f336db1ece0:   6254524300000000 000000000000003f
0x00007f336db1ecf0:   00007f335825a540 0000000000000000
0x00007f336db1ed00:   00007f335826674d 00007f336d93a7e1
0x00007f336db1ed10:   0000000000000000 0000000000000000 

Instructions: (pc=0x00007f335cd0e1f8)
0x00007f335cd0e1d8:   48 89 de 48 81 ec b8 0e 00 00 64 48 8b 04 25 28
0x00007f335cd0e1e8:   00 00 00 48 89 84 24 a8 0e 00 00 31 c0 48 89 e7
0x00007f335cd0e1f8:   f3 48 a5 48 89 df e8 1d f6 ff ff 48 89 c7 e8 65
0x00007f335cd0e208:   f0 ff ff 48 85 c0 49 89 c4 48 89 03 74 0e 31 f6 

Register to memory mapping:

RAX=0x0000000000000000 is an unknown value
RBX=0x0000000000000000 is an unknown value
RCX=0x00000000000001d4 is an unknown value
RDX=0x00007f336db1fa4c is pointing into the stack for thread: 0x0000000000a6b800
RSP=0x00007f336db1eb20 is pointing into the stack for thread: 0x0000000000a6b800
RBP=0x0000000000000000 is an unknown value
RSI=0x0000000000000000 is an unknown value
RDI=0x00007f336db1eb20 is pointing into the stack for thread: 0x0000000000a6b800
R8 =0x00007f3358266780 is an unknown value
R9 =0x00007f336d4afec7: <offset 0x12fec7> in /lib/x86_64-linux-gnu/libc.so.6 at 0x00007f336d380000
R10=0x00007f33678e6557 is an Interpreter codelet
method entry point (kind = native_synchronized)  [0x00007f33678e6180, 0x00007f33678e6b40]  2496 bytes
R11=0x00007f336d4e3df0: <offset 0x163df0> in /lib/x86_64-linux-gnu/libc.so.6 at 0x00007f336d380000
R12=0x00007f336db1fa4c is pointing into the stack for thread: 0x0000000000a6b800
R13=0x0000000000000000 is an unknown value
R14=0x0000000000000000 is an unknown value
R15=0x0000000000a6b800 is a thread


Stack: [0x00007f336da21000,0x00007f336db22000],  sp=0x00007f336db1eb20,  free space=1014k
Native frames: (J=compiled Java code, j=interpreted, Vv=VM code, C=native code)
C  [liblcms2.so.2+0x121f8]  cmsSaveProfileToIOhandler+0x38

[error occurred during error reporting (printing native stack), id 0xb]

Java frames: (J=compiled Java code, j=interpreted, Vv=VM code)
j  sun.java2d.cmm.lcms.LCMS.getTagData(JI[B)V+0
j  java.awt.color.ICC_Profile.getData(JI)[B+26
j  java.awt.color.ICC_Profile.getData(I)[B+14
j  java.awt.color.ICC_Profile.getNumComponents()I+18
j  sun.java2d.cmm.lcms.LCMSTransform.<init>(Ljava/awt/color/ICC_Profile;II)V+83
j  sun.java2d.cmm.lcms.LCMS.createTransform(Ljava/awt/color/ICC_Profile;II)Lsun/java2d/cmm/ColorTransform;+7
j  java.awt.color.ICC_ColorSpace.fromRGB([F)[F+37
j  com.sun.imageio.plugins.jpeg.JPEGImageReader.setImageData(IIIII[B)V+158
v  ~StubRoutines::call_stub
j  com.sun.imageio.plugins.jpeg.JPEGImageReader.readImageHeader(JZZ)Z+0
j  com.sun.imageio.plugins.jpeg.JPEGImageReader.readNativeHeader(Z)Z+12
j  com.sun.imageio.plugins.jpeg.JPEGImageReader.checkTablesOnly()V+92
j  com.sun.imageio.plugins.jpeg.JPEGImageReader.gotoImage(I)V+41
j  com.sun.imageio.plugins.jpeg.JPEGImageReader.readHeader(IZ)V+2
j  com.sun.imageio.plugins.jpeg.JPEGImageReader.readInternal(ILjavax/imageio/ImageReadParam;Z)Ljava/awt/image/Raster;+3
j  com.sun.imageio.plugins.jpeg.JPEGImageReader.read(ILjavax/imageio/ImageReadParam;)Ljava/awt/image/BufferedImage;+8
j  javax.imageio.ImageIO.read(Ljavax/imageio/stream/ImageInputStream;)Ljava/awt/image/BufferedImage;+55
j  javax.imageio.ImageIO.read(Ljava/io/InputStream;)Ljava/awt/image/BufferedImage;+20
j  content.ImageBank.<init>()V+118
j  main.Main.main([Ljava/lang/String;)V+4
v  ~StubRoutines::call_stub

---------------  P R O C E S S  ---------------

Java Threads: ( => current thread )
  0x00007f335822f000 JavaThread "Thread-0" [_thread_blocked, id=12358, stack(0x00007f335d59e000,0x00007f335d69f000)]
  0x00007f335822d800 JavaThread "AWT-EventQueue-0" [_thread_in_vm, id=12357, stack(0x00007f335d69f000,0x00007f335d7a0000)]
  0x00007f335816e800 JavaThread "AWT-Shutdown" [_thread_blocked, id=12356, stack(0x00007f335de36000,0x00007f335df37000)]
  0x00007f33580dd800 JavaThread "process reaper" daemon [_thread_blocked, id=12354, stack(0x00007f335df37000,0x00007f335df51000)]
  0x00007f33580b8000 JavaThread "AWT-XAWT" daemon [_thread_in_native, id=12352, stack(0x00007f335df51000,0x00007f335e052000)]
  0x00007f3358071800 JavaThread "Java2D Disposer" daemon [_thread_blocked, id=12351, stack(0x00007f335e052000,0x00007f335e153000)]
  0x0000000000b6e800 JavaThread "Service Thread" daemon [_thread_blocked, id=12349, stack(0x00007f3365fb7000,0x00007f33660b8000)]
  0x0000000000b6b800 JavaThread "C2 CompilerThread1" daemon [_thread_blocked, id=12348, stack(0x00007f33660b8000,0x00007f33661b9000)]
  0x0000000000b68800 JavaThread "C2 CompilerThread0" daemon [_thread_blocked, id=12347, stack(0x00007f33661b9000,0x00007f33662ba000)]
  0x0000000000b66800 JavaThread "Signal Dispatcher" daemon [_thread_blocked, id=12346, stack(0x00007f33662ba000,0x00007f33663bb000)]
  0x0000000000b09000 JavaThread "Finalizer" daemon [_thread_blocked, id=12345, stack(0x00007f3366aa8000,0x00007f3366ba9000)]
  0x0000000000b06800 JavaThread "Reference Handler" daemon [_thread_blocked, id=12344, stack(0x00007f3366ba9000,0x00007f3366caa000)]
=>0x0000000000a6b800 JavaThread "main" [_thread_in_native, id=12338, stack(0x00007f336da21000,0x00007f336db22000)]

Other Threads:
  0x0000000000afe800 VMThread [stack: 0x00007f3366caa000,0x00007f3366dab000] [id=12343]
  0x0000000000b79800 WatcherThread [stack: 0x00007f3365eb6000,0x00007f3365fb7000] [id=12350]

VM state:not at safepoint (normal execution)

VM Mutex/Monitor currently owned by a thread: None

Heap
 PSYoungGen      total 18496K, used 6845K [0x00000000eb560000, 0x00000000eca00000, 0x0000000100000000)
  eden space 15872K, 43% used [0x00000000eb560000,0x00000000ebc0f768,0x00000000ec4e0000)
  from space 2624K, 0% used [0x00000000ec770000,0x00000000ec770000,0x00000000eca00000)
  to   space 2624K, 0% used [0x00000000ec4e0000,0x00000000ec4e0000,0x00000000ec770000)
 PSOldGen        total 42304K, used 0K [0x00000000c2000000, 0x00000000c4950000, 0x00000000eb560000)
  object space 42304K, 0% used [0x00000000c2000000,0x00000000c2000000,0x00000000c4950000)
 PSPermGen       total 21248K, used 11226K [0x00000000b7a00000, 0x00000000b8ec0000, 0x00000000c2000000)
  object space 21248K, 52% used [0x00000000b7a00000,0x00000000b84f6800,0x00000000b8ec0000)

Code Cache  [0x00007f33678d4000, 0x00007f3367b44000, 0x00007f336a8d4000)
 total_blobs=446 nmethods=14 adapters=385 free_code_cache=48609Kb largest_free_block=49764480

Dynamic libraries:
00400000-00401000 r-xp 00000000 08:01 400896                             /usr/lib/jvm/java-7-openjdk-amd64/jre/bin/java
00600000-00601000 r--p 00000000 08:01 400896                             /usr/lib/jvm/java-7-openjdk-amd64/jre/bin/java
00601000-00602000 rw-p 00001000 08:01 400896                             /usr/lib/jvm/java-7-openjdk-amd64/jre/bin/java
00a61000-00e49000 rw-p 00000000 00:00 0                                  [heap]
b7a00000-b8ec0000 rw-p 00000000 00:00 0 
b8ec0000-c2000000 rw-p 00000000 00:00 0 
c2000000-c4950000 rw-p 00000000 00:00 0 
c4950000-eb560000 rw-p 00000000 00:00 0 
eb560000-eca00000 rw-p 00000000 00:00 0 
eca00000-100000000 rw-p 00000000 00:00 0 
7f3358000000-7f335826a000 rw-p 00000000 00:00 0 
7f335826a000-7f335c000000 ---p 00000000 00:00 0 
7f335ccfc000-7f335cd42000 r-xp 00000000 08:01 406696                     /usr/lib/x86_64-linux-gnu/liblcms2.so.2.0.2
7f335cd42000-7f335cf41000 ---p 00046000 08:01 406696                     /usr/lib/x86_64-linux-gnu/liblcms2.so.2.0.2
7f335cf41000-7f335cf42000 r--p 00045000 08:01 406696                     /usr/lib/x86_64-linux-gnu/liblcms2.so.2.0.2
7f335cf42000-7f335cf46000 rw-p 00046000 08:01 406696                     /usr/lib/x86_64-linux-gnu/liblcms2.so.2.0.2
7f335cf46000-7f335cf47000 rw-p 00000000 00:00 0 
7f335cf47000-7f335cf4b000 r-xp 00000000 08:01 398964                     /usr/lib/jvm/java-7-openjdk-amd64/jre/lib/amd64/libjavalcms.so
7f335cf4b000-7f335d14a000 ---p 00004000 08:01 398964                     /usr/lib/jvm/java-7-openjdk-amd64/jre/lib/amd64/libjavalcms.so
7f335d14a000-7f335d14b000 r--p 00003000 08:01 398964                     /usr/lib/jvm/java-7-openjdk-amd64/jre/lib/amd64/libjavalcms.so
7f335d14b000-7f335d14c000 rw-p 00004000 08:01 398964                     /usr/lib/jvm/java-7-openjdk-amd64/jre/lib/amd64/libjavalcms.so
7f335d14c000-7f335d170000 r-xp 00000000 08:01 406680                     /usr/lib/x86_64-linux-gnu/libjpeg.so.62.0.0
7f335d170000-7f335d36f000 ---p 00024000 08:01 406680                     /usr/lib/x86_64-linux-gnu/libjpeg.so.62.0.0
7f335d36f000-7f335d370000 r--p 00023000 08:01 406680                     /usr/lib/x86_64-linux-gnu/libjpeg.so.62.0.0
7f335d370000-7f335d371000 rw-p 00024000 08:01 406680                     /usr/lib/x86_64-linux-gnu/libjpeg.so.62.0.0
7f335d394000-7f335d39d000 r-xp 00000000 08:01 398665                     /usr/lib/jvm/java-7-openjdk-amd64/jre/lib/amd64/libjavajpeg.so
7f335d39d000-7f335d59c000 ---p 00009000 08:01 398665                     /usr/lib/jvm/java-7-openjdk-amd64/jre/lib/amd64/libjavajpeg.so
7f335d59c000-7f335d59d000 r--p 00008000 08:01 398665                     /usr/lib/jvm/java-7-openjdk-amd64/jre/lib/amd64/libjavajpeg.so
7f335d59d000-7f335d59e000 rw-p 00009000 08:01 398665                     /usr/lib/jvm/java-7-openjdk-amd64/jre/lib/amd64/libjavajpeg.so
7f335d59e000-7f335d5a1000 ---p 00000000 00:00 0 
7f335d5a1000-7f335d69f000 rw-p 00000000 00:00 0 
7f335d69f000-7f335d6a2000 ---p 00000000 00:00 0 
7f335d6a2000-7f335d7a0000 rw-p 00000000 00:00 0 
7f335d7a0000-7f335d7b0000 r-xp 00000000 08:01 399340                     /usr/lib/jvm/java-7-openjdk-amd64/jre/lib/amd64/libnio.so
7f335d7b0000-7f335d9af000 ---p 00010000 08:01 399340                     /usr/lib/jvm/java-7-openjdk-amd64/jre/lib/amd64/libnio.so
7f335d9af000-7f335d9b0000 r--p 0000f000 08:01 399340                     /usr/lib/jvm/java-7-openjdk-amd64/jre/lib/amd64/libnio.so
7f335d9b0000-7f335d9b1000 rw-p 00010000 08:01 399340                     /usr/lib/jvm/java-7-openjdk-amd64/jre/lib/amd64/libnio.so
7f335d9b1000-7f335d9e2000 rw-p 00000000 00:00 0 
7f335d9e2000-7f335d9f8000 r-xp 00000000 08:01 399248                     /usr/lib/jvm/java-7-openjdk-amd64/jre/lib/amd64/libnet.so
7f335d9f8000-7f335dbf7000 ---p 00016000 08:01 399248                     /usr/lib/jvm/java-7-openjdk-amd64/jre/lib/amd64/libnet.so
7f335dbf7000-7f335dbf8000 r--p 00015000 08:01 399248                     /usr/lib/jvm/java-7-openjdk-amd64/jre/lib/amd64/libnet.so
7f335dbf8000-7f335dbf9000 rw-p 00016000 08:01 399248                     /usr/lib/jvm/java-7-openjdk-amd64/jre/lib/amd64/libnet.so
7f335dbf9000-7f335dc33000 r-xp 00000000 08:01 398142                     /usr/lib/jvm/java-7-openjdk-amd64/jre/lib/amd64/libfontmanager.so
7f335dc33000-7f335de33000 ---p 0003a000 08:01 398142                     /usr/lib/jvm/java-7-openjdk-amd64/jre/lib/amd64/libfontmanager.so
7f335de33000-7f335de35000 r--p 0003a000 08:01 398142                     /usr/lib/jvm/java-7-openjdk-amd64/jre/lib/amd64/libfontmanager.so
7f335de35000-7f335de36000 rw-p 0003c000 08:01 398142                     /usr/lib/jvm/java-7-openjdk-amd64/jre/lib/amd64/libfontmanager.so
7f335de36000-7f335de39000 ---p 00000000 00:00 0 
7f335de39000-7f335df37000 rw-p 00000000 00:00 0 
7f335df37000-7f335df3a000 ---p 00000000 00:00 0 
7f335df3a000-7f335df51000 rw-p 00000000 00:00 0 
7f335df51000-7f335df54000 ---p 00000000 00:00 0 
7f335df54000-7f335e052000 rw-p 00000000 00:00 0 
7f335e052000-7f335e055000 ---p 00000000 00:00 0 
7f335e055000-7f335e153000 rw-p 00000000 00:00 0 
7f335e153000-7f335e156000 r-xp 00000000 08:01 139849                     /lib/x86_64-linux-gnu/libgpg-error.so.0.8.0
7f335e156000-7f335e355000 ---p 00003000 08:01 139849                     /lib/x86_64-linux-gnu/libgpg-error.so.0.8.0
7f335e355000-7f335e356000 r--p 00002000 08:01 139849                     /lib/x86_64-linux-gnu/libgpg-error.so.0.8.0
7f335e356000-7f335e357000 rw-p 00003000 08:01 139849                     /lib/x86_64-linux-gnu/libgpg-error.so.0.8.0
7f335e357000-7f335e359000 r-xp 00000000 08:01 139851                     /lib/x86_64-linux-gnu/libkeyutils.so.1.3
7f335e359000-7f335e558000 ---p 00002000 08:01 139851                     /lib/x86_64-linux-gnu/libkeyutils.so.1.3
7f335e558000-7f335e559000 r--p 00001000 08:01 139851                     /lib/x86_64-linux-gnu/libkeyutils.so.1.3
7f335e559000-7f335e55a000 rw-p 00002000 08:01 139851                     /lib/x86_64-linux-gnu/libkeyutils.so.1.3
7f335e55a000-7f335e59c000 r-xp 00000000 08:01 135649                     /lib/x86_64-linux-gnu/libdbus-1.so.3.5.7
7f335e59c000-7f335e79b000 ---p 00042000 08:01 135649                     /lib/x86_64-linux-gnu/libdbus-1.so.3.5.7
7f335e79b000-7f335e79c000 r--p 00041000 08:01 135649                     /lib/x86_64-linux-gnu/libdbus-1.so.3.5.7
7f335e79c000-7f335e79d000 rw-p 00042000 08:01 135649                     /lib/x86_64-linux-gnu/libdbus-1.so.3.5.7
7f335e79d000-7f335e817000 r-xp 00000000 08:01 139845                     /lib/x86_64-linux-gnu/libgcrypt.so.11.7.0
7f335e817000-7f335ea17000 ---p 0007a000 08:01 139845                     /lib/x86_64-linux-gnu/libgcrypt.so.11.7.0
7f335ea17000-7f335ea18000 r--p 0007a000 08:01 139845                     /lib/x86_64-linux-gnu/libgcrypt.so.11.7.0
7f335ea18000-7f335ea1b000 rw-p 0007b000 08:01 139845                     /lib/x86_64-linux-gnu/libgcrypt.so.11.7.0
7f335ea1b000-7f335ea2b000 r-xp 00000000 08:01 406788                     /usr/lib/x86_64-linux-gnu/libtasn1.so.3.1.11
7f335ea2b000-7f335ec2a000 ---p 00010000 08:01 406788                     /usr/lib/x86_64-linux-gnu/libtasn1.so.3.1.11
7f335ec2a000-7f335ec2b000 r--p 0000f000 08:01 406788                     /usr/lib/x86_64-linux-gnu/libtasn1.so.3.1.11
7f335ec2b000-7f335ec2c000 rw-p 00010000 08:01 406788                     /usr/lib/x86_64-linux-gnu/libtasn1.so.3.1.11
7f335ec2c000-7f335ec33000 r-xp 00000000 08:01 397002                     /usr/lib/x86_64-linux-gnu/libkrb5support.so.0.1
7f335ec33000-7f335ee32000 ---p 00007000 08:01 397002                     /usr/lib/x86_64-linux-gnu/libkrb5support.so.0.1
7f335ee32000-7f335ee33000 r--p 00006000 08:01 397002                     /usr/lib/x86_64-linux-gnu/libkrb5support.so.0.1
7f335ee33000-7f335ee34000 rw-p 00007000 08:01 397002                     /usr/lib/x86_64-linux-gnu/libkrb5support.so.0.1
7f335ee34000-7f335ee37000 r-xp 00000000 08:01 139827                     /lib/x86_64-linux-gnu/libcom_err.so.2.1
7f335ee37000-7f335f036000 ---p 00003000 08:01 139827                     /lib/x86_64-linux-gnu/libcom_err.so.2.1
7f335f036000-7f335f037000 r--p 00002000 08:01 139827                     /lib/x86_64-linux-gnu/libcom_err.so.2.1
7f335f037000-7f335f038000 rw-p 00003000 08:01 139827                     /lib/x86_64-linux-gnu/libcom_err.so.2.1
7f335f038000-7f335f05e000 r-xp 00000000 08:01 394051                     /usr/lib/x86_64-linux-gnu/libk5crypto.so.3.1
7f335f05e000-7f335f25d000 ---p 00026000 08:01 394051                     /usr/lib/x86_64-linux-gnu/libk5crypto.so.3.1
7f335f25d000-7f335f25f000 r--p 00025000 08:01 394051                     /usr/lib/x86_64-linux-gnu/libk5crypto.so.3.1
7f335f25f000-7f335f260000 rw-p 00027000 08:01 394051                     /usr/lib/x86_64-linux-gnu/libk5crypto.so.3.1
7f335f260000-7f335f31f000 r-xp 00000000 08:01 397018                     /usr/lib/x86_64-linux-gnu/libkrb5.so.3.3
7f335f31f000-7f335f51f000 ---p 000bf000 08:01 397018                     /usr/lib/x86_64-linux-gnu/libkrb5.so.3.3
7f335f51f000-7f335f528000 r--p 000bf000 08:01 397018                     /usr/lib/x86_64-linux-gnu/libkrb5.so.3.3
7f335f528000-7f335f529000 rw-p 000c8000 08:01 397018                     /usr/lib/x86_64-linux-gnu/libkrb5.so.3.3
7f335f529000-7f335f530000 r-xp 00000000 08:01 406811                     /usr/lib/x86_64-linux-gnu/libxcb-render.so.0.0.0
7f335f530000-7f335f730000 ---p 00007000 08:01 406811                     /usr/lib/x86_64-linux-gnu/libxcb-render.so.0.0.0
7f335f730000-7f335f731000 r--p 00007000 08:01 406811                     /usr/lib/x86_64-linux-gnu/libxcb-render.so.0.0.0
7f335f731000-7f335f732000 rw-p 00008000 08:01 406811                     /usr/lib/x86_64-linux-gnu/libxcb-render.so.0.0.0
7f335f732000-7f335f734000 r-xp 00000000 08:01 406815                     /usr/lib/x86_64-linux-gnu/libxcb-shm.so.0.0.0
7f335f734000-7f335f933000 ---p 00002000 08:01 406815                     /usr/lib/x86_64-linux-gnu/libxcb-shm.so.0.0.0
7f335f933000-7f335f934000 r--p 00001000 08:01 406815                     /usr/lib/x86_64-linux-gnu/libxcb-shm.so.0.0.0
7f335f934000-7f335f935000 rw-p 00002000 08:01 406815                     /usr/lib/x86_64-linux-gnu/libxcb-shm.so.0.0.0
7f335f935000-7f335f95b000 r-xp 00000000 08:01 139881                     /lib/x86_64-linux-gnu/libpng12.so.0.46.0
7f335f95b000-7f335fb5a000 ---p 00026000 08:01 139881                     /lib/x86_64-linux-gnu/libpng12.so.0.46.0
7f335fb5a000-7f335fb5b000 r--p 00025000 08:01 139881                     /lib/x86_64-linux-gnu/libpng12.so.0.46.0
7f335fb5b000-7f335fb5c000 rw-p 00026000 08:01 139881                     /lib/x86_64-linux-gnu/libpng12.so.0.46.0
7f335fb5c000-7f335fbca000 r-xp 00000000 08:01 406743                     /usr/lib/x86_64-linux-gnu/libpixman-1.so.0.22.2
7f335fbca000-7f335fdca000 ---p 0006e000 08:01 406743                     /usr/lib/x86_64-linux-gnu/libpixman-1.so.0.22.2
7f335fdca000-7f335fdcf000 r--p 0006e000 08:01 406743                     /usr/lib/x86_64-linux-gnu/libpixman-1.so.0.22.2
7f335fdcf000-7f335fdd0000 rw-p 00073000 08:01 406743                     /usr/lib/x86_64-linux-gnu/libpixman-1.so.0.22.2
7f335fdd0000-7f335fdd5000 r-xp 00000000 08:01 406539                     /usr/lib/x86_64-linux-gnu/libXdmcp.so.6.0.0
7f335fdd5000-7f335ffd4000 ---p 00005000 08:01 406539                     /usr/lib/x86_64-linux-gnu/libXdmcp.so.6.0.0
7f335ffd4000-7f335ffd5000 r--p 00004000 08:01 406539                     /usr/lib/x86_64-linux-gnu/libXdmcp.so.6.0.0
7f335ffd5000-7f335ffd6000 rw-p 00005000 08:01 406539                     /usr/lib/x86_64-linux-gnu/libXdmcp.so.6.0.0
7f335ffd6000-7f335ffd8000 r-xp 00000000 08:01 406531                     /usr/lib/x86_64-linux-gnu/libXau.so.6.0.0
7f335ffd8000-7f33601d7000 ---p 00002000 08:01 406531                     /usr/lib/x86_64-linux-gnu/libXau.so.6.0.0
7f33601d7000-7f33601d8000 r--p 00001000 08:01 406531                     /usr/lib/x86_64-linux-gnu/libXau.so.6.0.0
7f33601d8000-7f33601d9000 rw-p 00002000 08:01 406531                     /usr/lib/x86_64-linux-gnu/libXau.so.6.0.0
7f33601d9000-7f33601ea000 r-xp 00000000 08:01 406571                     /usr/lib/x86_64-linux-gnu/libavahi-client.so.3.2.9
7f33601ea000-7f33603ea000 ---p 00011000 08:01 406571                     /usr/lib/x86_64-linux-gnu/libavahi-client.so.3.2.9
7f33603ea000-7f33603eb000 r--p 00011000 08:01 406571                     /usr/lib/x86_64-linux-gnu/libavahi-client.so.3.2.9
7f33603eb000-7f33603ec000 rw-p 00012000 08:01 406571                     /usr/lib/x86_64-linux-gnu/libavahi-client.so.3.2.9
7f33603ec000-7f33603f9000 r-xp 00000000 08:01 406573                     /usr/lib/x86_64-linux-gnu/libavahi-common.so.3.5.3
7f33603f9000-7f33605f8000 ---p 0000d000 08:01 406573                     /usr/lib/x86_64-linux-gnu/libavahi-common.so.3.5.3
7f33605f8000-7f33605f9000 r--p 0000c000 08:01 406573                     /usr/lib/x86_64-linux-gnu/libavahi-common.so.3.5.3
7f33605f9000-7f33605fa000 rw-p 0000d000 08:01 406573                     /usr/lib/x86_64-linux-gnu/libavahi-common.so.3.5.3
7f33605fa000-7f336069b000 r-xp 00000000 08:01 406657                     /usr/lib/x86_64-linux-gnu/libgnutls.so.26.16.14
7f336069b000-7f336089a000 ---p 000a1000 08:01 406657                     /usr/lib/x86_64-linux-gnu/libgnutls.so.26.16.14
7f336089a000-7f33608a1000 r--p 000a0000 08:01 406657                     /usr/lib/x86_64-linux-gnu/libgnutls.so.26.16.14
7f33608a1000-7f33608a2000 rw-p 000a7000 08:01 406657                     /usr/lib/x86_64-linux-gnu/libgnutls.so.26.16.14
7f33608a2000-7f33608dd000 r-xp 00000000 08:01 406685                     /usr/lib/x86_64-linux-gnu/libgssapi_krb5.so.2.2
7f33608dd000-7f3360add000 ---p 0003b000 08:01 406685                     /usr/lib/x86_64-linux-gnu/libgssapi_krb5.so.2.2
7f3360add000-7f3360ade000 r--p 0003b000 08:01 406685                     /usr/lib/x86_64-linux-gnu/libgssapi_krb5.so.2.2
7f3360ade000-7f3360ae0000 rw-p 0003c000 08:01 406685                     /usr/lib/x86_64-linux-gnu/libgssapi_krb5.so.2.2
7f3360ae0000-7f3360b1b000 r-xp 00000000 08:01 139879                     /lib/x86_64-linux-gnu/libpcre.so.3.12.1
7f3360b1b000-7f3360d1a000 ---p 0003b000 08:01 139879                     /lib/x86_64-linux-gnu/libpcre.so.3.12.1
7f3360d1a000-7f3360d1b000 r--p 0003a000 08:01 139879                     /lib/x86_64-linux-gnu/libpcre.so.3.12.1
7f3360d1b000-7f3360d1c000 rw-p 0003b000 08:01 139879                     /lib/x86_64-linux-gnu/libpcre.so.3.12.1
7f3360d1c000-7f3360d23000 r-xp 00000000 08:01 396800                     /usr/lib/x86_64-linux-gnu/libffi.so.6.0.0
7f3360d23000-7f3360f22000 ---p 00007000 08:01 396800                     /usr/lib/x86_64-linux-gnu/libffi.so.6.0.0
7f3360f22000-7f3360f23000 r--p 00006000 08:01 396800                     /usr/lib/x86_64-linux-gnu/libffi.so.6.0.0
7f3360f23000-7f3360f24000 rw-p 00007000 08:01 396800                     /usr/lib/x86_64-linux-gnu/libffi.so.6.0.0
7f3360f24000-7f3360f4b000 r-xp 00000000 08:01 139838                     /lib/x86_64-linux-gnu/libexpat.so.1.5.2
7f3360f4b000-7f336114b000 ---p 00027000 08:01 139838                     /lib/x86_64-linux-gnu/libexpat.so.1.5.2
7f336114b000-7f336114d000 r--p 00027000 08:01 139838                     /lib/x86_64-linux-gnu/libexpat.so.1.5.2
7f336114d000-7f336114e000 rw-p 00029000 08:01 139838                     /lib/x86_64-linux-gnu/libexpat.so.1.5.2
7f336114e000-7f33611e0000 r-xp 00000000 08:01 406632                     /usr/lib/x86_64-linux-gnu/libfreetype.so.6.6.2
7f33611e0000-7f33613df000 ---p 00092000 08:01 406632                     /usr/lib/x86_64-linux-gnu/libfreetype.so.6.6.2
7f33613df000-7f33613e5000 r--p 00091000 08:01 406632                     /usr/lib/x86_64-linux-gnu/libfreetype.so.6.6.2
7f33613e5000-7f33613e6000 rw-p 00097000 08:01 406632                     /usr/lib/x86_64-linux-gnu/libfreetype.so.6.6.2
7f33613e6000-7f33613fd000 r-xp 00000000 08:01 134597                     /lib/x86_64-linux-gnu/libresolv-2.13.so
7f33613fd000-7f33615fd000 ---p 00017000 08:01 134597                     /lib/x86_64-linux-gnu/libresolv-2.13.so
7f33615fd000-7f33615fe000 r--p 00017000 08:01 134597                     /lib/x86_64-linux-gnu/libresolv-2.13.so
7f33615fe000-7f33615ff000 rw-p 00018000 08:01 134597                     /lib/x86_64-linux-gnu/libresolv-2.13.so
7f33615ff000-7f3361601000 rw-p 00000000 00:00 0 
7f3361601000-7f336161d000 r-xp 00000000 08:01 139888                     /lib/x86_64-linux-gnu/libselinux.so.1
7f336161d000-7f336181c000 ---p 0001c000 08:01 139888                     /lib/x86_64-linux-gnu/libselinux.so.1
7f336181c000-7f336181d000 r--p 0001b000 08:01 139888                     /lib/x86_64-linux-gnu/libselinux.so.1
7f336181d000-7f336181e000 rw-p 0001c000 08:01 139888                     /lib/x86_64-linux-gnu/libselinux.so.1
7f336181e000-7f336181f000 rw-p 00000000 00:00 0 
7f336181f000-7f3361821000 r-xp 00000000 08:01 406537                     /usr/lib/x86_64-linux-gnu/libXdamage.so.1.1.0
7f3361821000-7f3361a20000 ---p 00002000 08:01 406537                     /usr/lib/x86_64-linux-gnu/libXdamage.so.1.1.0
7f3361a20000-7f3361a21000 r--p 00001000 08:01 406537                     /usr/lib/x86_64-linux-gnu/libXdamage.so.1.1.0
7f3361a21000-7f3361a22000 rw-p 00002000 08:01 406537                     /usr/lib/x86_64-linux-gnu/libXdamage.so.1.1.0
7f3361a22000-7f3361a24000 r-xp 00000000 08:01 406533                     /usr/lib/x86_64-linux-gnu/libXcomposite.so.1.0.0
7f3361a24000-7f3361c23000 ---p 00002000 08:01 406533                     /usr/lib/x86_64-linux-gnu/libXcomposite.so.1.0.0
7f3361c23000-7f3361c24000 r--p 00001000 08:01 406533                     /usr/lib/x86_64-linux-gnu/libXcomposite.so.1.0.0
7f3361c24000-7f3361c25000 rw-p 00002000 08:01 406533                     /usr/lib/x86_64-linux-gnu/libXcomposite.so.1.0.0
7f3361c25000-7f3361c2e000 r-xp 00000000 08:01 406535                     /usr/lib/x86_64-linux-gnu/libXcursor.so.1.0.2
7f3361c2e000-7f3361e2d000 ---p 00009000 08:01 406535                     /usr/lib/x86_64-linux-gnu/libXcursor.so.1.0.2
7f3361e2d000-7f3361e2e000 r--p 00008000 08:01 406535                     /usr/lib/x86_64-linux-gnu/libXcursor.so.1.0.2
7f3361e2e000-7f3361e2f000 rw-p 00009000 08:01 406535                     /usr/lib/x86_64-linux-gnu/libXcursor.so.1.0.2
7f3361e2f000-7f3361e37000 r-xp 00000000 08:01 406551                     /usr/lib/x86_64-linux-gnu/libXrandr.so.2.2.0
7f3361e37000-7f3362036000 ---p 00008000 08:01 406551                     /usr/lib/x86_64-linux-gnu/libXrandr.so.2.2.0
7f3362036000-7f3362037000 r--p 00007000 08:01 406551                     /usr/lib/x86_64-linux-gnu/libXrandr.so.2.2.0
7f3362037000-7f3362038000 rw-p 00008000 08:01 406551                     /usr/lib/x86_64-linux-gnu/libXrandr.so.2.2.0
7f3362038000-7f336203a000 r-xp 00000000 08:01 406549                     /usr/lib/x86_64-linux-gnu/libXinerama.so.1.0.0
7f336203a000-7f3362239000 ---p 00002000 08:01 406549                     /usr/lib/x86_64-linux-gnu/libXinerama.so.1.0.0
7f3362239000-7f336223a000 r--p 00001000 08:01 406549                     /usr/lib/x86_64-linux-gnu/libXinerama.so.1.0.0
7f336223a000-7f336223b000 rw-p 00002000 08:01 406549                     /usr/lib/x86_64-linux-gnu/libXinerama.so.1.0.0
7f336223b000-7f336223e000 r-xp 00000000 08:01 395217                     /usr/lib/x86_64-linux-gnu/libgmodule-2.0.so.0.3000.0
7f336223e000-7f336243d000 ---p 00003000 08:01 395217                     /usr/lib/x86_64-linux-gnu/libgmodule-2.0.so.0.3000.0
7f336243d000-7f336243e000 r--p 00002000 08:01 395217                     /usr/lib/x86_64-linux-gnu/libgmodule-2.0.so.0.3000.0
7f336243e000-7f336243f000 rw-p 00003000 08:01 395217                     /usr/lib/x86_64-linux-gnu/libgmodule-2.0.so.0.3000.0
7f336243f000-7f3362469000 r-xp 00000000 08:01 397305                     /usr/lib/x86_64-linux-gnu/libpangoft2-1.0.so.0.2903.0
7f3362469000-7f3362668000 ---p 0002a000 08:01 397305                     /usr/lib/x86_64-linux-gnu/libpangoft2-1.0.so.0.2903.0
7f3362668000-7f3362669000 r--p 00029000 08:01 397305                     /usr/lib/x86_64-linux-gnu/libpangoft2-1.0.so.0.2903.0
7f3362669000-7f336266a000 rw-p 0002a000 08:01 397305                     /usr/lib/x86_64-linux-gnu/libpangoft2-1.0.so.0.2903.0
7f336266a000-7f3362723000 r-xp 00000000 08:01 406593                     /usr/lib/x86_64-linux-gnu/libcairo.so.2.11000.2
7f3362723000-7f3362922000 ---p 000b9000 08:01 406593                     /usr/lib/x86_64-linux-gnu/libcairo.so.2.11000.2
7f3362922000-7f3362924000 r--p 000b8000 08:01 406593                     /usr/lib/x86_64-linux-gnu/libcairo.so.2.11000.2
7f3362924000-7f3362925000 rw-p 000ba000 08:01 406593                     /usr/lib/x86_64-linux-gnu/libcairo.so.2.11000.2
7f3362925000-7f3362928000 rw-p 00000000 00:00 0 
7f3362928000-7f3362947000 r-xp 00000000 08:01 394856                     /usr/lib/x86_64-linux-gnu/libatk-1.0.so.0.20209.1
7f3362947000-7f3362b47000 ---p 0001f000 08:01 394856                     /usr/lib/x86_64-linux-gnu/libatk-1.0.so.0.20209.1
7f3362b47000-7f3362b49000 r--p 0001f000 08:01 394856                     /usr/lib/x86_64-linux-gnu/libatk-1.0.so.0.20209.1
7f3362b49000-7f3362b4a000 rw-p 00021000 08:01 394856                     /usr/lib/x86_64-linux-gnu/libatk-1.0.so.0.20209.1
7f3362b4a000-7f3362b4f000 r-xp 00000000 08:01 406543                     /usr/lib/x86_64-linux-gnu/libXfixes.so.3.1.0
7f3362b4f000-7f3362d4e000 ---p 00005000 08:01 406543                     /usr/lib/x86_64-linux-gnu/libXfixes.so.3.1.0
7f3362d4e000-7f3362d4f000 r--p 00004000 08:01 406543                     /usr/lib/x86_64-linux-gnu/libXfixes.so.3.1.0
7f3362d4f000-7f3362d50000 rw-p 00005000 08:01 406543                     /usr/lib/x86_64-linux-gnu/libXfixes.so.3.1.0
7f3362d50000-7f3362d5b000 r-xp 00000000 08:01 397309                     /usr/lib/x86_64-linux-gnu/libpangocairo-1.0.so.0.2903.0
7f3362d5b000-7f3362f5b000 ---p 0000b000 08:01 397309                     /usr/lib/x86_64-linux-gnu/libpangocairo-1.0.so.0.2903.0
7f3362f5b000-7f3362f5c000 r--p 0000b000 08:01 397309                     /usr/lib/x86_64-linux-gnu/libpangocairo-1.0.so.0.2903.0
7f3362f5c000-7f3362f5d000 rw-p 0000c000 08:01 397309                     /usr/lib/x86_64-linux-gnu/libpangocairo-1.0.so.0.2903.0
7f3362f5d000-7f3362f78000 r-xp 00000000 08:01 406817                     /usr/lib/x86_64-linux-gnu/libxcb.so.1.1.0
7f3362f78000-7f3363177000 ---p 0001b000 08:01 406817                     /usr/lib/x86_64-linux-gnu/libxcb.so.1.1.0
7f3363177000-7f3363178000 r--p 0001a000 08:01 406817                     /usr/lib/x86_64-linux-gnu/libxcb.so.1.1.0
7f3363178000-7f3363179000 rw-p 0001b000 08:01 406817                     /usr/lib/x86_64-linux-gnu/libxcb.so.1.1.0
7f3363179000-7f33631c7000 r-xp 00000000 08:01 400264                     /usr/lib/x86_64-linux-gnu/libcups.so.2
7f33631c7000-7f33633c7000 ---p 0004e000 08:01 400264                     /usr/lib/x86_64-linux-gnu/libcups.so.2
7f33633c7000-7f33633cb000 r--p 0004e000 08:01 400264                     /usr/lib/x86_64-linux-gnu/libcups.so.2
7f33633cb000-7f33633cc000 rw-p 00052000 08:01 400264                     /usr/lib/x86_64-linux-gnu/libcups.so.2
7f33633cc000-7f33634c0000 r-xp 00000000 08:01 134283                     /lib/x86_64-linux-gnu/libglib-2.0.so.0.3000.0
7f33634c0000-7f33636bf000 ---p 000f4000 08:01 134283                     /lib/x86_64-linux-gnu/libglib-2.0.so.0.3000.0
7f33636bf000-7f33636c0000 r--p 000f3000 08:01 134283                     /lib/x86_64-linux-gnu/libglib-2.0.so.0.3000.0
7f33636c0000-7f33636c1000 rw-p 000f4000 08:01 134283                     /lib/x86_64-linux-gnu/libglib-2.0.so.0.3000.0
7f33636c1000-7f33636c2000 rw-p 00000000 00:00 0 
7f33636c2000-7f33636c6000 r-xp 00000000 08:01 394708                     /usr/lib/x86_64-linux-gnu/libgthread-2.0.so.0.3000.0
7f33636c6000-7f33638c5000 ---p 00004000 08:01 394708                     /usr/lib/x86_64-linux-gnu/libgthread-2.0.so.0.3000.0
7f33638c5000-7f33638c6000 r--p 00003000 08:01 394708                     /usr/lib/x86_64-linux-gnu/libgthread-2.0.so.0.3000.0
7f33638c6000-7f33638c7000 rw-p 00004000 08:01 394708                     /usr/lib/x86_64-linux-gnu/libgthread-2.0.so.0.3000.0
7f33638c7000-7f3363915000 r-xp 00000000 08:01 394707                     /usr/lib/x86_64-linux-gnu/libgobject-2.0.so.0.3000.0
7f3363915000-7f3363b15000 ---p 0004e000 08:01 394707                     /usr/lib/x86_64-linux-gnu/libgobject-2.0.so.0.3000.0
7f3363b15000-7f3363b16000 r--p 0004e000 08:01 394707                     /usr/lib/x86_64-linux-gnu/libgobject-2.0.so.0.3000.0
7f3363b16000-7f3363b17000 rw-p 0004f000 08:01 394707                     /usr/lib/x86_64-linux-gnu/libgobject-2.0.so.0.3000.0
7f3363b17000-7f3363b18000 rw-p 00000000 00:00 0 
7f3363b18000-7f3363b4c000 r-xp 00000000 08:01 406630                     /usr/lib/x86_64-linux-gnu/libfontconfig.so.1.4.4
7f3363b4c000-7f3363d4c000 ---p 00034000 08:01 406630                     /usr/lib/x86_64-linux-gnu/libfontconfig.so.1.4.4
7f3363d4c000-7f3363d4d000 r--p 00034000 08:01 406630                     /usr/lib/x86_64-linux-gnu/libfontconfig.so.1.4.4
7f3363d4d000-7f3363d4e000 rw-p 00035000 08:01 406630                     /usr/lib/x86_64-linux-gnu/libfontconfig.so.1.4.4
7f3363d4e000-7f3363d95000 r-xp 00000000 08:01 397304                     /usr/lib/x86_64-linux-gnu/libpango-1.0.so.0.2903.0
7f3363d95000-7f3363f95000 ---p 00047000 08:01 397304                     /usr/lib/x86_64-linux-gnu/libpango-1.0.so.0.2903.0
7f3363f95000-7f3363f97000 r--p 00047000 08:01 397304                     /usr/lib/x86_64-linux-gnu/libpango-1.0.so.0.2903.0
7f3363f97000-7f3363f98000 rw-p 00049000 08:01 397304                     /usr/lib/x86_64-linux-gnu/libpango-1.0.so.0.2903.0
7f3363f98000-7f3363fb6000 r-xp 00000000 08:01 394128                     /usr/lib/x86_64-linux-gnu/libgdk_pixbuf-2.0.so.0.2400.0
7f3363fb6000-7f33641b5000 ---p 0001e000 08:01 394128                     /usr/lib/x86_64-linux-gnu/libgdk_pixbuf-2.0.so.0.2400.0
7f33641b5000-7f33641b6000 r--p 0001d000 08:01 394128                     /usr/lib/x86_64-linux-gnu/libgdk_pixbuf-2.0.so.0.2400.0
7f33641b6000-7f33641b7000 rw-p 0001e000 08:01 394128                     /usr/lib/x86_64-linux-gnu/libgdk_pixbuf-2.0.so.0.2400.0
7f33641b7000-7f33642f2000 r-xp 00000000 08:01 394685                     /usr/lib/x86_64-linux-gnu/libgio-2.0.so.0.3000.0
7f33642f2000-7f33644f1000 ---p 0013b000 08:01 394685                     /usr/lib/x86_64-linux-gnu/libgio-2.0.so.0.3000.0
7f33644f1000-7f33644f5000 r--p 0013a000 08:01 394685                     /usr/lib/x86_64-linux-gnu/libgio-2.0.so.0.3000.0
7f33644f5000-7f33644f7000 rw-p 0013e000 08:01 394685                     /usr/lib/x86_64-linux-gnu/libgio-2.0.so.0.3000.0
7f33644f7000-7f33644f9000 rw-p 00000000 00:00 0 
7f33644f9000-7f33645a6000 r-xp 00000000 08:01 397253                     /usr/lib/x86_64-linux-gnu/libgdk-x11-2.0.so.0.2400.6
7f33645a6000-7f33647a5000 ---p 000ad000 08:01 397253                     /usr/lib/x86_64-linux-gnu/libgdk-x11-2.0.so.0.2400.6
7f33647a5000-7f33647a9000 r--p 000ac000 08:01 397253                     /usr/lib/x86_64-linux-gnu/libgdk-x11-2.0.so.0.2400.6
7f33647a9000-7f33647ab000 rw-p 000b0000 08:01 397253                     /usr/lib/x86_64-linux-gnu/libgdk-x11-2.0.so.0.2400.6
7f33647ab000-7f3364bda000 r-xp 00000000 08:01 397246                     /usr/lib/x86_64-linux-gnu/libgtk-x11-2.0.so.0.2400.6
7f3364bda000-7f3364dda000 ---p 0042f000 08:01 397246                     /usr/lib/x86_64-linux-gnu/libgtk-x11-2.0.so.0.2400.6
7f3364dda000-7f3364de1000 r--p 0042f000 08:01 397246                     /usr/lib/x86_64-linux-gnu/libgtk-x11-2.0.so.0.2400.6
7f3364de1000-7f3364de5000 rw-p 00436000 08:01 397246                     /usr/lib/x86_64-linux-gnu/libgtk-x11-2.0.so.0.2400.6
7f3364de5000-7f3364de7000 rw-p 00000000 00:00 0 
7f3364de7000-7f3364df6000 r-xp 00000000 08:01 406547                     /usr/lib/x86_64-linux-gnu/libXi.so.6.1.0
7f3364df6000-7f3364ff5000 ---p 0000f000 08:01 406547                     /usr/lib/x86_64-linux-gnu/libXi.so.6.1.0
7f3364ff5000-7f3364ff6000 r--p 0000e000 08:01 406547                     /usr/lib/x86_64-linux-gnu/libXi.so.6.1.0
7f3364ff6000-7f3364ff7000 rw-p 0000f000 08:01 406547                     /usr/lib/x86_64-linux-gnu/libXi.so.6.1.0
7f3364ff7000-7f3364ffc000 r-xp 00000000 08:01 398564                     /usr/lib/libXtst.so.6.1.0
7f3364ffc000-7f33651fb000 ---p 00005000 08:01 398564                     /usr/lib/libXtst.so.6.1.0
7f33651fb000-7f33651fc000 r--p 00004000 08:01 398564                     /usr/lib/libXtst.so.6.1.0
7f33651fc000-7f33651fd000 rw-p 00005000 08:01 398564                     /usr/lib/libXtst.so.6.1.0
7f33651fd000-7f3365206000 r-xp 00000000 08:01 406553                     /usr/lib/x86_64-linux-gnu/libXrender.so.1.3.0
7f3365206000-7f3365406000 ---p 00009000 08:01 406553                     /usr/lib/x86_64-linux-gnu/libXrender.so.1.3.0
7f3365406000-7f3365407000 r--p 00009000 08:01 406553                     /usr/lib/x86_64-linux-gnu/libXrender.so.1.3.0
7f3365407000-7f3365408000 rw-p 0000a000 08:01 406553                     /usr/lib/x86_64-linux-gnu/libXrender.so.1.3.0
7f3365408000-7f336553b000 r-xp 00000000 08:01 406471                     /usr/lib/x86_64-linux-gnu/libX11.so.6.3.0
7f336553b000-7f336573b000 ---p 00133000 08:01 406471                     /usr/lib/x86_64-linux-gnu/libX11.so.6.3.0
7f336573b000-7f336573c000 r--p 00133000 08:01 406471                     /usr/lib/x86_64-linux-gnu/libX11.so.6.3.0
7f336573c000-7f3365740000 rw-p 00134000 08:01 406471                     /usr/lib/x86_64-linux-gnu/libX11.so.6.3.0
7f3365740000-7f3365752000 r-xp 00000000 08:01 406541                     /usr/lib/x86_64-linux-gnu/libXext.so.6.4.0
7f3365752000-7f3365951000 ---p 00012000 08:01 406541                     /usr/lib/x86_64-linux-gnu/libXext.so.6.4.0
7f3365951000-7f3365952000 r--p 00011000 08:01 406541                     /usr/lib/x86_64-linux-gnu/libXext.so.6.4.0
7f3365952000-7f3365953000 rw-p 00012000 08:01 406541                     /usr/lib/x86_64-linux-gnu/libXext.so.6.4.0
7f3365953000-7f3365976000 r--p 00000000 08:01 675061                     /usr/share/locale-langpack/fr/LC_MESSAGES/libc.mo
7f3365976000-7f33659c8000 r-xp 00000000 08:01 401973                     /usr/lib/jvm/java-7-openjdk-amd64/jre/lib/amd64/xawt/libmawt.so
7f33659c8000-7f3365bc8000 ---p 00052000 08:01 401973                     /usr/lib/jvm/java-7-openjdk-amd64/jre/lib/amd64/xawt/libmawt.so
7f3365bc8000-7f3365bc9000 r--p 00052000 08:01 401973                     /usr/lib/jvm/java-7-openjdk-amd64/jre/lib/amd64/xawt/libmawt.so
7f3365bc9000-7f3365bcc000 rw-p 00053000 08:01 401973                     /usr/lib/jvm/java-7-openjdk-amd64/jre/lib/amd64/xawt/libmawt.so
7f3365bcc000-7f3365bcd000 rw-p 00000000 00:00 0 
7f3365bcd000-7f3365c6f000 r-xp 00000000 08:01 398111                     /usr/lib/jvm/java-7-openjdk-amd64/jre/lib/amd64/libawt.so
7f3365c6f000-7f3365e6e000 ---p 000a2000 08:01 398111                     /usr/lib/jvm/java-7-openjdk-amd64/jre/lib/amd64/libawt.so
7f3365e6e000-7f3365e6f000 r--p 000a1000 08:01 398111                     /usr/lib/jvm/java-7-openjdk-amd64/jre/lib/amd64/libawt.so
7f3365e6f000-7f3365e7a000 rw-p 000a2000 08:01 398111                     /usr/lib/jvm/java-7-openjdk-amd64/jre/lib/amd64/libawt.so
7f3365e7a000-7f3365e9f000 rw-p 00000000 00:00 0 
7f3365e9f000-7f3365ea2000 r--s 00032000 08:01 395025                     /usr/lib/jvm/java-7-openjdk-common/jre/lib/ext/sunjce_provider.jar
7f3365ea2000-7f3365ea5000 r--s 00085000 08:01 395002                     /usr/lib/jvm/java-7-openjdk-common/jre/lib/ext/localedata.jar
7f3365ea5000-7f3365ea6000 r--s 00002000 08:01 394906                     /usr/lib/jvm/java-7-openjdk-common/jre/lib/ext/dnsns.jar
7f3365ea6000-7f3365ea9000 r--s 0003c000 08:01 394890                     /usr/lib/jvm/java-7-openjdk-common/jre/lib/ext/sunpkcs11.jar
7f3365ea9000-7f3365eab000 r--s 00012000 08:01 395160                     /usr/lib/jvm/java-7-openjdk-common/jre/lib/ext/zipfs.jar
7f3365eab000-7f3365eae000 r--s 0000f000 08:01 395194                     /usr/lib/jvm/java-7-openjdk-common/jre/lib/ext/pulse-java.jar
7f3365eae000-7f3365eb6000 r--s 00066000 08:01 676447                     /usr/share/java/gnome-java-bridge.jar
7f3365eb6000-7f3365eb7000 ---p 00000000 00:00 0 
7f3365eb7000-7f3365fb7000 rw-p 00000000 00:00 0 
7f3365fb7000-7f3365fba000 ---p 00000000 00:00 0 
7f3365fba000-7f33660b8000 rw-p 00000000 00:00 0 
7f33660b8000-7f33660bb000 ---p 00000000 00:00 0 
7f33660bb000-7f33661b9000 rw-p 00000000 00:00 0 
7f33661b9000-7f33661bc000 ---p 00000000 00:00 0 
7f33661bc000-7f33662ba000 rw-p 00000000 00:00 0 
7f33662ba000-7f33662bd000 ---p 00000000 00:00 0 
7f33662bd000-7f33663bb000 rw-p 00000000 00:00 0 
7f33663bb000-7f3366aa8000 r--p 00000000 08:01 403488                     /usr/lib/locale/locale-archive
7f3366aa8000-7f3366aab000 ---p 00000000 00:00 0 
7f3366aab000-7f3366ba9000 rw-p 00000000 00:00 0 
7f3366ba9000-7f3366bac000 ---p 00000000 00:00 0 
7f3366bac000-7f3366caa000 rw-p 00000000 00:00 0 
7f3366caa000-7f3366cab000 ---p 00000000 00:00 0 
7f3366cab000-7f336711a000 rw-p 00000000 00:00 0 
7f336711a000-7f33672c8000 r--s 03e76000 08:01 396788                     /usr/lib/jvm/java-7-openjdk-amd64/jre/lib/rt.jar
7f33672c8000-7f33672f0000 rw-p 00000000 00:00 0 
7f33672f0000-7f33672f1000 ---p 00000000 00:00 0 
7f33672f1000-7f33673f1000 rw-p 00000000 00:00 0 
7f33673f1000-7f33673f2000 ---p 00000000 00:00 0 
7f33673f2000-7f33674fd000 rw-p 00000000 00:00 0 
7f33674fd000-7f3367545000 rw-p 00000000 00:00 0 
7f3367545000-7f336755a000 rw-p 00000000 00:00 0 
7f336755a000-7f3367690000 rw-p 00000000 00:00 0 
7f3367690000-7f336769b000 rw-p 00000000 00:00 0 
7f336769b000-7f33676e3000 rw-p 00000000 00:00 0 
7f33676e3000-7f33676f8000 rw-p 00000000 00:00 0 
7f33676f8000-7f336782d000 rw-p 00000000 00:00 0 
7f336782d000-7f3367838000 rw-p 00000000 00:00 0 
7f3367838000-7f33678d3000 rw-p 00000000 00:00 0 
7f33678d3000-7f33678d4000 rw-p 00000000 00:00 0 
7f33678d4000-7f3367b44000 rwxp 00000000 00:00 0 
7f3367b44000-7f336a8d4000 rw-p 00000000 00:00 0 
7f336a8d4000-7f336a8dc000 r-xp 00000000 08:01 399895                     /usr/lib/jvm/java-7-openjdk-amd64/jre/lib/amd64/libzip.so
7f336a8dc000-7f336aadb000 ---p 00008000 08:01 399895                     /usr/lib/jvm/java-7-openjdk-amd64/jre/lib/amd64/libzip.so
7f336aadb000-7f336aadc000 r--p 00007000 08:01 399895                     /usr/lib/jvm/java-7-openjdk-amd64/jre/lib/amd64/libzip.so
7f336aadc000-7f336aadd000 rw-p 00008000 08:01 399895                     /usr/lib/jvm/java-7-openjdk-amd64/jre/lib/amd64/libzip.so
7f336aadd000-7f336aae9000 r-xp 00000000 08:01 134596                     /lib/x86_64-linux-gnu/libnss_files-2.13.so
7f336aae9000-7f336ace8000 ---p 0000c000 08:01 134596                     /lib/x86_64-linux-gnu/libnss_files-2.13.so
7f336ace8000-7f336ace9000 r--p 0000b000 08:01 134596                     /lib/x86_64-linux-gnu/libnss_files-2.13.so
7f336ace9000-7f336acea000 rw-p 0000c000 08:01 134596                     /lib/x86_64-linux-gnu/libnss_files-2.13.so
7f336acea000-7f336acf4000 r-xp 00000000 08:01 134607                     /lib/x86_64-linux-gnu/libnss_nis-2.13.so
7f336acf4000-7f336aef4000 ---p 0000a000 08:01 134607                     /lib/x86_64-linux-gnu/libnss_nis-2.13.so
7f336aef4000-7f336aef5000 r--p 0000a000 08:01 134607                     /lib/x86_64-linux-gnu/libnss_nis-2.13.so
7f336aef5000-7f336aef6000 rw-p 0000b000 08:01 134607                     /lib/x86_64-linux-gnu/libnss_nis-2.13.so
7f336aef6000-7f336af0d000 r-xp 00000000 08:01 134591                     /lib/x86_64-linux-gnu/libnsl-2.13.so
7f336af0d000-7f336b10c000 ---p 00017000 08:01 134591                     /lib/x86_64-linux-gnu/libnsl-2.13.so
7f336b10c000-7f336b10d000 r--p 00016000 08:01 134591                     /lib/x86_64-linux-gnu/libnsl-2.13.so
7f336b10d000-7f336b10e000 rw-p 00017000 08:01 134591                     /lib/x86_64-linux-gnu/libnsl-2.13.so
7f336b10e000-7f336b110000 rw-p 00000000 00:00 0 
7f336b110000-7f336b118000 r-xp 00000000 08:01 134588                     /lib/x86_64-linux-gnu/libnss_compat-2.13.so
7f336b118000-7f336b317000 ---p 00008000 08:01 134588                     /lib/x86_64-linux-gnu/libnss_compat-2.13.so
7f336b317000-7f336b318000 r--p 00007000 08:01 134588                     /lib/x86_64-linux-gnu/libnss_compat-2.13.so
7f336b318000-7f336b319000 rw-p 00008000 08:01 134588                     /lib/x86_64-linux-gnu/libnss_compat-2.13.so
7f336b319000-7f336b342000 r-xp 00000000 08:01 398578                     /usr/lib/jvm/java-7-openjdk-amd64/jre/lib/amd64/libjava.so
7f336b342000-7f336b541000 ---p 00029000 08:01 398578                     /usr/lib/jvm/java-7-openjdk-amd64/jre/lib/amd64/libjava.so
7f336b541000-7f336b542000 r--p 00028000 08:01 398578                     /usr/lib/jvm/java-7-openjdk-amd64/jre/lib/amd64/libjava.so
7f336b542000-7f336b544000 rw-p 00029000 08:01 398578                     /usr/lib/jvm/java-7-openjdk-amd64/jre/lib/amd64/libjava.so
7f336b544000-7f336b552000 r-xp 00000000 08:01 399894                     /usr/lib/jvm/java-7-openjdk-amd64/jre/lib/amd64/libverify.so
7f336b552000-7f336b751000 ---p 0000e000 08:01 399894                     /usr/lib/jvm/java-7-openjdk-amd64/jre/lib/amd64/libverify.so
7f336b751000-7f336b753000 r--p 0000d000 08:01 399894                     /usr/lib/jvm/java-7-openjdk-amd64/jre/lib/amd64/libverify.so
7f336b753000-7f336b754000 rw-p 0000f000 08:01 399894                     /usr/lib/jvm/java-7-openjdk-amd64/jre/lib/amd64/libverify.so
7f336b754000-7f336b75b000 r-xp 00000000 08:01 134577                     /lib/x86_64-linux-gnu/librt-2.13.so
7f336b75b000-7f336b95a000 ---p 00007000 08:01 134577                     /lib/x86_64-linux-gnu/librt-2.13.so
7f336b95a000-7f336b95b000 r--p 00006000 08:01 134577                     /lib/x86_64-linux-gnu/librt-2.13.so
7f336b95b000-7f336b95c000 rw-p 00007000 08:01 134577                     /lib/x86_64-linux-gnu/librt-2.13.so
7f336b95c000-7f336b971000 r-xp 00000000 08:01 131748                     /lib/x86_64-linux-gnu/libgcc_s.so.1
7f336b971000-7f336bb70000 ---p 00015000 08:01 131748                     /lib/x86_64-linux-gnu/libgcc_s.so.1
7f336bb70000-7f336bb71000 r--p 00014000 08:01 131748                     /lib/x86_64-linux-gnu/libgcc_s.so.1
7f336bb71000-7f336bb72000 rw-p 00015000 08:01 131748                     /lib/x86_64-linux-gnu/libgcc_s.so.1
7f336bb72000-7f336bbf5000 r-xp 00000000 08:01 134673                     /lib/x86_64-linux-gnu/libm-2.13.so
7f336bbf5000-7f336bdf4000 ---p 00083000 08:01 134673                     /lib/x86_64-linux-gnu/libm-2.13.so
7f336bdf4000-7f336bdf5000 r--p 00082000 08:01 134673                     /lib/x86_64-linux-gnu/libm-2.13.so
7f336bdf5000-7f336bdf6000 rw-p 00083000 08:01 134673                     /lib/x86_64-linux-gnu/libm-2.13.so
7f336bdf6000-7f336bede000 r-xp 00000000 08:01 398097                     /usr/lib/x86_64-linux-gnu/libstdc++.so.6.0.16
7f336bede000-7f336c0de000 ---p 000e8000 08:01 398097                     /usr/lib/x86_64-linux-gnu/libstdc++.so.6.0.16
7f336c0de000-7f336c0e6000 r--p 000e8000 08:01 398097                     /usr/lib/x86_64-linux-gnu/libstdc++.so.6.0.16
7f336c0e6000-7f336c0e8000 rw-p 000f0000 08:01 398097                     /usr/lib/x86_64-linux-gnu/libstdc++.so.6.0.16
7f336c0e8000-7f336c0fd000 rw-p 00000000 00:00 0 
7f336c0fd000-7f336ca84000 r-xp 00000000 08:01 399897                     /usr/lib/jvm/java-7-openjdk-amd64/jre/lib/amd64/server/libjvm.so
7f336ca84000-7f336cc83000 ---p 00987000 08:01 399897                     /usr/lib/jvm/java-7-openjdk-amd64/jre/lib/amd64/server/libjvm.so
7f336cc83000-7f336cd01000 r--p 00986000 08:01 399897                     /usr/lib/jvm/java-7-openjdk-amd64/jre/lib/amd64/server/libjvm.so
7f336cd01000-7f336cd1c000 rw-p 00a04000 08:01 399897                     /usr/lib/jvm/java-7-openjdk-amd64/jre/lib/amd64/server/libjvm.so
7f336cd1c000-7f336cd47000 rw-p 00000000 00:00 0 
7f336cd47000-7f336cd5f000 r-xp 00000000 08:01 134606                     /lib/x86_64-linux-gnu/libpthread-2.13.so
7f336cd5f000-7f336cf5e000 ---p 00018000 08:01 134606                     /lib/x86_64-linux-gnu/libpthread-2.13.so
7f336cf5e000-7f336cf5f000 r--p 00017000 08:01 134606                     /lib/x86_64-linux-gnu/libpthread-2.13.so
7f336cf5f000-7f336cf60000 rw-p 00018000 08:01 134606                     /lib/x86_64-linux-gnu/libpthread-2.13.so
7f336cf60000-7f336cf64000 rw-p 00000000 00:00 0 
7f336cf64000-7f336cf7b000 r-xp 00000000 08:01 139905                     /lib/x86_64-linux-gnu/libz.so.1.2.3.4
7f336cf7b000-7f336d17a000 ---p 00017000 08:01 139905                     /lib/x86_64-linux-gnu/libz.so.1.2.3.4
7f336d17a000-7f336d17b000 r--p 00016000 08:01 139905                     /lib/x86_64-linux-gnu/libz.so.1.2.3.4
7f336d17b000-7f336d17c000 rw-p 00017000 08:01 139905                     /lib/x86_64-linux-gnu/libz.so.1.2.3.4
7f336d17c000-7f336d17e000 r-xp 00000000 08:01 134594                     /lib/x86_64-linux-gnu/libdl-2.13.so
7f336d17e000-7f336d37e000 ---p 00002000 08:01 134594                     /lib/x86_64-linux-gnu/libdl-2.13.so
7f336d37e000-7f336d37f000 r--p 00002000 08:01 134594                     /lib/x86_64-linux-gnu/libdl-2.13.so
7f336d37f000-7f336d380000 rw-p 00003000 08:01 134594                     /lib/x86_64-linux-gnu/libdl-2.13.so
7f336d380000-7f336d515000 r-xp 00000000 08:01 134593                     /lib/x86_64-linux-gnu/libc-2.13.so
7f336d515000-7f336d714000 ---p 00195000 08:01 134593                     /lib/x86_64-linux-gnu/libc-2.13.so
7f336d714000-7f336d718000 r--p 00194000 08:01 134593                     /lib/x86_64-linux-gnu/libc-2.13.so
7f336d718000-7f336d719000 rw-p 00198000 08:01 134593                     /lib/x86_64-linux-gnu/libc-2.13.so
7f336d719000-7f336d71f000 rw-p 00000000 00:00 0 
7f336d71f000-7f336d72b000 r-xp 00000000 08:01 397479                     /usr/lib/jvm/java-7-openjdk-amd64/jre/lib/amd64/jli/libjli.so
7f336d72b000-7f336d92a000 ---p 0000c000 08:01 397479                     /usr/lib/jvm/java-7-openjdk-amd64/jre/lib/amd64/jli/libjli.so
7f336d92a000-7f336d92b000 r--p 0000b000 08:01 397479                     /usr/lib/jvm/java-7-openjdk-amd64/jre/lib/amd64/jli/libjli.so
7f336d92b000-7f336d92c000 rw-p 0000c000 08:01 397479                     /usr/lib/jvm/java-7-openjdk-amd64/jre/lib/amd64/jli/libjli.so
7f336d92c000-7f336d94d000 r-xp 00000000 08:01 134600                     /lib/x86_64-linux-gnu/ld-2.13.so
7f336d961000-7f336d96b000 rw-p 00000000 00:00 0 
7f336d96b000-7f336da21000 rw-p 00000000 00:00 0 
7f336da21000-7f336da24000 ---p 00000000 00:00 0 
7f336da24000-7f336db27000 rw-p 00000000 00:00 0 
7f336db2b000-7f336db2f000 r--s 0009f000 08:01 396465                     /usr/lib/jvm/java-7-openjdk-common/jre/lib/jsse.jar
7f336db2f000-7f336db30000 r--p 00000000 00:00 0 
7f336db30000-7f336db39000 r--s 00263000 08:01 396683                     /usr/lib/jvm/java-7-openjdk-common/jre/lib/resources.jar
7f336db39000-7f336db40000 r--s 00000000 08:01 663199                     /usr/lib/x86_64-linux-gnu/gconv/gconv-modules.cache
7f336db40000-7f336db48000 rw-s 00000000 08:01 268500                     /tmp/hsperfdata_guillaume/12336
7f336db48000-7f336db49000 rw-p 00000000 00:00 0 
7f336db49000-7f336db4a000 r--p 00000000 00:00 0 
7f336db4a000-7f336db4c000 rw-p 00000000 00:00 0 
7f336db4c000-7f336db4d000 r--p 00020000 08:01 134600                     /lib/x86_64-linux-gnu/ld-2.13.so
7f336db4d000-7f336db4f000 rw-p 00021000 08:01 134600                     /lib/x86_64-linux-gnu/ld-2.13.so
7fffe5935000-7fffe5956000 rw-p 00000000 00:00 0                          [stack]
7fffe59b5000-7fffe59b6000 r-xp 00000000 00:00 0                          [vdso]
ffffffffff600000-ffffffffff601000 r-xp 00000000 00:00 0                  [vsyscall]

VM Arguments:
jvm_args: -Dfile.encoding=UTF-8 
java_command: main.Main
Launcher Type: SUN_STANDARD

Environment Variables:
PATH=/usr/lib/lightdm/lightdm:/usr/local/sbin:/usr/local/bin:/usr/sbin:/usr/bin:/sbin:/bin:/usr/games
USERNAME=guillaume
SHELL=/bin/bash
DISPLAY=:0

Signal Handlers:
SIGSEGV: [libjvm.so+0x7fca30], sa_mask[0]=0x7ffbfeff, sa_flags=0x10000004
SIGBUS: [libjvm.so+0x7fca30], sa_mask[0]=0x7ffbfeff, sa_flags=0x10000004
SIGFPE: [libjvm.so+0x6a1150], sa_mask[0]=0x7ffbfeff, sa_flags=0x10000004
SIGPIPE: [libjvm.so+0x6a1150], sa_mask[0]=0x7ffbfeff, sa_flags=0x10000004
SIGXFSZ: [libjvm.so+0x6a1150], sa_mask[0]=0x7ffbfeff, sa_flags=0x10000004
SIGILL: [libjvm.so+0x6a1150], sa_mask[0]=0x7ffbfeff, sa_flags=0x10000004
SIGUSR1: SIG_DFL, sa_mask[0]=0x00000000, sa_flags=0x00000000
SIGUSR2: [libjvm.so+0x6a1520], sa_mask[0]=0x00000004, sa_flags=0x10000004
SIGHUP: [libjvm.so+0x6a1660], sa_mask[0]=0x7ffbfeff, sa_flags=0x10000004
SIGINT: SIG_IGN, sa_mask[0]=0x00000000, sa_flags=0x00000000
SIGTERM: [libjvm.so+0x6a1660], sa_mask[0]=0x7ffbfeff, sa_flags=0x10000004
SIGQUIT: [libjvm.so+0x6a1660], sa_mask[0]=0x7ffbfeff, sa_flags=0x10000004


---------------  S Y S T E M  ---------------

OS:Ubuntu 11.10 (oneiric)
uname:Linux 3.0.0-12-generic #20-Ubuntu SMP Fri Oct 7 14:56:25 UTC 2011 x86_64
libc:glibc 2.13 NPTL 2.13 
rlimit: STACK 8192k, CORE 0k, NPROC 31562, NOFILE 4096, AS infinity
load average:1,21 0,88 0,59

/proc/meminfo:
MemTotal:        4055792 kB
MemFree:          707356 kB
Buffers:          137444 kB
Cached:          1202012 kB
SwapCached:            0 kB
Active:          2430976 kB
Inactive:         662532 kB
Active(anon):    1756800 kB
Inactive(anon):    10108 kB
Active(file):     674176 kB
Inactive(file):   652424 kB
Unevictable:         112 kB
Mlocked:             112 kB
SwapTotal:             0 kB
SwapFree:              0 kB
Dirty:               192 kB
Writeback:             0 kB
AnonPages:       1754144 kB
Mapped:           271996 kB
Shmem:             12860 kB
Slab:             100336 kB
SReclaimable:      68100 kB
SUnreclaim:        32236 kB
KernelStack:        4112 kB
PageTables:        42064 kB
NFS_Unstable:          0 kB
Bounce:                0 kB
WritebackTmp:          0 kB
CommitLimit:     2027896 kB
Committed_AS:    4673404 kB
VmallocTotal:   34359738367 kB
VmallocUsed:      109112 kB
VmallocChunk:   34359600636 kB
HardwareCorrupted:     0 kB
AnonHugePages:         0 kB
HugePages_Total:       0
HugePages_Free:        0
HugePages_Rsvd:        0
HugePages_Surp:        0
Hugepagesize:       2048 kB
DirectMap4k:      183232 kB
DirectMap2M:     4009984 kB


CPU:total 2 (2 cores per cpu, 1 threads per core) family 6 model 15 stepping 13, cmov, cx8, fxsr, mmx, sse, sse2, sse3, ssse3

Memory: 4k page, physical 4055792k(707356k free), swap 0k(0k free)

vm_info: OpenJDK 64-Bit Server VM (21.0-b17) for linux-amd64 JRE (1.7.0_147-b147), built on Sep 30 2011 00:36:33 by "buildd" with gcc 4.6.1

time: Thu Nov 10 18:23:24 2011
elapsed time: 0 seconds

