#
# A fatal error has been detected by the Java Runtime Environment:
#
#  SIGSEGV (0xb) at pc=0x00007f28c4f791f8, pid=4681, tid=139813365540608
#
# JRE version: 7.0_147-b147
# Java VM: OpenJDK 64-Bit Server VM (21.0-b17 mixed mode linux-amd64 compressed oops)
# Derivative: IcedTea7 2.0pre
# Distribution: Ubuntu oneiric (development branch), package 7~b147-2.0~pre6-1ubuntu1
# Problematic frame:
# C  [liblcms2.so.2+0x121f8]  cmsSaveProfileToIOhandler+0x38
#
# Core dump written. Default location: /home/guillaume/Bureau/tp2-git-rep/TP2-Guillaume-Poirier-Morency-Nafie-Hamrani/main/core or core.4681
#
# If you would like to submit a bug report, please include
# instructions on how to reproduce the bug and visit:
#   https://bugs.launchpad.net/ubuntu/+source/openjdk-7/
# The crash happened outside the Java Virtual Machine in native code.
# See problematic frame for where to report the bug.
#

---------------  T H R E A D  ---------------

Current thread (0x0000000000f2f800):  JavaThread "main" [_thread_in_native, id=4683, stack(0x00007f28d5ece000,0x00007f28d5fcf000)]

siginfo:si_signo=SIGSEGV: si_errno=0, si_code=1 (SEGV_MAPERR), si_addr=0x0000000000000000

Registers:
RAX=0x0000000000000000, RBX=0x0000000000000000, RCX=0x00000000000001d4, RDX=0x00007f28d5fcca4c
RSP=0x00007f28d5fcbb20, RBP=0x0000000000000000, RSI=0x0000000000000000, RDI=0x00007f28d5fcbb20
R8 =0x0000000000000000, R9 =0x0000000000000000, R10=0x0000000000000000, R11=0x0000000000000000
R12=0x00007f28d5fcca4c, R13=0x0000000000000000, R14=0x0000000000000000, R15=0x0000000000f2f800
RIP=0x00007f28c4f791f8, EFLAGS=0x0000000000010246, CSGSFS=0x0000000000000033, ERR=0x0000000000000004
  TRAPNO=0x000000000000000e

Top of Stack: (sp=0x00007f28d5fcbb20)
0x00007f28d5fcbb20:   00007f28c01f1120 00007f28c4f77cef
0x00007f28d5fcbb30:   0000000000000c48 00007f28c0000020
0x00007f28d5fcbb40:   000000000000000e 000000000000080c
0x00007f28d5fcbb50:   00007f2800000000 00007f28c0000020
0x00007f28d5fcbb60:   000000000000000e 00007f28c4f7e754
0x00007f28d5fcbb70:   00007f28d5fcbffc fa9cb5dd34847200
0x00007f28d5fcbb80:   00007f28c01f1120 00007f28c01ef8ac
0x00007f28d5fcbb90:   000000000000000e 00007f28c4f77ebf
0x00007f28d5fcbba0:   4247527320434549 0000000000000000
0x00007f28d5fcbbb0:   00007f28c01f13c0 2dd3000000000100
0x00007f28d5fcbbc0:   0000080c000004c4 00007f28c0000020
0x00007f28d5fcbbd0:   00007f2800000000 00007f28c01f1270
0x00007f28d5fcbbe0:   0000000000000c48 00007f28c01ef728
0x00007f28d5fcbbf0:   0000000000000011 00007f28d58a9d7c
0x00007f28d5fcbc00:   00007f28c01f1270 00007f28c4f77e2c
0x00007f28d5fcbc10:   00007f28c01ef4d0 00007f28c4f793ae
0x00007f28d5fcbc20:   00007f28c01f0380 0000000000000000
0x00007f28d5fcbc30:   0000003100000000 0000000900000006
0x00007f28d5fcbc40:   0000006200000001 ffffffffffffffff
0x00007f28d5fcbc50:   0000000000000000 0000000000000000
0x00007f28d5fcbc60:   00007f28d5989689 6d6e747202100000
0x00007f28d5fcbc70:   58595a2052474220 00000000000000b0
0x00007f28d5fcbc80:   7352474249454320 0000000000000000
0x00007f28d5fcbc90:   0000000000000000 0000000000000000
0x00007f28d5fcbca0:   6370727400000011 00007f28c0000020
0x00007f28d5fcbcb0:   00007f28c01e45b0 000000000000007c
0x00007f28d5fcbcc0:   00007f28d5fcc1e0 00007f28d5fcc4a0
0x00007f28d5fcbcd0:   00007f28d5df385b 00007f28d58a977d
0x00007f28d5fcbce0:   6254524300000000 000000000000003f
0x00007f28d5fcbcf0:   00007f28c01e45b0 0000000000000000
0x00007f28d5fcbd00:   00007f28c01ee78d 00007f28d5de77e1
0x00007f28d5fcbd10:   0000000000000000 0000000000000000 

Instructions: (pc=0x00007f28c4f791f8)
0x00007f28c4f791d8:   48 89 de 48 81 ec b8 0e 00 00 64 48 8b 04 25 28
0x00007f28c4f791e8:   00 00 00 48 89 84 24 a8 0e 00 00 31 c0 48 89 e7
0x00007f28c4f791f8:   f3 48 a5 48 89 df e8 1d f6 ff ff 48 89 c7 e8 65
0x00007f28c4f79208:   f0 ff ff 48 85 c0 49 89 c4 48 89 03 74 0e 31 f6 

Register to memory mapping:

RAX=0x0000000000000000 is an unknown value
RBX=0x0000000000000000 is an unknown value
RCX=0x00000000000001d4 is an unknown value
RDX=0x00007f28d5fcca4c is pointing into the stack for thread: 0x0000000000f2f800
RSP=0x00007f28d5fcbb20 is pointing into the stack for thread: 0x0000000000f2f800
RBP=0x0000000000000000 is an unknown value
RSI=0x0000000000000000 is an unknown value
RDI=0x00007f28d5fcbb20 is pointing into the stack for thread: 0x0000000000f2f800
R8 =0x0000000000000000 is an unknown value
R9 =0x0000000000000000 is an unknown value
R10=0x0000000000000000 is an unknown value
R11=0x0000000000000000 is an unknown value
R12=0x00007f28d5fcca4c is pointing into the stack for thread: 0x0000000000f2f800
R13=0x0000000000000000 is an unknown value
R14=0x0000000000000000 is an unknown value
R15=0x0000000000f2f800 is a thread


Stack: [0x00007f28d5ece000,0x00007f28d5fcf000],  sp=0x00007f28d5fcbb20,  free space=1014k
Native frames: (J=compiled Java code, j=interpreted, Vv=VM code, C=native code)
C  [liblcms2.so.2+0x121f8]  cmsSaveProfileToIOhandler+0x38

[error occurred during error reporting (printing native stack), id 0xb]

Java frames: (J=compiled Java code, j=interpreted, Vv=VM code)
j  sun.java2d.cmm.lcms.LCMS.getTagData(JI[B)V+0
j  java.awt.color.ICC_Profile.getData(JI)[B+26
j  java.awt.color.ICC_Profile.getData(I)[B+14
j  java.awt.color.ICC_Profile.getNumComponents()I+18
j  sun.java2d.cmm.lcms.LCMSTransform.<init>(Ljava/awt/color/ICC_Profile;II)V+83
j  sun.java2d.cmm.lcms.LCMS.createTransform(Ljava/awt/color/ICC_Profile;II)Lsun/java2d/cmm/ColorTransform;+7
j  java.awt.color.ICC_ColorSpace.fromRGB([F)[F+37
j  com.sun.imageio.plugins.jpeg.JPEGImageReader.setImageData(IIIII[B)V+158
v  ~StubRoutines::call_stub
j  com.sun.imageio.plugins.jpeg.JPEGImageReader.readImageHeader(JZZ)Z+0
j  com.sun.imageio.plugins.jpeg.JPEGImageReader.readNativeHeader(Z)Z+12
j  com.sun.imageio.plugins.jpeg.JPEGImageReader.checkTablesOnly()V+92
j  com.sun.imageio.plugins.jpeg.JPEGImageReader.gotoImage(I)V+41
j  com.sun.imageio.plugins.jpeg.JPEGImageReader.readHeader(IZ)V+2
j  com.sun.imageio.plugins.jpeg.JPEGImageReader.readInternal(ILjavax/imageio/ImageReadParam;Z)Ljava/awt/image/Raster;+3
j  com.sun.imageio.plugins.jpeg.JPEGImageReader.read(ILjavax/imageio/ImageReadParam;)Ljava/awt/image/BufferedImage;+8
j  javax.imageio.ImageIO.read(Ljavax/imageio/stream/ImageInputStream;)Ljava/awt/image/BufferedImage;+55
j  javax.imageio.ImageIO.read(Ljava/io/InputStream;)Ljava/awt/image/BufferedImage;+20
j  content.ImageBank.<init>()V+118
j  main.Main.main([Ljava/lang/String;)V+4
v  ~StubRoutines::call_stub

---------------  P R O C E S S  ---------------

Java Threads: ( => current thread )
  0x00007f28c01ac000 JavaThread "Thread-0" [_thread_blocked, id=4703, stack(0x00007f28c5a62000,0x00007f28c5b63000)]
  0x0000000001335000 JavaThread "AWT-EventQueue-0" [_thread_in_native, id=4702, stack(0x00007f28c5b63000,0x00007f28c5c64000)]
  0x00007f28c010d000 JavaThread "AWT-Shutdown" [_thread_blocked, id=4701, stack(0x00007f28c62fa000,0x00007f28c63fb000)]
  0x00007f28c007c000 JavaThread "process reaper" daemon [_thread_blocked, id=4699, stack(0x00007f28c63fb000,0x00007f28c6415000)]
  0x00007f28c0058800 JavaThread "AWT-XAWT" daemon [_thread_in_native, id=4697, stack(0x00007f28c6415000,0x00007f28c6516000)]
  0x00007f28c0012000 JavaThread "Java2D Disposer" daemon [_thread_blocked, id=4696, stack(0x00007f28c6516000,0x00007f28c6617000)]
  0x0000000001033000 JavaThread "Service Thread" daemon [_thread_blocked, id=4694, stack(0x00007f28ce464000,0x00007f28ce565000)]
  0x000000000102f800 JavaThread "C2 CompilerThread1" daemon [_thread_blocked, id=4693, stack(0x00007f28ce565000,0x00007f28ce666000)]
  0x000000000102c800 JavaThread "C2 CompilerThread0" daemon [_thread_blocked, id=4692, stack(0x00007f28ce666000,0x00007f28ce767000)]
  0x000000000102a800 JavaThread "Signal Dispatcher" daemon [_thread_blocked, id=4691, stack(0x00007f28ce767000,0x00007f28ce868000)]
  0x0000000000fcd000 JavaThread "Finalizer" daemon [_thread_blocked, id=4690, stack(0x00007f28cef55000,0x00007f28cf056000)]
  0x0000000000fca800 JavaThread "Reference Handler" daemon [_thread_blocked, id=4689, stack(0x00007f28cf056000,0x00007f28cf157000)]
=>0x0000000000f2f800 JavaThread "main" [_thread_in_native, id=4683, stack(0x00007f28d5ece000,0x00007f28d5fcf000)]

Other Threads:
  0x0000000000fc2800 VMThread [stack: 0x00007f28cf157000,0x00007f28cf258000] [id=4688]
  0x000000000103d800 WatcherThread [stack: 0x00007f28ce363000,0x00007f28ce464000] [id=4695]

VM state:not at safepoint (normal execution)

VM Mutex/Monitor currently owned by a thread: None

Heap
 PSYoungGen      total 18496K, used 6863K [0x00000000eb560000, 0x00000000eca00000, 0x0000000100000000)
  eden space 15872K, 43% used [0x00000000eb560000,0x00000000ebc13ef0,0x00000000ec4e0000)
  from space 2624K, 0% used [0x00000000ec770000,0x00000000ec770000,0x00000000eca00000)
  to   space 2624K, 0% used [0x00000000ec4e0000,0x00000000ec4e0000,0x00000000ec770000)
 PSOldGen        total 42304K, used 0K [0x00000000c2000000, 0x00000000c4950000, 0x00000000eb560000)
  object space 42304K, 0% used [0x00000000c2000000,0x00000000c2000000,0x00000000c4950000)
 PSPermGen       total 21248K, used 11356K [0x00000000b7a00000, 0x00000000b8ec0000, 0x00000000c2000000)
  object space 21248K, 53% used [0x00000000b7a00000,0x00000000b85170c8,0x00000000b8ec0000)

Code Cache  [0x00007f28cfd81000, 0x00007f28cfff1000, 0x00007f28d2d81000)
 total_blobs=450 nmethods=14 adapters=389 free_code_cache=48606Kb largest_free_block=49769216

Dynamic libraries:
00400000-00401000 r-xp 00000000 08:01 400896                             /usr/lib/jvm/java-7-openjdk-amd64/jre/bin/java
00600000-00601000 r--p 00000000 08:01 400896                             /usr/lib/jvm/java-7-openjdk-amd64/jre/bin/java
00601000-00602000 rw-p 00001000 08:01 400896                             /usr/lib/jvm/java-7-openjdk-amd64/jre/bin/java
00f25000-013de000 rw-p 00000000 00:00 0                                  [heap]
b7a00000-b8ec0000 rw-p 00000000 00:00 0 
b8ec0000-c2000000 rw-p 00000000 00:00 0 
c2000000-c4950000 rw-p 00000000 00:00 0 
c4950000-eb560000 rw-p 00000000 00:00 0 
eb560000-eca00000 rw-p 00000000 00:00 0 
eca00000-100000000 rw-p 00000000 00:00 0 
7f28c0000000-7f28c01f2000 rw-p 00000000 00:00 0 
7f28c01f2000-7f28c4000000 ---p 00000000 00:00 0 
7f28c4eea000-7f28c4f67000 rw-p 00000000 00:00 0 
7f28c4f67000-7f28c4fad000 r-xp 00000000 08:01 406696                     /usr/lib/x86_64-linux-gnu/liblcms2.so.2.0.2
7f28c4fad000-7f28c51ac000 ---p 00046000 08:01 406696                     /usr/lib/x86_64-linux-gnu/liblcms2.so.2.0.2
7f28c51ac000-7f28c51ad000 r--p 00045000 08:01 406696                     /usr/lib/x86_64-linux-gnu/liblcms2.so.2.0.2
7f28c51ad000-7f28c51b1000 rw-p 00046000 08:01 406696                     /usr/lib/x86_64-linux-gnu/liblcms2.so.2.0.2
7f28c51b1000-7f28c51b2000 rw-p 00000000 00:00 0 
7f28c51b2000-7f28c51b6000 r-xp 00000000 08:01 398964                     /usr/lib/jvm/java-7-openjdk-amd64/jre/lib/amd64/libjavalcms.so
7f28c51b6000-7f28c53b5000 ---p 00004000 08:01 398964                     /usr/lib/jvm/java-7-openjdk-amd64/jre/lib/amd64/libjavalcms.so
7f28c53b5000-7f28c53b6000 r--p 00003000 08:01 398964                     /usr/lib/jvm/java-7-openjdk-amd64/jre/lib/amd64/libjavalcms.so
7f28c53b6000-7f28c53b7000 rw-p 00004000 08:01 398964                     /usr/lib/jvm/java-7-openjdk-amd64/jre/lib/amd64/libjavalcms.so
7f28c53b7000-7f28c5610000 rw-s 00000000 00:04 10616834                   /SYSV00000000 (deleted)
7f28c5610000-7f28c5634000 r-xp 00000000 08:01 406680                     /usr/lib/x86_64-linux-gnu/libjpeg.so.62.0.0
7f28c5634000-7f28c5833000 ---p 00024000 08:01 406680                     /usr/lib/x86_64-linux-gnu/libjpeg.so.62.0.0
7f28c5833000-7f28c5834000 r--p 00023000 08:01 406680                     /usr/lib/x86_64-linux-gnu/libjpeg.so.62.0.0
7f28c5834000-7f28c5835000 rw-p 00024000 08:01 406680                     /usr/lib/x86_64-linux-gnu/libjpeg.so.62.0.0
7f28c5858000-7f28c5861000 r-xp 00000000 08:01 398665                     /usr/lib/jvm/java-7-openjdk-amd64/jre/lib/amd64/libjavajpeg.so
7f28c5861000-7f28c5a60000 ---p 00009000 08:01 398665                     /usr/lib/jvm/java-7-openjdk-amd64/jre/lib/amd64/libjavajpeg.so
7f28c5a60000-7f28c5a61000 r--p 00008000 08:01 398665                     /usr/lib/jvm/java-7-openjdk-amd64/jre/lib/amd64/libjavajpeg.so
7f28c5a61000-7f28c5a62000 rw-p 00009000 08:01 398665                     /usr/lib/jvm/java-7-openjdk-amd64/jre/lib/amd64/libjavajpeg.so
7f28c5a62000-7f28c5a65000 ---p 00000000 00:00 0 
7f28c5a65000-7f28c5b63000 rw-p 00000000 00:00 0 
7f28c5b63000-7f28c5b66000 ---p 00000000 00:00 0 
7f28c5b66000-7f28c5c64000 rw-p 00000000 00:00 0 
7f28c5c64000-7f28c5c74000 r-xp 00000000 08:01 399340                     /usr/lib/jvm/java-7-openjdk-amd64/jre/lib/amd64/libnio.so
7f28c5c74000-7f28c5e73000 ---p 00010000 08:01 399340                     /usr/lib/jvm/java-7-openjdk-amd64/jre/lib/amd64/libnio.so
7f28c5e73000-7f28c5e74000 r--p 0000f000 08:01 399340                     /usr/lib/jvm/java-7-openjdk-amd64/jre/lib/amd64/libnio.so
7f28c5e74000-7f28c5e75000 rw-p 00010000 08:01 399340                     /usr/lib/jvm/java-7-openjdk-amd64/jre/lib/amd64/libnio.so
7f28c5e75000-7f28c5ea6000 rw-p 00000000 00:00 0 
7f28c5ea6000-7f28c5ebc000 r-xp 00000000 08:01 399248                     /usr/lib/jvm/java-7-openjdk-amd64/jre/lib/amd64/libnet.so
7f28c5ebc000-7f28c60bb000 ---p 00016000 08:01 399248                     /usr/lib/jvm/java-7-openjdk-amd64/jre/lib/amd64/libnet.so
7f28c60bb000-7f28c60bc000 r--p 00015000 08:01 399248                     /usr/lib/jvm/java-7-openjdk-amd64/jre/lib/amd64/libnet.so
7f28c60bc000-7f28c60bd000 rw-p 00016000 08:01 399248                     /usr/lib/jvm/java-7-openjdk-amd64/jre/lib/amd64/libnet.so
7f28c60bd000-7f28c60f7000 r-xp 00000000 08:01 398142                     /usr/lib/jvm/java-7-openjdk-amd64/jre/lib/amd64/libfontmanager.so
7f28c60f7000-7f28c62f7000 ---p 0003a000 08:01 398142                     /usr/lib/jvm/java-7-openjdk-amd64/jre/lib/amd64/libfontmanager.so
7f28c62f7000-7f28c62f9000 r--p 0003a000 08:01 398142                     /usr/lib/jvm/java-7-openjdk-amd64/jre/lib/amd64/libfontmanager.so
7f28c62f9000-7f28c62fa000 rw-p 0003c000 08:01 398142                     /usr/lib/jvm/java-7-openjdk-amd64/jre/lib/amd64/libfontmanager.so
7f28c62fa000-7f28c62fd000 ---p 00000000 00:00 0 
7f28c62fd000-7f28c63fb000 rw-p 00000000 00:00 0 
7f28c63fb000-7f28c63fe000 ---p 00000000 00:00 0 
7f28c63fe000-7f28c6415000 rw-p 00000000 00:00 0 
7f28c6415000-7f28c6418000 ---p 00000000 00:00 0 
7f28c6418000-7f28c6516000 rw-p 00000000 00:00 0 
7f28c6516000-7f28c6519000 ---p 00000000 00:00 0 
7f28c6519000-7f28c6617000 rw-p 00000000 00:00 0 
7f28c6617000-7f28c661a000 r-xp 00000000 08:01 139849                     /lib/x86_64-linux-gnu/libgpg-error.so.0.8.0
7f28c661a000-7f28c6819000 ---p 00003000 08:01 139849                     /lib/x86_64-linux-gnu/libgpg-error.so.0.8.0
7f28c6819000-7f28c681a000 r--p 00002000 08:01 139849                     /lib/x86_64-linux-gnu/libgpg-error.so.0.8.0
7f28c681a000-7f28c681b000 rw-p 00003000 08:01 139849                     /lib/x86_64-linux-gnu/libgpg-error.so.0.8.0
7f28c681b000-7f28c681d000 r-xp 00000000 08:01 139851                     /lib/x86_64-linux-gnu/libkeyutils.so.1.3
7f28c681d000-7f28c6a1c000 ---p 00002000 08:01 139851                     /lib/x86_64-linux-gnu/libkeyutils.so.1.3
7f28c6a1c000-7f28c6a1d000 r--p 00001000 08:01 139851                     /lib/x86_64-linux-gnu/libkeyutils.so.1.3
7f28c6a1d000-7f28c6a1e000 rw-p 00002000 08:01 139851                     /lib/x86_64-linux-gnu/libkeyutils.so.1.3
7f28c6a1e000-7f28c6a60000 r-xp 00000000 08:01 135649                     /lib/x86_64-linux-gnu/libdbus-1.so.3.5.7
7f28c6a60000-7f28c6c5f000 ---p 00042000 08:01 135649                     /lib/x86_64-linux-gnu/libdbus-1.so.3.5.7
7f28c6c5f000-7f28c6c60000 r--p 00041000 08:01 135649                     /lib/x86_64-linux-gnu/libdbus-1.so.3.5.7
7f28c6c60000-7f28c6c61000 rw-p 00042000 08:01 135649                     /lib/x86_64-linux-gnu/libdbus-1.so.3.5.7
7f28c6c61000-7f28c6cdb000 r-xp 00000000 08:01 139845                     /lib/x86_64-linux-gnu/libgcrypt.so.11.7.0
7f28c6cdb000-7f28c6edb000 ---p 0007a000 08:01 139845                     /lib/x86_64-linux-gnu/libgcrypt.so.11.7.0
7f28c6edb000-7f28c6edc000 r--p 0007a000 08:01 139845                     /lib/x86_64-linux-gnu/libgcrypt.so.11.7.0
7f28c6edc000-7f28c6edf000 rw-p 0007b000 08:01 139845                     /lib/x86_64-linux-gnu/libgcrypt.so.11.7.0
7f28c6edf000-7f28c6eef000 r-xp 00000000 08:01 406788                     /usr/lib/x86_64-linux-gnu/libtasn1.so.3.1.11
7f28c6eef000-7f28c70ee000 ---p 00010000 08:01 406788                     /usr/lib/x86_64-linux-gnu/libtasn1.so.3.1.11
7f28c70ee000-7f28c70ef000 r--p 0000f000 08:01 406788                     /usr/lib/x86_64-linux-gnu/libtasn1.so.3.1.11
7f28c70ef000-7f28c70f0000 rw-p 00010000 08:01 406788                     /usr/lib/x86_64-linux-gnu/libtasn1.so.3.1.11
7f28c70f0000-7f28c70f7000 r-xp 00000000 08:01 397002                     /usr/lib/x86_64-linux-gnu/libkrb5support.so.0.1
7f28c70f7000-7f28c72f6000 ---p 00007000 08:01 397002                     /usr/lib/x86_64-linux-gnu/libkrb5support.so.0.1
7f28c72f6000-7f28c72f7000 r--p 00006000 08:01 397002                     /usr/lib/x86_64-linux-gnu/libkrb5support.so.0.1
7f28c72f7000-7f28c72f8000 rw-p 00007000 08:01 397002                     /usr/lib/x86_64-linux-gnu/libkrb5support.so.0.1
7f28c72f8000-7f28c72fb000 r-xp 00000000 08:01 139827                     /lib/x86_64-linux-gnu/libcom_err.so.2.1
7f28c72fb000-7f28c74fa000 ---p 00003000 08:01 139827                     /lib/x86_64-linux-gnu/libcom_err.so.2.1
7f28c74fa000-7f28c74fb000 r--p 00002000 08:01 139827                     /lib/x86_64-linux-gnu/libcom_err.so.2.1
7f28c74fb000-7f28c74fc000 rw-p 00003000 08:01 139827                     /lib/x86_64-linux-gnu/libcom_err.so.2.1
7f28c74fc000-7f28c7522000 r-xp 00000000 08:01 394051                     /usr/lib/x86_64-linux-gnu/libk5crypto.so.3.1
7f28c7522000-7f28c7721000 ---p 00026000 08:01 394051                     /usr/lib/x86_64-linux-gnu/libk5crypto.so.3.1
7f28c7721000-7f28c7723000 r--p 00025000 08:01 394051                     /usr/lib/x86_64-linux-gnu/libk5crypto.so.3.1
7f28c7723000-7f28c7724000 rw-p 00027000 08:01 394051                     /usr/lib/x86_64-linux-gnu/libk5crypto.so.3.1
7f28c7724000-7f28c77e3000 r-xp 00000000 08:01 397018                     /usr/lib/x86_64-linux-gnu/libkrb5.so.3.3
7f28c77e3000-7f28c79e3000 ---p 000bf000 08:01 397018                     /usr/lib/x86_64-linux-gnu/libkrb5.so.3.3
7f28c79e3000-7f28c79ec000 r--p 000bf000 08:01 397018                     /usr/lib/x86_64-linux-gnu/libkrb5.so.3.3
7f28c79ec000-7f28c79ed000 rw-p 000c8000 08:01 397018                     /usr/lib/x86_64-linux-gnu/libkrb5.so.3.3
7f28c79ed000-7f28c79f4000 r-xp 00000000 08:01 406811                     /usr/lib/x86_64-linux-gnu/libxcb-render.so.0.0.0
7f28c79f4000-7f28c7bf4000 ---p 00007000 08:01 406811                     /usr/lib/x86_64-linux-gnu/libxcb-render.so.0.0.0
7f28c7bf4000-7f28c7bf5000 r--p 00007000 08:01 406811                     /usr/lib/x86_64-linux-gnu/libxcb-render.so.0.0.0
7f28c7bf5000-7f28c7bf6000 rw-p 00008000 08:01 406811                     /usr/lib/x86_64-linux-gnu/libxcb-render.so.0.0.0
7f28c7bf6000-7f28c7bf8000 r-xp 00000000 08:01 406815                     /usr/lib/x86_64-linux-gnu/libxcb-shm.so.0.0.0
7f28c7bf8000-7f28c7df7000 ---p 00002000 08:01 406815                     /usr/lib/x86_64-linux-gnu/libxcb-shm.so.0.0.0
7f28c7df7000-7f28c7df8000 r--p 00001000 08:01 406815                     /usr/lib/x86_64-linux-gnu/libxcb-shm.so.0.0.0
7f28c7df8000-7f28c7df9000 rw-p 00002000 08:01 406815                     /usr/lib/x86_64-linux-gnu/libxcb-shm.so.0.0.0
7f28c7df9000-7f28c7e1f000 r-xp 00000000 08:01 139881                     /lib/x86_64-linux-gnu/libpng12.so.0.46.0
7f28c7e1f000-7f28c801e000 ---p 00026000 08:01 139881                     /lib/x86_64-linux-gnu/libpng12.so.0.46.0
7f28c801e000-7f28c801f000 r--p 00025000 08:01 139881                     /lib/x86_64-linux-gnu/libpng12.so.0.46.0
7f28c801f000-7f28c8020000 rw-p 00026000 08:01 139881                     /lib/x86_64-linux-gnu/libpng12.so.0.46.0
7f28c8020000-7f28c808e000 r-xp 00000000 08:01 406743                     /usr/lib/x86_64-linux-gnu/libpixman-1.so.0.22.2
7f28c808e000-7f28c828e000 ---p 0006e000 08:01 406743                     /usr/lib/x86_64-linux-gnu/libpixman-1.so.0.22.2
7f28c828e000-7f28c8293000 r--p 0006e000 08:01 406743                     /usr/lib/x86_64-linux-gnu/libpixman-1.so.0.22.2
7f28c8293000-7f28c8294000 rw-p 00073000 08:01 406743                     /usr/lib/x86_64-linux-gnu/libpixman-1.so.0.22.2
7f28c8294000-7f28c8299000 r-xp 00000000 08:01 406539                     /usr/lib/x86_64-linux-gnu/libXdmcp.so.6.0.0
7f28c8299000-7f28c8498000 ---p 00005000 08:01 406539                     /usr/lib/x86_64-linux-gnu/libXdmcp.so.6.0.0
7f28c8498000-7f28c8499000 r--p 00004000 08:01 406539                     /usr/lib/x86_64-linux-gnu/libXdmcp.so.6.0.0
7f28c8499000-7f28c849a000 rw-p 00005000 08:01 406539                     /usr/lib/x86_64-linux-gnu/libXdmcp.so.6.0.0
7f28c849a000-7f28c849c000 r-xp 00000000 08:01 406531                     /usr/lib/x86_64-linux-gnu/libXau.so.6.0.0
7f28c849c000-7f28c869b000 ---p 00002000 08:01 406531                     /usr/lib/x86_64-linux-gnu/libXau.so.6.0.0
7f28c869b000-7f28c869c000 r--p 00001000 08:01 406531                     /usr/lib/x86_64-linux-gnu/libXau.so.6.0.0
7f28c869c000-7f28c869d000 rw-p 00002000 08:01 406531                     /usr/lib/x86_64-linux-gnu/libXau.so.6.0.0
7f28c869d000-7f28c86ae000 r-xp 00000000 08:01 406571                     /usr/lib/x86_64-linux-gnu/libavahi-client.so.3.2.9
7f28c86ae000-7f28c88ae000 ---p 00011000 08:01 406571                     /usr/lib/x86_64-linux-gnu/libavahi-client.so.3.2.9
7f28c88ae000-7f28c88af000 r--p 00011000 08:01 406571                     /usr/lib/x86_64-linux-gnu/libavahi-client.so.3.2.9
7f28c88af000-7f28c88b0000 rw-p 00012000 08:01 406571                     /usr/lib/x86_64-linux-gnu/libavahi-client.so.3.2.9
7f28c88b0000-7f28c88bd000 r-xp 00000000 08:01 406573                     /usr/lib/x86_64-linux-gnu/libavahi-common.so.3.5.3
7f28c88bd000-7f28c8abc000 ---p 0000d000 08:01 406573                     /usr/lib/x86_64-linux-gnu/libavahi-common.so.3.5.3
7f28c8abc000-7f28c8abd000 r--p 0000c000 08:01 406573                     /usr/lib/x86_64-linux-gnu/libavahi-common.so.3.5.3
7f28c8abd000-7f28c8abe000 rw-p 0000d000 08:01 406573                     /usr/lib/x86_64-linux-gnu/libavahi-common.so.3.5.3
7f28c8abe000-7f28c8b5f000 r-xp 00000000 08:01 406657                     /usr/lib/x86_64-linux-gnu/libgnutls.so.26.16.14
7f28c8b5f000-7f28c8d5e000 ---p 000a1000 08:01 406657                     /usr/lib/x86_64-linux-gnu/libgnutls.so.26.16.14
7f28c8d5e000-7f28c8d65000 r--p 000a0000 08:01 406657                     /usr/lib/x86_64-linux-gnu/libgnutls.so.26.16.14
7f28c8d65000-7f28c8d66000 rw-p 000a7000 08:01 406657                     /usr/lib/x86_64-linux-gnu/libgnutls.so.26.16.14
7f28c8d66000-7f28c8da1000 r-xp 00000000 08:01 406685                     /usr/lib/x86_64-linux-gnu/libgssapi_krb5.so.2.2
7f28c8da1000-7f28c8fa1000 ---p 0003b000 08:01 406685                     /usr/lib/x86_64-linux-gnu/libgssapi_krb5.so.2.2
7f28c8fa1000-7f28c8fa2000 r--p 0003b000 08:01 406685                     /usr/lib/x86_64-linux-gnu/libgssapi_krb5.so.2.2
7f28c8fa2000-7f28c8fa4000 rw-p 0003c000 08:01 406685                     /usr/lib/x86_64-linux-gnu/libgssapi_krb5.so.2.2
7f28c8fa4000-7f28c8fdf000 r-xp 00000000 08:01 139879                     /lib/x86_64-linux-gnu/libpcre.so.3.12.1
7f28c8fdf000-7f28c91de000 ---p 0003b000 08:01 139879                     /lib/x86_64-linux-gnu/libpcre.so.3.12.1
7f28c91de000-7f28c91df000 r--p 0003a000 08:01 139879                     /lib/x86_64-linux-gnu/libpcre.so.3.12.1
7f28c91df000-7f28c91e0000 rw-p 0003b000 08:01 139879                     /lib/x86_64-linux-gnu/libpcre.so.3.12.1
7f28c91e0000-7f28c91e7000 r-xp 00000000 08:01 396800                     /usr/lib/x86_64-linux-gnu/libffi.so.6.0.0
7f28c91e7000-7f28c93e6000 ---p 00007000 08:01 396800                     /usr/lib/x86_64-linux-gnu/libffi.so.6.0.0
7f28c93e6000-7f28c93e7000 r--p 00006000 08:01 396800                     /usr/lib/x86_64-linux-gnu/libffi.so.6.0.0
7f28c93e7000-7f28c93e8000 rw-p 00007000 08:01 396800                     /usr/lib/x86_64-linux-gnu/libffi.so.6.0.0
7f28c93e8000-7f28c940f000 r-xp 00000000 08:01 139838                     /lib/x86_64-linux-gnu/libexpat.so.1.5.2
7f28c940f000-7f28c960f000 ---p 00027000 08:01 139838                     /lib/x86_64-linux-gnu/libexpat.so.1.5.2
7f28c960f000-7f28c9611000 r--p 00027000 08:01 139838                     /lib/x86_64-linux-gnu/libexpat.so.1.5.2
7f28c9611000-7f28c9612000 rw-p 00029000 08:01 139838                     /lib/x86_64-linux-gnu/libexpat.so.1.5.2
7f28c9612000-7f28c96a4000 r-xp 00000000 08:01 406632                     /usr/lib/x86_64-linux-gnu/libfreetype.so.6.6.2
7f28c96a4000-7f28c98a3000 ---p 00092000 08:01 406632                     /usr/lib/x86_64-linux-gnu/libfreetype.so.6.6.2
7f28c98a3000-7f28c98a9000 r--p 00091000 08:01 406632                     /usr/lib/x86_64-linux-gnu/libfreetype.so.6.6.2
7f28c98a9000-7f28c98aa000 rw-p 00097000 08:01 406632                     /usr/lib/x86_64-linux-gnu/libfreetype.so.6.6.2
7f28c98aa000-7f28c98c1000 r-xp 00000000 08:01 134597                     /lib/x86_64-linux-gnu/libresolv-2.13.so
7f28c98c1000-7f28c9ac1000 ---p 00017000 08:01 134597                     /lib/x86_64-linux-gnu/libresolv-2.13.so
7f28c9ac1000-7f28c9ac2000 r--p 00017000 08:01 134597                     /lib/x86_64-linux-gnu/libresolv-2.13.so
7f28c9ac2000-7f28c9ac3000 rw-p 00018000 08:01 134597                     /lib/x86_64-linux-gnu/libresolv-2.13.so
7f28c9ac3000-7f28c9ac5000 rw-p 00000000 00:00 0 
7f28c9ac5000-7f28c9ae1000 r-xp 00000000 08:01 139888                     /lib/x86_64-linux-gnu/libselinux.so.1
7f28c9ae1000-7f28c9ce0000 ---p 0001c000 08:01 139888                     /lib/x86_64-linux-gnu/libselinux.so.1
7f28c9ce0000-7f28c9ce1000 r--p 0001b000 08:01 139888                     /lib/x86_64-linux-gnu/libselinux.so.1
7f28c9ce1000-7f28c9ce2000 rw-p 0001c000 08:01 139888                     /lib/x86_64-linux-gnu/libselinux.so.1
7f28c9ce2000-7f28c9ce3000 rw-p 00000000 00:00 0 
7f28c9ce3000-7f28c9ce5000 r-xp 00000000 08:01 406537                     /usr/lib/x86_64-linux-gnu/libXdamage.so.1.1.0
7f28c9ce5000-7f28c9ee4000 ---p 00002000 08:01 406537                     /usr/lib/x86_64-linux-gnu/libXdamage.so.1.1.0
7f28c9ee4000-7f28c9ee5000 r--p 00001000 08:01 406537                     /usr/lib/x86_64-linux-gnu/libXdamage.so.1.1.0
7f28c9ee5000-7f28c9ee6000 rw-p 00002000 08:01 406537                     /usr/lib/x86_64-linux-gnu/libXdamage.so.1.1.0
7f28c9ee6000-7f28c9ee8000 r-xp 00000000 08:01 406533                     /usr/lib/x86_64-linux-gnu/libXcomposite.so.1.0.0
7f28c9ee8000-7f28ca0e7000 ---p 00002000 08:01 406533                     /usr/lib/x86_64-linux-gnu/libXcomposite.so.1.0.0
7f28ca0e7000-7f28ca0e8000 r--p 00001000 08:01 406533                     /usr/lib/x86_64-linux-gnu/libXcomposite.so.1.0.0
7f28ca0e8000-7f28ca0e9000 rw-p 00002000 08:01 406533                     /usr/lib/x86_64-linux-gnu/libXcomposite.so.1.0.0
7f28ca0e9000-7f28ca0f2000 r-xp 00000000 08:01 406535                     /usr/lib/x86_64-linux-gnu/libXcursor.so.1.0.2
7f28ca0f2000-7f28ca2f1000 ---p 00009000 08:01 406535                     /usr/lib/x86_64-linux-gnu/libXcursor.so.1.0.2
7f28ca2f1000-7f28ca2f2000 r--p 00008000 08:01 406535                     /usr/lib/x86_64-linux-gnu/libXcursor.so.1.0.2
7f28ca2f2000-7f28ca2f3000 rw-p 00009000 08:01 406535                     /usr/lib/x86_64-linux-gnu/libXcursor.so.1.0.2
7f28ca2f3000-7f28ca2fb000 r-xp 00000000 08:01 406551                     /usr/lib/x86_64-linux-gnu/libXrandr.so.2.2.0
7f28ca2fb000-7f28ca4fa000 ---p 00008000 08:01 406551                     /usr/lib/x86_64-linux-gnu/libXrandr.so.2.2.0
7f28ca4fa000-7f28ca4fb000 r--p 00007000 08:01 406551                     /usr/lib/x86_64-linux-gnu/libXrandr.so.2.2.0
7f28ca4fb000-7f28ca4fc000 rw-p 00008000 08:01 406551                     /usr/lib/x86_64-linux-gnu/libXrandr.so.2.2.0
7f28ca4fc000-7f28ca4fe000 r-xp 00000000 08:01 406549                     /usr/lib/x86_64-linux-gnu/libXinerama.so.1.0.0
7f28ca4fe000-7f28ca6fd000 ---p 00002000 08:01 406549                     /usr/lib/x86_64-linux-gnu/libXinerama.so.1.0.0
7f28ca6fd000-7f28ca6fe000 r--p 00001000 08:01 406549                     /usr/lib/x86_64-linux-gnu/libXinerama.so.1.0.0
7f28ca6fe000-7f28ca6ff000 rw-p 00002000 08:01 406549                     /usr/lib/x86_64-linux-gnu/libXinerama.so.1.0.0
7f28ca6ff000-7f28ca702000 r-xp 00000000 08:01 395217                     /usr/lib/x86_64-linux-gnu/libgmodule-2.0.so.0.3000.0
7f28ca702000-7f28ca901000 ---p 00003000 08:01 395217                     /usr/lib/x86_64-linux-gnu/libgmodule-2.0.so.0.3000.0
7f28ca901000-7f28ca902000 r--p 00002000 08:01 395217                     /usr/lib/x86_64-linux-gnu/libgmodule-2.0.so.0.3000.0
7f28ca902000-7f28ca903000 rw-p 00003000 08:01 395217                     /usr/lib/x86_64-linux-gnu/libgmodule-2.0.so.0.3000.0
7f28ca903000-7f28ca92d000 r-xp 00000000 08:01 397305                     /usr/lib/x86_64-linux-gnu/libpangoft2-1.0.so.0.2903.0
7f28ca92d000-7f28cab2c000 ---p 0002a000 08:01 397305                     /usr/lib/x86_64-linux-gnu/libpangoft2-1.0.so.0.2903.0
7f28cab2c000-7f28cab2d000 r--p 00029000 08:01 397305                     /usr/lib/x86_64-linux-gnu/libpangoft2-1.0.so.0.2903.0
7f28cab2d000-7f28cab2e000 rw-p 0002a000 08:01 397305                     /usr/lib/x86_64-linux-gnu/libpangoft2-1.0.so.0.2903.0
7f28cab2e000-7f28cabe7000 r-xp 00000000 08:01 406593                     /usr/lib/x86_64-linux-gnu/libcairo.so.2.11000.2
7f28cabe7000-7f28cade6000 ---p 000b9000 08:01 406593                     /usr/lib/x86_64-linux-gnu/libcairo.so.2.11000.2
7f28cade6000-7f28cade8000 r--p 000b8000 08:01 406593                     /usr/lib/x86_64-linux-gnu/libcairo.so.2.11000.2
7f28cade8000-7f28cade9000 rw-p 000ba000 08:01 406593                     /usr/lib/x86_64-linux-gnu/libcairo.so.2.11000.2
7f28cade9000-7f28cadec000 rw-p 00000000 00:00 0 
7f28cadec000-7f28cae0b000 r-xp 00000000 08:01 394856                     /usr/lib/x86_64-linux-gnu/libatk-1.0.so.0.20209.1
7f28cae0b000-7f28cb00b000 ---p 0001f000 08:01 394856                     /usr/lib/x86_64-linux-gnu/libatk-1.0.so.0.20209.1
7f28cb00b000-7f28cb00d000 r--p 0001f000 08:01 394856                     /usr/lib/x86_64-linux-gnu/libatk-1.0.so.0.20209.1
7f28cb00d000-7f28cb00e000 rw-p 00021000 08:01 394856                     /usr/lib/x86_64-linux-gnu/libatk-1.0.so.0.20209.1
7f28cb00e000-7f28cb013000 r-xp 00000000 08:01 406543                     /usr/lib/x86_64-linux-gnu/libXfixes.so.3.1.0
7f28cb013000-7f28cb212000 ---p 00005000 08:01 406543                     /usr/lib/x86_64-linux-gnu/libXfixes.so.3.1.0
7f28cb212000-7f28cb213000 r--p 00004000 08:01 406543                     /usr/lib/x86_64-linux-gnu/libXfixes.so.3.1.0
7f28cb213000-7f28cb214000 rw-p 00005000 08:01 406543                     /usr/lib/x86_64-linux-gnu/libXfixes.so.3.1.0
7f28cb214000-7f28cb21f000 r-xp 00000000 08:01 397309                     /usr/lib/x86_64-linux-gnu/libpangocairo-1.0.so.0.2903.0
7f28cb21f000-7f28cb41f000 ---p 0000b000 08:01 397309                     /usr/lib/x86_64-linux-gnu/libpangocairo-1.0.so.0.2903.0
7f28cb41f000-7f28cb420000 r--p 0000b000 08:01 397309                     /usr/lib/x86_64-linux-gnu/libpangocairo-1.0.so.0.2903.0
7f28cb420000-7f28cb421000 rw-p 0000c000 08:01 397309                     /usr/lib/x86_64-linux-gnu/libpangocairo-1.0.so.0.2903.0
7f28cb421000-7f28cb43c000 r-xp 00000000 08:01 406817                     /usr/lib/x86_64-linux-gnu/libxcb.so.1.1.0
7f28cb43c000-7f28cb63b000 ---p 0001b000 08:01 406817                     /usr/lib/x86_64-linux-gnu/libxcb.so.1.1.0
7f28cb63b000-7f28cb63c000 r--p 0001a000 08:01 406817                     /usr/lib/x86_64-linux-gnu/libxcb.so.1.1.0
7f28cb63c000-7f28cb63d000 rw-p 0001b000 08:01 406817                     /usr/lib/x86_64-linux-gnu/libxcb.so.1.1.0
7f28cb63d000-7f28cb68b000 r-xp 00000000 08:01 400264                     /usr/lib/x86_64-linux-gnu/libcups.so.2
7f28cb68b000-7f28cb88b000 ---p 0004e000 08:01 400264                     /usr/lib/x86_64-linux-gnu/libcups.so.2
7f28cb88b000-7f28cb88f000 r--p 0004e000 08:01 400264                     /usr/lib/x86_64-linux-gnu/libcups.so.2
7f28cb88f000-7f28cb890000 rw-p 00052000 08:01 400264                     /usr/lib/x86_64-linux-gnu/libcups.so.2
7f28cb890000-7f28cb984000 r-xp 00000000 08:01 134283                     /lib/x86_64-linux-gnu/libglib-2.0.so.0.3000.0
7f28cb984000-7f28cbb83000 ---p 000f4000 08:01 134283                     /lib/x86_64-linux-gnu/libglib-2.0.so.0.3000.0
7f28cbb83000-7f28cbb84000 r--p 000f3000 08:01 134283                     /lib/x86_64-linux-gnu/libglib-2.0.so.0.3000.0
7f28cbb84000-7f28cbb85000 rw-p 000f4000 08:01 134283                     /lib/x86_64-linux-gnu/libglib-2.0.so.0.3000.0
7f28cbb85000-7f28cbb86000 rw-p 00000000 00:00 0 
7f28cbb86000-7f28cbb8a000 r-xp 00000000 08:01 394708                     /usr/lib/x86_64-linux-gnu/libgthread-2.0.so.0.3000.0
7f28cbb8a000-7f28cbd89000 ---p 00004000 08:01 394708                     /usr/lib/x86_64-linux-gnu/libgthread-2.0.so.0.3000.0
7f28cbd89000-7f28cbd8a000 r--p 00003000 08:01 394708                     /usr/lib/x86_64-linux-gnu/libgthread-2.0.so.0.3000.0
7f28cbd8a000-7f28cbd8b000 rw-p 00004000 08:01 394708                     /usr/lib/x86_64-linux-gnu/libgthread-2.0.so.0.3000.0
7f28cbd8b000-7f28cbdd9000 r-xp 00000000 08:01 394707                     /usr/lib/x86_64-linux-gnu/libgobject-2.0.so.0.3000.0
7f28cbdd9000-7f28cbfd9000 ---p 0004e000 08:01 394707                     /usr/lib/x86_64-linux-gnu/libgobject-2.0.so.0.3000.0
7f28cbfd9000-7f28cbfda000 r--p 0004e000 08:01 394707                     /usr/lib/x86_64-linux-gnu/libgobject-2.0.so.0.3000.0
7f28cbfda000-7f28cbfdb000 rw-p 0004f000 08:01 394707                     /usr/lib/x86_64-linux-gnu/libgobject-2.0.so.0.3000.0
7f28cbfdb000-7f28cbfdc000 rw-p 00000000 00:00 0 
7f28cbfdc000-7f28cc010000 r-xp 00000000 08:01 406630                     /usr/lib/x86_64-linux-gnu/libfontconfig.so.1.4.4
7f28cc010000-7f28cc210000 ---p 00034000 08:01 406630                     /usr/lib/x86_64-linux-gnu/libfontconfig.so.1.4.4
7f28cc210000-7f28cc211000 r--p 00034000 08:01 406630                     /usr/lib/x86_64-linux-gnu/libfontconfig.so.1.4.4
7f28cc211000-7f28cc212000 rw-p 00035000 08:01 406630                     /usr/lib/x86_64-linux-gnu/libfontconfig.so.1.4.4
7f28cc212000-7f28cc259000 r-xp 00000000 08:01 397304                     /usr/lib/x86_64-linux-gnu/libpango-1.0.so.0.2903.0
7f28cc259000-7f28cc459000 ---p 00047000 08:01 397304                     /usr/lib/x86_64-linux-gnu/libpango-1.0.so.0.2903.0
7f28cc459000-7f28cc45b000 r--p 00047000 08:01 397304                     /usr/lib/x86_64-linux-gnu/libpango-1.0.so.0.2903.0
7f28cc45b000-7f28cc45c000 rw-p 00049000 08:01 397304                     /usr/lib/x86_64-linux-gnu/libpango-1.0.so.0.2903.0
7f28cc45c000-7f28cc47a000 r-xp 00000000 08:01 394128                     /usr/lib/x86_64-linux-gnu/libgdk_pixbuf-2.0.so.0.2400.0
7f28cc47a000-7f28cc679000 ---p 0001e000 08:01 394128                     /usr/lib/x86_64-linux-gnu/libgdk_pixbuf-2.0.so.0.2400.0
7f28cc679000-7f28cc67a000 r--p 0001d000 08:01 394128                     /usr/lib/x86_64-linux-gnu/libgdk_pixbuf-2.0.so.0.2400.0
7f28cc67a000-7f28cc67b000 rw-p 0001e000 08:01 394128                     /usr/lib/x86_64-linux-gnu/libgdk_pixbuf-2.0.so.0.2400.0
7f28cc67b000-7f28cc7b6000 r-xp 00000000 08:01 394685                     /usr/lib/x86_64-linux-gnu/libgio-2.0.so.0.3000.0
7f28cc7b6000-7f28cc9b5000 ---p 0013b000 08:01 394685                     /usr/lib/x86_64-linux-gnu/libgio-2.0.so.0.3000.0
7f28cc9b5000-7f28cc9b9000 r--p 0013a000 08:01 394685                     /usr/lib/x86_64-linux-gnu/libgio-2.0.so.0.3000.0
7f28cc9b9000-7f28cc9bb000 rw-p 0013e000 08:01 394685                     /usr/lib/x86_64-linux-gnu/libgio-2.0.so.0.3000.0
7f28cc9bb000-7f28cc9bd000 rw-p 00000000 00:00 0 
7f28cc9bd000-7f28cca6a000 r-xp 00000000 08:01 397253                     /usr/lib/x86_64-linux-gnu/libgdk-x11-2.0.so.0.2400.6
7f28cca6a000-7f28ccc69000 ---p 000ad000 08:01 397253                     /usr/lib/x86_64-linux-gnu/libgdk-x11-2.0.so.0.2400.6
7f28ccc69000-7f28ccc6d000 r--p 000ac000 08:01 397253                     /usr/lib/x86_64-linux-gnu/libgdk-x11-2.0.so.0.2400.6
7f28ccc6d000-7f28ccc6f000 rw-p 000b0000 08:01 397253                     /usr/lib/x86_64-linux-gnu/libgdk-x11-2.0.so.0.2400.6
7f28ccc6f000-7f28cd09e000 r-xp 00000000 08:01 397246                     /usr/lib/x86_64-linux-gnu/libgtk-x11-2.0.so.0.2400.6
7f28cd09e000-7f28cd29e000 ---p 0042f000 08:01 397246                     /usr/lib/x86_64-linux-gnu/libgtk-x11-2.0.so.0.2400.6
7f28cd29e000-7f28cd2a5000 r--p 0042f000 08:01 397246                     /usr/lib/x86_64-linux-gnu/libgtk-x11-2.0.so.0.2400.6
7f28cd2a5000-7f28cd2a9000 rw-p 00436000 08:01 397246                     /usr/lib/x86_64-linux-gnu/libgtk-x11-2.0.so.0.2400.6
7f28cd2a9000-7f28cd2ab000 rw-p 00000000 00:00 0 
7f28cd2ab000-7f28cd2ba000 r-xp 00000000 08:01 406547                     /usr/lib/x86_64-linux-gnu/libXi.so.6.1.0
7f28cd2ba000-7f28cd4b9000 ---p 0000f000 08:01 406547                     /usr/lib/x86_64-linux-gnu/libXi.so.6.1.0
7f28cd4b9000-7f28cd4ba000 r--p 0000e000 08:01 406547                     /usr/lib/x86_64-linux-gnu/libXi.so.6.1.0
7f28cd4ba000-7f28cd4bb000 rw-p 0000f000 08:01 406547                     /usr/lib/x86_64-linux-gnu/libXi.so.6.1.0
7f28cd4bb000-7f28cd4c0000 r-xp 00000000 08:01 398564                     /usr/lib/libXtst.so.6.1.0
7f28cd4c0000-7f28cd6bf000 ---p 00005000 08:01 398564                     /usr/lib/libXtst.so.6.1.0
7f28cd6bf000-7f28cd6c0000 r--p 00004000 08:01 398564                     /usr/lib/libXtst.so.6.1.0
7f28cd6c0000-7f28cd6c1000 rw-p 00005000 08:01 398564                     /usr/lib/libXtst.so.6.1.0
7f28cd6c1000-7f28cd6ca000 r-xp 00000000 08:01 406553                     /usr/lib/x86_64-linux-gnu/libXrender.so.1.3.0
7f28cd6ca000-7f28cd8ca000 ---p 00009000 08:01 406553                     /usr/lib/x86_64-linux-gnu/libXrender.so.1.3.0
7f28cd8ca000-7f28cd8cb000 r--p 00009000 08:01 406553                     /usr/lib/x86_64-linux-gnu/libXrender.so.1.3.0
7f28cd8cb000-7f28cd8cc000 rw-p 0000a000 08:01 406553                     /usr/lib/x86_64-linux-gnu/libXrender.so.1.3.0
7f28cd8cc000-7f28cd9ff000 r-xp 00000000 08:01 406471                     /usr/lib/x86_64-linux-gnu/libX11.so.6.3.0
7f28cd9ff000-7f28cdbff000 ---p 00133000 08:01 406471                     /usr/lib/x86_64-linux-gnu/libX11.so.6.3.0
7f28cdbff000-7f28cdc00000 r--p 00133000 08:01 406471                     /usr/lib/x86_64-linux-gnu/libX11.so.6.3.0
7f28cdc00000-7f28cdc04000 rw-p 00134000 08:01 406471                     /usr/lib/x86_64-linux-gnu/libX11.so.6.3.0
7f28cdc04000-7f28cdc16000 r-xp 00000000 08:01 406541                     /usr/lib/x86_64-linux-gnu/libXext.so.6.4.0
7f28cdc16000-7f28cde15000 ---p 00012000 08:01 406541                     /usr/lib/x86_64-linux-gnu/libXext.so.6.4.0
7f28cde15000-7f28cde16000 r--p 00011000 08:01 406541                     /usr/lib/x86_64-linux-gnu/libXext.so.6.4.0
7f28cde16000-7f28cde17000 rw-p 00012000 08:01 406541                     /usr/lib/x86_64-linux-gnu/libXext.so.6.4.0
7f28cde17000-7f28cde3a000 r--p 00000000 08:01 675061                     /usr/share/locale-langpack/fr/LC_MESSAGES/libc.mo
7f28cde3a000-7f28cde8c000 r-xp 00000000 08:01 401973                     /usr/lib/jvm/java-7-openjdk-amd64/jre/lib/amd64/xawt/libmawt.so
7f28cde8c000-7f28ce08c000 ---p 00052000 08:01 401973                     /usr/lib/jvm/java-7-openjdk-amd64/jre/lib/amd64/xawt/libmawt.so
7f28ce08c000-7f28ce08d000 r--p 00052000 08:01 401973                     /usr/lib/jvm/java-7-openjdk-amd64/jre/lib/amd64/xawt/libmawt.so
7f28ce08d000-7f28ce090000 rw-p 00053000 08:01 401973                     /usr/lib/jvm/java-7-openjdk-amd64/jre/lib/amd64/xawt/libmawt.so
7f28ce090000-7f28ce091000 rw-p 00000000 00:00 0 
7f28ce091000-7f28ce133000 r-xp 00000000 08:01 398111                     /usr/lib/jvm/java-7-openjdk-amd64/jre/lib/amd64/libawt.so
7f28ce133000-7f28ce332000 ---p 000a2000 08:01 398111                     /usr/lib/jvm/java-7-openjdk-amd64/jre/lib/amd64/libawt.so
7f28ce332000-7f28ce333000 r--p 000a1000 08:01 398111                     /usr/lib/jvm/java-7-openjdk-amd64/jre/lib/amd64/libawt.so
7f28ce333000-7f28ce33e000 rw-p 000a2000 08:01 398111                     /usr/lib/jvm/java-7-openjdk-amd64/jre/lib/amd64/libawt.so
7f28ce33e000-7f28ce363000 rw-p 00000000 00:00 0 
7f28ce363000-7f28ce364000 ---p 00000000 00:00 0 
7f28ce364000-7f28ce464000 rw-p 00000000 00:00 0 
7f28ce464000-7f28ce467000 ---p 00000000 00:00 0 
7f28ce467000-7f28ce565000 rw-p 00000000 00:00 0 
7f28ce565000-7f28ce568000 ---p 00000000 00:00 0 
7f28ce568000-7f28ce666000 rw-p 00000000 00:00 0 
7f28ce666000-7f28ce669000 ---p 00000000 00:00 0 
7f28ce669000-7f28ce767000 rw-p 00000000 00:00 0 
7f28ce767000-7f28ce76a000 ---p 00000000 00:00 0 
7f28ce76a000-7f28ce868000 rw-p 00000000 00:00 0 
7f28ce868000-7f28cef55000 r--p 00000000 08:01 403488                     /usr/lib/locale/locale-archive
7f28cef55000-7f28cef58000 ---p 00000000 00:00 0 
7f28cef58000-7f28cf056000 rw-p 00000000 00:00 0 
7f28cf056000-7f28cf059000 ---p 00000000 00:00 0 
7f28cf059000-7f28cf157000 rw-p 00000000 00:00 0 
7f28cf157000-7f28cf158000 ---p 00000000 00:00 0 
7f28cf158000-7f28cf5c7000 rw-p 00000000 00:00 0 
7f28cf5c7000-7f28cf775000 r--s 03e76000 08:01 396788                     /usr/lib/jvm/java-7-openjdk-amd64/jre/lib/rt.jar
7f28cf775000-7f28cf79d000 rw-p 00000000 00:00 0 
7f28cf79d000-7f28cf79e000 ---p 00000000 00:00 0 
7f28cf79e000-7f28cf89e000 rw-p 00000000 00:00 0 
7f28cf89e000-7f28cf89f000 ---p 00000000 00:00 0 
7f28cf89f000-7f28cf9aa000 rw-p 00000000 00:00 0 
7f28cf9aa000-7f28cf9f2000 rw-p 00000000 00:00 0 
7f28cf9f2000-7f28cfa07000 rw-p 00000000 00:00 0 
7f28cfa07000-7f28cfb3d000 rw-p 00000000 00:00 0 
7f28cfb3d000-7f28cfb48000 rw-p 00000000 00:00 0 
7f28cfb48000-7f28cfb90000 rw-p 00000000 00:00 0 
7f28cfb90000-7f28cfba5000 rw-p 00000000 00:00 0 
7f28cfba5000-7f28cfcda000 rw-p 00000000 00:00 0 
7f28cfcda000-7f28cfce5000 rw-p 00000000 00:00 0 
7f28cfce5000-7f28cfd80000 rw-p 00000000 00:00 0 
7f28cfd80000-7f28cfd81000 rw-p 00000000 00:00 0 
7f28cfd81000-7f28cfff1000 rwxp 00000000 00:00 0 
7f28cfff1000-7f28d2d81000 rw-p 00000000 00:00 0 
7f28d2d81000-7f28d2d89000 r-xp 00000000 08:01 399895                     /usr/lib/jvm/java-7-openjdk-amd64/jre/lib/amd64/libzip.so
7f28d2d89000-7f28d2f88000 ---p 00008000 08:01 399895                     /usr/lib/jvm/java-7-openjdk-amd64/jre/lib/amd64/libzip.so
7f28d2f88000-7f28d2f89000 r--p 00007000 08:01 399895                     /usr/lib/jvm/java-7-openjdk-amd64/jre/lib/amd64/libzip.so
7f28d2f89000-7f28d2f8a000 rw-p 00008000 08:01 399895                     /usr/lib/jvm/java-7-openjdk-amd64/jre/lib/amd64/libzip.so
7f28d2f8a000-7f28d2f96000 r-xp 00000000 08:01 134596                     /lib/x86_64-linux-gnu/libnss_files-2.13.so
7f28d2f96000-7f28d3195000 ---p 0000c000 08:01 134596                     /lib/x86_64-linux-gnu/libnss_files-2.13.so
7f28d3195000-7f28d3196000 r--p 0000b000 08:01 134596                     /lib/x86_64-linux-gnu/libnss_files-2.13.so
7f28d3196000-7f28d3197000 rw-p 0000c000 08:01 134596                     /lib/x86_64-linux-gnu/libnss_files-2.13.so
7f28d3197000-7f28d31a1000 r-xp 00000000 08:01 134607                     /lib/x86_64-linux-gnu/libnss_nis-2.13.so
7f28d31a1000-7f28d33a1000 ---p 0000a000 08:01 134607                     /lib/x86_64-linux-gnu/libnss_nis-2.13.so
7f28d33a1000-7f28d33a2000 r--p 0000a000 08:01 134607                     /lib/x86_64-linux-gnu/libnss_nis-2.13.so
7f28d33a2000-7f28d33a3000 rw-p 0000b000 08:01 134607                     /lib/x86_64-linux-gnu/libnss_nis-2.13.so
7f28d33a3000-7f28d33ba000 r-xp 00000000 08:01 134591                     /lib/x86_64-linux-gnu/libnsl-2.13.so
7f28d33ba000-7f28d35b9000 ---p 00017000 08:01 134591                     /lib/x86_64-linux-gnu/libnsl-2.13.so
7f28d35b9000-7f28d35ba000 r--p 00016000 08:01 134591                     /lib/x86_64-linux-gnu/libnsl-2.13.so
7f28d35ba000-7f28d35bb000 rw-p 00017000 08:01 134591                     /lib/x86_64-linux-gnu/libnsl-2.13.so
7f28d35bb000-7f28d35bd000 rw-p 00000000 00:00 0 
7f28d35bd000-7f28d35c5000 r-xp 00000000 08:01 134588                     /lib/x86_64-linux-gnu/libnss_compat-2.13.so
7f28d35c5000-7f28d37c4000 ---p 00008000 08:01 134588                     /lib/x86_64-linux-gnu/libnss_compat-2.13.so
7f28d37c4000-7f28d37c5000 r--p 00007000 08:01 134588                     /lib/x86_64-linux-gnu/libnss_compat-2.13.so
7f28d37c5000-7f28d37c6000 rw-p 00008000 08:01 134588                     /lib/x86_64-linux-gnu/libnss_compat-2.13.so
7f28d37c6000-7f28d37ef000 r-xp 00000000 08:01 398578                     /usr/lib/jvm/java-7-openjdk-amd64/jre/lib/amd64/libjava.so
7f28d37ef000-7f28d39ee000 ---p 00029000 08:01 398578                     /usr/lib/jvm/java-7-openjdk-amd64/jre/lib/amd64/libjava.so
7f28d39ee000-7f28d39ef000 r--p 00028000 08:01 398578                     /usr/lib/jvm/java-7-openjdk-amd64/jre/lib/amd64/libjava.so
7f28d39ef000-7f28d39f1000 rw-p 00029000 08:01 398578                     /usr/lib/jvm/java-7-openjdk-amd64/jre/lib/amd64/libjava.so
7f28d39f1000-7f28d39ff000 r-xp 00000000 08:01 399894                     /usr/lib/jvm/java-7-openjdk-amd64/jre/lib/amd64/libverify.so
7f28d39ff000-7f28d3bfe000 ---p 0000e000 08:01 399894                     /usr/lib/jvm/java-7-openjdk-amd64/jre/lib/amd64/libverify.so
7f28d3bfe000-7f28d3c00000 r--p 0000d000 08:01 399894                     /usr/lib/jvm/java-7-openjdk-amd64/jre/lib/amd64/libverify.so
7f28d3c00000-7f28d3c01000 rw-p 0000f000 08:01 399894                     /usr/lib/jvm/java-7-openjdk-amd64/jre/lib/amd64/libverify.so
7f28d3c01000-7f28d3c08000 r-xp 00000000 08:01 134577                     /lib/x86_64-linux-gnu/librt-2.13.so
7f28d3c08000-7f28d3e07000 ---p 00007000 08:01 134577                     /lib/x86_64-linux-gnu/librt-2.13.so
7f28d3e07000-7f28d3e08000 r--p 00006000 08:01 134577                     /lib/x86_64-linux-gnu/librt-2.13.so
7f28d3e08000-7f28d3e09000 rw-p 00007000 08:01 134577                     /lib/x86_64-linux-gnu/librt-2.13.so
7f28d3e09000-7f28d3e1e000 r-xp 00000000 08:01 131748                     /lib/x86_64-linux-gnu/libgcc_s.so.1
7f28d3e1e000-7f28d401d000 ---p 00015000 08:01 131748                     /lib/x86_64-linux-gnu/libgcc_s.so.1
7f28d401d000-7f28d401e000 r--p 00014000 08:01 131748                     /lib/x86_64-linux-gnu/libgcc_s.so.1
7f28d401e000-7f28d401f000 rw-p 00015000 08:01 131748                     /lib/x86_64-linux-gnu/libgcc_s.so.1
7f28d401f000-7f28d40a2000 r-xp 00000000 08:01 134673                     /lib/x86_64-linux-gnu/libm-2.13.so
7f28d40a2000-7f28d42a1000 ---p 00083000 08:01 134673                     /lib/x86_64-linux-gnu/libm-2.13.so
7f28d42a1000-7f28d42a2000 r--p 00082000 08:01 134673                     /lib/x86_64-linux-gnu/libm-2.13.so
7f28d42a2000-7f28d42a3000 rw-p 00083000 08:01 134673                     /lib/x86_64-linux-gnu/libm-2.13.so
7f28d42a3000-7f28d438b000 r-xp 00000000 08:01 398097                     /usr/lib/x86_64-linux-gnu/libstdc++.so.6.0.16
7f28d438b000-7f28d458b000 ---p 000e8000 08:01 398097                     /usr/lib/x86_64-linux-gnu/libstdc++.so.6.0.16
7f28d458b000-7f28d4593000 r--p 000e8000 08:01 398097                     /usr/lib/x86_64-linux-gnu/libstdc++.so.6.0.16
7f28d4593000-7f28d4595000 rw-p 000f0000 08:01 398097                     /usr/lib/x86_64-linux-gnu/libstdc++.so.6.0.16
7f28d4595000-7f28d45aa000 rw-p 00000000 00:00 0 
7f28d45aa000-7f28d4f31000 r-xp 00000000 08:01 399897                     /usr/lib/jvm/java-7-openjdk-amd64/jre/lib/amd64/server/libjvm.so
7f28d4f31000-7f28d5130000 ---p 00987000 08:01 399897                     /usr/lib/jvm/java-7-openjdk-amd64/jre/lib/amd64/server/libjvm.so
7f28d5130000-7f28d51ae000 r--p 00986000 08:01 399897                     /usr/lib/jvm/java-7-openjdk-amd64/jre/lib/amd64/server/libjvm.so
7f28d51ae000-7f28d51c9000 rw-p 00a04000 08:01 399897                     /usr/lib/jvm/java-7-openjdk-amd64/jre/lib/amd64/server/libjvm.so
7f28d51c9000-7f28d51f4000 rw-p 00000000 00:00 0 
7f28d51f4000-7f28d520c000 r-xp 00000000 08:01 134606                     /lib/x86_64-linux-gnu/libpthread-2.13.so
7f28d520c000-7f28d540b000 ---p 00018000 08:01 134606                     /lib/x86_64-linux-gnu/libpthread-2.13.so
7f28d540b000-7f28d540c000 r--p 00017000 08:01 134606                     /lib/x86_64-linux-gnu/libpthread-2.13.so
7f28d540c000-7f28d540d000 rw-p 00018000 08:01 134606                     /lib/x86_64-linux-gnu/libpthread-2.13.so
7f28d540d000-7f28d5411000 rw-p 00000000 00:00 0 
7f28d5411000-7f28d5428000 r-xp 00000000 08:01 139905                     /lib/x86_64-linux-gnu/libz.so.1.2.3.4
7f28d5428000-7f28d5627000 ---p 00017000 08:01 139905                     /lib/x86_64-linux-gnu/libz.so.1.2.3.4
7f28d5627000-7f28d5628000 r--p 00016000 08:01 139905                     /lib/x86_64-linux-gnu/libz.so.1.2.3.4
7f28d5628000-7f28d5629000 rw-p 00017000 08:01 139905                     /lib/x86_64-linux-gnu/libz.so.1.2.3.4
7f28d5629000-7f28d562b000 r-xp 00000000 08:01 134594                     /lib/x86_64-linux-gnu/libdl-2.13.so
7f28d562b000-7f28d582b000 ---p 00002000 08:01 134594                     /lib/x86_64-linux-gnu/libdl-2.13.so
7f28d582b000-7f28d582c000 r--p 00002000 08:01 134594                     /lib/x86_64-linux-gnu/libdl-2.13.so
7f28d582c000-7f28d582d000 rw-p 00003000 08:01 134594                     /lib/x86_64-linux-gnu/libdl-2.13.so
7f28d582d000-7f28d59c2000 r-xp 00000000 08:01 134593                     /lib/x86_64-linux-gnu/libc-2.13.so
7f28d59c2000-7f28d5bc1000 ---p 00195000 08:01 134593                     /lib/x86_64-linux-gnu/libc-2.13.so
7f28d5bc1000-7f28d5bc5000 r--p 00194000 08:01 134593                     /lib/x86_64-linux-gnu/libc-2.13.so
7f28d5bc5000-7f28d5bc6000 rw-p 00198000 08:01 134593                     /lib/x86_64-linux-gnu/libc-2.13.so
7f28d5bc6000-7f28d5bcc000 rw-p 00000000 00:00 0 
7f28d5bcc000-7f28d5bd8000 r-xp 00000000 08:01 397479                     /usr/lib/jvm/java-7-openjdk-amd64/jre/lib/amd64/jli/libjli.so
7f28d5bd8000-7f28d5dd7000 ---p 0000c000 08:01 397479                     /usr/lib/jvm/java-7-openjdk-amd64/jre/lib/amd64/jli/libjli.so
7f28d5dd7000-7f28d5dd8000 r--p 0000b000 08:01 397479                     /usr/lib/jvm/java-7-openjdk-amd64/jre/lib/amd64/jli/libjli.so
7f28d5dd8000-7f28d5dd9000 rw-p 0000c000 08:01 397479                     /usr/lib/jvm/java-7-openjdk-amd64/jre/lib/amd64/jli/libjli.so
7f28d5dd9000-7f28d5dfa000 r-xp 00000000 08:01 134600                     /lib/x86_64-linux-gnu/ld-2.13.so
7f28d5dfa000-7f28d5dfe000 r--s 0009f000 08:01 396465                     /usr/lib/jvm/java-7-openjdk-common/jre/lib/jsse.jar
7f28d5dfe000-7f28d5e07000 r--s 00263000 08:01 396683                     /usr/lib/jvm/java-7-openjdk-common/jre/lib/resources.jar
7f28d5e07000-7f28d5e0e000 r--s 00000000 08:01 663199                     /usr/lib/x86_64-linux-gnu/gconv/gconv-modules.cache
7f28d5e0e000-7f28d5e18000 rw-p 00000000 00:00 0 
7f28d5e18000-7f28d5ece000 rw-p 00000000 00:00 0 
7f28d5ece000-7f28d5ed1000 ---p 00000000 00:00 0 
7f28d5ed1000-7f28d5fd5000 rw-p 00000000 00:00 0 
7f28d5fd5000-7f28d5fd6000 r--p 00000000 00:00 0 
7f28d5fd6000-7f28d5fd9000 r--s 00032000 08:01 395025                     /usr/lib/jvm/java-7-openjdk-common/jre/lib/ext/sunjce_provider.jar
7f28d5fd9000-7f28d5fdc000 r--s 00085000 08:01 395002                     /usr/lib/jvm/java-7-openjdk-common/jre/lib/ext/localedata.jar
7f28d5fdc000-7f28d5fdd000 r--s 00002000 08:01 394906                     /usr/lib/jvm/java-7-openjdk-common/jre/lib/ext/dnsns.jar
7f28d5fdd000-7f28d5fe0000 r--s 0003c000 08:01 394890                     /usr/lib/jvm/java-7-openjdk-common/jre/lib/ext/sunpkcs11.jar
7f28d5fe0000-7f28d5fe2000 r--s 00012000 08:01 395160                     /usr/lib/jvm/java-7-openjdk-common/jre/lib/ext/zipfs.jar
7f28d5fe2000-7f28d5fe5000 r--s 0000f000 08:01 395194                     /usr/lib/jvm/java-7-openjdk-common/jre/lib/ext/pulse-java.jar
7f28d5fe5000-7f28d5fed000 r--s 00066000 08:01 676447                     /usr/share/java/gnome-java-bridge.jar
7f28d5fed000-7f28d5ff5000 rw-s 00000000 08:01 268485                     /tmp/hsperfdata_guillaume/4681
7f28d5ff5000-7f28d5ff6000 rw-p 00000000 00:00 0 
7f28d5ff6000-7f28d5ff7000 r--p 00000000 00:00 0 
7f28d5ff7000-7f28d5ff9000 rw-p 00000000 00:00 0 
7f28d5ff9000-7f28d5ffa000 r--p 00020000 08:01 134600                     /lib/x86_64-linux-gnu/ld-2.13.so
7f28d5ffa000-7f28d5ffc000 rw-p 00021000 08:01 134600                     /lib/x86_64-linux-gnu/ld-2.13.so
7fff76e21000-7fff76e42000 rw-p 00000000 00:00 0                          [stack]
7fff76f40000-7fff76f41000 r-xp 00000000 00:00 0                          [vdso]
ffffffffff600000-ffffffffff601000 r-xp 00000000 00:00 0                  [vsyscall]

VM Arguments:
jvm_args: -Dfile.encoding=UTF-8 
java_command: main.Main -Xms1024M -Xmx1024M
Launcher Type: SUN_STANDARD

Environment Variables:
PATH=/usr/lib/lightdm/lightdm:/usr/local/sbin:/usr/local/bin:/usr/sbin:/usr/bin:/sbin:/bin:/usr/games
USERNAME=guillaume
SHELL=/bin/bash
DISPLAY=:0

Signal Handlers:
SIGSEGV: [libjvm.so+0x7fca30], sa_mask[0]=0x7ffbfeff, sa_flags=0x10000004
SIGBUS: [libjvm.so+0x7fca30], sa_mask[0]=0x7ffbfeff, sa_flags=0x10000004
SIGFPE: [libjvm.so+0x6a1150], sa_mask[0]=0x7ffbfeff, sa_flags=0x10000004
SIGPIPE: [libjvm.so+0x6a1150], sa_mask[0]=0x7ffbfeff, sa_flags=0x10000004
SIGXFSZ: [libjvm.so+0x6a1150], sa_mask[0]=0x7ffbfeff, sa_flags=0x10000004
SIGILL: [libjvm.so+0x6a1150], sa_mask[0]=0x7ffbfeff, sa_flags=0x10000004
SIGUSR1: SIG_DFL, sa_mask[0]=0x00000000, sa_flags=0x00000000
SIGUSR2: [libjvm.so+0x6a1520], sa_mask[0]=0x00000004, sa_flags=0x10000004
SIGHUP: [libjvm.so+0x6a1660], sa_mask[0]=0x7ffbfeff, sa_flags=0x10000004
SIGINT: SIG_IGN, sa_mask[0]=0x00000000, sa_flags=0x00000000
SIGTERM: [libjvm.so+0x6a1660], sa_mask[0]=0x7ffbfeff, sa_flags=0x10000004
SIGQUIT: [libjvm.so+0x6a1660], sa_mask[0]=0x7ffbfeff, sa_flags=0x10000004


---------------  S Y S T E M  ---------------

OS:Ubuntu 11.10 (oneiric)
uname:Linux 3.0.0-12-generic #20-Ubuntu SMP Fri Oct 7 14:56:25 UTC 2011 x86_64
libc:glibc 2.13 NPTL 2.13 
rlimit: STACK 8192k, CORE infinity, NPROC 31562, NOFILE 4096, AS infinity
load average:2,56 0,95 0,49

/proc/meminfo:
MemTotal:        4055792 kB
MemFree:         1592164 kB
Buffers:           99560 kB
Cached:           962540 kB
SwapCached:            0 kB
Active:          1616672 kB
Inactive:         634932 kB
Active(anon):    1190380 kB
Inactive(anon):    14672 kB
Active(file):     426292 kB
Inactive(file):   620260 kB
Unevictable:          32 kB
Mlocked:              32 kB
SwapTotal:             0 kB
SwapFree:              0 kB
Dirty:               328 kB
Writeback:             0 kB
AnonPages:       1189724 kB
Mapped:           188520 kB
Shmem:             15408 kB
Slab:              79252 kB
SReclaimable:      53684 kB
SUnreclaim:        25568 kB
KernelStack:        3456 kB
PageTables:        30132 kB
NFS_Unstable:          0 kB
Bounce:                0 kB
WritebackTmp:          0 kB
CommitLimit:     2027896 kB
Committed_AS:    3398552 kB
VmallocTotal:   34359738367 kB
VmallocUsed:      102100 kB
VmallocChunk:   34359626748 kB
HardwareCorrupted:     0 kB
AnonHugePages:         0 kB
HugePages_Total:       0
HugePages_Free:        0
HugePages_Rsvd:        0
HugePages_Surp:        0
Hugepagesize:       2048 kB
DirectMap4k:      105408 kB
DirectMap2M:     4087808 kB


CPU:total 2 (2 cores per cpu, 1 threads per core) family 6 model 15 stepping 13, cmov, cx8, fxsr, mmx, sse, sse2, sse3, ssse3

Memory: 4k page, physical 4055792k(1592164k free), swap 0k(0k free)

vm_info: OpenJDK 64-Bit Server VM (21.0-b17) for linux-amd64 JRE (1.7.0_147-b147), built on Sep 30 2011 00:36:33 by "buildd" with gcc 4.6.1

time: Thu Nov 10 19:40:44 2011
elapsed time: 1 seconds

