#
# A fatal error has been detected by the Java Runtime Environment:
#
#  SIGSEGV (0xb) at pc=0x00007f65ea02c1f8, pid=3368, tid=140076045100800
#
# JRE version: 7.0_147-b147
# Java VM: OpenJDK 64-Bit Server VM (21.0-b17 mixed mode linux-amd64 compressed oops)
# Derivative: IcedTea7 2.0pre
# Distribution: Ubuntu oneiric (development branch), package 7~b147-2.0~pre6-1ubuntu1
# Problematic frame:
# C  [liblcms2.so.2+0x121f8]  cmsSaveProfileToIOhandler+0x38
#
# Failed to write core dump. Core dumps have been disabled. To enable core dumping, try "ulimit -c unlimited" before starting Java again
#
# If you would like to submit a bug report, please include
# instructions on how to reproduce the bug and visit:
#   https://bugs.launchpad.net/ubuntu/+source/openjdk-7/
# The crash happened outside the Java Virtual Machine in native code.
# See problematic frame for where to report the bug.
#

---------------  T H R E A D  ---------------

Current thread (0x0000000001566800):  JavaThread "main" [_thread_in_native, id=3373, stack(0x00007f65fed8e000,0x00007f65fee8f000)]

siginfo:si_signo=SIGSEGV: si_errno=0, si_code=1 (SEGV_MAPERR), si_addr=0x0000000000000000

Registers:
RAX=0x0000000000000000, RBX=0x0000000000000000, RCX=0x00000000000001d4, RDX=0x00007f65fee8ca4c
RSP=0x00007f65fee8bb20, RBP=0x0000000000000000, RSI=0x0000000000000000, RDI=0x00007f65fee8bb20
R8 =0x0000000000000000, R9 =0x0000000000000000, R10=0x0000000000000000, R11=0x0000000000000000
R12=0x00007f65fee8ca4c, R13=0x0000000000000000, R14=0x0000000000000000, R15=0x0000000001566800
RIP=0x00007f65ea02c1f8, EFLAGS=0x0000000000010246, CSGSFS=0x0000000000000033, ERR=0x0000000000000004
  TRAPNO=0x000000000000000e

Top of Stack: (sp=0x00007f65fee8bb20)
0x00007f65fee8bb20:   00000000019f4b70 00007f65ea02acef
0x00007f65fee8bb30:   0000000000000c48 00007f65fea871c0
0x00007f65fee8bb40:   000000000000000e 000000000000080c
0x00007f65fee8bb50:   00007f6500000000 00007f65fea871c0
0x00007f65fee8bb60:   000000000000000e 00007f65ea031754
0x00007f65fee8bb70:   00007f65fee8bffc bc00a5300c0b5100
0x00007f65fee8bb80:   00000000019f4b70 00000000019f344c
0x00007f65fee8bb90:   000000000000000e 00007f65ea02aebf
0x00007f65fee8bba0:   4247527320434549 0000000000000000
0x00007f65fee8bbb0:   00000000019f4e10 2dd3000000000100
0x00007f65fee8bbc0:   0000080c000004c4 00007f65fea871c0
0x00007f65fee8bbd0:   0000000000000000 00000000019f4cc0
0x00007f65fee8bbe0:   0000000000000c48 00000000019f32c8
0x00007f65fee8bbf0:   0000000000000011 00007f65fe769d7c
0x00007f65fee8bc00:   00000000019f4cc0 00007f65ea02ae2c
0x00007f65fee8bc10:   00000000019f3070 00007f65ea02c3ae
0x00007f65fee8bc20:   00000000019f21f0 0000000000000000
0x00007f65fee8bc30:   0000003100000000 0000000900000006
0x00007f65fee8bc40:   0000006200000001 ffffffffffffffff
0x00007f65fee8bc50:   0000000000000000 0000000000000000
0x00007f65fee8bc60:   00007f65fe849689 6d6e747202100000
0x00007f65fee8bc70:   58595a2052474220 00000000000000b0
0x00007f65fee8bc80:   7352474249454320 0000000000000000
0x00007f65fee8bc90:   0000000000000000 0000000000000000
0x00007f65fee8bca0:   6370727400000011 00007f65fea871c0
0x00007f65fee8bcb0:   00000000019e5b50 000000000000007c
0x00007f65fee8bcc0:   00007f65fee8c1e0 00007f65fee8c4a0
0x00007f65fee8bcd0:   00007f65fecb385b 00007f65fe76977d
0x00007f65fee8bce0:   6254524300000000 000000000000003f
0x00007f65fee8bcf0:   00000000019e5b50 0000000000000000
0x00007f65fee8bd00:   00000000019f20fd 00007f65feca77e1
0x00007f65fee8bd10:   0000000000000000 0000000000000000 

Instructions: (pc=0x00007f65ea02c1f8)
0x00007f65ea02c1d8:   48 89 de 48 81 ec b8 0e 00 00 64 48 8b 04 25 28
0x00007f65ea02c1e8:   00 00 00 48 89 84 24 a8 0e 00 00 31 c0 48 89 e7
0x00007f65ea02c1f8:   f3 48 a5 48 89 df e8 1d f6 ff ff 48 89 c7 e8 65
0x00007f65ea02c208:   f0 ff ff 48 85 c0 49 89 c4 48 89 03 74 0e 31 f6 

Register to memory mapping:

RAX=0x0000000000000000 is an unknown value
RBX=0x0000000000000000 is an unknown value
RCX=0x00000000000001d4 is an unknown value
RDX=0x00007f65fee8ca4c is pointing into the stack for thread: 0x0000000001566800
RSP=0x00007f65fee8bb20 is pointing into the stack for thread: 0x0000000001566800
RBP=0x0000000000000000 is an unknown value
RSI=0x0000000000000000 is an unknown value
RDI=0x00007f65fee8bb20 is pointing into the stack for thread: 0x0000000001566800
R8 =0x0000000000000000 is an unknown value
R9 =0x0000000000000000 is an unknown value
R10=0x0000000000000000 is an unknown value
R11=0x0000000000000000 is an unknown value
R12=0x00007f65fee8ca4c is pointing into the stack for thread: 0x0000000001566800
R13=0x0000000000000000 is an unknown value
R14=0x0000000000000000 is an unknown value
R15=0x0000000001566800 is a thread


Stack: [0x00007f65fed8e000,0x00007f65fee8f000],  sp=0x00007f65fee8bb20,  free space=1014k
Native frames: (J=compiled Java code, j=interpreted, Vv=VM code, C=native code)
C  [liblcms2.so.2+0x121f8]  cmsSaveProfileToIOhandler+0x38

[error occurred during error reporting (printing native stack), id 0xb]

Java frames: (J=compiled Java code, j=interpreted, Vv=VM code)
j  sun.java2d.cmm.lcms.LCMS.getTagData(JI[B)V+0
j  java.awt.color.ICC_Profile.getData(JI)[B+26
j  java.awt.color.ICC_Profile.getData(I)[B+14
j  java.awt.color.ICC_Profile.getNumComponents()I+18
j  sun.java2d.cmm.lcms.LCMSTransform.<init>(Ljava/awt/color/ICC_Profile;II)V+83
j  sun.java2d.cmm.lcms.LCMS.createTransform(Ljava/awt/color/ICC_Profile;II)Lsun/java2d/cmm/ColorTransform;+7
j  java.awt.color.ICC_ColorSpace.fromRGB([F)[F+37
j  com.sun.imageio.plugins.jpeg.JPEGImageReader.setImageData(IIIII[B)V+158
v  ~StubRoutines::call_stub
j  com.sun.imageio.plugins.jpeg.JPEGImageReader.readImageHeader(JZZ)Z+0
j  com.sun.imageio.plugins.jpeg.JPEGImageReader.readNativeHeader(Z)Z+12
j  com.sun.imageio.plugins.jpeg.JPEGImageReader.checkTablesOnly()V+92
j  com.sun.imageio.plugins.jpeg.JPEGImageReader.gotoImage(I)V+41
j  com.sun.imageio.plugins.jpeg.JPEGImageReader.readHeader(IZ)V+2
j  com.sun.imageio.plugins.jpeg.JPEGImageReader.readInternal(ILjavax/imageio/ImageReadParam;Z)Ljava/awt/image/Raster;+3
j  com.sun.imageio.plugins.jpeg.JPEGImageReader.read(ILjavax/imageio/ImageReadParam;)Ljava/awt/image/BufferedImage;+8
j  javax.imageio.ImageIO.read(Ljavax/imageio/stream/ImageInputStream;)Ljava/awt/image/BufferedImage;+55
j  javax.imageio.ImageIO.read(Ljava/io/InputStream;)Ljava/awt/image/BufferedImage;+20
j  content.ImageBank.<init>()V+118
j  main.Main.main([Ljava/lang/String;)V+4
v  ~StubRoutines::call_stub

---------------  P R O C E S S  ---------------

Java Threads: ( => current thread )
  0x000000000198d800 JavaThread "Thread-0" [_thread_blocked, id=3391, stack(0x00007f65ea899000,0x00007f65ea99a000)]
  0x000000000198b800 JavaThread "AWT-EventQueue-0" [_thread_in_native, id=3390, stack(0x00007f65ea99a000,0x00007f65eaa9b000)]
  0x000000000187a800 JavaThread "AWT-Shutdown" [_thread_blocked, id=3389, stack(0x00007f65eb100000,0x00007f65eb201000)]
  0x00000000017e8000 JavaThread "process reaper" daemon [_thread_blocked, id=3387, stack(0x00007f65f40a3000,0x00007f65f40bd000)]
  0x00000000017c1000 JavaThread "AWT-XAWT" daemon [_thread_in_native, id=3385, stack(0x00007f65eb201000,0x00007f65eb302000)]
  0x000000000177a800 JavaThread "Java2D Disposer" daemon [_thread_blocked, id=3384, stack(0x00007f65eb302000,0x00007f65eb403000)]
  0x0000000001669800 JavaThread "Service Thread" daemon [_thread_blocked, id=3382, stack(0x00007f65f7324000,0x00007f65f7425000)]
  0x0000000001666800 JavaThread "C2 CompilerThread1" daemon [_thread_blocked, id=3381, stack(0x00007f65f7425000,0x00007f65f7526000)]
  0x0000000001663800 JavaThread "C2 CompilerThread0" daemon [_thread_blocked, id=3380, stack(0x00007f65f7526000,0x00007f65f7627000)]
  0x0000000001661800 JavaThread "Signal Dispatcher" daemon [_thread_blocked, id=3379, stack(0x00007f65f7627000,0x00007f65f7728000)]
  0x0000000001604000 JavaThread "Finalizer" daemon [_thread_blocked, id=3378, stack(0x00007f65f7e15000,0x00007f65f7f16000)]
  0x0000000001601800 JavaThread "Reference Handler" daemon [_thread_blocked, id=3377, stack(0x00007f65f7f16000,0x00007f65f8017000)]
=>0x0000000001566800 JavaThread "main" [_thread_in_native, id=3373, stack(0x00007f65fed8e000,0x00007f65fee8f000)]

Other Threads:
  0x00000000015f9800 VMThread [stack: 0x00007f65f8017000,0x00007f65f8118000] [id=3376]
  0x0000000001674800 WatcherThread [stack: 0x00007f65f7223000,0x00007f65f7324000] [id=3383]

VM state:not at safepoint (normal execution)

VM Mutex/Monitor currently owned by a thread: None

Heap
 PSYoungGen      total 18496K, used 6847K [0x00000000eb560000, 0x00000000eca00000, 0x0000000100000000)
  eden space 15872K, 43% used [0x00000000eb560000,0x00000000ebc0fd68,0x00000000ec4e0000)
  from space 2624K, 0% used [0x00000000ec770000,0x00000000ec770000,0x00000000eca00000)
  to   space 2624K, 0% used [0x00000000ec4e0000,0x00000000ec4e0000,0x00000000ec770000)
 PSOldGen        total 42304K, used 0K [0x00000000c2000000, 0x00000000c4950000, 0x00000000eb560000)
  object space 42304K, 0% used [0x00000000c2000000,0x00000000c2000000,0x00000000c4950000)
 PSPermGen       total 21248K, used 11167K [0x00000000b7a00000, 0x00000000b8ec0000, 0x00000000c2000000)
  object space 21248K, 52% used [0x00000000b7a00000,0x00000000b84e7e70,0x00000000b8ec0000)

Code Cache  [0x00007f65f8c41000, 0x00007f65f8eb1000, 0x00007f65fbc41000)
 total_blobs=444 nmethods=14 adapters=383 free_code_cache=48610Kb largest_free_block=49767808

Dynamic libraries:
00400000-00401000 r-xp 00000000 08:01 400896                             /usr/lib/jvm/java-7-openjdk-amd64/jre/bin/java
00600000-00601000 r--p 00000000 08:01 400896                             /usr/lib/jvm/java-7-openjdk-amd64/jre/bin/java
00601000-00602000 rw-p 00001000 08:01 400896                             /usr/lib/jvm/java-7-openjdk-amd64/jre/bin/java
0155c000-019fb000 rw-p 00000000 00:00 0                                  [heap]
b7a00000-b8ec0000 rw-p 00000000 00:00 0 
b8ec0000-c2000000 rw-p 00000000 00:00 0 
c2000000-c4950000 rw-p 00000000 00:00 0 
c4950000-eb560000 rw-p 00000000 00:00 0 
eb560000-eca00000 rw-p 00000000 00:00 0 
eca00000-100000000 rw-p 00000000 00:00 0 
7f65ea01a000-7f65ea060000 r-xp 00000000 08:01 406696                     /usr/lib/x86_64-linux-gnu/liblcms2.so.2.0.2
7f65ea060000-7f65ea25f000 ---p 00046000 08:01 406696                     /usr/lib/x86_64-linux-gnu/liblcms2.so.2.0.2
7f65ea25f000-7f65ea260000 r--p 00045000 08:01 406696                     /usr/lib/x86_64-linux-gnu/liblcms2.so.2.0.2
7f65ea260000-7f65ea264000 rw-p 00046000 08:01 406696                     /usr/lib/x86_64-linux-gnu/liblcms2.so.2.0.2
7f65ea264000-7f65ea265000 rw-p 00000000 00:00 0 
7f65ea265000-7f65ea269000 r-xp 00000000 08:01 398964                     /usr/lib/jvm/java-7-openjdk-amd64/jre/lib/amd64/libjavalcms.so
7f65ea269000-7f65ea468000 ---p 00004000 08:01 398964                     /usr/lib/jvm/java-7-openjdk-amd64/jre/lib/amd64/libjavalcms.so
7f65ea468000-7f65ea469000 r--p 00003000 08:01 398964                     /usr/lib/jvm/java-7-openjdk-amd64/jre/lib/amd64/libjavalcms.so
7f65ea469000-7f65ea46a000 rw-p 00004000 08:01 398964                     /usr/lib/jvm/java-7-openjdk-amd64/jre/lib/amd64/libjavalcms.so
7f65ea46a000-7f65ea48e000 r-xp 00000000 08:01 406680                     /usr/lib/x86_64-linux-gnu/libjpeg.so.62.0.0
7f65ea48e000-7f65ea68d000 ---p 00024000 08:01 406680                     /usr/lib/x86_64-linux-gnu/libjpeg.so.62.0.0
7f65ea68d000-7f65ea68e000 r--p 00023000 08:01 406680                     /usr/lib/x86_64-linux-gnu/libjpeg.so.62.0.0
7f65ea68e000-7f65ea68f000 rw-p 00024000 08:01 406680                     /usr/lib/x86_64-linux-gnu/libjpeg.so.62.0.0
7f65ea68f000-7f65ea698000 r-xp 00000000 08:01 398665                     /usr/lib/jvm/java-7-openjdk-amd64/jre/lib/amd64/libjavajpeg.so
7f65ea698000-7f65ea897000 ---p 00009000 08:01 398665                     /usr/lib/jvm/java-7-openjdk-amd64/jre/lib/amd64/libjavajpeg.so
7f65ea897000-7f65ea898000 r--p 00008000 08:01 398665                     /usr/lib/jvm/java-7-openjdk-amd64/jre/lib/amd64/libjavajpeg.so
7f65ea898000-7f65ea899000 rw-p 00009000 08:01 398665                     /usr/lib/jvm/java-7-openjdk-amd64/jre/lib/amd64/libjavajpeg.so
7f65ea899000-7f65ea89c000 ---p 00000000 00:00 0 
7f65ea89c000-7f65ea99a000 rw-p 00000000 00:00 0 
7f65ea99a000-7f65ea99d000 ---p 00000000 00:00 0 
7f65ea99d000-7f65eaa9b000 rw-p 00000000 00:00 0 
7f65eaa9b000-7f65eaaab000 r-xp 00000000 08:01 399340                     /usr/lib/jvm/java-7-openjdk-amd64/jre/lib/amd64/libnio.so
7f65eaaab000-7f65eacaa000 ---p 00010000 08:01 399340                     /usr/lib/jvm/java-7-openjdk-amd64/jre/lib/amd64/libnio.so
7f65eacaa000-7f65eacab000 r--p 0000f000 08:01 399340                     /usr/lib/jvm/java-7-openjdk-amd64/jre/lib/amd64/libnio.so
7f65eacab000-7f65eacac000 rw-p 00010000 08:01 399340                     /usr/lib/jvm/java-7-openjdk-amd64/jre/lib/amd64/libnio.so
7f65eacac000-7f65eacc2000 r-xp 00000000 08:01 399248                     /usr/lib/jvm/java-7-openjdk-amd64/jre/lib/amd64/libnet.so
7f65eacc2000-7f65eaec1000 ---p 00016000 08:01 399248                     /usr/lib/jvm/java-7-openjdk-amd64/jre/lib/amd64/libnet.so
7f65eaec1000-7f65eaec2000 r--p 00015000 08:01 399248                     /usr/lib/jvm/java-7-openjdk-amd64/jre/lib/amd64/libnet.so
7f65eaec2000-7f65eaec3000 rw-p 00016000 08:01 399248                     /usr/lib/jvm/java-7-openjdk-amd64/jre/lib/amd64/libnet.so
7f65eaec3000-7f65eaefd000 r-xp 00000000 08:01 398142                     /usr/lib/jvm/java-7-openjdk-amd64/jre/lib/amd64/libfontmanager.so
7f65eaefd000-7f65eb0fd000 ---p 0003a000 08:01 398142                     /usr/lib/jvm/java-7-openjdk-amd64/jre/lib/amd64/libfontmanager.so
7f65eb0fd000-7f65eb0ff000 r--p 0003a000 08:01 398142                     /usr/lib/jvm/java-7-openjdk-amd64/jre/lib/amd64/libfontmanager.so
7f65eb0ff000-7f65eb100000 rw-p 0003c000 08:01 398142                     /usr/lib/jvm/java-7-openjdk-amd64/jre/lib/amd64/libfontmanager.so
7f65eb100000-7f65eb103000 ---p 00000000 00:00 0 
7f65eb103000-7f65eb201000 rw-p 00000000 00:00 0 
7f65eb201000-7f65eb204000 ---p 00000000 00:00 0 
7f65eb204000-7f65eb302000 rw-p 00000000 00:00 0 
7f65eb302000-7f65eb305000 ---p 00000000 00:00 0 
7f65eb305000-7f65eb403000 rw-p 00000000 00:00 0 
7f65eb403000-7f65eb406000 r-xp 00000000 08:01 139849                     /lib/x86_64-linux-gnu/libgpg-error.so.0.8.0
7f65eb406000-7f65eb605000 ---p 00003000 08:01 139849                     /lib/x86_64-linux-gnu/libgpg-error.so.0.8.0
7f65eb605000-7f65eb606000 r--p 00002000 08:01 139849                     /lib/x86_64-linux-gnu/libgpg-error.so.0.8.0
7f65eb606000-7f65eb607000 rw-p 00003000 08:01 139849                     /lib/x86_64-linux-gnu/libgpg-error.so.0.8.0
7f65eb607000-7f65eb609000 r-xp 00000000 08:01 139851                     /lib/x86_64-linux-gnu/libkeyutils.so.1.3
7f65eb609000-7f65eb808000 ---p 00002000 08:01 139851                     /lib/x86_64-linux-gnu/libkeyutils.so.1.3
7f65eb808000-7f65eb809000 r--p 00001000 08:01 139851                     /lib/x86_64-linux-gnu/libkeyutils.so.1.3
7f65eb809000-7f65eb80a000 rw-p 00002000 08:01 139851                     /lib/x86_64-linux-gnu/libkeyutils.so.1.3
7f65eb80a000-7f65eb84c000 r-xp 00000000 08:01 135649                     /lib/x86_64-linux-gnu/libdbus-1.so.3.5.7
7f65eb84c000-7f65eba4b000 ---p 00042000 08:01 135649                     /lib/x86_64-linux-gnu/libdbus-1.so.3.5.7
7f65eba4b000-7f65eba4c000 r--p 00041000 08:01 135649                     /lib/x86_64-linux-gnu/libdbus-1.so.3.5.7
7f65eba4c000-7f65eba4d000 rw-p 00042000 08:01 135649                     /lib/x86_64-linux-gnu/libdbus-1.so.3.5.7
7f65eba4d000-7f65ebac7000 r-xp 00000000 08:01 139845                     /lib/x86_64-linux-gnu/libgcrypt.so.11.7.0
7f65ebac7000-7f65ebcc7000 ---p 0007a000 08:01 139845                     /lib/x86_64-linux-gnu/libgcrypt.so.11.7.0
7f65ebcc7000-7f65ebcc8000 r--p 0007a000 08:01 139845                     /lib/x86_64-linux-gnu/libgcrypt.so.11.7.0
7f65ebcc8000-7f65ebccb000 rw-p 0007b000 08:01 139845                     /lib/x86_64-linux-gnu/libgcrypt.so.11.7.0
7f65ebccb000-7f65ebcdb000 r-xp 00000000 08:01 406788                     /usr/lib/x86_64-linux-gnu/libtasn1.so.3.1.11
7f65ebcdb000-7f65ebeda000 ---p 00010000 08:01 406788                     /usr/lib/x86_64-linux-gnu/libtasn1.so.3.1.11
7f65ebeda000-7f65ebedb000 r--p 0000f000 08:01 406788                     /usr/lib/x86_64-linux-gnu/libtasn1.so.3.1.11
7f65ebedb000-7f65ebedc000 rw-p 00010000 08:01 406788                     /usr/lib/x86_64-linux-gnu/libtasn1.so.3.1.11
7f65ebedc000-7f65ebee3000 r-xp 00000000 08:01 397002                     /usr/lib/x86_64-linux-gnu/libkrb5support.so.0.1
7f65ebee3000-7f65ec0e2000 ---p 00007000 08:01 397002                     /usr/lib/x86_64-linux-gnu/libkrb5support.so.0.1
7f65ec0e2000-7f65ec0e3000 r--p 00006000 08:01 397002                     /usr/lib/x86_64-linux-gnu/libkrb5support.so.0.1
7f65ec0e3000-7f65ec0e4000 rw-p 00007000 08:01 397002                     /usr/lib/x86_64-linux-gnu/libkrb5support.so.0.1
7f65ec0e4000-7f65ec0e7000 r-xp 00000000 08:01 139827                     /lib/x86_64-linux-gnu/libcom_err.so.2.1
7f65ec0e7000-7f65ec2e6000 ---p 00003000 08:01 139827                     /lib/x86_64-linux-gnu/libcom_err.so.2.1
7f65ec2e6000-7f65ec2e7000 r--p 00002000 08:01 139827                     /lib/x86_64-linux-gnu/libcom_err.so.2.1
7f65ec2e7000-7f65ec2e8000 rw-p 00003000 08:01 139827                     /lib/x86_64-linux-gnu/libcom_err.so.2.1
7f65ec2e8000-7f65ec30e000 r-xp 00000000 08:01 394051                     /usr/lib/x86_64-linux-gnu/libk5crypto.so.3.1
7f65ec30e000-7f65ec50d000 ---p 00026000 08:01 394051                     /usr/lib/x86_64-linux-gnu/libk5crypto.so.3.1
7f65ec50d000-7f65ec50f000 r--p 00025000 08:01 394051                     /usr/lib/x86_64-linux-gnu/libk5crypto.so.3.1
7f65ec50f000-7f65ec510000 rw-p 00027000 08:01 394051                     /usr/lib/x86_64-linux-gnu/libk5crypto.so.3.1
7f65ec510000-7f65ec5cf000 r-xp 00000000 08:01 397018                     /usr/lib/x86_64-linux-gnu/libkrb5.so.3.3
7f65ec5cf000-7f65ec7cf000 ---p 000bf000 08:01 397018                     /usr/lib/x86_64-linux-gnu/libkrb5.so.3.3
7f65ec7cf000-7f65ec7d8000 r--p 000bf000 08:01 397018                     /usr/lib/x86_64-linux-gnu/libkrb5.so.3.3
7f65ec7d8000-7f65ec7d9000 rw-p 000c8000 08:01 397018                     /usr/lib/x86_64-linux-gnu/libkrb5.so.3.3
7f65ec7d9000-7f65ec7e0000 r-xp 00000000 08:01 406811                     /usr/lib/x86_64-linux-gnu/libxcb-render.so.0.0.0
7f65ec7e0000-7f65ec9e0000 ---p 00007000 08:01 406811                     /usr/lib/x86_64-linux-gnu/libxcb-render.so.0.0.0
7f65ec9e0000-7f65ec9e1000 r--p 00007000 08:01 406811                     /usr/lib/x86_64-linux-gnu/libxcb-render.so.0.0.0
7f65ec9e1000-7f65ec9e2000 rw-p 00008000 08:01 406811                     /usr/lib/x86_64-linux-gnu/libxcb-render.so.0.0.0
7f65ec9e2000-7f65ec9e4000 r-xp 00000000 08:01 406815                     /usr/lib/x86_64-linux-gnu/libxcb-shm.so.0.0.0
7f65ec9e4000-7f65ecbe3000 ---p 00002000 08:01 406815                     /usr/lib/x86_64-linux-gnu/libxcb-shm.so.0.0.0
7f65ecbe3000-7f65ecbe4000 r--p 00001000 08:01 406815                     /usr/lib/x86_64-linux-gnu/libxcb-shm.so.0.0.0
7f65ecbe4000-7f65ecbe5000 rw-p 00002000 08:01 406815                     /usr/lib/x86_64-linux-gnu/libxcb-shm.so.0.0.0
7f65ecbe5000-7f65ecc0b000 r-xp 00000000 08:01 139881                     /lib/x86_64-linux-gnu/libpng12.so.0.46.0
7f65ecc0b000-7f65ece0a000 ---p 00026000 08:01 139881                     /lib/x86_64-linux-gnu/libpng12.so.0.46.0
7f65ece0a000-7f65ece0b000 r--p 00025000 08:01 139881                     /lib/x86_64-linux-gnu/libpng12.so.0.46.0
7f65ece0b000-7f65ece0c000 rw-p 00026000 08:01 139881                     /lib/x86_64-linux-gnu/libpng12.so.0.46.0
7f65ece0c000-7f65ece7a000 r-xp 00000000 08:01 406743                     /usr/lib/x86_64-linux-gnu/libpixman-1.so.0.22.2
7f65ece7a000-7f65ed07a000 ---p 0006e000 08:01 406743                     /usr/lib/x86_64-linux-gnu/libpixman-1.so.0.22.2
7f65ed07a000-7f65ed07f000 r--p 0006e000 08:01 406743                     /usr/lib/x86_64-linux-gnu/libpixman-1.so.0.22.2
7f65ed07f000-7f65ed080000 rw-p 00073000 08:01 406743                     /usr/lib/x86_64-linux-gnu/libpixman-1.so.0.22.2
7f65ed080000-7f65ed085000 r-xp 00000000 08:01 406539                     /usr/lib/x86_64-linux-gnu/libXdmcp.so.6.0.0
7f65ed085000-7f65ed284000 ---p 00005000 08:01 406539                     /usr/lib/x86_64-linux-gnu/libXdmcp.so.6.0.0
7f65ed284000-7f65ed285000 r--p 00004000 08:01 406539                     /usr/lib/x86_64-linux-gnu/libXdmcp.so.6.0.0
7f65ed285000-7f65ed286000 rw-p 00005000 08:01 406539                     /usr/lib/x86_64-linux-gnu/libXdmcp.so.6.0.0
7f65ed286000-7f65ed288000 r-xp 00000000 08:01 406531                     /usr/lib/x86_64-linux-gnu/libXau.so.6.0.0
7f65ed288000-7f65ed487000 ---p 00002000 08:01 406531                     /usr/lib/x86_64-linux-gnu/libXau.so.6.0.0
7f65ed487000-7f65ed488000 r--p 00001000 08:01 406531                     /usr/lib/x86_64-linux-gnu/libXau.so.6.0.0
7f65ed488000-7f65ed489000 rw-p 00002000 08:01 406531                     /usr/lib/x86_64-linux-gnu/libXau.so.6.0.0
7f65ed489000-7f65ed49a000 r-xp 00000000 08:01 406571                     /usr/lib/x86_64-linux-gnu/libavahi-client.so.3.2.9
7f65ed49a000-7f65ed69a000 ---p 00011000 08:01 406571                     /usr/lib/x86_64-linux-gnu/libavahi-client.so.3.2.9
7f65ed69a000-7f65ed69b000 r--p 00011000 08:01 406571                     /usr/lib/x86_64-linux-gnu/libavahi-client.so.3.2.9
7f65ed69b000-7f65ed69c000 rw-p 00012000 08:01 406571                     /usr/lib/x86_64-linux-gnu/libavahi-client.so.3.2.9
7f65ed69c000-7f65ed6a9000 r-xp 00000000 08:01 406573                     /usr/lib/x86_64-linux-gnu/libavahi-common.so.3.5.3
7f65ed6a9000-7f65ed8a8000 ---p 0000d000 08:01 406573                     /usr/lib/x86_64-linux-gnu/libavahi-common.so.3.5.3
7f65ed8a8000-7f65ed8a9000 r--p 0000c000 08:01 406573                     /usr/lib/x86_64-linux-gnu/libavahi-common.so.3.5.3
7f65ed8a9000-7f65ed8aa000 rw-p 0000d000 08:01 406573                     /usr/lib/x86_64-linux-gnu/libavahi-common.so.3.5.3
7f65ed8aa000-7f65ed94b000 r-xp 00000000 08:01 406657                     /usr/lib/x86_64-linux-gnu/libgnutls.so.26.16.14
7f65ed94b000-7f65edb4a000 ---p 000a1000 08:01 406657                     /usr/lib/x86_64-linux-gnu/libgnutls.so.26.16.14
7f65edb4a000-7f65edb51000 r--p 000a0000 08:01 406657                     /usr/lib/x86_64-linux-gnu/libgnutls.so.26.16.14
7f65edb51000-7f65edb52000 rw-p 000a7000 08:01 406657                     /usr/lib/x86_64-linux-gnu/libgnutls.so.26.16.14
7f65edb52000-7f65edb8d000 r-xp 00000000 08:01 406685                     /usr/lib/x86_64-linux-gnu/libgssapi_krb5.so.2.2
7f65edb8d000-7f65edd8d000 ---p 0003b000 08:01 406685                     /usr/lib/x86_64-linux-gnu/libgssapi_krb5.so.2.2
7f65edd8d000-7f65edd8e000 r--p 0003b000 08:01 406685                     /usr/lib/x86_64-linux-gnu/libgssapi_krb5.so.2.2
7f65edd8e000-7f65edd90000 rw-p 0003c000 08:01 406685                     /usr/lib/x86_64-linux-gnu/libgssapi_krb5.so.2.2
7f65edd90000-7f65eddcb000 r-xp 00000000 08:01 139879                     /lib/x86_64-linux-gnu/libpcre.so.3.12.1
7f65eddcb000-7f65edfca000 ---p 0003b000 08:01 139879                     /lib/x86_64-linux-gnu/libpcre.so.3.12.1
7f65edfca000-7f65edfcb000 r--p 0003a000 08:01 139879                     /lib/x86_64-linux-gnu/libpcre.so.3.12.1
7f65edfcb000-7f65edfcc000 rw-p 0003b000 08:01 139879                     /lib/x86_64-linux-gnu/libpcre.so.3.12.1
7f65edfcc000-7f65edfd3000 r-xp 00000000 08:01 396800                     /usr/lib/x86_64-linux-gnu/libffi.so.6.0.0
7f65edfd3000-7f65ee1d2000 ---p 00007000 08:01 396800                     /usr/lib/x86_64-linux-gnu/libffi.so.6.0.0
7f65ee1d2000-7f65ee1d3000 r--p 00006000 08:01 396800                     /usr/lib/x86_64-linux-gnu/libffi.so.6.0.0
7f65ee1d3000-7f65ee1d4000 rw-p 00007000 08:01 396800                     /usr/lib/x86_64-linux-gnu/libffi.so.6.0.0
7f65ee1d4000-7f65ee1fb000 r-xp 00000000 08:01 139838                     /lib/x86_64-linux-gnu/libexpat.so.1.5.2
7f65ee1fb000-7f65ee3fb000 ---p 00027000 08:01 139838                     /lib/x86_64-linux-gnu/libexpat.so.1.5.2
7f65ee3fb000-7f65ee3fd000 r--p 00027000 08:01 139838                     /lib/x86_64-linux-gnu/libexpat.so.1.5.2
7f65ee3fd000-7f65ee3fe000 rw-p 00029000 08:01 139838                     /lib/x86_64-linux-gnu/libexpat.so.1.5.2
7f65ee3fe000-7f65ee490000 r-xp 00000000 08:01 406632                     /usr/lib/x86_64-linux-gnu/libfreetype.so.6.6.2
7f65ee490000-7f65ee68f000 ---p 00092000 08:01 406632                     /usr/lib/x86_64-linux-gnu/libfreetype.so.6.6.2
7f65ee68f000-7f65ee695000 r--p 00091000 08:01 406632                     /usr/lib/x86_64-linux-gnu/libfreetype.so.6.6.2
7f65ee695000-7f65ee696000 rw-p 00097000 08:01 406632                     /usr/lib/x86_64-linux-gnu/libfreetype.so.6.6.2
7f65ee696000-7f65ee6ad000 r-xp 00000000 08:01 134597                     /lib/x86_64-linux-gnu/libresolv-2.13.so
7f65ee6ad000-7f65ee8ad000 ---p 00017000 08:01 134597                     /lib/x86_64-linux-gnu/libresolv-2.13.so
7f65ee8ad000-7f65ee8ae000 r--p 00017000 08:01 134597                     /lib/x86_64-linux-gnu/libresolv-2.13.so
7f65ee8ae000-7f65ee8af000 rw-p 00018000 08:01 134597                     /lib/x86_64-linux-gnu/libresolv-2.13.so
7f65ee8af000-7f65ee8b1000 rw-p 00000000 00:00 0 
7f65ee8b1000-7f65ee8cd000 r-xp 00000000 08:01 139888                     /lib/x86_64-linux-gnu/libselinux.so.1
7f65ee8cd000-7f65eeacc000 ---p 0001c000 08:01 139888                     /lib/x86_64-linux-gnu/libselinux.so.1
7f65eeacc000-7f65eeacd000 r--p 0001b000 08:01 139888                     /lib/x86_64-linux-gnu/libselinux.so.1
7f65eeacd000-7f65eeace000 rw-p 0001c000 08:01 139888                     /lib/x86_64-linux-gnu/libselinux.so.1
7f65eeace000-7f65eeacf000 rw-p 00000000 00:00 0 
7f65eeacf000-7f65eead1000 r-xp 00000000 08:01 406537                     /usr/lib/x86_64-linux-gnu/libXdamage.so.1.1.0
7f65eead1000-7f65eecd0000 ---p 00002000 08:01 406537                     /usr/lib/x86_64-linux-gnu/libXdamage.so.1.1.0
7f65eecd0000-7f65eecd1000 r--p 00001000 08:01 406537                     /usr/lib/x86_64-linux-gnu/libXdamage.so.1.1.0
7f65eecd1000-7f65eecd2000 rw-p 00002000 08:01 406537                     /usr/lib/x86_64-linux-gnu/libXdamage.so.1.1.0
7f65eecd2000-7f65eecd4000 r-xp 00000000 08:01 406533                     /usr/lib/x86_64-linux-gnu/libXcomposite.so.1.0.0
7f65eecd4000-7f65eeed3000 ---p 00002000 08:01 406533                     /usr/lib/x86_64-linux-gnu/libXcomposite.so.1.0.0
7f65eeed3000-7f65eeed4000 r--p 00001000 08:01 406533                     /usr/lib/x86_64-linux-gnu/libXcomposite.so.1.0.0
7f65eeed4000-7f65eeed5000 rw-p 00002000 08:01 406533                     /usr/lib/x86_64-linux-gnu/libXcomposite.so.1.0.0
7f65eeed5000-7f65eeede000 r-xp 00000000 08:01 406535                     /usr/lib/x86_64-linux-gnu/libXcursor.so.1.0.2
7f65eeede000-7f65ef0dd000 ---p 00009000 08:01 406535                     /usr/lib/x86_64-linux-gnu/libXcursor.so.1.0.2
7f65ef0dd000-7f65ef0de000 r--p 00008000 08:01 406535                     /usr/lib/x86_64-linux-gnu/libXcursor.so.1.0.2
7f65ef0de000-7f65ef0df000 rw-p 00009000 08:01 406535                     /usr/lib/x86_64-linux-gnu/libXcursor.so.1.0.2
7f65ef0df000-7f65ef0e7000 r-xp 00000000 08:01 406551                     /usr/lib/x86_64-linux-gnu/libXrandr.so.2.2.0
7f65ef0e7000-7f65ef2e6000 ---p 00008000 08:01 406551                     /usr/lib/x86_64-linux-gnu/libXrandr.so.2.2.0
7f65ef2e6000-7f65ef2e7000 r--p 00007000 08:01 406551                     /usr/lib/x86_64-linux-gnu/libXrandr.so.2.2.0
7f65ef2e7000-7f65ef2e8000 rw-p 00008000 08:01 406551                     /usr/lib/x86_64-linux-gnu/libXrandr.so.2.2.0
7f65ef2e8000-7f65ef2ea000 r-xp 00000000 08:01 406549                     /usr/lib/x86_64-linux-gnu/libXinerama.so.1.0.0
7f65ef2ea000-7f65ef4e9000 ---p 00002000 08:01 406549                     /usr/lib/x86_64-linux-gnu/libXinerama.so.1.0.0
7f65ef4e9000-7f65ef4ea000 r--p 00001000 08:01 406549                     /usr/lib/x86_64-linux-gnu/libXinerama.so.1.0.0
7f65ef4ea000-7f65ef4eb000 rw-p 00002000 08:01 406549                     /usr/lib/x86_64-linux-gnu/libXinerama.so.1.0.0
7f65ef4eb000-7f65ef4ee000 r-xp 00000000 08:01 395217                     /usr/lib/x86_64-linux-gnu/libgmodule-2.0.so.0.3000.0
7f65ef4ee000-7f65ef6ed000 ---p 00003000 08:01 395217                     /usr/lib/x86_64-linux-gnu/libgmodule-2.0.so.0.3000.0
7f65ef6ed000-7f65ef6ee000 r--p 00002000 08:01 395217                     /usr/lib/x86_64-linux-gnu/libgmodule-2.0.so.0.3000.0
7f65ef6ee000-7f65ef6ef000 rw-p 00003000 08:01 395217                     /usr/lib/x86_64-linux-gnu/libgmodule-2.0.so.0.3000.0
7f65ef6ef000-7f65ef719000 r-xp 00000000 08:01 397305                     /usr/lib/x86_64-linux-gnu/libpangoft2-1.0.so.0.2903.0
7f65ef719000-7f65ef918000 ---p 0002a000 08:01 397305                     /usr/lib/x86_64-linux-gnu/libpangoft2-1.0.so.0.2903.0
7f65ef918000-7f65ef919000 r--p 00029000 08:01 397305                     /usr/lib/x86_64-linux-gnu/libpangoft2-1.0.so.0.2903.0
7f65ef919000-7f65ef91a000 rw-p 0002a000 08:01 397305                     /usr/lib/x86_64-linux-gnu/libpangoft2-1.0.so.0.2903.0
7f65ef91a000-7f65ef9d3000 r-xp 00000000 08:01 406593                     /usr/lib/x86_64-linux-gnu/libcairo.so.2.11000.2
7f65ef9d3000-7f65efbd2000 ---p 000b9000 08:01 406593                     /usr/lib/x86_64-linux-gnu/libcairo.so.2.11000.2
7f65efbd2000-7f65efbd4000 r--p 000b8000 08:01 406593                     /usr/lib/x86_64-linux-gnu/libcairo.so.2.11000.2
7f65efbd4000-7f65efbd5000 rw-p 000ba000 08:01 406593                     /usr/lib/x86_64-linux-gnu/libcairo.so.2.11000.2
7f65efbd5000-7f65efbd8000 rw-p 00000000 00:00 0 
7f65efbd8000-7f65efbf7000 r-xp 00000000 08:01 394856                     /usr/lib/x86_64-linux-gnu/libatk-1.0.so.0.20209.1
7f65efbf7000-7f65efdf7000 ---p 0001f000 08:01 394856                     /usr/lib/x86_64-linux-gnu/libatk-1.0.so.0.20209.1
7f65efdf7000-7f65efdf9000 r--p 0001f000 08:01 394856                     /usr/lib/x86_64-linux-gnu/libatk-1.0.so.0.20209.1
7f65efdf9000-7f65efdfa000 rw-p 00021000 08:01 394856                     /usr/lib/x86_64-linux-gnu/libatk-1.0.so.0.20209.1
7f65efdfa000-7f65efdff000 r-xp 00000000 08:01 406543                     /usr/lib/x86_64-linux-gnu/libXfixes.so.3.1.0
7f65efdff000-7f65efffe000 ---p 00005000 08:01 406543                     /usr/lib/x86_64-linux-gnu/libXfixes.so.3.1.0
7f65efffe000-7f65effff000 r--p 00004000 08:01 406543                     /usr/lib/x86_64-linux-gnu/libXfixes.so.3.1.0
7f65effff000-7f65f0000000 rw-p 00005000 08:01 406543                     /usr/lib/x86_64-linux-gnu/libXfixes.so.3.1.0
7f65f0000000-7f65f01c9000 rw-p 00000000 00:00 0 
7f65f01c9000-7f65f4000000 ---p 00000000 00:00 0 
7f65f4072000-7f65f40a3000 rw-p 00000000 00:00 0 
7f65f40a3000-7f65f40a6000 ---p 00000000 00:00 0 
7f65f40a6000-7f65f40bd000 rw-p 00000000 00:00 0 
7f65f40bd000-7f65f40c8000 r-xp 00000000 08:01 397309                     /usr/lib/x86_64-linux-gnu/libpangocairo-1.0.so.0.2903.0
7f65f40c8000-7f65f42c8000 ---p 0000b000 08:01 397309                     /usr/lib/x86_64-linux-gnu/libpangocairo-1.0.so.0.2903.0
7f65f42c8000-7f65f42c9000 r--p 0000b000 08:01 397309                     /usr/lib/x86_64-linux-gnu/libpangocairo-1.0.so.0.2903.0
7f65f42c9000-7f65f42ca000 rw-p 0000c000 08:01 397309                     /usr/lib/x86_64-linux-gnu/libpangocairo-1.0.so.0.2903.0
7f65f42ca000-7f65f42e5000 r-xp 00000000 08:01 406817                     /usr/lib/x86_64-linux-gnu/libxcb.so.1.1.0
7f65f42e5000-7f65f44e4000 ---p 0001b000 08:01 406817                     /usr/lib/x86_64-linux-gnu/libxcb.so.1.1.0
7f65f44e4000-7f65f44e5000 r--p 0001a000 08:01 406817                     /usr/lib/x86_64-linux-gnu/libxcb.so.1.1.0
7f65f44e5000-7f65f44e6000 rw-p 0001b000 08:01 406817                     /usr/lib/x86_64-linux-gnu/libxcb.so.1.1.0
7f65f44e6000-7f65f4534000 r-xp 00000000 08:01 400264                     /usr/lib/x86_64-linux-gnu/libcups.so.2
7f65f4534000-7f65f4734000 ---p 0004e000 08:01 400264                     /usr/lib/x86_64-linux-gnu/libcups.so.2
7f65f4734000-7f65f4738000 r--p 0004e000 08:01 400264                     /usr/lib/x86_64-linux-gnu/libcups.so.2
7f65f4738000-7f65f4739000 rw-p 00052000 08:01 400264                     /usr/lib/x86_64-linux-gnu/libcups.so.2
7f65f4739000-7f65f482d000 r-xp 00000000 08:01 134283                     /lib/x86_64-linux-gnu/libglib-2.0.so.0.3000.0
7f65f482d000-7f65f4a2c000 ---p 000f4000 08:01 134283                     /lib/x86_64-linux-gnu/libglib-2.0.so.0.3000.0
7f65f4a2c000-7f65f4a2d000 r--p 000f3000 08:01 134283                     /lib/x86_64-linux-gnu/libglib-2.0.so.0.3000.0
7f65f4a2d000-7f65f4a2e000 rw-p 000f4000 08:01 134283                     /lib/x86_64-linux-gnu/libglib-2.0.so.0.3000.0
7f65f4a2e000-7f65f4a2f000 rw-p 00000000 00:00 0 
7f65f4a2f000-7f65f4a33000 r-xp 00000000 08:01 394708                     /usr/lib/x86_64-linux-gnu/libgthread-2.0.so.0.3000.0
7f65f4a33000-7f65f4c32000 ---p 00004000 08:01 394708                     /usr/lib/x86_64-linux-gnu/libgthread-2.0.so.0.3000.0
7f65f4c32000-7f65f4c33000 r--p 00003000 08:01 394708                     /usr/lib/x86_64-linux-gnu/libgthread-2.0.so.0.3000.0
7f65f4c33000-7f65f4c34000 rw-p 00004000 08:01 394708                     /usr/lib/x86_64-linux-gnu/libgthread-2.0.so.0.3000.0
7f65f4c34000-7f65f4c82000 r-xp 00000000 08:01 394707                     /usr/lib/x86_64-linux-gnu/libgobject-2.0.so.0.3000.0
7f65f4c82000-7f65f4e82000 ---p 0004e000 08:01 394707                     /usr/lib/x86_64-linux-gnu/libgobject-2.0.so.0.3000.0
7f65f4e82000-7f65f4e83000 r--p 0004e000 08:01 394707                     /usr/lib/x86_64-linux-gnu/libgobject-2.0.so.0.3000.0
7f65f4e83000-7f65f4e84000 rw-p 0004f000 08:01 394707                     /usr/lib/x86_64-linux-gnu/libgobject-2.0.so.0.3000.0
7f65f4e84000-7f65f4e85000 rw-p 00000000 00:00 0 
7f65f4e85000-7f65f4eb9000 r-xp 00000000 08:01 406630                     /usr/lib/x86_64-linux-gnu/libfontconfig.so.1.4.4
7f65f4eb9000-7f65f50b9000 ---p 00034000 08:01 406630                     /usr/lib/x86_64-linux-gnu/libfontconfig.so.1.4.4
7f65f50b9000-7f65f50ba000 r--p 00034000 08:01 406630                     /usr/lib/x86_64-linux-gnu/libfontconfig.so.1.4.4
7f65f50ba000-7f65f50bb000 rw-p 00035000 08:01 406630                     /usr/lib/x86_64-linux-gnu/libfontconfig.so.1.4.4
7f65f50bb000-7f65f5102000 r-xp 00000000 08:01 397304                     /usr/lib/x86_64-linux-gnu/libpango-1.0.so.0.2903.0
7f65f5102000-7f65f5302000 ---p 00047000 08:01 397304                     /usr/lib/x86_64-linux-gnu/libpango-1.0.so.0.2903.0
7f65f5302000-7f65f5304000 r--p 00047000 08:01 397304                     /usr/lib/x86_64-linux-gnu/libpango-1.0.so.0.2903.0
7f65f5304000-7f65f5305000 rw-p 00049000 08:01 397304                     /usr/lib/x86_64-linux-gnu/libpango-1.0.so.0.2903.0
7f65f5305000-7f65f5323000 r-xp 00000000 08:01 394128                     /usr/lib/x86_64-linux-gnu/libgdk_pixbuf-2.0.so.0.2400.0
7f65f5323000-7f65f5522000 ---p 0001e000 08:01 394128                     /usr/lib/x86_64-linux-gnu/libgdk_pixbuf-2.0.so.0.2400.0
7f65f5522000-7f65f5523000 r--p 0001d000 08:01 394128                     /usr/lib/x86_64-linux-gnu/libgdk_pixbuf-2.0.so.0.2400.0
7f65f5523000-7f65f5524000 rw-p 0001e000 08:01 394128                     /usr/lib/x86_64-linux-gnu/libgdk_pixbuf-2.0.so.0.2400.0
7f65f5524000-7f65f565f000 r-xp 00000000 08:01 394685                     /usr/lib/x86_64-linux-gnu/libgio-2.0.so.0.3000.0
7f65f565f000-7f65f585e000 ---p 0013b000 08:01 394685                     /usr/lib/x86_64-linux-gnu/libgio-2.0.so.0.3000.0
7f65f585e000-7f65f5862000 r--p 0013a000 08:01 394685                     /usr/lib/x86_64-linux-gnu/libgio-2.0.so.0.3000.0
7f65f5862000-7f65f5864000 rw-p 0013e000 08:01 394685                     /usr/lib/x86_64-linux-gnu/libgio-2.0.so.0.3000.0
7f65f5864000-7f65f5866000 rw-p 00000000 00:00 0 
7f65f5866000-7f65f5913000 r-xp 00000000 08:01 397253                     /usr/lib/x86_64-linux-gnu/libgdk-x11-2.0.so.0.2400.6
7f65f5913000-7f65f5b12000 ---p 000ad000 08:01 397253                     /usr/lib/x86_64-linux-gnu/libgdk-x11-2.0.so.0.2400.6
7f65f5b12000-7f65f5b16000 r--p 000ac000 08:01 397253                     /usr/lib/x86_64-linux-gnu/libgdk-x11-2.0.so.0.2400.6
7f65f5b16000-7f65f5b18000 rw-p 000b0000 08:01 397253                     /usr/lib/x86_64-linux-gnu/libgdk-x11-2.0.so.0.2400.6
7f65f5b18000-7f65f5f47000 r-xp 00000000 08:01 397246                     /usr/lib/x86_64-linux-gnu/libgtk-x11-2.0.so.0.2400.6
7f65f5f47000-7f65f6147000 ---p 0042f000 08:01 397246                     /usr/lib/x86_64-linux-gnu/libgtk-x11-2.0.so.0.2400.6
7f65f6147000-7f65f614e000 r--p 0042f000 08:01 397246                     /usr/lib/x86_64-linux-gnu/libgtk-x11-2.0.so.0.2400.6
7f65f614e000-7f65f6152000 rw-p 00436000 08:01 397246                     /usr/lib/x86_64-linux-gnu/libgtk-x11-2.0.so.0.2400.6
7f65f6152000-7f65f6154000 rw-p 00000000 00:00 0 
7f65f6154000-7f65f6163000 r-xp 00000000 08:01 406547                     /usr/lib/x86_64-linux-gnu/libXi.so.6.1.0
7f65f6163000-7f65f6362000 ---p 0000f000 08:01 406547                     /usr/lib/x86_64-linux-gnu/libXi.so.6.1.0
7f65f6362000-7f65f6363000 r--p 0000e000 08:01 406547                     /usr/lib/x86_64-linux-gnu/libXi.so.6.1.0
7f65f6363000-7f65f6364000 rw-p 0000f000 08:01 406547                     /usr/lib/x86_64-linux-gnu/libXi.so.6.1.0
7f65f6364000-7f65f6369000 r-xp 00000000 08:01 398564                     /usr/lib/libXtst.so.6.1.0
7f65f6369000-7f65f6568000 ---p 00005000 08:01 398564                     /usr/lib/libXtst.so.6.1.0
7f65f6568000-7f65f6569000 r--p 00004000 08:01 398564                     /usr/lib/libXtst.so.6.1.0
7f65f6569000-7f65f656a000 rw-p 00005000 08:01 398564                     /usr/lib/libXtst.so.6.1.0
7f65f656a000-7f65f6573000 r-xp 00000000 08:01 406553                     /usr/lib/x86_64-linux-gnu/libXrender.so.1.3.0
7f65f6573000-7f65f6773000 ---p 00009000 08:01 406553                     /usr/lib/x86_64-linux-gnu/libXrender.so.1.3.0
7f65f6773000-7f65f6774000 r--p 00009000 08:01 406553                     /usr/lib/x86_64-linux-gnu/libXrender.so.1.3.0
7f65f6774000-7f65f6775000 rw-p 0000a000 08:01 406553                     /usr/lib/x86_64-linux-gnu/libXrender.so.1.3.0
7f65f6775000-7f65f68a8000 r-xp 00000000 08:01 406471                     /usr/lib/x86_64-linux-gnu/libX11.so.6.3.0
7f65f68a8000-7f65f6aa8000 ---p 00133000 08:01 406471                     /usr/lib/x86_64-linux-gnu/libX11.so.6.3.0
7f65f6aa8000-7f65f6aa9000 r--p 00133000 08:01 406471                     /usr/lib/x86_64-linux-gnu/libX11.so.6.3.0
7f65f6aa9000-7f65f6aad000 rw-p 00134000 08:01 406471                     /usr/lib/x86_64-linux-gnu/libX11.so.6.3.0
7f65f6aad000-7f65f6abf000 r-xp 00000000 08:01 406541                     /usr/lib/x86_64-linux-gnu/libXext.so.6.4.0
7f65f6abf000-7f65f6cbe000 ---p 00012000 08:01 406541                     /usr/lib/x86_64-linux-gnu/libXext.so.6.4.0
7f65f6cbe000-7f65f6cbf000 r--p 00011000 08:01 406541                     /usr/lib/x86_64-linux-gnu/libXext.so.6.4.0
7f65f6cbf000-7f65f6cc0000 rw-p 00012000 08:01 406541                     /usr/lib/x86_64-linux-gnu/libXext.so.6.4.0
7f65f6cc0000-7f65f6ce3000 r--p 00000000 08:01 675061                     /usr/share/locale-langpack/fr/LC_MESSAGES/libc.mo
7f65f6ce3000-7f65f6d35000 r-xp 00000000 08:01 401973                     /usr/lib/jvm/java-7-openjdk-amd64/jre/lib/amd64/xawt/libmawt.so
7f65f6d35000-7f65f6f35000 ---p 00052000 08:01 401973                     /usr/lib/jvm/java-7-openjdk-amd64/jre/lib/amd64/xawt/libmawt.so
7f65f6f35000-7f65f6f36000 r--p 00052000 08:01 401973                     /usr/lib/jvm/java-7-openjdk-amd64/jre/lib/amd64/xawt/libmawt.so
7f65f6f36000-7f65f6f39000 rw-p 00053000 08:01 401973                     /usr/lib/jvm/java-7-openjdk-amd64/jre/lib/amd64/xawt/libmawt.so
7f65f6f39000-7f65f6f3a000 rw-p 00000000 00:00 0 
7f65f6f3a000-7f65f6fdc000 r-xp 00000000 08:01 398111                     /usr/lib/jvm/java-7-openjdk-amd64/jre/lib/amd64/libawt.so
7f65f6fdc000-7f65f71db000 ---p 000a2000 08:01 398111                     /usr/lib/jvm/java-7-openjdk-amd64/jre/lib/amd64/libawt.so
7f65f71db000-7f65f71dc000 r--p 000a1000 08:01 398111                     /usr/lib/jvm/java-7-openjdk-amd64/jre/lib/amd64/libawt.so
7f65f71dc000-7f65f71e7000 rw-p 000a2000 08:01 398111                     /usr/lib/jvm/java-7-openjdk-amd64/jre/lib/amd64/libawt.so
7f65f71e7000-7f65f720c000 rw-p 00000000 00:00 0 
7f65f720c000-7f65f720f000 r--s 00032000 08:01 395025                     /usr/lib/jvm/java-7-openjdk-common/jre/lib/ext/sunjce_provider.jar
7f65f720f000-7f65f7212000 r--s 00085000 08:01 395002                     /usr/lib/jvm/java-7-openjdk-common/jre/lib/ext/localedata.jar
7f65f7212000-7f65f7213000 r--s 00002000 08:01 394906                     /usr/lib/jvm/java-7-openjdk-common/jre/lib/ext/dnsns.jar
7f65f7213000-7f65f7216000 r--s 0003c000 08:01 394890                     /usr/lib/jvm/java-7-openjdk-common/jre/lib/ext/sunpkcs11.jar
7f65f7216000-7f65f7218000 r--s 00012000 08:01 395160                     /usr/lib/jvm/java-7-openjdk-common/jre/lib/ext/zipfs.jar
7f65f7218000-7f65f721b000 r--s 0000f000 08:01 395194                     /usr/lib/jvm/java-7-openjdk-common/jre/lib/ext/pulse-java.jar
7f65f721b000-7f65f7223000 r--s 00066000 08:01 676447                     /usr/share/java/gnome-java-bridge.jar
7f65f7223000-7f65f7224000 ---p 00000000 00:00 0 
7f65f7224000-7f65f7324000 rw-p 00000000 00:00 0 
7f65f7324000-7f65f7327000 ---p 00000000 00:00 0 
7f65f7327000-7f65f7425000 rw-p 00000000 00:00 0 
7f65f7425000-7f65f7428000 ---p 00000000 00:00 0 
7f65f7428000-7f65f7526000 rw-p 00000000 00:00 0 
7f65f7526000-7f65f7529000 ---p 00000000 00:00 0 
7f65f7529000-7f65f7627000 rw-p 00000000 00:00 0 
7f65f7627000-7f65f762a000 ---p 00000000 00:00 0 
7f65f762a000-7f65f7728000 rw-p 00000000 00:00 0 
7f65f7728000-7f65f7e15000 r--p 00000000 08:01 403488                     /usr/lib/locale/locale-archive
7f65f7e15000-7f65f7e18000 ---p 00000000 00:00 0 
7f65f7e18000-7f65f7f16000 rw-p 00000000 00:00 0 
7f65f7f16000-7f65f7f19000 ---p 00000000 00:00 0 
7f65f7f19000-7f65f8017000 rw-p 00000000 00:00 0 
7f65f8017000-7f65f8018000 ---p 00000000 00:00 0 
7f65f8018000-7f65f8487000 rw-p 00000000 00:00 0 
7f65f8487000-7f65f8635000 r--s 03e76000 08:01 396788                     /usr/lib/jvm/java-7-openjdk-amd64/jre/lib/rt.jar
7f65f8635000-7f65f865d000 rw-p 00000000 00:00 0 
7f65f865d000-7f65f865e000 ---p 00000000 00:00 0 
7f65f865e000-7f65f875e000 rw-p 00000000 00:00 0 
7f65f875e000-7f65f875f000 ---p 00000000 00:00 0 
7f65f875f000-7f65f886a000 rw-p 00000000 00:00 0 
7f65f886a000-7f65f88b2000 rw-p 00000000 00:00 0 
7f65f88b2000-7f65f88c7000 rw-p 00000000 00:00 0 
7f65f88c7000-7f65f89fd000 rw-p 00000000 00:00 0 
7f65f89fd000-7f65f8a08000 rw-p 00000000 00:00 0 
7f65f8a08000-7f65f8a50000 rw-p 00000000 00:00 0 
7f65f8a50000-7f65f8a65000 rw-p 00000000 00:00 0 
7f65f8a65000-7f65f8b9a000 rw-p 00000000 00:00 0 
7f65f8b9a000-7f65f8ba5000 rw-p 00000000 00:00 0 
7f65f8ba5000-7f65f8c40000 rw-p 00000000 00:00 0 
7f65f8c40000-7f65f8c41000 rw-p 00000000 00:00 0 
7f65f8c41000-7f65f8eb1000 rwxp 00000000 00:00 0 
7f65f8eb1000-7f65fbc41000 rw-p 00000000 00:00 0 
7f65fbc41000-7f65fbc49000 r-xp 00000000 08:01 399895                     /usr/lib/jvm/java-7-openjdk-amd64/jre/lib/amd64/libzip.so
7f65fbc49000-7f65fbe48000 ---p 00008000 08:01 399895                     /usr/lib/jvm/java-7-openjdk-amd64/jre/lib/amd64/libzip.so
7f65fbe48000-7f65fbe49000 r--p 00007000 08:01 399895                     /usr/lib/jvm/java-7-openjdk-amd64/jre/lib/amd64/libzip.so
7f65fbe49000-7f65fbe4a000 rw-p 00008000 08:01 399895                     /usr/lib/jvm/java-7-openjdk-amd64/jre/lib/amd64/libzip.so
7f65fbe4a000-7f65fbe56000 r-xp 00000000 08:01 134596                     /lib/x86_64-linux-gnu/libnss_files-2.13.so
7f65fbe56000-7f65fc055000 ---p 0000c000 08:01 134596                     /lib/x86_64-linux-gnu/libnss_files-2.13.so
7f65fc055000-7f65fc056000 r--p 0000b000 08:01 134596                     /lib/x86_64-linux-gnu/libnss_files-2.13.so
7f65fc056000-7f65fc057000 rw-p 0000c000 08:01 134596                     /lib/x86_64-linux-gnu/libnss_files-2.13.so
7f65fc057000-7f65fc061000 r-xp 00000000 08:01 134607                     /lib/x86_64-linux-gnu/libnss_nis-2.13.so
7f65fc061000-7f65fc261000 ---p 0000a000 08:01 134607                     /lib/x86_64-linux-gnu/libnss_nis-2.13.so
7f65fc261000-7f65fc262000 r--p 0000a000 08:01 134607                     /lib/x86_64-linux-gnu/libnss_nis-2.13.so
7f65fc262000-7f65fc263000 rw-p 0000b000 08:01 134607                     /lib/x86_64-linux-gnu/libnss_nis-2.13.so
7f65fc263000-7f65fc27a000 r-xp 00000000 08:01 134591                     /lib/x86_64-linux-gnu/libnsl-2.13.so
7f65fc27a000-7f65fc479000 ---p 00017000 08:01 134591                     /lib/x86_64-linux-gnu/libnsl-2.13.so
7f65fc479000-7f65fc47a000 r--p 00016000 08:01 134591                     /lib/x86_64-linux-gnu/libnsl-2.13.so
7f65fc47a000-7f65fc47b000 rw-p 00017000 08:01 134591                     /lib/x86_64-linux-gnu/libnsl-2.13.so
7f65fc47b000-7f65fc47d000 rw-p 00000000 00:00 0 
7f65fc47d000-7f65fc485000 r-xp 00000000 08:01 134588                     /lib/x86_64-linux-gnu/libnss_compat-2.13.so
7f65fc485000-7f65fc684000 ---p 00008000 08:01 134588                     /lib/x86_64-linux-gnu/libnss_compat-2.13.so
7f65fc684000-7f65fc685000 r--p 00007000 08:01 134588                     /lib/x86_64-linux-gnu/libnss_compat-2.13.so
7f65fc685000-7f65fc686000 rw-p 00008000 08:01 134588                     /lib/x86_64-linux-gnu/libnss_compat-2.13.so
7f65fc686000-7f65fc6af000 r-xp 00000000 08:01 398578                     /usr/lib/jvm/java-7-openjdk-amd64/jre/lib/amd64/libjava.so
7f65fc6af000-7f65fc8ae000 ---p 00029000 08:01 398578                     /usr/lib/jvm/java-7-openjdk-amd64/jre/lib/amd64/libjava.so
7f65fc8ae000-7f65fc8af000 r--p 00028000 08:01 398578                     /usr/lib/jvm/java-7-openjdk-amd64/jre/lib/amd64/libjava.so
7f65fc8af000-7f65fc8b1000 rw-p 00029000 08:01 398578                     /usr/lib/jvm/java-7-openjdk-amd64/jre/lib/amd64/libjava.so
7f65fc8b1000-7f65fc8bf000 r-xp 00000000 08:01 399894                     /usr/lib/jvm/java-7-openjdk-amd64/jre/lib/amd64/libverify.so
7f65fc8bf000-7f65fcabe000 ---p 0000e000 08:01 399894                     /usr/lib/jvm/java-7-openjdk-amd64/jre/lib/amd64/libverify.so
7f65fcabe000-7f65fcac0000 r--p 0000d000 08:01 399894                     /usr/lib/jvm/java-7-openjdk-amd64/jre/lib/amd64/libverify.so
7f65fcac0000-7f65fcac1000 rw-p 0000f000 08:01 399894                     /usr/lib/jvm/java-7-openjdk-amd64/jre/lib/amd64/libverify.so
7f65fcac1000-7f65fcac8000 r-xp 00000000 08:01 134577                     /lib/x86_64-linux-gnu/librt-2.13.so
7f65fcac8000-7f65fccc7000 ---p 00007000 08:01 134577                     /lib/x86_64-linux-gnu/librt-2.13.so
7f65fccc7000-7f65fccc8000 r--p 00006000 08:01 134577                     /lib/x86_64-linux-gnu/librt-2.13.so
7f65fccc8000-7f65fccc9000 rw-p 00007000 08:01 134577                     /lib/x86_64-linux-gnu/librt-2.13.so
7f65fccc9000-7f65fccde000 r-xp 00000000 08:01 131748                     /lib/x86_64-linux-gnu/libgcc_s.so.1
7f65fccde000-7f65fcedd000 ---p 00015000 08:01 131748                     /lib/x86_64-linux-gnu/libgcc_s.so.1
7f65fcedd000-7f65fcede000 r--p 00014000 08:01 131748                     /lib/x86_64-linux-gnu/libgcc_s.so.1
7f65fcede000-7f65fcedf000 rw-p 00015000 08:01 131748                     /lib/x86_64-linux-gnu/libgcc_s.so.1
7f65fcedf000-7f65fcf62000 r-xp 00000000 08:01 134673                     /lib/x86_64-linux-gnu/libm-2.13.so
7f65fcf62000-7f65fd161000 ---p 00083000 08:01 134673                     /lib/x86_64-linux-gnu/libm-2.13.so
7f65fd161000-7f65fd162000 r--p 00082000 08:01 134673                     /lib/x86_64-linux-gnu/libm-2.13.so
7f65fd162000-7f65fd163000 rw-p 00083000 08:01 134673                     /lib/x86_64-linux-gnu/libm-2.13.so
7f65fd163000-7f65fd24b000 r-xp 00000000 08:01 398097                     /usr/lib/x86_64-linux-gnu/libstdc++.so.6.0.16
7f65fd24b000-7f65fd44b000 ---p 000e8000 08:01 398097                     /usr/lib/x86_64-linux-gnu/libstdc++.so.6.0.16
7f65fd44b000-7f65fd453000 r--p 000e8000 08:01 398097                     /usr/lib/x86_64-linux-gnu/libstdc++.so.6.0.16
7f65fd453000-7f65fd455000 rw-p 000f0000 08:01 398097                     /usr/lib/x86_64-linux-gnu/libstdc++.so.6.0.16
7f65fd455000-7f65fd46a000 rw-p 00000000 00:00 0 
7f65fd46a000-7f65fddf1000 r-xp 00000000 08:01 399897                     /usr/lib/jvm/java-7-openjdk-amd64/jre/lib/amd64/server/libjvm.so
7f65fddf1000-7f65fdff0000 ---p 00987000 08:01 399897                     /usr/lib/jvm/java-7-openjdk-amd64/jre/lib/amd64/server/libjvm.so
7f65fdff0000-7f65fe06e000 r--p 00986000 08:01 399897                     /usr/lib/jvm/java-7-openjdk-amd64/jre/lib/amd64/server/libjvm.so
7f65fe06e000-7f65fe089000 rw-p 00a04000 08:01 399897                     /usr/lib/jvm/java-7-openjdk-amd64/jre/lib/amd64/server/libjvm.so
7f65fe089000-7f65fe0b4000 rw-p 00000000 00:00 0 
7f65fe0b4000-7f65fe0cc000 r-xp 00000000 08:01 134606                     /lib/x86_64-linux-gnu/libpthread-2.13.so
7f65fe0cc000-7f65fe2cb000 ---p 00018000 08:01 134606                     /lib/x86_64-linux-gnu/libpthread-2.13.so
7f65fe2cb000-7f65fe2cc000 r--p 00017000 08:01 134606                     /lib/x86_64-linux-gnu/libpthread-2.13.so
7f65fe2cc000-7f65fe2cd000 rw-p 00018000 08:01 134606                     /lib/x86_64-linux-gnu/libpthread-2.13.so
7f65fe2cd000-7f65fe2d1000 rw-p 00000000 00:00 0 
7f65fe2d1000-7f65fe2e8000 r-xp 00000000 08:01 139905                     /lib/x86_64-linux-gnu/libz.so.1.2.3.4
7f65fe2e8000-7f65fe4e7000 ---p 00017000 08:01 139905                     /lib/x86_64-linux-gnu/libz.so.1.2.3.4
7f65fe4e7000-7f65fe4e8000 r--p 00016000 08:01 139905                     /lib/x86_64-linux-gnu/libz.so.1.2.3.4
7f65fe4e8000-7f65fe4e9000 rw-p 00017000 08:01 139905                     /lib/x86_64-linux-gnu/libz.so.1.2.3.4
7f65fe4e9000-7f65fe4eb000 r-xp 00000000 08:01 134594                     /lib/x86_64-linux-gnu/libdl-2.13.so
7f65fe4eb000-7f65fe6eb000 ---p 00002000 08:01 134594                     /lib/x86_64-linux-gnu/libdl-2.13.so
7f65fe6eb000-7f65fe6ec000 r--p 00002000 08:01 134594                     /lib/x86_64-linux-gnu/libdl-2.13.so
7f65fe6ec000-7f65fe6ed000 rw-p 00003000 08:01 134594                     /lib/x86_64-linux-gnu/libdl-2.13.so
7f65fe6ed000-7f65fe882000 r-xp 00000000 08:01 134593                     /lib/x86_64-linux-gnu/libc-2.13.so
7f65fe882000-7f65fea81000 ---p 00195000 08:01 134593                     /lib/x86_64-linux-gnu/libc-2.13.so
7f65fea81000-7f65fea85000 r--p 00194000 08:01 134593                     /lib/x86_64-linux-gnu/libc-2.13.so
7f65fea85000-7f65fea86000 rw-p 00198000 08:01 134593                     /lib/x86_64-linux-gnu/libc-2.13.so
7f65fea86000-7f65fea8c000 rw-p 00000000 00:00 0 
7f65fea8c000-7f65fea98000 r-xp 00000000 08:01 397479                     /usr/lib/jvm/java-7-openjdk-amd64/jre/lib/amd64/jli/libjli.so
7f65fea98000-7f65fec97000 ---p 0000c000 08:01 397479                     /usr/lib/jvm/java-7-openjdk-amd64/jre/lib/amd64/jli/libjli.so
7f65fec97000-7f65fec98000 r--p 0000b000 08:01 397479                     /usr/lib/jvm/java-7-openjdk-amd64/jre/lib/amd64/jli/libjli.so
7f65fec98000-7f65fec99000 rw-p 0000c000 08:01 397479                     /usr/lib/jvm/java-7-openjdk-amd64/jre/lib/amd64/jli/libjli.so
7f65fec99000-7f65fecba000 r-xp 00000000 08:01 134600                     /lib/x86_64-linux-gnu/ld-2.13.so
7f65fecce000-7f65fecd8000 rw-p 00000000 00:00 0 
7f65fecd8000-7f65fed8e000 rw-p 00000000 00:00 0 
7f65fed8e000-7f65fed91000 ---p 00000000 00:00 0 
7f65fed91000-7f65fee94000 rw-p 00000000 00:00 0 
7f65fee98000-7f65fee9c000 r--s 0009f000 08:01 396465                     /usr/lib/jvm/java-7-openjdk-common/jre/lib/jsse.jar
7f65fee9c000-7f65fee9d000 r--p 00000000 00:00 0 
7f65fee9d000-7f65feea6000 r--s 00263000 08:01 396683                     /usr/lib/jvm/java-7-openjdk-common/jre/lib/resources.jar
7f65feea6000-7f65feead000 r--s 00000000 08:01 663199                     /usr/lib/x86_64-linux-gnu/gconv/gconv-modules.cache
7f65feead000-7f65feeb5000 rw-s 00000000 08:01 268492                     /tmp/hsperfdata_guillaume/3368
7f65feeb5000-7f65feeb6000 rw-p 00000000 00:00 0 
7f65feeb6000-7f65feeb7000 r--p 00000000 00:00 0 
7f65feeb7000-7f65feeb9000 rw-p 00000000 00:00 0 
7f65feeb9000-7f65feeba000 r--p 00020000 08:01 134600                     /lib/x86_64-linux-gnu/ld-2.13.so
7f65feeba000-7f65feebc000 rw-p 00021000 08:01 134600                     /lib/x86_64-linux-gnu/ld-2.13.so
7fffca719000-7fffca73a000 rw-p 00000000 00:00 0                          [stack]
7fffca745000-7fffca746000 r-xp 00000000 00:00 0                          [vdso]
ffffffffff600000-ffffffffff601000 r-xp 00000000 00:00 0                  [vsyscall]

VM Arguments:
jvm_args: -Dfile.encoding=UTF-8 
java_command: main.Main
Launcher Type: SUN_STANDARD

Environment Variables:
PATH=/usr/lib/lightdm/lightdm:/usr/local/sbin:/usr/local/bin:/usr/sbin:/usr/bin:/sbin:/bin:/usr/games
USERNAME=guillaume
SHELL=/bin/bash
DISPLAY=:0

Signal Handlers:
SIGSEGV: [libjvm.so+0x7fca30], sa_mask[0]=0x7ffbfeff, sa_flags=0x10000004
SIGBUS: [libjvm.so+0x7fca30], sa_mask[0]=0x7ffbfeff, sa_flags=0x10000004
SIGFPE: [libjvm.so+0x6a1150], sa_mask[0]=0x7ffbfeff, sa_flags=0x10000004
SIGPIPE: [libjvm.so+0x6a1150], sa_mask[0]=0x7ffbfeff, sa_flags=0x10000004
SIGXFSZ: [libjvm.so+0x6a1150], sa_mask[0]=0x7ffbfeff, sa_flags=0x10000004
SIGILL: [libjvm.so+0x6a1150], sa_mask[0]=0x7ffbfeff, sa_flags=0x10000004
SIGUSR1: SIG_DFL, sa_mask[0]=0x00000000, sa_flags=0x00000000
SIGUSR2: [libjvm.so+0x6a1520], sa_mask[0]=0x00000004, sa_flags=0x10000004
SIGHUP: [libjvm.so+0x6a1660], sa_mask[0]=0x7ffbfeff, sa_flags=0x10000004
SIGINT: SIG_IGN, sa_mask[0]=0x00000000, sa_flags=0x00000000
SIGTERM: [libjvm.so+0x6a1660], sa_mask[0]=0x7ffbfeff, sa_flags=0x10000004
SIGQUIT: [libjvm.so+0x6a1660], sa_mask[0]=0x7ffbfeff, sa_flags=0x10000004


---------------  S Y S T E M  ---------------

OS:Ubuntu 11.10 (oneiric)
uname:Linux 3.0.0-12-generic #20-Ubuntu SMP Fri Oct 7 14:56:25 UTC 2011 x86_64
libc:glibc 2.13 NPTL 2.13 
rlimit: STACK 8192k, CORE 0k, NPROC 31562, NOFILE 4096, AS infinity
load average:0,05 0,17 0,27

/proc/meminfo:
MemTotal:        4055792 kB
MemFree:         1590676 kB
Buffers:           96448 kB
Cached:           898324 kB
SwapCached:            0 kB
Active:          1572064 kB
Inactive:         684736 kB
Active(anon):    1262840 kB
Inactive(anon):    11812 kB
Active(file):     309224 kB
Inactive(file):   672924 kB
Unevictable:          32 kB
Mlocked:              32 kB
SwapTotal:             0 kB
SwapFree:              0 kB
Dirty:               328 kB
Writeback:             0 kB
AnonPages:       1262276 kB
Mapped:           218240 kB
Shmem:             12580 kB
Slab:              76960 kB
SReclaimable:      51820 kB
SUnreclaim:        25140 kB
KernelStack:        3152 kB
PageTables:        29152 kB
NFS_Unstable:          0 kB
Bounce:                0 kB
WritebackTmp:          0 kB
CommitLimit:     2027896 kB
Committed_AS:    3288044 kB
VmallocTotal:   34359738367 kB
VmallocUsed:      102100 kB
VmallocChunk:   34359626748 kB
HardwareCorrupted:     0 kB
AnonHugePages:         0 kB
HugePages_Total:       0
HugePages_Free:        0
HugePages_Rsvd:        0
HugePages_Surp:        0
Hugepagesize:       2048 kB
DirectMap4k:      105408 kB
DirectMap2M:     4087808 kB


CPU:total 2 (2 cores per cpu, 1 threads per core) family 6 model 15 stepping 13, cmov, cx8, fxsr, mmx, sse, sse2, sse3, ssse3

Memory: 4k page, physical 4055792k(1590676k free), swap 0k(0k free)

vm_info: OpenJDK 64-Bit Server VM (21.0-b17) for linux-amd64 JRE (1.7.0_147-b147), built on Sep 30 2011 00:36:33 by "buildd" with gcc 4.6.1

time: Thu Nov 10 19:28:58 2011
elapsed time: 0 seconds

