#
# A fatal error has been detected by the Java Runtime Environment:
#
#  SIGSEGV (0xb) at pc=0x00007f671f2b01f8, pid=3374, tid=140081230522112
#
# JRE version: 7.0_147-b147
# Java VM: OpenJDK 64-Bit Server VM (21.0-b17 mixed mode linux-amd64 compressed oops)
# Derivative: IcedTea7 2.0pre
# Distribution: Ubuntu oneiric (development branch), package 7~b147-2.0~pre6-1ubuntu1
# Problematic frame:
# C  [liblcms2.so.2+0x121f8]  cmsSaveProfileToIOhandler+0x38
#
# Failed to write core dump. Core dumps have been disabled. To enable core dumping, try "ulimit -c unlimited" before starting Java again
#
# If you would like to submit a bug report, please include
# instructions on how to reproduce the bug and visit:
#   https://bugs.launchpad.net/ubuntu/+source/openjdk-7/
# The crash happened outside the Java Virtual Machine in native code.
# See problematic frame for where to report the bug.
#

---------------  T H R E A D  ---------------

Current thread (0x0000000000dd4800):  JavaThread "main" [_thread_in_native, id=3379, stack(0x00007f6733ec2000,0x00007f6733fc3000)]

siginfo:si_signo=SIGSEGV: si_errno=0, si_code=1 (SEGV_MAPERR), si_addr=0x0000000000000000

Registers:
RAX=0x0000000000000000, RBX=0x0000000000000000, RCX=0x00000000000001d4, RDX=0x00007f6733fc0a4c
RSP=0x00007f6733fbfb20, RBP=0x0000000000000000, RSI=0x0000000000000000, RDI=0x00007f6733fbfb20
R8 =0x00007f6728429880, R9 =0x0000000000000000, R10=0x0000000000000000, R11=0x0000000000000000
R12=0x00007f6733fc0a4c, R13=0x0000000000000000, R14=0x0000000000000000, R15=0x0000000000dd4800
RIP=0x00007f671f2b01f8, EFLAGS=0x0000000000010246, CSGSFS=0x0000000000000033, ERR=0x0000000000000004
  TRAPNO=0x000000000000000e

Top of Stack: (sp=0x00007f6733fbfb20)
0x00007f6733fbfb20:   00007f672842c250 00007f671f2aecef
0x00007f6733fbfb30:   0000000000000c48 00007f6728000020
0x00007f6733fbfb40:   000000000000000e 000000000000080c
0x00007f6733fbfb50:   00007f6700000000 00007f6728000020
0x00007f6733fbfb60:   000000000000000e 00007f671f2b5754
0x00007f6733fbfb70:   00007f6733fbfffc 803ce651a5bb4000
0x00007f6733fbfb80:   00007f672842c250 00007f672842a9dc
0x00007f6733fbfb90:   000000000000000e 00007f671f2aeebf
0x00007f6733fbfba0:   4247527320434549 0000000000000000
0x00007f6733fbfbb0:   00007f672842c4f0 2dd3000000000100
0x00007f6733fbfbc0:   0000080c000004c4 00007f6728000020
0x00007f6733fbfbd0:   00007f6700000000 00007f672842c3a0
0x00007f6733fbfbe0:   0000000000000c48 00007f672842a858
0x00007f6733fbfbf0:   0000000000000011 00007f673389dd7c
0x00007f6733fbfc00:   00007f672842c3a0 00007f671f2aee2c
0x00007f6733fbfc10:   00007f672842a600 00007f671f2b03ae
0x00007f6733fbfc20:   00007f672842b4b0 0000000000000000
0x00007f6733fbfc30:   0000003100000000 0000000900000006
0x00007f6733fbfc40:   0000006200000001 ffffffffffffffff
0x00007f6733fbfc50:   0000000000000000 0000000000000000
0x00007f6733fbfc60:   00007f673397d689 6d6e747202100000
0x00007f6733fbfc70:   58595a2052474220 00000000000000b0
0x00007f6733fbfc80:   7352474249454320 0000000000000000
0x00007f6733fbfc90:   0000000000000000 0000000000000000
0x00007f6733fbfca0:   6370727400000011 00007f6728000020
0x00007f6733fbfcb0:   00007f672841d680 000000000000007c
0x00007f6733fbfcc0:   00007f6733fc01e0 00007f6733fc04a0
0x00007f6733fbfcd0:   00007f6733de785b 00007f673389d77d
0x00007f6733fbfce0:   6254524300000000 000000000000003f
0x00007f6733fbfcf0:   00007f672841d680 0000000000000000
0x00007f6733fbfd00:   00007f67284298bd 00007f6733ddb7e1
0x00007f6733fbfd10:   0000000000000000 0000000000000000 

Instructions: (pc=0x00007f671f2b01f8)
0x00007f671f2b01d8:   48 89 de 48 81 ec b8 0e 00 00 64 48 8b 04 25 28
0x00007f671f2b01e8:   00 00 00 48 89 84 24 a8 0e 00 00 31 c0 48 89 e7
0x00007f671f2b01f8:   f3 48 a5 48 89 df e8 1d f6 ff ff 48 89 c7 e8 65
0x00007f671f2b0208:   f0 ff ff 48 85 c0 49 89 c4 48 89 03 74 0e 31 f6 

Register to memory mapping:

RAX=0x0000000000000000 is an unknown value
RBX=0x0000000000000000 is an unknown value
RCX=0x00000000000001d4 is an unknown value
RDX=0x00007f6733fc0a4c is pointing into the stack for thread: 0x0000000000dd4800
RSP=0x00007f6733fbfb20 is pointing into the stack for thread: 0x0000000000dd4800
RBP=0x0000000000000000 is an unknown value
RSI=0x0000000000000000 is an unknown value
RDI=0x00007f6733fbfb20 is pointing into the stack for thread: 0x0000000000dd4800
R8 =0x00007f6728429880 is an unknown value
R9 =0x0000000000000000 is an unknown value
R10=0x0000000000000000 is an unknown value
R11=0x0000000000000000 is an unknown value
R12=0x00007f6733fc0a4c is pointing into the stack for thread: 0x0000000000dd4800
R13=0x0000000000000000 is an unknown value
R14=0x0000000000000000 is an unknown value
R15=0x0000000000dd4800 is a thread


Stack: [0x00007f6733ec2000,0x00007f6733fc3000],  sp=0x00007f6733fbfb20,  free space=1014k
Native frames: (J=compiled Java code, j=interpreted, Vv=VM code, C=native code)
C  [liblcms2.so.2+0x121f8]  cmsSaveProfileToIOhandler+0x38

[error occurred during error reporting (printing native stack), id 0xb]

Java frames: (J=compiled Java code, j=interpreted, Vv=VM code)
j  sun.java2d.cmm.lcms.LCMS.getTagData(JI[B)V+0
j  java.awt.color.ICC_Profile.getData(JI)[B+26
j  java.awt.color.ICC_Profile.getData(I)[B+14
j  java.awt.color.ICC_Profile.getNumComponents()I+18
j  sun.java2d.cmm.lcms.LCMSTransform.<init>(Ljava/awt/color/ICC_Profile;II)V+83
j  sun.java2d.cmm.lcms.LCMS.createTransform(Ljava/awt/color/ICC_Profile;II)Lsun/java2d/cmm/ColorTransform;+7
j  java.awt.color.ICC_ColorSpace.fromRGB([F)[F+37
j  com.sun.imageio.plugins.jpeg.JPEGImageReader.setImageData(IIIII[B)V+158
v  ~StubRoutines::call_stub
j  com.sun.imageio.plugins.jpeg.JPEGImageReader.readImageHeader(JZZ)Z+0
j  com.sun.imageio.plugins.jpeg.JPEGImageReader.readNativeHeader(Z)Z+12
j  com.sun.imageio.plugins.jpeg.JPEGImageReader.checkTablesOnly()V+92
j  com.sun.imageio.plugins.jpeg.JPEGImageReader.gotoImage(I)V+41
j  com.sun.imageio.plugins.jpeg.JPEGImageReader.readHeader(IZ)V+2
j  com.sun.imageio.plugins.jpeg.JPEGImageReader.readInternal(ILjavax/imageio/ImageReadParam;Z)Ljava/awt/image/Raster;+3
j  com.sun.imageio.plugins.jpeg.JPEGImageReader.read(ILjavax/imageio/ImageReadParam;)Ljava/awt/image/BufferedImage;+8
j  javax.imageio.ImageIO.read(Ljavax/imageio/stream/ImageInputStream;)Ljava/awt/image/BufferedImage;+55
j  javax.imageio.ImageIO.read(Ljava/io/InputStream;)Ljava/awt/image/BufferedImage;+20
j  content.ImageBank.<init>()V+118
j  main.Main.main([Ljava/lang/String;)V+4
v  ~StubRoutines::call_stub

---------------  P R O C E S S  ---------------

Java Threads: ( => current thread )
  0x00007f67283a3800 JavaThread "AWT-EventQueue-0" [_thread_in_native, id=3397, stack(0x00007f671fb40000,0x00007f671fc41000)]
  0x00007f672831a800 JavaThread "AWT-Shutdown" [_thread_blocked, id=3396, stack(0x00007f67202a6000,0x00007f67203a7000)]
  0x00007f6728289800 JavaThread "process reaper" daemon [_thread_blocked, id=3394, stack(0x00007f672c038000,0x00007f672c052000)]
  0x00007f6728266000 JavaThread "AWT-XAWT" daemon [_thread_in_native, id=3392, stack(0x00007f67203a7000,0x00007f67204a8000)]
  0x00007f6728220000 JavaThread "Java2D Disposer" daemon [_thread_blocked, id=3390, stack(0x00007f67204a8000,0x00007f67205a9000)]
  0x00007f67280ef800 JavaThread "Service Thread" daemon [_thread_blocked, id=3388, stack(0x00007f672c458000,0x00007f672c559000)]
  0x00007f67280ec800 JavaThread "C2 CompilerThread1" daemon [_thread_blocked, id=3387, stack(0x00007f672c559000,0x00007f672c65a000)]
  0x00007f67280e9800 JavaThread "C2 CompilerThread0" daemon [_thread_blocked, id=3386, stack(0x00007f672c65a000,0x00007f672c75b000)]
  0x00007f67280e7800 JavaThread "Signal Dispatcher" daemon [_thread_blocked, id=3385, stack(0x00007f672c75b000,0x00007f672c85c000)]
  0x00007f672808f800 JavaThread "Finalizer" daemon [_thread_blocked, id=3384, stack(0x00007f672cf49000,0x00007f672d04a000)]
  0x00007f672808d800 JavaThread "Reference Handler" daemon [_thread_blocked, id=3383, stack(0x00007f672d04a000,0x00007f672d14b000)]
=>0x0000000000dd4800 JavaThread "main" [_thread_in_native, id=3379, stack(0x00007f6733ec2000,0x00007f6733fc3000)]

Other Threads:
  0x00007f6728085000 VMThread [stack: 0x00007f672d14b000,0x00007f672d24c000] [id=3382]
  0x00007f67280fa000 WatcherThread [stack: 0x00007f672c357000,0x00007f672c458000] [id=3389]

VM state:not at safepoint (normal execution)

VM Mutex/Monitor currently owned by a thread: None

Heap
 PSYoungGen      total 18496K, used 6529K [0x00000000eb560000, 0x00000000eca00000, 0x0000000100000000)
  eden space 15872K, 41% used [0x00000000eb560000,0x00000000ebbc07b0,0x00000000ec4e0000)
  from space 2624K, 0% used [0x00000000ec770000,0x00000000ec770000,0x00000000eca00000)
  to   space 2624K, 0% used [0x00000000ec4e0000,0x00000000ec4e0000,0x00000000ec770000)
 PSOldGen        total 42304K, used 0K [0x00000000c2000000, 0x00000000c4950000, 0x00000000eb560000)
  object space 42304K, 0% used [0x00000000c2000000,0x00000000c2000000,0x00000000c4950000)
 PSPermGen       total 21248K, used 11155K [0x00000000b7a00000, 0x00000000b8ec0000, 0x00000000c2000000)
  object space 21248K, 52% used [0x00000000b7a00000,0x00000000b84e4db0,0x00000000b8ec0000)

Code Cache  [0x00007f672dd75000, 0x00007f672dfe5000, 0x00007f6730d75000)
 total_blobs=441 nmethods=14 adapters=380 free_code_cache=48611Kb largest_free_block=49764544

Dynamic libraries:
00400000-00401000 r-xp 00000000 08:01 400896                             /usr/lib/jvm/java-7-openjdk-amd64/jre/bin/java
00600000-00601000 r--p 00000000 08:01 400896                             /usr/lib/jvm/java-7-openjdk-amd64/jre/bin/java
00601000-00602000 rw-p 00001000 08:01 400896                             /usr/lib/jvm/java-7-openjdk-amd64/jre/bin/java
00dca000-0101c000 rw-p 00000000 00:00 0                                  [heap]
b7a00000-b8ec0000 rw-p 00000000 00:00 0 
b8ec0000-c2000000 rw-p 00000000 00:00 0 
c2000000-c4950000 rw-p 00000000 00:00 0 
c4950000-eb560000 rw-p 00000000 00:00 0 
eb560000-eca00000 rw-p 00000000 00:00 0 
eca00000-100000000 rw-p 00000000 00:00 0 
7f671f29e000-7f671f2e4000 r-xp 00000000 08:01 406696                     /usr/lib/x86_64-linux-gnu/liblcms2.so.2.0.2
7f671f2e4000-7f671f4e3000 ---p 00046000 08:01 406696                     /usr/lib/x86_64-linux-gnu/liblcms2.so.2.0.2
7f671f4e3000-7f671f4e4000 r--p 00045000 08:01 406696                     /usr/lib/x86_64-linux-gnu/liblcms2.so.2.0.2
7f671f4e4000-7f671f4e8000 rw-p 00046000 08:01 406696                     /usr/lib/x86_64-linux-gnu/liblcms2.so.2.0.2
7f671f4e8000-7f671f4e9000 rw-p 00000000 00:00 0 
7f671f4e9000-7f671f4ed000 r-xp 00000000 08:01 398964                     /usr/lib/jvm/java-7-openjdk-amd64/jre/lib/amd64/libjavalcms.so
7f671f4ed000-7f671f6ec000 ---p 00004000 08:01 398964                     /usr/lib/jvm/java-7-openjdk-amd64/jre/lib/amd64/libjavalcms.so
7f671f6ec000-7f671f6ed000 r--p 00003000 08:01 398964                     /usr/lib/jvm/java-7-openjdk-amd64/jre/lib/amd64/libjavalcms.so
7f671f6ed000-7f671f6ee000 rw-p 00004000 08:01 398964                     /usr/lib/jvm/java-7-openjdk-amd64/jre/lib/amd64/libjavalcms.so
7f671f6ee000-7f671f712000 r-xp 00000000 08:01 406680                     /usr/lib/x86_64-linux-gnu/libjpeg.so.62.0.0
7f671f712000-7f671f911000 ---p 00024000 08:01 406680                     /usr/lib/x86_64-linux-gnu/libjpeg.so.62.0.0
7f671f911000-7f671f912000 r--p 00023000 08:01 406680                     /usr/lib/x86_64-linux-gnu/libjpeg.so.62.0.0
7f671f912000-7f671f913000 rw-p 00024000 08:01 406680                     /usr/lib/x86_64-linux-gnu/libjpeg.so.62.0.0
7f671f936000-7f671f93f000 r-xp 00000000 08:01 398665                     /usr/lib/jvm/java-7-openjdk-amd64/jre/lib/amd64/libjavajpeg.so
7f671f93f000-7f671fb3e000 ---p 00009000 08:01 398665                     /usr/lib/jvm/java-7-openjdk-amd64/jre/lib/amd64/libjavajpeg.so
7f671fb3e000-7f671fb3f000 r--p 00008000 08:01 398665                     /usr/lib/jvm/java-7-openjdk-amd64/jre/lib/amd64/libjavajpeg.so
7f671fb3f000-7f671fb40000 rw-p 00009000 08:01 398665                     /usr/lib/jvm/java-7-openjdk-amd64/jre/lib/amd64/libjavajpeg.so
7f671fb40000-7f671fb43000 ---p 00000000 00:00 0 
7f671fb43000-7f671fc41000 rw-p 00000000 00:00 0 
7f671fc41000-7f671fc51000 r-xp 00000000 08:01 399340                     /usr/lib/jvm/java-7-openjdk-amd64/jre/lib/amd64/libnio.so
7f671fc51000-7f671fe50000 ---p 00010000 08:01 399340                     /usr/lib/jvm/java-7-openjdk-amd64/jre/lib/amd64/libnio.so
7f671fe50000-7f671fe51000 r--p 0000f000 08:01 399340                     /usr/lib/jvm/java-7-openjdk-amd64/jre/lib/amd64/libnio.so
7f671fe51000-7f671fe52000 rw-p 00010000 08:01 399340                     /usr/lib/jvm/java-7-openjdk-amd64/jre/lib/amd64/libnio.so
7f671fe52000-7f671fe68000 r-xp 00000000 08:01 399248                     /usr/lib/jvm/java-7-openjdk-amd64/jre/lib/amd64/libnet.so
7f671fe68000-7f6720067000 ---p 00016000 08:01 399248                     /usr/lib/jvm/java-7-openjdk-amd64/jre/lib/amd64/libnet.so
7f6720067000-7f6720068000 r--p 00015000 08:01 399248                     /usr/lib/jvm/java-7-openjdk-amd64/jre/lib/amd64/libnet.so
7f6720068000-7f6720069000 rw-p 00016000 08:01 399248                     /usr/lib/jvm/java-7-openjdk-amd64/jre/lib/amd64/libnet.so
7f6720069000-7f67200a3000 r-xp 00000000 08:01 398142                     /usr/lib/jvm/java-7-openjdk-amd64/jre/lib/amd64/libfontmanager.so
7f67200a3000-7f67202a3000 ---p 0003a000 08:01 398142                     /usr/lib/jvm/java-7-openjdk-amd64/jre/lib/amd64/libfontmanager.so
7f67202a3000-7f67202a5000 r--p 0003a000 08:01 398142                     /usr/lib/jvm/java-7-openjdk-amd64/jre/lib/amd64/libfontmanager.so
7f67202a5000-7f67202a6000 rw-p 0003c000 08:01 398142                     /usr/lib/jvm/java-7-openjdk-amd64/jre/lib/amd64/libfontmanager.so
7f67202a6000-7f67202a9000 ---p 00000000 00:00 0 
7f67202a9000-7f67203a7000 rw-p 00000000 00:00 0 
7f67203a7000-7f67203aa000 ---p 00000000 00:00 0 
7f67203aa000-7f67204a8000 rw-p 00000000 00:00 0 
7f67204a8000-7f67204ab000 ---p 00000000 00:00 0 
7f67204ab000-7f67205a9000 rw-p 00000000 00:00 0 
7f67205a9000-7f67205ac000 r-xp 00000000 08:01 139849                     /lib/x86_64-linux-gnu/libgpg-error.so.0.8.0
7f67205ac000-7f67207ab000 ---p 00003000 08:01 139849                     /lib/x86_64-linux-gnu/libgpg-error.so.0.8.0
7f67207ab000-7f67207ac000 r--p 00002000 08:01 139849                     /lib/x86_64-linux-gnu/libgpg-error.so.0.8.0
7f67207ac000-7f67207ad000 rw-p 00003000 08:01 139849                     /lib/x86_64-linux-gnu/libgpg-error.so.0.8.0
7f67207ad000-7f67207af000 r-xp 00000000 08:01 139851                     /lib/x86_64-linux-gnu/libkeyutils.so.1.3
7f67207af000-7f67209ae000 ---p 00002000 08:01 139851                     /lib/x86_64-linux-gnu/libkeyutils.so.1.3
7f67209ae000-7f67209af000 r--p 00001000 08:01 139851                     /lib/x86_64-linux-gnu/libkeyutils.so.1.3
7f67209af000-7f67209b0000 rw-p 00002000 08:01 139851                     /lib/x86_64-linux-gnu/libkeyutils.so.1.3
7f67209b0000-7f67209f2000 r-xp 00000000 08:01 135649                     /lib/x86_64-linux-gnu/libdbus-1.so.3.5.7
7f67209f2000-7f6720bf1000 ---p 00042000 08:01 135649                     /lib/x86_64-linux-gnu/libdbus-1.so.3.5.7
7f6720bf1000-7f6720bf2000 r--p 00041000 08:01 135649                     /lib/x86_64-linux-gnu/libdbus-1.so.3.5.7
7f6720bf2000-7f6720bf3000 rw-p 00042000 08:01 135649                     /lib/x86_64-linux-gnu/libdbus-1.so.3.5.7
7f6720bf3000-7f6720c6d000 r-xp 00000000 08:01 139845                     /lib/x86_64-linux-gnu/libgcrypt.so.11.7.0
7f6720c6d000-7f6720e6d000 ---p 0007a000 08:01 139845                     /lib/x86_64-linux-gnu/libgcrypt.so.11.7.0
7f6720e6d000-7f6720e6e000 r--p 0007a000 08:01 139845                     /lib/x86_64-linux-gnu/libgcrypt.so.11.7.0
7f6720e6e000-7f6720e71000 rw-p 0007b000 08:01 139845                     /lib/x86_64-linux-gnu/libgcrypt.so.11.7.0
7f6720e71000-7f6720e81000 r-xp 00000000 08:01 406788                     /usr/lib/x86_64-linux-gnu/libtasn1.so.3.1.11
7f6720e81000-7f6721080000 ---p 00010000 08:01 406788                     /usr/lib/x86_64-linux-gnu/libtasn1.so.3.1.11
7f6721080000-7f6721081000 r--p 0000f000 08:01 406788                     /usr/lib/x86_64-linux-gnu/libtasn1.so.3.1.11
7f6721081000-7f6721082000 rw-p 00010000 08:01 406788                     /usr/lib/x86_64-linux-gnu/libtasn1.so.3.1.11
7f6721082000-7f6721089000 r-xp 00000000 08:01 397002                     /usr/lib/x86_64-linux-gnu/libkrb5support.so.0.1
7f6721089000-7f6721288000 ---p 00007000 08:01 397002                     /usr/lib/x86_64-linux-gnu/libkrb5support.so.0.1
7f6721288000-7f6721289000 r--p 00006000 08:01 397002                     /usr/lib/x86_64-linux-gnu/libkrb5support.so.0.1
7f6721289000-7f672128a000 rw-p 00007000 08:01 397002                     /usr/lib/x86_64-linux-gnu/libkrb5support.so.0.1
7f672128a000-7f672128d000 r-xp 00000000 08:01 139827                     /lib/x86_64-linux-gnu/libcom_err.so.2.1
7f672128d000-7f672148c000 ---p 00003000 08:01 139827                     /lib/x86_64-linux-gnu/libcom_err.so.2.1
7f672148c000-7f672148d000 r--p 00002000 08:01 139827                     /lib/x86_64-linux-gnu/libcom_err.so.2.1
7f672148d000-7f672148e000 rw-p 00003000 08:01 139827                     /lib/x86_64-linux-gnu/libcom_err.so.2.1
7f672148e000-7f67214b4000 r-xp 00000000 08:01 394051                     /usr/lib/x86_64-linux-gnu/libk5crypto.so.3.1
7f67214b4000-7f67216b3000 ---p 00026000 08:01 394051                     /usr/lib/x86_64-linux-gnu/libk5crypto.so.3.1
7f67216b3000-7f67216b5000 r--p 00025000 08:01 394051                     /usr/lib/x86_64-linux-gnu/libk5crypto.so.3.1
7f67216b5000-7f67216b6000 rw-p 00027000 08:01 394051                     /usr/lib/x86_64-linux-gnu/libk5crypto.so.3.1
7f67216b6000-7f6721775000 r-xp 00000000 08:01 397018                     /usr/lib/x86_64-linux-gnu/libkrb5.so.3.3
7f6721775000-7f6721975000 ---p 000bf000 08:01 397018                     /usr/lib/x86_64-linux-gnu/libkrb5.so.3.3
7f6721975000-7f672197e000 r--p 000bf000 08:01 397018                     /usr/lib/x86_64-linux-gnu/libkrb5.so.3.3
7f672197e000-7f672197f000 rw-p 000c8000 08:01 397018                     /usr/lib/x86_64-linux-gnu/libkrb5.so.3.3
7f672197f000-7f6721986000 r-xp 00000000 08:01 406811                     /usr/lib/x86_64-linux-gnu/libxcb-render.so.0.0.0
7f6721986000-7f6721b86000 ---p 00007000 08:01 406811                     /usr/lib/x86_64-linux-gnu/libxcb-render.so.0.0.0
7f6721b86000-7f6721b87000 r--p 00007000 08:01 406811                     /usr/lib/x86_64-linux-gnu/libxcb-render.so.0.0.0
7f6721b87000-7f6721b88000 rw-p 00008000 08:01 406811                     /usr/lib/x86_64-linux-gnu/libxcb-render.so.0.0.0
7f6721b88000-7f6721b8a000 r-xp 00000000 08:01 406815                     /usr/lib/x86_64-linux-gnu/libxcb-shm.so.0.0.0
7f6721b8a000-7f6721d89000 ---p 00002000 08:01 406815                     /usr/lib/x86_64-linux-gnu/libxcb-shm.so.0.0.0
7f6721d89000-7f6721d8a000 r--p 00001000 08:01 406815                     /usr/lib/x86_64-linux-gnu/libxcb-shm.so.0.0.0
7f6721d8a000-7f6721d8b000 rw-p 00002000 08:01 406815                     /usr/lib/x86_64-linux-gnu/libxcb-shm.so.0.0.0
7f6721d8b000-7f6721db1000 r-xp 00000000 08:01 139881                     /lib/x86_64-linux-gnu/libpng12.so.0.46.0
7f6721db1000-7f6721fb0000 ---p 00026000 08:01 139881                     /lib/x86_64-linux-gnu/libpng12.so.0.46.0
7f6721fb0000-7f6721fb1000 r--p 00025000 08:01 139881                     /lib/x86_64-linux-gnu/libpng12.so.0.46.0
7f6721fb1000-7f6721fb2000 rw-p 00026000 08:01 139881                     /lib/x86_64-linux-gnu/libpng12.so.0.46.0
7f6721fb2000-7f6722020000 r-xp 00000000 08:01 406743                     /usr/lib/x86_64-linux-gnu/libpixman-1.so.0.22.2
7f6722020000-7f6722220000 ---p 0006e000 08:01 406743                     /usr/lib/x86_64-linux-gnu/libpixman-1.so.0.22.2
7f6722220000-7f6722225000 r--p 0006e000 08:01 406743                     /usr/lib/x86_64-linux-gnu/libpixman-1.so.0.22.2
7f6722225000-7f6722226000 rw-p 00073000 08:01 406743                     /usr/lib/x86_64-linux-gnu/libpixman-1.so.0.22.2
7f6722226000-7f672222b000 r-xp 00000000 08:01 406539                     /usr/lib/x86_64-linux-gnu/libXdmcp.so.6.0.0
7f672222b000-7f672242a000 ---p 00005000 08:01 406539                     /usr/lib/x86_64-linux-gnu/libXdmcp.so.6.0.0
7f672242a000-7f672242b000 r--p 00004000 08:01 406539                     /usr/lib/x86_64-linux-gnu/libXdmcp.so.6.0.0
7f672242b000-7f672242c000 rw-p 00005000 08:01 406539                     /usr/lib/x86_64-linux-gnu/libXdmcp.so.6.0.0
7f672242c000-7f672242e000 r-xp 00000000 08:01 406531                     /usr/lib/x86_64-linux-gnu/libXau.so.6.0.0
7f672242e000-7f672262d000 ---p 00002000 08:01 406531                     /usr/lib/x86_64-linux-gnu/libXau.so.6.0.0
7f672262d000-7f672262e000 r--p 00001000 08:01 406531                     /usr/lib/x86_64-linux-gnu/libXau.so.6.0.0
7f672262e000-7f672262f000 rw-p 00002000 08:01 406531                     /usr/lib/x86_64-linux-gnu/libXau.so.6.0.0
7f672262f000-7f6722640000 r-xp 00000000 08:01 406571                     /usr/lib/x86_64-linux-gnu/libavahi-client.so.3.2.9
7f6722640000-7f6722840000 ---p 00011000 08:01 406571                     /usr/lib/x86_64-linux-gnu/libavahi-client.so.3.2.9
7f6722840000-7f6722841000 r--p 00011000 08:01 406571                     /usr/lib/x86_64-linux-gnu/libavahi-client.so.3.2.9
7f6722841000-7f6722842000 rw-p 00012000 08:01 406571                     /usr/lib/x86_64-linux-gnu/libavahi-client.so.3.2.9
7f6722842000-7f672284f000 r-xp 00000000 08:01 406573                     /usr/lib/x86_64-linux-gnu/libavahi-common.so.3.5.3
7f672284f000-7f6722a4e000 ---p 0000d000 08:01 406573                     /usr/lib/x86_64-linux-gnu/libavahi-common.so.3.5.3
7f6722a4e000-7f6722a4f000 r--p 0000c000 08:01 406573                     /usr/lib/x86_64-linux-gnu/libavahi-common.so.3.5.3
7f6722a4f000-7f6722a50000 rw-p 0000d000 08:01 406573                     /usr/lib/x86_64-linux-gnu/libavahi-common.so.3.5.3
7f6722a50000-7f6722af1000 r-xp 00000000 08:01 406657                     /usr/lib/x86_64-linux-gnu/libgnutls.so.26.16.14
7f6722af1000-7f6722cf0000 ---p 000a1000 08:01 406657                     /usr/lib/x86_64-linux-gnu/libgnutls.so.26.16.14
7f6722cf0000-7f6722cf7000 r--p 000a0000 08:01 406657                     /usr/lib/x86_64-linux-gnu/libgnutls.so.26.16.14
7f6722cf7000-7f6722cf8000 rw-p 000a7000 08:01 406657                     /usr/lib/x86_64-linux-gnu/libgnutls.so.26.16.14
7f6722cf8000-7f6722d33000 r-xp 00000000 08:01 406685                     /usr/lib/x86_64-linux-gnu/libgssapi_krb5.so.2.2
7f6722d33000-7f6722f33000 ---p 0003b000 08:01 406685                     /usr/lib/x86_64-linux-gnu/libgssapi_krb5.so.2.2
7f6722f33000-7f6722f34000 r--p 0003b000 08:01 406685                     /usr/lib/x86_64-linux-gnu/libgssapi_krb5.so.2.2
7f6722f34000-7f6722f36000 rw-p 0003c000 08:01 406685                     /usr/lib/x86_64-linux-gnu/libgssapi_krb5.so.2.2
7f6722f36000-7f6722f71000 r-xp 00000000 08:01 139879                     /lib/x86_64-linux-gnu/libpcre.so.3.12.1
7f6722f71000-7f6723170000 ---p 0003b000 08:01 139879                     /lib/x86_64-linux-gnu/libpcre.so.3.12.1
7f6723170000-7f6723171000 r--p 0003a000 08:01 139879                     /lib/x86_64-linux-gnu/libpcre.so.3.12.1
7f6723171000-7f6723172000 rw-p 0003b000 08:01 139879                     /lib/x86_64-linux-gnu/libpcre.so.3.12.1
7f6723172000-7f6723179000 r-xp 00000000 08:01 396800                     /usr/lib/x86_64-linux-gnu/libffi.so.6.0.0
7f6723179000-7f6723378000 ---p 00007000 08:01 396800                     /usr/lib/x86_64-linux-gnu/libffi.so.6.0.0
7f6723378000-7f6723379000 r--p 00006000 08:01 396800                     /usr/lib/x86_64-linux-gnu/libffi.so.6.0.0
7f6723379000-7f672337a000 rw-p 00007000 08:01 396800                     /usr/lib/x86_64-linux-gnu/libffi.so.6.0.0
7f672337a000-7f67233a1000 r-xp 00000000 08:01 139838                     /lib/x86_64-linux-gnu/libexpat.so.1.5.2
7f67233a1000-7f67235a1000 ---p 00027000 08:01 139838                     /lib/x86_64-linux-gnu/libexpat.so.1.5.2
7f67235a1000-7f67235a3000 r--p 00027000 08:01 139838                     /lib/x86_64-linux-gnu/libexpat.so.1.5.2
7f67235a3000-7f67235a4000 rw-p 00029000 08:01 139838                     /lib/x86_64-linux-gnu/libexpat.so.1.5.2
7f67235a4000-7f6723636000 r-xp 00000000 08:01 406632                     /usr/lib/x86_64-linux-gnu/libfreetype.so.6.6.2
7f6723636000-7f6723835000 ---p 00092000 08:01 406632                     /usr/lib/x86_64-linux-gnu/libfreetype.so.6.6.2
7f6723835000-7f672383b000 r--p 00091000 08:01 406632                     /usr/lib/x86_64-linux-gnu/libfreetype.so.6.6.2
7f672383b000-7f672383c000 rw-p 00097000 08:01 406632                     /usr/lib/x86_64-linux-gnu/libfreetype.so.6.6.2
7f672383c000-7f6723853000 r-xp 00000000 08:01 134597                     /lib/x86_64-linux-gnu/libresolv-2.13.so
7f6723853000-7f6723a53000 ---p 00017000 08:01 134597                     /lib/x86_64-linux-gnu/libresolv-2.13.so
7f6723a53000-7f6723a54000 r--p 00017000 08:01 134597                     /lib/x86_64-linux-gnu/libresolv-2.13.so
7f6723a54000-7f6723a55000 rw-p 00018000 08:01 134597                     /lib/x86_64-linux-gnu/libresolv-2.13.so
7f6723a55000-7f6723a57000 rw-p 00000000 00:00 0 
7f6723a57000-7f6723a73000 r-xp 00000000 08:01 139888                     /lib/x86_64-linux-gnu/libselinux.so.1
7f6723a73000-7f6723c72000 ---p 0001c000 08:01 139888                     /lib/x86_64-linux-gnu/libselinux.so.1
7f6723c72000-7f6723c73000 r--p 0001b000 08:01 139888                     /lib/x86_64-linux-gnu/libselinux.so.1
7f6723c73000-7f6723c74000 rw-p 0001c000 08:01 139888                     /lib/x86_64-linux-gnu/libselinux.so.1
7f6723c74000-7f6723c75000 rw-p 00000000 00:00 0 
7f6723c75000-7f6723c77000 r-xp 00000000 08:01 406537                     /usr/lib/x86_64-linux-gnu/libXdamage.so.1.1.0
7f6723c77000-7f6723e76000 ---p 00002000 08:01 406537                     /usr/lib/x86_64-linux-gnu/libXdamage.so.1.1.0
7f6723e76000-7f6723e77000 r--p 00001000 08:01 406537                     /usr/lib/x86_64-linux-gnu/libXdamage.so.1.1.0
7f6723e77000-7f6723e78000 rw-p 00002000 08:01 406537                     /usr/lib/x86_64-linux-gnu/libXdamage.so.1.1.0
7f6723e78000-7f6723e7a000 r-xp 00000000 08:01 406533                     /usr/lib/x86_64-linux-gnu/libXcomposite.so.1.0.0
7f6723e7a000-7f6724079000 ---p 00002000 08:01 406533                     /usr/lib/x86_64-linux-gnu/libXcomposite.so.1.0.0
7f6724079000-7f672407a000 r--p 00001000 08:01 406533                     /usr/lib/x86_64-linux-gnu/libXcomposite.so.1.0.0
7f672407a000-7f672407b000 rw-p 00002000 08:01 406533                     /usr/lib/x86_64-linux-gnu/libXcomposite.so.1.0.0
7f672407b000-7f6724084000 r-xp 00000000 08:01 406535                     /usr/lib/x86_64-linux-gnu/libXcursor.so.1.0.2
7f6724084000-7f6724283000 ---p 00009000 08:01 406535                     /usr/lib/x86_64-linux-gnu/libXcursor.so.1.0.2
7f6724283000-7f6724284000 r--p 00008000 08:01 406535                     /usr/lib/x86_64-linux-gnu/libXcursor.so.1.0.2
7f6724284000-7f6724285000 rw-p 00009000 08:01 406535                     /usr/lib/x86_64-linux-gnu/libXcursor.so.1.0.2
7f6724285000-7f672428d000 r-xp 00000000 08:01 406551                     /usr/lib/x86_64-linux-gnu/libXrandr.so.2.2.0
7f672428d000-7f672448c000 ---p 00008000 08:01 406551                     /usr/lib/x86_64-linux-gnu/libXrandr.so.2.2.0
7f672448c000-7f672448d000 r--p 00007000 08:01 406551                     /usr/lib/x86_64-linux-gnu/libXrandr.so.2.2.0
7f672448d000-7f672448e000 rw-p 00008000 08:01 406551                     /usr/lib/x86_64-linux-gnu/libXrandr.so.2.2.0
7f672448e000-7f6724490000 r-xp 00000000 08:01 406549                     /usr/lib/x86_64-linux-gnu/libXinerama.so.1.0.0
7f6724490000-7f672468f000 ---p 00002000 08:01 406549                     /usr/lib/x86_64-linux-gnu/libXinerama.so.1.0.0
7f672468f000-7f6724690000 r--p 00001000 08:01 406549                     /usr/lib/x86_64-linux-gnu/libXinerama.so.1.0.0
7f6724690000-7f6724691000 rw-p 00002000 08:01 406549                     /usr/lib/x86_64-linux-gnu/libXinerama.so.1.0.0
7f6724691000-7f6724694000 r-xp 00000000 08:01 395217                     /usr/lib/x86_64-linux-gnu/libgmodule-2.0.so.0.3000.0
7f6724694000-7f6724893000 ---p 00003000 08:01 395217                     /usr/lib/x86_64-linux-gnu/libgmodule-2.0.so.0.3000.0
7f6724893000-7f6724894000 r--p 00002000 08:01 395217                     /usr/lib/x86_64-linux-gnu/libgmodule-2.0.so.0.3000.0
7f6724894000-7f6724895000 rw-p 00003000 08:01 395217                     /usr/lib/x86_64-linux-gnu/libgmodule-2.0.so.0.3000.0
7f6724895000-7f67248bf000 r-xp 00000000 08:01 397305                     /usr/lib/x86_64-linux-gnu/libpangoft2-1.0.so.0.2903.0
7f67248bf000-7f6724abe000 ---p 0002a000 08:01 397305                     /usr/lib/x86_64-linux-gnu/libpangoft2-1.0.so.0.2903.0
7f6724abe000-7f6724abf000 r--p 00029000 08:01 397305                     /usr/lib/x86_64-linux-gnu/libpangoft2-1.0.so.0.2903.0
7f6724abf000-7f6724ac0000 rw-p 0002a000 08:01 397305                     /usr/lib/x86_64-linux-gnu/libpangoft2-1.0.so.0.2903.0
7f6724ac0000-7f6724b79000 r-xp 00000000 08:01 406593                     /usr/lib/x86_64-linux-gnu/libcairo.so.2.11000.2
7f6724b79000-7f6724d78000 ---p 000b9000 08:01 406593                     /usr/lib/x86_64-linux-gnu/libcairo.so.2.11000.2
7f6724d78000-7f6724d7a000 r--p 000b8000 08:01 406593                     /usr/lib/x86_64-linux-gnu/libcairo.so.2.11000.2
7f6724d7a000-7f6724d7b000 rw-p 000ba000 08:01 406593                     /usr/lib/x86_64-linux-gnu/libcairo.so.2.11000.2
7f6724d7b000-7f6724d7e000 rw-p 00000000 00:00 0 
7f6724d7e000-7f6724d9d000 r-xp 00000000 08:01 394856                     /usr/lib/x86_64-linux-gnu/libatk-1.0.so.0.20209.1
7f6724d9d000-7f6724f9d000 ---p 0001f000 08:01 394856                     /usr/lib/x86_64-linux-gnu/libatk-1.0.so.0.20209.1
7f6724f9d000-7f6724f9f000 r--p 0001f000 08:01 394856                     /usr/lib/x86_64-linux-gnu/libatk-1.0.so.0.20209.1
7f6724f9f000-7f6724fa0000 rw-p 00021000 08:01 394856                     /usr/lib/x86_64-linux-gnu/libatk-1.0.so.0.20209.1
7f6724fa0000-7f6724fa5000 r-xp 00000000 08:01 406543                     /usr/lib/x86_64-linux-gnu/libXfixes.so.3.1.0
7f6724fa5000-7f67251a4000 ---p 00005000 08:01 406543                     /usr/lib/x86_64-linux-gnu/libXfixes.so.3.1.0
7f67251a4000-7f67251a5000 r--p 00004000 08:01 406543                     /usr/lib/x86_64-linux-gnu/libXfixes.so.3.1.0
7f67251a5000-7f67251a6000 rw-p 00005000 08:01 406543                     /usr/lib/x86_64-linux-gnu/libXfixes.so.3.1.0
7f67251a6000-7f67251b1000 r-xp 00000000 08:01 397309                     /usr/lib/x86_64-linux-gnu/libpangocairo-1.0.so.0.2903.0
7f67251b1000-7f67253b1000 ---p 0000b000 08:01 397309                     /usr/lib/x86_64-linux-gnu/libpangocairo-1.0.so.0.2903.0
7f67253b1000-7f67253b2000 r--p 0000b000 08:01 397309                     /usr/lib/x86_64-linux-gnu/libpangocairo-1.0.so.0.2903.0
7f67253b2000-7f67253b3000 rw-p 0000c000 08:01 397309                     /usr/lib/x86_64-linux-gnu/libpangocairo-1.0.so.0.2903.0
7f67253b3000-7f67253ce000 r-xp 00000000 08:01 406817                     /usr/lib/x86_64-linux-gnu/libxcb.so.1.1.0
7f67253ce000-7f67255cd000 ---p 0001b000 08:01 406817                     /usr/lib/x86_64-linux-gnu/libxcb.so.1.1.0
7f67255cd000-7f67255ce000 r--p 0001a000 08:01 406817                     /usr/lib/x86_64-linux-gnu/libxcb.so.1.1.0
7f67255ce000-7f67255cf000 rw-p 0001b000 08:01 406817                     /usr/lib/x86_64-linux-gnu/libxcb.so.1.1.0
7f67255cf000-7f672561d000 r-xp 00000000 08:01 400264                     /usr/lib/x86_64-linux-gnu/libcups.so.2
7f672561d000-7f672581d000 ---p 0004e000 08:01 400264                     /usr/lib/x86_64-linux-gnu/libcups.so.2
7f672581d000-7f6725821000 r--p 0004e000 08:01 400264                     /usr/lib/x86_64-linux-gnu/libcups.so.2
7f6725821000-7f6725822000 rw-p 00052000 08:01 400264                     /usr/lib/x86_64-linux-gnu/libcups.so.2
7f6725822000-7f6725916000 r-xp 00000000 08:01 134283                     /lib/x86_64-linux-gnu/libglib-2.0.so.0.3000.0
7f6725916000-7f6725b15000 ---p 000f4000 08:01 134283                     /lib/x86_64-linux-gnu/libglib-2.0.so.0.3000.0
7f6725b15000-7f6725b16000 r--p 000f3000 08:01 134283                     /lib/x86_64-linux-gnu/libglib-2.0.so.0.3000.0
7f6725b16000-7f6725b17000 rw-p 000f4000 08:01 134283                     /lib/x86_64-linux-gnu/libglib-2.0.so.0.3000.0
7f6725b17000-7f6725b18000 rw-p 00000000 00:00 0 
7f6725b18000-7f6725b1c000 r-xp 00000000 08:01 394708                     /usr/lib/x86_64-linux-gnu/libgthread-2.0.so.0.3000.0
7f6725b1c000-7f6725d1b000 ---p 00004000 08:01 394708                     /usr/lib/x86_64-linux-gnu/libgthread-2.0.so.0.3000.0
7f6725d1b000-7f6725d1c000 r--p 00003000 08:01 394708                     /usr/lib/x86_64-linux-gnu/libgthread-2.0.so.0.3000.0
7f6725d1c000-7f6725d1d000 rw-p 00004000 08:01 394708                     /usr/lib/x86_64-linux-gnu/libgthread-2.0.so.0.3000.0
7f6725d1d000-7f6725d6b000 r-xp 00000000 08:01 394707                     /usr/lib/x86_64-linux-gnu/libgobject-2.0.so.0.3000.0
7f6725d6b000-7f6725f6b000 ---p 0004e000 08:01 394707                     /usr/lib/x86_64-linux-gnu/libgobject-2.0.so.0.3000.0
7f6725f6b000-7f6725f6c000 r--p 0004e000 08:01 394707                     /usr/lib/x86_64-linux-gnu/libgobject-2.0.so.0.3000.0
7f6725f6c000-7f6725f6d000 rw-p 0004f000 08:01 394707                     /usr/lib/x86_64-linux-gnu/libgobject-2.0.so.0.3000.0
7f6725f6d000-7f6725f6e000 rw-p 00000000 00:00 0 
7f6725f6e000-7f6725fa2000 r-xp 00000000 08:01 406630                     /usr/lib/x86_64-linux-gnu/libfontconfig.so.1.4.4
7f6725fa2000-7f67261a2000 ---p 00034000 08:01 406630                     /usr/lib/x86_64-linux-gnu/libfontconfig.so.1.4.4
7f67261a2000-7f67261a3000 r--p 00034000 08:01 406630                     /usr/lib/x86_64-linux-gnu/libfontconfig.so.1.4.4
7f67261a3000-7f67261a4000 rw-p 00035000 08:01 406630                     /usr/lib/x86_64-linux-gnu/libfontconfig.so.1.4.4
7f67261a4000-7f67261eb000 r-xp 00000000 08:01 397304                     /usr/lib/x86_64-linux-gnu/libpango-1.0.so.0.2903.0
7f67261eb000-7f67263eb000 ---p 00047000 08:01 397304                     /usr/lib/x86_64-linux-gnu/libpango-1.0.so.0.2903.0
7f67263eb000-7f67263ed000 r--p 00047000 08:01 397304                     /usr/lib/x86_64-linux-gnu/libpango-1.0.so.0.2903.0
7f67263ed000-7f67263ee000 rw-p 00049000 08:01 397304                     /usr/lib/x86_64-linux-gnu/libpango-1.0.so.0.2903.0
7f67263ee000-7f672640c000 r-xp 00000000 08:01 394128                     /usr/lib/x86_64-linux-gnu/libgdk_pixbuf-2.0.so.0.2400.0
7f672640c000-7f672660b000 ---p 0001e000 08:01 394128                     /usr/lib/x86_64-linux-gnu/libgdk_pixbuf-2.0.so.0.2400.0
7f672660b000-7f672660c000 r--p 0001d000 08:01 394128                     /usr/lib/x86_64-linux-gnu/libgdk_pixbuf-2.0.so.0.2400.0
7f672660c000-7f672660d000 rw-p 0001e000 08:01 394128                     /usr/lib/x86_64-linux-gnu/libgdk_pixbuf-2.0.so.0.2400.0
7f672660d000-7f6726748000 r-xp 00000000 08:01 394685                     /usr/lib/x86_64-linux-gnu/libgio-2.0.so.0.3000.0
7f6726748000-7f6726947000 ---p 0013b000 08:01 394685                     /usr/lib/x86_64-linux-gnu/libgio-2.0.so.0.3000.0
7f6726947000-7f672694b000 r--p 0013a000 08:01 394685                     /usr/lib/x86_64-linux-gnu/libgio-2.0.so.0.3000.0
7f672694b000-7f672694d000 rw-p 0013e000 08:01 394685                     /usr/lib/x86_64-linux-gnu/libgio-2.0.so.0.3000.0
7f672694d000-7f672694f000 rw-p 00000000 00:00 0 
7f672694f000-7f67269fc000 r-xp 00000000 08:01 397253                     /usr/lib/x86_64-linux-gnu/libgdk-x11-2.0.so.0.2400.6
7f67269fc000-7f6726bfb000 ---p 000ad000 08:01 397253                     /usr/lib/x86_64-linux-gnu/libgdk-x11-2.0.so.0.2400.6
7f6726bfb000-7f6726bff000 r--p 000ac000 08:01 397253                     /usr/lib/x86_64-linux-gnu/libgdk-x11-2.0.so.0.2400.6
7f6726bff000-7f6726c01000 rw-p 000b0000 08:01 397253                     /usr/lib/x86_64-linux-gnu/libgdk-x11-2.0.so.0.2400.6
7f6726c01000-7f6727030000 r-xp 00000000 08:01 397246                     /usr/lib/x86_64-linux-gnu/libgtk-x11-2.0.so.0.2400.6
7f6727030000-7f6727230000 ---p 0042f000 08:01 397246                     /usr/lib/x86_64-linux-gnu/libgtk-x11-2.0.so.0.2400.6
7f6727230000-7f6727237000 r--p 0042f000 08:01 397246                     /usr/lib/x86_64-linux-gnu/libgtk-x11-2.0.so.0.2400.6
7f6727237000-7f672723b000 rw-p 00436000 08:01 397246                     /usr/lib/x86_64-linux-gnu/libgtk-x11-2.0.so.0.2400.6
7f672723b000-7f672723d000 rw-p 00000000 00:00 0 
7f672723d000-7f672724c000 r-xp 00000000 08:01 406547                     /usr/lib/x86_64-linux-gnu/libXi.so.6.1.0
7f672724c000-7f672744b000 ---p 0000f000 08:01 406547                     /usr/lib/x86_64-linux-gnu/libXi.so.6.1.0
7f672744b000-7f672744c000 r--p 0000e000 08:01 406547                     /usr/lib/x86_64-linux-gnu/libXi.so.6.1.0
7f672744c000-7f672744d000 rw-p 0000f000 08:01 406547                     /usr/lib/x86_64-linux-gnu/libXi.so.6.1.0
7f672744d000-7f6727452000 r-xp 00000000 08:01 398564                     /usr/lib/libXtst.so.6.1.0
7f6727452000-7f6727651000 ---p 00005000 08:01 398564                     /usr/lib/libXtst.so.6.1.0
7f6727651000-7f6727652000 r--p 00004000 08:01 398564                     /usr/lib/libXtst.so.6.1.0
7f6727652000-7f6727653000 rw-p 00005000 08:01 398564                     /usr/lib/libXtst.so.6.1.0
7f6727653000-7f672765c000 r-xp 00000000 08:01 406553                     /usr/lib/x86_64-linux-gnu/libXrender.so.1.3.0
7f672765c000-7f672785c000 ---p 00009000 08:01 406553                     /usr/lib/x86_64-linux-gnu/libXrender.so.1.3.0
7f672785c000-7f672785d000 r--p 00009000 08:01 406553                     /usr/lib/x86_64-linux-gnu/libXrender.so.1.3.0
7f672785d000-7f672785e000 rw-p 0000a000 08:01 406553                     /usr/lib/x86_64-linux-gnu/libXrender.so.1.3.0
7f672785e000-7f6727991000 r-xp 00000000 08:01 406471                     /usr/lib/x86_64-linux-gnu/libX11.so.6.3.0
7f6727991000-7f6727b91000 ---p 00133000 08:01 406471                     /usr/lib/x86_64-linux-gnu/libX11.so.6.3.0
7f6727b91000-7f6727b92000 r--p 00133000 08:01 406471                     /usr/lib/x86_64-linux-gnu/libX11.so.6.3.0
7f6727b92000-7f6727b96000 rw-p 00134000 08:01 406471                     /usr/lib/x86_64-linux-gnu/libX11.so.6.3.0
7f6727b96000-7f6727ba8000 r-xp 00000000 08:01 406541                     /usr/lib/x86_64-linux-gnu/libXext.so.6.4.0
7f6727ba8000-7f6727da7000 ---p 00012000 08:01 406541                     /usr/lib/x86_64-linux-gnu/libXext.so.6.4.0
7f6727da7000-7f6727da8000 r--p 00011000 08:01 406541                     /usr/lib/x86_64-linux-gnu/libXext.so.6.4.0
7f6727da8000-7f6727da9000 rw-p 00012000 08:01 406541                     /usr/lib/x86_64-linux-gnu/libXext.so.6.4.0
7f6727da9000-7f6727dfb000 r-xp 00000000 08:01 401973                     /usr/lib/jvm/java-7-openjdk-amd64/jre/lib/amd64/xawt/libmawt.so
7f6727dfb000-7f6727ffb000 ---p 00052000 08:01 401973                     /usr/lib/jvm/java-7-openjdk-amd64/jre/lib/amd64/xawt/libmawt.so
7f6727ffb000-7f6727ffc000 r--p 00052000 08:01 401973                     /usr/lib/jvm/java-7-openjdk-amd64/jre/lib/amd64/xawt/libmawt.so
7f6727ffc000-7f6727fff000 rw-p 00053000 08:01 401973                     /usr/lib/jvm/java-7-openjdk-amd64/jre/lib/amd64/xawt/libmawt.so
7f6727fff000-7f6728000000 rw-p 00000000 00:00 0 
7f6728000000-7f672842d000 rw-p 00000000 00:00 0 
7f672842d000-7f672c000000 ---p 00000000 00:00 0 
7f672c007000-7f672c038000 rw-p 00000000 00:00 0 
7f672c038000-7f672c03b000 ---p 00000000 00:00 0 
7f672c03b000-7f672c052000 rw-p 00000000 00:00 0 
7f672c052000-7f672c05b000 r--s 00263000 08:01 396683                     /usr/lib/jvm/java-7-openjdk-common/jre/lib/resources.jar
7f672c05b000-7f672c062000 r--s 00000000 08:01 663199                     /usr/lib/x86_64-linux-gnu/gconv/gconv-modules.cache
7f672c062000-7f672c085000 r--p 00000000 08:01 675061                     /usr/share/locale-langpack/fr/LC_MESSAGES/libc.mo
7f672c085000-7f672c127000 r-xp 00000000 08:01 398111                     /usr/lib/jvm/java-7-openjdk-amd64/jre/lib/amd64/libawt.so
7f672c127000-7f672c326000 ---p 000a2000 08:01 398111                     /usr/lib/jvm/java-7-openjdk-amd64/jre/lib/amd64/libawt.so
7f672c326000-7f672c327000 r--p 000a1000 08:01 398111                     /usr/lib/jvm/java-7-openjdk-amd64/jre/lib/amd64/libawt.so
7f672c327000-7f672c332000 rw-p 000a2000 08:01 398111                     /usr/lib/jvm/java-7-openjdk-amd64/jre/lib/amd64/libawt.so
7f672c332000-7f672c357000 rw-p 00000000 00:00 0 
7f672c357000-7f672c358000 ---p 00000000 00:00 0 
7f672c358000-7f672c458000 rw-p 00000000 00:00 0 
7f672c458000-7f672c45b000 ---p 00000000 00:00 0 
7f672c45b000-7f672c559000 rw-p 00000000 00:00 0 
7f672c559000-7f672c55c000 ---p 00000000 00:00 0 
7f672c55c000-7f672c65a000 rw-p 00000000 00:00 0 
7f672c65a000-7f672c65d000 ---p 00000000 00:00 0 
7f672c65d000-7f672c75b000 rw-p 00000000 00:00 0 
7f672c75b000-7f672c75e000 ---p 00000000 00:00 0 
7f672c75e000-7f672c85c000 rw-p 00000000 00:00 0 
7f672c85c000-7f672cf49000 r--p 00000000 08:01 403488                     /usr/lib/locale/locale-archive
7f672cf49000-7f672cf4c000 ---p 00000000 00:00 0 
7f672cf4c000-7f672d04a000 rw-p 00000000 00:00 0 
7f672d04a000-7f672d04d000 ---p 00000000 00:00 0 
7f672d04d000-7f672d14b000 rw-p 00000000 00:00 0 
7f672d14b000-7f672d14c000 ---p 00000000 00:00 0 
7f672d14c000-7f672d5bb000 rw-p 00000000 00:00 0 
7f672d5bb000-7f672d769000 r--s 03e76000 08:01 396788                     /usr/lib/jvm/java-7-openjdk-amd64/jre/lib/rt.jar
7f672d769000-7f672d791000 rw-p 00000000 00:00 0 
7f672d791000-7f672d792000 ---p 00000000 00:00 0 
7f672d792000-7f672d892000 rw-p 00000000 00:00 0 
7f672d892000-7f672d893000 ---p 00000000 00:00 0 
7f672d893000-7f672d99e000 rw-p 00000000 00:00 0 
7f672d99e000-7f672d9e6000 rw-p 00000000 00:00 0 
7f672d9e6000-7f672d9fb000 rw-p 00000000 00:00 0 
7f672d9fb000-7f672db31000 rw-p 00000000 00:00 0 
7f672db31000-7f672db3c000 rw-p 00000000 00:00 0 
7f672db3c000-7f672db84000 rw-p 00000000 00:00 0 
7f672db84000-7f672db99000 rw-p 00000000 00:00 0 
7f672db99000-7f672dcce000 rw-p 00000000 00:00 0 
7f672dcce000-7f672dcd9000 rw-p 00000000 00:00 0 
7f672dcd9000-7f672dd74000 rw-p 00000000 00:00 0 
7f672dd74000-7f672dd75000 rw-p 00000000 00:00 0 
7f672dd75000-7f672dfe5000 rwxp 00000000 00:00 0 
7f672dfe5000-7f6730d75000 rw-p 00000000 00:00 0 
7f6730d75000-7f6730d7d000 r-xp 00000000 08:01 399895                     /usr/lib/jvm/java-7-openjdk-amd64/jre/lib/amd64/libzip.so
7f6730d7d000-7f6730f7c000 ---p 00008000 08:01 399895                     /usr/lib/jvm/java-7-openjdk-amd64/jre/lib/amd64/libzip.so
7f6730f7c000-7f6730f7d000 r--p 00007000 08:01 399895                     /usr/lib/jvm/java-7-openjdk-amd64/jre/lib/amd64/libzip.so
7f6730f7d000-7f6730f7e000 rw-p 00008000 08:01 399895                     /usr/lib/jvm/java-7-openjdk-amd64/jre/lib/amd64/libzip.so
7f6730f7e000-7f6730f8a000 r-xp 00000000 08:01 134596                     /lib/x86_64-linux-gnu/libnss_files-2.13.so
7f6730f8a000-7f6731189000 ---p 0000c000 08:01 134596                     /lib/x86_64-linux-gnu/libnss_files-2.13.so
7f6731189000-7f673118a000 r--p 0000b000 08:01 134596                     /lib/x86_64-linux-gnu/libnss_files-2.13.so
7f673118a000-7f673118b000 rw-p 0000c000 08:01 134596                     /lib/x86_64-linux-gnu/libnss_files-2.13.so
7f673118b000-7f6731195000 r-xp 00000000 08:01 134607                     /lib/x86_64-linux-gnu/libnss_nis-2.13.so
7f6731195000-7f6731395000 ---p 0000a000 08:01 134607                     /lib/x86_64-linux-gnu/libnss_nis-2.13.so
7f6731395000-7f6731396000 r--p 0000a000 08:01 134607                     /lib/x86_64-linux-gnu/libnss_nis-2.13.so
7f6731396000-7f6731397000 rw-p 0000b000 08:01 134607                     /lib/x86_64-linux-gnu/libnss_nis-2.13.so
7f6731397000-7f67313ae000 r-xp 00000000 08:01 134591                     /lib/x86_64-linux-gnu/libnsl-2.13.so
7f67313ae000-7f67315ad000 ---p 00017000 08:01 134591                     /lib/x86_64-linux-gnu/libnsl-2.13.so
7f67315ad000-7f67315ae000 r--p 00016000 08:01 134591                     /lib/x86_64-linux-gnu/libnsl-2.13.so
7f67315ae000-7f67315af000 rw-p 00017000 08:01 134591                     /lib/x86_64-linux-gnu/libnsl-2.13.so
7f67315af000-7f67315b1000 rw-p 00000000 00:00 0 
7f67315b1000-7f67315b9000 r-xp 00000000 08:01 134588                     /lib/x86_64-linux-gnu/libnss_compat-2.13.so
7f67315b9000-7f67317b8000 ---p 00008000 08:01 134588                     /lib/x86_64-linux-gnu/libnss_compat-2.13.so
7f67317b8000-7f67317b9000 r--p 00007000 08:01 134588                     /lib/x86_64-linux-gnu/libnss_compat-2.13.so
7f67317b9000-7f67317ba000 rw-p 00008000 08:01 134588                     /lib/x86_64-linux-gnu/libnss_compat-2.13.so
7f67317ba000-7f67317e3000 r-xp 00000000 08:01 398578                     /usr/lib/jvm/java-7-openjdk-amd64/jre/lib/amd64/libjava.so
7f67317e3000-7f67319e2000 ---p 00029000 08:01 398578                     /usr/lib/jvm/java-7-openjdk-amd64/jre/lib/amd64/libjava.so
7f67319e2000-7f67319e3000 r--p 00028000 08:01 398578                     /usr/lib/jvm/java-7-openjdk-amd64/jre/lib/amd64/libjava.so
7f67319e3000-7f67319e5000 rw-p 00029000 08:01 398578                     /usr/lib/jvm/java-7-openjdk-amd64/jre/lib/amd64/libjava.so
7f67319e5000-7f67319f3000 r-xp 00000000 08:01 399894                     /usr/lib/jvm/java-7-openjdk-amd64/jre/lib/amd64/libverify.so
7f67319f3000-7f6731bf2000 ---p 0000e000 08:01 399894                     /usr/lib/jvm/java-7-openjdk-amd64/jre/lib/amd64/libverify.so
7f6731bf2000-7f6731bf4000 r--p 0000d000 08:01 399894                     /usr/lib/jvm/java-7-openjdk-amd64/jre/lib/amd64/libverify.so
7f6731bf4000-7f6731bf5000 rw-p 0000f000 08:01 399894                     /usr/lib/jvm/java-7-openjdk-amd64/jre/lib/amd64/libverify.so
7f6731bf5000-7f6731bfc000 r-xp 00000000 08:01 134577                     /lib/x86_64-linux-gnu/librt-2.13.so
7f6731bfc000-7f6731dfb000 ---p 00007000 08:01 134577                     /lib/x86_64-linux-gnu/librt-2.13.so
7f6731dfb000-7f6731dfc000 r--p 00006000 08:01 134577                     /lib/x86_64-linux-gnu/librt-2.13.so
7f6731dfc000-7f6731dfd000 rw-p 00007000 08:01 134577                     /lib/x86_64-linux-gnu/librt-2.13.so
7f6731dfd000-7f6731e12000 r-xp 00000000 08:01 131748                     /lib/x86_64-linux-gnu/libgcc_s.so.1
7f6731e12000-7f6732011000 ---p 00015000 08:01 131748                     /lib/x86_64-linux-gnu/libgcc_s.so.1
7f6732011000-7f6732012000 r--p 00014000 08:01 131748                     /lib/x86_64-linux-gnu/libgcc_s.so.1
7f6732012000-7f6732013000 rw-p 00015000 08:01 131748                     /lib/x86_64-linux-gnu/libgcc_s.so.1
7f6732013000-7f6732096000 r-xp 00000000 08:01 134673                     /lib/x86_64-linux-gnu/libm-2.13.so
7f6732096000-7f6732295000 ---p 00083000 08:01 134673                     /lib/x86_64-linux-gnu/libm-2.13.so
7f6732295000-7f6732296000 r--p 00082000 08:01 134673                     /lib/x86_64-linux-gnu/libm-2.13.so
7f6732296000-7f6732297000 rw-p 00083000 08:01 134673                     /lib/x86_64-linux-gnu/libm-2.13.so
7f6732297000-7f673237f000 r-xp 00000000 08:01 398097                     /usr/lib/x86_64-linux-gnu/libstdc++.so.6.0.16
7f673237f000-7f673257f000 ---p 000e8000 08:01 398097                     /usr/lib/x86_64-linux-gnu/libstdc++.so.6.0.16
7f673257f000-7f6732587000 r--p 000e8000 08:01 398097                     /usr/lib/x86_64-linux-gnu/libstdc++.so.6.0.16
7f6732587000-7f6732589000 rw-p 000f0000 08:01 398097                     /usr/lib/x86_64-linux-gnu/libstdc++.so.6.0.16
7f6732589000-7f673259e000 rw-p 00000000 00:00 0 
7f673259e000-7f6732f25000 r-xp 00000000 08:01 399897                     /usr/lib/jvm/java-7-openjdk-amd64/jre/lib/amd64/server/libjvm.so
7f6732f25000-7f6733124000 ---p 00987000 08:01 399897                     /usr/lib/jvm/java-7-openjdk-amd64/jre/lib/amd64/server/libjvm.so
7f6733124000-7f67331a2000 r--p 00986000 08:01 399897                     /usr/lib/jvm/java-7-openjdk-amd64/jre/lib/amd64/server/libjvm.so
7f67331a2000-7f67331bd000 rw-p 00a04000 08:01 399897                     /usr/lib/jvm/java-7-openjdk-amd64/jre/lib/amd64/server/libjvm.so
7f67331bd000-7f67331e8000 rw-p 00000000 00:00 0 
7f67331e8000-7f6733200000 r-xp 00000000 08:01 134606                     /lib/x86_64-linux-gnu/libpthread-2.13.so
7f6733200000-7f67333ff000 ---p 00018000 08:01 134606                     /lib/x86_64-linux-gnu/libpthread-2.13.so
7f67333ff000-7f6733400000 r--p 00017000 08:01 134606                     /lib/x86_64-linux-gnu/libpthread-2.13.so
7f6733400000-7f6733401000 rw-p 00018000 08:01 134606                     /lib/x86_64-linux-gnu/libpthread-2.13.so
7f6733401000-7f6733405000 rw-p 00000000 00:00 0 
7f6733405000-7f673341c000 r-xp 00000000 08:01 139905                     /lib/x86_64-linux-gnu/libz.so.1.2.3.4
7f673341c000-7f673361b000 ---p 00017000 08:01 139905                     /lib/x86_64-linux-gnu/libz.so.1.2.3.4
7f673361b000-7f673361c000 r--p 00016000 08:01 139905                     /lib/x86_64-linux-gnu/libz.so.1.2.3.4
7f673361c000-7f673361d000 rw-p 00017000 08:01 139905                     /lib/x86_64-linux-gnu/libz.so.1.2.3.4
7f673361d000-7f673361f000 r-xp 00000000 08:01 134594                     /lib/x86_64-linux-gnu/libdl-2.13.so
7f673361f000-7f673381f000 ---p 00002000 08:01 134594                     /lib/x86_64-linux-gnu/libdl-2.13.so
7f673381f000-7f6733820000 r--p 00002000 08:01 134594                     /lib/x86_64-linux-gnu/libdl-2.13.so
7f6733820000-7f6733821000 rw-p 00003000 08:01 134594                     /lib/x86_64-linux-gnu/libdl-2.13.so
7f6733821000-7f67339b6000 r-xp 00000000 08:01 134593                     /lib/x86_64-linux-gnu/libc-2.13.so
7f67339b6000-7f6733bb5000 ---p 00195000 08:01 134593                     /lib/x86_64-linux-gnu/libc-2.13.so
7f6733bb5000-7f6733bb9000 r--p 00194000 08:01 134593                     /lib/x86_64-linux-gnu/libc-2.13.so
7f6733bb9000-7f6733bba000 rw-p 00198000 08:01 134593                     /lib/x86_64-linux-gnu/libc-2.13.so
7f6733bba000-7f6733bc0000 rw-p 00000000 00:00 0 
7f6733bc0000-7f6733bcc000 r-xp 00000000 08:01 397479                     /usr/lib/jvm/java-7-openjdk-amd64/jre/lib/amd64/jli/libjli.so
7f6733bcc000-7f6733dcb000 ---p 0000c000 08:01 397479                     /usr/lib/jvm/java-7-openjdk-amd64/jre/lib/amd64/jli/libjli.so
7f6733dcb000-7f6733dcc000 r--p 0000b000 08:01 397479                     /usr/lib/jvm/java-7-openjdk-amd64/jre/lib/amd64/jli/libjli.so
7f6733dcc000-7f6733dcd000 rw-p 0000c000 08:01 397479                     /usr/lib/jvm/java-7-openjdk-amd64/jre/lib/amd64/jli/libjli.so
7f6733dcd000-7f6733dee000 r-xp 00000000 08:01 134600                     /lib/x86_64-linux-gnu/ld-2.13.so
7f6733dfe000-7f6733e02000 r--s 0009f000 08:01 396465                     /usr/lib/jvm/java-7-openjdk-common/jre/lib/jsse.jar
7f6733e02000-7f6733e0c000 rw-p 00000000 00:00 0 
7f6733e0c000-7f6733ec2000 rw-p 00000000 00:00 0 
7f6733ec2000-7f6733ec5000 ---p 00000000 00:00 0 
7f6733ec5000-7f6733fc8000 rw-p 00000000 00:00 0 
7f6733fc9000-7f6733fca000 r--p 00000000 00:00 0 
7f6733fca000-7f6733fcd000 r--s 00032000 08:01 395025                     /usr/lib/jvm/java-7-openjdk-common/jre/lib/ext/sunjce_provider.jar
7f6733fcd000-7f6733fd0000 r--s 00085000 08:01 395002                     /usr/lib/jvm/java-7-openjdk-common/jre/lib/ext/localedata.jar
7f6733fd0000-7f6733fd1000 r--s 00002000 08:01 394906                     /usr/lib/jvm/java-7-openjdk-common/jre/lib/ext/dnsns.jar
7f6733fd1000-7f6733fd4000 r--s 0003c000 08:01 394890                     /usr/lib/jvm/java-7-openjdk-common/jre/lib/ext/sunpkcs11.jar
7f6733fd4000-7f6733fd6000 r--s 00012000 08:01 395160                     /usr/lib/jvm/java-7-openjdk-common/jre/lib/ext/zipfs.jar
7f6733fd6000-7f6733fd9000 r--s 0000f000 08:01 395194                     /usr/lib/jvm/java-7-openjdk-common/jre/lib/ext/pulse-java.jar
7f6733fd9000-7f6733fe1000 r--s 00066000 08:01 676447                     /usr/share/java/gnome-java-bridge.jar
7f6733fe1000-7f6733fe9000 rw-s 00000000 08:01 262890                     /tmp/hsperfdata_guillaume/3374
7f6733fe9000-7f6733fea000 rw-p 00000000 00:00 0 
7f6733fea000-7f6733feb000 r--p 00000000 00:00 0 
7f6733feb000-7f6733fed000 rw-p 00000000 00:00 0 
7f6733fed000-7f6733fee000 r--p 00020000 08:01 134600                     /lib/x86_64-linux-gnu/ld-2.13.so
7f6733fee000-7f6733ff0000 rw-p 00021000 08:01 134600                     /lib/x86_64-linux-gnu/ld-2.13.so
7fff11ea6000-7fff11ec7000 rw-p 00000000 00:00 0                          [stack]
7fff11fff000-7fff12000000 r-xp 00000000 00:00 0                          [vdso]
ffffffffff600000-ffffffffff601000 r-xp 00000000 00:00 0                  [vsyscall]

VM Arguments:
jvm_args: -Dfile.encoding=UTF-8 
java_command: main.Main -Xms1024M -Xmx1024M
Launcher Type: SUN_STANDARD

Environment Variables:
PATH=/usr/lib/lightdm/lightdm:/usr/local/sbin:/usr/local/bin:/usr/sbin:/usr/bin:/sbin:/bin:/usr/games
USERNAME=guillaume
SHELL=/bin/bash
DISPLAY=:0

Signal Handlers:
SIGSEGV: [libjvm.so+0x7fca30], sa_mask[0]=0x7ffbfeff, sa_flags=0x10000004
SIGBUS: [libjvm.so+0x7fca30], sa_mask[0]=0x7ffbfeff, sa_flags=0x10000004
SIGFPE: [libjvm.so+0x6a1150], sa_mask[0]=0x7ffbfeff, sa_flags=0x10000004
SIGPIPE: [libjvm.so+0x6a1150], sa_mask[0]=0x7ffbfeff, sa_flags=0x10000004
SIGXFSZ: [libjvm.so+0x6a1150], sa_mask[0]=0x7ffbfeff, sa_flags=0x10000004
SIGILL: [libjvm.so+0x6a1150], sa_mask[0]=0x7ffbfeff, sa_flags=0x10000004
SIGUSR1: SIG_DFL, sa_mask[0]=0x00000000, sa_flags=0x00000000
SIGUSR2: [libjvm.so+0x6a1520], sa_mask[0]=0x00000004, sa_flags=0x10000004
SIGHUP: [libjvm.so+0x6a1660], sa_mask[0]=0x7ffbfeff, sa_flags=0x10000004
SIGINT: SIG_IGN, sa_mask[0]=0x00000000, sa_flags=0x00000000
SIGTERM: [libjvm.so+0x6a1660], sa_mask[0]=0x7ffbfeff, sa_flags=0x10000004
SIGQUIT: [libjvm.so+0x6a1660], sa_mask[0]=0x7ffbfeff, sa_flags=0x10000004


---------------  S Y S T E M  ---------------

OS:Ubuntu 11.10 (oneiric)
uname:Linux 3.0.0-12-generic #20-Ubuntu SMP Fri Oct 7 14:56:25 UTC 2011 x86_64
libc:glibc 2.13 NPTL 2.13 
rlimit: STACK 8192k, CORE 0k, NPROC 31562, NOFILE 4096, AS infinity
load average:0,06 0,19 0,27

/proc/meminfo:
MemTotal:        4055792 kB
MemFree:         1759192 kB
Buffers:           92424 kB
Cached:           869672 kB
SwapCached:            0 kB
Active:          1532968 kB
Inactive:         562480 kB
Active(anon):    1135336 kB
Inactive(anon):     8256 kB
Active(file):     397632 kB
Inactive(file):   554224 kB
Unevictable:          32 kB
Mlocked:              32 kB
SwapTotal:             0 kB
SwapFree:              0 kB
Dirty:               676 kB
Writeback:             0 kB
AnonPages:       1133564 kB
Mapped:           175440 kB
Shmem:             10200 kB
Slab:              73208 kB
SReclaimable:      48744 kB
SUnreclaim:        24464 kB
KernelStack:        3096 kB
PageTables:        26720 kB
NFS_Unstable:          0 kB
Bounce:                0 kB
WritebackTmp:          0 kB
CommitLimit:     2027896 kB
Committed_AS:    2944360 kB
VmallocTotal:   34359738367 kB
VmallocUsed:      109104 kB
VmallocChunk:   34359619580 kB
HardwareCorrupted:     0 kB
AnonHugePages:         0 kB
HugePages_Total:       0
HugePages_Free:        0
HugePages_Rsvd:        0
HugePages_Surp:        0
Hugepagesize:       2048 kB
DirectMap4k:       93120 kB
DirectMap2M:     4100096 kB


CPU:total 2 (2 cores per cpu, 1 threads per core) family 6 model 15 stepping 13, cmov, cx8, fxsr, mmx, sse, sse2, sse3, ssse3

Memory: 4k page, physical 4055792k(1759192k free), swap 0k(0k free)

vm_info: OpenJDK 64-Bit Server VM (21.0-b17) for linux-amd64 JRE (1.7.0_147-b147), built on Sep 30 2011 00:36:33 by "buildd" with gcc 4.6.1

time: Thu Nov 10 20:16:08 2011
elapsed time: 0 seconds

