#
# A fatal error has been detected by the Java Runtime Environment:
#
#  SIGSEGV (0xb) at pc=0x00007fa19bb321f8, pid=3302, tid=140332431365888
#
# JRE version: 7.0_147-b147
# Java VM: OpenJDK 64-Bit Server VM (21.0-b17 mixed mode linux-amd64 compressed oops)
# Derivative: IcedTea7 2.0pre
# Distribution: Ubuntu oneiric (development branch), package 7~b147-2.0~pre6-1ubuntu1
# Problematic frame:
# C  [liblcms2.so.2+0x121f8]  cmsSaveProfileToIOhandler+0x38
#
# Failed to write core dump. Core dumps have been disabled. To enable core dumping, try "ulimit -c unlimited" before starting Java again
#
# If you would like to submit a bug report, please include
# instructions on how to reproduce the bug and visit:
#   https://bugs.launchpad.net/ubuntu/+source/openjdk-7/
# The crash happened outside the Java Virtual Machine in native code.
# See problematic frame for where to report the bug.
#

---------------  T H R E A D  ---------------

Current thread (0x00000000010c7800):  JavaThread "main" [_thread_in_native, id=3304, stack(0x00007fa1b0a8d000,0x00007fa1b0b8e000)]

siginfo:si_signo=SIGSEGV: si_errno=0, si_code=1 (SEGV_MAPERR), si_addr=0x0000000000000000

Registers:
RAX=0x0000000000000000, RBX=0x0000000000000000, RCX=0x00000000000001d4, RDX=0x00007fa1b0b8ba4c
RSP=0x00007fa1b0b8ab20, RBP=0x0000000000000000, RSI=0x0000000000000000, RDI=0x00007fa1b0b8ab20
R8 =0x0000000000000000, R9 =0x0000000000000000, R10=0x0000000000000000, R11=0x0000000000000000
R12=0x00007fa1b0b8ba4c, R13=0x0000000000000000, R14=0x0000000000000000, R15=0x00000000010c7800
RIP=0x00007fa19bb321f8, EFLAGS=0x0000000000010246, CSGSFS=0x0000000000000033, ERR=0x0000000000000004
  TRAPNO=0x000000000000000e

Top of Stack: (sp=0x00007fa1b0b8ab20)
0x00007fa1b0b8ab20:   00007fa1a4321cc0 00007fa19bb30cef
0x00007fa1b0b8ab30:   0000000000000c48 00007fa1a4000020
0x00007fa1b0b8ab40:   000000000000000e 000000000000080c
0x00007fa1b0b8ab50:   00007fa100000000 00007fa1a4000020
0x00007fa1b0b8ab60:   000000000000000e 00007fa19bb37754
0x00007fa1b0b8ab70:   00007fa1b0b8affc 1d6d5fcbbfc75800
0x00007fa1b0b8ab80:   00007fa1a4321cc0 00007fa1a432044c
0x00007fa1b0b8ab90:   000000000000000e 00007fa19bb30ebf
0x00007fa1b0b8aba0:   4247527320434549 0000000000000000
0x00007fa1b0b8abb0:   00007fa1a4321f60 2dd3000000000100
0x00007fa1b0b8abc0:   0000080c000004c4 00007fa1a4000020
0x00007fa1b0b8abd0:   00007fa100000000 00007fa1a4321e10
0x00007fa1b0b8abe0:   0000000000000c48 00007fa1a43202c8
0x00007fa1b0b8abf0:   0000000000000011 00007fa1b0468d7c
0x00007fa1b0b8ac00:   00007fa1a4321e10 00007fa19bb30e2c
0x00007fa1b0b8ac10:   00007fa1a4320070 00007fa19bb323ae
0x00007fa1b0b8ac20:   00007fa1a4320f20 0000000000000000
0x00007fa1b0b8ac30:   0000003100000000 0000000900000006
0x00007fa1b0b8ac40:   0000006200000001 ffffffffffffffff
0x00007fa1b0b8ac50:   0000000000000000 0000000000000000
0x00007fa1b0b8ac60:   00007fa1b0548689 6d6e747202100000
0x00007fa1b0b8ac70:   58595a2052474220 00000000000000b0
0x00007fa1b0b8ac80:   7352474249454320 0000000000000000
0x00007fa1b0b8ac90:   0000000000000000 0000000000000000
0x00007fa1b0b8aca0:   6370727400000011 00007fa1a4000020
0x00007fa1b0b8acb0:   00007fa1a4313160 000000000000007c
0x00007fa1b0b8acc0:   00007fa1b0b8b1e0 00007fa1b0b8b4a0
0x00007fa1b0b8acd0:   00007fa1b09b285b 00007fa1b046877d
0x00007fa1b0b8ace0:   6254524300000000 000000000000003f
0x00007fa1b0b8acf0:   00007fa1a4313160 0000000000000000
0x00007fa1b0b8ad00:   00007fa1a431ce3d 00007fa1b09a67e1
0x00007fa1b0b8ad10:   0000000000000000 0000000000000000 

Instructions: (pc=0x00007fa19bb321f8)
0x00007fa19bb321d8:   48 89 de 48 81 ec b8 0e 00 00 64 48 8b 04 25 28
0x00007fa19bb321e8:   00 00 00 48 89 84 24 a8 0e 00 00 31 c0 48 89 e7
0x00007fa19bb321f8:   f3 48 a5 48 89 df e8 1d f6 ff ff 48 89 c7 e8 65
0x00007fa19bb32208:   f0 ff ff 48 85 c0 49 89 c4 48 89 03 74 0e 31 f6 

Register to memory mapping:

RAX=0x0000000000000000 is an unknown value
RBX=0x0000000000000000 is an unknown value
RCX=0x00000000000001d4 is an unknown value
RDX=0x00007fa1b0b8ba4c is pointing into the stack for thread: 0x00000000010c7800
RSP=0x00007fa1b0b8ab20 is pointing into the stack for thread: 0x00000000010c7800
RBP=0x0000000000000000 is an unknown value
RSI=0x0000000000000000 is an unknown value
RDI=0x00007fa1b0b8ab20 is pointing into the stack for thread: 0x00000000010c7800
R8 =0x0000000000000000 is an unknown value
R9 =0x0000000000000000 is an unknown value
R10=0x0000000000000000 is an unknown value
R11=0x0000000000000000 is an unknown value
R12=0x00007fa1b0b8ba4c is pointing into the stack for thread: 0x00000000010c7800
R13=0x0000000000000000 is an unknown value
R14=0x0000000000000000 is an unknown value
R15=0x00000000010c7800 is a thread


Stack: [0x00007fa1b0a8d000,0x00007fa1b0b8e000],  sp=0x00007fa1b0b8ab20,  free space=1014k
Native frames: (J=compiled Java code, j=interpreted, Vv=VM code, C=native code)
C  [liblcms2.so.2+0x121f8]  cmsSaveProfileToIOhandler+0x38

[error occurred during error reporting (printing native stack), id 0xb]

Java frames: (J=compiled Java code, j=interpreted, Vv=VM code)
j  sun.java2d.cmm.lcms.LCMS.getTagData(JI[B)V+0
j  java.awt.color.ICC_Profile.getData(JI)[B+26
j  java.awt.color.ICC_Profile.getData(I)[B+14
j  java.awt.color.ICC_Profile.getNumComponents()I+18
j  sun.java2d.cmm.lcms.LCMSTransform.<init>(Ljava/awt/color/ICC_Profile;II)V+83
j  sun.java2d.cmm.lcms.LCMS.createTransform(Ljava/awt/color/ICC_Profile;II)Lsun/java2d/cmm/ColorTransform;+7
j  java.awt.color.ICC_ColorSpace.fromRGB([F)[F+37
j  com.sun.imageio.plugins.jpeg.JPEGImageReader.setImageData(IIIII[B)V+158
v  ~StubRoutines::call_stub
j  com.sun.imageio.plugins.jpeg.JPEGImageReader.readImageHeader(JZZ)Z+0
j  com.sun.imageio.plugins.jpeg.JPEGImageReader.readNativeHeader(Z)Z+12
j  com.sun.imageio.plugins.jpeg.JPEGImageReader.checkTablesOnly()V+92
j  com.sun.imageio.plugins.jpeg.JPEGImageReader.gotoImage(I)V+41
j  com.sun.imageio.plugins.jpeg.JPEGImageReader.readHeader(IZ)V+2
j  com.sun.imageio.plugins.jpeg.JPEGImageReader.readInternal(ILjavax/imageio/ImageReadParam;Z)Ljava/awt/image/Raster;+3
j  com.sun.imageio.plugins.jpeg.JPEGImageReader.read(ILjavax/imageio/ImageReadParam;)Ljava/awt/image/BufferedImage;+8
j  javax.imageio.ImageIO.read(Ljavax/imageio/stream/ImageInputStream;)Ljava/awt/image/BufferedImage;+55
j  javax.imageio.ImageIO.read(Ljava/io/InputStream;)Ljava/awt/image/BufferedImage;+20
j  content.ImageBank.<init>()V+118
j  main.Main.main([Ljava/lang/String;)V+4
v  ~StubRoutines::call_stub

---------------  P R O C E S S  ---------------

Java Threads: ( => current thread )
  0x00007fa1a42ee000 JavaThread "Thread-0" [_thread_blocked, id=3324, stack(0x00007fa19c5f2000,0x00007fa19c6f3000)]
  0x00007fa1a42ec000 JavaThread "AWT-EventQueue-0" [_thread_in_native, id=3323, stack(0x00007fa19c6f3000,0x00007fa19c7f4000)]
  0x00007fa1a424e800 JavaThread "AWT-Shutdown" [_thread_blocked, id=3322, stack(0x00007fa19ce59000,0x00007fa19cf5a000)]
  0x00007fa1a41bd800 JavaThread "process reaper" daemon [_thread_blocked, id=3320, stack(0x00007fa1a8060000,0x00007fa1a807a000)]
  0x00007fa1a4198000 JavaThread "AWT-XAWT" daemon [_thread_blocked, id=3318, stack(0x00007fa19cf5a000,0x00007fa19d05b000)]
  0x00007fa1a4152000 JavaThread "Java2D Disposer" daemon [_thread_blocked, id=3317, stack(0x00007fa19d05b000,0x00007fa19d15c000)]
  0x00007fa1a4001800 JavaThread "Service Thread" daemon [_thread_blocked, id=3315, stack(0x00007fa1a9023000,0x00007fa1a9124000)]
  0x00000000011c7800 JavaThread "C2 CompilerThread1" daemon [_thread_blocked, id=3314, stack(0x00007fa1a9124000,0x00007fa1a9225000)]
  0x00000000011c4800 JavaThread "C2 CompilerThread0" daemon [_thread_blocked, id=3313, stack(0x00007fa1a9225000,0x00007fa1a9326000)]
  0x00000000011c2800 JavaThread "Signal Dispatcher" daemon [_thread_blocked, id=3312, stack(0x00007fa1a9326000,0x00007fa1a9427000)]
  0x0000000001165000 JavaThread "Finalizer" daemon [_thread_blocked, id=3311, stack(0x00007fa1a9b14000,0x00007fa1a9c15000)]
  0x0000000001162800 JavaThread "Reference Handler" daemon [_thread_blocked, id=3310, stack(0x00007fa1a9c15000,0x00007fa1a9d16000)]
=>0x00000000010c7800 JavaThread "main" [_thread_in_native, id=3304, stack(0x00007fa1b0a8d000,0x00007fa1b0b8e000)]

Other Threads:
  0x000000000115a800 VMThread [stack: 0x00007fa1a9d16000,0x00007fa1a9e17000] [id=3309]
  0x00007fa1a400c000 WatcherThread [stack: 0x00007fa1a8f22000,0x00007fa1a9023000] [id=3316]

VM state:not at safepoint (normal execution)

VM Mutex/Monitor currently owned by a thread: None

Heap
 PSYoungGen      total 18496K, used 6847K [0x00000000eb560000, 0x00000000eca00000, 0x0000000100000000)
  eden space 15872K, 43% used [0x00000000eb560000,0x00000000ebc0fd48,0x00000000ec4e0000)
  from space 2624K, 0% used [0x00000000ec770000,0x00000000ec770000,0x00000000eca00000)
  to   space 2624K, 0% used [0x00000000ec4e0000,0x00000000ec4e0000,0x00000000ec770000)
 PSOldGen        total 42304K, used 0K [0x00000000c2000000, 0x00000000c4950000, 0x00000000eb560000)
  object space 42304K, 0% used [0x00000000c2000000,0x00000000c2000000,0x00000000c4950000)
 PSPermGen       total 21248K, used 11196K [0x00000000b7a00000, 0x00000000b8ec0000, 0x00000000c2000000)
  object space 21248K, 52% used [0x00000000b7a00000,0x00000000b84ef258,0x00000000b8ec0000)

Code Cache  [0x00007fa1aa940000, 0x00007fa1aabb0000, 0x00007fa1ad940000)
 total_blobs=445 nmethods=13 adapters=385 free_code_cache=48613Kb largest_free_block=49770304

Dynamic libraries:
00400000-00401000 r-xp 00000000 08:01 400896                             /usr/lib/jvm/java-7-openjdk-amd64/jre/bin/java
00600000-00601000 r--p 00000000 08:01 400896                             /usr/lib/jvm/java-7-openjdk-amd64/jre/bin/java
00601000-00602000 rw-p 00001000 08:01 400896                             /usr/lib/jvm/java-7-openjdk-amd64/jre/bin/java
010bd000-013f6000 rw-p 00000000 00:00 0                                  [heap]
b7a00000-b8ec0000 rw-p 00000000 00:00 0 
b8ec0000-c2000000 rw-p 00000000 00:00 0 
c2000000-c4950000 rw-p 00000000 00:00 0 
c4950000-eb560000 rw-p 00000000 00:00 0 
eb560000-eca00000 rw-p 00000000 00:00 0 
eca00000-100000000 rw-p 00000000 00:00 0 
7fa19bb20000-7fa19bb66000 r-xp 00000000 08:01 406696                     /usr/lib/x86_64-linux-gnu/liblcms2.so.2.0.2
7fa19bb66000-7fa19bd65000 ---p 00046000 08:01 406696                     /usr/lib/x86_64-linux-gnu/liblcms2.so.2.0.2
7fa19bd65000-7fa19bd66000 r--p 00045000 08:01 406696                     /usr/lib/x86_64-linux-gnu/liblcms2.so.2.0.2
7fa19bd66000-7fa19bd6a000 rw-p 00046000 08:01 406696                     /usr/lib/x86_64-linux-gnu/liblcms2.so.2.0.2
7fa19bd6a000-7fa19bd6b000 rw-p 00000000 00:00 0 
7fa19bd6b000-7fa19bd6f000 r-xp 00000000 08:01 398964                     /usr/lib/jvm/java-7-openjdk-amd64/jre/lib/amd64/libjavalcms.so
7fa19bd6f000-7fa19bf6e000 ---p 00004000 08:01 398964                     /usr/lib/jvm/java-7-openjdk-amd64/jre/lib/amd64/libjavalcms.so
7fa19bf6e000-7fa19bf6f000 r--p 00003000 08:01 398964                     /usr/lib/jvm/java-7-openjdk-amd64/jre/lib/amd64/libjavalcms.so
7fa19bf6f000-7fa19bf70000 rw-p 00004000 08:01 398964                     /usr/lib/jvm/java-7-openjdk-amd64/jre/lib/amd64/libjavalcms.so
7fa19bf70000-7fa19c1c3000 rw-s 00000000 00:04 6455301                    /SYSV00000000 (deleted)
7fa19c1c3000-7fa19c1e7000 r-xp 00000000 08:01 406680                     /usr/lib/x86_64-linux-gnu/libjpeg.so.62.0.0
7fa19c1e7000-7fa19c3e6000 ---p 00024000 08:01 406680                     /usr/lib/x86_64-linux-gnu/libjpeg.so.62.0.0
7fa19c3e6000-7fa19c3e7000 r--p 00023000 08:01 406680                     /usr/lib/x86_64-linux-gnu/libjpeg.so.62.0.0
7fa19c3e7000-7fa19c3e8000 rw-p 00024000 08:01 406680                     /usr/lib/x86_64-linux-gnu/libjpeg.so.62.0.0
7fa19c3e8000-7fa19c3f1000 r-xp 00000000 08:01 398665                     /usr/lib/jvm/java-7-openjdk-amd64/jre/lib/amd64/libjavajpeg.so
7fa19c3f1000-7fa19c5f0000 ---p 00009000 08:01 398665                     /usr/lib/jvm/java-7-openjdk-amd64/jre/lib/amd64/libjavajpeg.so
7fa19c5f0000-7fa19c5f1000 r--p 00008000 08:01 398665                     /usr/lib/jvm/java-7-openjdk-amd64/jre/lib/amd64/libjavajpeg.so
7fa19c5f1000-7fa19c5f2000 rw-p 00009000 08:01 398665                     /usr/lib/jvm/java-7-openjdk-amd64/jre/lib/amd64/libjavajpeg.so
7fa19c5f2000-7fa19c5f5000 ---p 00000000 00:00 0 
7fa19c5f5000-7fa19c6f3000 rw-p 00000000 00:00 0 
7fa19c6f3000-7fa19c6f6000 ---p 00000000 00:00 0 
7fa19c6f6000-7fa19c7f4000 rw-p 00000000 00:00 0 
7fa19c7f4000-7fa19c804000 r-xp 00000000 08:01 399340                     /usr/lib/jvm/java-7-openjdk-amd64/jre/lib/amd64/libnio.so
7fa19c804000-7fa19ca03000 ---p 00010000 08:01 399340                     /usr/lib/jvm/java-7-openjdk-amd64/jre/lib/amd64/libnio.so
7fa19ca03000-7fa19ca04000 r--p 0000f000 08:01 399340                     /usr/lib/jvm/java-7-openjdk-amd64/jre/lib/amd64/libnio.so
7fa19ca04000-7fa19ca05000 rw-p 00010000 08:01 399340                     /usr/lib/jvm/java-7-openjdk-amd64/jre/lib/amd64/libnio.so
7fa19ca05000-7fa19ca1b000 r-xp 00000000 08:01 399248                     /usr/lib/jvm/java-7-openjdk-amd64/jre/lib/amd64/libnet.so
7fa19ca1b000-7fa19cc1a000 ---p 00016000 08:01 399248                     /usr/lib/jvm/java-7-openjdk-amd64/jre/lib/amd64/libnet.so
7fa19cc1a000-7fa19cc1b000 r--p 00015000 08:01 399248                     /usr/lib/jvm/java-7-openjdk-amd64/jre/lib/amd64/libnet.so
7fa19cc1b000-7fa19cc1c000 rw-p 00016000 08:01 399248                     /usr/lib/jvm/java-7-openjdk-amd64/jre/lib/amd64/libnet.so
7fa19cc1c000-7fa19cc56000 r-xp 00000000 08:01 398142                     /usr/lib/jvm/java-7-openjdk-amd64/jre/lib/amd64/libfontmanager.so
7fa19cc56000-7fa19ce56000 ---p 0003a000 08:01 398142                     /usr/lib/jvm/java-7-openjdk-amd64/jre/lib/amd64/libfontmanager.so
7fa19ce56000-7fa19ce58000 r--p 0003a000 08:01 398142                     /usr/lib/jvm/java-7-openjdk-amd64/jre/lib/amd64/libfontmanager.so
7fa19ce58000-7fa19ce59000 rw-p 0003c000 08:01 398142                     /usr/lib/jvm/java-7-openjdk-amd64/jre/lib/amd64/libfontmanager.so
7fa19ce59000-7fa19ce5c000 ---p 00000000 00:00 0 
7fa19ce5c000-7fa19cf5a000 rw-p 00000000 00:00 0 
7fa19cf5a000-7fa19cf5d000 ---p 00000000 00:00 0 
7fa19cf5d000-7fa19d05b000 rw-p 00000000 00:00 0 
7fa19d05b000-7fa19d05e000 ---p 00000000 00:00 0 
7fa19d05e000-7fa19d15c000 rw-p 00000000 00:00 0 
7fa19d15c000-7fa19d15f000 r-xp 00000000 08:01 139849                     /lib/x86_64-linux-gnu/libgpg-error.so.0.8.0
7fa19d15f000-7fa19d35e000 ---p 00003000 08:01 139849                     /lib/x86_64-linux-gnu/libgpg-error.so.0.8.0
7fa19d35e000-7fa19d35f000 r--p 00002000 08:01 139849                     /lib/x86_64-linux-gnu/libgpg-error.so.0.8.0
7fa19d35f000-7fa19d360000 rw-p 00003000 08:01 139849                     /lib/x86_64-linux-gnu/libgpg-error.so.0.8.0
7fa19d360000-7fa19d362000 r-xp 00000000 08:01 139851                     /lib/x86_64-linux-gnu/libkeyutils.so.1.3
7fa19d362000-7fa19d561000 ---p 00002000 08:01 139851                     /lib/x86_64-linux-gnu/libkeyutils.so.1.3
7fa19d561000-7fa19d562000 r--p 00001000 08:01 139851                     /lib/x86_64-linux-gnu/libkeyutils.so.1.3
7fa19d562000-7fa19d563000 rw-p 00002000 08:01 139851                     /lib/x86_64-linux-gnu/libkeyutils.so.1.3
7fa19d563000-7fa19d5a5000 r-xp 00000000 08:01 135649                     /lib/x86_64-linux-gnu/libdbus-1.so.3.5.7
7fa19d5a5000-7fa19d7a4000 ---p 00042000 08:01 135649                     /lib/x86_64-linux-gnu/libdbus-1.so.3.5.7
7fa19d7a4000-7fa19d7a5000 r--p 00041000 08:01 135649                     /lib/x86_64-linux-gnu/libdbus-1.so.3.5.7
7fa19d7a5000-7fa19d7a6000 rw-p 00042000 08:01 135649                     /lib/x86_64-linux-gnu/libdbus-1.so.3.5.7
7fa19d7a6000-7fa19d820000 r-xp 00000000 08:01 139845                     /lib/x86_64-linux-gnu/libgcrypt.so.11.7.0
7fa19d820000-7fa19da20000 ---p 0007a000 08:01 139845                     /lib/x86_64-linux-gnu/libgcrypt.so.11.7.0
7fa19da20000-7fa19da21000 r--p 0007a000 08:01 139845                     /lib/x86_64-linux-gnu/libgcrypt.so.11.7.0
7fa19da21000-7fa19da24000 rw-p 0007b000 08:01 139845                     /lib/x86_64-linux-gnu/libgcrypt.so.11.7.0
7fa19da24000-7fa19da34000 r-xp 00000000 08:01 406788                     /usr/lib/x86_64-linux-gnu/libtasn1.so.3.1.11
7fa19da34000-7fa19dc33000 ---p 00010000 08:01 406788                     /usr/lib/x86_64-linux-gnu/libtasn1.so.3.1.11
7fa19dc33000-7fa19dc34000 r--p 0000f000 08:01 406788                     /usr/lib/x86_64-linux-gnu/libtasn1.so.3.1.11
7fa19dc34000-7fa19dc35000 rw-p 00010000 08:01 406788                     /usr/lib/x86_64-linux-gnu/libtasn1.so.3.1.11
7fa19dc35000-7fa19dc3c000 r-xp 00000000 08:01 397002                     /usr/lib/x86_64-linux-gnu/libkrb5support.so.0.1
7fa19dc3c000-7fa19de3b000 ---p 00007000 08:01 397002                     /usr/lib/x86_64-linux-gnu/libkrb5support.so.0.1
7fa19de3b000-7fa19de3c000 r--p 00006000 08:01 397002                     /usr/lib/x86_64-linux-gnu/libkrb5support.so.0.1
7fa19de3c000-7fa19de3d000 rw-p 00007000 08:01 397002                     /usr/lib/x86_64-linux-gnu/libkrb5support.so.0.1
7fa19de3d000-7fa19de40000 r-xp 00000000 08:01 139827                     /lib/x86_64-linux-gnu/libcom_err.so.2.1
7fa19de40000-7fa19e03f000 ---p 00003000 08:01 139827                     /lib/x86_64-linux-gnu/libcom_err.so.2.1
7fa19e03f000-7fa19e040000 r--p 00002000 08:01 139827                     /lib/x86_64-linux-gnu/libcom_err.so.2.1
7fa19e040000-7fa19e041000 rw-p 00003000 08:01 139827                     /lib/x86_64-linux-gnu/libcom_err.so.2.1
7fa19e041000-7fa19e067000 r-xp 00000000 08:01 394051                     /usr/lib/x86_64-linux-gnu/libk5crypto.so.3.1
7fa19e067000-7fa19e266000 ---p 00026000 08:01 394051                     /usr/lib/x86_64-linux-gnu/libk5crypto.so.3.1
7fa19e266000-7fa19e268000 r--p 00025000 08:01 394051                     /usr/lib/x86_64-linux-gnu/libk5crypto.so.3.1
7fa19e268000-7fa19e269000 rw-p 00027000 08:01 394051                     /usr/lib/x86_64-linux-gnu/libk5crypto.so.3.1
7fa19e269000-7fa19e328000 r-xp 00000000 08:01 397018                     /usr/lib/x86_64-linux-gnu/libkrb5.so.3.3
7fa19e328000-7fa19e528000 ---p 000bf000 08:01 397018                     /usr/lib/x86_64-linux-gnu/libkrb5.so.3.3
7fa19e528000-7fa19e531000 r--p 000bf000 08:01 397018                     /usr/lib/x86_64-linux-gnu/libkrb5.so.3.3
7fa19e531000-7fa19e532000 rw-p 000c8000 08:01 397018                     /usr/lib/x86_64-linux-gnu/libkrb5.so.3.3
7fa19e532000-7fa19e539000 r-xp 00000000 08:01 406811                     /usr/lib/x86_64-linux-gnu/libxcb-render.so.0.0.0
7fa19e539000-7fa19e739000 ---p 00007000 08:01 406811                     /usr/lib/x86_64-linux-gnu/libxcb-render.so.0.0.0
7fa19e739000-7fa19e73a000 r--p 00007000 08:01 406811                     /usr/lib/x86_64-linux-gnu/libxcb-render.so.0.0.0
7fa19e73a000-7fa19e73b000 rw-p 00008000 08:01 406811                     /usr/lib/x86_64-linux-gnu/libxcb-render.so.0.0.0
7fa19e73b000-7fa19e73d000 r-xp 00000000 08:01 406815                     /usr/lib/x86_64-linux-gnu/libxcb-shm.so.0.0.0
7fa19e73d000-7fa19e93c000 ---p 00002000 08:01 406815                     /usr/lib/x86_64-linux-gnu/libxcb-shm.so.0.0.0
7fa19e93c000-7fa19e93d000 r--p 00001000 08:01 406815                     /usr/lib/x86_64-linux-gnu/libxcb-shm.so.0.0.0
7fa19e93d000-7fa19e93e000 rw-p 00002000 08:01 406815                     /usr/lib/x86_64-linux-gnu/libxcb-shm.so.0.0.0
7fa19e93e000-7fa19e964000 r-xp 00000000 08:01 139881                     /lib/x86_64-linux-gnu/libpng12.so.0.46.0
7fa19e964000-7fa19eb63000 ---p 00026000 08:01 139881                     /lib/x86_64-linux-gnu/libpng12.so.0.46.0
7fa19eb63000-7fa19eb64000 r--p 00025000 08:01 139881                     /lib/x86_64-linux-gnu/libpng12.so.0.46.0
7fa19eb64000-7fa19eb65000 rw-p 00026000 08:01 139881                     /lib/x86_64-linux-gnu/libpng12.so.0.46.0
7fa19eb65000-7fa19ebd3000 r-xp 00000000 08:01 406743                     /usr/lib/x86_64-linux-gnu/libpixman-1.so.0.22.2
7fa19ebd3000-7fa19edd3000 ---p 0006e000 08:01 406743                     /usr/lib/x86_64-linux-gnu/libpixman-1.so.0.22.2
7fa19edd3000-7fa19edd8000 r--p 0006e000 08:01 406743                     /usr/lib/x86_64-linux-gnu/libpixman-1.so.0.22.2
7fa19edd8000-7fa19edd9000 rw-p 00073000 08:01 406743                     /usr/lib/x86_64-linux-gnu/libpixman-1.so.0.22.2
7fa19edd9000-7fa19edde000 r-xp 00000000 08:01 406539                     /usr/lib/x86_64-linux-gnu/libXdmcp.so.6.0.0
7fa19edde000-7fa19efdd000 ---p 00005000 08:01 406539                     /usr/lib/x86_64-linux-gnu/libXdmcp.so.6.0.0
7fa19efdd000-7fa19efde000 r--p 00004000 08:01 406539                     /usr/lib/x86_64-linux-gnu/libXdmcp.so.6.0.0
7fa19efde000-7fa19efdf000 rw-p 00005000 08:01 406539                     /usr/lib/x86_64-linux-gnu/libXdmcp.so.6.0.0
7fa19efdf000-7fa19efe1000 r-xp 00000000 08:01 406531                     /usr/lib/x86_64-linux-gnu/libXau.so.6.0.0
7fa19efe1000-7fa19f1e0000 ---p 00002000 08:01 406531                     /usr/lib/x86_64-linux-gnu/libXau.so.6.0.0
7fa19f1e0000-7fa19f1e1000 r--p 00001000 08:01 406531                     /usr/lib/x86_64-linux-gnu/libXau.so.6.0.0
7fa19f1e1000-7fa19f1e2000 rw-p 00002000 08:01 406531                     /usr/lib/x86_64-linux-gnu/libXau.so.6.0.0
7fa19f1e2000-7fa19f1f3000 r-xp 00000000 08:01 406571                     /usr/lib/x86_64-linux-gnu/libavahi-client.so.3.2.9
7fa19f1f3000-7fa19f3f3000 ---p 00011000 08:01 406571                     /usr/lib/x86_64-linux-gnu/libavahi-client.so.3.2.9
7fa19f3f3000-7fa19f3f4000 r--p 00011000 08:01 406571                     /usr/lib/x86_64-linux-gnu/libavahi-client.so.3.2.9
7fa19f3f4000-7fa19f3f5000 rw-p 00012000 08:01 406571                     /usr/lib/x86_64-linux-gnu/libavahi-client.so.3.2.9
7fa19f3f5000-7fa19f402000 r-xp 00000000 08:01 406573                     /usr/lib/x86_64-linux-gnu/libavahi-common.so.3.5.3
7fa19f402000-7fa19f601000 ---p 0000d000 08:01 406573                     /usr/lib/x86_64-linux-gnu/libavahi-common.so.3.5.3
7fa19f601000-7fa19f602000 r--p 0000c000 08:01 406573                     /usr/lib/x86_64-linux-gnu/libavahi-common.so.3.5.3
7fa19f602000-7fa19f603000 rw-p 0000d000 08:01 406573                     /usr/lib/x86_64-linux-gnu/libavahi-common.so.3.5.3
7fa19f603000-7fa19f6a4000 r-xp 00000000 08:01 406657                     /usr/lib/x86_64-linux-gnu/libgnutls.so.26.16.14
7fa19f6a4000-7fa19f8a3000 ---p 000a1000 08:01 406657                     /usr/lib/x86_64-linux-gnu/libgnutls.so.26.16.14
7fa19f8a3000-7fa19f8aa000 r--p 000a0000 08:01 406657                     /usr/lib/x86_64-linux-gnu/libgnutls.so.26.16.14
7fa19f8aa000-7fa19f8ab000 rw-p 000a7000 08:01 406657                     /usr/lib/x86_64-linux-gnu/libgnutls.so.26.16.14
7fa19f8ab000-7fa19f8e6000 r-xp 00000000 08:01 406685                     /usr/lib/x86_64-linux-gnu/libgssapi_krb5.so.2.2
7fa19f8e6000-7fa19fae6000 ---p 0003b000 08:01 406685                     /usr/lib/x86_64-linux-gnu/libgssapi_krb5.so.2.2
7fa19fae6000-7fa19fae7000 r--p 0003b000 08:01 406685                     /usr/lib/x86_64-linux-gnu/libgssapi_krb5.so.2.2
7fa19fae7000-7fa19fae9000 rw-p 0003c000 08:01 406685                     /usr/lib/x86_64-linux-gnu/libgssapi_krb5.so.2.2
7fa19fae9000-7fa19fb24000 r-xp 00000000 08:01 139879                     /lib/x86_64-linux-gnu/libpcre.so.3.12.1
7fa19fb24000-7fa19fd23000 ---p 0003b000 08:01 139879                     /lib/x86_64-linux-gnu/libpcre.so.3.12.1
7fa19fd23000-7fa19fd24000 r--p 0003a000 08:01 139879                     /lib/x86_64-linux-gnu/libpcre.so.3.12.1
7fa19fd24000-7fa19fd25000 rw-p 0003b000 08:01 139879                     /lib/x86_64-linux-gnu/libpcre.so.3.12.1
7fa19fd25000-7fa19fd2c000 r-xp 00000000 08:01 396800                     /usr/lib/x86_64-linux-gnu/libffi.so.6.0.0
7fa19fd2c000-7fa19ff2b000 ---p 00007000 08:01 396800                     /usr/lib/x86_64-linux-gnu/libffi.so.6.0.0
7fa19ff2b000-7fa19ff2c000 r--p 00006000 08:01 396800                     /usr/lib/x86_64-linux-gnu/libffi.so.6.0.0
7fa19ff2c000-7fa19ff2d000 rw-p 00007000 08:01 396800                     /usr/lib/x86_64-linux-gnu/libffi.so.6.0.0
7fa19ff2d000-7fa19ff54000 r-xp 00000000 08:01 139838                     /lib/x86_64-linux-gnu/libexpat.so.1.5.2
7fa19ff54000-7fa1a0154000 ---p 00027000 08:01 139838                     /lib/x86_64-linux-gnu/libexpat.so.1.5.2
7fa1a0154000-7fa1a0156000 r--p 00027000 08:01 139838                     /lib/x86_64-linux-gnu/libexpat.so.1.5.2
7fa1a0156000-7fa1a0157000 rw-p 00029000 08:01 139838                     /lib/x86_64-linux-gnu/libexpat.so.1.5.2
7fa1a0157000-7fa1a01e9000 r-xp 00000000 08:01 406632                     /usr/lib/x86_64-linux-gnu/libfreetype.so.6.6.2
7fa1a01e9000-7fa1a03e8000 ---p 00092000 08:01 406632                     /usr/lib/x86_64-linux-gnu/libfreetype.so.6.6.2
7fa1a03e8000-7fa1a03ee000 r--p 00091000 08:01 406632                     /usr/lib/x86_64-linux-gnu/libfreetype.so.6.6.2
7fa1a03ee000-7fa1a03ef000 rw-p 00097000 08:01 406632                     /usr/lib/x86_64-linux-gnu/libfreetype.so.6.6.2
7fa1a03ef000-7fa1a0406000 r-xp 00000000 08:01 134597                     /lib/x86_64-linux-gnu/libresolv-2.13.so
7fa1a0406000-7fa1a0606000 ---p 00017000 08:01 134597                     /lib/x86_64-linux-gnu/libresolv-2.13.so
7fa1a0606000-7fa1a0607000 r--p 00017000 08:01 134597                     /lib/x86_64-linux-gnu/libresolv-2.13.so
7fa1a0607000-7fa1a0608000 rw-p 00018000 08:01 134597                     /lib/x86_64-linux-gnu/libresolv-2.13.so
7fa1a0608000-7fa1a060a000 rw-p 00000000 00:00 0 
7fa1a060a000-7fa1a0626000 r-xp 00000000 08:01 139888                     /lib/x86_64-linux-gnu/libselinux.so.1
7fa1a0626000-7fa1a0825000 ---p 0001c000 08:01 139888                     /lib/x86_64-linux-gnu/libselinux.so.1
7fa1a0825000-7fa1a0826000 r--p 0001b000 08:01 139888                     /lib/x86_64-linux-gnu/libselinux.so.1
7fa1a0826000-7fa1a0827000 rw-p 0001c000 08:01 139888                     /lib/x86_64-linux-gnu/libselinux.so.1
7fa1a0827000-7fa1a0828000 rw-p 00000000 00:00 0 
7fa1a0828000-7fa1a082a000 r-xp 00000000 08:01 406537                     /usr/lib/x86_64-linux-gnu/libXdamage.so.1.1.0
7fa1a082a000-7fa1a0a29000 ---p 00002000 08:01 406537                     /usr/lib/x86_64-linux-gnu/libXdamage.so.1.1.0
7fa1a0a29000-7fa1a0a2a000 r--p 00001000 08:01 406537                     /usr/lib/x86_64-linux-gnu/libXdamage.so.1.1.0
7fa1a0a2a000-7fa1a0a2b000 rw-p 00002000 08:01 406537                     /usr/lib/x86_64-linux-gnu/libXdamage.so.1.1.0
7fa1a0a2b000-7fa1a0a2d000 r-xp 00000000 08:01 406533                     /usr/lib/x86_64-linux-gnu/libXcomposite.so.1.0.0
7fa1a0a2d000-7fa1a0c2c000 ---p 00002000 08:01 406533                     /usr/lib/x86_64-linux-gnu/libXcomposite.so.1.0.0
7fa1a0c2c000-7fa1a0c2d000 r--p 00001000 08:01 406533                     /usr/lib/x86_64-linux-gnu/libXcomposite.so.1.0.0
7fa1a0c2d000-7fa1a0c2e000 rw-p 00002000 08:01 406533                     /usr/lib/x86_64-linux-gnu/libXcomposite.so.1.0.0
7fa1a0c2e000-7fa1a0c37000 r-xp 00000000 08:01 406535                     /usr/lib/x86_64-linux-gnu/libXcursor.so.1.0.2
7fa1a0c37000-7fa1a0e36000 ---p 00009000 08:01 406535                     /usr/lib/x86_64-linux-gnu/libXcursor.so.1.0.2
7fa1a0e36000-7fa1a0e37000 r--p 00008000 08:01 406535                     /usr/lib/x86_64-linux-gnu/libXcursor.so.1.0.2
7fa1a0e37000-7fa1a0e38000 rw-p 00009000 08:01 406535                     /usr/lib/x86_64-linux-gnu/libXcursor.so.1.0.2
7fa1a0e38000-7fa1a0e40000 r-xp 00000000 08:01 406551                     /usr/lib/x86_64-linux-gnu/libXrandr.so.2.2.0
7fa1a0e40000-7fa1a103f000 ---p 00008000 08:01 406551                     /usr/lib/x86_64-linux-gnu/libXrandr.so.2.2.0
7fa1a103f000-7fa1a1040000 r--p 00007000 08:01 406551                     /usr/lib/x86_64-linux-gnu/libXrandr.so.2.2.0
7fa1a1040000-7fa1a1041000 rw-p 00008000 08:01 406551                     /usr/lib/x86_64-linux-gnu/libXrandr.so.2.2.0
7fa1a1041000-7fa1a1043000 r-xp 00000000 08:01 406549                     /usr/lib/x86_64-linux-gnu/libXinerama.so.1.0.0
7fa1a1043000-7fa1a1242000 ---p 00002000 08:01 406549                     /usr/lib/x86_64-linux-gnu/libXinerama.so.1.0.0
7fa1a1242000-7fa1a1243000 r--p 00001000 08:01 406549                     /usr/lib/x86_64-linux-gnu/libXinerama.so.1.0.0
7fa1a1243000-7fa1a1244000 rw-p 00002000 08:01 406549                     /usr/lib/x86_64-linux-gnu/libXinerama.so.1.0.0
7fa1a1244000-7fa1a1247000 r-xp 00000000 08:01 395217                     /usr/lib/x86_64-linux-gnu/libgmodule-2.0.so.0.3000.0
7fa1a1247000-7fa1a1446000 ---p 00003000 08:01 395217                     /usr/lib/x86_64-linux-gnu/libgmodule-2.0.so.0.3000.0
7fa1a1446000-7fa1a1447000 r--p 00002000 08:01 395217                     /usr/lib/x86_64-linux-gnu/libgmodule-2.0.so.0.3000.0
7fa1a1447000-7fa1a1448000 rw-p 00003000 08:01 395217                     /usr/lib/x86_64-linux-gnu/libgmodule-2.0.so.0.3000.0
7fa1a1448000-7fa1a1472000 r-xp 00000000 08:01 397305                     /usr/lib/x86_64-linux-gnu/libpangoft2-1.0.so.0.2903.0
7fa1a1472000-7fa1a1671000 ---p 0002a000 08:01 397305                     /usr/lib/x86_64-linux-gnu/libpangoft2-1.0.so.0.2903.0
7fa1a1671000-7fa1a1672000 r--p 00029000 08:01 397305                     /usr/lib/x86_64-linux-gnu/libpangoft2-1.0.so.0.2903.0
7fa1a1672000-7fa1a1673000 rw-p 0002a000 08:01 397305                     /usr/lib/x86_64-linux-gnu/libpangoft2-1.0.so.0.2903.0
7fa1a1673000-7fa1a172c000 r-xp 00000000 08:01 406593                     /usr/lib/x86_64-linux-gnu/libcairo.so.2.11000.2
7fa1a172c000-7fa1a192b000 ---p 000b9000 08:01 406593                     /usr/lib/x86_64-linux-gnu/libcairo.so.2.11000.2
7fa1a192b000-7fa1a192d000 r--p 000b8000 08:01 406593                     /usr/lib/x86_64-linux-gnu/libcairo.so.2.11000.2
7fa1a192d000-7fa1a192e000 rw-p 000ba000 08:01 406593                     /usr/lib/x86_64-linux-gnu/libcairo.so.2.11000.2
7fa1a192e000-7fa1a1931000 rw-p 00000000 00:00 0 
7fa1a1931000-7fa1a1950000 r-xp 00000000 08:01 394856                     /usr/lib/x86_64-linux-gnu/libatk-1.0.so.0.20209.1
7fa1a1950000-7fa1a1b50000 ---p 0001f000 08:01 394856                     /usr/lib/x86_64-linux-gnu/libatk-1.0.so.0.20209.1
7fa1a1b50000-7fa1a1b52000 r--p 0001f000 08:01 394856                     /usr/lib/x86_64-linux-gnu/libatk-1.0.so.0.20209.1
7fa1a1b52000-7fa1a1b53000 rw-p 00021000 08:01 394856                     /usr/lib/x86_64-linux-gnu/libatk-1.0.so.0.20209.1
7fa1a1b53000-7fa1a1b58000 r-xp 00000000 08:01 406543                     /usr/lib/x86_64-linux-gnu/libXfixes.so.3.1.0
7fa1a1b58000-7fa1a1d57000 ---p 00005000 08:01 406543                     /usr/lib/x86_64-linux-gnu/libXfixes.so.3.1.0
7fa1a1d57000-7fa1a1d58000 r--p 00004000 08:01 406543                     /usr/lib/x86_64-linux-gnu/libXfixes.so.3.1.0
7fa1a1d58000-7fa1a1d59000 rw-p 00005000 08:01 406543                     /usr/lib/x86_64-linux-gnu/libXfixes.so.3.1.0
7fa1a1d59000-7fa1a1d64000 r-xp 00000000 08:01 397309                     /usr/lib/x86_64-linux-gnu/libpangocairo-1.0.so.0.2903.0
7fa1a1d64000-7fa1a1f64000 ---p 0000b000 08:01 397309                     /usr/lib/x86_64-linux-gnu/libpangocairo-1.0.so.0.2903.0
7fa1a1f64000-7fa1a1f65000 r--p 0000b000 08:01 397309                     /usr/lib/x86_64-linux-gnu/libpangocairo-1.0.so.0.2903.0
7fa1a1f65000-7fa1a1f66000 rw-p 0000c000 08:01 397309                     /usr/lib/x86_64-linux-gnu/libpangocairo-1.0.so.0.2903.0
7fa1a1f66000-7fa1a1f81000 r-xp 00000000 08:01 406817                     /usr/lib/x86_64-linux-gnu/libxcb.so.1.1.0
7fa1a1f81000-7fa1a2180000 ---p 0001b000 08:01 406817                     /usr/lib/x86_64-linux-gnu/libxcb.so.1.1.0
7fa1a2180000-7fa1a2181000 r--p 0001a000 08:01 406817                     /usr/lib/x86_64-linux-gnu/libxcb.so.1.1.0
7fa1a2181000-7fa1a2182000 rw-p 0001b000 08:01 406817                     /usr/lib/x86_64-linux-gnu/libxcb.so.1.1.0
7fa1a2182000-7fa1a21d0000 r-xp 00000000 08:01 400264                     /usr/lib/x86_64-linux-gnu/libcups.so.2
7fa1a21d0000-7fa1a23d0000 ---p 0004e000 08:01 400264                     /usr/lib/x86_64-linux-gnu/libcups.so.2
7fa1a23d0000-7fa1a23d4000 r--p 0004e000 08:01 400264                     /usr/lib/x86_64-linux-gnu/libcups.so.2
7fa1a23d4000-7fa1a23d5000 rw-p 00052000 08:01 400264                     /usr/lib/x86_64-linux-gnu/libcups.so.2
7fa1a23d5000-7fa1a24c9000 r-xp 00000000 08:01 134283                     /lib/x86_64-linux-gnu/libglib-2.0.so.0.3000.0
7fa1a24c9000-7fa1a26c8000 ---p 000f4000 08:01 134283                     /lib/x86_64-linux-gnu/libglib-2.0.so.0.3000.0
7fa1a26c8000-7fa1a26c9000 r--p 000f3000 08:01 134283                     /lib/x86_64-linux-gnu/libglib-2.0.so.0.3000.0
7fa1a26c9000-7fa1a26ca000 rw-p 000f4000 08:01 134283                     /lib/x86_64-linux-gnu/libglib-2.0.so.0.3000.0
7fa1a26ca000-7fa1a26cb000 rw-p 00000000 00:00 0 
7fa1a26cb000-7fa1a26cf000 r-xp 00000000 08:01 394708                     /usr/lib/x86_64-linux-gnu/libgthread-2.0.so.0.3000.0
7fa1a26cf000-7fa1a28ce000 ---p 00004000 08:01 394708                     /usr/lib/x86_64-linux-gnu/libgthread-2.0.so.0.3000.0
7fa1a28ce000-7fa1a28cf000 r--p 00003000 08:01 394708                     /usr/lib/x86_64-linux-gnu/libgthread-2.0.so.0.3000.0
7fa1a28cf000-7fa1a28d0000 rw-p 00004000 08:01 394708                     /usr/lib/x86_64-linux-gnu/libgthread-2.0.so.0.3000.0
7fa1a28d0000-7fa1a291e000 r-xp 00000000 08:01 394707                     /usr/lib/x86_64-linux-gnu/libgobject-2.0.so.0.3000.0
7fa1a291e000-7fa1a2b1e000 ---p 0004e000 08:01 394707                     /usr/lib/x86_64-linux-gnu/libgobject-2.0.so.0.3000.0
7fa1a2b1e000-7fa1a2b1f000 r--p 0004e000 08:01 394707                     /usr/lib/x86_64-linux-gnu/libgobject-2.0.so.0.3000.0
7fa1a2b1f000-7fa1a2b20000 rw-p 0004f000 08:01 394707                     /usr/lib/x86_64-linux-gnu/libgobject-2.0.so.0.3000.0
7fa1a2b20000-7fa1a2b21000 rw-p 00000000 00:00 0 
7fa1a2b21000-7fa1a2b55000 r-xp 00000000 08:01 406630                     /usr/lib/x86_64-linux-gnu/libfontconfig.so.1.4.4
7fa1a2b55000-7fa1a2d55000 ---p 00034000 08:01 406630                     /usr/lib/x86_64-linux-gnu/libfontconfig.so.1.4.4
7fa1a2d55000-7fa1a2d56000 r--p 00034000 08:01 406630                     /usr/lib/x86_64-linux-gnu/libfontconfig.so.1.4.4
7fa1a2d56000-7fa1a2d57000 rw-p 00035000 08:01 406630                     /usr/lib/x86_64-linux-gnu/libfontconfig.so.1.4.4
7fa1a2d57000-7fa1a2d9e000 r-xp 00000000 08:01 397304                     /usr/lib/x86_64-linux-gnu/libpango-1.0.so.0.2903.0
7fa1a2d9e000-7fa1a2f9e000 ---p 00047000 08:01 397304                     /usr/lib/x86_64-linux-gnu/libpango-1.0.so.0.2903.0
7fa1a2f9e000-7fa1a2fa0000 r--p 00047000 08:01 397304                     /usr/lib/x86_64-linux-gnu/libpango-1.0.so.0.2903.0
7fa1a2fa0000-7fa1a2fa1000 rw-p 00049000 08:01 397304                     /usr/lib/x86_64-linux-gnu/libpango-1.0.so.0.2903.0
7fa1a2fa1000-7fa1a2fbf000 r-xp 00000000 08:01 394128                     /usr/lib/x86_64-linux-gnu/libgdk_pixbuf-2.0.so.0.2400.0
7fa1a2fbf000-7fa1a31be000 ---p 0001e000 08:01 394128                     /usr/lib/x86_64-linux-gnu/libgdk_pixbuf-2.0.so.0.2400.0
7fa1a31be000-7fa1a31bf000 r--p 0001d000 08:01 394128                     /usr/lib/x86_64-linux-gnu/libgdk_pixbuf-2.0.so.0.2400.0
7fa1a31bf000-7fa1a31c0000 rw-p 0001e000 08:01 394128                     /usr/lib/x86_64-linux-gnu/libgdk_pixbuf-2.0.so.0.2400.0
7fa1a31c0000-7fa1a32fb000 r-xp 00000000 08:01 394685                     /usr/lib/x86_64-linux-gnu/libgio-2.0.so.0.3000.0
7fa1a32fb000-7fa1a34fa000 ---p 0013b000 08:01 394685                     /usr/lib/x86_64-linux-gnu/libgio-2.0.so.0.3000.0
7fa1a34fa000-7fa1a34fe000 r--p 0013a000 08:01 394685                     /usr/lib/x86_64-linux-gnu/libgio-2.0.so.0.3000.0
7fa1a34fe000-7fa1a3500000 rw-p 0013e000 08:01 394685                     /usr/lib/x86_64-linux-gnu/libgio-2.0.so.0.3000.0
7fa1a3500000-7fa1a3502000 rw-p 00000000 00:00 0 
7fa1a3502000-7fa1a35af000 r-xp 00000000 08:01 397253                     /usr/lib/x86_64-linux-gnu/libgdk-x11-2.0.so.0.2400.6
7fa1a35af000-7fa1a37ae000 ---p 000ad000 08:01 397253                     /usr/lib/x86_64-linux-gnu/libgdk-x11-2.0.so.0.2400.6
7fa1a37ae000-7fa1a37b2000 r--p 000ac000 08:01 397253                     /usr/lib/x86_64-linux-gnu/libgdk-x11-2.0.so.0.2400.6
7fa1a37b2000-7fa1a37b4000 rw-p 000b0000 08:01 397253                     /usr/lib/x86_64-linux-gnu/libgdk-x11-2.0.so.0.2400.6
7fa1a37b4000-7fa1a3be3000 r-xp 00000000 08:01 397246                     /usr/lib/x86_64-linux-gnu/libgtk-x11-2.0.so.0.2400.6
7fa1a3be3000-7fa1a3de3000 ---p 0042f000 08:01 397246                     /usr/lib/x86_64-linux-gnu/libgtk-x11-2.0.so.0.2400.6
7fa1a3de3000-7fa1a3dea000 r--p 0042f000 08:01 397246                     /usr/lib/x86_64-linux-gnu/libgtk-x11-2.0.so.0.2400.6
7fa1a3dea000-7fa1a3dee000 rw-p 00436000 08:01 397246                     /usr/lib/x86_64-linux-gnu/libgtk-x11-2.0.so.0.2400.6
7fa1a3dee000-7fa1a3df0000 rw-p 00000000 00:00 0 
7fa1a3df0000-7fa1a3dff000 r-xp 00000000 08:01 406547                     /usr/lib/x86_64-linux-gnu/libXi.so.6.1.0
7fa1a3dff000-7fa1a3ffe000 ---p 0000f000 08:01 406547                     /usr/lib/x86_64-linux-gnu/libXi.so.6.1.0
7fa1a3ffe000-7fa1a3fff000 r--p 0000e000 08:01 406547                     /usr/lib/x86_64-linux-gnu/libXi.so.6.1.0
7fa1a3fff000-7fa1a4000000 rw-p 0000f000 08:01 406547                     /usr/lib/x86_64-linux-gnu/libXi.so.6.1.0
7fa1a4000000-7fa1a4323000 rw-p 00000000 00:00 0 
7fa1a4323000-7fa1a8000000 ---p 00000000 00:00 0 
7fa1a802f000-7fa1a8060000 rw-p 00000000 00:00 0 
7fa1a8060000-7fa1a8063000 ---p 00000000 00:00 0 
7fa1a8063000-7fa1a807a000 rw-p 00000000 00:00 0 
7fa1a807a000-7fa1a807f000 r-xp 00000000 08:01 398564                     /usr/lib/libXtst.so.6.1.0
7fa1a807f000-7fa1a827e000 ---p 00005000 08:01 398564                     /usr/lib/libXtst.so.6.1.0
7fa1a827e000-7fa1a827f000 r--p 00004000 08:01 398564                     /usr/lib/libXtst.so.6.1.0
7fa1a827f000-7fa1a8280000 rw-p 00005000 08:01 398564                     /usr/lib/libXtst.so.6.1.0
7fa1a8280000-7fa1a8289000 r-xp 00000000 08:01 406553                     /usr/lib/x86_64-linux-gnu/libXrender.so.1.3.0
7fa1a8289000-7fa1a8489000 ---p 00009000 08:01 406553                     /usr/lib/x86_64-linux-gnu/libXrender.so.1.3.0
7fa1a8489000-7fa1a848a000 r--p 00009000 08:01 406553                     /usr/lib/x86_64-linux-gnu/libXrender.so.1.3.0
7fa1a848a000-7fa1a848b000 rw-p 0000a000 08:01 406553                     /usr/lib/x86_64-linux-gnu/libXrender.so.1.3.0
7fa1a848b000-7fa1a85be000 r-xp 00000000 08:01 406471                     /usr/lib/x86_64-linux-gnu/libX11.so.6.3.0
7fa1a85be000-7fa1a87be000 ---p 00133000 08:01 406471                     /usr/lib/x86_64-linux-gnu/libX11.so.6.3.0
7fa1a87be000-7fa1a87bf000 r--p 00133000 08:01 406471                     /usr/lib/x86_64-linux-gnu/libX11.so.6.3.0
7fa1a87bf000-7fa1a87c3000 rw-p 00134000 08:01 406471                     /usr/lib/x86_64-linux-gnu/libX11.so.6.3.0
7fa1a87c3000-7fa1a87d5000 r-xp 00000000 08:01 406541                     /usr/lib/x86_64-linux-gnu/libXext.so.6.4.0
7fa1a87d5000-7fa1a89d4000 ---p 00012000 08:01 406541                     /usr/lib/x86_64-linux-gnu/libXext.so.6.4.0
7fa1a89d4000-7fa1a89d5000 r--p 00011000 08:01 406541                     /usr/lib/x86_64-linux-gnu/libXext.so.6.4.0
7fa1a89d5000-7fa1a89d6000 rw-p 00012000 08:01 406541                     /usr/lib/x86_64-linux-gnu/libXext.so.6.4.0
7fa1a89d6000-7fa1a89f9000 r--p 00000000 08:01 675061                     /usr/share/locale-langpack/fr/LC_MESSAGES/libc.mo
7fa1a89f9000-7fa1a8a4b000 r-xp 00000000 08:01 401973                     /usr/lib/jvm/java-7-openjdk-amd64/jre/lib/amd64/xawt/libmawt.so
7fa1a8a4b000-7fa1a8c4b000 ---p 00052000 08:01 401973                     /usr/lib/jvm/java-7-openjdk-amd64/jre/lib/amd64/xawt/libmawt.so
7fa1a8c4b000-7fa1a8c4c000 r--p 00052000 08:01 401973                     /usr/lib/jvm/java-7-openjdk-amd64/jre/lib/amd64/xawt/libmawt.so
7fa1a8c4c000-7fa1a8c4f000 rw-p 00053000 08:01 401973                     /usr/lib/jvm/java-7-openjdk-amd64/jre/lib/amd64/xawt/libmawt.so
7fa1a8c4f000-7fa1a8c50000 rw-p 00000000 00:00 0 
7fa1a8c50000-7fa1a8cf2000 r-xp 00000000 08:01 398111                     /usr/lib/jvm/java-7-openjdk-amd64/jre/lib/amd64/libawt.so
7fa1a8cf2000-7fa1a8ef1000 ---p 000a2000 08:01 398111                     /usr/lib/jvm/java-7-openjdk-amd64/jre/lib/amd64/libawt.so
7fa1a8ef1000-7fa1a8ef2000 r--p 000a1000 08:01 398111                     /usr/lib/jvm/java-7-openjdk-amd64/jre/lib/amd64/libawt.so
7fa1a8ef2000-7fa1a8efd000 rw-p 000a2000 08:01 398111                     /usr/lib/jvm/java-7-openjdk-amd64/jre/lib/amd64/libawt.so
7fa1a8efd000-7fa1a8f22000 rw-p 00000000 00:00 0 
7fa1a8f22000-7fa1a8f23000 ---p 00000000 00:00 0 
7fa1a8f23000-7fa1a9023000 rw-p 00000000 00:00 0 
7fa1a9023000-7fa1a9026000 ---p 00000000 00:00 0 
7fa1a9026000-7fa1a9124000 rw-p 00000000 00:00 0 
7fa1a9124000-7fa1a9127000 ---p 00000000 00:00 0 
7fa1a9127000-7fa1a9225000 rw-p 00000000 00:00 0 
7fa1a9225000-7fa1a9228000 ---p 00000000 00:00 0 
7fa1a9228000-7fa1a9326000 rw-p 00000000 00:00 0 
7fa1a9326000-7fa1a9329000 ---p 00000000 00:00 0 
7fa1a9329000-7fa1a9427000 rw-p 00000000 00:00 0 
7fa1a9427000-7fa1a9b14000 r--p 00000000 08:01 403488                     /usr/lib/locale/locale-archive
7fa1a9b14000-7fa1a9b17000 ---p 00000000 00:00 0 
7fa1a9b17000-7fa1a9c15000 rw-p 00000000 00:00 0 
7fa1a9c15000-7fa1a9c18000 ---p 00000000 00:00 0 
7fa1a9c18000-7fa1a9d16000 rw-p 00000000 00:00 0 
7fa1a9d16000-7fa1a9d17000 ---p 00000000 00:00 0 
7fa1a9d17000-7fa1aa186000 rw-p 00000000 00:00 0 
7fa1aa186000-7fa1aa334000 r--s 03e76000 08:01 396788                     /usr/lib/jvm/java-7-openjdk-amd64/jre/lib/rt.jar
7fa1aa334000-7fa1aa35c000 rw-p 00000000 00:00 0 
7fa1aa35c000-7fa1aa35d000 ---p 00000000 00:00 0 
7fa1aa35d000-7fa1aa45d000 rw-p 00000000 00:00 0 
7fa1aa45d000-7fa1aa45e000 ---p 00000000 00:00 0 
7fa1aa45e000-7fa1aa569000 rw-p 00000000 00:00 0 
7fa1aa569000-7fa1aa5b1000 rw-p 00000000 00:00 0 
7fa1aa5b1000-7fa1aa5c6000 rw-p 00000000 00:00 0 
7fa1aa5c6000-7fa1aa6fc000 rw-p 00000000 00:00 0 
7fa1aa6fc000-7fa1aa707000 rw-p 00000000 00:00 0 
7fa1aa707000-7fa1aa74f000 rw-p 00000000 00:00 0 
7fa1aa74f000-7fa1aa764000 rw-p 00000000 00:00 0 
7fa1aa764000-7fa1aa899000 rw-p 00000000 00:00 0 
7fa1aa899000-7fa1aa8a4000 rw-p 00000000 00:00 0 
7fa1aa8a4000-7fa1aa93f000 rw-p 00000000 00:00 0 
7fa1aa93f000-7fa1aa940000 rw-p 00000000 00:00 0 
7fa1aa940000-7fa1aabb0000 rwxp 00000000 00:00 0 
7fa1aabb0000-7fa1ad940000 rw-p 00000000 00:00 0 
7fa1ad940000-7fa1ad948000 r-xp 00000000 08:01 399895                     /usr/lib/jvm/java-7-openjdk-amd64/jre/lib/amd64/libzip.so
7fa1ad948000-7fa1adb47000 ---p 00008000 08:01 399895                     /usr/lib/jvm/java-7-openjdk-amd64/jre/lib/amd64/libzip.so
7fa1adb47000-7fa1adb48000 r--p 00007000 08:01 399895                     /usr/lib/jvm/java-7-openjdk-amd64/jre/lib/amd64/libzip.so
7fa1adb48000-7fa1adb49000 rw-p 00008000 08:01 399895                     /usr/lib/jvm/java-7-openjdk-amd64/jre/lib/amd64/libzip.so
7fa1adb49000-7fa1adb55000 r-xp 00000000 08:01 134596                     /lib/x86_64-linux-gnu/libnss_files-2.13.so
7fa1adb55000-7fa1add54000 ---p 0000c000 08:01 134596                     /lib/x86_64-linux-gnu/libnss_files-2.13.so
7fa1add54000-7fa1add55000 r--p 0000b000 08:01 134596                     /lib/x86_64-linux-gnu/libnss_files-2.13.so
7fa1add55000-7fa1add56000 rw-p 0000c000 08:01 134596                     /lib/x86_64-linux-gnu/libnss_files-2.13.so
7fa1add56000-7fa1add60000 r-xp 00000000 08:01 134607                     /lib/x86_64-linux-gnu/libnss_nis-2.13.so
7fa1add60000-7fa1adf60000 ---p 0000a000 08:01 134607                     /lib/x86_64-linux-gnu/libnss_nis-2.13.so
7fa1adf60000-7fa1adf61000 r--p 0000a000 08:01 134607                     /lib/x86_64-linux-gnu/libnss_nis-2.13.so
7fa1adf61000-7fa1adf62000 rw-p 0000b000 08:01 134607                     /lib/x86_64-linux-gnu/libnss_nis-2.13.so
7fa1adf62000-7fa1adf79000 r-xp 00000000 08:01 134591                     /lib/x86_64-linux-gnu/libnsl-2.13.so
7fa1adf79000-7fa1ae178000 ---p 00017000 08:01 134591                     /lib/x86_64-linux-gnu/libnsl-2.13.so
7fa1ae178000-7fa1ae179000 r--p 00016000 08:01 134591                     /lib/x86_64-linux-gnu/libnsl-2.13.so
7fa1ae179000-7fa1ae17a000 rw-p 00017000 08:01 134591                     /lib/x86_64-linux-gnu/libnsl-2.13.so
7fa1ae17a000-7fa1ae17c000 rw-p 00000000 00:00 0 
7fa1ae17c000-7fa1ae184000 r-xp 00000000 08:01 134588                     /lib/x86_64-linux-gnu/libnss_compat-2.13.so
7fa1ae184000-7fa1ae383000 ---p 00008000 08:01 134588                     /lib/x86_64-linux-gnu/libnss_compat-2.13.so
7fa1ae383000-7fa1ae384000 r--p 00007000 08:01 134588                     /lib/x86_64-linux-gnu/libnss_compat-2.13.so
7fa1ae384000-7fa1ae385000 rw-p 00008000 08:01 134588                     /lib/x86_64-linux-gnu/libnss_compat-2.13.so
7fa1ae385000-7fa1ae3ae000 r-xp 00000000 08:01 398578                     /usr/lib/jvm/java-7-openjdk-amd64/jre/lib/amd64/libjava.so
7fa1ae3ae000-7fa1ae5ad000 ---p 00029000 08:01 398578                     /usr/lib/jvm/java-7-openjdk-amd64/jre/lib/amd64/libjava.so
7fa1ae5ad000-7fa1ae5ae000 r--p 00028000 08:01 398578                     /usr/lib/jvm/java-7-openjdk-amd64/jre/lib/amd64/libjava.so
7fa1ae5ae000-7fa1ae5b0000 rw-p 00029000 08:01 398578                     /usr/lib/jvm/java-7-openjdk-amd64/jre/lib/amd64/libjava.so
7fa1ae5b0000-7fa1ae5be000 r-xp 00000000 08:01 399894                     /usr/lib/jvm/java-7-openjdk-amd64/jre/lib/amd64/libverify.so
7fa1ae5be000-7fa1ae7bd000 ---p 0000e000 08:01 399894                     /usr/lib/jvm/java-7-openjdk-amd64/jre/lib/amd64/libverify.so
7fa1ae7bd000-7fa1ae7bf000 r--p 0000d000 08:01 399894                     /usr/lib/jvm/java-7-openjdk-amd64/jre/lib/amd64/libverify.so
7fa1ae7bf000-7fa1ae7c0000 rw-p 0000f000 08:01 399894                     /usr/lib/jvm/java-7-openjdk-amd64/jre/lib/amd64/libverify.so
7fa1ae7c0000-7fa1ae7c7000 r-xp 00000000 08:01 134577                     /lib/x86_64-linux-gnu/librt-2.13.so
7fa1ae7c7000-7fa1ae9c6000 ---p 00007000 08:01 134577                     /lib/x86_64-linux-gnu/librt-2.13.so
7fa1ae9c6000-7fa1ae9c7000 r--p 00006000 08:01 134577                     /lib/x86_64-linux-gnu/librt-2.13.so
7fa1ae9c7000-7fa1ae9c8000 rw-p 00007000 08:01 134577                     /lib/x86_64-linux-gnu/librt-2.13.so
7fa1ae9c8000-7fa1ae9dd000 r-xp 00000000 08:01 131748                     /lib/x86_64-linux-gnu/libgcc_s.so.1
7fa1ae9dd000-7fa1aebdc000 ---p 00015000 08:01 131748                     /lib/x86_64-linux-gnu/libgcc_s.so.1
7fa1aebdc000-7fa1aebdd000 r--p 00014000 08:01 131748                     /lib/x86_64-linux-gnu/libgcc_s.so.1
7fa1aebdd000-7fa1aebde000 rw-p 00015000 08:01 131748                     /lib/x86_64-linux-gnu/libgcc_s.so.1
7fa1aebde000-7fa1aec61000 r-xp 00000000 08:01 134673                     /lib/x86_64-linux-gnu/libm-2.13.so
7fa1aec61000-7fa1aee60000 ---p 00083000 08:01 134673                     /lib/x86_64-linux-gnu/libm-2.13.so
7fa1aee60000-7fa1aee61000 r--p 00082000 08:01 134673                     /lib/x86_64-linux-gnu/libm-2.13.so
7fa1aee61000-7fa1aee62000 rw-p 00083000 08:01 134673                     /lib/x86_64-linux-gnu/libm-2.13.so
7fa1aee62000-7fa1aef4a000 r-xp 00000000 08:01 398097                     /usr/lib/x86_64-linux-gnu/libstdc++.so.6.0.16
7fa1aef4a000-7fa1af14a000 ---p 000e8000 08:01 398097                     /usr/lib/x86_64-linux-gnu/libstdc++.so.6.0.16
7fa1af14a000-7fa1af152000 r--p 000e8000 08:01 398097                     /usr/lib/x86_64-linux-gnu/libstdc++.so.6.0.16
7fa1af152000-7fa1af154000 rw-p 000f0000 08:01 398097                     /usr/lib/x86_64-linux-gnu/libstdc++.so.6.0.16
7fa1af154000-7fa1af169000 rw-p 00000000 00:00 0 
7fa1af169000-7fa1afaf0000 r-xp 00000000 08:01 399897                     /usr/lib/jvm/java-7-openjdk-amd64/jre/lib/amd64/server/libjvm.so
7fa1afaf0000-7fa1afcef000 ---p 00987000 08:01 399897                     /usr/lib/jvm/java-7-openjdk-amd64/jre/lib/amd64/server/libjvm.so
7fa1afcef000-7fa1afd6d000 r--p 00986000 08:01 399897                     /usr/lib/jvm/java-7-openjdk-amd64/jre/lib/amd64/server/libjvm.so
7fa1afd6d000-7fa1afd88000 rw-p 00a04000 08:01 399897                     /usr/lib/jvm/java-7-openjdk-amd64/jre/lib/amd64/server/libjvm.so
7fa1afd88000-7fa1afdb3000 rw-p 00000000 00:00 0 
7fa1afdb3000-7fa1afdcb000 r-xp 00000000 08:01 134606                     /lib/x86_64-linux-gnu/libpthread-2.13.so
7fa1afdcb000-7fa1affca000 ---p 00018000 08:01 134606                     /lib/x86_64-linux-gnu/libpthread-2.13.so
7fa1affca000-7fa1affcb000 r--p 00017000 08:01 134606                     /lib/x86_64-linux-gnu/libpthread-2.13.so
7fa1affcb000-7fa1affcc000 rw-p 00018000 08:01 134606                     /lib/x86_64-linux-gnu/libpthread-2.13.so
7fa1affcc000-7fa1affd0000 rw-p 00000000 00:00 0 
7fa1affd0000-7fa1affe7000 r-xp 00000000 08:01 139905                     /lib/x86_64-linux-gnu/libz.so.1.2.3.4
7fa1affe7000-7fa1b01e6000 ---p 00017000 08:01 139905                     /lib/x86_64-linux-gnu/libz.so.1.2.3.4
7fa1b01e6000-7fa1b01e7000 r--p 00016000 08:01 139905                     /lib/x86_64-linux-gnu/libz.so.1.2.3.4
7fa1b01e7000-7fa1b01e8000 rw-p 00017000 08:01 139905                     /lib/x86_64-linux-gnu/libz.so.1.2.3.4
7fa1b01e8000-7fa1b01ea000 r-xp 00000000 08:01 134594                     /lib/x86_64-linux-gnu/libdl-2.13.so
7fa1b01ea000-7fa1b03ea000 ---p 00002000 08:01 134594                     /lib/x86_64-linux-gnu/libdl-2.13.so
7fa1b03ea000-7fa1b03eb000 r--p 00002000 08:01 134594                     /lib/x86_64-linux-gnu/libdl-2.13.so
7fa1b03eb000-7fa1b03ec000 rw-p 00003000 08:01 134594                     /lib/x86_64-linux-gnu/libdl-2.13.so
7fa1b03ec000-7fa1b0581000 r-xp 00000000 08:01 134593                     /lib/x86_64-linux-gnu/libc-2.13.so
7fa1b0581000-7fa1b0780000 ---p 00195000 08:01 134593                     /lib/x86_64-linux-gnu/libc-2.13.so
7fa1b0780000-7fa1b0784000 r--p 00194000 08:01 134593                     /lib/x86_64-linux-gnu/libc-2.13.so
7fa1b0784000-7fa1b0785000 rw-p 00198000 08:01 134593                     /lib/x86_64-linux-gnu/libc-2.13.so
7fa1b0785000-7fa1b078b000 rw-p 00000000 00:00 0 
7fa1b078b000-7fa1b0797000 r-xp 00000000 08:01 397479                     /usr/lib/jvm/java-7-openjdk-amd64/jre/lib/amd64/jli/libjli.so
7fa1b0797000-7fa1b0996000 ---p 0000c000 08:01 397479                     /usr/lib/jvm/java-7-openjdk-amd64/jre/lib/amd64/jli/libjli.so
7fa1b0996000-7fa1b0997000 r--p 0000b000 08:01 397479                     /usr/lib/jvm/java-7-openjdk-amd64/jre/lib/amd64/jli/libjli.so
7fa1b0997000-7fa1b0998000 rw-p 0000c000 08:01 397479                     /usr/lib/jvm/java-7-openjdk-amd64/jre/lib/amd64/jli/libjli.so
7fa1b0998000-7fa1b09b9000 r-xp 00000000 08:01 134600                     /lib/x86_64-linux-gnu/ld-2.13.so
7fa1b09b9000-7fa1b09bd000 r--s 0009f000 08:01 396465                     /usr/lib/jvm/java-7-openjdk-common/jre/lib/jsse.jar
7fa1b09bd000-7fa1b09c6000 r--s 00263000 08:01 396683                     /usr/lib/jvm/java-7-openjdk-common/jre/lib/resources.jar
7fa1b09c6000-7fa1b09cd000 r--s 00000000 08:01 663199                     /usr/lib/x86_64-linux-gnu/gconv/gconv-modules.cache
7fa1b09cd000-7fa1b09d7000 rw-p 00000000 00:00 0 
7fa1b09d7000-7fa1b0a8d000 rw-p 00000000 00:00 0 
7fa1b0a8d000-7fa1b0a90000 ---p 00000000 00:00 0 
7fa1b0a90000-7fa1b0b93000 rw-p 00000000 00:00 0 
7fa1b0b94000-7fa1b0b95000 r--p 00000000 00:00 0 
7fa1b0b95000-7fa1b0b98000 r--s 00032000 08:01 395025                     /usr/lib/jvm/java-7-openjdk-common/jre/lib/ext/sunjce_provider.jar
7fa1b0b98000-7fa1b0b9b000 r--s 00085000 08:01 395002                     /usr/lib/jvm/java-7-openjdk-common/jre/lib/ext/localedata.jar
7fa1b0b9b000-7fa1b0b9c000 r--s 00002000 08:01 394906                     /usr/lib/jvm/java-7-openjdk-common/jre/lib/ext/dnsns.jar
7fa1b0b9c000-7fa1b0b9f000 r--s 0003c000 08:01 394890                     /usr/lib/jvm/java-7-openjdk-common/jre/lib/ext/sunpkcs11.jar
7fa1b0b9f000-7fa1b0ba1000 r--s 00012000 08:01 395160                     /usr/lib/jvm/java-7-openjdk-common/jre/lib/ext/zipfs.jar
7fa1b0ba1000-7fa1b0ba4000 r--s 0000f000 08:01 395194                     /usr/lib/jvm/java-7-openjdk-common/jre/lib/ext/pulse-java.jar
7fa1b0ba4000-7fa1b0bac000 r--s 00066000 08:01 676447                     /usr/share/java/gnome-java-bridge.jar
7fa1b0bac000-7fa1b0bb4000 rw-s 00000000 08:01 268492                     /tmp/hsperfdata_guillaume/3302
7fa1b0bb4000-7fa1b0bb5000 rw-p 00000000 00:00 0 
7fa1b0bb5000-7fa1b0bb6000 r--p 00000000 00:00 0 
7fa1b0bb6000-7fa1b0bb8000 rw-p 00000000 00:00 0 
7fa1b0bb8000-7fa1b0bb9000 r--p 00020000 08:01 134600                     /lib/x86_64-linux-gnu/ld-2.13.so
7fa1b0bb9000-7fa1b0bbb000 rw-p 00021000 08:01 134600                     /lib/x86_64-linux-gnu/ld-2.13.so
7fff170e8000-7fff17109000 rw-p 00000000 00:00 0                          [stack]
7fff171ff000-7fff17200000 r-xp 00000000 00:00 0                          [vdso]
ffffffffff600000-ffffffffff601000 r-xp 00000000 00:00 0                  [vsyscall]

VM Arguments:
jvm_args: -Dfile.encoding=UTF-8 
java_command: main.Main
Launcher Type: SUN_STANDARD

Environment Variables:
PATH=/usr/lib/lightdm/lightdm:/usr/local/sbin:/usr/local/bin:/usr/sbin:/usr/bin:/sbin:/bin:/usr/games
USERNAME=guillaume
SHELL=/bin/bash
DISPLAY=:0

Signal Handlers:
SIGSEGV: [libjvm.so+0x7fca30], sa_mask[0]=0x7ffbfeff, sa_flags=0x10000004
SIGBUS: [libjvm.so+0x7fca30], sa_mask[0]=0x7ffbfeff, sa_flags=0x10000004
SIGFPE: [libjvm.so+0x6a1150], sa_mask[0]=0x7ffbfeff, sa_flags=0x10000004
SIGPIPE: [libjvm.so+0x6a1150], sa_mask[0]=0x7ffbfeff, sa_flags=0x10000004
SIGXFSZ: [libjvm.so+0x6a1150], sa_mask[0]=0x7ffbfeff, sa_flags=0x10000004
SIGILL: [libjvm.so+0x6a1150], sa_mask[0]=0x7ffbfeff, sa_flags=0x10000004
SIGUSR1: SIG_DFL, sa_mask[0]=0x00000000, sa_flags=0x00000000
SIGUSR2: [libjvm.so+0x6a1520], sa_mask[0]=0x00000004, sa_flags=0x10000004
SIGHUP: [libjvm.so+0x6a1660], sa_mask[0]=0x7ffbfeff, sa_flags=0x10000004
SIGINT: SIG_IGN, sa_mask[0]=0x00000000, sa_flags=0x00000000
SIGTERM: [libjvm.so+0x6a1660], sa_mask[0]=0x7ffbfeff, sa_flags=0x10000004
SIGQUIT: [libjvm.so+0x6a1660], sa_mask[0]=0x7ffbfeff, sa_flags=0x10000004


---------------  S Y S T E M  ---------------

OS:Ubuntu 11.10 (oneiric)
uname:Linux 3.0.0-12-generic #20-Ubuntu SMP Fri Oct 7 14:56:25 UTC 2011 x86_64
libc:glibc 2.13 NPTL 2.13 
rlimit: STACK 8192k, CORE 0k, NPROC 31562, NOFILE 4096, AS infinity
load average:0,16 0,21 0,29

/proc/meminfo:
MemTotal:        4055792 kB
MemFree:         1590180 kB
Buffers:           96332 kB
Cached:           900096 kB
SwapCached:            0 kB
Active:          1569688 kB
Inactive:         688000 kB
Active(anon):    1262088 kB
Inactive(anon):    14108 kB
Active(file):     307600 kB
Inactive(file):   673892 kB
Unevictable:          32 kB
Mlocked:              32 kB
SwapTotal:             0 kB
SwapFree:              0 kB
Dirty:               292 kB
Writeback:             0 kB
AnonPages:       1261328 kB
Mapped:           220208 kB
Shmem:             14944 kB
Slab:              77016 kB
SReclaimable:      51876 kB
SUnreclaim:        25140 kB
KernelStack:        3312 kB
PageTables:        28872 kB
NFS_Unstable:          0 kB
Bounce:                0 kB
WritebackTmp:          0 kB
CommitLimit:     2027896 kB
Committed_AS:    3287752 kB
VmallocTotal:   34359738367 kB
VmallocUsed:      102100 kB
VmallocChunk:   34359626748 kB
HardwareCorrupted:     0 kB
AnonHugePages:         0 kB
HugePages_Total:       0
HugePages_Free:        0
HugePages_Rsvd:        0
HugePages_Surp:        0
Hugepagesize:       2048 kB
DirectMap4k:      105408 kB
DirectMap2M:     4087808 kB


CPU:total 2 (2 cores per cpu, 1 threads per core) family 6 model 15 stepping 13, cmov, cx8, fxsr, mmx, sse, sse2, sse3, ssse3

Memory: 4k page, physical 4055792k(1590180k free), swap 0k(0k free)

vm_info: OpenJDK 64-Bit Server VM (21.0-b17) for linux-amd64 JRE (1.7.0_147-b147), built on Sep 30 2011 00:36:33 by "buildd" with gcc 4.6.1

time: Thu Nov 10 19:27:48 2011
elapsed time: 0 seconds

