#
# A fatal error has been detected by the Java Runtime Environment:
#
#  SIGSEGV (0xb) at pc=0x00007f4dc02571f8, pid=3272, tid=139972198397696
#
# JRE version: 7.0_147-b147
# Java VM: OpenJDK 64-Bit Server VM (21.0-b17 mixed mode linux-amd64 compressed oops)
# Derivative: IcedTea7 2.0pre
# Distribution: Ubuntu oneiric (development branch), package 7~b147-2.0~pre6-1ubuntu1
# Problematic frame:
# C  [liblcms2.so.2+0x121f8]  cmsSaveProfileToIOhandler+0x38
#
# Failed to write core dump. Core dumps have been disabled. To enable core dumping, try "ulimit -c unlimited" before starting Java again
#
# If you would like to submit a bug report, please include
# instructions on how to reproduce the bug and visit:
#   https://bugs.launchpad.net/ubuntu/+source/openjdk-7/
# The crash happened outside the Java Virtual Machine in native code.
# See problematic frame for where to report the bug.
#

---------------  T H R E A D  ---------------

Current thread (0x0000000000fc6800):  JavaThread "main" [_thread_in_native, id=3274, stack(0x00007f4dd119f000,0x00007f4dd12a0000)]

siginfo:si_signo=SIGSEGV: si_errno=0, si_code=1 (SEGV_MAPERR), si_addr=0x0000000000000000

Registers:
RAX=0x0000000000000000, RBX=0x0000000000000000, RCX=0x00000000000001d4, RDX=0x00007f4dd129da4c
RSP=0x00007f4dd129cb20, RBP=0x0000000000000000, RSI=0x0000000000000000, RDI=0x00007f4dd129cb20
R8 =0x00007f4dbc239ef0, R9 =0x0000000000000000, R10=0x0000000000000000, R11=0x0000000000000000
R12=0x00007f4dd129da4c, R13=0x0000000000000000, R14=0x0000000000000000, R15=0x0000000000fc6800
RIP=0x00007f4dc02571f8, EFLAGS=0x0000000000010246, CSGSFS=0x0000000000000033, ERR=0x0000000000000004
  TRAPNO=0x000000000000000e

Top of Stack: (sp=0x00007f4dd129cb20)
0x00007f4dd129cb20:   00007f4dbc23ef50 00007f4dc0255cef
0x00007f4dd129cb30:   0000000000000c48 00007f4dbc000020
0x00007f4dd129cb40:   000000000000000e 000000000000080c
0x00007f4dd129cb50:   00007f4d00000000 00007f4dbc000020
0x00007f4dd129cb60:   000000000000000e 00007f4dc025c754
0x00007f4dd129cb70:   00007f4dd129cffc 255e2904013dc100
0x00007f4dd129cb80:   00007f4dbc23ef50 00007f4dbc23d6dc
0x00007f4dd129cb90:   000000000000000e 00007f4dc0255ebf
0x00007f4dd129cba0:   4247527320434549 0000000000000000
0x00007f4dd129cbb0:   00007f4dbc23f1f0 2dd3000000000100
0x00007f4dd129cbc0:   0000080c000004c4 00007f4dbc000020
0x00007f4dd129cbd0:   00007f4d00000000 00007f4dbc23f0a0
0x00007f4dd129cbe0:   0000000000000c48 00007f4dbc23d558
0x00007f4dd129cbf0:   0000000000000011 00007f4dd0b7ad7c
0x00007f4dd129cc00:   00007f4dbc23f0a0 00007f4dc0255e2c
0x00007f4dd129cc10:   00007f4dbc23d300 00007f4dc02573ae
0x00007f4dd129cc20:   00007f4dbc23e1b0 0000000000000000
0x00007f4dd129cc30:   0000003100000000 0000000900000006
0x00007f4dd129cc40:   0000006200000001 ffffffffffffffff
0x00007f4dd129cc50:   0000000000000000 0000000000000000
0x00007f4dd129cc60:   00007f4dd0c5a689 6d6e747202100000
0x00007f4dd129cc70:   58595a2052474220 00000000000000b0
0x00007f4dd129cc80:   7352474249454320 0000000000000000
0x00007f4dd129cc90:   0000000000000000 0000000000000000
0x00007f4dd129cca0:   6370727400000011 00007f4dbc000020
0x00007f4dd129ccb0:   00007f4dbc2303c0 000000000000007c
0x00007f4dd129ccc0:   00007f4dd129d1e0 00007f4dd129d4a0
0x00007f4dd129ccd0:   00007f4dd10c485b 00007f4dd0b7a77d
0x00007f4dd129cce0:   6254524300000000 000000000000003f
0x00007f4dd129ccf0:   00007f4dbc2303c0 0000000000000000
0x00007f4dd129cd00:   00007f4dbc239f2d 00007f4dd10b87e1
0x00007f4dd129cd10:   0000000000000000 0000000000000000 

Instructions: (pc=0x00007f4dc02571f8)
0x00007f4dc02571d8:   48 89 de 48 81 ec b8 0e 00 00 64 48 8b 04 25 28
0x00007f4dc02571e8:   00 00 00 48 89 84 24 a8 0e 00 00 31 c0 48 89 e7
0x00007f4dc02571f8:   f3 48 a5 48 89 df e8 1d f6 ff ff 48 89 c7 e8 65
0x00007f4dc0257208:   f0 ff ff 48 85 c0 49 89 c4 48 89 03 74 0e 31 f6 

Register to memory mapping:

RAX=0x0000000000000000 is an unknown value
RBX=0x0000000000000000 is an unknown value
RCX=0x00000000000001d4 is an unknown value
RDX=0x00007f4dd129da4c is pointing into the stack for thread: 0x0000000000fc6800
RSP=0x00007f4dd129cb20 is pointing into the stack for thread: 0x0000000000fc6800
RBP=0x0000000000000000 is an unknown value
RSI=0x0000000000000000 is an unknown value
RDI=0x00007f4dd129cb20 is pointing into the stack for thread: 0x0000000000fc6800
R8 =0x00007f4dbc239ef0 is an unknown value
R9 =0x0000000000000000 is an unknown value
R10=0x0000000000000000 is an unknown value
R11=0x0000000000000000 is an unknown value
R12=0x00007f4dd129da4c is pointing into the stack for thread: 0x0000000000fc6800
R13=0x0000000000000000 is an unknown value
R14=0x0000000000000000 is an unknown value
R15=0x0000000000fc6800 is a thread


Stack: [0x00007f4dd119f000,0x00007f4dd12a0000],  sp=0x00007f4dd129cb20,  free space=1014k
Native frames: (J=compiled Java code, j=interpreted, Vv=VM code, C=native code)
C  [liblcms2.so.2+0x121f8]  cmsSaveProfileToIOhandler+0x38

[error occurred during error reporting (printing native stack), id 0xb]

Java frames: (J=compiled Java code, j=interpreted, Vv=VM code)
j  sun.java2d.cmm.lcms.LCMS.getTagData(JI[B)V+0
j  java.awt.color.ICC_Profile.getData(JI)[B+26
j  java.awt.color.ICC_Profile.getData(I)[B+14
j  java.awt.color.ICC_Profile.getNumComponents()I+18
j  sun.java2d.cmm.lcms.LCMSTransform.<init>(Ljava/awt/color/ICC_Profile;II)V+83
j  sun.java2d.cmm.lcms.LCMS.createTransform(Ljava/awt/color/ICC_Profile;II)Lsun/java2d/cmm/ColorTransform;+7
j  java.awt.color.ICC_ColorSpace.fromRGB([F)[F+37
j  com.sun.imageio.plugins.jpeg.JPEGImageReader.setImageData(IIIII[B)V+158
v  ~StubRoutines::call_stub
j  com.sun.imageio.plugins.jpeg.JPEGImageReader.readImageHeader(JZZ)Z+0
j  com.sun.imageio.plugins.jpeg.JPEGImageReader.readNativeHeader(Z)Z+12
j  com.sun.imageio.plugins.jpeg.JPEGImageReader.checkTablesOnly()V+92
j  com.sun.imageio.plugins.jpeg.JPEGImageReader.gotoImage(I)V+41
j  com.sun.imageio.plugins.jpeg.JPEGImageReader.readHeader(IZ)V+2
j  com.sun.imageio.plugins.jpeg.JPEGImageReader.readInternal(ILjavax/imageio/ImageReadParam;Z)Ljava/awt/image/Raster;+3
j  com.sun.imageio.plugins.jpeg.JPEGImageReader.read(ILjavax/imageio/ImageReadParam;)Ljava/awt/image/BufferedImage;+8
j  javax.imageio.ImageIO.read(Ljavax/imageio/stream/ImageInputStream;)Ljava/awt/image/BufferedImage;+55
j  javax.imageio.ImageIO.read(Ljava/io/InputStream;)Ljava/awt/image/BufferedImage;+20
j  content.ImageBank.<init>()V+118
j  main.Main.main([Ljava/lang/String;)V+4
v  ~StubRoutines::call_stub

---------------  P R O C E S S  ---------------

Java Threads: ( => current thread )
  0x00007f4dbc1fe800 JavaThread "Thread-0" [_thread_blocked, id=3296, stack(0x00007f4dc0d33000,0x00007f4dc0e34000)]
  0x00007f4dbc1fd000 JavaThread "AWT-EventQueue-0" [_thread_in_native, id=3295, stack(0x00007f4dc0e34000,0x00007f4dc0f35000)]
  0x00007f4dbc15e800 JavaThread "AWT-Shutdown" [_thread_blocked, id=3293, stack(0x00007f4dc15cb000,0x00007f4dc16cc000)]
  0x00007f4dbc0cd800 JavaThread "process reaper" daemon [_thread_blocked, id=3291, stack(0x00007f4dc16cc000,0x00007f4dc16e6000)]
  0x00007f4dbc0a8000 JavaThread "AWT-XAWT" daemon [_thread_blocked, id=3289, stack(0x00007f4dc16e6000,0x00007f4dc17e7000)]
  0x00007f4dbc061800 JavaThread "Java2D Disposer" daemon [_thread_blocked, id=3288, stack(0x00007f4dc17e7000,0x00007f4dc18e8000)]
  0x00000000010c9800 JavaThread "Service Thread" daemon [_thread_blocked, id=3286, stack(0x00007f4dc9735000,0x00007f4dc9836000)]
  0x00000000010c6800 JavaThread "C2 CompilerThread1" daemon [_thread_blocked, id=3285, stack(0x00007f4dc9836000,0x00007f4dc9937000)]
  0x00000000010c3800 JavaThread "C2 CompilerThread0" daemon [_thread_blocked, id=3284, stack(0x00007f4dc9937000,0x00007f4dc9a38000)]
  0x00000000010c1800 JavaThread "Signal Dispatcher" daemon [_thread_blocked, id=3283, stack(0x00007f4dc9a38000,0x00007f4dc9b39000)]
  0x0000000001064000 JavaThread "Finalizer" daemon [_thread_blocked, id=3282, stack(0x00007f4dca226000,0x00007f4dca327000)]
  0x0000000001061800 JavaThread "Reference Handler" daemon [_thread_blocked, id=3281, stack(0x00007f4dca327000,0x00007f4dca428000)]
=>0x0000000000fc6800 JavaThread "main" [_thread_in_native, id=3274, stack(0x00007f4dd119f000,0x00007f4dd12a0000)]

Other Threads:
  0x0000000001059800 VMThread [stack: 0x00007f4dca428000,0x00007f4dca529000] [id=3280]
  0x00000000010d4800 WatcherThread [stack: 0x00007f4dc9634000,0x00007f4dc9735000] [id=3287]

VM state:not at safepoint (normal execution)

VM Mutex/Monitor currently owned by a thread: None

Heap
 PSYoungGen      total 18496K, used 9223K [0x00000000eb560000, 0x00000000eca00000, 0x0000000100000000)
  eden space 15872K, 58% used [0x00000000eb560000,0x00000000ebe61e28,0x00000000ec4e0000)
  from space 2624K, 0% used [0x00000000ec770000,0x00000000ec770000,0x00000000eca00000)
  to   space 2624K, 0% used [0x00000000ec4e0000,0x00000000ec4e0000,0x00000000ec770000)
 PSOldGen        total 42304K, used 0K [0x00000000c2000000, 0x00000000c4950000, 0x00000000eb560000)
  object space 42304K, 0% used [0x00000000c2000000,0x00000000c2000000,0x00000000c4950000)
 PSPermGen       total 21248K, used 11154K [0x00000000b7a00000, 0x00000000b8ec0000, 0x00000000c2000000)
  object space 21248K, 52% used [0x00000000b7a00000,0x00000000b84e4a38,0x00000000b8ec0000)

Code Cache  [0x00007f4dcb052000, 0x00007f4dcb2c2000, 0x00007f4dce052000)
 total_blobs=444 nmethods=14 adapters=383 free_code_cache=48609Kb largest_free_block=49768576

Dynamic libraries:
00400000-00401000 r-xp 00000000 08:01 400896                             /usr/lib/jvm/java-7-openjdk-amd64/jre/bin/java
00600000-00601000 r--p 00000000 08:01 400896                             /usr/lib/jvm/java-7-openjdk-amd64/jre/bin/java
00601000-00602000 rw-p 00001000 08:01 400896                             /usr/lib/jvm/java-7-openjdk-amd64/jre/bin/java
00fbc000-013ff000 rw-p 00000000 00:00 0                                  [heap]
b7a00000-b8ec0000 rw-p 00000000 00:00 0 
b8ec0000-c2000000 rw-p 00000000 00:00 0 
c2000000-c4950000 rw-p 00000000 00:00 0 
c4950000-eb560000 rw-p 00000000 00:00 0 
eb560000-eca00000 rw-p 00000000 00:00 0 
eca00000-100000000 rw-p 00000000 00:00 0 
7f4dbc000000-7f4dbc240000 rw-p 00000000 00:00 0 
7f4dbc240000-7f4dc0000000 ---p 00000000 00:00 0 
7f4dc0245000-7f4dc028b000 r-xp 00000000 08:01 406696                     /usr/lib/x86_64-linux-gnu/liblcms2.so.2.0.2
7f4dc028b000-7f4dc048a000 ---p 00046000 08:01 406696                     /usr/lib/x86_64-linux-gnu/liblcms2.so.2.0.2
7f4dc048a000-7f4dc048b000 r--p 00045000 08:01 406696                     /usr/lib/x86_64-linux-gnu/liblcms2.so.2.0.2
7f4dc048b000-7f4dc048f000 rw-p 00046000 08:01 406696                     /usr/lib/x86_64-linux-gnu/liblcms2.so.2.0.2
7f4dc048f000-7f4dc0490000 rw-p 00000000 00:00 0 
7f4dc0490000-7f4dc0494000 r-xp 00000000 08:01 398964                     /usr/lib/jvm/java-7-openjdk-amd64/jre/lib/amd64/libjavalcms.so
7f4dc0494000-7f4dc0693000 ---p 00004000 08:01 398964                     /usr/lib/jvm/java-7-openjdk-amd64/jre/lib/amd64/libjavalcms.so
7f4dc0693000-7f4dc0694000 r--p 00003000 08:01 398964                     /usr/lib/jvm/java-7-openjdk-amd64/jre/lib/amd64/libjavalcms.so
7f4dc0694000-7f4dc0695000 rw-p 00004000 08:01 398964                     /usr/lib/jvm/java-7-openjdk-amd64/jre/lib/amd64/libjavalcms.so
7f4dc0695000-7f4dc08e1000 rw-s 00000000 00:04 6356997                    /SYSV00000000 (deleted)
7f4dc08e1000-7f4dc0905000 r-xp 00000000 08:01 406680                     /usr/lib/x86_64-linux-gnu/libjpeg.so.62.0.0
7f4dc0905000-7f4dc0b04000 ---p 00024000 08:01 406680                     /usr/lib/x86_64-linux-gnu/libjpeg.so.62.0.0
7f4dc0b04000-7f4dc0b05000 r--p 00023000 08:01 406680                     /usr/lib/x86_64-linux-gnu/libjpeg.so.62.0.0
7f4dc0b05000-7f4dc0b06000 rw-p 00024000 08:01 406680                     /usr/lib/x86_64-linux-gnu/libjpeg.so.62.0.0
7f4dc0b29000-7f4dc0b32000 r-xp 00000000 08:01 398665                     /usr/lib/jvm/java-7-openjdk-amd64/jre/lib/amd64/libjavajpeg.so
7f4dc0b32000-7f4dc0d31000 ---p 00009000 08:01 398665                     /usr/lib/jvm/java-7-openjdk-amd64/jre/lib/amd64/libjavajpeg.so
7f4dc0d31000-7f4dc0d32000 r--p 00008000 08:01 398665                     /usr/lib/jvm/java-7-openjdk-amd64/jre/lib/amd64/libjavajpeg.so
7f4dc0d32000-7f4dc0d33000 rw-p 00009000 08:01 398665                     /usr/lib/jvm/java-7-openjdk-amd64/jre/lib/amd64/libjavajpeg.so
7f4dc0d33000-7f4dc0d36000 ---p 00000000 00:00 0 
7f4dc0d36000-7f4dc0e34000 rw-p 00000000 00:00 0 
7f4dc0e34000-7f4dc0e37000 ---p 00000000 00:00 0 
7f4dc0e37000-7f4dc0f35000 rw-p 00000000 00:00 0 
7f4dc0f35000-7f4dc0f45000 r-xp 00000000 08:01 399340                     /usr/lib/jvm/java-7-openjdk-amd64/jre/lib/amd64/libnio.so
7f4dc0f45000-7f4dc1144000 ---p 00010000 08:01 399340                     /usr/lib/jvm/java-7-openjdk-amd64/jre/lib/amd64/libnio.so
7f4dc1144000-7f4dc1145000 r--p 0000f000 08:01 399340                     /usr/lib/jvm/java-7-openjdk-amd64/jre/lib/amd64/libnio.so
7f4dc1145000-7f4dc1146000 rw-p 00010000 08:01 399340                     /usr/lib/jvm/java-7-openjdk-amd64/jre/lib/amd64/libnio.so
7f4dc1146000-7f4dc1177000 rw-p 00000000 00:00 0 
7f4dc1177000-7f4dc118d000 r-xp 00000000 08:01 399248                     /usr/lib/jvm/java-7-openjdk-amd64/jre/lib/amd64/libnet.so
7f4dc118d000-7f4dc138c000 ---p 00016000 08:01 399248                     /usr/lib/jvm/java-7-openjdk-amd64/jre/lib/amd64/libnet.so
7f4dc138c000-7f4dc138d000 r--p 00015000 08:01 399248                     /usr/lib/jvm/java-7-openjdk-amd64/jre/lib/amd64/libnet.so
7f4dc138d000-7f4dc138e000 rw-p 00016000 08:01 399248                     /usr/lib/jvm/java-7-openjdk-amd64/jre/lib/amd64/libnet.so
7f4dc138e000-7f4dc13c8000 r-xp 00000000 08:01 398142                     /usr/lib/jvm/java-7-openjdk-amd64/jre/lib/amd64/libfontmanager.so
7f4dc13c8000-7f4dc15c8000 ---p 0003a000 08:01 398142                     /usr/lib/jvm/java-7-openjdk-amd64/jre/lib/amd64/libfontmanager.so
7f4dc15c8000-7f4dc15ca000 r--p 0003a000 08:01 398142                     /usr/lib/jvm/java-7-openjdk-amd64/jre/lib/amd64/libfontmanager.so
7f4dc15ca000-7f4dc15cb000 rw-p 0003c000 08:01 398142                     /usr/lib/jvm/java-7-openjdk-amd64/jre/lib/amd64/libfontmanager.so
7f4dc15cb000-7f4dc15ce000 ---p 00000000 00:00 0 
7f4dc15ce000-7f4dc16cc000 rw-p 00000000 00:00 0 
7f4dc16cc000-7f4dc16cf000 ---p 00000000 00:00 0 
7f4dc16cf000-7f4dc16e6000 rw-p 00000000 00:00 0 
7f4dc16e6000-7f4dc16e9000 ---p 00000000 00:00 0 
7f4dc16e9000-7f4dc17e7000 rw-p 00000000 00:00 0 
7f4dc17e7000-7f4dc17ea000 ---p 00000000 00:00 0 
7f4dc17ea000-7f4dc18e8000 rw-p 00000000 00:00 0 
7f4dc18e8000-7f4dc18eb000 r-xp 00000000 08:01 139849                     /lib/x86_64-linux-gnu/libgpg-error.so.0.8.0
7f4dc18eb000-7f4dc1aea000 ---p 00003000 08:01 139849                     /lib/x86_64-linux-gnu/libgpg-error.so.0.8.0
7f4dc1aea000-7f4dc1aeb000 r--p 00002000 08:01 139849                     /lib/x86_64-linux-gnu/libgpg-error.so.0.8.0
7f4dc1aeb000-7f4dc1aec000 rw-p 00003000 08:01 139849                     /lib/x86_64-linux-gnu/libgpg-error.so.0.8.0
7f4dc1aec000-7f4dc1aee000 r-xp 00000000 08:01 139851                     /lib/x86_64-linux-gnu/libkeyutils.so.1.3
7f4dc1aee000-7f4dc1ced000 ---p 00002000 08:01 139851                     /lib/x86_64-linux-gnu/libkeyutils.so.1.3
7f4dc1ced000-7f4dc1cee000 r--p 00001000 08:01 139851                     /lib/x86_64-linux-gnu/libkeyutils.so.1.3
7f4dc1cee000-7f4dc1cef000 rw-p 00002000 08:01 139851                     /lib/x86_64-linux-gnu/libkeyutils.so.1.3
7f4dc1cef000-7f4dc1d31000 r-xp 00000000 08:01 135649                     /lib/x86_64-linux-gnu/libdbus-1.so.3.5.7
7f4dc1d31000-7f4dc1f30000 ---p 00042000 08:01 135649                     /lib/x86_64-linux-gnu/libdbus-1.so.3.5.7
7f4dc1f30000-7f4dc1f31000 r--p 00041000 08:01 135649                     /lib/x86_64-linux-gnu/libdbus-1.so.3.5.7
7f4dc1f31000-7f4dc1f32000 rw-p 00042000 08:01 135649                     /lib/x86_64-linux-gnu/libdbus-1.so.3.5.7
7f4dc1f32000-7f4dc1fac000 r-xp 00000000 08:01 139845                     /lib/x86_64-linux-gnu/libgcrypt.so.11.7.0
7f4dc1fac000-7f4dc21ac000 ---p 0007a000 08:01 139845                     /lib/x86_64-linux-gnu/libgcrypt.so.11.7.0
7f4dc21ac000-7f4dc21ad000 r--p 0007a000 08:01 139845                     /lib/x86_64-linux-gnu/libgcrypt.so.11.7.0
7f4dc21ad000-7f4dc21b0000 rw-p 0007b000 08:01 139845                     /lib/x86_64-linux-gnu/libgcrypt.so.11.7.0
7f4dc21b0000-7f4dc21c0000 r-xp 00000000 08:01 406788                     /usr/lib/x86_64-linux-gnu/libtasn1.so.3.1.11
7f4dc21c0000-7f4dc23bf000 ---p 00010000 08:01 406788                     /usr/lib/x86_64-linux-gnu/libtasn1.so.3.1.11
7f4dc23bf000-7f4dc23c0000 r--p 0000f000 08:01 406788                     /usr/lib/x86_64-linux-gnu/libtasn1.so.3.1.11
7f4dc23c0000-7f4dc23c1000 rw-p 00010000 08:01 406788                     /usr/lib/x86_64-linux-gnu/libtasn1.so.3.1.11
7f4dc23c1000-7f4dc23c8000 r-xp 00000000 08:01 397002                     /usr/lib/x86_64-linux-gnu/libkrb5support.so.0.1
7f4dc23c8000-7f4dc25c7000 ---p 00007000 08:01 397002                     /usr/lib/x86_64-linux-gnu/libkrb5support.so.0.1
7f4dc25c7000-7f4dc25c8000 r--p 00006000 08:01 397002                     /usr/lib/x86_64-linux-gnu/libkrb5support.so.0.1
7f4dc25c8000-7f4dc25c9000 rw-p 00007000 08:01 397002                     /usr/lib/x86_64-linux-gnu/libkrb5support.so.0.1
7f4dc25c9000-7f4dc25cc000 r-xp 00000000 08:01 139827                     /lib/x86_64-linux-gnu/libcom_err.so.2.1
7f4dc25cc000-7f4dc27cb000 ---p 00003000 08:01 139827                     /lib/x86_64-linux-gnu/libcom_err.so.2.1
7f4dc27cb000-7f4dc27cc000 r--p 00002000 08:01 139827                     /lib/x86_64-linux-gnu/libcom_err.so.2.1
7f4dc27cc000-7f4dc27cd000 rw-p 00003000 08:01 139827                     /lib/x86_64-linux-gnu/libcom_err.so.2.1
7f4dc27cd000-7f4dc27f3000 r-xp 00000000 08:01 394051                     /usr/lib/x86_64-linux-gnu/libk5crypto.so.3.1
7f4dc27f3000-7f4dc29f2000 ---p 00026000 08:01 394051                     /usr/lib/x86_64-linux-gnu/libk5crypto.so.3.1
7f4dc29f2000-7f4dc29f4000 r--p 00025000 08:01 394051                     /usr/lib/x86_64-linux-gnu/libk5crypto.so.3.1
7f4dc29f4000-7f4dc29f5000 rw-p 00027000 08:01 394051                     /usr/lib/x86_64-linux-gnu/libk5crypto.so.3.1
7f4dc29f5000-7f4dc2ab4000 r-xp 00000000 08:01 397018                     /usr/lib/x86_64-linux-gnu/libkrb5.so.3.3
7f4dc2ab4000-7f4dc2cb4000 ---p 000bf000 08:01 397018                     /usr/lib/x86_64-linux-gnu/libkrb5.so.3.3
7f4dc2cb4000-7f4dc2cbd000 r--p 000bf000 08:01 397018                     /usr/lib/x86_64-linux-gnu/libkrb5.so.3.3
7f4dc2cbd000-7f4dc2cbe000 rw-p 000c8000 08:01 397018                     /usr/lib/x86_64-linux-gnu/libkrb5.so.3.3
7f4dc2cbe000-7f4dc2cc5000 r-xp 00000000 08:01 406811                     /usr/lib/x86_64-linux-gnu/libxcb-render.so.0.0.0
7f4dc2cc5000-7f4dc2ec5000 ---p 00007000 08:01 406811                     /usr/lib/x86_64-linux-gnu/libxcb-render.so.0.0.0
7f4dc2ec5000-7f4dc2ec6000 r--p 00007000 08:01 406811                     /usr/lib/x86_64-linux-gnu/libxcb-render.so.0.0.0
7f4dc2ec6000-7f4dc2ec7000 rw-p 00008000 08:01 406811                     /usr/lib/x86_64-linux-gnu/libxcb-render.so.0.0.0
7f4dc2ec7000-7f4dc2ec9000 r-xp 00000000 08:01 406815                     /usr/lib/x86_64-linux-gnu/libxcb-shm.so.0.0.0
7f4dc2ec9000-7f4dc30c8000 ---p 00002000 08:01 406815                     /usr/lib/x86_64-linux-gnu/libxcb-shm.so.0.0.0
7f4dc30c8000-7f4dc30c9000 r--p 00001000 08:01 406815                     /usr/lib/x86_64-linux-gnu/libxcb-shm.so.0.0.0
7f4dc30c9000-7f4dc30ca000 rw-p 00002000 08:01 406815                     /usr/lib/x86_64-linux-gnu/libxcb-shm.so.0.0.0
7f4dc30ca000-7f4dc30f0000 r-xp 00000000 08:01 139881                     /lib/x86_64-linux-gnu/libpng12.so.0.46.0
7f4dc30f0000-7f4dc32ef000 ---p 00026000 08:01 139881                     /lib/x86_64-linux-gnu/libpng12.so.0.46.0
7f4dc32ef000-7f4dc32f0000 r--p 00025000 08:01 139881                     /lib/x86_64-linux-gnu/libpng12.so.0.46.0
7f4dc32f0000-7f4dc32f1000 rw-p 00026000 08:01 139881                     /lib/x86_64-linux-gnu/libpng12.so.0.46.0
7f4dc32f1000-7f4dc335f000 r-xp 00000000 08:01 406743                     /usr/lib/x86_64-linux-gnu/libpixman-1.so.0.22.2
7f4dc335f000-7f4dc355f000 ---p 0006e000 08:01 406743                     /usr/lib/x86_64-linux-gnu/libpixman-1.so.0.22.2
7f4dc355f000-7f4dc3564000 r--p 0006e000 08:01 406743                     /usr/lib/x86_64-linux-gnu/libpixman-1.so.0.22.2
7f4dc3564000-7f4dc3565000 rw-p 00073000 08:01 406743                     /usr/lib/x86_64-linux-gnu/libpixman-1.so.0.22.2
7f4dc3565000-7f4dc356a000 r-xp 00000000 08:01 406539                     /usr/lib/x86_64-linux-gnu/libXdmcp.so.6.0.0
7f4dc356a000-7f4dc3769000 ---p 00005000 08:01 406539                     /usr/lib/x86_64-linux-gnu/libXdmcp.so.6.0.0
7f4dc3769000-7f4dc376a000 r--p 00004000 08:01 406539                     /usr/lib/x86_64-linux-gnu/libXdmcp.so.6.0.0
7f4dc376a000-7f4dc376b000 rw-p 00005000 08:01 406539                     /usr/lib/x86_64-linux-gnu/libXdmcp.so.6.0.0
7f4dc376b000-7f4dc376d000 r-xp 00000000 08:01 406531                     /usr/lib/x86_64-linux-gnu/libXau.so.6.0.0
7f4dc376d000-7f4dc396c000 ---p 00002000 08:01 406531                     /usr/lib/x86_64-linux-gnu/libXau.so.6.0.0
7f4dc396c000-7f4dc396d000 r--p 00001000 08:01 406531                     /usr/lib/x86_64-linux-gnu/libXau.so.6.0.0
7f4dc396d000-7f4dc396e000 rw-p 00002000 08:01 406531                     /usr/lib/x86_64-linux-gnu/libXau.so.6.0.0
7f4dc396e000-7f4dc397f000 r-xp 00000000 08:01 406571                     /usr/lib/x86_64-linux-gnu/libavahi-client.so.3.2.9
7f4dc397f000-7f4dc3b7f000 ---p 00011000 08:01 406571                     /usr/lib/x86_64-linux-gnu/libavahi-client.so.3.2.9
7f4dc3b7f000-7f4dc3b80000 r--p 00011000 08:01 406571                     /usr/lib/x86_64-linux-gnu/libavahi-client.so.3.2.9
7f4dc3b80000-7f4dc3b81000 rw-p 00012000 08:01 406571                     /usr/lib/x86_64-linux-gnu/libavahi-client.so.3.2.9
7f4dc3b81000-7f4dc3b8e000 r-xp 00000000 08:01 406573                     /usr/lib/x86_64-linux-gnu/libavahi-common.so.3.5.3
7f4dc3b8e000-7f4dc3d8d000 ---p 0000d000 08:01 406573                     /usr/lib/x86_64-linux-gnu/libavahi-common.so.3.5.3
7f4dc3d8d000-7f4dc3d8e000 r--p 0000c000 08:01 406573                     /usr/lib/x86_64-linux-gnu/libavahi-common.so.3.5.3
7f4dc3d8e000-7f4dc3d8f000 rw-p 0000d000 08:01 406573                     /usr/lib/x86_64-linux-gnu/libavahi-common.so.3.5.3
7f4dc3d8f000-7f4dc3e30000 r-xp 00000000 08:01 406657                     /usr/lib/x86_64-linux-gnu/libgnutls.so.26.16.14
7f4dc3e30000-7f4dc402f000 ---p 000a1000 08:01 406657                     /usr/lib/x86_64-linux-gnu/libgnutls.so.26.16.14
7f4dc402f000-7f4dc4036000 r--p 000a0000 08:01 406657                     /usr/lib/x86_64-linux-gnu/libgnutls.so.26.16.14
7f4dc4036000-7f4dc4037000 rw-p 000a7000 08:01 406657                     /usr/lib/x86_64-linux-gnu/libgnutls.so.26.16.14
7f4dc4037000-7f4dc4072000 r-xp 00000000 08:01 406685                     /usr/lib/x86_64-linux-gnu/libgssapi_krb5.so.2.2
7f4dc4072000-7f4dc4272000 ---p 0003b000 08:01 406685                     /usr/lib/x86_64-linux-gnu/libgssapi_krb5.so.2.2
7f4dc4272000-7f4dc4273000 r--p 0003b000 08:01 406685                     /usr/lib/x86_64-linux-gnu/libgssapi_krb5.so.2.2
7f4dc4273000-7f4dc4275000 rw-p 0003c000 08:01 406685                     /usr/lib/x86_64-linux-gnu/libgssapi_krb5.so.2.2
7f4dc4275000-7f4dc42b0000 r-xp 00000000 08:01 139879                     /lib/x86_64-linux-gnu/libpcre.so.3.12.1
7f4dc42b0000-7f4dc44af000 ---p 0003b000 08:01 139879                     /lib/x86_64-linux-gnu/libpcre.so.3.12.1
7f4dc44af000-7f4dc44b0000 r--p 0003a000 08:01 139879                     /lib/x86_64-linux-gnu/libpcre.so.3.12.1
7f4dc44b0000-7f4dc44b1000 rw-p 0003b000 08:01 139879                     /lib/x86_64-linux-gnu/libpcre.so.3.12.1
7f4dc44b1000-7f4dc44b8000 r-xp 00000000 08:01 396800                     /usr/lib/x86_64-linux-gnu/libffi.so.6.0.0
7f4dc44b8000-7f4dc46b7000 ---p 00007000 08:01 396800                     /usr/lib/x86_64-linux-gnu/libffi.so.6.0.0
7f4dc46b7000-7f4dc46b8000 r--p 00006000 08:01 396800                     /usr/lib/x86_64-linux-gnu/libffi.so.6.0.0
7f4dc46b8000-7f4dc46b9000 rw-p 00007000 08:01 396800                     /usr/lib/x86_64-linux-gnu/libffi.so.6.0.0
7f4dc46b9000-7f4dc46e0000 r-xp 00000000 08:01 139838                     /lib/x86_64-linux-gnu/libexpat.so.1.5.2
7f4dc46e0000-7f4dc48e0000 ---p 00027000 08:01 139838                     /lib/x86_64-linux-gnu/libexpat.so.1.5.2
7f4dc48e0000-7f4dc48e2000 r--p 00027000 08:01 139838                     /lib/x86_64-linux-gnu/libexpat.so.1.5.2
7f4dc48e2000-7f4dc48e3000 rw-p 00029000 08:01 139838                     /lib/x86_64-linux-gnu/libexpat.so.1.5.2
7f4dc48e3000-7f4dc4975000 r-xp 00000000 08:01 406632                     /usr/lib/x86_64-linux-gnu/libfreetype.so.6.6.2
7f4dc4975000-7f4dc4b74000 ---p 00092000 08:01 406632                     /usr/lib/x86_64-linux-gnu/libfreetype.so.6.6.2
7f4dc4b74000-7f4dc4b7a000 r--p 00091000 08:01 406632                     /usr/lib/x86_64-linux-gnu/libfreetype.so.6.6.2
7f4dc4b7a000-7f4dc4b7b000 rw-p 00097000 08:01 406632                     /usr/lib/x86_64-linux-gnu/libfreetype.so.6.6.2
7f4dc4b7b000-7f4dc4b92000 r-xp 00000000 08:01 134597                     /lib/x86_64-linux-gnu/libresolv-2.13.so
7f4dc4b92000-7f4dc4d92000 ---p 00017000 08:01 134597                     /lib/x86_64-linux-gnu/libresolv-2.13.so
7f4dc4d92000-7f4dc4d93000 r--p 00017000 08:01 134597                     /lib/x86_64-linux-gnu/libresolv-2.13.so
7f4dc4d93000-7f4dc4d94000 rw-p 00018000 08:01 134597                     /lib/x86_64-linux-gnu/libresolv-2.13.so
7f4dc4d94000-7f4dc4d96000 rw-p 00000000 00:00 0 
7f4dc4d96000-7f4dc4db2000 r-xp 00000000 08:01 139888                     /lib/x86_64-linux-gnu/libselinux.so.1
7f4dc4db2000-7f4dc4fb1000 ---p 0001c000 08:01 139888                     /lib/x86_64-linux-gnu/libselinux.so.1
7f4dc4fb1000-7f4dc4fb2000 r--p 0001b000 08:01 139888                     /lib/x86_64-linux-gnu/libselinux.so.1
7f4dc4fb2000-7f4dc4fb3000 rw-p 0001c000 08:01 139888                     /lib/x86_64-linux-gnu/libselinux.so.1
7f4dc4fb3000-7f4dc4fb4000 rw-p 00000000 00:00 0 
7f4dc4fb4000-7f4dc4fb6000 r-xp 00000000 08:01 406537                     /usr/lib/x86_64-linux-gnu/libXdamage.so.1.1.0
7f4dc4fb6000-7f4dc51b5000 ---p 00002000 08:01 406537                     /usr/lib/x86_64-linux-gnu/libXdamage.so.1.1.0
7f4dc51b5000-7f4dc51b6000 r--p 00001000 08:01 406537                     /usr/lib/x86_64-linux-gnu/libXdamage.so.1.1.0
7f4dc51b6000-7f4dc51b7000 rw-p 00002000 08:01 406537                     /usr/lib/x86_64-linux-gnu/libXdamage.so.1.1.0
7f4dc51b7000-7f4dc51b9000 r-xp 00000000 08:01 406533                     /usr/lib/x86_64-linux-gnu/libXcomposite.so.1.0.0
7f4dc51b9000-7f4dc53b8000 ---p 00002000 08:01 406533                     /usr/lib/x86_64-linux-gnu/libXcomposite.so.1.0.0
7f4dc53b8000-7f4dc53b9000 r--p 00001000 08:01 406533                     /usr/lib/x86_64-linux-gnu/libXcomposite.so.1.0.0
7f4dc53b9000-7f4dc53ba000 rw-p 00002000 08:01 406533                     /usr/lib/x86_64-linux-gnu/libXcomposite.so.1.0.0
7f4dc53ba000-7f4dc53c3000 r-xp 00000000 08:01 406535                     /usr/lib/x86_64-linux-gnu/libXcursor.so.1.0.2
7f4dc53c3000-7f4dc55c2000 ---p 00009000 08:01 406535                     /usr/lib/x86_64-linux-gnu/libXcursor.so.1.0.2
7f4dc55c2000-7f4dc55c3000 r--p 00008000 08:01 406535                     /usr/lib/x86_64-linux-gnu/libXcursor.so.1.0.2
7f4dc55c3000-7f4dc55c4000 rw-p 00009000 08:01 406535                     /usr/lib/x86_64-linux-gnu/libXcursor.so.1.0.2
7f4dc55c4000-7f4dc55cc000 r-xp 00000000 08:01 406551                     /usr/lib/x86_64-linux-gnu/libXrandr.so.2.2.0
7f4dc55cc000-7f4dc57cb000 ---p 00008000 08:01 406551                     /usr/lib/x86_64-linux-gnu/libXrandr.so.2.2.0
7f4dc57cb000-7f4dc57cc000 r--p 00007000 08:01 406551                     /usr/lib/x86_64-linux-gnu/libXrandr.so.2.2.0
7f4dc57cc000-7f4dc57cd000 rw-p 00008000 08:01 406551                     /usr/lib/x86_64-linux-gnu/libXrandr.so.2.2.0
7f4dc57cd000-7f4dc57cf000 r-xp 00000000 08:01 406549                     /usr/lib/x86_64-linux-gnu/libXinerama.so.1.0.0
7f4dc57cf000-7f4dc59ce000 ---p 00002000 08:01 406549                     /usr/lib/x86_64-linux-gnu/libXinerama.so.1.0.0
7f4dc59ce000-7f4dc59cf000 r--p 00001000 08:01 406549                     /usr/lib/x86_64-linux-gnu/libXinerama.so.1.0.0
7f4dc59cf000-7f4dc59d0000 rw-p 00002000 08:01 406549                     /usr/lib/x86_64-linux-gnu/libXinerama.so.1.0.0
7f4dc59d0000-7f4dc59d3000 r-xp 00000000 08:01 395217                     /usr/lib/x86_64-linux-gnu/libgmodule-2.0.so.0.3000.0
7f4dc59d3000-7f4dc5bd2000 ---p 00003000 08:01 395217                     /usr/lib/x86_64-linux-gnu/libgmodule-2.0.so.0.3000.0
7f4dc5bd2000-7f4dc5bd3000 r--p 00002000 08:01 395217                     /usr/lib/x86_64-linux-gnu/libgmodule-2.0.so.0.3000.0
7f4dc5bd3000-7f4dc5bd4000 rw-p 00003000 08:01 395217                     /usr/lib/x86_64-linux-gnu/libgmodule-2.0.so.0.3000.0
7f4dc5bd4000-7f4dc5bfe000 r-xp 00000000 08:01 397305                     /usr/lib/x86_64-linux-gnu/libpangoft2-1.0.so.0.2903.0
7f4dc5bfe000-7f4dc5dfd000 ---p 0002a000 08:01 397305                     /usr/lib/x86_64-linux-gnu/libpangoft2-1.0.so.0.2903.0
7f4dc5dfd000-7f4dc5dfe000 r--p 00029000 08:01 397305                     /usr/lib/x86_64-linux-gnu/libpangoft2-1.0.so.0.2903.0
7f4dc5dfe000-7f4dc5dff000 rw-p 0002a000 08:01 397305                     /usr/lib/x86_64-linux-gnu/libpangoft2-1.0.so.0.2903.0
7f4dc5dff000-7f4dc5eb8000 r-xp 00000000 08:01 406593                     /usr/lib/x86_64-linux-gnu/libcairo.so.2.11000.2
7f4dc5eb8000-7f4dc60b7000 ---p 000b9000 08:01 406593                     /usr/lib/x86_64-linux-gnu/libcairo.so.2.11000.2
7f4dc60b7000-7f4dc60b9000 r--p 000b8000 08:01 406593                     /usr/lib/x86_64-linux-gnu/libcairo.so.2.11000.2
7f4dc60b9000-7f4dc60ba000 rw-p 000ba000 08:01 406593                     /usr/lib/x86_64-linux-gnu/libcairo.so.2.11000.2
7f4dc60ba000-7f4dc60bd000 rw-p 00000000 00:00 0 
7f4dc60bd000-7f4dc60dc000 r-xp 00000000 08:01 394856                     /usr/lib/x86_64-linux-gnu/libatk-1.0.so.0.20209.1
7f4dc60dc000-7f4dc62dc000 ---p 0001f000 08:01 394856                     /usr/lib/x86_64-linux-gnu/libatk-1.0.so.0.20209.1
7f4dc62dc000-7f4dc62de000 r--p 0001f000 08:01 394856                     /usr/lib/x86_64-linux-gnu/libatk-1.0.so.0.20209.1
7f4dc62de000-7f4dc62df000 rw-p 00021000 08:01 394856                     /usr/lib/x86_64-linux-gnu/libatk-1.0.so.0.20209.1
7f4dc62df000-7f4dc62e4000 r-xp 00000000 08:01 406543                     /usr/lib/x86_64-linux-gnu/libXfixes.so.3.1.0
7f4dc62e4000-7f4dc64e3000 ---p 00005000 08:01 406543                     /usr/lib/x86_64-linux-gnu/libXfixes.so.3.1.0
7f4dc64e3000-7f4dc64e4000 r--p 00004000 08:01 406543                     /usr/lib/x86_64-linux-gnu/libXfixes.so.3.1.0
7f4dc64e4000-7f4dc64e5000 rw-p 00005000 08:01 406543                     /usr/lib/x86_64-linux-gnu/libXfixes.so.3.1.0
7f4dc64e5000-7f4dc64f0000 r-xp 00000000 08:01 397309                     /usr/lib/x86_64-linux-gnu/libpangocairo-1.0.so.0.2903.0
7f4dc64f0000-7f4dc66f0000 ---p 0000b000 08:01 397309                     /usr/lib/x86_64-linux-gnu/libpangocairo-1.0.so.0.2903.0
7f4dc66f0000-7f4dc66f1000 r--p 0000b000 08:01 397309                     /usr/lib/x86_64-linux-gnu/libpangocairo-1.0.so.0.2903.0
7f4dc66f1000-7f4dc66f2000 rw-p 0000c000 08:01 397309                     /usr/lib/x86_64-linux-gnu/libpangocairo-1.0.so.0.2903.0
7f4dc66f2000-7f4dc670d000 r-xp 00000000 08:01 406817                     /usr/lib/x86_64-linux-gnu/libxcb.so.1.1.0
7f4dc670d000-7f4dc690c000 ---p 0001b000 08:01 406817                     /usr/lib/x86_64-linux-gnu/libxcb.so.1.1.0
7f4dc690c000-7f4dc690d000 r--p 0001a000 08:01 406817                     /usr/lib/x86_64-linux-gnu/libxcb.so.1.1.0
7f4dc690d000-7f4dc690e000 rw-p 0001b000 08:01 406817                     /usr/lib/x86_64-linux-gnu/libxcb.so.1.1.0
7f4dc690e000-7f4dc695c000 r-xp 00000000 08:01 400264                     /usr/lib/x86_64-linux-gnu/libcups.so.2
7f4dc695c000-7f4dc6b5c000 ---p 0004e000 08:01 400264                     /usr/lib/x86_64-linux-gnu/libcups.so.2
7f4dc6b5c000-7f4dc6b60000 r--p 0004e000 08:01 400264                     /usr/lib/x86_64-linux-gnu/libcups.so.2
7f4dc6b60000-7f4dc6b61000 rw-p 00052000 08:01 400264                     /usr/lib/x86_64-linux-gnu/libcups.so.2
7f4dc6b61000-7f4dc6c55000 r-xp 00000000 08:01 134283                     /lib/x86_64-linux-gnu/libglib-2.0.so.0.3000.0
7f4dc6c55000-7f4dc6e54000 ---p 000f4000 08:01 134283                     /lib/x86_64-linux-gnu/libglib-2.0.so.0.3000.0
7f4dc6e54000-7f4dc6e55000 r--p 000f3000 08:01 134283                     /lib/x86_64-linux-gnu/libglib-2.0.so.0.3000.0
7f4dc6e55000-7f4dc6e56000 rw-p 000f4000 08:01 134283                     /lib/x86_64-linux-gnu/libglib-2.0.so.0.3000.0
7f4dc6e56000-7f4dc6e57000 rw-p 00000000 00:00 0 
7f4dc6e57000-7f4dc6e5b000 r-xp 00000000 08:01 394708                     /usr/lib/x86_64-linux-gnu/libgthread-2.0.so.0.3000.0
7f4dc6e5b000-7f4dc705a000 ---p 00004000 08:01 394708                     /usr/lib/x86_64-linux-gnu/libgthread-2.0.so.0.3000.0
7f4dc705a000-7f4dc705b000 r--p 00003000 08:01 394708                     /usr/lib/x86_64-linux-gnu/libgthread-2.0.so.0.3000.0
7f4dc705b000-7f4dc705c000 rw-p 00004000 08:01 394708                     /usr/lib/x86_64-linux-gnu/libgthread-2.0.so.0.3000.0
7f4dc705c000-7f4dc70aa000 r-xp 00000000 08:01 394707                     /usr/lib/x86_64-linux-gnu/libgobject-2.0.so.0.3000.0
7f4dc70aa000-7f4dc72aa000 ---p 0004e000 08:01 394707                     /usr/lib/x86_64-linux-gnu/libgobject-2.0.so.0.3000.0
7f4dc72aa000-7f4dc72ab000 r--p 0004e000 08:01 394707                     /usr/lib/x86_64-linux-gnu/libgobject-2.0.so.0.3000.0
7f4dc72ab000-7f4dc72ac000 rw-p 0004f000 08:01 394707                     /usr/lib/x86_64-linux-gnu/libgobject-2.0.so.0.3000.0
7f4dc72ac000-7f4dc72ad000 rw-p 00000000 00:00 0 
7f4dc72ad000-7f4dc72e1000 r-xp 00000000 08:01 406630                     /usr/lib/x86_64-linux-gnu/libfontconfig.so.1.4.4
7f4dc72e1000-7f4dc74e1000 ---p 00034000 08:01 406630                     /usr/lib/x86_64-linux-gnu/libfontconfig.so.1.4.4
7f4dc74e1000-7f4dc74e2000 r--p 00034000 08:01 406630                     /usr/lib/x86_64-linux-gnu/libfontconfig.so.1.4.4
7f4dc74e2000-7f4dc74e3000 rw-p 00035000 08:01 406630                     /usr/lib/x86_64-linux-gnu/libfontconfig.so.1.4.4
7f4dc74e3000-7f4dc752a000 r-xp 00000000 08:01 397304                     /usr/lib/x86_64-linux-gnu/libpango-1.0.so.0.2903.0
7f4dc752a000-7f4dc772a000 ---p 00047000 08:01 397304                     /usr/lib/x86_64-linux-gnu/libpango-1.0.so.0.2903.0
7f4dc772a000-7f4dc772c000 r--p 00047000 08:01 397304                     /usr/lib/x86_64-linux-gnu/libpango-1.0.so.0.2903.0
7f4dc772c000-7f4dc772d000 rw-p 00049000 08:01 397304                     /usr/lib/x86_64-linux-gnu/libpango-1.0.so.0.2903.0
7f4dc772d000-7f4dc774b000 r-xp 00000000 08:01 394128                     /usr/lib/x86_64-linux-gnu/libgdk_pixbuf-2.0.so.0.2400.0
7f4dc774b000-7f4dc794a000 ---p 0001e000 08:01 394128                     /usr/lib/x86_64-linux-gnu/libgdk_pixbuf-2.0.so.0.2400.0
7f4dc794a000-7f4dc794b000 r--p 0001d000 08:01 394128                     /usr/lib/x86_64-linux-gnu/libgdk_pixbuf-2.0.so.0.2400.0
7f4dc794b000-7f4dc794c000 rw-p 0001e000 08:01 394128                     /usr/lib/x86_64-linux-gnu/libgdk_pixbuf-2.0.so.0.2400.0
7f4dc794c000-7f4dc7a87000 r-xp 00000000 08:01 394685                     /usr/lib/x86_64-linux-gnu/libgio-2.0.so.0.3000.0
7f4dc7a87000-7f4dc7c86000 ---p 0013b000 08:01 394685                     /usr/lib/x86_64-linux-gnu/libgio-2.0.so.0.3000.0
7f4dc7c86000-7f4dc7c8a000 r--p 0013a000 08:01 394685                     /usr/lib/x86_64-linux-gnu/libgio-2.0.so.0.3000.0
7f4dc7c8a000-7f4dc7c8c000 rw-p 0013e000 08:01 394685                     /usr/lib/x86_64-linux-gnu/libgio-2.0.so.0.3000.0
7f4dc7c8c000-7f4dc7c8e000 rw-p 00000000 00:00 0 
7f4dc7c8e000-7f4dc7d3b000 r-xp 00000000 08:01 397253                     /usr/lib/x86_64-linux-gnu/libgdk-x11-2.0.so.0.2400.6
7f4dc7d3b000-7f4dc7f3a000 ---p 000ad000 08:01 397253                     /usr/lib/x86_64-linux-gnu/libgdk-x11-2.0.so.0.2400.6
7f4dc7f3a000-7f4dc7f3e000 r--p 000ac000 08:01 397253                     /usr/lib/x86_64-linux-gnu/libgdk-x11-2.0.so.0.2400.6
7f4dc7f3e000-7f4dc7f40000 rw-p 000b0000 08:01 397253                     /usr/lib/x86_64-linux-gnu/libgdk-x11-2.0.so.0.2400.6
7f4dc7f40000-7f4dc836f000 r-xp 00000000 08:01 397246                     /usr/lib/x86_64-linux-gnu/libgtk-x11-2.0.so.0.2400.6
7f4dc836f000-7f4dc856f000 ---p 0042f000 08:01 397246                     /usr/lib/x86_64-linux-gnu/libgtk-x11-2.0.so.0.2400.6
7f4dc856f000-7f4dc8576000 r--p 0042f000 08:01 397246                     /usr/lib/x86_64-linux-gnu/libgtk-x11-2.0.so.0.2400.6
7f4dc8576000-7f4dc857a000 rw-p 00436000 08:01 397246                     /usr/lib/x86_64-linux-gnu/libgtk-x11-2.0.so.0.2400.6
7f4dc857a000-7f4dc857c000 rw-p 00000000 00:00 0 
7f4dc857c000-7f4dc858b000 r-xp 00000000 08:01 406547                     /usr/lib/x86_64-linux-gnu/libXi.so.6.1.0
7f4dc858b000-7f4dc878a000 ---p 0000f000 08:01 406547                     /usr/lib/x86_64-linux-gnu/libXi.so.6.1.0
7f4dc878a000-7f4dc878b000 r--p 0000e000 08:01 406547                     /usr/lib/x86_64-linux-gnu/libXi.so.6.1.0
7f4dc878b000-7f4dc878c000 rw-p 0000f000 08:01 406547                     /usr/lib/x86_64-linux-gnu/libXi.so.6.1.0
7f4dc878c000-7f4dc8791000 r-xp 00000000 08:01 398564                     /usr/lib/libXtst.so.6.1.0
7f4dc8791000-7f4dc8990000 ---p 00005000 08:01 398564                     /usr/lib/libXtst.so.6.1.0
7f4dc8990000-7f4dc8991000 r--p 00004000 08:01 398564                     /usr/lib/libXtst.so.6.1.0
7f4dc8991000-7f4dc8992000 rw-p 00005000 08:01 398564                     /usr/lib/libXtst.so.6.1.0
7f4dc8992000-7f4dc899b000 r-xp 00000000 08:01 406553                     /usr/lib/x86_64-linux-gnu/libXrender.so.1.3.0
7f4dc899b000-7f4dc8b9b000 ---p 00009000 08:01 406553                     /usr/lib/x86_64-linux-gnu/libXrender.so.1.3.0
7f4dc8b9b000-7f4dc8b9c000 r--p 00009000 08:01 406553                     /usr/lib/x86_64-linux-gnu/libXrender.so.1.3.0
7f4dc8b9c000-7f4dc8b9d000 rw-p 0000a000 08:01 406553                     /usr/lib/x86_64-linux-gnu/libXrender.so.1.3.0
7f4dc8b9d000-7f4dc8cd0000 r-xp 00000000 08:01 406471                     /usr/lib/x86_64-linux-gnu/libX11.so.6.3.0
7f4dc8cd0000-7f4dc8ed0000 ---p 00133000 08:01 406471                     /usr/lib/x86_64-linux-gnu/libX11.so.6.3.0
7f4dc8ed0000-7f4dc8ed1000 r--p 00133000 08:01 406471                     /usr/lib/x86_64-linux-gnu/libX11.so.6.3.0
7f4dc8ed1000-7f4dc8ed5000 rw-p 00134000 08:01 406471                     /usr/lib/x86_64-linux-gnu/libX11.so.6.3.0
7f4dc8ed5000-7f4dc8ee7000 r-xp 00000000 08:01 406541                     /usr/lib/x86_64-linux-gnu/libXext.so.6.4.0
7f4dc8ee7000-7f4dc90e6000 ---p 00012000 08:01 406541                     /usr/lib/x86_64-linux-gnu/libXext.so.6.4.0
7f4dc90e6000-7f4dc90e7000 r--p 00011000 08:01 406541                     /usr/lib/x86_64-linux-gnu/libXext.so.6.4.0
7f4dc90e7000-7f4dc90e8000 rw-p 00012000 08:01 406541                     /usr/lib/x86_64-linux-gnu/libXext.so.6.4.0
7f4dc90e8000-7f4dc910b000 r--p 00000000 08:01 675061                     /usr/share/locale-langpack/fr/LC_MESSAGES/libc.mo
7f4dc910b000-7f4dc915d000 r-xp 00000000 08:01 401973                     /usr/lib/jvm/java-7-openjdk-amd64/jre/lib/amd64/xawt/libmawt.so
7f4dc915d000-7f4dc935d000 ---p 00052000 08:01 401973                     /usr/lib/jvm/java-7-openjdk-amd64/jre/lib/amd64/xawt/libmawt.so
7f4dc935d000-7f4dc935e000 r--p 00052000 08:01 401973                     /usr/lib/jvm/java-7-openjdk-amd64/jre/lib/amd64/xawt/libmawt.so
7f4dc935e000-7f4dc9361000 rw-p 00053000 08:01 401973                     /usr/lib/jvm/java-7-openjdk-amd64/jre/lib/amd64/xawt/libmawt.so
7f4dc9361000-7f4dc9362000 rw-p 00000000 00:00 0 
7f4dc9362000-7f4dc9404000 r-xp 00000000 08:01 398111                     /usr/lib/jvm/java-7-openjdk-amd64/jre/lib/amd64/libawt.so
7f4dc9404000-7f4dc9603000 ---p 000a2000 08:01 398111                     /usr/lib/jvm/java-7-openjdk-amd64/jre/lib/amd64/libawt.so
7f4dc9603000-7f4dc9604000 r--p 000a1000 08:01 398111                     /usr/lib/jvm/java-7-openjdk-amd64/jre/lib/amd64/libawt.so
7f4dc9604000-7f4dc960f000 rw-p 000a2000 08:01 398111                     /usr/lib/jvm/java-7-openjdk-amd64/jre/lib/amd64/libawt.so
7f4dc960f000-7f4dc9634000 rw-p 00000000 00:00 0 
7f4dc9634000-7f4dc9635000 ---p 00000000 00:00 0 
7f4dc9635000-7f4dc9735000 rw-p 00000000 00:00 0 
7f4dc9735000-7f4dc9738000 ---p 00000000 00:00 0 
7f4dc9738000-7f4dc9836000 rw-p 00000000 00:00 0 
7f4dc9836000-7f4dc9839000 ---p 00000000 00:00 0 
7f4dc9839000-7f4dc9937000 rw-p 00000000 00:00 0 
7f4dc9937000-7f4dc993a000 ---p 00000000 00:00 0 
7f4dc993a000-7f4dc9a38000 rw-p 00000000 00:00 0 
7f4dc9a38000-7f4dc9a3b000 ---p 00000000 00:00 0 
7f4dc9a3b000-7f4dc9b39000 rw-p 00000000 00:00 0 
7f4dc9b39000-7f4dca226000 r--p 00000000 08:01 403488                     /usr/lib/locale/locale-archive
7f4dca226000-7f4dca229000 ---p 00000000 00:00 0 
7f4dca229000-7f4dca327000 rw-p 00000000 00:00 0 
7f4dca327000-7f4dca32a000 ---p 00000000 00:00 0 
7f4dca32a000-7f4dca428000 rw-p 00000000 00:00 0 
7f4dca428000-7f4dca429000 ---p 00000000 00:00 0 
7f4dca429000-7f4dca898000 rw-p 00000000 00:00 0 
7f4dca898000-7f4dcaa46000 r--s 03e76000 08:01 396788                     /usr/lib/jvm/java-7-openjdk-amd64/jre/lib/rt.jar
7f4dcaa46000-7f4dcaa6e000 rw-p 00000000 00:00 0 
7f4dcaa6e000-7f4dcaa6f000 ---p 00000000 00:00 0 
7f4dcaa6f000-7f4dcab6f000 rw-p 00000000 00:00 0 
7f4dcab6f000-7f4dcab70000 ---p 00000000 00:00 0 
7f4dcab70000-7f4dcac7b000 rw-p 00000000 00:00 0 
7f4dcac7b000-7f4dcacc3000 rw-p 00000000 00:00 0 
7f4dcacc3000-7f4dcacd8000 rw-p 00000000 00:00 0 
7f4dcacd8000-7f4dcae0e000 rw-p 00000000 00:00 0 
7f4dcae0e000-7f4dcae19000 rw-p 00000000 00:00 0 
7f4dcae19000-7f4dcae61000 rw-p 00000000 00:00 0 
7f4dcae61000-7f4dcae76000 rw-p 00000000 00:00 0 
7f4dcae76000-7f4dcafab000 rw-p 00000000 00:00 0 
7f4dcafab000-7f4dcafb6000 rw-p 00000000 00:00 0 
7f4dcafb6000-7f4dcb051000 rw-p 00000000 00:00 0 
7f4dcb051000-7f4dcb052000 rw-p 00000000 00:00 0 
7f4dcb052000-7f4dcb2c2000 rwxp 00000000 00:00 0 
7f4dcb2c2000-7f4dce052000 rw-p 00000000 00:00 0 
7f4dce052000-7f4dce05a000 r-xp 00000000 08:01 399895                     /usr/lib/jvm/java-7-openjdk-amd64/jre/lib/amd64/libzip.so
7f4dce05a000-7f4dce259000 ---p 00008000 08:01 399895                     /usr/lib/jvm/java-7-openjdk-amd64/jre/lib/amd64/libzip.so
7f4dce259000-7f4dce25a000 r--p 00007000 08:01 399895                     /usr/lib/jvm/java-7-openjdk-amd64/jre/lib/amd64/libzip.so
7f4dce25a000-7f4dce25b000 rw-p 00008000 08:01 399895                     /usr/lib/jvm/java-7-openjdk-amd64/jre/lib/amd64/libzip.so
7f4dce25b000-7f4dce267000 r-xp 00000000 08:01 134596                     /lib/x86_64-linux-gnu/libnss_files-2.13.so
7f4dce267000-7f4dce466000 ---p 0000c000 08:01 134596                     /lib/x86_64-linux-gnu/libnss_files-2.13.so
7f4dce466000-7f4dce467000 r--p 0000b000 08:01 134596                     /lib/x86_64-linux-gnu/libnss_files-2.13.so
7f4dce467000-7f4dce468000 rw-p 0000c000 08:01 134596                     /lib/x86_64-linux-gnu/libnss_files-2.13.so
7f4dce468000-7f4dce472000 r-xp 00000000 08:01 134607                     /lib/x86_64-linux-gnu/libnss_nis-2.13.so
7f4dce472000-7f4dce672000 ---p 0000a000 08:01 134607                     /lib/x86_64-linux-gnu/libnss_nis-2.13.so
7f4dce672000-7f4dce673000 r--p 0000a000 08:01 134607                     /lib/x86_64-linux-gnu/libnss_nis-2.13.so
7f4dce673000-7f4dce674000 rw-p 0000b000 08:01 134607                     /lib/x86_64-linux-gnu/libnss_nis-2.13.so
7f4dce674000-7f4dce68b000 r-xp 00000000 08:01 134591                     /lib/x86_64-linux-gnu/libnsl-2.13.so
7f4dce68b000-7f4dce88a000 ---p 00017000 08:01 134591                     /lib/x86_64-linux-gnu/libnsl-2.13.so
7f4dce88a000-7f4dce88b000 r--p 00016000 08:01 134591                     /lib/x86_64-linux-gnu/libnsl-2.13.so
7f4dce88b000-7f4dce88c000 rw-p 00017000 08:01 134591                     /lib/x86_64-linux-gnu/libnsl-2.13.so
7f4dce88c000-7f4dce88e000 rw-p 00000000 00:00 0 
7f4dce88e000-7f4dce896000 r-xp 00000000 08:01 134588                     /lib/x86_64-linux-gnu/libnss_compat-2.13.so
7f4dce896000-7f4dcea95000 ---p 00008000 08:01 134588                     /lib/x86_64-linux-gnu/libnss_compat-2.13.so
7f4dcea95000-7f4dcea96000 r--p 00007000 08:01 134588                     /lib/x86_64-linux-gnu/libnss_compat-2.13.so
7f4dcea96000-7f4dcea97000 rw-p 00008000 08:01 134588                     /lib/x86_64-linux-gnu/libnss_compat-2.13.so
7f4dcea97000-7f4dceac0000 r-xp 00000000 08:01 398578                     /usr/lib/jvm/java-7-openjdk-amd64/jre/lib/amd64/libjava.so
7f4dceac0000-7f4dcecbf000 ---p 00029000 08:01 398578                     /usr/lib/jvm/java-7-openjdk-amd64/jre/lib/amd64/libjava.so
7f4dcecbf000-7f4dcecc0000 r--p 00028000 08:01 398578                     /usr/lib/jvm/java-7-openjdk-amd64/jre/lib/amd64/libjava.so
7f4dcecc0000-7f4dcecc2000 rw-p 00029000 08:01 398578                     /usr/lib/jvm/java-7-openjdk-amd64/jre/lib/amd64/libjava.so
7f4dcecc2000-7f4dcecd0000 r-xp 00000000 08:01 399894                     /usr/lib/jvm/java-7-openjdk-amd64/jre/lib/amd64/libverify.so
7f4dcecd0000-7f4dceecf000 ---p 0000e000 08:01 399894                     /usr/lib/jvm/java-7-openjdk-amd64/jre/lib/amd64/libverify.so
7f4dceecf000-7f4dceed1000 r--p 0000d000 08:01 399894                     /usr/lib/jvm/java-7-openjdk-amd64/jre/lib/amd64/libverify.so
7f4dceed1000-7f4dceed2000 rw-p 0000f000 08:01 399894                     /usr/lib/jvm/java-7-openjdk-amd64/jre/lib/amd64/libverify.so
7f4dceed2000-7f4dceed9000 r-xp 00000000 08:01 134577                     /lib/x86_64-linux-gnu/librt-2.13.so
7f4dceed9000-7f4dcf0d8000 ---p 00007000 08:01 134577                     /lib/x86_64-linux-gnu/librt-2.13.so
7f4dcf0d8000-7f4dcf0d9000 r--p 00006000 08:01 134577                     /lib/x86_64-linux-gnu/librt-2.13.so
7f4dcf0d9000-7f4dcf0da000 rw-p 00007000 08:01 134577                     /lib/x86_64-linux-gnu/librt-2.13.so
7f4dcf0da000-7f4dcf0ef000 r-xp 00000000 08:01 131748                     /lib/x86_64-linux-gnu/libgcc_s.so.1
7f4dcf0ef000-7f4dcf2ee000 ---p 00015000 08:01 131748                     /lib/x86_64-linux-gnu/libgcc_s.so.1
7f4dcf2ee000-7f4dcf2ef000 r--p 00014000 08:01 131748                     /lib/x86_64-linux-gnu/libgcc_s.so.1
7f4dcf2ef000-7f4dcf2f0000 rw-p 00015000 08:01 131748                     /lib/x86_64-linux-gnu/libgcc_s.so.1
7f4dcf2f0000-7f4dcf373000 r-xp 00000000 08:01 134673                     /lib/x86_64-linux-gnu/libm-2.13.so
7f4dcf373000-7f4dcf572000 ---p 00083000 08:01 134673                     /lib/x86_64-linux-gnu/libm-2.13.so
7f4dcf572000-7f4dcf573000 r--p 00082000 08:01 134673                     /lib/x86_64-linux-gnu/libm-2.13.so
7f4dcf573000-7f4dcf574000 rw-p 00083000 08:01 134673                     /lib/x86_64-linux-gnu/libm-2.13.so
7f4dcf574000-7f4dcf65c000 r-xp 00000000 08:01 398097                     /usr/lib/x86_64-linux-gnu/libstdc++.so.6.0.16
7f4dcf65c000-7f4dcf85c000 ---p 000e8000 08:01 398097                     /usr/lib/x86_64-linux-gnu/libstdc++.so.6.0.16
7f4dcf85c000-7f4dcf864000 r--p 000e8000 08:01 398097                     /usr/lib/x86_64-linux-gnu/libstdc++.so.6.0.16
7f4dcf864000-7f4dcf866000 rw-p 000f0000 08:01 398097                     /usr/lib/x86_64-linux-gnu/libstdc++.so.6.0.16
7f4dcf866000-7f4dcf87b000 rw-p 00000000 00:00 0 
7f4dcf87b000-7f4dd0202000 r-xp 00000000 08:01 399897                     /usr/lib/jvm/java-7-openjdk-amd64/jre/lib/amd64/server/libjvm.so
7f4dd0202000-7f4dd0401000 ---p 00987000 08:01 399897                     /usr/lib/jvm/java-7-openjdk-amd64/jre/lib/amd64/server/libjvm.so
7f4dd0401000-7f4dd047f000 r--p 00986000 08:01 399897                     /usr/lib/jvm/java-7-openjdk-amd64/jre/lib/amd64/server/libjvm.so
7f4dd047f000-7f4dd049a000 rw-p 00a04000 08:01 399897                     /usr/lib/jvm/java-7-openjdk-amd64/jre/lib/amd64/server/libjvm.so
7f4dd049a000-7f4dd04c5000 rw-p 00000000 00:00 0 
7f4dd04c5000-7f4dd04dd000 r-xp 00000000 08:01 134606                     /lib/x86_64-linux-gnu/libpthread-2.13.so
7f4dd04dd000-7f4dd06dc000 ---p 00018000 08:01 134606                     /lib/x86_64-linux-gnu/libpthread-2.13.so
7f4dd06dc000-7f4dd06dd000 r--p 00017000 08:01 134606                     /lib/x86_64-linux-gnu/libpthread-2.13.so
7f4dd06dd000-7f4dd06de000 rw-p 00018000 08:01 134606                     /lib/x86_64-linux-gnu/libpthread-2.13.so
7f4dd06de000-7f4dd06e2000 rw-p 00000000 00:00 0 
7f4dd06e2000-7f4dd06f9000 r-xp 00000000 08:01 139905                     /lib/x86_64-linux-gnu/libz.so.1.2.3.4
7f4dd06f9000-7f4dd08f8000 ---p 00017000 08:01 139905                     /lib/x86_64-linux-gnu/libz.so.1.2.3.4
7f4dd08f8000-7f4dd08f9000 r--p 00016000 08:01 139905                     /lib/x86_64-linux-gnu/libz.so.1.2.3.4
7f4dd08f9000-7f4dd08fa000 rw-p 00017000 08:01 139905                     /lib/x86_64-linux-gnu/libz.so.1.2.3.4
7f4dd08fa000-7f4dd08fc000 r-xp 00000000 08:01 134594                     /lib/x86_64-linux-gnu/libdl-2.13.so
7f4dd08fc000-7f4dd0afc000 ---p 00002000 08:01 134594                     /lib/x86_64-linux-gnu/libdl-2.13.so
7f4dd0afc000-7f4dd0afd000 r--p 00002000 08:01 134594                     /lib/x86_64-linux-gnu/libdl-2.13.so
7f4dd0afd000-7f4dd0afe000 rw-p 00003000 08:01 134594                     /lib/x86_64-linux-gnu/libdl-2.13.so
7f4dd0afe000-7f4dd0c93000 r-xp 00000000 08:01 134593                     /lib/x86_64-linux-gnu/libc-2.13.so
7f4dd0c93000-7f4dd0e92000 ---p 00195000 08:01 134593                     /lib/x86_64-linux-gnu/libc-2.13.so
7f4dd0e92000-7f4dd0e96000 r--p 00194000 08:01 134593                     /lib/x86_64-linux-gnu/libc-2.13.so
7f4dd0e96000-7f4dd0e97000 rw-p 00198000 08:01 134593                     /lib/x86_64-linux-gnu/libc-2.13.so
7f4dd0e97000-7f4dd0e9d000 rw-p 00000000 00:00 0 
7f4dd0e9d000-7f4dd0ea9000 r-xp 00000000 08:01 397479                     /usr/lib/jvm/java-7-openjdk-amd64/jre/lib/amd64/jli/libjli.so
7f4dd0ea9000-7f4dd10a8000 ---p 0000c000 08:01 397479                     /usr/lib/jvm/java-7-openjdk-amd64/jre/lib/amd64/jli/libjli.so
7f4dd10a8000-7f4dd10a9000 r--p 0000b000 08:01 397479                     /usr/lib/jvm/java-7-openjdk-amd64/jre/lib/amd64/jli/libjli.so
7f4dd10a9000-7f4dd10aa000 rw-p 0000c000 08:01 397479                     /usr/lib/jvm/java-7-openjdk-amd64/jre/lib/amd64/jli/libjli.so
7f4dd10aa000-7f4dd10cb000 r-xp 00000000 08:01 134600                     /lib/x86_64-linux-gnu/ld-2.13.so
7f4dd10cb000-7f4dd10cf000 r--s 0009f000 08:01 396465                     /usr/lib/jvm/java-7-openjdk-common/jre/lib/jsse.jar
7f4dd10cf000-7f4dd10d8000 r--s 00263000 08:01 396683                     /usr/lib/jvm/java-7-openjdk-common/jre/lib/resources.jar
7f4dd10d8000-7f4dd10df000 r--s 00000000 08:01 663199                     /usr/lib/x86_64-linux-gnu/gconv/gconv-modules.cache
7f4dd10df000-7f4dd10e9000 rw-p 00000000 00:00 0 
7f4dd10e9000-7f4dd119f000 rw-p 00000000 00:00 0 
7f4dd119f000-7f4dd11a2000 ---p 00000000 00:00 0 
7f4dd11a2000-7f4dd12a5000 rw-p 00000000 00:00 0 
7f4dd12a6000-7f4dd12a7000 r--p 00000000 00:00 0 
7f4dd12a7000-7f4dd12aa000 r--s 00032000 08:01 395025                     /usr/lib/jvm/java-7-openjdk-common/jre/lib/ext/sunjce_provider.jar
7f4dd12aa000-7f4dd12ad000 r--s 00085000 08:01 395002                     /usr/lib/jvm/java-7-openjdk-common/jre/lib/ext/localedata.jar
7f4dd12ad000-7f4dd12ae000 r--s 00002000 08:01 394906                     /usr/lib/jvm/java-7-openjdk-common/jre/lib/ext/dnsns.jar
7f4dd12ae000-7f4dd12b1000 r--s 0003c000 08:01 394890                     /usr/lib/jvm/java-7-openjdk-common/jre/lib/ext/sunpkcs11.jar
7f4dd12b1000-7f4dd12b3000 r--s 00012000 08:01 395160                     /usr/lib/jvm/java-7-openjdk-common/jre/lib/ext/zipfs.jar
7f4dd12b3000-7f4dd12b6000 r--s 0000f000 08:01 395194                     /usr/lib/jvm/java-7-openjdk-common/jre/lib/ext/pulse-java.jar
7f4dd12b6000-7f4dd12be000 r--s 00066000 08:01 676447                     /usr/share/java/gnome-java-bridge.jar
7f4dd12be000-7f4dd12c6000 rw-s 00000000 08:01 268492                     /tmp/hsperfdata_guillaume/3272
7f4dd12c6000-7f4dd12c7000 rw-p 00000000 00:00 0 
7f4dd12c7000-7f4dd12c8000 r--p 00000000 00:00 0 
7f4dd12c8000-7f4dd12ca000 rw-p 00000000 00:00 0 
7f4dd12ca000-7f4dd12cb000 r--p 00020000 08:01 134600                     /lib/x86_64-linux-gnu/ld-2.13.so
7f4dd12cb000-7f4dd12cd000 rw-p 00021000 08:01 134600                     /lib/x86_64-linux-gnu/ld-2.13.so
7fff4dc47000-7fff4dc68000 rw-p 00000000 00:00 0                          [stack]
7fff4dcf2000-7fff4dcf3000 r-xp 00000000 00:00 0                          [vdso]
ffffffffff600000-ffffffffff601000 r-xp 00000000 00:00 0                  [vsyscall]
ffffffffff600000-ffffffffff601000 r-xp 00000000 00:00 0                  [vsyscall]

VM Arguments:
jvm_args: -Dfile.encoding=UTF-8 
java_command: main.Main
Launcher Type: SUN_STANDARD

Environment Variables:
PATH=/usr/lib/lightdm/lightdm:/usr/local/sbin:/usr/local/bin:/usr/sbin:/usr/bin:/sbin:/bin:/usr/games
USERNAME=guillaume
SHELL=/bin/bash
DISPLAY=:0

Signal Handlers:
SIGSEGV: [libjvm.so+0x7fca30], sa_mask[0]=0x7ffbfeff, sa_flags=0x10000004
SIGBUS: [libjvm.so+0x7fca30], sa_mask[0]=0x7ffbfeff, sa_flags=0x10000004
SIGFPE: [libjvm.so+0x6a1150], sa_mask[0]=0x7ffbfeff, sa_flags=0x10000004
SIGPIPE: [libjvm.so+0x6a1150], sa_mask[0]=0x7ffbfeff, sa_flags=0x10000004
SIGXFSZ: [libjvm.so+0x6a1150], sa_mask[0]=0x7ffbfeff, sa_flags=0x10000004
SIGILL: [libjvm.so+0x6a1150], sa_mask[0]=0x7ffbfeff, sa_flags=0x10000004
SIGUSR1: SIG_DFL, sa_mask[0]=0x00000000, sa_flags=0x00000000
SIGUSR2: [libjvm.so+0x6a1520], sa_mask[0]=0x00000004, sa_flags=0x10000004
SIGHUP: [libjvm.so+0x6a1660], sa_mask[0]=0x7ffbfeff, sa_flags=0x10000004
SIGINT: SIG_IGN, sa_mask[0]=0x00000000, sa_flags=0x00000000
SIGTERM: [libjvm.so+0x6a1660], sa_mask[0]=0x7ffbfeff, sa_flags=0x10000004
SIGQUIT: [libjvm.so+0x6a1660], sa_mask[0]=0x7ffbfeff, sa_flags=0x10000004


---------------  S Y S T E M  ---------------

OS:Ubuntu 11.10 (oneiric)
uname:Linux 3.0.0-12-generic #20-Ubuntu SMP Fri Oct 7 14:56:25 UTC 2011 x86_64
libc:glibc 2.13 NPTL 2.13 
rlimit: STACK 8192k, CORE 0k, NPROC 31562, NOFILE 4096, AS infinity
load average:0,17 0,21 0,29

/proc/meminfo:
MemTotal:        4055792 kB
MemFree:         1587640 kB
Buffers:           96316 kB
Cached:           900752 kB
SwapCached:            0 kB
Active:          1571784 kB
Inactive:         688608 kB
Active(anon):    1264196 kB
Inactive(anon):    14708 kB
Active(file):     307588 kB
Inactive(file):   673900 kB
Unevictable:          32 kB
Mlocked:              32 kB
SwapTotal:             0 kB
SwapFree:              0 kB
Dirty:               252 kB
Writeback:             0 kB
AnonPages:       1263652 kB
Mapped:           220920 kB
Shmem:             15536 kB
Slab:              76896 kB
SReclaimable:      51804 kB
SUnreclaim:        25092 kB
KernelStack:        3136 kB
PageTables:        28860 kB
NFS_Unstable:          0 kB
Bounce:                0 kB
WritebackTmp:          0 kB
CommitLimit:     2027896 kB
Committed_AS:    3290560 kB
VmallocTotal:   34359738367 kB
VmallocUsed:      102100 kB
VmallocChunk:   34359626748 kB
HardwareCorrupted:     0 kB
AnonHugePages:         0 kB
HugePages_Total:       0
HugePages_Free:        0
HugePages_Rsvd:        0
HugePages_Surp:        0
Hugepagesize:       2048 kB
DirectMap4k:      105408 kB
DirectMap2M:     4087808 kB


CPU:total 2 (2 cores per cpu, 1 threads per core) family 6 model 15 stepping 13, cmov, cx8, fxsr, mmx, sse, sse2, sse3, ssse3

Memory: 4k page, physical 4055792k(1587516k free), swap 0k(0k free)

vm_info: OpenJDK 64-Bit Server VM (21.0-b17) for linux-amd64 JRE (1.7.0_147-b147), built on Sep 30 2011 00:36:33 by "buildd" with gcc 4.6.1

time: Thu Nov 10 19:27:40 2011
elapsed time: 0 seconds

