#
# A fatal error has been detected by the Java Runtime Environment:
#
#  SIGSEGV (0xb) at pc=0x00007fd7368f11f8, pid=3875, tid=140562660255488
#
# JRE version: 7.0_147-b147
# Java VM: OpenJDK 64-Bit Server VM (21.0-b17 mixed mode linux-amd64 compressed oops)
# Derivative: IcedTea7 2.0pre
# Distribution: Ubuntu oneiric (development branch), package 7~b147-2.0~pre6-1ubuntu1
# Problematic frame:
# C  [liblcms2.so.2+0x121f8]  cmsSaveProfileToIOhandler+0x38
#
# Failed to write core dump. Core dumps have been disabled. To enable core dumping, try "ulimit -c unlimited" before starting Java again
#
# If you would like to submit a bug report, please include
# instructions on how to reproduce the bug and visit:
#   https://bugs.launchpad.net/ubuntu/+source/openjdk-7/
# The crash happened outside the Java Virtual Machine in native code.
# See problematic frame for where to report the bug.
#

---------------  T H R E A D  ---------------

Current thread (0x0000000000cca800):  JavaThread "main" [_thread_in_native, id=3879, stack(0x00007fd74b5ee000,0x00007fd74b6ef000)]

siginfo:si_signo=SIGSEGV: si_errno=0, si_code=1 (SEGV_MAPERR), si_addr=0x0000000000000000

Registers:
RAX=0x0000000000000000, RBX=0x0000000000000000, RCX=0x00000000000001d4, RDX=0x00007fd74b6eca3c
RSP=0x00007fd74b6ebb10, RBP=0x0000000000000000, RSI=0x0000000000000000, RDI=0x00007fd74b6ebb10
R8 =0x00007fd740216b20, R9 =0x0000000000000000, R10=0x0000000000000000, R11=0x0000000000000000
R12=0x00007fd74b6eca3c, R13=0x0000000000000000, R14=0x0000000000000000, R15=0x0000000000cca800
RIP=0x00007fd7368f11f8, EFLAGS=0x0000000000010246, CSGSFS=0x0000000000000033, ERR=0x0000000000000004
  TRAPNO=0x000000000000000e

Top of Stack: (sp=0x00007fd74b6ebb10)
0x00007fd74b6ebb10:   00007fd7402194f0 00007fd7368efcef
0x00007fd74b6ebb20:   0000000000000c48 00007fd740000020
0x00007fd74b6ebb30:   000000000000000e 000000000000080c
0x00007fd74b6ebb40:   00007fd700000000 00007fd740000020
0x00007fd74b6ebb50:   000000000000000e 00007fd7368f6754
0x00007fd74b6ebb60:   00007fd74b6ebfec c07189b16a4f8d00
0x00007fd74b6ebb70:   00007fd7402194f0 00007fd740217c7c
0x00007fd74b6ebb80:   000000000000000e 00007fd7368efebf
0x00007fd74b6ebb90:   4247527320434549 0000000000000000
0x00007fd74b6ebba0:   00007fd740219790 2dd3000000000100
0x00007fd74b6ebbb0:   0000080c000004c4 00007fd740000020
0x00007fd74b6ebbc0:   00007fd700000000 00007fd740219640
0x00007fd74b6ebbd0:   0000000000000c48 00007fd740217af8
0x00007fd74b6ebbe0:   0000000000000011 00007fd74afc9d7c
0x00007fd74b6ebbf0:   00007fd740219640 00007fd7368efe2c
0x00007fd74b6ebc00:   00007fd7402178a0 00007fd7368f13ae
0x00007fd74b6ebc10:   00007fd740218750 0000000000000000
0x00007fd74b6ebc20:   0000003100000000 0000000900000006
0x00007fd74b6ebc30:   0000006200000001 ffffffffffffffff
0x00007fd74b6ebc40:   0000000000000000 0000000000000000
0x00007fd74b6ebc50:   00007fd74b0a9689 6d6e747202100000
0x00007fd74b6ebc60:   58595a2052474220 00000000000000b0
0x00007fd74b6ebc70:   7352474249454320 0000000000000000
0x00007fd74b6ebc80:   0000000000000000 0000000000000000
0x00007fd74b6ebc90:   6370727400000011 00007fd740000020
0x00007fd74b6ebca0:   00007fd740209dd0 000000000000007c
0x00007fd74b6ebcb0:   00007fd74b6ec1d0 00007fd74b6ec490
0x00007fd74b6ebcc0:   00007fd74b51385b 00007fd74afc977d
0x00007fd74b6ebcd0:   6254524300000000 000000000000003f
0x00007fd74b6ebce0:   00007fd740209dd0 0000000000000000
0x00007fd74b6ebcf0:   00007fd740216b5d 00007fd74b5077e1
0x00007fd74b6ebd00:   0000000000000000 0000000000000000 

Instructions: (pc=0x00007fd7368f11f8)
0x00007fd7368f11d8:   48 89 de 48 81 ec b8 0e 00 00 64 48 8b 04 25 28
0x00007fd7368f11e8:   00 00 00 48 89 84 24 a8 0e 00 00 31 c0 48 89 e7
0x00007fd7368f11f8:   f3 48 a5 48 89 df e8 1d f6 ff ff 48 89 c7 e8 65
0x00007fd7368f1208:   f0 ff ff 48 85 c0 49 89 c4 48 89 03 74 0e 31 f6 

Register to memory mapping:

RAX=0x0000000000000000 is an unknown value
RBX=0x0000000000000000 is an unknown value
RCX=0x00000000000001d4 is an unknown value
RDX=0x00007fd74b6eca3c is pointing into the stack for thread: 0x0000000000cca800
RSP=0x00007fd74b6ebb10 is pointing into the stack for thread: 0x0000000000cca800
RBP=0x0000000000000000 is an unknown value
RSI=0x0000000000000000 is an unknown value
RDI=0x00007fd74b6ebb10 is pointing into the stack for thread: 0x0000000000cca800
R8 =0x00007fd740216b20 is an unknown value
R9 =0x0000000000000000 is an unknown value
R10=0x0000000000000000 is an unknown value
R11=0x0000000000000000 is an unknown value
R12=0x00007fd74b6eca3c is pointing into the stack for thread: 0x0000000000cca800
R13=0x0000000000000000 is an unknown value
R14=0x0000000000000000 is an unknown value
R15=0x0000000000cca800 is a thread


Stack: [0x00007fd74b5ee000,0x00007fd74b6ef000],  sp=0x00007fd74b6ebb10,  free space=1014k
Native frames: (J=compiled Java code, j=interpreted, Vv=VM code, C=native code)
C  [liblcms2.so.2+0x121f8]  cmsSaveProfileToIOhandler+0x38

[error occurred during error reporting (printing native stack), id 0xb]

Java frames: (J=compiled Java code, j=interpreted, Vv=VM code)
j  sun.java2d.cmm.lcms.LCMS.getTagData(JI[B)V+0
j  java.awt.color.ICC_Profile.getData(JI)[B+26
j  java.awt.color.ICC_Profile.getData(I)[B+14
j  java.awt.color.ICC_Profile.getNumComponents()I+18
j  sun.java2d.cmm.lcms.LCMSTransform.<init>(Ljava/awt/color/ICC_Profile;II)V+83
j  sun.java2d.cmm.lcms.LCMS.createTransform(Ljava/awt/color/ICC_Profile;II)Lsun/java2d/cmm/ColorTransform;+7
j  java.awt.color.ICC_ColorSpace.fromRGB([F)[F+37
j  com.sun.imageio.plugins.jpeg.JPEGImageReader.setImageData(IIIII[B)V+158
v  ~StubRoutines::call_stub
j  com.sun.imageio.plugins.jpeg.JPEGImageReader.readImageHeader(JZZ)Z+0
j  com.sun.imageio.plugins.jpeg.JPEGImageReader.readNativeHeader(Z)Z+12
j  com.sun.imageio.plugins.jpeg.JPEGImageReader.checkTablesOnly()V+92
j  com.sun.imageio.plugins.jpeg.JPEGImageReader.gotoImage(I)V+41
j  com.sun.imageio.plugins.jpeg.JPEGImageReader.readHeader(IZ)V+2
j  com.sun.imageio.plugins.jpeg.JPEGImageReader.readInternal(ILjavax/imageio/ImageReadParam;Z)Ljava/awt/image/Raster;+3
j  com.sun.imageio.plugins.jpeg.JPEGImageReader.read(ILjavax/imageio/ImageReadParam;)Ljava/awt/image/BufferedImage;+8
j  javax.imageio.ImageIO.read(Ljavax/imageio/stream/ImageInputStream;)Ljava/awt/image/BufferedImage;+55
j  javax.imageio.ImageIO.read(Ljava/io/InputStream;)Ljava/awt/image/BufferedImage;+20
j  content.ImageBank.<init>()V+119
j  main.Main.main([Ljava/lang/String;)V+4
v  ~StubRoutines::call_stub

---------------  P R O C E S S  ---------------

Java Threads: ( => current thread )
  0x00007fd7401d4000 JavaThread "Thread-0" [_thread_blocked, id=3899, stack(0x00007fd737181000,0x00007fd737282000)]
  0x00007fd7401d2000 JavaThread "AWT-EventQueue-0" [_thread_in_native, id=3898, stack(0x00007fd737282000,0x00007fd737383000)]
  0x00007fd74012c800 JavaThread "AWT-Shutdown" [_thread_blocked, id=3897, stack(0x00007fd7379e8000,0x00007fd737ae9000)]
  0x00007fd74009b800 JavaThread "process reaper" daemon [_thread_blocked, id=3894, stack(0x00007fd744032000,0x00007fd74404c000)]
  0x00007fd740076000 JavaThread "AWT-XAWT" daemon [_thread_in_native, id=3892, stack(0x00007fd737ae9000,0x00007fd737bea000)]
  0x00007fd74002f800 JavaThread "Java2D Disposer" daemon [_thread_blocked, id=3891, stack(0x00007fd74404c000,0x00007fd74414d000)]
  0x0000000000dc8800 JavaThread "Service Thread" daemon [_thread_blocked, id=3889, stack(0x00007fd744271000,0x00007fd744372000)]
  0x0000000000dc5800 JavaThread "C2 CompilerThread1" daemon [_thread_blocked, id=3888, stack(0x00007fd744372000,0x00007fd744473000)]
  0x0000000000dc2800 JavaThread "C2 CompilerThread0" daemon [_thread_blocked, id=3887, stack(0x00007fd744473000,0x00007fd744574000)]
  0x0000000000dc0000 JavaThread "Signal Dispatcher" daemon [_thread_blocked, id=3886, stack(0x00007fd744574000,0x00007fd744675000)]
  0x0000000000d68000 JavaThread "Finalizer" daemon [_thread_blocked, id=3885, stack(0x00007fd744675000,0x00007fd744776000)]
  0x0000000000d65800 JavaThread "Reference Handler" daemon [_thread_blocked, id=3884, stack(0x00007fd744776000,0x00007fd744877000)]
=>0x0000000000cca800 JavaThread "main" [_thread_in_native, id=3879, stack(0x00007fd74b5ee000,0x00007fd74b6ef000)]

Other Threads:
  0x0000000000d5d800 VMThread [stack: 0x00007fd744877000,0x00007fd744978000] [id=3883]
  0x0000000000dd3000 WatcherThread [stack: 0x00007fd744170000,0x00007fd744271000] [id=3890]

VM state:not at safepoint (normal execution)

VM Mutex/Monitor currently owned by a thread: None

Heap
 PSYoungGen      total 18496K, used 6846K [0x00000000eb560000, 0x00000000eca00000, 0x0000000100000000)
  eden space 15872K, 43% used [0x00000000eb560000,0x00000000ebc0f860,0x00000000ec4e0000)
  from space 2624K, 0% used [0x00000000ec770000,0x00000000ec770000,0x00000000eca00000)
  to   space 2624K, 0% used [0x00000000ec4e0000,0x00000000ec4e0000,0x00000000ec770000)
 PSOldGen        total 42304K, used 0K [0x00000000c2000000, 0x00000000c4950000, 0x00000000eb560000)
  object space 42304K, 0% used [0x00000000c2000000,0x00000000c2000000,0x00000000c4950000)
 PSPermGen       total 21248K, used 11196K [0x00000000b7a00000, 0x00000000b8ec0000, 0x00000000c2000000)
  object space 21248K, 52% used [0x00000000b7a00000,0x00000000b84ef300,0x00000000b8ec0000)

Code Cache  [0x00007fd7454a1000, 0x00007fd745711000, 0x00007fd7484a1000)
 total_blobs=443 nmethods=13 adapters=383 free_code_cache=48614Kb largest_free_block=49771328

Dynamic libraries:
00400000-00401000 r-xp 00000000 08:01 400896                             /usr/lib/jvm/java-7-openjdk-amd64/jre/bin/java
00600000-00601000 r--p 00000000 08:01 400896                             /usr/lib/jvm/java-7-openjdk-amd64/jre/bin/java
00601000-00602000 rw-p 00001000 08:01 400896                             /usr/lib/jvm/java-7-openjdk-amd64/jre/bin/java
00cc0000-0113f000 rw-p 00000000 00:00 0                                  [heap]
b7a00000-b8ec0000 rw-p 00000000 00:00 0 
b8ec0000-c2000000 rw-p 00000000 00:00 0 
c2000000-c4950000 rw-p 00000000 00:00 0 
c4950000-eb560000 rw-p 00000000 00:00 0 
eb560000-eca00000 rw-p 00000000 00:00 0 
eca00000-100000000 rw-p 00000000 00:00 0 
7fd7368df000-7fd736925000 r-xp 00000000 08:01 406696                     /usr/lib/x86_64-linux-gnu/liblcms2.so.2.0.2
7fd736925000-7fd736b24000 ---p 00046000 08:01 406696                     /usr/lib/x86_64-linux-gnu/liblcms2.so.2.0.2
7fd736b24000-7fd736b25000 r--p 00045000 08:01 406696                     /usr/lib/x86_64-linux-gnu/liblcms2.so.2.0.2
7fd736b25000-7fd736b29000 rw-p 00046000 08:01 406696                     /usr/lib/x86_64-linux-gnu/liblcms2.so.2.0.2
7fd736b29000-7fd736b2a000 rw-p 00000000 00:00 0 
7fd736b2a000-7fd736b2e000 r-xp 00000000 08:01 398964                     /usr/lib/jvm/java-7-openjdk-amd64/jre/lib/amd64/libjavalcms.so
7fd736b2e000-7fd736d2d000 ---p 00004000 08:01 398964                     /usr/lib/jvm/java-7-openjdk-amd64/jre/lib/amd64/libjavalcms.so
7fd736d2d000-7fd736d2e000 r--p 00003000 08:01 398964                     /usr/lib/jvm/java-7-openjdk-amd64/jre/lib/amd64/libjavalcms.so
7fd736d2e000-7fd736d2f000 rw-p 00004000 08:01 398964                     /usr/lib/jvm/java-7-openjdk-amd64/jre/lib/amd64/libjavalcms.so
7fd736d2f000-7fd736d53000 r-xp 00000000 08:01 406680                     /usr/lib/x86_64-linux-gnu/libjpeg.so.62.0.0
7fd736d53000-7fd736f52000 ---p 00024000 08:01 406680                     /usr/lib/x86_64-linux-gnu/libjpeg.so.62.0.0
7fd736f52000-7fd736f53000 r--p 00023000 08:01 406680                     /usr/lib/x86_64-linux-gnu/libjpeg.so.62.0.0
7fd736f53000-7fd736f54000 rw-p 00024000 08:01 406680                     /usr/lib/x86_64-linux-gnu/libjpeg.so.62.0.0
7fd736f77000-7fd736f80000 r-xp 00000000 08:01 398665                     /usr/lib/jvm/java-7-openjdk-amd64/jre/lib/amd64/libjavajpeg.so
7fd736f80000-7fd73717f000 ---p 00009000 08:01 398665                     /usr/lib/jvm/java-7-openjdk-amd64/jre/lib/amd64/libjavajpeg.so
7fd73717f000-7fd737180000 r--p 00008000 08:01 398665                     /usr/lib/jvm/java-7-openjdk-amd64/jre/lib/amd64/libjavajpeg.so
7fd737180000-7fd737181000 rw-p 00009000 08:01 398665                     /usr/lib/jvm/java-7-openjdk-amd64/jre/lib/amd64/libjavajpeg.so
7fd737181000-7fd737184000 ---p 00000000 00:00 0 
7fd737184000-7fd737282000 rw-p 00000000 00:00 0 
7fd737282000-7fd737285000 ---p 00000000 00:00 0 
7fd737285000-7fd737383000 rw-p 00000000 00:00 0 
7fd737383000-7fd737393000 r-xp 00000000 08:01 399340                     /usr/lib/jvm/java-7-openjdk-amd64/jre/lib/amd64/libnio.so
7fd737393000-7fd737592000 ---p 00010000 08:01 399340                     /usr/lib/jvm/java-7-openjdk-amd64/jre/lib/amd64/libnio.so
7fd737592000-7fd737593000 r--p 0000f000 08:01 399340                     /usr/lib/jvm/java-7-openjdk-amd64/jre/lib/amd64/libnio.so
7fd737593000-7fd737594000 rw-p 00010000 08:01 399340                     /usr/lib/jvm/java-7-openjdk-amd64/jre/lib/amd64/libnio.so
7fd737594000-7fd7375aa000 r-xp 00000000 08:01 399248                     /usr/lib/jvm/java-7-openjdk-amd64/jre/lib/amd64/libnet.so
7fd7375aa000-7fd7377a9000 ---p 00016000 08:01 399248                     /usr/lib/jvm/java-7-openjdk-amd64/jre/lib/amd64/libnet.so
7fd7377a9000-7fd7377aa000 r--p 00015000 08:01 399248                     /usr/lib/jvm/java-7-openjdk-amd64/jre/lib/amd64/libnet.so
7fd7377aa000-7fd7377ab000 rw-p 00016000 08:01 399248                     /usr/lib/jvm/java-7-openjdk-amd64/jre/lib/amd64/libnet.so
7fd7377ab000-7fd7377e5000 r-xp 00000000 08:01 398142                     /usr/lib/jvm/java-7-openjdk-amd64/jre/lib/amd64/libfontmanager.so
7fd7377e5000-7fd7379e5000 ---p 0003a000 08:01 398142                     /usr/lib/jvm/java-7-openjdk-amd64/jre/lib/amd64/libfontmanager.so
7fd7379e5000-7fd7379e7000 r--p 0003a000 08:01 398142                     /usr/lib/jvm/java-7-openjdk-amd64/jre/lib/amd64/libfontmanager.so
7fd7379e7000-7fd7379e8000 rw-p 0003c000 08:01 398142                     /usr/lib/jvm/java-7-openjdk-amd64/jre/lib/amd64/libfontmanager.so
7fd7379e8000-7fd7379eb000 ---p 00000000 00:00 0 
7fd7379eb000-7fd737ae9000 rw-p 00000000 00:00 0 
7fd737ae9000-7fd737aec000 ---p 00000000 00:00 0 
7fd737aec000-7fd737bea000 rw-p 00000000 00:00 0 
7fd737bea000-7fd737bed000 r-xp 00000000 08:01 139849                     /lib/x86_64-linux-gnu/libgpg-error.so.0.8.0
7fd737bed000-7fd737dec000 ---p 00003000 08:01 139849                     /lib/x86_64-linux-gnu/libgpg-error.so.0.8.0
7fd737dec000-7fd737ded000 r--p 00002000 08:01 139849                     /lib/x86_64-linux-gnu/libgpg-error.so.0.8.0
7fd737ded000-7fd737dee000 rw-p 00003000 08:01 139849                     /lib/x86_64-linux-gnu/libgpg-error.so.0.8.0
7fd737dee000-7fd737df0000 r-xp 00000000 08:01 139851                     /lib/x86_64-linux-gnu/libkeyutils.so.1.3
7fd737df0000-7fd737fef000 ---p 00002000 08:01 139851                     /lib/x86_64-linux-gnu/libkeyutils.so.1.3
7fd737fef000-7fd737ff0000 r--p 00001000 08:01 139851                     /lib/x86_64-linux-gnu/libkeyutils.so.1.3
7fd737ff0000-7fd737ff1000 rw-p 00002000 08:01 139851                     /lib/x86_64-linux-gnu/libkeyutils.so.1.3
7fd737ff1000-7fd738033000 r-xp 00000000 08:01 135649                     /lib/x86_64-linux-gnu/libdbus-1.so.3.5.7
7fd738033000-7fd738232000 ---p 00042000 08:01 135649                     /lib/x86_64-linux-gnu/libdbus-1.so.3.5.7
7fd738232000-7fd738233000 r--p 00041000 08:01 135649                     /lib/x86_64-linux-gnu/libdbus-1.so.3.5.7
7fd738233000-7fd738234000 rw-p 00042000 08:01 135649                     /lib/x86_64-linux-gnu/libdbus-1.so.3.5.7
7fd738234000-7fd7382ae000 r-xp 00000000 08:01 139845                     /lib/x86_64-linux-gnu/libgcrypt.so.11.7.0
7fd7382ae000-7fd7384ae000 ---p 0007a000 08:01 139845                     /lib/x86_64-linux-gnu/libgcrypt.so.11.7.0
7fd7384ae000-7fd7384af000 r--p 0007a000 08:01 139845                     /lib/x86_64-linux-gnu/libgcrypt.so.11.7.0
7fd7384af000-7fd7384b2000 rw-p 0007b000 08:01 139845                     /lib/x86_64-linux-gnu/libgcrypt.so.11.7.0
7fd7384b2000-7fd7384c2000 r-xp 00000000 08:01 406788                     /usr/lib/x86_64-linux-gnu/libtasn1.so.3.1.11
7fd7384c2000-7fd7386c1000 ---p 00010000 08:01 406788                     /usr/lib/x86_64-linux-gnu/libtasn1.so.3.1.11
7fd7386c1000-7fd7386c2000 r--p 0000f000 08:01 406788                     /usr/lib/x86_64-linux-gnu/libtasn1.so.3.1.11
7fd7386c2000-7fd7386c3000 rw-p 00010000 08:01 406788                     /usr/lib/x86_64-linux-gnu/libtasn1.so.3.1.11
7fd7386c3000-7fd7386ca000 r-xp 00000000 08:01 397002                     /usr/lib/x86_64-linux-gnu/libkrb5support.so.0.1
7fd7386ca000-7fd7388c9000 ---p 00007000 08:01 397002                     /usr/lib/x86_64-linux-gnu/libkrb5support.so.0.1
7fd7388c9000-7fd7388ca000 r--p 00006000 08:01 397002                     /usr/lib/x86_64-linux-gnu/libkrb5support.so.0.1
7fd7388ca000-7fd7388cb000 rw-p 00007000 08:01 397002                     /usr/lib/x86_64-linux-gnu/libkrb5support.so.0.1
7fd7388cb000-7fd7388ce000 r-xp 00000000 08:01 139827                     /lib/x86_64-linux-gnu/libcom_err.so.2.1
7fd7388ce000-7fd738acd000 ---p 00003000 08:01 139827                     /lib/x86_64-linux-gnu/libcom_err.so.2.1
7fd738acd000-7fd738ace000 r--p 00002000 08:01 139827                     /lib/x86_64-linux-gnu/libcom_err.so.2.1
7fd738ace000-7fd738acf000 rw-p 00003000 08:01 139827                     /lib/x86_64-linux-gnu/libcom_err.so.2.1
7fd738acf000-7fd738af5000 r-xp 00000000 08:01 394051                     /usr/lib/x86_64-linux-gnu/libk5crypto.so.3.1
7fd738af5000-7fd738cf4000 ---p 00026000 08:01 394051                     /usr/lib/x86_64-linux-gnu/libk5crypto.so.3.1
7fd738cf4000-7fd738cf6000 r--p 00025000 08:01 394051                     /usr/lib/x86_64-linux-gnu/libk5crypto.so.3.1
7fd738cf6000-7fd738cf7000 rw-p 00027000 08:01 394051                     /usr/lib/x86_64-linux-gnu/libk5crypto.so.3.1
7fd738cf7000-7fd738db6000 r-xp 00000000 08:01 397018                     /usr/lib/x86_64-linux-gnu/libkrb5.so.3.3
7fd738db6000-7fd738fb6000 ---p 000bf000 08:01 397018                     /usr/lib/x86_64-linux-gnu/libkrb5.so.3.3
7fd738fb6000-7fd738fbf000 r--p 000bf000 08:01 397018                     /usr/lib/x86_64-linux-gnu/libkrb5.so.3.3
7fd738fbf000-7fd738fc0000 rw-p 000c8000 08:01 397018                     /usr/lib/x86_64-linux-gnu/libkrb5.so.3.3
7fd738fc0000-7fd738fc7000 r-xp 00000000 08:01 406811                     /usr/lib/x86_64-linux-gnu/libxcb-render.so.0.0.0
7fd738fc7000-7fd7391c7000 ---p 00007000 08:01 406811                     /usr/lib/x86_64-linux-gnu/libxcb-render.so.0.0.0
7fd7391c7000-7fd7391c8000 r--p 00007000 08:01 406811                     /usr/lib/x86_64-linux-gnu/libxcb-render.so.0.0.0
7fd7391c8000-7fd7391c9000 rw-p 00008000 08:01 406811                     /usr/lib/x86_64-linux-gnu/libxcb-render.so.0.0.0
7fd7391c9000-7fd7391cb000 r-xp 00000000 08:01 406815                     /usr/lib/x86_64-linux-gnu/libxcb-shm.so.0.0.0
7fd7391cb000-7fd7393ca000 ---p 00002000 08:01 406815                     /usr/lib/x86_64-linux-gnu/libxcb-shm.so.0.0.0
7fd7393ca000-7fd7393cb000 r--p 00001000 08:01 406815                     /usr/lib/x86_64-linux-gnu/libxcb-shm.so.0.0.0
7fd7393cb000-7fd7393cc000 rw-p 00002000 08:01 406815                     /usr/lib/x86_64-linux-gnu/libxcb-shm.so.0.0.0
7fd7393cc000-7fd7393f2000 r-xp 00000000 08:01 139881                     /lib/x86_64-linux-gnu/libpng12.so.0.46.0
7fd7393f2000-7fd7395f1000 ---p 00026000 08:01 139881                     /lib/x86_64-linux-gnu/libpng12.so.0.46.0
7fd7395f1000-7fd7395f2000 r--p 00025000 08:01 139881                     /lib/x86_64-linux-gnu/libpng12.so.0.46.0
7fd7395f2000-7fd7395f3000 rw-p 00026000 08:01 139881                     /lib/x86_64-linux-gnu/libpng12.so.0.46.0
7fd7395f3000-7fd739661000 r-xp 00000000 08:01 406743                     /usr/lib/x86_64-linux-gnu/libpixman-1.so.0.22.2
7fd739661000-7fd739861000 ---p 0006e000 08:01 406743                     /usr/lib/x86_64-linux-gnu/libpixman-1.so.0.22.2
7fd739861000-7fd739866000 r--p 0006e000 08:01 406743                     /usr/lib/x86_64-linux-gnu/libpixman-1.so.0.22.2
7fd739866000-7fd739867000 rw-p 00073000 08:01 406743                     /usr/lib/x86_64-linux-gnu/libpixman-1.so.0.22.2
7fd739867000-7fd73986c000 r-xp 00000000 08:01 406539                     /usr/lib/x86_64-linux-gnu/libXdmcp.so.6.0.0
7fd73986c000-7fd739a6b000 ---p 00005000 08:01 406539                     /usr/lib/x86_64-linux-gnu/libXdmcp.so.6.0.0
7fd739a6b000-7fd739a6c000 r--p 00004000 08:01 406539                     /usr/lib/x86_64-linux-gnu/libXdmcp.so.6.0.0
7fd739a6c000-7fd739a6d000 rw-p 00005000 08:01 406539                     /usr/lib/x86_64-linux-gnu/libXdmcp.so.6.0.0
7fd739a6d000-7fd739a6f000 r-xp 00000000 08:01 406531                     /usr/lib/x86_64-linux-gnu/libXau.so.6.0.0
7fd739a6f000-7fd739c6e000 ---p 00002000 08:01 406531                     /usr/lib/x86_64-linux-gnu/libXau.so.6.0.0
7fd739c6e000-7fd739c6f000 r--p 00001000 08:01 406531                     /usr/lib/x86_64-linux-gnu/libXau.so.6.0.0
7fd739c6f000-7fd739c70000 rw-p 00002000 08:01 406531                     /usr/lib/x86_64-linux-gnu/libXau.so.6.0.0
7fd739c70000-7fd739c81000 r-xp 00000000 08:01 406571                     /usr/lib/x86_64-linux-gnu/libavahi-client.so.3.2.9
7fd739c81000-7fd739e81000 ---p 00011000 08:01 406571                     /usr/lib/x86_64-linux-gnu/libavahi-client.so.3.2.9
7fd739e81000-7fd739e82000 r--p 00011000 08:01 406571                     /usr/lib/x86_64-linux-gnu/libavahi-client.so.3.2.9
7fd739e82000-7fd739e83000 rw-p 00012000 08:01 406571                     /usr/lib/x86_64-linux-gnu/libavahi-client.so.3.2.9
7fd739e83000-7fd739e90000 r-xp 00000000 08:01 406573                     /usr/lib/x86_64-linux-gnu/libavahi-common.so.3.5.3
7fd739e90000-7fd73a08f000 ---p 0000d000 08:01 406573                     /usr/lib/x86_64-linux-gnu/libavahi-common.so.3.5.3
7fd73a08f000-7fd73a090000 r--p 0000c000 08:01 406573                     /usr/lib/x86_64-linux-gnu/libavahi-common.so.3.5.3
7fd73a090000-7fd73a091000 rw-p 0000d000 08:01 406573                     /usr/lib/x86_64-linux-gnu/libavahi-common.so.3.5.3
7fd73a091000-7fd73a132000 r-xp 00000000 08:01 406657                     /usr/lib/x86_64-linux-gnu/libgnutls.so.26.16.14
7fd73a132000-7fd73a331000 ---p 000a1000 08:01 406657                     /usr/lib/x86_64-linux-gnu/libgnutls.so.26.16.14
7fd73a331000-7fd73a338000 r--p 000a0000 08:01 406657                     /usr/lib/x86_64-linux-gnu/libgnutls.so.26.16.14
7fd73a338000-7fd73a339000 rw-p 000a7000 08:01 406657                     /usr/lib/x86_64-linux-gnu/libgnutls.so.26.16.14
7fd73a339000-7fd73a374000 r-xp 00000000 08:01 406685                     /usr/lib/x86_64-linux-gnu/libgssapi_krb5.so.2.2
7fd73a374000-7fd73a574000 ---p 0003b000 08:01 406685                     /usr/lib/x86_64-linux-gnu/libgssapi_krb5.so.2.2
7fd73a574000-7fd73a575000 r--p 0003b000 08:01 406685                     /usr/lib/x86_64-linux-gnu/libgssapi_krb5.so.2.2
7fd73a575000-7fd73a577000 rw-p 0003c000 08:01 406685                     /usr/lib/x86_64-linux-gnu/libgssapi_krb5.so.2.2
7fd73a577000-7fd73a5b2000 r-xp 00000000 08:01 139879                     /lib/x86_64-linux-gnu/libpcre.so.3.12.1
7fd73a5b2000-7fd73a7b1000 ---p 0003b000 08:01 139879                     /lib/x86_64-linux-gnu/libpcre.so.3.12.1
7fd73a7b1000-7fd73a7b2000 r--p 0003a000 08:01 139879                     /lib/x86_64-linux-gnu/libpcre.so.3.12.1
7fd73a7b2000-7fd73a7b3000 rw-p 0003b000 08:01 139879                     /lib/x86_64-linux-gnu/libpcre.so.3.12.1
7fd73a7b3000-7fd73a7ba000 r-xp 00000000 08:01 396800                     /usr/lib/x86_64-linux-gnu/libffi.so.6.0.0
7fd73a7ba000-7fd73a9b9000 ---p 00007000 08:01 396800                     /usr/lib/x86_64-linux-gnu/libffi.so.6.0.0
7fd73a9b9000-7fd73a9ba000 r--p 00006000 08:01 396800                     /usr/lib/x86_64-linux-gnu/libffi.so.6.0.0
7fd73a9ba000-7fd73a9bb000 rw-p 00007000 08:01 396800                     /usr/lib/x86_64-linux-gnu/libffi.so.6.0.0
7fd73a9bb000-7fd73a9e2000 r-xp 00000000 08:01 139838                     /lib/x86_64-linux-gnu/libexpat.so.1.5.2
7fd73a9e2000-7fd73abe2000 ---p 00027000 08:01 139838                     /lib/x86_64-linux-gnu/libexpat.so.1.5.2
7fd73abe2000-7fd73abe4000 r--p 00027000 08:01 139838                     /lib/x86_64-linux-gnu/libexpat.so.1.5.2
7fd73abe4000-7fd73abe5000 rw-p 00029000 08:01 139838                     /lib/x86_64-linux-gnu/libexpat.so.1.5.2
7fd73abe5000-7fd73ac77000 r-xp 00000000 08:01 406632                     /usr/lib/x86_64-linux-gnu/libfreetype.so.6.6.2
7fd73ac77000-7fd73ae76000 ---p 00092000 08:01 406632                     /usr/lib/x86_64-linux-gnu/libfreetype.so.6.6.2
7fd73ae76000-7fd73ae7c000 r--p 00091000 08:01 406632                     /usr/lib/x86_64-linux-gnu/libfreetype.so.6.6.2
7fd73ae7c000-7fd73ae7d000 rw-p 00097000 08:01 406632                     /usr/lib/x86_64-linux-gnu/libfreetype.so.6.6.2
7fd73ae7d000-7fd73ae94000 r-xp 00000000 08:01 134597                     /lib/x86_64-linux-gnu/libresolv-2.13.so
7fd73ae94000-7fd73b094000 ---p 00017000 08:01 134597                     /lib/x86_64-linux-gnu/libresolv-2.13.so
7fd73b094000-7fd73b095000 r--p 00017000 08:01 134597                     /lib/x86_64-linux-gnu/libresolv-2.13.so
7fd73b095000-7fd73b096000 rw-p 00018000 08:01 134597                     /lib/x86_64-linux-gnu/libresolv-2.13.so
7fd73b096000-7fd73b098000 rw-p 00000000 00:00 0 
7fd73b098000-7fd73b0b4000 r-xp 00000000 08:01 139888                     /lib/x86_64-linux-gnu/libselinux.so.1
7fd73b0b4000-7fd73b2b3000 ---p 0001c000 08:01 139888                     /lib/x86_64-linux-gnu/libselinux.so.1
7fd73b2b3000-7fd73b2b4000 r--p 0001b000 08:01 139888                     /lib/x86_64-linux-gnu/libselinux.so.1
7fd73b2b4000-7fd73b2b5000 rw-p 0001c000 08:01 139888                     /lib/x86_64-linux-gnu/libselinux.so.1
7fd73b2b5000-7fd73b2b6000 rw-p 00000000 00:00 0 
7fd73b2b6000-7fd73b2b8000 r-xp 00000000 08:01 406537                     /usr/lib/x86_64-linux-gnu/libXdamage.so.1.1.0
7fd73b2b8000-7fd73b4b7000 ---p 00002000 08:01 406537                     /usr/lib/x86_64-linux-gnu/libXdamage.so.1.1.0
7fd73b4b7000-7fd73b4b8000 r--p 00001000 08:01 406537                     /usr/lib/x86_64-linux-gnu/libXdamage.so.1.1.0
7fd73b4b8000-7fd73b4b9000 rw-p 00002000 08:01 406537                     /usr/lib/x86_64-linux-gnu/libXdamage.so.1.1.0
7fd73b4b9000-7fd73b4bb000 r-xp 00000000 08:01 406533                     /usr/lib/x86_64-linux-gnu/libXcomposite.so.1.0.0
7fd73b4bb000-7fd73b6ba000 ---p 00002000 08:01 406533                     /usr/lib/x86_64-linux-gnu/libXcomposite.so.1.0.0
7fd73b6ba000-7fd73b6bb000 r--p 00001000 08:01 406533                     /usr/lib/x86_64-linux-gnu/libXcomposite.so.1.0.0
7fd73b6bb000-7fd73b6bc000 rw-p 00002000 08:01 406533                     /usr/lib/x86_64-linux-gnu/libXcomposite.so.1.0.0
7fd73b6bc000-7fd73b6c5000 r-xp 00000000 08:01 406535                     /usr/lib/x86_64-linux-gnu/libXcursor.so.1.0.2
7fd73b6c5000-7fd73b8c4000 ---p 00009000 08:01 406535                     /usr/lib/x86_64-linux-gnu/libXcursor.so.1.0.2
7fd73b8c4000-7fd73b8c5000 r--p 00008000 08:01 406535                     /usr/lib/x86_64-linux-gnu/libXcursor.so.1.0.2
7fd73b8c5000-7fd73b8c6000 rw-p 00009000 08:01 406535                     /usr/lib/x86_64-linux-gnu/libXcursor.so.1.0.2
7fd73b8c6000-7fd73b8ce000 r-xp 00000000 08:01 406551                     /usr/lib/x86_64-linux-gnu/libXrandr.so.2.2.0
7fd73b8ce000-7fd73bacd000 ---p 00008000 08:01 406551                     /usr/lib/x86_64-linux-gnu/libXrandr.so.2.2.0
7fd73bacd000-7fd73bace000 r--p 00007000 08:01 406551                     /usr/lib/x86_64-linux-gnu/libXrandr.so.2.2.0
7fd73bace000-7fd73bacf000 rw-p 00008000 08:01 406551                     /usr/lib/x86_64-linux-gnu/libXrandr.so.2.2.0
7fd73bacf000-7fd73bad1000 r-xp 00000000 08:01 406549                     /usr/lib/x86_64-linux-gnu/libXinerama.so.1.0.0
7fd73bad1000-7fd73bcd0000 ---p 00002000 08:01 406549                     /usr/lib/x86_64-linux-gnu/libXinerama.so.1.0.0
7fd73bcd0000-7fd73bcd1000 r--p 00001000 08:01 406549                     /usr/lib/x86_64-linux-gnu/libXinerama.so.1.0.0
7fd73bcd1000-7fd73bcd2000 rw-p 00002000 08:01 406549                     /usr/lib/x86_64-linux-gnu/libXinerama.so.1.0.0
7fd73bcd2000-7fd73bcd5000 r-xp 00000000 08:01 395217                     /usr/lib/x86_64-linux-gnu/libgmodule-2.0.so.0.3000.0
7fd73bcd5000-7fd73bed4000 ---p 00003000 08:01 395217                     /usr/lib/x86_64-linux-gnu/libgmodule-2.0.so.0.3000.0
7fd73bed4000-7fd73bed5000 r--p 00002000 08:01 395217                     /usr/lib/x86_64-linux-gnu/libgmodule-2.0.so.0.3000.0
7fd73bed5000-7fd73bed6000 rw-p 00003000 08:01 395217                     /usr/lib/x86_64-linux-gnu/libgmodule-2.0.so.0.3000.0
7fd73bed6000-7fd73bf00000 r-xp 00000000 08:01 397305                     /usr/lib/x86_64-linux-gnu/libpangoft2-1.0.so.0.2903.0
7fd73bf00000-7fd73c0ff000 ---p 0002a000 08:01 397305                     /usr/lib/x86_64-linux-gnu/libpangoft2-1.0.so.0.2903.0
7fd73c0ff000-7fd73c100000 r--p 00029000 08:01 397305                     /usr/lib/x86_64-linux-gnu/libpangoft2-1.0.so.0.2903.0
7fd73c100000-7fd73c101000 rw-p 0002a000 08:01 397305                     /usr/lib/x86_64-linux-gnu/libpangoft2-1.0.so.0.2903.0
7fd73c101000-7fd73c1ba000 r-xp 00000000 08:01 406593                     /usr/lib/x86_64-linux-gnu/libcairo.so.2.11000.2
7fd73c1ba000-7fd73c3b9000 ---p 000b9000 08:01 406593                     /usr/lib/x86_64-linux-gnu/libcairo.so.2.11000.2
7fd73c3b9000-7fd73c3bb000 r--p 000b8000 08:01 406593                     /usr/lib/x86_64-linux-gnu/libcairo.so.2.11000.2
7fd73c3bb000-7fd73c3bc000 rw-p 000ba000 08:01 406593                     /usr/lib/x86_64-linux-gnu/libcairo.so.2.11000.2
7fd73c3bc000-7fd73c3bf000 rw-p 00000000 00:00 0 
7fd73c3bf000-7fd73c3de000 r-xp 00000000 08:01 394856                     /usr/lib/x86_64-linux-gnu/libatk-1.0.so.0.20209.1
7fd73c3de000-7fd73c5de000 ---p 0001f000 08:01 394856                     /usr/lib/x86_64-linux-gnu/libatk-1.0.so.0.20209.1
7fd73c5de000-7fd73c5e0000 r--p 0001f000 08:01 394856                     /usr/lib/x86_64-linux-gnu/libatk-1.0.so.0.20209.1
7fd73c5e0000-7fd73c5e1000 rw-p 00021000 08:01 394856                     /usr/lib/x86_64-linux-gnu/libatk-1.0.so.0.20209.1
7fd73c5e1000-7fd73c5e6000 r-xp 00000000 08:01 406543                     /usr/lib/x86_64-linux-gnu/libXfixes.so.3.1.0
7fd73c5e6000-7fd73c7e5000 ---p 00005000 08:01 406543                     /usr/lib/x86_64-linux-gnu/libXfixes.so.3.1.0
7fd73c7e5000-7fd73c7e6000 r--p 00004000 08:01 406543                     /usr/lib/x86_64-linux-gnu/libXfixes.so.3.1.0
7fd73c7e6000-7fd73c7e7000 rw-p 00005000 08:01 406543                     /usr/lib/x86_64-linux-gnu/libXfixes.so.3.1.0
7fd73c7e7000-7fd73c7f2000 r-xp 00000000 08:01 397309                     /usr/lib/x86_64-linux-gnu/libpangocairo-1.0.so.0.2903.0
7fd73c7f2000-7fd73c9f2000 ---p 0000b000 08:01 397309                     /usr/lib/x86_64-linux-gnu/libpangocairo-1.0.so.0.2903.0
7fd73c9f2000-7fd73c9f3000 r--p 0000b000 08:01 397309                     /usr/lib/x86_64-linux-gnu/libpangocairo-1.0.so.0.2903.0
7fd73c9f3000-7fd73c9f4000 rw-p 0000c000 08:01 397309                     /usr/lib/x86_64-linux-gnu/libpangocairo-1.0.so.0.2903.0
7fd73c9f4000-7fd73ca0f000 r-xp 00000000 08:01 406817                     /usr/lib/x86_64-linux-gnu/libxcb.so.1.1.0
7fd73ca0f000-7fd73cc0e000 ---p 0001b000 08:01 406817                     /usr/lib/x86_64-linux-gnu/libxcb.so.1.1.0
7fd73cc0e000-7fd73cc0f000 r--p 0001a000 08:01 406817                     /usr/lib/x86_64-linux-gnu/libxcb.so.1.1.0
7fd73cc0f000-7fd73cc10000 rw-p 0001b000 08:01 406817                     /usr/lib/x86_64-linux-gnu/libxcb.so.1.1.0
7fd73cc10000-7fd73cc5e000 r-xp 00000000 08:01 400264                     /usr/lib/x86_64-linux-gnu/libcups.so.2
7fd73cc5e000-7fd73ce5e000 ---p 0004e000 08:01 400264                     /usr/lib/x86_64-linux-gnu/libcups.so.2
7fd73ce5e000-7fd73ce62000 r--p 0004e000 08:01 400264                     /usr/lib/x86_64-linux-gnu/libcups.so.2
7fd73ce62000-7fd73ce63000 rw-p 00052000 08:01 400264                     /usr/lib/x86_64-linux-gnu/libcups.so.2
7fd73ce63000-7fd73cf57000 r-xp 00000000 08:01 134283                     /lib/x86_64-linux-gnu/libglib-2.0.so.0.3000.0
7fd73cf57000-7fd73d156000 ---p 000f4000 08:01 134283                     /lib/x86_64-linux-gnu/libglib-2.0.so.0.3000.0
7fd73d156000-7fd73d157000 r--p 000f3000 08:01 134283                     /lib/x86_64-linux-gnu/libglib-2.0.so.0.3000.0
7fd73d157000-7fd73d158000 rw-p 000f4000 08:01 134283                     /lib/x86_64-linux-gnu/libglib-2.0.so.0.3000.0
7fd73d158000-7fd73d159000 rw-p 00000000 00:00 0 
7fd73d159000-7fd73d15d000 r-xp 00000000 08:01 394708                     /usr/lib/x86_64-linux-gnu/libgthread-2.0.so.0.3000.0
7fd73d15d000-7fd73d35c000 ---p 00004000 08:01 394708                     /usr/lib/x86_64-linux-gnu/libgthread-2.0.so.0.3000.0
7fd73d35c000-7fd73d35d000 r--p 00003000 08:01 394708                     /usr/lib/x86_64-linux-gnu/libgthread-2.0.so.0.3000.0
7fd73d35d000-7fd73d35e000 rw-p 00004000 08:01 394708                     /usr/lib/x86_64-linux-gnu/libgthread-2.0.so.0.3000.0
7fd73d35e000-7fd73d3ac000 r-xp 00000000 08:01 394707                     /usr/lib/x86_64-linux-gnu/libgobject-2.0.so.0.3000.0
7fd73d3ac000-7fd73d5ac000 ---p 0004e000 08:01 394707                     /usr/lib/x86_64-linux-gnu/libgobject-2.0.so.0.3000.0
7fd73d5ac000-7fd73d5ad000 r--p 0004e000 08:01 394707                     /usr/lib/x86_64-linux-gnu/libgobject-2.0.so.0.3000.0
7fd73d5ad000-7fd73d5ae000 rw-p 0004f000 08:01 394707                     /usr/lib/x86_64-linux-gnu/libgobject-2.0.so.0.3000.0
7fd73d5ae000-7fd73d5af000 rw-p 00000000 00:00 0 
7fd73d5af000-7fd73d5e3000 r-xp 00000000 08:01 406630                     /usr/lib/x86_64-linux-gnu/libfontconfig.so.1.4.4
7fd73d5e3000-7fd73d7e3000 ---p 00034000 08:01 406630                     /usr/lib/x86_64-linux-gnu/libfontconfig.so.1.4.4
7fd73d7e3000-7fd73d7e4000 r--p 00034000 08:01 406630                     /usr/lib/x86_64-linux-gnu/libfontconfig.so.1.4.4
7fd73d7e4000-7fd73d7e5000 rw-p 00035000 08:01 406630                     /usr/lib/x86_64-linux-gnu/libfontconfig.so.1.4.4
7fd73d7e5000-7fd73d82c000 r-xp 00000000 08:01 397304                     /usr/lib/x86_64-linux-gnu/libpango-1.0.so.0.2903.0
7fd73d82c000-7fd73da2c000 ---p 00047000 08:01 397304                     /usr/lib/x86_64-linux-gnu/libpango-1.0.so.0.2903.0
7fd73da2c000-7fd73da2e000 r--p 00047000 08:01 397304                     /usr/lib/x86_64-linux-gnu/libpango-1.0.so.0.2903.0
7fd73da2e000-7fd73da2f000 rw-p 00049000 08:01 397304                     /usr/lib/x86_64-linux-gnu/libpango-1.0.so.0.2903.0
7fd73da2f000-7fd73da4d000 r-xp 00000000 08:01 394128                     /usr/lib/x86_64-linux-gnu/libgdk_pixbuf-2.0.so.0.2400.0
7fd73da4d000-7fd73dc4c000 ---p 0001e000 08:01 394128                     /usr/lib/x86_64-linux-gnu/libgdk_pixbuf-2.0.so.0.2400.0
7fd73dc4c000-7fd73dc4d000 r--p 0001d000 08:01 394128                     /usr/lib/x86_64-linux-gnu/libgdk_pixbuf-2.0.so.0.2400.0
7fd73dc4d000-7fd73dc4e000 rw-p 0001e000 08:01 394128                     /usr/lib/x86_64-linux-gnu/libgdk_pixbuf-2.0.so.0.2400.0
7fd73dc4e000-7fd73dd89000 r-xp 00000000 08:01 394685                     /usr/lib/x86_64-linux-gnu/libgio-2.0.so.0.3000.0
7fd73dd89000-7fd73df88000 ---p 0013b000 08:01 394685                     /usr/lib/x86_64-linux-gnu/libgio-2.0.so.0.3000.0
7fd73df88000-7fd73df8c000 r--p 0013a000 08:01 394685                     /usr/lib/x86_64-linux-gnu/libgio-2.0.so.0.3000.0
7fd73df8c000-7fd73df8e000 rw-p 0013e000 08:01 394685                     /usr/lib/x86_64-linux-gnu/libgio-2.0.so.0.3000.0
7fd73df8e000-7fd73df90000 rw-p 00000000 00:00 0 
7fd73df90000-7fd73e03d000 r-xp 00000000 08:01 397253                     /usr/lib/x86_64-linux-gnu/libgdk-x11-2.0.so.0.2400.6
7fd73e03d000-7fd73e23c000 ---p 000ad000 08:01 397253                     /usr/lib/x86_64-linux-gnu/libgdk-x11-2.0.so.0.2400.6
7fd73e23c000-7fd73e240000 r--p 000ac000 08:01 397253                     /usr/lib/x86_64-linux-gnu/libgdk-x11-2.0.so.0.2400.6
7fd73e240000-7fd73e242000 rw-p 000b0000 08:01 397253                     /usr/lib/x86_64-linux-gnu/libgdk-x11-2.0.so.0.2400.6
7fd73e242000-7fd73e671000 r-xp 00000000 08:01 397246                     /usr/lib/x86_64-linux-gnu/libgtk-x11-2.0.so.0.2400.6
7fd73e671000-7fd73e871000 ---p 0042f000 08:01 397246                     /usr/lib/x86_64-linux-gnu/libgtk-x11-2.0.so.0.2400.6
7fd73e871000-7fd73e878000 r--p 0042f000 08:01 397246                     /usr/lib/x86_64-linux-gnu/libgtk-x11-2.0.so.0.2400.6
7fd73e878000-7fd73e87c000 rw-p 00436000 08:01 397246                     /usr/lib/x86_64-linux-gnu/libgtk-x11-2.0.so.0.2400.6
7fd73e87c000-7fd73e87e000 rw-p 00000000 00:00 0 
7fd73e87e000-7fd73e88d000 r-xp 00000000 08:01 406547                     /usr/lib/x86_64-linux-gnu/libXi.so.6.1.0
7fd73e88d000-7fd73ea8c000 ---p 0000f000 08:01 406547                     /usr/lib/x86_64-linux-gnu/libXi.so.6.1.0
7fd73ea8c000-7fd73ea8d000 r--p 0000e000 08:01 406547                     /usr/lib/x86_64-linux-gnu/libXi.so.6.1.0
7fd73ea8d000-7fd73ea8e000 rw-p 0000f000 08:01 406547                     /usr/lib/x86_64-linux-gnu/libXi.so.6.1.0
7fd73ea8e000-7fd73ea93000 r-xp 00000000 08:01 398564                     /usr/lib/libXtst.so.6.1.0
7fd73ea93000-7fd73ec92000 ---p 00005000 08:01 398564                     /usr/lib/libXtst.so.6.1.0
7fd73ec92000-7fd73ec93000 r--p 00004000 08:01 398564                     /usr/lib/libXtst.so.6.1.0
7fd73ec93000-7fd73ec94000 rw-p 00005000 08:01 398564                     /usr/lib/libXtst.so.6.1.0
7fd73ec94000-7fd73ec9d000 r-xp 00000000 08:01 406553                     /usr/lib/x86_64-linux-gnu/libXrender.so.1.3.0
7fd73ec9d000-7fd73ee9d000 ---p 00009000 08:01 406553                     /usr/lib/x86_64-linux-gnu/libXrender.so.1.3.0
7fd73ee9d000-7fd73ee9e000 r--p 00009000 08:01 406553                     /usr/lib/x86_64-linux-gnu/libXrender.so.1.3.0
7fd73ee9e000-7fd73ee9f000 rw-p 0000a000 08:01 406553                     /usr/lib/x86_64-linux-gnu/libXrender.so.1.3.0
7fd73ee9f000-7fd73efd2000 r-xp 00000000 08:01 406471                     /usr/lib/x86_64-linux-gnu/libX11.so.6.3.0
7fd73efd2000-7fd73f1d2000 ---p 00133000 08:01 406471                     /usr/lib/x86_64-linux-gnu/libX11.so.6.3.0
7fd73f1d2000-7fd73f1d3000 r--p 00133000 08:01 406471                     /usr/lib/x86_64-linux-gnu/libX11.so.6.3.0
7fd73f1d3000-7fd73f1d7000 rw-p 00134000 08:01 406471                     /usr/lib/x86_64-linux-gnu/libX11.so.6.3.0
7fd73f1d7000-7fd73f1e9000 r-xp 00000000 08:01 406541                     /usr/lib/x86_64-linux-gnu/libXext.so.6.4.0
7fd73f1e9000-7fd73f3e8000 ---p 00012000 08:01 406541                     /usr/lib/x86_64-linux-gnu/libXext.so.6.4.0
7fd73f3e8000-7fd73f3e9000 r--p 00011000 08:01 406541                     /usr/lib/x86_64-linux-gnu/libXext.so.6.4.0
7fd73f3e9000-7fd73f3ea000 rw-p 00012000 08:01 406541                     /usr/lib/x86_64-linux-gnu/libXext.so.6.4.0
7fd73f3ea000-7fd73f43c000 r-xp 00000000 08:01 401973                     /usr/lib/jvm/java-7-openjdk-amd64/jre/lib/amd64/xawt/libmawt.so
7fd73f43c000-7fd73f63c000 ---p 00052000 08:01 401973                     /usr/lib/jvm/java-7-openjdk-amd64/jre/lib/amd64/xawt/libmawt.so
7fd73f63c000-7fd73f63d000 r--p 00052000 08:01 401973                     /usr/lib/jvm/java-7-openjdk-amd64/jre/lib/amd64/xawt/libmawt.so
7fd73f63d000-7fd73f640000 rw-p 00053000 08:01 401973                     /usr/lib/jvm/java-7-openjdk-amd64/jre/lib/amd64/xawt/libmawt.so
7fd73f640000-7fd73f641000 rw-p 00000000 00:00 0 
7fd73f641000-7fd73f6e3000 r-xp 00000000 08:01 398111                     /usr/lib/jvm/java-7-openjdk-amd64/jre/lib/amd64/libawt.so
7fd73f6e3000-7fd73f8e2000 ---p 000a2000 08:01 398111                     /usr/lib/jvm/java-7-openjdk-amd64/jre/lib/amd64/libawt.so
7fd73f8e2000-7fd73f8e3000 r--p 000a1000 08:01 398111                     /usr/lib/jvm/java-7-openjdk-amd64/jre/lib/amd64/libawt.so
7fd73f8e3000-7fd73f8ee000 rw-p 000a2000 08:01 398111                     /usr/lib/jvm/java-7-openjdk-amd64/jre/lib/amd64/libawt.so
7fd73f8ee000-7fd73f913000 rw-p 00000000 00:00 0 
7fd73f913000-7fd740000000 r--p 00000000 08:01 403488                     /usr/lib/locale/locale-archive
7fd740000000-7fd740234000 rw-p 00000000 00:00 0 
7fd740234000-7fd744000000 ---p 00000000 00:00 0 
7fd744001000-7fd744032000 rw-p 00000000 00:00 0 
7fd744032000-7fd744035000 ---p 00000000 00:00 0 
7fd744035000-7fd74404c000 rw-p 00000000 00:00 0 
7fd74404c000-7fd74404f000 ---p 00000000 00:00 0 
7fd74404f000-7fd74414d000 rw-p 00000000 00:00 0 
7fd74414d000-7fd744170000 r--p 00000000 08:01 675061                     /usr/share/locale-langpack/fr/LC_MESSAGES/libc.mo
7fd744170000-7fd744171000 ---p 00000000 00:00 0 
7fd744171000-7fd744271000 rw-p 00000000 00:00 0 
7fd744271000-7fd744274000 ---p 00000000 00:00 0 
7fd744274000-7fd744372000 rw-p 00000000 00:00 0 
7fd744372000-7fd744375000 ---p 00000000 00:00 0 
7fd744375000-7fd744473000 rw-p 00000000 00:00 0 
7fd744473000-7fd744476000 ---p 00000000 00:00 0 
7fd744476000-7fd744574000 rw-p 00000000 00:00 0 
7fd744574000-7fd744577000 ---p 00000000 00:00 0 
7fd744577000-7fd744675000 rw-p 00000000 00:00 0 
7fd744675000-7fd744678000 ---p 00000000 00:00 0 
7fd744678000-7fd744776000 rw-p 00000000 00:00 0 
7fd744776000-7fd744779000 ---p 00000000 00:00 0 
7fd744779000-7fd744877000 rw-p 00000000 00:00 0 
7fd744877000-7fd744878000 ---p 00000000 00:00 0 
7fd744878000-7fd744ce7000 rw-p 00000000 00:00 0 
7fd744ce7000-7fd744e95000 r--s 03e76000 08:01 396788                     /usr/lib/jvm/java-7-openjdk-amd64/jre/lib/rt.jar
7fd744e95000-7fd744ebd000 rw-p 00000000 00:00 0 
7fd744ebd000-7fd744ebe000 ---p 00000000 00:00 0 
7fd744ebe000-7fd744fbe000 rw-p 00000000 00:00 0 
7fd744fbe000-7fd744fbf000 ---p 00000000 00:00 0 
7fd744fbf000-7fd7450ca000 rw-p 00000000 00:00 0 
7fd7450ca000-7fd745112000 rw-p 00000000 00:00 0 
7fd745112000-7fd745127000 rw-p 00000000 00:00 0 
7fd745127000-7fd74525d000 rw-p 00000000 00:00 0 
7fd74525d000-7fd745268000 rw-p 00000000 00:00 0 
7fd745268000-7fd7452b0000 rw-p 00000000 00:00 0 
7fd7452b0000-7fd7452c5000 rw-p 00000000 00:00 0 
7fd7452c5000-7fd7453fa000 rw-p 00000000 00:00 0 
7fd7453fa000-7fd745405000 rw-p 00000000 00:00 0 
7fd745405000-7fd7454a0000 rw-p 00000000 00:00 0 
7fd7454a0000-7fd7454a1000 rw-p 00000000 00:00 0 
7fd7454a1000-7fd745711000 rwxp 00000000 00:00 0 
7fd745711000-7fd7484a1000 rw-p 00000000 00:00 0 
7fd7484a1000-7fd7484a9000 r-xp 00000000 08:01 399895                     /usr/lib/jvm/java-7-openjdk-amd64/jre/lib/amd64/libzip.so
7fd7484a9000-7fd7486a8000 ---p 00008000 08:01 399895                     /usr/lib/jvm/java-7-openjdk-amd64/jre/lib/amd64/libzip.so
7fd7486a8000-7fd7486a9000 r--p 00007000 08:01 399895                     /usr/lib/jvm/java-7-openjdk-amd64/jre/lib/amd64/libzip.so
7fd7486a9000-7fd7486aa000 rw-p 00008000 08:01 399895                     /usr/lib/jvm/java-7-openjdk-amd64/jre/lib/amd64/libzip.so
7fd7486aa000-7fd7486b6000 r-xp 00000000 08:01 134596                     /lib/x86_64-linux-gnu/libnss_files-2.13.so
7fd7486b6000-7fd7488b5000 ---p 0000c000 08:01 134596                     /lib/x86_64-linux-gnu/libnss_files-2.13.so
7fd7488b5000-7fd7488b6000 r--p 0000b000 08:01 134596                     /lib/x86_64-linux-gnu/libnss_files-2.13.so
7fd7488b6000-7fd7488b7000 rw-p 0000c000 08:01 134596                     /lib/x86_64-linux-gnu/libnss_files-2.13.so
7fd7488b7000-7fd7488c1000 r-xp 00000000 08:01 134607                     /lib/x86_64-linux-gnu/libnss_nis-2.13.so
7fd7488c1000-7fd748ac1000 ---p 0000a000 08:01 134607                     /lib/x86_64-linux-gnu/libnss_nis-2.13.so
7fd748ac1000-7fd748ac2000 r--p 0000a000 08:01 134607                     /lib/x86_64-linux-gnu/libnss_nis-2.13.so
7fd748ac2000-7fd748ac3000 rw-p 0000b000 08:01 134607                     /lib/x86_64-linux-gnu/libnss_nis-2.13.so
7fd748ac3000-7fd748ada000 r-xp 00000000 08:01 134591                     /lib/x86_64-linux-gnu/libnsl-2.13.so
7fd748ada000-7fd748cd9000 ---p 00017000 08:01 134591                     /lib/x86_64-linux-gnu/libnsl-2.13.so
7fd748cd9000-7fd748cda000 r--p 00016000 08:01 134591                     /lib/x86_64-linux-gnu/libnsl-2.13.so
7fd748cda000-7fd748cdb000 rw-p 00017000 08:01 134591                     /lib/x86_64-linux-gnu/libnsl-2.13.so
7fd748cdb000-7fd748cdd000 rw-p 00000000 00:00 0 
7fd748cdd000-7fd748ce5000 r-xp 00000000 08:01 134588                     /lib/x86_64-linux-gnu/libnss_compat-2.13.so
7fd748ce5000-7fd748ee4000 ---p 00008000 08:01 134588                     /lib/x86_64-linux-gnu/libnss_compat-2.13.so
7fd748ee4000-7fd748ee5000 r--p 00007000 08:01 134588                     /lib/x86_64-linux-gnu/libnss_compat-2.13.so
7fd748ee5000-7fd748ee6000 rw-p 00008000 08:01 134588                     /lib/x86_64-linux-gnu/libnss_compat-2.13.so
7fd748ee6000-7fd748f0f000 r-xp 00000000 08:01 398578                     /usr/lib/jvm/java-7-openjdk-amd64/jre/lib/amd64/libjava.so
7fd748f0f000-7fd74910e000 ---p 00029000 08:01 398578                     /usr/lib/jvm/java-7-openjdk-amd64/jre/lib/amd64/libjava.so
7fd74910e000-7fd74910f000 r--p 00028000 08:01 398578                     /usr/lib/jvm/java-7-openjdk-amd64/jre/lib/amd64/libjava.so
7fd74910f000-7fd749111000 rw-p 00029000 08:01 398578                     /usr/lib/jvm/java-7-openjdk-amd64/jre/lib/amd64/libjava.so
7fd749111000-7fd74911f000 r-xp 00000000 08:01 399894                     /usr/lib/jvm/java-7-openjdk-amd64/jre/lib/amd64/libverify.so
7fd74911f000-7fd74931e000 ---p 0000e000 08:01 399894                     /usr/lib/jvm/java-7-openjdk-amd64/jre/lib/amd64/libverify.so
7fd74931e000-7fd749320000 r--p 0000d000 08:01 399894                     /usr/lib/jvm/java-7-openjdk-amd64/jre/lib/amd64/libverify.so
7fd749320000-7fd749321000 rw-p 0000f000 08:01 399894                     /usr/lib/jvm/java-7-openjdk-amd64/jre/lib/amd64/libverify.so
7fd749321000-7fd749328000 r-xp 00000000 08:01 134577                     /lib/x86_64-linux-gnu/librt-2.13.so
7fd749328000-7fd749527000 ---p 00007000 08:01 134577                     /lib/x86_64-linux-gnu/librt-2.13.so
7fd749527000-7fd749528000 r--p 00006000 08:01 134577                     /lib/x86_64-linux-gnu/librt-2.13.so
7fd749528000-7fd749529000 rw-p 00007000 08:01 134577                     /lib/x86_64-linux-gnu/librt-2.13.so
7fd749529000-7fd74953e000 r-xp 00000000 08:01 131748                     /lib/x86_64-linux-gnu/libgcc_s.so.1
7fd74953e000-7fd74973d000 ---p 00015000 08:01 131748                     /lib/x86_64-linux-gnu/libgcc_s.so.1
7fd74973d000-7fd74973e000 r--p 00014000 08:01 131748                     /lib/x86_64-linux-gnu/libgcc_s.so.1
7fd74973e000-7fd74973f000 rw-p 00015000 08:01 131748                     /lib/x86_64-linux-gnu/libgcc_s.so.1
7fd74973f000-7fd7497c2000 r-xp 00000000 08:01 134673                     /lib/x86_64-linux-gnu/libm-2.13.so
7fd7497c2000-7fd7499c1000 ---p 00083000 08:01 134673                     /lib/x86_64-linux-gnu/libm-2.13.so
7fd7499c1000-7fd7499c2000 r--p 00082000 08:01 134673                     /lib/x86_64-linux-gnu/libm-2.13.so
7fd7499c2000-7fd7499c3000 rw-p 00083000 08:01 134673                     /lib/x86_64-linux-gnu/libm-2.13.so
7fd7499c3000-7fd749aab000 r-xp 00000000 08:01 398097                     /usr/lib/x86_64-linux-gnu/libstdc++.so.6.0.16
7fd749aab000-7fd749cab000 ---p 000e8000 08:01 398097                     /usr/lib/x86_64-linux-gnu/libstdc++.so.6.0.16
7fd749cab000-7fd749cb3000 r--p 000e8000 08:01 398097                     /usr/lib/x86_64-linux-gnu/libstdc++.so.6.0.16
7fd749cb3000-7fd749cb5000 rw-p 000f0000 08:01 398097                     /usr/lib/x86_64-linux-gnu/libstdc++.so.6.0.16
7fd749cb5000-7fd749cca000 rw-p 00000000 00:00 0 
7fd749cca000-7fd74a651000 r-xp 00000000 08:01 399897                     /usr/lib/jvm/java-7-openjdk-amd64/jre/lib/amd64/server/libjvm.so
7fd74a651000-7fd74a850000 ---p 00987000 08:01 399897                     /usr/lib/jvm/java-7-openjdk-amd64/jre/lib/amd64/server/libjvm.so
7fd74a850000-7fd74a8ce000 r--p 00986000 08:01 399897                     /usr/lib/jvm/java-7-openjdk-amd64/jre/lib/amd64/server/libjvm.so
7fd74a8ce000-7fd74a8e9000 rw-p 00a04000 08:01 399897                     /usr/lib/jvm/java-7-openjdk-amd64/jre/lib/amd64/server/libjvm.so
7fd74a8e9000-7fd74a914000 rw-p 00000000 00:00 0 
7fd74a914000-7fd74a92c000 r-xp 00000000 08:01 134606                     /lib/x86_64-linux-gnu/libpthread-2.13.so
7fd74a92c000-7fd74ab2b000 ---p 00018000 08:01 134606                     /lib/x86_64-linux-gnu/libpthread-2.13.so
7fd74ab2b000-7fd74ab2c000 r--p 00017000 08:01 134606                     /lib/x86_64-linux-gnu/libpthread-2.13.so
7fd74ab2c000-7fd74ab2d000 rw-p 00018000 08:01 134606                     /lib/x86_64-linux-gnu/libpthread-2.13.so
7fd74ab2d000-7fd74ab31000 rw-p 00000000 00:00 0 
7fd74ab31000-7fd74ab48000 r-xp 00000000 08:01 139905                     /lib/x86_64-linux-gnu/libz.so.1.2.3.4
7fd74ab48000-7fd74ad47000 ---p 00017000 08:01 139905                     /lib/x86_64-linux-gnu/libz.so.1.2.3.4
7fd74ad47000-7fd74ad48000 r--p 00016000 08:01 139905                     /lib/x86_64-linux-gnu/libz.so.1.2.3.4
7fd74ad48000-7fd74ad49000 rw-p 00017000 08:01 139905                     /lib/x86_64-linux-gnu/libz.so.1.2.3.4
7fd74ad49000-7fd74ad4b000 r-xp 00000000 08:01 134594                     /lib/x86_64-linux-gnu/libdl-2.13.so
7fd74ad4b000-7fd74af4b000 ---p 00002000 08:01 134594                     /lib/x86_64-linux-gnu/libdl-2.13.so
7fd74af4b000-7fd74af4c000 r--p 00002000 08:01 134594                     /lib/x86_64-linux-gnu/libdl-2.13.so
7fd74af4c000-7fd74af4d000 rw-p 00003000 08:01 134594                     /lib/x86_64-linux-gnu/libdl-2.13.so
7fd74af4d000-7fd74b0e2000 r-xp 00000000 08:01 134593                     /lib/x86_64-linux-gnu/libc-2.13.so
7fd74b0e2000-7fd74b2e1000 ---p 00195000 08:01 134593                     /lib/x86_64-linux-gnu/libc-2.13.so
7fd74b2e1000-7fd74b2e5000 r--p 00194000 08:01 134593                     /lib/x86_64-linux-gnu/libc-2.13.so
7fd74b2e5000-7fd74b2e6000 rw-p 00198000 08:01 134593                     /lib/x86_64-linux-gnu/libc-2.13.so
7fd74b2e6000-7fd74b2ec000 rw-p 00000000 00:00 0 
7fd74b2ec000-7fd74b2f8000 r-xp 00000000 08:01 397479                     /usr/lib/jvm/java-7-openjdk-amd64/jre/lib/amd64/jli/libjli.so
7fd74b2f8000-7fd74b4f7000 ---p 0000c000 08:01 397479                     /usr/lib/jvm/java-7-openjdk-amd64/jre/lib/amd64/jli/libjli.so
7fd74b4f7000-7fd74b4f8000 r--p 0000b000 08:01 397479                     /usr/lib/jvm/java-7-openjdk-amd64/jre/lib/amd64/jli/libjli.so
7fd74b4f8000-7fd74b4f9000 rw-p 0000c000 08:01 397479                     /usr/lib/jvm/java-7-openjdk-amd64/jre/lib/amd64/jli/libjli.so
7fd74b4f9000-7fd74b51a000 r-xp 00000000 08:01 134600                     /lib/x86_64-linux-gnu/ld-2.13.so
7fd74b51a000-7fd74b51e000 r--s 0009f000 08:01 396465                     /usr/lib/jvm/java-7-openjdk-common/jre/lib/jsse.jar
7fd74b51e000-7fd74b527000 r--s 00263000 08:01 396683                     /usr/lib/jvm/java-7-openjdk-common/jre/lib/resources.jar
7fd74b527000-7fd74b52e000 r--s 00000000 08:01 663199                     /usr/lib/x86_64-linux-gnu/gconv/gconv-modules.cache
7fd74b52e000-7fd74b538000 rw-p 00000000 00:00 0 
7fd74b538000-7fd74b5ee000 rw-p 00000000 00:00 0 
7fd74b5ee000-7fd74b5f1000 ---p 00000000 00:00 0 
7fd74b5f1000-7fd74b6f4000 rw-p 00000000 00:00 0 
7fd74b6f5000-7fd74b6f6000 r--p 00000000 00:00 0 
7fd74b6f6000-7fd74b6f9000 r--s 00032000 08:01 395025                     /usr/lib/jvm/java-7-openjdk-common/jre/lib/ext/sunjce_provider.jar
7fd74b6f9000-7fd74b6fc000 r--s 00085000 08:01 395002                     /usr/lib/jvm/java-7-openjdk-common/jre/lib/ext/localedata.jar
7fd74b6fc000-7fd74b6fd000 r--s 00002000 08:01 394906                     /usr/lib/jvm/java-7-openjdk-common/jre/lib/ext/dnsns.jar
7fd74b6fd000-7fd74b700000 r--s 0003c000 08:01 394890                     /usr/lib/jvm/java-7-openjdk-common/jre/lib/ext/sunpkcs11.jar
7fd74b700000-7fd74b702000 r--s 00012000 08:01 395160                     /usr/lib/jvm/java-7-openjdk-common/jre/lib/ext/zipfs.jar
7fd74b702000-7fd74b705000 r--s 0000f000 08:01 395194                     /usr/lib/jvm/java-7-openjdk-common/jre/lib/ext/pulse-java.jar
7fd74b705000-7fd74b70d000 r--s 00066000 08:01 676447                     /usr/share/java/gnome-java-bridge.jar
7fd74b70d000-7fd74b715000 rw-s 00000000 08:01 268513                     /tmp/hsperfdata_guillaume/3875
7fd74b715000-7fd74b716000 rw-p 00000000 00:00 0 
7fd74b716000-7fd74b717000 r--p 00000000 00:00 0 
7fd74b717000-7fd74b719000 rw-p 00000000 00:00 0 
7fd74b719000-7fd74b71a000 r--p 00020000 08:01 134600                     /lib/x86_64-linux-gnu/ld-2.13.so
7fd74b71a000-7fd74b71c000 rw-p 00021000 08:01 134600                     /lib/x86_64-linux-gnu/ld-2.13.so
7fff6502d000-7fff6504e000 rw-p 00000000 00:00 0                          [stack]
7fff651ff000-7fff65200000 r-xp 00000000 00:00 0                          [vdso]
ffffffffff600000-ffffffffff601000 r-xp 00000000 00:00 0                  [vsyscall]
7fff651ff000-7fff65200000 r-xp 00000000 00:00 0                          [vdso]
ffffffffff600000-ffffffffff601000 r-xp 00000000 00:00 0                  [vsyscall]

VM Arguments:
jvm_args: -Dfile.encoding=UTF-8 
java_command: main.Main -Xms1024M -Xmx1024M
Launcher Type: SUN_STANDARD

Environment Variables:
PATH=/usr/lib/lightdm/lightdm:/usr/local/sbin:/usr/local/bin:/usr/sbin:/usr/bin:/sbin:/bin:/usr/games
USERNAME=guillaume
SHELL=/bin/bash
DISPLAY=:0

Signal Handlers:
SIGSEGV: [libjvm.so+0x7fca30], sa_mask[0]=0x7ffbfeff, sa_flags=0x10000004
SIGBUS: [libjvm.so+0x7fca30], sa_mask[0]=0x7ffbfeff, sa_flags=0x10000004
SIGFPE: [libjvm.so+0x6a1150], sa_mask[0]=0x7ffbfeff, sa_flags=0x10000004
SIGPIPE: [libjvm.so+0x6a1150], sa_mask[0]=0x7ffbfeff, sa_flags=0x10000004
SIGXFSZ: [libjvm.so+0x6a1150], sa_mask[0]=0x7ffbfeff, sa_flags=0x10000004
SIGILL: [libjvm.so+0x6a1150], sa_mask[0]=0x7ffbfeff, sa_flags=0x10000004
SIGUSR1: SIG_DFL, sa_mask[0]=0x00000000, sa_flags=0x00000000
SIGUSR2: [libjvm.so+0x6a1520], sa_mask[0]=0x00000004, sa_flags=0x10000004
SIGHUP: [libjvm.so+0x6a1660], sa_mask[0]=0x7ffbfeff, sa_flags=0x10000004
SIGINT: SIG_IGN, sa_mask[0]=0x00000000, sa_flags=0x00000000
SIGTERM: [libjvm.so+0x6a1660], sa_mask[0]=0x7ffbfeff, sa_flags=0x10000004
SIGQUIT: [libjvm.so+0x6a1660], sa_mask[0]=0x7ffbfeff, sa_flags=0x10000004


---------------  S Y S T E M  ---------------

OS:Ubuntu 11.10 (oneiric)
uname:Linux 3.0.0-12-generic #20-Ubuntu SMP Fri Oct 7 14:56:25 UTC 2011 x86_64
libc:glibc 2.13 NPTL 2.13 
rlimit: STACK 8192k, CORE 0k, NPROC 31562, NOFILE 4096, AS infinity
load average:0,06 0,16 0,22

/proc/meminfo:
MemTotal:        4055792 kB
MemFree:         1621592 kB
Buffers:           97652 kB
Cached:           904216 kB
SwapCached:            0 kB
Active:          1641692 kB
Inactive:         588756 kB
Active(anon):    1230732 kB
Inactive(anon):    10556 kB
Active(file):     410960 kB
Inactive(file):   578200 kB
Unevictable:          32 kB
Mlocked:              32 kB
SwapTotal:             0 kB
SwapFree:              0 kB
Dirty:               172 kB
Writeback:             0 kB
AnonPages:       1228832 kB
Mapped:           167780 kB
Shmem:             12568 kB
Slab:              74576 kB
SReclaimable:      49884 kB
SUnreclaim:        24692 kB
KernelStack:        3160 kB
PageTables:        27496 kB
NFS_Unstable:          0 kB
Bounce:                0 kB
WritebackTmp:          0 kB
CommitLimit:     2027896 kB
Committed_AS:    3060124 kB
VmallocTotal:   34359738367 kB
VmallocUsed:      109104 kB
VmallocChunk:   34359619580 kB
HardwareCorrupted:     0 kB
AnonHugePages:         0 kB
HugePages_Total:       0
HugePages_Free:        0
HugePages_Rsvd:        0
HugePages_Surp:        0
Hugepagesize:       2048 kB
DirectMap4k:       93120 kB
DirectMap2M:     4100096 kB


CPU:total 2 (2 cores per cpu, 1 threads per core) family 6 model 15 stepping 13, cmov, cx8, fxsr, mmx, sse, sse2, sse3, ssse3

Memory: 4k page, physical 4055792k(1621592k free), swap 0k(0k free)

vm_info: OpenJDK 64-Bit Server VM (21.0-b17) for linux-amd64 JRE (1.7.0_147-b147), built on Sep 30 2011 00:36:33 by "buildd" with gcc 4.6.1

time: Thu Nov 10 20:27:29 2011
elapsed time: 0 seconds

