#
# A fatal error has been detected by the Java Runtime Environment:
#
#  SIGSEGV (0xb) at pc=0x00007fac56b801f8, pid=12635, tid=140378517038848
#
# JRE version: 7.0_147-b147
# Java VM: OpenJDK 64-Bit Server VM (21.0-b17 mixed mode linux-amd64 compressed oops)
# Derivative: IcedTea7 2.0pre
# Distribution: Ubuntu oneiric (development branch), package 7~b147-2.0~pre6-1ubuntu1
# Problematic frame:
# C  [liblcms2.so.2+0x121f8]  cmsSaveProfileToIOhandler+0x38
#
# Failed to write core dump. Core dumps have been disabled. To enable core dumping, try "ulimit -c unlimited" before starting Java again
#
# If you would like to submit a bug report, please include
# instructions on how to reproduce the bug and visit:
#   https://bugs.launchpad.net/ubuntu/+source/openjdk-7/
# The crash happened outside the Java Virtual Machine in native code.
# See problematic frame for where to report the bug.
#

---------------  T H R E A D  ---------------

Current thread (0x00000000009e8800):  JavaThread "main" [_thread_in_native, id=12639, stack(0x00007fac6b946000,0x00007fac6ba47000)]

siginfo:si_signo=SIGSEGV: si_errno=0, si_code=1 (SEGV_MAPERR), si_addr=0x0000000000000000

Registers:
RAX=0x0000000000000000, RBX=0x0000000000000000, RCX=0x00000000000001d4, RDX=0x00007fac6ba44a4c
RSP=0x00007fac6ba43b20, RBP=0x0000000000000000, RSI=0x0000000000000000, RDI=0x00007fac6ba43b20
R8 =0x0000000000000000, R9 =0x0000000000000000, R10=0x0000000000000000, R11=0x0000000000000000
R12=0x00007fac6ba44a4c, R13=0x0000000000000000, R14=0x0000000000000000, R15=0x00000000009e8800
RIP=0x00007fac56b801f8, EFLAGS=0x0000000000010246, CSGSFS=0x0000000000000033, ERR=0x0000000000000004
  TRAPNO=0x000000000000000e

Top of Stack: (sp=0x00007fac6ba43b20)
0x00007fac6ba43b20:   0000000000fee180 00007fac56b7ecef
0x00007fac6ba43b30:   0000000000000c48 00007fac6b63f1c0
0x00007fac6ba43b40:   000000000000000e 000000000000080c
0x00007fac6ba43b50:   00007fac00000000 00007fac6b63f1c0
0x00007fac6ba43b60:   000000000000000e 00007fac56b85754
0x00007fac6ba43b70:   00007fac6ba43ffc 392033b7cf7fad00
0x00007fac6ba43b80:   0000000000fee180 000000000100318c
0x00007fac6ba43b90:   000000000000000e 00007fac56b7eebf
0x00007fac6ba43ba0:   4247527320434549 0000000000000000
0x00007fac6ba43bb0:   00000000010048b0 2dd3000000000100
0x00007fac6ba43bc0:   0000080c000004c4 00007fac6b63f1c0
0x00007fac6ba43bd0:   0000000000000000 0000000000fee2d0
0x00007fac6ba43be0:   0000000000000c48 0000000001003008
0x00007fac6ba43bf0:   0000000000000011 00007fac6b321d7c
0x00007fac6ba43c00:   0000000000fee2d0 00007fac56b7ee2c
0x00007fac6ba43c10:   0000000001002db0 00007fac56b803ae
0x00007fac6ba43c20:   0000000000fee030 0000000000000000
0x00007fac6ba43c30:   0000003100000000 0000000900000006
0x00007fac6ba43c40:   0000006200000001 ffffffffffffffff
0x00007fac6ba43c50:   0000000000000000 0000000000000000
0x00007fac6ba43c60:   00007fac6b401689 6d6e747202100000
0x00007fac6ba43c70:   58595a2052474220 00000000000000b0
0x00007fac6ba43c80:   7352474249454320 0000000000000000
0x00007fac6ba43c90:   0000000000000000 0000000000000000
0x00007fac6ba43ca0:   6370727400000011 00007fac6b63f1c0
0x00007fac6ba43cb0:   0000000000f9b7c0 000000000000007c
0x00007fac6ba43cc0:   00007fac6ba441e0 00007fac6ba444a0
0x00007fac6ba43cd0:   00007fac6b86b85b 00007fac6b32177d
0x00007fac6ba43ce0:   6254524300000000 000000000000003f
0x00007fac6ba43cf0:   0000000000f9b7c0 0000000000000000
0x00007fac6ba43d00:   0000000000fed2ed 00007fac6b85f7e1
0x00007fac6ba43d10:   0000000000000000 0000000000000000 

Instructions: (pc=0x00007fac56b801f8)
0x00007fac56b801d8:   48 89 de 48 81 ec b8 0e 00 00 64 48 8b 04 25 28
0x00007fac56b801e8:   00 00 00 48 89 84 24 a8 0e 00 00 31 c0 48 89 e7
0x00007fac56b801f8:   f3 48 a5 48 89 df e8 1d f6 ff ff 48 89 c7 e8 65
0x00007fac56b80208:   f0 ff ff 48 85 c0 49 89 c4 48 89 03 74 0e 31 f6 

Register to memory mapping:

RAX=0x0000000000000000 is an unknown value
RBX=0x0000000000000000 is an unknown value
RCX=0x00000000000001d4 is an unknown value
RDX=0x00007fac6ba44a4c is pointing into the stack for thread: 0x00000000009e8800
RSP=0x00007fac6ba43b20 is pointing into the stack for thread: 0x00000000009e8800
RBP=0x0000000000000000 is an unknown value
RSI=0x0000000000000000 is an unknown value
RDI=0x00007fac6ba43b20 is pointing into the stack for thread: 0x00000000009e8800
R8 =0x0000000000000000 is an unknown value
R9 =0x0000000000000000 is an unknown value
R10=0x0000000000000000 is an unknown value
R11=0x0000000000000000 is an unknown value
R12=0x00007fac6ba44a4c is pointing into the stack for thread: 0x00000000009e8800
R13=0x0000000000000000 is an unknown value
R14=0x0000000000000000 is an unknown value
R15=0x00000000009e8800 is a thread


Stack: [0x00007fac6b946000,0x00007fac6ba47000],  sp=0x00007fac6ba43b20,  free space=1014k
Native frames: (J=compiled Java code, j=interpreted, Vv=VM code, C=native code)
C  [liblcms2.so.2+0x121f8]  cmsSaveProfileToIOhandler+0x38

[error occurred during error reporting (printing native stack), id 0xb]

Java frames: (J=compiled Java code, j=interpreted, Vv=VM code)
j  sun.java2d.cmm.lcms.LCMS.getTagData(JI[B)V+0
j  java.awt.color.ICC_Profile.getData(JI)[B+26
j  java.awt.color.ICC_Profile.getData(I)[B+14
j  java.awt.color.ICC_Profile.getNumComponents()I+18
j  sun.java2d.cmm.lcms.LCMSTransform.<init>(Ljava/awt/color/ICC_Profile;II)V+83
j  sun.java2d.cmm.lcms.LCMS.createTransform(Ljava/awt/color/ICC_Profile;II)Lsun/java2d/cmm/ColorTransform;+7
j  java.awt.color.ICC_ColorSpace.fromRGB([F)[F+37
j  com.sun.imageio.plugins.jpeg.JPEGImageReader.setImageData(IIIII[B)V+158
v  ~StubRoutines::call_stub
j  com.sun.imageio.plugins.jpeg.JPEGImageReader.readImageHeader(JZZ)Z+0
j  com.sun.imageio.plugins.jpeg.JPEGImageReader.readNativeHeader(Z)Z+12
j  com.sun.imageio.plugins.jpeg.JPEGImageReader.checkTablesOnly()V+92
j  com.sun.imageio.plugins.jpeg.JPEGImageReader.gotoImage(I)V+41
j  com.sun.imageio.plugins.jpeg.JPEGImageReader.readHeader(IZ)V+2
j  com.sun.imageio.plugins.jpeg.JPEGImageReader.readInternal(ILjavax/imageio/ImageReadParam;Z)Ljava/awt/image/Raster;+3
j  com.sun.imageio.plugins.jpeg.JPEGImageReader.read(ILjavax/imageio/ImageReadParam;)Ljava/awt/image/BufferedImage;+8
j  javax.imageio.ImageIO.read(Ljavax/imageio/stream/ImageInputStream;)Ljava/awt/image/BufferedImage;+55
j  javax.imageio.ImageIO.read(Ljava/io/InputStream;)Ljava/awt/image/BufferedImage;+20
j  content.ImageBank.<init>()V+118
j  main.Main.main([Ljava/lang/String;)V+4
v  ~StubRoutines::call_stub

---------------  P R O C E S S  ---------------

Java Threads: ( => current thread )
  0x0000000000f54800 JavaThread "Thread-0" [_thread_blocked, id=12658, stack(0x00007fac5746a000,0x00007fac5756b000)]
  0x0000000000f4a000 JavaThread "AWT-EventQueue-0" [_thread_in_native, id=12657, stack(0x00007fac5756b000,0x00007fac5766c000)]
  0x0000000000dd1000 JavaThread "AWT-Shutdown" [_thread_blocked, id=12656, stack(0x00007fac57cd1000,0x00007fac57dd2000)]
  0x0000000000d1e000 JavaThread "process reaper" daemon [_thread_blocked, id=12654, stack(0x00007fac640a1000,0x00007fac640bb000)]
  0x0000000000cf7000 JavaThread "AWT-XAWT" daemon [_thread_blocked, id=12652, stack(0x00007fac57dd2000,0x00007fac57ed3000)]
  0x0000000000c83000 JavaThread "Java2D Disposer" daemon [_thread_blocked, id=12651, stack(0x00007fac57ed3000,0x00007fac57fd4000)]
  0x0000000000aeb800 JavaThread "Service Thread" daemon [_thread_blocked, id=12649, stack(0x00007fac5fdfe000,0x00007fac5feff000)]
  0x0000000000ae8800 JavaThread "C2 CompilerThread1" daemon [_thread_blocked, id=12648, stack(0x00007fac5feff000,0x00007fac60000000)]
  0x0000000000ae5800 JavaThread "C2 CompilerThread0" daemon [_thread_blocked, id=12647, stack(0x00007fac640de000,0x00007fac641df000)]
  0x0000000000ae3800 JavaThread "Signal Dispatcher" daemon [_thread_blocked, id=12646, stack(0x00007fac641df000,0x00007fac642e0000)]
  0x0000000000a86000 JavaThread "Finalizer" daemon [_thread_blocked, id=12645, stack(0x00007fac649cd000,0x00007fac64ace000)]
  0x0000000000a83800 JavaThread "Reference Handler" daemon [_thread_blocked, id=12644, stack(0x00007fac64ace000,0x00007fac64bcf000)]
=>0x00000000009e8800 JavaThread "main" [_thread_in_native, id=12639, stack(0x00007fac6b946000,0x00007fac6ba47000)]

Other Threads:
  0x0000000000a7b800 VMThread [stack: 0x00007fac64bcf000,0x00007fac64cd0000] [id=12643]
  0x0000000000af6800 WatcherThread [stack: 0x00007fac5fcfd000,0x00007fac5fdfe000] [id=12650]

VM state:not at safepoint (normal execution)

VM Mutex/Monitor currently owned by a thread: None

Heap
 PSYoungGen      total 18496K, used 6870K [0x00000000eb560000, 0x00000000eca00000, 0x0000000100000000)
  eden space 15872K, 43% used [0x00000000eb560000,0x00000000ebc158b8,0x00000000ec4e0000)
  from space 2624K, 0% used [0x00000000ec770000,0x00000000ec770000,0x00000000eca00000)
  to   space 2624K, 0% used [0x00000000ec4e0000,0x00000000ec4e0000,0x00000000ec770000)
 PSOldGen        total 42304K, used 0K [0x00000000c2000000, 0x00000000c4950000, 0x00000000eb560000)
  object space 42304K, 0% used [0x00000000c2000000,0x00000000c2000000,0x00000000c4950000)
 PSPermGen       total 21248K, used 11356K [0x00000000b7a00000, 0x00000000b8ec0000, 0x00000000c2000000)
  object space 21248K, 53% used [0x00000000b7a00000,0x00000000b85170c8,0x00000000b8ec0000)

Code Cache  [0x00007fac657f9000, 0x00007fac65a69000, 0x00007fac687f9000)
 total_blobs=450 nmethods=14 adapters=389 free_code_cache=48607Kb largest_free_block=49764608

Dynamic libraries:
00400000-00401000 r-xp 00000000 08:01 400896                             /usr/lib/jvm/java-7-openjdk-amd64/jre/bin/java
00600000-00601000 r--p 00000000 08:01 400896                             /usr/lib/jvm/java-7-openjdk-amd64/jre/bin/java
00601000-00602000 rw-p 00001000 08:01 400896                             /usr/lib/jvm/java-7-openjdk-amd64/jre/bin/java
009de000-0103e000 rw-p 00000000 00:00 0                                  [heap]
b7a00000-b8ec0000 rw-p 00000000 00:00 0 
b8ec0000-c2000000 rw-p 00000000 00:00 0 
c2000000-c4950000 rw-p 00000000 00:00 0 
c4950000-eb560000 rw-p 00000000 00:00 0 
eb560000-eca00000 rw-p 00000000 00:00 0 
eca00000-100000000 rw-p 00000000 00:00 0 
7fac56b6e000-7fac56bb4000 r-xp 00000000 08:01 406696                     /usr/lib/x86_64-linux-gnu/liblcms2.so.2.0.2
7fac56bb4000-7fac56db3000 ---p 00046000 08:01 406696                     /usr/lib/x86_64-linux-gnu/liblcms2.so.2.0.2
7fac56db3000-7fac56db4000 r--p 00045000 08:01 406696                     /usr/lib/x86_64-linux-gnu/liblcms2.so.2.0.2
7fac56db4000-7fac56db8000 rw-p 00046000 08:01 406696                     /usr/lib/x86_64-linux-gnu/liblcms2.so.2.0.2
7fac56db8000-7fac56db9000 rw-p 00000000 00:00 0 
7fac56db9000-7fac56dbd000 r-xp 00000000 08:01 398964                     /usr/lib/jvm/java-7-openjdk-amd64/jre/lib/amd64/libjavalcms.so
7fac56dbd000-7fac56fbc000 ---p 00004000 08:01 398964                     /usr/lib/jvm/java-7-openjdk-amd64/jre/lib/amd64/libjavalcms.so
7fac56fbc000-7fac56fbd000 r--p 00003000 08:01 398964                     /usr/lib/jvm/java-7-openjdk-amd64/jre/lib/amd64/libjavalcms.so
7fac56fbd000-7fac56fbe000 rw-p 00004000 08:01 398964                     /usr/lib/jvm/java-7-openjdk-amd64/jre/lib/amd64/libjavalcms.so
7fac56fbe000-7fac5703b000 rw-p 00000000 00:00 0 
7fac5703b000-7fac5705f000 r-xp 00000000 08:01 406680                     /usr/lib/x86_64-linux-gnu/libjpeg.so.62.0.0
7fac5705f000-7fac5725e000 ---p 00024000 08:01 406680                     /usr/lib/x86_64-linux-gnu/libjpeg.so.62.0.0
7fac5725e000-7fac5725f000 r--p 00023000 08:01 406680                     /usr/lib/x86_64-linux-gnu/libjpeg.so.62.0.0
7fac5725f000-7fac57260000 rw-p 00024000 08:01 406680                     /usr/lib/x86_64-linux-gnu/libjpeg.so.62.0.0
7fac57260000-7fac57269000 r-xp 00000000 08:01 398665                     /usr/lib/jvm/java-7-openjdk-amd64/jre/lib/amd64/libjavajpeg.so
7fac57269000-7fac57468000 ---p 00009000 08:01 398665                     /usr/lib/jvm/java-7-openjdk-amd64/jre/lib/amd64/libjavajpeg.so
7fac57468000-7fac57469000 r--p 00008000 08:01 398665                     /usr/lib/jvm/java-7-openjdk-amd64/jre/lib/amd64/libjavajpeg.so
7fac57469000-7fac5746a000 rw-p 00009000 08:01 398665                     /usr/lib/jvm/java-7-openjdk-amd64/jre/lib/amd64/libjavajpeg.so
7fac5746a000-7fac5746d000 ---p 00000000 00:00 0 
7fac5746d000-7fac5756b000 rw-p 00000000 00:00 0 
7fac5756b000-7fac5756e000 ---p 00000000 00:00 0 
7fac5756e000-7fac5766c000 rw-p 00000000 00:00 0 
7fac5766c000-7fac5767c000 r-xp 00000000 08:01 399340                     /usr/lib/jvm/java-7-openjdk-amd64/jre/lib/amd64/libnio.so
7fac5767c000-7fac5787b000 ---p 00010000 08:01 399340                     /usr/lib/jvm/java-7-openjdk-amd64/jre/lib/amd64/libnio.so
7fac5787b000-7fac5787c000 r--p 0000f000 08:01 399340                     /usr/lib/jvm/java-7-openjdk-amd64/jre/lib/amd64/libnio.so
7fac5787c000-7fac5787d000 rw-p 00010000 08:01 399340                     /usr/lib/jvm/java-7-openjdk-amd64/jre/lib/amd64/libnio.so
7fac5787d000-7fac57893000 r-xp 00000000 08:01 399248                     /usr/lib/jvm/java-7-openjdk-amd64/jre/lib/amd64/libnet.so
7fac57893000-7fac57a92000 ---p 00016000 08:01 399248                     /usr/lib/jvm/java-7-openjdk-amd64/jre/lib/amd64/libnet.so
7fac57a92000-7fac57a93000 r--p 00015000 08:01 399248                     /usr/lib/jvm/java-7-openjdk-amd64/jre/lib/amd64/libnet.so
7fac57a93000-7fac57a94000 rw-p 00016000 08:01 399248                     /usr/lib/jvm/java-7-openjdk-amd64/jre/lib/amd64/libnet.so
7fac57a94000-7fac57ace000 r-xp 00000000 08:01 398142                     /usr/lib/jvm/java-7-openjdk-amd64/jre/lib/amd64/libfontmanager.so
7fac57ace000-7fac57cce000 ---p 0003a000 08:01 398142                     /usr/lib/jvm/java-7-openjdk-amd64/jre/lib/amd64/libfontmanager.so
7fac57cce000-7fac57cd0000 r--p 0003a000 08:01 398142                     /usr/lib/jvm/java-7-openjdk-amd64/jre/lib/amd64/libfontmanager.so
7fac57cd0000-7fac57cd1000 rw-p 0003c000 08:01 398142                     /usr/lib/jvm/java-7-openjdk-amd64/jre/lib/amd64/libfontmanager.so
7fac57cd1000-7fac57cd4000 ---p 00000000 00:00 0 
7fac57cd4000-7fac57dd2000 rw-p 00000000 00:00 0 
7fac57dd2000-7fac57dd5000 ---p 00000000 00:00 0 
7fac57dd5000-7fac57ed3000 rw-p 00000000 00:00 0 
7fac57ed3000-7fac57ed6000 ---p 00000000 00:00 0 
7fac57ed6000-7fac57fd4000 rw-p 00000000 00:00 0 
7fac57fd4000-7fac57fd7000 r-xp 00000000 08:01 139849                     /lib/x86_64-linux-gnu/libgpg-error.so.0.8.0
7fac57fd7000-7fac581d6000 ---p 00003000 08:01 139849                     /lib/x86_64-linux-gnu/libgpg-error.so.0.8.0
7fac581d6000-7fac581d7000 r--p 00002000 08:01 139849                     /lib/x86_64-linux-gnu/libgpg-error.so.0.8.0
7fac581d7000-7fac581d8000 rw-p 00003000 08:01 139849                     /lib/x86_64-linux-gnu/libgpg-error.so.0.8.0
7fac581d8000-7fac581da000 r-xp 00000000 08:01 139851                     /lib/x86_64-linux-gnu/libkeyutils.so.1.3
7fac581da000-7fac583d9000 ---p 00002000 08:01 139851                     /lib/x86_64-linux-gnu/libkeyutils.so.1.3
7fac583d9000-7fac583da000 r--p 00001000 08:01 139851                     /lib/x86_64-linux-gnu/libkeyutils.so.1.3
7fac583da000-7fac583db000 rw-p 00002000 08:01 139851                     /lib/x86_64-linux-gnu/libkeyutils.so.1.3
7fac583db000-7fac5841d000 r-xp 00000000 08:01 135649                     /lib/x86_64-linux-gnu/libdbus-1.so.3.5.7
7fac5841d000-7fac5861c000 ---p 00042000 08:01 135649                     /lib/x86_64-linux-gnu/libdbus-1.so.3.5.7
7fac5861c000-7fac5861d000 r--p 00041000 08:01 135649                     /lib/x86_64-linux-gnu/libdbus-1.so.3.5.7
7fac5861d000-7fac5861e000 rw-p 00042000 08:01 135649                     /lib/x86_64-linux-gnu/libdbus-1.so.3.5.7
7fac5861e000-7fac58698000 r-xp 00000000 08:01 139845                     /lib/x86_64-linux-gnu/libgcrypt.so.11.7.0
7fac58698000-7fac58898000 ---p 0007a000 08:01 139845                     /lib/x86_64-linux-gnu/libgcrypt.so.11.7.0
7fac58898000-7fac58899000 r--p 0007a000 08:01 139845                     /lib/x86_64-linux-gnu/libgcrypt.so.11.7.0
7fac58899000-7fac5889c000 rw-p 0007b000 08:01 139845                     /lib/x86_64-linux-gnu/libgcrypt.so.11.7.0
7fac5889c000-7fac588ac000 r-xp 00000000 08:01 406788                     /usr/lib/x86_64-linux-gnu/libtasn1.so.3.1.11
7fac588ac000-7fac58aab000 ---p 00010000 08:01 406788                     /usr/lib/x86_64-linux-gnu/libtasn1.so.3.1.11
7fac58aab000-7fac58aac000 r--p 0000f000 08:01 406788                     /usr/lib/x86_64-linux-gnu/libtasn1.so.3.1.11
7fac58aac000-7fac58aad000 rw-p 00010000 08:01 406788                     /usr/lib/x86_64-linux-gnu/libtasn1.so.3.1.11
7fac58aad000-7fac58ab4000 r-xp 00000000 08:01 397002                     /usr/lib/x86_64-linux-gnu/libkrb5support.so.0.1
7fac58ab4000-7fac58cb3000 ---p 00007000 08:01 397002                     /usr/lib/x86_64-linux-gnu/libkrb5support.so.0.1
7fac58cb3000-7fac58cb4000 r--p 00006000 08:01 397002                     /usr/lib/x86_64-linux-gnu/libkrb5support.so.0.1
7fac58cb4000-7fac58cb5000 rw-p 00007000 08:01 397002                     /usr/lib/x86_64-linux-gnu/libkrb5support.so.0.1
7fac58cb5000-7fac58cb8000 r-xp 00000000 08:01 139827                     /lib/x86_64-linux-gnu/libcom_err.so.2.1
7fac58cb8000-7fac58eb7000 ---p 00003000 08:01 139827                     /lib/x86_64-linux-gnu/libcom_err.so.2.1
7fac58eb7000-7fac58eb8000 r--p 00002000 08:01 139827                     /lib/x86_64-linux-gnu/libcom_err.so.2.1
7fac58eb8000-7fac58eb9000 rw-p 00003000 08:01 139827                     /lib/x86_64-linux-gnu/libcom_err.so.2.1
7fac58eb9000-7fac58edf000 r-xp 00000000 08:01 394051                     /usr/lib/x86_64-linux-gnu/libk5crypto.so.3.1
7fac58edf000-7fac590de000 ---p 00026000 08:01 394051                     /usr/lib/x86_64-linux-gnu/libk5crypto.so.3.1
7fac590de000-7fac590e0000 r--p 00025000 08:01 394051                     /usr/lib/x86_64-linux-gnu/libk5crypto.so.3.1
7fac590e0000-7fac590e1000 rw-p 00027000 08:01 394051                     /usr/lib/x86_64-linux-gnu/libk5crypto.so.3.1
7fac590e1000-7fac591a0000 r-xp 00000000 08:01 397018                     /usr/lib/x86_64-linux-gnu/libkrb5.so.3.3
7fac591a0000-7fac593a0000 ---p 000bf000 08:01 397018                     /usr/lib/x86_64-linux-gnu/libkrb5.so.3.3
7fac593a0000-7fac593a9000 r--p 000bf000 08:01 397018                     /usr/lib/x86_64-linux-gnu/libkrb5.so.3.3
7fac593a9000-7fac593aa000 rw-p 000c8000 08:01 397018                     /usr/lib/x86_64-linux-gnu/libkrb5.so.3.3
7fac593aa000-7fac593b1000 r-xp 00000000 08:01 406811                     /usr/lib/x86_64-linux-gnu/libxcb-render.so.0.0.0
7fac593b1000-7fac595b1000 ---p 00007000 08:01 406811                     /usr/lib/x86_64-linux-gnu/libxcb-render.so.0.0.0
7fac595b1000-7fac595b2000 r--p 00007000 08:01 406811                     /usr/lib/x86_64-linux-gnu/libxcb-render.so.0.0.0
7fac595b2000-7fac595b3000 rw-p 00008000 08:01 406811                     /usr/lib/x86_64-linux-gnu/libxcb-render.so.0.0.0
7fac595b3000-7fac595b5000 r-xp 00000000 08:01 406815                     /usr/lib/x86_64-linux-gnu/libxcb-shm.so.0.0.0
7fac595b5000-7fac597b4000 ---p 00002000 08:01 406815                     /usr/lib/x86_64-linux-gnu/libxcb-shm.so.0.0.0
7fac597b4000-7fac597b5000 r--p 00001000 08:01 406815                     /usr/lib/x86_64-linux-gnu/libxcb-shm.so.0.0.0
7fac597b5000-7fac597b6000 rw-p 00002000 08:01 406815                     /usr/lib/x86_64-linux-gnu/libxcb-shm.so.0.0.0
7fac597b6000-7fac597dc000 r-xp 00000000 08:01 139881                     /lib/x86_64-linux-gnu/libpng12.so.0.46.0
7fac597dc000-7fac599db000 ---p 00026000 08:01 139881                     /lib/x86_64-linux-gnu/libpng12.so.0.46.0
7fac599db000-7fac599dc000 r--p 00025000 08:01 139881                     /lib/x86_64-linux-gnu/libpng12.so.0.46.0
7fac599dc000-7fac599dd000 rw-p 00026000 08:01 139881                     /lib/x86_64-linux-gnu/libpng12.so.0.46.0
7fac599dd000-7fac59a4b000 r-xp 00000000 08:01 406743                     /usr/lib/x86_64-linux-gnu/libpixman-1.so.0.22.2
7fac59a4b000-7fac59c4b000 ---p 0006e000 08:01 406743                     /usr/lib/x86_64-linux-gnu/libpixman-1.so.0.22.2
7fac59c4b000-7fac59c50000 r--p 0006e000 08:01 406743                     /usr/lib/x86_64-linux-gnu/libpixman-1.so.0.22.2
7fac59c50000-7fac59c51000 rw-p 00073000 08:01 406743                     /usr/lib/x86_64-linux-gnu/libpixman-1.so.0.22.2
7fac59c51000-7fac59c56000 r-xp 00000000 08:01 406539                     /usr/lib/x86_64-linux-gnu/libXdmcp.so.6.0.0
7fac59c56000-7fac59e55000 ---p 00005000 08:01 406539                     /usr/lib/x86_64-linux-gnu/libXdmcp.so.6.0.0
7fac59e55000-7fac59e56000 r--p 00004000 08:01 406539                     /usr/lib/x86_64-linux-gnu/libXdmcp.so.6.0.0
7fac59e56000-7fac59e57000 rw-p 00005000 08:01 406539                     /usr/lib/x86_64-linux-gnu/libXdmcp.so.6.0.0
7fac59e57000-7fac59e59000 r-xp 00000000 08:01 406531                     /usr/lib/x86_64-linux-gnu/libXau.so.6.0.0
7fac59e59000-7fac5a058000 ---p 00002000 08:01 406531                     /usr/lib/x86_64-linux-gnu/libXau.so.6.0.0
7fac5a058000-7fac5a059000 r--p 00001000 08:01 406531                     /usr/lib/x86_64-linux-gnu/libXau.so.6.0.0
7fac5a059000-7fac5a05a000 rw-p 00002000 08:01 406531                     /usr/lib/x86_64-linux-gnu/libXau.so.6.0.0
7fac5a05a000-7fac5a06b000 r-xp 00000000 08:01 406571                     /usr/lib/x86_64-linux-gnu/libavahi-client.so.3.2.9
7fac5a06b000-7fac5a26b000 ---p 00011000 08:01 406571                     /usr/lib/x86_64-linux-gnu/libavahi-client.so.3.2.9
7fac5a26b000-7fac5a26c000 r--p 00011000 08:01 406571                     /usr/lib/x86_64-linux-gnu/libavahi-client.so.3.2.9
7fac5a26c000-7fac5a26d000 rw-p 00012000 08:01 406571                     /usr/lib/x86_64-linux-gnu/libavahi-client.so.3.2.9
7fac5a26d000-7fac5a27a000 r-xp 00000000 08:01 406573                     /usr/lib/x86_64-linux-gnu/libavahi-common.so.3.5.3
7fac5a27a000-7fac5a479000 ---p 0000d000 08:01 406573                     /usr/lib/x86_64-linux-gnu/libavahi-common.so.3.5.3
7fac5a479000-7fac5a47a000 r--p 0000c000 08:01 406573                     /usr/lib/x86_64-linux-gnu/libavahi-common.so.3.5.3
7fac5a47a000-7fac5a47b000 rw-p 0000d000 08:01 406573                     /usr/lib/x86_64-linux-gnu/libavahi-common.so.3.5.3
7fac5a47b000-7fac5a51c000 r-xp 00000000 08:01 406657                     /usr/lib/x86_64-linux-gnu/libgnutls.so.26.16.14
7fac5a51c000-7fac5a71b000 ---p 000a1000 08:01 406657                     /usr/lib/x86_64-linux-gnu/libgnutls.so.26.16.14
7fac5a71b000-7fac5a722000 r--p 000a0000 08:01 406657                     /usr/lib/x86_64-linux-gnu/libgnutls.so.26.16.14
7fac5a722000-7fac5a723000 rw-p 000a7000 08:01 406657                     /usr/lib/x86_64-linux-gnu/libgnutls.so.26.16.14
7fac5a723000-7fac5a75e000 r-xp 00000000 08:01 406685                     /usr/lib/x86_64-linux-gnu/libgssapi_krb5.so.2.2
7fac5a75e000-7fac5a95e000 ---p 0003b000 08:01 406685                     /usr/lib/x86_64-linux-gnu/libgssapi_krb5.so.2.2
7fac5a95e000-7fac5a95f000 r--p 0003b000 08:01 406685                     /usr/lib/x86_64-linux-gnu/libgssapi_krb5.so.2.2
7fac5a95f000-7fac5a961000 rw-p 0003c000 08:01 406685                     /usr/lib/x86_64-linux-gnu/libgssapi_krb5.so.2.2
7fac5a961000-7fac5a99c000 r-xp 00000000 08:01 139879                     /lib/x86_64-linux-gnu/libpcre.so.3.12.1
7fac5a99c000-7fac5ab9b000 ---p 0003b000 08:01 139879                     /lib/x86_64-linux-gnu/libpcre.so.3.12.1
7fac5ab9b000-7fac5ab9c000 r--p 0003a000 08:01 139879                     /lib/x86_64-linux-gnu/libpcre.so.3.12.1
7fac5ab9c000-7fac5ab9d000 rw-p 0003b000 08:01 139879                     /lib/x86_64-linux-gnu/libpcre.so.3.12.1
7fac5ab9d000-7fac5aba4000 r-xp 00000000 08:01 396800                     /usr/lib/x86_64-linux-gnu/libffi.so.6.0.0
7fac5aba4000-7fac5ada3000 ---p 00007000 08:01 396800                     /usr/lib/x86_64-linux-gnu/libffi.so.6.0.0
7fac5ada3000-7fac5ada4000 r--p 00006000 08:01 396800                     /usr/lib/x86_64-linux-gnu/libffi.so.6.0.0
7fac5ada4000-7fac5ada5000 rw-p 00007000 08:01 396800                     /usr/lib/x86_64-linux-gnu/libffi.so.6.0.0
7fac5ada5000-7fac5adcc000 r-xp 00000000 08:01 139838                     /lib/x86_64-linux-gnu/libexpat.so.1.5.2
7fac5adcc000-7fac5afcc000 ---p 00027000 08:01 139838                     /lib/x86_64-linux-gnu/libexpat.so.1.5.2
7fac5afcc000-7fac5afce000 r--p 00027000 08:01 139838                     /lib/x86_64-linux-gnu/libexpat.so.1.5.2
7fac5afce000-7fac5afcf000 rw-p 00029000 08:01 139838                     /lib/x86_64-linux-gnu/libexpat.so.1.5.2
7fac5afcf000-7fac5b061000 r-xp 00000000 08:01 406632                     /usr/lib/x86_64-linux-gnu/libfreetype.so.6.6.2
7fac5b061000-7fac5b260000 ---p 00092000 08:01 406632                     /usr/lib/x86_64-linux-gnu/libfreetype.so.6.6.2
7fac5b260000-7fac5b266000 r--p 00091000 08:01 406632                     /usr/lib/x86_64-linux-gnu/libfreetype.so.6.6.2
7fac5b266000-7fac5b267000 rw-p 00097000 08:01 406632                     /usr/lib/x86_64-linux-gnu/libfreetype.so.6.6.2
7fac5b267000-7fac5b27e000 r-xp 00000000 08:01 134597                     /lib/x86_64-linux-gnu/libresolv-2.13.so
7fac5b27e000-7fac5b47e000 ---p 00017000 08:01 134597                     /lib/x86_64-linux-gnu/libresolv-2.13.so
7fac5b47e000-7fac5b47f000 r--p 00017000 08:01 134597                     /lib/x86_64-linux-gnu/libresolv-2.13.so
7fac5b47f000-7fac5b480000 rw-p 00018000 08:01 134597                     /lib/x86_64-linux-gnu/libresolv-2.13.so
7fac5b480000-7fac5b482000 rw-p 00000000 00:00 0 
7fac5b482000-7fac5b49e000 r-xp 00000000 08:01 139888                     /lib/x86_64-linux-gnu/libselinux.so.1
7fac5b49e000-7fac5b69d000 ---p 0001c000 08:01 139888                     /lib/x86_64-linux-gnu/libselinux.so.1
7fac5b69d000-7fac5b69e000 r--p 0001b000 08:01 139888                     /lib/x86_64-linux-gnu/libselinux.so.1
7fac5b69e000-7fac5b69f000 rw-p 0001c000 08:01 139888                     /lib/x86_64-linux-gnu/libselinux.so.1
7fac5b69f000-7fac5b6a0000 rw-p 00000000 00:00 0 
7fac5b6a0000-7fac5b6a2000 r-xp 00000000 08:01 406537                     /usr/lib/x86_64-linux-gnu/libXdamage.so.1.1.0
7fac5b6a2000-7fac5b8a1000 ---p 00002000 08:01 406537                     /usr/lib/x86_64-linux-gnu/libXdamage.so.1.1.0
7fac5b8a1000-7fac5b8a2000 r--p 00001000 08:01 406537                     /usr/lib/x86_64-linux-gnu/libXdamage.so.1.1.0
7fac5b8a2000-7fac5b8a3000 rw-p 00002000 08:01 406537                     /usr/lib/x86_64-linux-gnu/libXdamage.so.1.1.0
7fac5b8a3000-7fac5b8a5000 r-xp 00000000 08:01 406533                     /usr/lib/x86_64-linux-gnu/libXcomposite.so.1.0.0
7fac5b8a5000-7fac5baa4000 ---p 00002000 08:01 406533                     /usr/lib/x86_64-linux-gnu/libXcomposite.so.1.0.0
7fac5baa4000-7fac5baa5000 r--p 00001000 08:01 406533                     /usr/lib/x86_64-linux-gnu/libXcomposite.so.1.0.0
7fac5baa5000-7fac5baa6000 rw-p 00002000 08:01 406533                     /usr/lib/x86_64-linux-gnu/libXcomposite.so.1.0.0
7fac5baa6000-7fac5baaf000 r-xp 00000000 08:01 406535                     /usr/lib/x86_64-linux-gnu/libXcursor.so.1.0.2
7fac5baaf000-7fac5bcae000 ---p 00009000 08:01 406535                     /usr/lib/x86_64-linux-gnu/libXcursor.so.1.0.2
7fac5bcae000-7fac5bcaf000 r--p 00008000 08:01 406535                     /usr/lib/x86_64-linux-gnu/libXcursor.so.1.0.2
7fac5bcaf000-7fac5bcb0000 rw-p 00009000 08:01 406535                     /usr/lib/x86_64-linux-gnu/libXcursor.so.1.0.2
7fac5bcb0000-7fac5bcb8000 r-xp 00000000 08:01 406551                     /usr/lib/x86_64-linux-gnu/libXrandr.so.2.2.0
7fac5bcb8000-7fac5beb7000 ---p 00008000 08:01 406551                     /usr/lib/x86_64-linux-gnu/libXrandr.so.2.2.0
7fac5beb7000-7fac5beb8000 r--p 00007000 08:01 406551                     /usr/lib/x86_64-linux-gnu/libXrandr.so.2.2.0
7fac5beb8000-7fac5beb9000 rw-p 00008000 08:01 406551                     /usr/lib/x86_64-linux-gnu/libXrandr.so.2.2.0
7fac5beb9000-7fac5bebb000 r-xp 00000000 08:01 406549                     /usr/lib/x86_64-linux-gnu/libXinerama.so.1.0.0
7fac5bebb000-7fac5c0ba000 ---p 00002000 08:01 406549                     /usr/lib/x86_64-linux-gnu/libXinerama.so.1.0.0
7fac5c0ba000-7fac5c0bb000 r--p 00001000 08:01 406549                     /usr/lib/x86_64-linux-gnu/libXinerama.so.1.0.0
7fac5c0bb000-7fac5c0bc000 rw-p 00002000 08:01 406549                     /usr/lib/x86_64-linux-gnu/libXinerama.so.1.0.0
7fac5c0bc000-7fac5c0bf000 r-xp 00000000 08:01 395217                     /usr/lib/x86_64-linux-gnu/libgmodule-2.0.so.0.3000.0
7fac5c0bf000-7fac5c2be000 ---p 00003000 08:01 395217                     /usr/lib/x86_64-linux-gnu/libgmodule-2.0.so.0.3000.0
7fac5c2be000-7fac5c2bf000 r--p 00002000 08:01 395217                     /usr/lib/x86_64-linux-gnu/libgmodule-2.0.so.0.3000.0
7fac5c2bf000-7fac5c2c0000 rw-p 00003000 08:01 395217                     /usr/lib/x86_64-linux-gnu/libgmodule-2.0.so.0.3000.0
7fac5c2c0000-7fac5c2ea000 r-xp 00000000 08:01 397305                     /usr/lib/x86_64-linux-gnu/libpangoft2-1.0.so.0.2903.0
7fac5c2ea000-7fac5c4e9000 ---p 0002a000 08:01 397305                     /usr/lib/x86_64-linux-gnu/libpangoft2-1.0.so.0.2903.0
7fac5c4e9000-7fac5c4ea000 r--p 00029000 08:01 397305                     /usr/lib/x86_64-linux-gnu/libpangoft2-1.0.so.0.2903.0
7fac5c4ea000-7fac5c4eb000 rw-p 0002a000 08:01 397305                     /usr/lib/x86_64-linux-gnu/libpangoft2-1.0.so.0.2903.0
7fac5c4eb000-7fac5c5a4000 r-xp 00000000 08:01 406593                     /usr/lib/x86_64-linux-gnu/libcairo.so.2.11000.2
7fac5c5a4000-7fac5c7a3000 ---p 000b9000 08:01 406593                     /usr/lib/x86_64-linux-gnu/libcairo.so.2.11000.2
7fac5c7a3000-7fac5c7a5000 r--p 000b8000 08:01 406593                     /usr/lib/x86_64-linux-gnu/libcairo.so.2.11000.2
7fac5c7a5000-7fac5c7a6000 rw-p 000ba000 08:01 406593                     /usr/lib/x86_64-linux-gnu/libcairo.so.2.11000.2
7fac5c7a6000-7fac5c7a9000 rw-p 00000000 00:00 0 
7fac5c7a9000-7fac5c7c8000 r-xp 00000000 08:01 394856                     /usr/lib/x86_64-linux-gnu/libatk-1.0.so.0.20209.1
7fac5c7c8000-7fac5c9c8000 ---p 0001f000 08:01 394856                     /usr/lib/x86_64-linux-gnu/libatk-1.0.so.0.20209.1
7fac5c9c8000-7fac5c9ca000 r--p 0001f000 08:01 394856                     /usr/lib/x86_64-linux-gnu/libatk-1.0.so.0.20209.1
7fac5c9ca000-7fac5c9cb000 rw-p 00021000 08:01 394856                     /usr/lib/x86_64-linux-gnu/libatk-1.0.so.0.20209.1
7fac5c9cb000-7fac5c9d0000 r-xp 00000000 08:01 406543                     /usr/lib/x86_64-linux-gnu/libXfixes.so.3.1.0
7fac5c9d0000-7fac5cbcf000 ---p 00005000 08:01 406543                     /usr/lib/x86_64-linux-gnu/libXfixes.so.3.1.0
7fac5cbcf000-7fac5cbd0000 r--p 00004000 08:01 406543                     /usr/lib/x86_64-linux-gnu/libXfixes.so.3.1.0
7fac5cbd0000-7fac5cbd1000 rw-p 00005000 08:01 406543                     /usr/lib/x86_64-linux-gnu/libXfixes.so.3.1.0
7fac5cbd1000-7fac5cbdc000 r-xp 00000000 08:01 397309                     /usr/lib/x86_64-linux-gnu/libpangocairo-1.0.so.0.2903.0
7fac5cbdc000-7fac5cddc000 ---p 0000b000 08:01 397309                     /usr/lib/x86_64-linux-gnu/libpangocairo-1.0.so.0.2903.0
7fac5cddc000-7fac5cddd000 r--p 0000b000 08:01 397309                     /usr/lib/x86_64-linux-gnu/libpangocairo-1.0.so.0.2903.0
7fac5cddd000-7fac5cdde000 rw-p 0000c000 08:01 397309                     /usr/lib/x86_64-linux-gnu/libpangocairo-1.0.so.0.2903.0
7fac5cdde000-7fac5cdf9000 r-xp 00000000 08:01 406817                     /usr/lib/x86_64-linux-gnu/libxcb.so.1.1.0
7fac5cdf9000-7fac5cff8000 ---p 0001b000 08:01 406817                     /usr/lib/x86_64-linux-gnu/libxcb.so.1.1.0
7fac5cff8000-7fac5cff9000 r--p 0001a000 08:01 406817                     /usr/lib/x86_64-linux-gnu/libxcb.so.1.1.0
7fac5cff9000-7fac5cffa000 rw-p 0001b000 08:01 406817                     /usr/lib/x86_64-linux-gnu/libxcb.so.1.1.0
7fac5cffa000-7fac5d048000 r-xp 00000000 08:01 400264                     /usr/lib/x86_64-linux-gnu/libcups.so.2
7fac5d048000-7fac5d248000 ---p 0004e000 08:01 400264                     /usr/lib/x86_64-linux-gnu/libcups.so.2
7fac5d248000-7fac5d24c000 r--p 0004e000 08:01 400264                     /usr/lib/x86_64-linux-gnu/libcups.so.2
7fac5d24c000-7fac5d24d000 rw-p 00052000 08:01 400264                     /usr/lib/x86_64-linux-gnu/libcups.so.2
7fac5d24d000-7fac5d341000 r-xp 00000000 08:01 134283                     /lib/x86_64-linux-gnu/libglib-2.0.so.0.3000.0
7fac5d341000-7fac5d540000 ---p 000f4000 08:01 134283                     /lib/x86_64-linux-gnu/libglib-2.0.so.0.3000.0
7fac5d540000-7fac5d541000 r--p 000f3000 08:01 134283                     /lib/x86_64-linux-gnu/libglib-2.0.so.0.3000.0
7fac5d541000-7fac5d542000 rw-p 000f4000 08:01 134283                     /lib/x86_64-linux-gnu/libglib-2.0.so.0.3000.0
7fac5d542000-7fac5d543000 rw-p 00000000 00:00 0 
7fac5d543000-7fac5d547000 r-xp 00000000 08:01 394708                     /usr/lib/x86_64-linux-gnu/libgthread-2.0.so.0.3000.0
7fac5d547000-7fac5d746000 ---p 00004000 08:01 394708                     /usr/lib/x86_64-linux-gnu/libgthread-2.0.so.0.3000.0
7fac5d746000-7fac5d747000 r--p 00003000 08:01 394708                     /usr/lib/x86_64-linux-gnu/libgthread-2.0.so.0.3000.0
7fac5d747000-7fac5d748000 rw-p 00004000 08:01 394708                     /usr/lib/x86_64-linux-gnu/libgthread-2.0.so.0.3000.0
7fac5d748000-7fac5d796000 r-xp 00000000 08:01 394707                     /usr/lib/x86_64-linux-gnu/libgobject-2.0.so.0.3000.0
7fac5d796000-7fac5d996000 ---p 0004e000 08:01 394707                     /usr/lib/x86_64-linux-gnu/libgobject-2.0.so.0.3000.0
7fac5d996000-7fac5d997000 r--p 0004e000 08:01 394707                     /usr/lib/x86_64-linux-gnu/libgobject-2.0.so.0.3000.0
7fac5d997000-7fac5d998000 rw-p 0004f000 08:01 394707                     /usr/lib/x86_64-linux-gnu/libgobject-2.0.so.0.3000.0
7fac5d998000-7fac5d999000 rw-p 00000000 00:00 0 
7fac5d999000-7fac5d9cd000 r-xp 00000000 08:01 406630                     /usr/lib/x86_64-linux-gnu/libfontconfig.so.1.4.4
7fac5d9cd000-7fac5dbcd000 ---p 00034000 08:01 406630                     /usr/lib/x86_64-linux-gnu/libfontconfig.so.1.4.4
7fac5dbcd000-7fac5dbce000 r--p 00034000 08:01 406630                     /usr/lib/x86_64-linux-gnu/libfontconfig.so.1.4.4
7fac5dbce000-7fac5dbcf000 rw-p 00035000 08:01 406630                     /usr/lib/x86_64-linux-gnu/libfontconfig.so.1.4.4
7fac5dbcf000-7fac5dc16000 r-xp 00000000 08:01 397304                     /usr/lib/x86_64-linux-gnu/libpango-1.0.so.0.2903.0
7fac5dc16000-7fac5de16000 ---p 00047000 08:01 397304                     /usr/lib/x86_64-linux-gnu/libpango-1.0.so.0.2903.0
7fac5de16000-7fac5de18000 r--p 00047000 08:01 397304                     /usr/lib/x86_64-linux-gnu/libpango-1.0.so.0.2903.0
7fac5de18000-7fac5de19000 rw-p 00049000 08:01 397304                     /usr/lib/x86_64-linux-gnu/libpango-1.0.so.0.2903.0
7fac5de19000-7fac5de37000 r-xp 00000000 08:01 394128                     /usr/lib/x86_64-linux-gnu/libgdk_pixbuf-2.0.so.0.2400.0
7fac5de37000-7fac5e036000 ---p 0001e000 08:01 394128                     /usr/lib/x86_64-linux-gnu/libgdk_pixbuf-2.0.so.0.2400.0
7fac5e036000-7fac5e037000 r--p 0001d000 08:01 394128                     /usr/lib/x86_64-linux-gnu/libgdk_pixbuf-2.0.so.0.2400.0
7fac5e037000-7fac5e038000 rw-p 0001e000 08:01 394128                     /usr/lib/x86_64-linux-gnu/libgdk_pixbuf-2.0.so.0.2400.0
7fac5e038000-7fac5e173000 r-xp 00000000 08:01 394685                     /usr/lib/x86_64-linux-gnu/libgio-2.0.so.0.3000.0
7fac5e173000-7fac5e372000 ---p 0013b000 08:01 394685                     /usr/lib/x86_64-linux-gnu/libgio-2.0.so.0.3000.0
7fac5e372000-7fac5e376000 r--p 0013a000 08:01 394685                     /usr/lib/x86_64-linux-gnu/libgio-2.0.so.0.3000.0
7fac5e376000-7fac5e378000 rw-p 0013e000 08:01 394685                     /usr/lib/x86_64-linux-gnu/libgio-2.0.so.0.3000.0
7fac5e378000-7fac5e37a000 rw-p 00000000 00:00 0 
7fac5e37a000-7fac5e427000 r-xp 00000000 08:01 397253                     /usr/lib/x86_64-linux-gnu/libgdk-x11-2.0.so.0.2400.6
7fac5e427000-7fac5e626000 ---p 000ad000 08:01 397253                     /usr/lib/x86_64-linux-gnu/libgdk-x11-2.0.so.0.2400.6
7fac5e626000-7fac5e62a000 r--p 000ac000 08:01 397253                     /usr/lib/x86_64-linux-gnu/libgdk-x11-2.0.so.0.2400.6
7fac5e62a000-7fac5e62c000 rw-p 000b0000 08:01 397253                     /usr/lib/x86_64-linux-gnu/libgdk-x11-2.0.so.0.2400.6
7fac5e62c000-7fac5ea5b000 r-xp 00000000 08:01 397246                     /usr/lib/x86_64-linux-gnu/libgtk-x11-2.0.so.0.2400.6
7fac5ea5b000-7fac5ec5b000 ---p 0042f000 08:01 397246                     /usr/lib/x86_64-linux-gnu/libgtk-x11-2.0.so.0.2400.6
7fac5ec5b000-7fac5ec62000 r--p 0042f000 08:01 397246                     /usr/lib/x86_64-linux-gnu/libgtk-x11-2.0.so.0.2400.6
7fac5ec62000-7fac5ec66000 rw-p 00436000 08:01 397246                     /usr/lib/x86_64-linux-gnu/libgtk-x11-2.0.so.0.2400.6
7fac5ec66000-7fac5ec68000 rw-p 00000000 00:00 0 
7fac5ec68000-7fac5ec77000 r-xp 00000000 08:01 406547                     /usr/lib/x86_64-linux-gnu/libXi.so.6.1.0
7fac5ec77000-7fac5ee76000 ---p 0000f000 08:01 406547                     /usr/lib/x86_64-linux-gnu/libXi.so.6.1.0
7fac5ee76000-7fac5ee77000 r--p 0000e000 08:01 406547                     /usr/lib/x86_64-linux-gnu/libXi.so.6.1.0
7fac5ee77000-7fac5ee78000 rw-p 0000f000 08:01 406547                     /usr/lib/x86_64-linux-gnu/libXi.so.6.1.0
7fac5ee78000-7fac5ee7d000 r-xp 00000000 08:01 398564                     /usr/lib/libXtst.so.6.1.0
7fac5ee7d000-7fac5f07c000 ---p 00005000 08:01 398564                     /usr/lib/libXtst.so.6.1.0
7fac5f07c000-7fac5f07d000 r--p 00004000 08:01 398564                     /usr/lib/libXtst.so.6.1.0
7fac5f07d000-7fac5f07e000 rw-p 00005000 08:01 398564                     /usr/lib/libXtst.so.6.1.0
7fac5f07e000-7fac5f087000 r-xp 00000000 08:01 406553                     /usr/lib/x86_64-linux-gnu/libXrender.so.1.3.0
7fac5f087000-7fac5f287000 ---p 00009000 08:01 406553                     /usr/lib/x86_64-linux-gnu/libXrender.so.1.3.0
7fac5f287000-7fac5f288000 r--p 00009000 08:01 406553                     /usr/lib/x86_64-linux-gnu/libXrender.so.1.3.0
7fac5f288000-7fac5f289000 rw-p 0000a000 08:01 406553                     /usr/lib/x86_64-linux-gnu/libXrender.so.1.3.0
7fac5f289000-7fac5f3bc000 r-xp 00000000 08:01 406471                     /usr/lib/x86_64-linux-gnu/libX11.so.6.3.0
7fac5f3bc000-7fac5f5bc000 ---p 00133000 08:01 406471                     /usr/lib/x86_64-linux-gnu/libX11.so.6.3.0
7fac5f5bc000-7fac5f5bd000 r--p 00133000 08:01 406471                     /usr/lib/x86_64-linux-gnu/libX11.so.6.3.0
7fac5f5bd000-7fac5f5c1000 rw-p 00134000 08:01 406471                     /usr/lib/x86_64-linux-gnu/libX11.so.6.3.0
7fac5f5c1000-7fac5f5d3000 r-xp 00000000 08:01 406541                     /usr/lib/x86_64-linux-gnu/libXext.so.6.4.0
7fac5f5d3000-7fac5f7d2000 ---p 00012000 08:01 406541                     /usr/lib/x86_64-linux-gnu/libXext.so.6.4.0
7fac5f7d2000-7fac5f7d3000 r--p 00011000 08:01 406541                     /usr/lib/x86_64-linux-gnu/libXext.so.6.4.0
7fac5f7d3000-7fac5f7d4000 rw-p 00012000 08:01 406541                     /usr/lib/x86_64-linux-gnu/libXext.so.6.4.0
7fac5f7d4000-7fac5f826000 r-xp 00000000 08:01 401973                     /usr/lib/jvm/java-7-openjdk-amd64/jre/lib/amd64/xawt/libmawt.so
7fac5f826000-7fac5fa26000 ---p 00052000 08:01 401973                     /usr/lib/jvm/java-7-openjdk-amd64/jre/lib/amd64/xawt/libmawt.so
7fac5fa26000-7fac5fa27000 r--p 00052000 08:01 401973                     /usr/lib/jvm/java-7-openjdk-amd64/jre/lib/amd64/xawt/libmawt.so
7fac5fa27000-7fac5fa2a000 rw-p 00053000 08:01 401973                     /usr/lib/jvm/java-7-openjdk-amd64/jre/lib/amd64/xawt/libmawt.so
7fac5fa2a000-7fac5fa2b000 rw-p 00000000 00:00 0 
7fac5fa2b000-7fac5facd000 r-xp 00000000 08:01 398111                     /usr/lib/jvm/java-7-openjdk-amd64/jre/lib/amd64/libawt.so
7fac5facd000-7fac5fccc000 ---p 000a2000 08:01 398111                     /usr/lib/jvm/java-7-openjdk-amd64/jre/lib/amd64/libawt.so
7fac5fccc000-7fac5fccd000 r--p 000a1000 08:01 398111                     /usr/lib/jvm/java-7-openjdk-amd64/jre/lib/amd64/libawt.so
7fac5fccd000-7fac5fcd8000 rw-p 000a2000 08:01 398111                     /usr/lib/jvm/java-7-openjdk-amd64/jre/lib/amd64/libawt.so
7fac5fcd8000-7fac5fcfd000 rw-p 00000000 00:00 0 
7fac5fcfd000-7fac5fcfe000 ---p 00000000 00:00 0 
7fac5fcfe000-7fac5fdfe000 rw-p 00000000 00:00 0 
7fac5fdfe000-7fac5fe01000 ---p 00000000 00:00 0 
7fac5fe01000-7fac5feff000 rw-p 00000000 00:00 0 
7fac5feff000-7fac5ff02000 ---p 00000000 00:00 0 
7fac5ff02000-7fac60000000 rw-p 00000000 00:00 0 
7fac60000000-7fac60021000 rw-p 00000000 00:00 0 
7fac60021000-7fac64000000 ---p 00000000 00:00 0 
7fac64070000-7fac640a1000 rw-p 00000000 00:00 0 
7fac640a1000-7fac640a4000 ---p 00000000 00:00 0 
7fac640a4000-7fac640bb000 rw-p 00000000 00:00 0 
7fac640bb000-7fac640de000 r--p 00000000 08:01 675061                     /usr/share/locale-langpack/fr/LC_MESSAGES/libc.mo
7fac640de000-7fac640e1000 ---p 00000000 00:00 0 
7fac640e1000-7fac641df000 rw-p 00000000 00:00 0 
7fac641df000-7fac641e2000 ---p 00000000 00:00 0 
7fac641e2000-7fac642e0000 rw-p 00000000 00:00 0 
7fac642e0000-7fac649cd000 r--p 00000000 08:01 403488                     /usr/lib/locale/locale-archive
7fac649cd000-7fac649d0000 ---p 00000000 00:00 0 
7fac649d0000-7fac64ace000 rw-p 00000000 00:00 0 
7fac64ace000-7fac64ad1000 ---p 00000000 00:00 0 
7fac64ad1000-7fac64bcf000 rw-p 00000000 00:00 0 
7fac64bcf000-7fac64bd0000 ---p 00000000 00:00 0 
7fac64bd0000-7fac6503f000 rw-p 00000000 00:00 0 
7fac6503f000-7fac651ed000 r--s 03e76000 08:01 396788                     /usr/lib/jvm/java-7-openjdk-amd64/jre/lib/rt.jar
7fac651ed000-7fac65215000 rw-p 00000000 00:00 0 
7fac65215000-7fac65216000 ---p 00000000 00:00 0 
7fac65216000-7fac65316000 rw-p 00000000 00:00 0 
7fac65316000-7fac65317000 ---p 00000000 00:00 0 
7fac65317000-7fac65422000 rw-p 00000000 00:00 0 
7fac65422000-7fac6546a000 rw-p 00000000 00:00 0 
7fac6546a000-7fac6547f000 rw-p 00000000 00:00 0 
7fac6547f000-7fac655b5000 rw-p 00000000 00:00 0 
7fac655b5000-7fac655c0000 rw-p 00000000 00:00 0 
7fac655c0000-7fac65608000 rw-p 00000000 00:00 0 
7fac65608000-7fac6561d000 rw-p 00000000 00:00 0 
7fac6561d000-7fac65752000 rw-p 00000000 00:00 0 
7fac65752000-7fac6575d000 rw-p 00000000 00:00 0 
7fac6575d000-7fac657f8000 rw-p 00000000 00:00 0 
7fac657f8000-7fac657f9000 rw-p 00000000 00:00 0 
7fac657f9000-7fac65a69000 rwxp 00000000 00:00 0 
7fac65a69000-7fac687f9000 rw-p 00000000 00:00 0 
7fac687f9000-7fac68801000 r-xp 00000000 08:01 399895                     /usr/lib/jvm/java-7-openjdk-amd64/jre/lib/amd64/libzip.so
7fac68801000-7fac68a00000 ---p 00008000 08:01 399895                     /usr/lib/jvm/java-7-openjdk-amd64/jre/lib/amd64/libzip.so
7fac68a00000-7fac68a01000 r--p 00007000 08:01 399895                     /usr/lib/jvm/java-7-openjdk-amd64/jre/lib/amd64/libzip.so
7fac68a01000-7fac68a02000 rw-p 00008000 08:01 399895                     /usr/lib/jvm/java-7-openjdk-amd64/jre/lib/amd64/libzip.so
7fac68a02000-7fac68a0e000 r-xp 00000000 08:01 134596                     /lib/x86_64-linux-gnu/libnss_files-2.13.so
7fac68a0e000-7fac68c0d000 ---p 0000c000 08:01 134596                     /lib/x86_64-linux-gnu/libnss_files-2.13.so
7fac68c0d000-7fac68c0e000 r--p 0000b000 08:01 134596                     /lib/x86_64-linux-gnu/libnss_files-2.13.so
7fac68c0e000-7fac68c0f000 rw-p 0000c000 08:01 134596                     /lib/x86_64-linux-gnu/libnss_files-2.13.so
7fac68c0f000-7fac68c19000 r-xp 00000000 08:01 134607                     /lib/x86_64-linux-gnu/libnss_nis-2.13.so
7fac68c19000-7fac68e19000 ---p 0000a000 08:01 134607                     /lib/x86_64-linux-gnu/libnss_nis-2.13.so
7fac68e19000-7fac68e1a000 r--p 0000a000 08:01 134607                     /lib/x86_64-linux-gnu/libnss_nis-2.13.so
7fac68e1a000-7fac68e1b000 rw-p 0000b000 08:01 134607                     /lib/x86_64-linux-gnu/libnss_nis-2.13.so
7fac68e1b000-7fac68e32000 r-xp 00000000 08:01 134591                     /lib/x86_64-linux-gnu/libnsl-2.13.so
7fac68e32000-7fac69031000 ---p 00017000 08:01 134591                     /lib/x86_64-linux-gnu/libnsl-2.13.so
7fac69031000-7fac69032000 r--p 00016000 08:01 134591                     /lib/x86_64-linux-gnu/libnsl-2.13.so
7fac69032000-7fac69033000 rw-p 00017000 08:01 134591                     /lib/x86_64-linux-gnu/libnsl-2.13.so
7fac69033000-7fac69035000 rw-p 00000000 00:00 0 
7fac69035000-7fac6903d000 r-xp 00000000 08:01 134588                     /lib/x86_64-linux-gnu/libnss_compat-2.13.so
7fac6903d000-7fac6923c000 ---p 00008000 08:01 134588                     /lib/x86_64-linux-gnu/libnss_compat-2.13.so
7fac6923c000-7fac6923d000 r--p 00007000 08:01 134588                     /lib/x86_64-linux-gnu/libnss_compat-2.13.so
7fac6923d000-7fac6923e000 rw-p 00008000 08:01 134588                     /lib/x86_64-linux-gnu/libnss_compat-2.13.so
7fac6923e000-7fac69267000 r-xp 00000000 08:01 398578                     /usr/lib/jvm/java-7-openjdk-amd64/jre/lib/amd64/libjava.so
7fac69267000-7fac69466000 ---p 00029000 08:01 398578                     /usr/lib/jvm/java-7-openjdk-amd64/jre/lib/amd64/libjava.so
7fac69466000-7fac69467000 r--p 00028000 08:01 398578                     /usr/lib/jvm/java-7-openjdk-amd64/jre/lib/amd64/libjava.so
7fac69467000-7fac69469000 rw-p 00029000 08:01 398578                     /usr/lib/jvm/java-7-openjdk-amd64/jre/lib/amd64/libjava.so
7fac69469000-7fac69477000 r-xp 00000000 08:01 399894                     /usr/lib/jvm/java-7-openjdk-amd64/jre/lib/amd64/libverify.so
7fac69477000-7fac69676000 ---p 0000e000 08:01 399894                     /usr/lib/jvm/java-7-openjdk-amd64/jre/lib/amd64/libverify.so
7fac69676000-7fac69678000 r--p 0000d000 08:01 399894                     /usr/lib/jvm/java-7-openjdk-amd64/jre/lib/amd64/libverify.so
7fac69678000-7fac69679000 rw-p 0000f000 08:01 399894                     /usr/lib/jvm/java-7-openjdk-amd64/jre/lib/amd64/libverify.so
7fac69679000-7fac69680000 r-xp 00000000 08:01 134577                     /lib/x86_64-linux-gnu/librt-2.13.so
7fac69680000-7fac6987f000 ---p 00007000 08:01 134577                     /lib/x86_64-linux-gnu/librt-2.13.so
7fac6987f000-7fac69880000 r--p 00006000 08:01 134577                     /lib/x86_64-linux-gnu/librt-2.13.so
7fac69880000-7fac69881000 rw-p 00007000 08:01 134577                     /lib/x86_64-linux-gnu/librt-2.13.so
7fac69881000-7fac69896000 r-xp 00000000 08:01 131748                     /lib/x86_64-linux-gnu/libgcc_s.so.1
7fac69896000-7fac69a95000 ---p 00015000 08:01 131748                     /lib/x86_64-linux-gnu/libgcc_s.so.1
7fac69a95000-7fac69a96000 r--p 00014000 08:01 131748                     /lib/x86_64-linux-gnu/libgcc_s.so.1
7fac69a96000-7fac69a97000 rw-p 00015000 08:01 131748                     /lib/x86_64-linux-gnu/libgcc_s.so.1
7fac69a97000-7fac69b1a000 r-xp 00000000 08:01 134673                     /lib/x86_64-linux-gnu/libm-2.13.so
7fac69b1a000-7fac69d19000 ---p 00083000 08:01 134673                     /lib/x86_64-linux-gnu/libm-2.13.so
7fac69d19000-7fac69d1a000 r--p 00082000 08:01 134673                     /lib/x86_64-linux-gnu/libm-2.13.so
7fac69d1a000-7fac69d1b000 rw-p 00083000 08:01 134673                     /lib/x86_64-linux-gnu/libm-2.13.so
7fac69d1b000-7fac69e03000 r-xp 00000000 08:01 398097                     /usr/lib/x86_64-linux-gnu/libstdc++.so.6.0.16
7fac69e03000-7fac6a003000 ---p 000e8000 08:01 398097                     /usr/lib/x86_64-linux-gnu/libstdc++.so.6.0.16
7fac6a003000-7fac6a00b000 r--p 000e8000 08:01 398097                     /usr/lib/x86_64-linux-gnu/libstdc++.so.6.0.16
7fac6a00b000-7fac6a00d000 rw-p 000f0000 08:01 398097                     /usr/lib/x86_64-linux-gnu/libstdc++.so.6.0.16
7fac6a00d000-7fac6a022000 rw-p 00000000 00:00 0 
7fac6a022000-7fac6a9a9000 r-xp 00000000 08:01 399897                     /usr/lib/jvm/java-7-openjdk-amd64/jre/lib/amd64/server/libjvm.so
7fac6a9a9000-7fac6aba8000 ---p 00987000 08:01 399897                     /usr/lib/jvm/java-7-openjdk-amd64/jre/lib/amd64/server/libjvm.so
7fac6aba8000-7fac6ac26000 r--p 00986000 08:01 399897                     /usr/lib/jvm/java-7-openjdk-amd64/jre/lib/amd64/server/libjvm.so
7fac6ac26000-7fac6ac41000 rw-p 00a04000 08:01 399897                     /usr/lib/jvm/java-7-openjdk-amd64/jre/lib/amd64/server/libjvm.so
7fac6ac41000-7fac6ac6c000 rw-p 00000000 00:00 0 
7fac6ac6c000-7fac6ac84000 r-xp 00000000 08:01 134606                     /lib/x86_64-linux-gnu/libpthread-2.13.so
7fac6ac84000-7fac6ae83000 ---p 00018000 08:01 134606                     /lib/x86_64-linux-gnu/libpthread-2.13.so
7fac6ae83000-7fac6ae84000 r--p 00017000 08:01 134606                     /lib/x86_64-linux-gnu/libpthread-2.13.so
7fac6ae84000-7fac6ae85000 rw-p 00018000 08:01 134606                     /lib/x86_64-linux-gnu/libpthread-2.13.so
7fac6ae85000-7fac6ae89000 rw-p 00000000 00:00 0 
7fac6ae89000-7fac6aea0000 r-xp 00000000 08:01 139905                     /lib/x86_64-linux-gnu/libz.so.1.2.3.4
7fac6aea0000-7fac6b09f000 ---p 00017000 08:01 139905                     /lib/x86_64-linux-gnu/libz.so.1.2.3.4
7fac6b09f000-7fac6b0a0000 r--p 00016000 08:01 139905                     /lib/x86_64-linux-gnu/libz.so.1.2.3.4
7fac6b0a0000-7fac6b0a1000 rw-p 00017000 08:01 139905                     /lib/x86_64-linux-gnu/libz.so.1.2.3.4
7fac6b0a1000-7fac6b0a3000 r-xp 00000000 08:01 134594                     /lib/x86_64-linux-gnu/libdl-2.13.so
7fac6b0a3000-7fac6b2a3000 ---p 00002000 08:01 134594                     /lib/x86_64-linux-gnu/libdl-2.13.so
7fac6b2a3000-7fac6b2a4000 r--p 00002000 08:01 134594                     /lib/x86_64-linux-gnu/libdl-2.13.so
7fac6b2a4000-7fac6b2a5000 rw-p 00003000 08:01 134594                     /lib/x86_64-linux-gnu/libdl-2.13.so
7fac6b2a5000-7fac6b43a000 r-xp 00000000 08:01 134593                     /lib/x86_64-linux-gnu/libc-2.13.so
7fac6b43a000-7fac6b639000 ---p 00195000 08:01 134593                     /lib/x86_64-linux-gnu/libc-2.13.so
7fac6b639000-7fac6b63d000 r--p 00194000 08:01 134593                     /lib/x86_64-linux-gnu/libc-2.13.so
7fac6b63d000-7fac6b63e000 rw-p 00198000 08:01 134593                     /lib/x86_64-linux-gnu/libc-2.13.so
7fac6b63e000-7fac6b644000 rw-p 00000000 00:00 0 
7fac6b644000-7fac6b650000 r-xp 00000000 08:01 397479                     /usr/lib/jvm/java-7-openjdk-amd64/jre/lib/amd64/jli/libjli.so
7fac6b650000-7fac6b84f000 ---p 0000c000 08:01 397479                     /usr/lib/jvm/java-7-openjdk-amd64/jre/lib/amd64/jli/libjli.so
7fac6b84f000-7fac6b850000 r--p 0000b000 08:01 397479                     /usr/lib/jvm/java-7-openjdk-amd64/jre/lib/amd64/jli/libjli.so
7fac6b850000-7fac6b851000 rw-p 0000c000 08:01 397479                     /usr/lib/jvm/java-7-openjdk-amd64/jre/lib/amd64/jli/libjli.so
7fac6b851000-7fac6b872000 r-xp 00000000 08:01 134600                     /lib/x86_64-linux-gnu/ld-2.13.so
7fac6b872000-7fac6b876000 r--s 0009f000 08:01 396465                     /usr/lib/jvm/java-7-openjdk-common/jre/lib/jsse.jar
7fac6b876000-7fac6b87f000 r--s 00263000 08:01 396683                     /usr/lib/jvm/java-7-openjdk-common/jre/lib/resources.jar
7fac6b87f000-7fac6b886000 r--s 00000000 08:01 663199                     /usr/lib/x86_64-linux-gnu/gconv/gconv-modules.cache
7fac6b886000-7fac6b890000 rw-p 00000000 00:00 0 
7fac6b890000-7fac6b946000 rw-p 00000000 00:00 0 
7fac6b946000-7fac6b949000 ---p 00000000 00:00 0 
7fac6b949000-7fac6ba4d000 rw-p 00000000 00:00 0 
7fac6ba4d000-7fac6ba4e000 r--p 00000000 00:00 0 
7fac6ba4e000-7fac6ba51000 r--s 00032000 08:01 395025                     /usr/lib/jvm/java-7-openjdk-common/jre/lib/ext/sunjce_provider.jar
7fac6ba51000-7fac6ba54000 r--s 00085000 08:01 395002                     /usr/lib/jvm/java-7-openjdk-common/jre/lib/ext/localedata.jar
7fac6ba54000-7fac6ba55000 r--s 00002000 08:01 394906                     /usr/lib/jvm/java-7-openjdk-common/jre/lib/ext/dnsns.jar
7fac6ba55000-7fac6ba58000 r--s 0003c000 08:01 394890                     /usr/lib/jvm/java-7-openjdk-common/jre/lib/ext/sunpkcs11.jar
7fac6ba58000-7fac6ba5a000 r--s 00012000 08:01 395160                     /usr/lib/jvm/java-7-openjdk-common/jre/lib/ext/zipfs.jar
7fac6ba5a000-7fac6ba5d000 r--s 0000f000 08:01 395194                     /usr/lib/jvm/java-7-openjdk-common/jre/lib/ext/pulse-java.jar
7fac6ba5d000-7fac6ba65000 r--s 00066000 08:01 676447                     /usr/share/java/gnome-java-bridge.jar
7fac6ba65000-7fac6ba6d000 rw-s 00000000 08:01 268501                     /tmp/hsperfdata_guillaume/12635
7fac6ba6d000-7fac6ba6e000 rw-p 00000000 00:00 0 
7fac6ba6e000-7fac6ba6f000 r--p 00000000 00:00 0 
7fac6ba6f000-7fac6ba71000 rw-p 00000000 00:00 0 
7fac6ba71000-7fac6ba72000 r--p 00020000 08:01 134600                     /lib/x86_64-linux-gnu/ld-2.13.so
7fac6ba72000-7fac6ba74000 rw-p 00021000 08:01 134600                     /lib/x86_64-linux-gnu/ld-2.13.so
7fff55c76000-7fff55c97000 rw-p 00000000 00:00 0                          [stack]
7fff55db4000-7fff55db5000 r-xp 00000000 00:00 0                          [vdso]
ffffffffff600000-ffffffffff601000 r-xp 00000000 00:00 0                  [vsyscall]

VM Arguments:
jvm_args: -Dfile.encoding=UTF-8 
java_command: main.Main
Launcher Type: SUN_STANDARD

Environment Variables:
PATH=/usr/lib/lightdm/lightdm:/usr/local/sbin:/usr/local/bin:/usr/sbin:/usr/bin:/sbin:/bin:/usr/games
USERNAME=guillaume
SHELL=/bin/bash
DISPLAY=:0

Signal Handlers:
SIGSEGV: [libjvm.so+0x7fca30], sa_mask[0]=0x7ffbfeff, sa_flags=0x10000004
SIGBUS: [libjvm.so+0x7fca30], sa_mask[0]=0x7ffbfeff, sa_flags=0x10000004
SIGFPE: [libjvm.so+0x6a1150], sa_mask[0]=0x7ffbfeff, sa_flags=0x10000004
SIGPIPE: [libjvm.so+0x6a1150], sa_mask[0]=0x7ffbfeff, sa_flags=0x10000004
SIGXFSZ: [libjvm.so+0x6a1150], sa_mask[0]=0x7ffbfeff, sa_flags=0x10000004
SIGILL: [libjvm.so+0x6a1150], sa_mask[0]=0x7ffbfeff, sa_flags=0x10000004
SIGUSR1: SIG_DFL, sa_mask[0]=0x00000000, sa_flags=0x00000000
SIGUSR2: [libjvm.so+0x6a1520], sa_mask[0]=0x00000004, sa_flags=0x10000004
SIGHUP: [libjvm.so+0x6a1660], sa_mask[0]=0x7ffbfeff, sa_flags=0x10000004
SIGINT: SIG_IGN, sa_mask[0]=0x00000000, sa_flags=0x00000000
SIGTERM: [libjvm.so+0x6a1660], sa_mask[0]=0x7ffbfeff, sa_flags=0x10000004
SIGQUIT: [libjvm.so+0x6a1660], sa_mask[0]=0x7ffbfeff, sa_flags=0x10000004


---------------  S Y S T E M  ---------------

OS:Ubuntu 11.10 (oneiric)
uname:Linux 3.0.0-12-generic #20-Ubuntu SMP Fri Oct 7 14:56:25 UTC 2011 x86_64
libc:glibc 2.13 NPTL 2.13 
rlimit: STACK 8192k, CORE 0k, NPROC 31562, NOFILE 4096, AS infinity
load average:0,60 0,69 0,57

/proc/meminfo:
MemTotal:        4055792 kB
MemFree:          606436 kB
Buffers:          138076 kB
Cached:          1240984 kB
SwapCached:            0 kB
Active:          2494764 kB
Inactive:         696708 kB
Active(anon):    1815384 kB
Inactive(anon):    10108 kB
Active(file):     679380 kB
Inactive(file):   686600 kB
Unevictable:         160 kB
Mlocked:             160 kB
SwapTotal:             0 kB
SwapFree:              0 kB
Dirty:             34300 kB
Writeback:             0 kB
AnonPages:       1812832 kB
Mapped:           307468 kB
Shmem:             12860 kB
Slab:             101856 kB
SReclaimable:      69404 kB
SUnreclaim:        32452 kB
KernelStack:        4088 kB
PageTables:        43280 kB
NFS_Unstable:          0 kB
Bounce:                0 kB
WritebackTmp:          0 kB
CommitLimit:     2027896 kB
Committed_AS:    4831836 kB
VmallocTotal:   34359738367 kB
VmallocUsed:      109112 kB
VmallocChunk:   34359600636 kB
HardwareCorrupted:     0 kB
AnonHugePages:         0 kB
HugePages_Total:       0
HugePages_Free:        0
HugePages_Rsvd:        0
HugePages_Surp:        0
Hugepagesize:       2048 kB
DirectMap4k:      183232 kB
DirectMap2M:     4009984 kB


CPU:total 2 (2 cores per cpu, 1 threads per core) family 6 model 15 stepping 13, cmov, cx8, fxsr, mmx, sse, sse2, sse3, ssse3

Memory: 4k page, physical 4055792k(606436k free), swap 0k(0k free)

vm_info: OpenJDK 64-Bit Server VM (21.0-b17) for linux-amd64 JRE (1.7.0_147-b147), built on Sep 30 2011 00:36:33 by "buildd" with gcc 4.6.1

time: Thu Nov 10 18:26:17 2011
elapsed time: 1 seconds

