#
# A fatal error has been detected by the Java Runtime Environment:
#
#  SIGSEGV (0xb) at pc=0x00007f1eff0c21f8, pid=12309, tid=139771387832064
#
# JRE version: 7.0_147-b147
# Java VM: OpenJDK 64-Bit Server VM (21.0-b17 mixed mode linux-amd64 compressed oops)
# Derivative: IcedTea7 2.0pre
# Distribution: Ubuntu oneiric (development branch), package 7~b147-2.0~pre6-1ubuntu1
# Problematic frame:
# C  [liblcms2.so.2+0x121f8]  cmsSaveProfileToIOhandler+0x38
#
# Failed to write core dump. Core dumps have been disabled. To enable core dumping, try "ulimit -c unlimited" before starting Java again
#
# If you would like to submit a bug report, please include
# instructions on how to reproduce the bug and visit:
#   https://bugs.launchpad.net/ubuntu/+source/openjdk-7/
# The crash happened outside the Java Virtual Machine in native code.
# See problematic frame for where to report the bug.
#

---------------  T H R E A D  ---------------

Current thread (0x000000000244b800):  JavaThread "main" [_thread_in_native, id=12310, stack(0x00007f1f0fdbe000,0x00007f1f0febf000)]

siginfo:si_signo=SIGSEGV: si_errno=0, si_code=1 (SEGV_MAPERR), si_addr=0x0000000000000000

Registers:
RAX=0x0000000000000000, RBX=0x0000000000000000, RCX=0x00000000000001d4, RDX=0x00007f1f0febca4c
RSP=0x00007f1f0febbb20, RBP=0x0000000000000000, RSI=0x0000000000000000, RDI=0x00007f1f0febbb20
R8 =0x00000000028a1ba0, R9 =0x00007f1f0f84cec7, R10=0x00007f1f09c83557, R11=0x00007f1f0f880df0
R12=0x00007f1f0febca4c, R13=0x0000000000000000, R14=0x0000000000000000, R15=0x000000000244b800
RIP=0x00007f1eff0c21f8, EFLAGS=0x0000000000010246, CSGSFS=0x0000000000000033, ERR=0x0000000000000004
  TRAPNO=0x000000000000000e

Top of Stack: (sp=0x00007f1f0febbb20)
0x00007f1f0febbb20:   00000000028a4500 00007f1f0f796659
0x00007f1f0febbb30:   0000000000000c48 00007f1f0fab71c0
0x00007f1f0febbb40:   000000000000000e 000000000000080c
0x00007f1f0febbb50:   00007f1f00000000 00007f1f0fab71c0
0x00007f1f0febbb60:   000000000000000e 00007f1f0fab71c0
0x00007f1f0febbb70:   00007f1f0fab71c0 00000000000101b0
0x00007f1f0febbb80:   00000000028a4790 0000000000010060
0x00007f1f0febbb90:   0000000000000011 00007f1f0f796659
0x00007f1f0febbba0:   4247527320434549 0000000000000000
0x00007f1f0febbbb0:   00000000028a47a0 2dd3000000000100
0x00007f1f0febbbc0:   0000080c000004c4 00007f1f0fab71c0
0x00007f1f0febbbd0:   0000000000000000 00000000028a4650
0x00007f1f0febbbe0:   0000000000000c48 00000000028a2b08
0x00007f1f0febbbf0:   0000000000000011 00007f1f0f799d7c
0x00007f1f0febbc00:   00000000028a4650 00007f1eff0c0e2c
0x00007f1f0febbc10:   00000000028a28b0 00007f1eff0c23ae
0x00007f1f0febbc20:   00000000028a3760 0000000000000000
0x00007f1f0febbc30:   0000003100000000 0000000900000006
0x00007f1f0febbc40:   0000006200000001 ffffffffffffffff
0x00007f1f0febbc50:   0000000000000000 0000000000000000
0x00007f1f0febbc60:   00007f1f0f879689 6d6e747202100000
0x00007f1f0febbc70:   58595a2052474220 00000000000000b0
0x00007f1f0febbc80:   7352474249454320 0000000000000000
0x00007f1f0febbc90:   0000000000000000 0000000000000000
0x00007f1f0febbca0:   6370727400000011 00007f1f0fab71c0
0x00007f1f0febbcb0:   00000000028955b0 000000000000007c
0x00007f1f0febbcc0:   00007f1f0febc1e0 00007f1f0febc4a0
0x00007f1f0febbcd0:   00007f1f0fce385b 00007f1f0f79977d
0x00007f1f0febbce0:   6254524300000000 000000000000003f
0x00007f1f0febbcf0:   00000000028955b0 0000000000000000
0x00007f1f0febbd00:   00000000028a1b6d 00007f1f0fcd77e1
0x00007f1f0febbd10:   0000000000000000 0000000000000000 

Instructions: (pc=0x00007f1eff0c21f8)
0x00007f1eff0c21d8:   48 89 de 48 81 ec b8 0e 00 00 64 48 8b 04 25 28
0x00007f1eff0c21e8:   00 00 00 48 89 84 24 a8 0e 00 00 31 c0 48 89 e7
0x00007f1eff0c21f8:   f3 48 a5 48 89 df e8 1d f6 ff ff 48 89 c7 e8 65
0x00007f1eff0c2208:   f0 ff ff 48 85 c0 49 89 c4 48 89 03 74 0e 31 f6 

Register to memory mapping:

RAX=0x0000000000000000 is an unknown value
RBX=0x0000000000000000 is an unknown value
RCX=0x00000000000001d4 is an unknown value
RDX=0x00007f1f0febca4c is pointing into the stack for thread: 0x000000000244b800
RSP=0x00007f1f0febbb20 is pointing into the stack for thread: 0x000000000244b800
RBP=0x0000000000000000 is an unknown value
RSI=0x0000000000000000 is an unknown value
RDI=0x00007f1f0febbb20 is pointing into the stack for thread: 0x000000000244b800
R8 =0x00000000028a1ba0 is an unknown value
R9 =0x00007f1f0f84cec7: <offset 0x12fec7> in /lib/x86_64-linux-gnu/libc.so.6 at 0x00007f1f0f71d000
R10=0x00007f1f09c83557 is an Interpreter codelet
method entry point (kind = native_synchronized)  [0x00007f1f09c83180, 0x00007f1f09c83b40]  2496 bytes
R11=0x00007f1f0f880df0: <offset 0x163df0> in /lib/x86_64-linux-gnu/libc.so.6 at 0x00007f1f0f71d000
R12=0x00007f1f0febca4c is pointing into the stack for thread: 0x000000000244b800
R13=0x0000000000000000 is an unknown value
R14=0x0000000000000000 is an unknown value
R15=0x000000000244b800 is a thread


Stack: [0x00007f1f0fdbe000,0x00007f1f0febf000],  sp=0x00007f1f0febbb20,  free space=1014k
Native frames: (J=compiled Java code, j=interpreted, Vv=VM code, C=native code)
C  [liblcms2.so.2+0x121f8]  cmsSaveProfileToIOhandler+0x38

[error occurred during error reporting (printing native stack), id 0xb]

Java frames: (J=compiled Java code, j=interpreted, Vv=VM code)
j  sun.java2d.cmm.lcms.LCMS.getTagData(JI[B)V+0
j  java.awt.color.ICC_Profile.getData(JI)[B+26
j  java.awt.color.ICC_Profile.getData(I)[B+14
j  java.awt.color.ICC_Profile.getNumComponents()I+18
j  sun.java2d.cmm.lcms.LCMSTransform.<init>(Ljava/awt/color/ICC_Profile;II)V+83
j  sun.java2d.cmm.lcms.LCMS.createTransform(Ljava/awt/color/ICC_Profile;II)Lsun/java2d/cmm/ColorTransform;+7
j  java.awt.color.ICC_ColorSpace.fromRGB([F)[F+37
j  com.sun.imageio.plugins.jpeg.JPEGImageReader.setImageData(IIIII[B)V+158
v  ~StubRoutines::call_stub
j  com.sun.imageio.plugins.jpeg.JPEGImageReader.readImageHeader(JZZ)Z+0
j  com.sun.imageio.plugins.jpeg.JPEGImageReader.readNativeHeader(Z)Z+12
j  com.sun.imageio.plugins.jpeg.JPEGImageReader.checkTablesOnly()V+92
j  com.sun.imageio.plugins.jpeg.JPEGImageReader.gotoImage(I)V+41
j  com.sun.imageio.plugins.jpeg.JPEGImageReader.readHeader(IZ)V+2
j  com.sun.imageio.plugins.jpeg.JPEGImageReader.readInternal(ILjavax/imageio/ImageReadParam;Z)Ljava/awt/image/Raster;+3
j  com.sun.imageio.plugins.jpeg.JPEGImageReader.read(ILjavax/imageio/ImageReadParam;)Ljava/awt/image/BufferedImage;+8
j  javax.imageio.ImageIO.read(Ljavax/imageio/stream/ImageInputStream;)Ljava/awt/image/BufferedImage;+55
j  javax.imageio.ImageIO.read(Ljava/io/InputStream;)Ljava/awt/image/BufferedImage;+20
j  content.ImageBank.<init>()V+118
j  main.Main.main([Ljava/lang/String;)V+4
v  ~StubRoutines::call_stub

---------------  P R O C E S S  ---------------

Java Threads: ( => current thread )
  0x0000000002a2d000 JavaThread "Thread-0" [_thread_blocked, id=12331, stack(0x00007f1eff952000,0x00007f1effa53000)]
  0x0000000002a21800 JavaThread "AWT-EventQueue-0" [_thread_in_native, id=12330, stack(0x00007f1effa53000,0x00007f1effb54000)]
  0x0000000002834800 JavaThread "AWT-Shutdown" [_thread_blocked, id=12329, stack(0x00007f1f001ea000,0x00007f1f002eb000)]
  0x0000000002781000 JavaThread "process reaper" daemon [_thread_blocked, id=12327, stack(0x00007f1f002eb000,0x00007f1f00305000)]
  0x000000000275a000 JavaThread "AWT-XAWT" daemon [_thread_blocked, id=12325, stack(0x00007f1f00305000,0x00007f1f00406000)]
  0x00000000026e6000 JavaThread "Java2D Disposer" daemon [_thread_blocked, id=12324, stack(0x00007f1f00406000,0x00007f1f00507000)]
  0x000000000254e800 JavaThread "Service Thread" daemon [_thread_blocked, id=12322, stack(0x00007f1f08354000,0x00007f1f08455000)]
  0x000000000254b800 JavaThread "C2 CompilerThread1" daemon [_thread_blocked, id=12321, stack(0x00007f1f08455000,0x00007f1f08556000)]
  0x0000000002548800 JavaThread "C2 CompilerThread0" daemon [_thread_blocked, id=12320, stack(0x00007f1f08556000,0x00007f1f08657000)]
  0x0000000002546800 JavaThread "Signal Dispatcher" daemon [_thread_blocked, id=12319, stack(0x00007f1f08657000,0x00007f1f08758000)]
  0x00000000024e9000 JavaThread "Finalizer" daemon [_thread_blocked, id=12318, stack(0x00007f1f08e45000,0x00007f1f08f46000)]
  0x00000000024e6800 JavaThread "Reference Handler" daemon [_thread_blocked, id=12317, stack(0x00007f1f08f46000,0x00007f1f09047000)]
=>0x000000000244b800 JavaThread "main" [_thread_in_native, id=12310, stack(0x00007f1f0fdbe000,0x00007f1f0febf000)]

Other Threads:
  0x00000000024de800 VMThread [stack: 0x00007f1f09047000,0x00007f1f09148000] [id=12315]
  0x0000000002559800 WatcherThread [stack: 0x00007f1f08253000,0x00007f1f08354000] [id=12323]

VM state:not at safepoint (normal execution)

VM Mutex/Monitor currently owned by a thread: None

Heap
 PSYoungGen      total 18496K, used 6869K [0x00000000eb560000, 0x00000000eca00000, 0x0000000100000000)
  eden space 15872K, 43% used [0x00000000eb560000,0x00000000ebc157f8,0x00000000ec4e0000)
  from space 2624K, 0% used [0x00000000ec770000,0x00000000ec770000,0x00000000eca00000)
  to   space 2624K, 0% used [0x00000000ec4e0000,0x00000000ec4e0000,0x00000000ec770000)
 PSOldGen        total 42304K, used 0K [0x00000000c2000000, 0x00000000c4950000, 0x00000000eb560000)
  object space 42304K, 0% used [0x00000000c2000000,0x00000000c2000000,0x00000000c4950000)
 PSPermGen       total 21248K, used 11191K [0x00000000b7a00000, 0x00000000b8ec0000, 0x00000000c2000000)
  object space 21248K, 52% used [0x00000000b7a00000,0x00000000b84edc28,0x00000000b8ec0000)

Code Cache  [0x00007f1f09c71000, 0x00007f1f09ee1000, 0x00007f1f0cc71000)
 total_blobs=444 nmethods=14 adapters=383 free_code_cache=48610Kb largest_free_block=49766336

Dynamic libraries:
00400000-00401000 r-xp 00000000 08:01 400896                             /usr/lib/jvm/java-7-openjdk-amd64/jre/bin/java
00600000-00601000 r--p 00000000 08:01 400896                             /usr/lib/jvm/java-7-openjdk-amd64/jre/bin/java
00601000-00602000 rw-p 00001000 08:01 400896                             /usr/lib/jvm/java-7-openjdk-amd64/jre/bin/java
02441000-02a54000 rw-p 00000000 00:00 0                                  [heap]
b7a00000-b8ec0000 rw-p 00000000 00:00 0 
b8ec0000-c2000000 rw-p 00000000 00:00 0 
c2000000-c4950000 rw-p 00000000 00:00 0 
c4950000-eb560000 rw-p 00000000 00:00 0 
eb560000-eca00000 rw-p 00000000 00:00 0 
eca00000-100000000 rw-p 00000000 00:00 0 
7f1eff0b0000-7f1eff0f6000 r-xp 00000000 08:01 406696                     /usr/lib/x86_64-linux-gnu/liblcms2.so.2.0.2
7f1eff0f6000-7f1eff2f5000 ---p 00046000 08:01 406696                     /usr/lib/x86_64-linux-gnu/liblcms2.so.2.0.2
7f1eff2f5000-7f1eff2f6000 r--p 00045000 08:01 406696                     /usr/lib/x86_64-linux-gnu/liblcms2.so.2.0.2
7f1eff2f6000-7f1eff2fa000 rw-p 00046000 08:01 406696                     /usr/lib/x86_64-linux-gnu/liblcms2.so.2.0.2
7f1eff2fa000-7f1eff2fb000 rw-p 00000000 00:00 0 
7f1eff2fb000-7f1eff2ff000 r-xp 00000000 08:01 398964                     /usr/lib/jvm/java-7-openjdk-amd64/jre/lib/amd64/libjavalcms.so
7f1eff2ff000-7f1eff4fe000 ---p 00004000 08:01 398964                     /usr/lib/jvm/java-7-openjdk-amd64/jre/lib/amd64/libjavalcms.so
7f1eff4fe000-7f1eff4ff000 r--p 00003000 08:01 398964                     /usr/lib/jvm/java-7-openjdk-amd64/jre/lib/amd64/libjavalcms.so
7f1eff4ff000-7f1eff500000 rw-p 00004000 08:01 398964                     /usr/lib/jvm/java-7-openjdk-amd64/jre/lib/amd64/libjavalcms.so
7f1eff500000-7f1eff524000 r-xp 00000000 08:01 406680                     /usr/lib/x86_64-linux-gnu/libjpeg.so.62.0.0
7f1eff524000-7f1eff723000 ---p 00024000 08:01 406680                     /usr/lib/x86_64-linux-gnu/libjpeg.so.62.0.0
7f1eff723000-7f1eff724000 r--p 00023000 08:01 406680                     /usr/lib/x86_64-linux-gnu/libjpeg.so.62.0.0
7f1eff724000-7f1eff725000 rw-p 00024000 08:01 406680                     /usr/lib/x86_64-linux-gnu/libjpeg.so.62.0.0
7f1eff748000-7f1eff751000 r-xp 00000000 08:01 398665                     /usr/lib/jvm/java-7-openjdk-amd64/jre/lib/amd64/libjavajpeg.so
7f1eff751000-7f1eff950000 ---p 00009000 08:01 398665                     /usr/lib/jvm/java-7-openjdk-amd64/jre/lib/amd64/libjavajpeg.so
7f1eff950000-7f1eff951000 r--p 00008000 08:01 398665                     /usr/lib/jvm/java-7-openjdk-amd64/jre/lib/amd64/libjavajpeg.so
7f1eff951000-7f1eff952000 rw-p 00009000 08:01 398665                     /usr/lib/jvm/java-7-openjdk-amd64/jre/lib/amd64/libjavajpeg.so
7f1eff952000-7f1eff955000 ---p 00000000 00:00 0 
7f1eff955000-7f1effa53000 rw-p 00000000 00:00 0 
7f1effa53000-7f1effa56000 ---p 00000000 00:00 0 
7f1effa56000-7f1effb54000 rw-p 00000000 00:00 0 
7f1effb54000-7f1effb64000 r-xp 00000000 08:01 399340                     /usr/lib/jvm/java-7-openjdk-amd64/jre/lib/amd64/libnio.so
7f1effb64000-7f1effd63000 ---p 00010000 08:01 399340                     /usr/lib/jvm/java-7-openjdk-amd64/jre/lib/amd64/libnio.so
7f1effd63000-7f1effd64000 r--p 0000f000 08:01 399340                     /usr/lib/jvm/java-7-openjdk-amd64/jre/lib/amd64/libnio.so
7f1effd64000-7f1effd65000 rw-p 00010000 08:01 399340                     /usr/lib/jvm/java-7-openjdk-amd64/jre/lib/amd64/libnio.so
7f1effd65000-7f1effd96000 rw-p 00000000 00:00 0 
7f1effd96000-7f1effdac000 r-xp 00000000 08:01 399248                     /usr/lib/jvm/java-7-openjdk-amd64/jre/lib/amd64/libnet.so
7f1effdac000-7f1efffab000 ---p 00016000 08:01 399248                     /usr/lib/jvm/java-7-openjdk-amd64/jre/lib/amd64/libnet.so
7f1efffab000-7f1efffac000 r--p 00015000 08:01 399248                     /usr/lib/jvm/java-7-openjdk-amd64/jre/lib/amd64/libnet.so
7f1efffac000-7f1efffad000 rw-p 00016000 08:01 399248                     /usr/lib/jvm/java-7-openjdk-amd64/jre/lib/amd64/libnet.so
7f1efffad000-7f1efffe7000 r-xp 00000000 08:01 398142                     /usr/lib/jvm/java-7-openjdk-amd64/jre/lib/amd64/libfontmanager.so
7f1efffe7000-7f1f001e7000 ---p 0003a000 08:01 398142                     /usr/lib/jvm/java-7-openjdk-amd64/jre/lib/amd64/libfontmanager.so
7f1f001e7000-7f1f001e9000 r--p 0003a000 08:01 398142                     /usr/lib/jvm/java-7-openjdk-amd64/jre/lib/amd64/libfontmanager.so
7f1f001e9000-7f1f001ea000 rw-p 0003c000 08:01 398142                     /usr/lib/jvm/java-7-openjdk-amd64/jre/lib/amd64/libfontmanager.so
7f1f001ea000-7f1f001ed000 ---p 00000000 00:00 0 
7f1f001ed000-7f1f002eb000 rw-p 00000000 00:00 0 
7f1f002eb000-7f1f002ee000 ---p 00000000 00:00 0 
7f1f002ee000-7f1f00305000 rw-p 00000000 00:00 0 
7f1f00305000-7f1f00308000 ---p 00000000 00:00 0 
7f1f00308000-7f1f00406000 rw-p 00000000 00:00 0 
7f1f00406000-7f1f00409000 ---p 00000000 00:00 0 
7f1f00409000-7f1f00507000 rw-p 00000000 00:00 0 
7f1f00507000-7f1f0050a000 r-xp 00000000 08:01 139849                     /lib/x86_64-linux-gnu/libgpg-error.so.0.8.0
7f1f0050a000-7f1f00709000 ---p 00003000 08:01 139849                     /lib/x86_64-linux-gnu/libgpg-error.so.0.8.0
7f1f00709000-7f1f0070a000 r--p 00002000 08:01 139849                     /lib/x86_64-linux-gnu/libgpg-error.so.0.8.0
7f1f0070a000-7f1f0070b000 rw-p 00003000 08:01 139849                     /lib/x86_64-linux-gnu/libgpg-error.so.0.8.0
7f1f0070b000-7f1f0070d000 r-xp 00000000 08:01 139851                     /lib/x86_64-linux-gnu/libkeyutils.so.1.3
7f1f0070d000-7f1f0090c000 ---p 00002000 08:01 139851                     /lib/x86_64-linux-gnu/libkeyutils.so.1.3
7f1f0090c000-7f1f0090d000 r--p 00001000 08:01 139851                     /lib/x86_64-linux-gnu/libkeyutils.so.1.3
7f1f0090d000-7f1f0090e000 rw-p 00002000 08:01 139851                     /lib/x86_64-linux-gnu/libkeyutils.so.1.3
7f1f0090e000-7f1f00950000 r-xp 00000000 08:01 135649                     /lib/x86_64-linux-gnu/libdbus-1.so.3.5.7
7f1f00950000-7f1f00b4f000 ---p 00042000 08:01 135649                     /lib/x86_64-linux-gnu/libdbus-1.so.3.5.7
7f1f00b4f000-7f1f00b50000 r--p 00041000 08:01 135649                     /lib/x86_64-linux-gnu/libdbus-1.so.3.5.7
7f1f00b50000-7f1f00b51000 rw-p 00042000 08:01 135649                     /lib/x86_64-linux-gnu/libdbus-1.so.3.5.7
7f1f00b51000-7f1f00bcb000 r-xp 00000000 08:01 139845                     /lib/x86_64-linux-gnu/libgcrypt.so.11.7.0
7f1f00bcb000-7f1f00dcb000 ---p 0007a000 08:01 139845                     /lib/x86_64-linux-gnu/libgcrypt.so.11.7.0
7f1f00dcb000-7f1f00dcc000 r--p 0007a000 08:01 139845                     /lib/x86_64-linux-gnu/libgcrypt.so.11.7.0
7f1f00dcc000-7f1f00dcf000 rw-p 0007b000 08:01 139845                     /lib/x86_64-linux-gnu/libgcrypt.so.11.7.0
7f1f00dcf000-7f1f00ddf000 r-xp 00000000 08:01 406788                     /usr/lib/x86_64-linux-gnu/libtasn1.so.3.1.11
7f1f00ddf000-7f1f00fde000 ---p 00010000 08:01 406788                     /usr/lib/x86_64-linux-gnu/libtasn1.so.3.1.11
7f1f00fde000-7f1f00fdf000 r--p 0000f000 08:01 406788                     /usr/lib/x86_64-linux-gnu/libtasn1.so.3.1.11
7f1f00fdf000-7f1f00fe0000 rw-p 00010000 08:01 406788                     /usr/lib/x86_64-linux-gnu/libtasn1.so.3.1.11
7f1f00fe0000-7f1f00fe7000 r-xp 00000000 08:01 397002                     /usr/lib/x86_64-linux-gnu/libkrb5support.so.0.1
7f1f00fe7000-7f1f011e6000 ---p 00007000 08:01 397002                     /usr/lib/x86_64-linux-gnu/libkrb5support.so.0.1
7f1f011e6000-7f1f011e7000 r--p 00006000 08:01 397002                     /usr/lib/x86_64-linux-gnu/libkrb5support.so.0.1
7f1f011e7000-7f1f011e8000 rw-p 00007000 08:01 397002                     /usr/lib/x86_64-linux-gnu/libkrb5support.so.0.1
7f1f011e8000-7f1f011eb000 r-xp 00000000 08:01 139827                     /lib/x86_64-linux-gnu/libcom_err.so.2.1
7f1f011eb000-7f1f013ea000 ---p 00003000 08:01 139827                     /lib/x86_64-linux-gnu/libcom_err.so.2.1
7f1f013ea000-7f1f013eb000 r--p 00002000 08:01 139827                     /lib/x86_64-linux-gnu/libcom_err.so.2.1
7f1f013eb000-7f1f013ec000 rw-p 00003000 08:01 139827                     /lib/x86_64-linux-gnu/libcom_err.so.2.1
7f1f013ec000-7f1f01412000 r-xp 00000000 08:01 394051                     /usr/lib/x86_64-linux-gnu/libk5crypto.so.3.1
7f1f01412000-7f1f01611000 ---p 00026000 08:01 394051                     /usr/lib/x86_64-linux-gnu/libk5crypto.so.3.1
7f1f01611000-7f1f01613000 r--p 00025000 08:01 394051                     /usr/lib/x86_64-linux-gnu/libk5crypto.so.3.1
7f1f01613000-7f1f01614000 rw-p 00027000 08:01 394051                     /usr/lib/x86_64-linux-gnu/libk5crypto.so.3.1
7f1f01614000-7f1f016d3000 r-xp 00000000 08:01 397018                     /usr/lib/x86_64-linux-gnu/libkrb5.so.3.3
7f1f016d3000-7f1f018d3000 ---p 000bf000 08:01 397018                     /usr/lib/x86_64-linux-gnu/libkrb5.so.3.3
7f1f018d3000-7f1f018dc000 r--p 000bf000 08:01 397018                     /usr/lib/x86_64-linux-gnu/libkrb5.so.3.3
7f1f018dc000-7f1f018dd000 rw-p 000c8000 08:01 397018                     /usr/lib/x86_64-linux-gnu/libkrb5.so.3.3
7f1f018dd000-7f1f018e4000 r-xp 00000000 08:01 406811                     /usr/lib/x86_64-linux-gnu/libxcb-render.so.0.0.0
7f1f018e4000-7f1f01ae4000 ---p 00007000 08:01 406811                     /usr/lib/x86_64-linux-gnu/libxcb-render.so.0.0.0
7f1f01ae4000-7f1f01ae5000 r--p 00007000 08:01 406811                     /usr/lib/x86_64-linux-gnu/libxcb-render.so.0.0.0
7f1f01ae5000-7f1f01ae6000 rw-p 00008000 08:01 406811                     /usr/lib/x86_64-linux-gnu/libxcb-render.so.0.0.0
7f1f01ae6000-7f1f01ae8000 r-xp 00000000 08:01 406815                     /usr/lib/x86_64-linux-gnu/libxcb-shm.so.0.0.0
7f1f01ae8000-7f1f01ce7000 ---p 00002000 08:01 406815                     /usr/lib/x86_64-linux-gnu/libxcb-shm.so.0.0.0
7f1f01ce7000-7f1f01ce8000 r--p 00001000 08:01 406815                     /usr/lib/x86_64-linux-gnu/libxcb-shm.so.0.0.0
7f1f01ce8000-7f1f01ce9000 rw-p 00002000 08:01 406815                     /usr/lib/x86_64-linux-gnu/libxcb-shm.so.0.0.0
7f1f01ce9000-7f1f01d0f000 r-xp 00000000 08:01 139881                     /lib/x86_64-linux-gnu/libpng12.so.0.46.0
7f1f01d0f000-7f1f01f0e000 ---p 00026000 08:01 139881                     /lib/x86_64-linux-gnu/libpng12.so.0.46.0
7f1f01f0e000-7f1f01f0f000 r--p 00025000 08:01 139881                     /lib/x86_64-linux-gnu/libpng12.so.0.46.0
7f1f01f0f000-7f1f01f10000 rw-p 00026000 08:01 139881                     /lib/x86_64-linux-gnu/libpng12.so.0.46.0
7f1f01f10000-7f1f01f7e000 r-xp 00000000 08:01 406743                     /usr/lib/x86_64-linux-gnu/libpixman-1.so.0.22.2
7f1f01f7e000-7f1f0217e000 ---p 0006e000 08:01 406743                     /usr/lib/x86_64-linux-gnu/libpixman-1.so.0.22.2
7f1f0217e000-7f1f02183000 r--p 0006e000 08:01 406743                     /usr/lib/x86_64-linux-gnu/libpixman-1.so.0.22.2
7f1f02183000-7f1f02184000 rw-p 00073000 08:01 406743                     /usr/lib/x86_64-linux-gnu/libpixman-1.so.0.22.2
7f1f02184000-7f1f02189000 r-xp 00000000 08:01 406539                     /usr/lib/x86_64-linux-gnu/libXdmcp.so.6.0.0
7f1f02189000-7f1f02388000 ---p 00005000 08:01 406539                     /usr/lib/x86_64-linux-gnu/libXdmcp.so.6.0.0
7f1f02388000-7f1f02389000 r--p 00004000 08:01 406539                     /usr/lib/x86_64-linux-gnu/libXdmcp.so.6.0.0
7f1f02389000-7f1f0238a000 rw-p 00005000 08:01 406539                     /usr/lib/x86_64-linux-gnu/libXdmcp.so.6.0.0
7f1f0238a000-7f1f0238c000 r-xp 00000000 08:01 406531                     /usr/lib/x86_64-linux-gnu/libXau.so.6.0.0
7f1f0238c000-7f1f0258b000 ---p 00002000 08:01 406531                     /usr/lib/x86_64-linux-gnu/libXau.so.6.0.0
7f1f0258b000-7f1f0258c000 r--p 00001000 08:01 406531                     /usr/lib/x86_64-linux-gnu/libXau.so.6.0.0
7f1f0258c000-7f1f0258d000 rw-p 00002000 08:01 406531                     /usr/lib/x86_64-linux-gnu/libXau.so.6.0.0
7f1f0258d000-7f1f0259e000 r-xp 00000000 08:01 406571                     /usr/lib/x86_64-linux-gnu/libavahi-client.so.3.2.9
7f1f0259e000-7f1f0279e000 ---p 00011000 08:01 406571                     /usr/lib/x86_64-linux-gnu/libavahi-client.so.3.2.9
7f1f0279e000-7f1f0279f000 r--p 00011000 08:01 406571                     /usr/lib/x86_64-linux-gnu/libavahi-client.so.3.2.9
7f1f0279f000-7f1f027a0000 rw-p 00012000 08:01 406571                     /usr/lib/x86_64-linux-gnu/libavahi-client.so.3.2.9
7f1f027a0000-7f1f027ad000 r-xp 00000000 08:01 406573                     /usr/lib/x86_64-linux-gnu/libavahi-common.so.3.5.3
7f1f027ad000-7f1f029ac000 ---p 0000d000 08:01 406573                     /usr/lib/x86_64-linux-gnu/libavahi-common.so.3.5.3
7f1f029ac000-7f1f029ad000 r--p 0000c000 08:01 406573                     /usr/lib/x86_64-linux-gnu/libavahi-common.so.3.5.3
7f1f029ad000-7f1f029ae000 rw-p 0000d000 08:01 406573                     /usr/lib/x86_64-linux-gnu/libavahi-common.so.3.5.3
7f1f029ae000-7f1f02a4f000 r-xp 00000000 08:01 406657                     /usr/lib/x86_64-linux-gnu/libgnutls.so.26.16.14
7f1f02a4f000-7f1f02c4e000 ---p 000a1000 08:01 406657                     /usr/lib/x86_64-linux-gnu/libgnutls.so.26.16.14
7f1f02c4e000-7f1f02c55000 r--p 000a0000 08:01 406657                     /usr/lib/x86_64-linux-gnu/libgnutls.so.26.16.14
7f1f02c55000-7f1f02c56000 rw-p 000a7000 08:01 406657                     /usr/lib/x86_64-linux-gnu/libgnutls.so.26.16.14
7f1f02c56000-7f1f02c91000 r-xp 00000000 08:01 406685                     /usr/lib/x86_64-linux-gnu/libgssapi_krb5.so.2.2
7f1f02c91000-7f1f02e91000 ---p 0003b000 08:01 406685                     /usr/lib/x86_64-linux-gnu/libgssapi_krb5.so.2.2
7f1f02e91000-7f1f02e92000 r--p 0003b000 08:01 406685                     /usr/lib/x86_64-linux-gnu/libgssapi_krb5.so.2.2
7f1f02e92000-7f1f02e94000 rw-p 0003c000 08:01 406685                     /usr/lib/x86_64-linux-gnu/libgssapi_krb5.so.2.2
7f1f02e94000-7f1f02ecf000 r-xp 00000000 08:01 139879                     /lib/x86_64-linux-gnu/libpcre.so.3.12.1
7f1f02ecf000-7f1f030ce000 ---p 0003b000 08:01 139879                     /lib/x86_64-linux-gnu/libpcre.so.3.12.1
7f1f030ce000-7f1f030cf000 r--p 0003a000 08:01 139879                     /lib/x86_64-linux-gnu/libpcre.so.3.12.1
7f1f030cf000-7f1f030d0000 rw-p 0003b000 08:01 139879                     /lib/x86_64-linux-gnu/libpcre.so.3.12.1
7f1f030d0000-7f1f030d7000 r-xp 00000000 08:01 396800                     /usr/lib/x86_64-linux-gnu/libffi.so.6.0.0
7f1f030d7000-7f1f032d6000 ---p 00007000 08:01 396800                     /usr/lib/x86_64-linux-gnu/libffi.so.6.0.0
7f1f032d6000-7f1f032d7000 r--p 00006000 08:01 396800                     /usr/lib/x86_64-linux-gnu/libffi.so.6.0.0
7f1f032d7000-7f1f032d8000 rw-p 00007000 08:01 396800                     /usr/lib/x86_64-linux-gnu/libffi.so.6.0.0
7f1f032d8000-7f1f032ff000 r-xp 00000000 08:01 139838                     /lib/x86_64-linux-gnu/libexpat.so.1.5.2
7f1f032ff000-7f1f034ff000 ---p 00027000 08:01 139838                     /lib/x86_64-linux-gnu/libexpat.so.1.5.2
7f1f034ff000-7f1f03501000 r--p 00027000 08:01 139838                     /lib/x86_64-linux-gnu/libexpat.so.1.5.2
7f1f03501000-7f1f03502000 rw-p 00029000 08:01 139838                     /lib/x86_64-linux-gnu/libexpat.so.1.5.2
7f1f03502000-7f1f03594000 r-xp 00000000 08:01 406632                     /usr/lib/x86_64-linux-gnu/libfreetype.so.6.6.2
7f1f03594000-7f1f03793000 ---p 00092000 08:01 406632                     /usr/lib/x86_64-linux-gnu/libfreetype.so.6.6.2
7f1f03793000-7f1f03799000 r--p 00091000 08:01 406632                     /usr/lib/x86_64-linux-gnu/libfreetype.so.6.6.2
7f1f03799000-7f1f0379a000 rw-p 00097000 08:01 406632                     /usr/lib/x86_64-linux-gnu/libfreetype.so.6.6.2
7f1f0379a000-7f1f037b1000 r-xp 00000000 08:01 134597                     /lib/x86_64-linux-gnu/libresolv-2.13.so
7f1f037b1000-7f1f039b1000 ---p 00017000 08:01 134597                     /lib/x86_64-linux-gnu/libresolv-2.13.so
7f1f039b1000-7f1f039b2000 r--p 00017000 08:01 134597                     /lib/x86_64-linux-gnu/libresolv-2.13.so
7f1f039b2000-7f1f039b3000 rw-p 00018000 08:01 134597                     /lib/x86_64-linux-gnu/libresolv-2.13.so
7f1f039b3000-7f1f039b5000 rw-p 00000000 00:00 0 
7f1f039b5000-7f1f039d1000 r-xp 00000000 08:01 139888                     /lib/x86_64-linux-gnu/libselinux.so.1
7f1f039d1000-7f1f03bd0000 ---p 0001c000 08:01 139888                     /lib/x86_64-linux-gnu/libselinux.so.1
7f1f03bd0000-7f1f03bd1000 r--p 0001b000 08:01 139888                     /lib/x86_64-linux-gnu/libselinux.so.1
7f1f03bd1000-7f1f03bd2000 rw-p 0001c000 08:01 139888                     /lib/x86_64-linux-gnu/libselinux.so.1
7f1f03bd2000-7f1f03bd3000 rw-p 00000000 00:00 0 
7f1f03bd3000-7f1f03bd5000 r-xp 00000000 08:01 406537                     /usr/lib/x86_64-linux-gnu/libXdamage.so.1.1.0
7f1f03bd5000-7f1f03dd4000 ---p 00002000 08:01 406537                     /usr/lib/x86_64-linux-gnu/libXdamage.so.1.1.0
7f1f03dd4000-7f1f03dd5000 r--p 00001000 08:01 406537                     /usr/lib/x86_64-linux-gnu/libXdamage.so.1.1.0
7f1f03dd5000-7f1f03dd6000 rw-p 00002000 08:01 406537                     /usr/lib/x86_64-linux-gnu/libXdamage.so.1.1.0
7f1f03dd6000-7f1f03dd8000 r-xp 00000000 08:01 406533                     /usr/lib/x86_64-linux-gnu/libXcomposite.so.1.0.0
7f1f03dd8000-7f1f03fd7000 ---p 00002000 08:01 406533                     /usr/lib/x86_64-linux-gnu/libXcomposite.so.1.0.0
7f1f03fd7000-7f1f03fd8000 r--p 00001000 08:01 406533                     /usr/lib/x86_64-linux-gnu/libXcomposite.so.1.0.0
7f1f03fd8000-7f1f03fd9000 rw-p 00002000 08:01 406533                     /usr/lib/x86_64-linux-gnu/libXcomposite.so.1.0.0
7f1f03fd9000-7f1f03fe2000 r-xp 00000000 08:01 406535                     /usr/lib/x86_64-linux-gnu/libXcursor.so.1.0.2
7f1f03fe2000-7f1f041e1000 ---p 00009000 08:01 406535                     /usr/lib/x86_64-linux-gnu/libXcursor.so.1.0.2
7f1f041e1000-7f1f041e2000 r--p 00008000 08:01 406535                     /usr/lib/x86_64-linux-gnu/libXcursor.so.1.0.2
7f1f041e2000-7f1f041e3000 rw-p 00009000 08:01 406535                     /usr/lib/x86_64-linux-gnu/libXcursor.so.1.0.2
7f1f041e3000-7f1f041eb000 r-xp 00000000 08:01 406551                     /usr/lib/x86_64-linux-gnu/libXrandr.so.2.2.0
7f1f041eb000-7f1f043ea000 ---p 00008000 08:01 406551                     /usr/lib/x86_64-linux-gnu/libXrandr.so.2.2.0
7f1f043ea000-7f1f043eb000 r--p 00007000 08:01 406551                     /usr/lib/x86_64-linux-gnu/libXrandr.so.2.2.0
7f1f043eb000-7f1f043ec000 rw-p 00008000 08:01 406551                     /usr/lib/x86_64-linux-gnu/libXrandr.so.2.2.0
7f1f043ec000-7f1f043ee000 r-xp 00000000 08:01 406549                     /usr/lib/x86_64-linux-gnu/libXinerama.so.1.0.0
7f1f043ee000-7f1f045ed000 ---p 00002000 08:01 406549                     /usr/lib/x86_64-linux-gnu/libXinerama.so.1.0.0
7f1f045ed000-7f1f045ee000 r--p 00001000 08:01 406549                     /usr/lib/x86_64-linux-gnu/libXinerama.so.1.0.0
7f1f045ee000-7f1f045ef000 rw-p 00002000 08:01 406549                     /usr/lib/x86_64-linux-gnu/libXinerama.so.1.0.0
7f1f045ef000-7f1f045f2000 r-xp 00000000 08:01 395217                     /usr/lib/x86_64-linux-gnu/libgmodule-2.0.so.0.3000.0
7f1f045f2000-7f1f047f1000 ---p 00003000 08:01 395217                     /usr/lib/x86_64-linux-gnu/libgmodule-2.0.so.0.3000.0
7f1f047f1000-7f1f047f2000 r--p 00002000 08:01 395217                     /usr/lib/x86_64-linux-gnu/libgmodule-2.0.so.0.3000.0
7f1f047f2000-7f1f047f3000 rw-p 00003000 08:01 395217                     /usr/lib/x86_64-linux-gnu/libgmodule-2.0.so.0.3000.0
7f1f047f3000-7f1f0481d000 r-xp 00000000 08:01 397305                     /usr/lib/x86_64-linux-gnu/libpangoft2-1.0.so.0.2903.0
7f1f0481d000-7f1f04a1c000 ---p 0002a000 08:01 397305                     /usr/lib/x86_64-linux-gnu/libpangoft2-1.0.so.0.2903.0
7f1f04a1c000-7f1f04a1d000 r--p 00029000 08:01 397305                     /usr/lib/x86_64-linux-gnu/libpangoft2-1.0.so.0.2903.0
7f1f04a1d000-7f1f04a1e000 rw-p 0002a000 08:01 397305                     /usr/lib/x86_64-linux-gnu/libpangoft2-1.0.so.0.2903.0
7f1f04a1e000-7f1f04ad7000 r-xp 00000000 08:01 406593                     /usr/lib/x86_64-linux-gnu/libcairo.so.2.11000.2
7f1f04ad7000-7f1f04cd6000 ---p 000b9000 08:01 406593                     /usr/lib/x86_64-linux-gnu/libcairo.so.2.11000.2
7f1f04cd6000-7f1f04cd8000 r--p 000b8000 08:01 406593                     /usr/lib/x86_64-linux-gnu/libcairo.so.2.11000.2
7f1f04cd8000-7f1f04cd9000 rw-p 000ba000 08:01 406593                     /usr/lib/x86_64-linux-gnu/libcairo.so.2.11000.2
7f1f04cd9000-7f1f04cdc000 rw-p 00000000 00:00 0 
7f1f04cdc000-7f1f04cfb000 r-xp 00000000 08:01 394856                     /usr/lib/x86_64-linux-gnu/libatk-1.0.so.0.20209.1
7f1f04cfb000-7f1f04efb000 ---p 0001f000 08:01 394856                     /usr/lib/x86_64-linux-gnu/libatk-1.0.so.0.20209.1
7f1f04efb000-7f1f04efd000 r--p 0001f000 08:01 394856                     /usr/lib/x86_64-linux-gnu/libatk-1.0.so.0.20209.1
7f1f04efd000-7f1f04efe000 rw-p 00021000 08:01 394856                     /usr/lib/x86_64-linux-gnu/libatk-1.0.so.0.20209.1
7f1f04efe000-7f1f04f03000 r-xp 00000000 08:01 406543                     /usr/lib/x86_64-linux-gnu/libXfixes.so.3.1.0
7f1f04f03000-7f1f05102000 ---p 00005000 08:01 406543                     /usr/lib/x86_64-linux-gnu/libXfixes.so.3.1.0
7f1f05102000-7f1f05103000 r--p 00004000 08:01 406543                     /usr/lib/x86_64-linux-gnu/libXfixes.so.3.1.0
7f1f05103000-7f1f05104000 rw-p 00005000 08:01 406543                     /usr/lib/x86_64-linux-gnu/libXfixes.so.3.1.0
7f1f05104000-7f1f0510f000 r-xp 00000000 08:01 397309                     /usr/lib/x86_64-linux-gnu/libpangocairo-1.0.so.0.2903.0
7f1f0510f000-7f1f0530f000 ---p 0000b000 08:01 397309                     /usr/lib/x86_64-linux-gnu/libpangocairo-1.0.so.0.2903.0
7f1f0530f000-7f1f05310000 r--p 0000b000 08:01 397309                     /usr/lib/x86_64-linux-gnu/libpangocairo-1.0.so.0.2903.0
7f1f05310000-7f1f05311000 rw-p 0000c000 08:01 397309                     /usr/lib/x86_64-linux-gnu/libpangocairo-1.0.so.0.2903.0
7f1f05311000-7f1f0532c000 r-xp 00000000 08:01 406817                     /usr/lib/x86_64-linux-gnu/libxcb.so.1.1.0
7f1f0532c000-7f1f0552b000 ---p 0001b000 08:01 406817                     /usr/lib/x86_64-linux-gnu/libxcb.so.1.1.0
7f1f0552b000-7f1f0552c000 r--p 0001a000 08:01 406817                     /usr/lib/x86_64-linux-gnu/libxcb.so.1.1.0
7f1f0552c000-7f1f0552d000 rw-p 0001b000 08:01 406817                     /usr/lib/x86_64-linux-gnu/libxcb.so.1.1.0
7f1f0552d000-7f1f0557b000 r-xp 00000000 08:01 400264                     /usr/lib/x86_64-linux-gnu/libcups.so.2
7f1f0557b000-7f1f0577b000 ---p 0004e000 08:01 400264                     /usr/lib/x86_64-linux-gnu/libcups.so.2
7f1f0577b000-7f1f0577f000 r--p 0004e000 08:01 400264                     /usr/lib/x86_64-linux-gnu/libcups.so.2
7f1f0577f000-7f1f05780000 rw-p 00052000 08:01 400264                     /usr/lib/x86_64-linux-gnu/libcups.so.2
7f1f05780000-7f1f05874000 r-xp 00000000 08:01 134283                     /lib/x86_64-linux-gnu/libglib-2.0.so.0.3000.0
7f1f05874000-7f1f05a73000 ---p 000f4000 08:01 134283                     /lib/x86_64-linux-gnu/libglib-2.0.so.0.3000.0
7f1f05a73000-7f1f05a74000 r--p 000f3000 08:01 134283                     /lib/x86_64-linux-gnu/libglib-2.0.so.0.3000.0
7f1f05a74000-7f1f05a75000 rw-p 000f4000 08:01 134283                     /lib/x86_64-linux-gnu/libglib-2.0.so.0.3000.0
7f1f05a75000-7f1f05a76000 rw-p 00000000 00:00 0 
7f1f05a76000-7f1f05a7a000 r-xp 00000000 08:01 394708                     /usr/lib/x86_64-linux-gnu/libgthread-2.0.so.0.3000.0
7f1f05a7a000-7f1f05c79000 ---p 00004000 08:01 394708                     /usr/lib/x86_64-linux-gnu/libgthread-2.0.so.0.3000.0
7f1f05c79000-7f1f05c7a000 r--p 00003000 08:01 394708                     /usr/lib/x86_64-linux-gnu/libgthread-2.0.so.0.3000.0
7f1f05c7a000-7f1f05c7b000 rw-p 00004000 08:01 394708                     /usr/lib/x86_64-linux-gnu/libgthread-2.0.so.0.3000.0
7f1f05c7b000-7f1f05cc9000 r-xp 00000000 08:01 394707                     /usr/lib/x86_64-linux-gnu/libgobject-2.0.so.0.3000.0
7f1f05cc9000-7f1f05ec9000 ---p 0004e000 08:01 394707                     /usr/lib/x86_64-linux-gnu/libgobject-2.0.so.0.3000.0
7f1f05ec9000-7f1f05eca000 r--p 0004e000 08:01 394707                     /usr/lib/x86_64-linux-gnu/libgobject-2.0.so.0.3000.0
7f1f05eca000-7f1f05ecb000 rw-p 0004f000 08:01 394707                     /usr/lib/x86_64-linux-gnu/libgobject-2.0.so.0.3000.0
7f1f05ecb000-7f1f05ecc000 rw-p 00000000 00:00 0 
7f1f05ecc000-7f1f05f00000 r-xp 00000000 08:01 406630                     /usr/lib/x86_64-linux-gnu/libfontconfig.so.1.4.4
7f1f05f00000-7f1f06100000 ---p 00034000 08:01 406630                     /usr/lib/x86_64-linux-gnu/libfontconfig.so.1.4.4
7f1f06100000-7f1f06101000 r--p 00034000 08:01 406630                     /usr/lib/x86_64-linux-gnu/libfontconfig.so.1.4.4
7f1f06101000-7f1f06102000 rw-p 00035000 08:01 406630                     /usr/lib/x86_64-linux-gnu/libfontconfig.so.1.4.4
7f1f06102000-7f1f06149000 r-xp 00000000 08:01 397304                     /usr/lib/x86_64-linux-gnu/libpango-1.0.so.0.2903.0
7f1f06149000-7f1f06349000 ---p 00047000 08:01 397304                     /usr/lib/x86_64-linux-gnu/libpango-1.0.so.0.2903.0
7f1f06349000-7f1f0634b000 r--p 00047000 08:01 397304                     /usr/lib/x86_64-linux-gnu/libpango-1.0.so.0.2903.0
7f1f0634b000-7f1f0634c000 rw-p 00049000 08:01 397304                     /usr/lib/x86_64-linux-gnu/libpango-1.0.so.0.2903.0
7f1f0634c000-7f1f0636a000 r-xp 00000000 08:01 394128                     /usr/lib/x86_64-linux-gnu/libgdk_pixbuf-2.0.so.0.2400.0
7f1f0636a000-7f1f06569000 ---p 0001e000 08:01 394128                     /usr/lib/x86_64-linux-gnu/libgdk_pixbuf-2.0.so.0.2400.0
7f1f06569000-7f1f0656a000 r--p 0001d000 08:01 394128                     /usr/lib/x86_64-linux-gnu/libgdk_pixbuf-2.0.so.0.2400.0
7f1f0656a000-7f1f0656b000 rw-p 0001e000 08:01 394128                     /usr/lib/x86_64-linux-gnu/libgdk_pixbuf-2.0.so.0.2400.0
7f1f0656b000-7f1f066a6000 r-xp 00000000 08:01 394685                     /usr/lib/x86_64-linux-gnu/libgio-2.0.so.0.3000.0
7f1f066a6000-7f1f068a5000 ---p 0013b000 08:01 394685                     /usr/lib/x86_64-linux-gnu/libgio-2.0.so.0.3000.0
7f1f068a5000-7f1f068a9000 r--p 0013a000 08:01 394685                     /usr/lib/x86_64-linux-gnu/libgio-2.0.so.0.3000.0
7f1f068a9000-7f1f068ab000 rw-p 0013e000 08:01 394685                     /usr/lib/x86_64-linux-gnu/libgio-2.0.so.0.3000.0
7f1f068ab000-7f1f068ad000 rw-p 00000000 00:00 0 
7f1f068ad000-7f1f0695a000 r-xp 00000000 08:01 397253                     /usr/lib/x86_64-linux-gnu/libgdk-x11-2.0.so.0.2400.6
7f1f0695a000-7f1f06b59000 ---p 000ad000 08:01 397253                     /usr/lib/x86_64-linux-gnu/libgdk-x11-2.0.so.0.2400.6
7f1f06b59000-7f1f06b5d000 r--p 000ac000 08:01 397253                     /usr/lib/x86_64-linux-gnu/libgdk-x11-2.0.so.0.2400.6
7f1f06b5d000-7f1f06b5f000 rw-p 000b0000 08:01 397253                     /usr/lib/x86_64-linux-gnu/libgdk-x11-2.0.so.0.2400.6
7f1f06b5f000-7f1f06f8e000 r-xp 00000000 08:01 397246                     /usr/lib/x86_64-linux-gnu/libgtk-x11-2.0.so.0.2400.6
7f1f06f8e000-7f1f0718e000 ---p 0042f000 08:01 397246                     /usr/lib/x86_64-linux-gnu/libgtk-x11-2.0.so.0.2400.6
7f1f0718e000-7f1f07195000 r--p 0042f000 08:01 397246                     /usr/lib/x86_64-linux-gnu/libgtk-x11-2.0.so.0.2400.6
7f1f07195000-7f1f07199000 rw-p 00436000 08:01 397246                     /usr/lib/x86_64-linux-gnu/libgtk-x11-2.0.so.0.2400.6
7f1f07199000-7f1f0719b000 rw-p 00000000 00:00 0 
7f1f0719b000-7f1f071aa000 r-xp 00000000 08:01 406547                     /usr/lib/x86_64-linux-gnu/libXi.so.6.1.0
7f1f071aa000-7f1f073a9000 ---p 0000f000 08:01 406547                     /usr/lib/x86_64-linux-gnu/libXi.so.6.1.0
7f1f073a9000-7f1f073aa000 r--p 0000e000 08:01 406547                     /usr/lib/x86_64-linux-gnu/libXi.so.6.1.0
7f1f073aa000-7f1f073ab000 rw-p 0000f000 08:01 406547                     /usr/lib/x86_64-linux-gnu/libXi.so.6.1.0
7f1f073ab000-7f1f073b0000 r-xp 00000000 08:01 398564                     /usr/lib/libXtst.so.6.1.0
7f1f073b0000-7f1f075af000 ---p 00005000 08:01 398564                     /usr/lib/libXtst.so.6.1.0
7f1f075af000-7f1f075b0000 r--p 00004000 08:01 398564                     /usr/lib/libXtst.so.6.1.0
7f1f075b0000-7f1f075b1000 rw-p 00005000 08:01 398564                     /usr/lib/libXtst.so.6.1.0
7f1f075b1000-7f1f075ba000 r-xp 00000000 08:01 406553                     /usr/lib/x86_64-linux-gnu/libXrender.so.1.3.0
7f1f075ba000-7f1f077ba000 ---p 00009000 08:01 406553                     /usr/lib/x86_64-linux-gnu/libXrender.so.1.3.0
7f1f077ba000-7f1f077bb000 r--p 00009000 08:01 406553                     /usr/lib/x86_64-linux-gnu/libXrender.so.1.3.0
7f1f077bb000-7f1f077bc000 rw-p 0000a000 08:01 406553                     /usr/lib/x86_64-linux-gnu/libXrender.so.1.3.0
7f1f077bc000-7f1f078ef000 r-xp 00000000 08:01 406471                     /usr/lib/x86_64-linux-gnu/libX11.so.6.3.0
7f1f078ef000-7f1f07aef000 ---p 00133000 08:01 406471                     /usr/lib/x86_64-linux-gnu/libX11.so.6.3.0
7f1f07aef000-7f1f07af0000 r--p 00133000 08:01 406471                     /usr/lib/x86_64-linux-gnu/libX11.so.6.3.0
7f1f07af0000-7f1f07af4000 rw-p 00134000 08:01 406471                     /usr/lib/x86_64-linux-gnu/libX11.so.6.3.0
7f1f07af4000-7f1f07b06000 r-xp 00000000 08:01 406541                     /usr/lib/x86_64-linux-gnu/libXext.so.6.4.0
7f1f07b06000-7f1f07d05000 ---p 00012000 08:01 406541                     /usr/lib/x86_64-linux-gnu/libXext.so.6.4.0
7f1f07d05000-7f1f07d06000 r--p 00011000 08:01 406541                     /usr/lib/x86_64-linux-gnu/libXext.so.6.4.0
7f1f07d06000-7f1f07d07000 rw-p 00012000 08:01 406541                     /usr/lib/x86_64-linux-gnu/libXext.so.6.4.0
7f1f07d07000-7f1f07d2a000 r--p 00000000 08:01 675061                     /usr/share/locale-langpack/fr/LC_MESSAGES/libc.mo
7f1f07d2a000-7f1f07d7c000 r-xp 00000000 08:01 401973                     /usr/lib/jvm/java-7-openjdk-amd64/jre/lib/amd64/xawt/libmawt.so
7f1f07d7c000-7f1f07f7c000 ---p 00052000 08:01 401973                     /usr/lib/jvm/java-7-openjdk-amd64/jre/lib/amd64/xawt/libmawt.so
7f1f07f7c000-7f1f07f7d000 r--p 00052000 08:01 401973                     /usr/lib/jvm/java-7-openjdk-amd64/jre/lib/amd64/xawt/libmawt.so
7f1f07f7d000-7f1f07f80000 rw-p 00053000 08:01 401973                     /usr/lib/jvm/java-7-openjdk-amd64/jre/lib/amd64/xawt/libmawt.so
7f1f07f80000-7f1f07f81000 rw-p 00000000 00:00 0 
7f1f07f81000-7f1f08023000 r-xp 00000000 08:01 398111                     /usr/lib/jvm/java-7-openjdk-amd64/jre/lib/amd64/libawt.so
7f1f08023000-7f1f08222000 ---p 000a2000 08:01 398111                     /usr/lib/jvm/java-7-openjdk-amd64/jre/lib/amd64/libawt.so
7f1f08222000-7f1f08223000 r--p 000a1000 08:01 398111                     /usr/lib/jvm/java-7-openjdk-amd64/jre/lib/amd64/libawt.so
7f1f08223000-7f1f0822e000 rw-p 000a2000 08:01 398111                     /usr/lib/jvm/java-7-openjdk-amd64/jre/lib/amd64/libawt.so
7f1f0822e000-7f1f08253000 rw-p 00000000 00:00 0 
7f1f08253000-7f1f08254000 ---p 00000000 00:00 0 
7f1f08254000-7f1f08354000 rw-p 00000000 00:00 0 
7f1f08354000-7f1f08357000 ---p 00000000 00:00 0 
7f1f08357000-7f1f08455000 rw-p 00000000 00:00 0 
7f1f08455000-7f1f08458000 ---p 00000000 00:00 0 
7f1f08458000-7f1f08556000 rw-p 00000000 00:00 0 
7f1f08556000-7f1f08559000 ---p 00000000 00:00 0 
7f1f08559000-7f1f08657000 rw-p 00000000 00:00 0 
7f1f08657000-7f1f0865a000 ---p 00000000 00:00 0 
7f1f0865a000-7f1f08758000 rw-p 00000000 00:00 0 
7f1f08758000-7f1f08e45000 r--p 00000000 08:01 403488                     /usr/lib/locale/locale-archive
7f1f08e45000-7f1f08e48000 ---p 00000000 00:00 0 
7f1f08e48000-7f1f08f46000 rw-p 00000000 00:00 0 
7f1f08f46000-7f1f08f49000 ---p 00000000 00:00 0 
7f1f08f49000-7f1f09047000 rw-p 00000000 00:00 0 
7f1f09047000-7f1f09048000 ---p 00000000 00:00 0 
7f1f09048000-7f1f094b7000 rw-p 00000000 00:00 0 
7f1f094b7000-7f1f09665000 r--s 03e76000 08:01 396788                     /usr/lib/jvm/java-7-openjdk-amd64/jre/lib/rt.jar
7f1f09665000-7f1f0968d000 rw-p 00000000 00:00 0 
7f1f0968d000-7f1f0968e000 ---p 00000000 00:00 0 
7f1f0968e000-7f1f0978e000 rw-p 00000000 00:00 0 
7f1f0978e000-7f1f0978f000 ---p 00000000 00:00 0 
7f1f0978f000-7f1f0989a000 rw-p 00000000 00:00 0 
7f1f0989a000-7f1f098e2000 rw-p 00000000 00:00 0 
7f1f098e2000-7f1f098f7000 rw-p 00000000 00:00 0 
7f1f098f7000-7f1f09a2d000 rw-p 00000000 00:00 0 
7f1f09a2d000-7f1f09a38000 rw-p 00000000 00:00 0 
7f1f09a38000-7f1f09a80000 rw-p 00000000 00:00 0 
7f1f09a80000-7f1f09a95000 rw-p 00000000 00:00 0 
7f1f09a95000-7f1f09bca000 rw-p 00000000 00:00 0 
7f1f09bca000-7f1f09bd5000 rw-p 00000000 00:00 0 
7f1f09bd5000-7f1f09c70000 rw-p 00000000 00:00 0 
7f1f09c70000-7f1f09c71000 rw-p 00000000 00:00 0 
7f1f09c71000-7f1f09ee1000 rwxp 00000000 00:00 0 
7f1f09ee1000-7f1f0cc71000 rw-p 00000000 00:00 0 
7f1f0cc71000-7f1f0cc79000 r-xp 00000000 08:01 399895                     /usr/lib/jvm/java-7-openjdk-amd64/jre/lib/amd64/libzip.so
7f1f0cc79000-7f1f0ce78000 ---p 00008000 08:01 399895                     /usr/lib/jvm/java-7-openjdk-amd64/jre/lib/amd64/libzip.so
7f1f0ce78000-7f1f0ce79000 r--p 00007000 08:01 399895                     /usr/lib/jvm/java-7-openjdk-amd64/jre/lib/amd64/libzip.so
7f1f0ce79000-7f1f0ce7a000 rw-p 00008000 08:01 399895                     /usr/lib/jvm/java-7-openjdk-amd64/jre/lib/amd64/libzip.so
7f1f0ce7a000-7f1f0ce86000 r-xp 00000000 08:01 134596                     /lib/x86_64-linux-gnu/libnss_files-2.13.so
7f1f0ce86000-7f1f0d085000 ---p 0000c000 08:01 134596                     /lib/x86_64-linux-gnu/libnss_files-2.13.so
7f1f0d085000-7f1f0d086000 r--p 0000b000 08:01 134596                     /lib/x86_64-linux-gnu/libnss_files-2.13.so
7f1f0d086000-7f1f0d087000 rw-p 0000c000 08:01 134596                     /lib/x86_64-linux-gnu/libnss_files-2.13.so
7f1f0d087000-7f1f0d091000 r-xp 00000000 08:01 134607                     /lib/x86_64-linux-gnu/libnss_nis-2.13.so
7f1f0d091000-7f1f0d291000 ---p 0000a000 08:01 134607                     /lib/x86_64-linux-gnu/libnss_nis-2.13.so
7f1f0d291000-7f1f0d292000 r--p 0000a000 08:01 134607                     /lib/x86_64-linux-gnu/libnss_nis-2.13.so
7f1f0d292000-7f1f0d293000 rw-p 0000b000 08:01 134607                     /lib/x86_64-linux-gnu/libnss_nis-2.13.so
7f1f0d293000-7f1f0d2aa000 r-xp 00000000 08:01 134591                     /lib/x86_64-linux-gnu/libnsl-2.13.so
7f1f0d2aa000-7f1f0d4a9000 ---p 00017000 08:01 134591                     /lib/x86_64-linux-gnu/libnsl-2.13.so
7f1f0d4a9000-7f1f0d4aa000 r--p 00016000 08:01 134591                     /lib/x86_64-linux-gnu/libnsl-2.13.so
7f1f0d4aa000-7f1f0d4ab000 rw-p 00017000 08:01 134591                     /lib/x86_64-linux-gnu/libnsl-2.13.so
7f1f0d4ab000-7f1f0d4ad000 rw-p 00000000 00:00 0 
7f1f0d4ad000-7f1f0d4b5000 r-xp 00000000 08:01 134588                     /lib/x86_64-linux-gnu/libnss_compat-2.13.so
7f1f0d4b5000-7f1f0d6b4000 ---p 00008000 08:01 134588                     /lib/x86_64-linux-gnu/libnss_compat-2.13.so
7f1f0d6b4000-7f1f0d6b5000 r--p 00007000 08:01 134588                     /lib/x86_64-linux-gnu/libnss_compat-2.13.so
7f1f0d6b5000-7f1f0d6b6000 rw-p 00008000 08:01 134588                     /lib/x86_64-linux-gnu/libnss_compat-2.13.so
7f1f0d6b6000-7f1f0d6df000 r-xp 00000000 08:01 398578                     /usr/lib/jvm/java-7-openjdk-amd64/jre/lib/amd64/libjava.so
7f1f0d6df000-7f1f0d8de000 ---p 00029000 08:01 398578                     /usr/lib/jvm/java-7-openjdk-amd64/jre/lib/amd64/libjava.so
7f1f0d8de000-7f1f0d8df000 r--p 00028000 08:01 398578                     /usr/lib/jvm/java-7-openjdk-amd64/jre/lib/amd64/libjava.so
7f1f0d8df000-7f1f0d8e1000 rw-p 00029000 08:01 398578                     /usr/lib/jvm/java-7-openjdk-amd64/jre/lib/amd64/libjava.so
7f1f0d8e1000-7f1f0d8ef000 r-xp 00000000 08:01 399894                     /usr/lib/jvm/java-7-openjdk-amd64/jre/lib/amd64/libverify.so
7f1f0d8ef000-7f1f0daee000 ---p 0000e000 08:01 399894                     /usr/lib/jvm/java-7-openjdk-amd64/jre/lib/amd64/libverify.so
7f1f0daee000-7f1f0daf0000 r--p 0000d000 08:01 399894                     /usr/lib/jvm/java-7-openjdk-amd64/jre/lib/amd64/libverify.so
7f1f0daf0000-7f1f0daf1000 rw-p 0000f000 08:01 399894                     /usr/lib/jvm/java-7-openjdk-amd64/jre/lib/amd64/libverify.so
7f1f0daf1000-7f1f0daf8000 r-xp 00000000 08:01 134577                     /lib/x86_64-linux-gnu/librt-2.13.so
7f1f0daf8000-7f1f0dcf7000 ---p 00007000 08:01 134577                     /lib/x86_64-linux-gnu/librt-2.13.so
7f1f0dcf7000-7f1f0dcf8000 r--p 00006000 08:01 134577                     /lib/x86_64-linux-gnu/librt-2.13.so
7f1f0dcf8000-7f1f0dcf9000 rw-p 00007000 08:01 134577                     /lib/x86_64-linux-gnu/librt-2.13.so
7f1f0dcf9000-7f1f0dd0e000 r-xp 00000000 08:01 131748                     /lib/x86_64-linux-gnu/libgcc_s.so.1
7f1f0dd0e000-7f1f0df0d000 ---p 00015000 08:01 131748                     /lib/x86_64-linux-gnu/libgcc_s.so.1
7f1f0df0d000-7f1f0df0e000 r--p 00014000 08:01 131748                     /lib/x86_64-linux-gnu/libgcc_s.so.1
7f1f0df0e000-7f1f0df0f000 rw-p 00015000 08:01 131748                     /lib/x86_64-linux-gnu/libgcc_s.so.1
7f1f0df0f000-7f1f0df92000 r-xp 00000000 08:01 134673                     /lib/x86_64-linux-gnu/libm-2.13.so
7f1f0df92000-7f1f0e191000 ---p 00083000 08:01 134673                     /lib/x86_64-linux-gnu/libm-2.13.so
7f1f0e191000-7f1f0e192000 r--p 00082000 08:01 134673                     /lib/x86_64-linux-gnu/libm-2.13.so
7f1f0e192000-7f1f0e193000 rw-p 00083000 08:01 134673                     /lib/x86_64-linux-gnu/libm-2.13.so
7f1f0e193000-7f1f0e27b000 r-xp 00000000 08:01 398097                     /usr/lib/x86_64-linux-gnu/libstdc++.so.6.0.16
7f1f0e27b000-7f1f0e47b000 ---p 000e8000 08:01 398097                     /usr/lib/x86_64-linux-gnu/libstdc++.so.6.0.16
7f1f0e47b000-7f1f0e483000 r--p 000e8000 08:01 398097                     /usr/lib/x86_64-linux-gnu/libstdc++.so.6.0.16
7f1f0e483000-7f1f0e485000 rw-p 000f0000 08:01 398097                     /usr/lib/x86_64-linux-gnu/libstdc++.so.6.0.16
7f1f0e485000-7f1f0e49a000 rw-p 00000000 00:00 0 
7f1f0e49a000-7f1f0ee21000 r-xp 00000000 08:01 399897                     /usr/lib/jvm/java-7-openjdk-amd64/jre/lib/amd64/server/libjvm.so
7f1f0ee21000-7f1f0f020000 ---p 00987000 08:01 399897                     /usr/lib/jvm/java-7-openjdk-amd64/jre/lib/amd64/server/libjvm.so
7f1f0f020000-7f1f0f09e000 r--p 00986000 08:01 399897                     /usr/lib/jvm/java-7-openjdk-amd64/jre/lib/amd64/server/libjvm.so
7f1f0f09e000-7f1f0f0b9000 rw-p 00a04000 08:01 399897                     /usr/lib/jvm/java-7-openjdk-amd64/jre/lib/amd64/server/libjvm.so
7f1f0f0b9000-7f1f0f0e4000 rw-p 00000000 00:00 0 
7f1f0f0e4000-7f1f0f0fc000 r-xp 00000000 08:01 134606                     /lib/x86_64-linux-gnu/libpthread-2.13.so
7f1f0f0fc000-7f1f0f2fb000 ---p 00018000 08:01 134606                     /lib/x86_64-linux-gnu/libpthread-2.13.so
7f1f0f2fb000-7f1f0f2fc000 r--p 00017000 08:01 134606                     /lib/x86_64-linux-gnu/libpthread-2.13.so
7f1f0f2fc000-7f1f0f2fd000 rw-p 00018000 08:01 134606                     /lib/x86_64-linux-gnu/libpthread-2.13.so
7f1f0f2fd000-7f1f0f301000 rw-p 00000000 00:00 0 
7f1f0f301000-7f1f0f318000 r-xp 00000000 08:01 139905                     /lib/x86_64-linux-gnu/libz.so.1.2.3.4
7f1f0f318000-7f1f0f517000 ---p 00017000 08:01 139905                     /lib/x86_64-linux-gnu/libz.so.1.2.3.4
7f1f0f517000-7f1f0f518000 r--p 00016000 08:01 139905                     /lib/x86_64-linux-gnu/libz.so.1.2.3.4
7f1f0f518000-7f1f0f519000 rw-p 00017000 08:01 139905                     /lib/x86_64-linux-gnu/libz.so.1.2.3.4
7f1f0f519000-7f1f0f51b000 r-xp 00000000 08:01 134594                     /lib/x86_64-linux-gnu/libdl-2.13.so
7f1f0f51b000-7f1f0f71b000 ---p 00002000 08:01 134594                     /lib/x86_64-linux-gnu/libdl-2.13.so
7f1f0f71b000-7f1f0f71c000 r--p 00002000 08:01 134594                     /lib/x86_64-linux-gnu/libdl-2.13.so
7f1f0f71c000-7f1f0f71d000 rw-p 00003000 08:01 134594                     /lib/x86_64-linux-gnu/libdl-2.13.so
7f1f0f71d000-7f1f0f8b2000 r-xp 00000000 08:01 134593                     /lib/x86_64-linux-gnu/libc-2.13.so
7f1f0f8b2000-7f1f0fab1000 ---p 00195000 08:01 134593                     /lib/x86_64-linux-gnu/libc-2.13.so
7f1f0fab1000-7f1f0fab5000 r--p 00194000 08:01 134593                     /lib/x86_64-linux-gnu/libc-2.13.so
7f1f0fab5000-7f1f0fab6000 rw-p 00198000 08:01 134593                     /lib/x86_64-linux-gnu/libc-2.13.so
7f1f0fab6000-7f1f0fabc000 rw-p 00000000 00:00 0 
7f1f0fabc000-7f1f0fac8000 r-xp 00000000 08:01 397479                     /usr/lib/jvm/java-7-openjdk-amd64/jre/lib/amd64/jli/libjli.so
7f1f0fac8000-7f1f0fcc7000 ---p 0000c000 08:01 397479                     /usr/lib/jvm/java-7-openjdk-amd64/jre/lib/amd64/jli/libjli.so
7f1f0fcc7000-7f1f0fcc8000 r--p 0000b000 08:01 397479                     /usr/lib/jvm/java-7-openjdk-amd64/jre/lib/amd64/jli/libjli.so
7f1f0fcc8000-7f1f0fcc9000 rw-p 0000c000 08:01 397479                     /usr/lib/jvm/java-7-openjdk-amd64/jre/lib/amd64/jli/libjli.so
7f1f0fcc9000-7f1f0fcea000 r-xp 00000000 08:01 134600                     /lib/x86_64-linux-gnu/ld-2.13.so
7f1f0fcea000-7f1f0fcee000 r--s 0009f000 08:01 396465                     /usr/lib/jvm/java-7-openjdk-common/jre/lib/jsse.jar
7f1f0fcee000-7f1f0fcf7000 r--s 00263000 08:01 396683                     /usr/lib/jvm/java-7-openjdk-common/jre/lib/resources.jar
7f1f0fcf7000-7f1f0fcfe000 r--s 00000000 08:01 663199                     /usr/lib/x86_64-linux-gnu/gconv/gconv-modules.cache
7f1f0fcfe000-7f1f0fd08000 rw-p 00000000 00:00 0 
7f1f0fd08000-7f1f0fdbe000 rw-p 00000000 00:00 0 
7f1f0fdbe000-7f1f0fdc1000 ---p 00000000 00:00 0 
7f1f0fdc1000-7f1f0fec5000 rw-p 00000000 00:00 0 
7f1f0fec5000-7f1f0fec6000 r--p 00000000 00:00 0 
7f1f0fec6000-7f1f0fec9000 r--s 00032000 08:01 395025                     /usr/lib/jvm/java-7-openjdk-common/jre/lib/ext/sunjce_provider.jar
7f1f0fec9000-7f1f0fecc000 r--s 00085000 08:01 395002                     /usr/lib/jvm/java-7-openjdk-common/jre/lib/ext/localedata.jar
7f1f0fecc000-7f1f0fecd000 r--s 00002000 08:01 394906                     /usr/lib/jvm/java-7-openjdk-common/jre/lib/ext/dnsns.jar
7f1f0fecd000-7f1f0fed0000 r--s 0003c000 08:01 394890                     /usr/lib/jvm/java-7-openjdk-common/jre/lib/ext/sunpkcs11.jar
7f1f0fed0000-7f1f0fed2000 r--s 00012000 08:01 395160                     /usr/lib/jvm/java-7-openjdk-common/jre/lib/ext/zipfs.jar
7f1f0fed2000-7f1f0fed5000 r--s 0000f000 08:01 395194                     /usr/lib/jvm/java-7-openjdk-common/jre/lib/ext/pulse-java.jar
7f1f0fed5000-7f1f0fedd000 r--s 00066000 08:01 676447                     /usr/share/java/gnome-java-bridge.jar
7f1f0fedd000-7f1f0fee5000 rw-s 00000000 08:01 268501                     /tmp/hsperfdata_guillaume/12309
7f1f0fee5000-7f1f0fee6000 rw-p 00000000 00:00 0 
7f1f0fee6000-7f1f0fee7000 r--p 00000000 00:00 0 
7f1f0fee7000-7f1f0fee9000 rw-p 00000000 00:00 0 
7f1f0fee9000-7f1f0feea000 r--p 00020000 08:01 134600                     /lib/x86_64-linux-gnu/ld-2.13.so
7f1f0feea000-7f1f0feec000 rw-p 00021000 08:01 134600                     /lib/x86_64-linux-gnu/ld-2.13.so
7fffcd2da000-7fffcd2fb000 rw-p 00000000 00:00 0                          [stack]
7fffcd3ff000-7fffcd400000 r-xp 00000000 00:00 0                          [vdso]
ffffffffff600000-ffffffffff601000 r-xp 00000000 00:00 0                  [vsyscall]
ffffffffff600000-ffffffffff601000 r-xp 00000000 00:00 0                  [vsyscall]

VM Arguments:
jvm_args: -Dfile.encoding=UTF-8 
java_command: main.Main
Launcher Type: SUN_STANDARD

Environment Variables:
PATH=/usr/lib/lightdm/lightdm:/usr/local/sbin:/usr/local/bin:/usr/sbin:/usr/bin:/sbin:/bin:/usr/games
USERNAME=guillaume
SHELL=/bin/bash
DISPLAY=:0

Signal Handlers:
SIGSEGV: [libjvm.so+0x7fca30], sa_mask[0]=0x7ffbfeff, sa_flags=0x10000004
SIGBUS: [libjvm.so+0x7fca30], sa_mask[0]=0x7ffbfeff, sa_flags=0x10000004
SIGFPE: [libjvm.so+0x6a1150], sa_mask[0]=0x7ffbfeff, sa_flags=0x10000004
SIGPIPE: [libjvm.so+0x6a1150], sa_mask[0]=0x7ffbfeff, sa_flags=0x10000004
SIGXFSZ: [libjvm.so+0x6a1150], sa_mask[0]=0x7ffbfeff, sa_flags=0x10000004
SIGILL: [libjvm.so+0x6a1150], sa_mask[0]=0x7ffbfeff, sa_flags=0x10000004
SIGUSR1: SIG_DFL, sa_mask[0]=0x00000000, sa_flags=0x00000000
SIGUSR2: [libjvm.so+0x6a1520], sa_mask[0]=0x00000004, sa_flags=0x10000004
SIGHUP: [libjvm.so+0x6a1660], sa_mask[0]=0x7ffbfeff, sa_flags=0x10000004
SIGINT: SIG_IGN, sa_mask[0]=0x00000000, sa_flags=0x00000000
SIGTERM: [libjvm.so+0x6a1660], sa_mask[0]=0x7ffbfeff, sa_flags=0x10000004
SIGQUIT: [libjvm.so+0x6a1660], sa_mask[0]=0x7ffbfeff, sa_flags=0x10000004


---------------  S Y S T E M  ---------------

OS:Ubuntu 11.10 (oneiric)
uname:Linux 3.0.0-12-generic #20-Ubuntu SMP Fri Oct 7 14:56:25 UTC 2011 x86_64
libc:glibc 2.13 NPTL 2.13 
rlimit: STACK 8192k, CORE 0k, NPROC 31562, NOFILE 4096, AS infinity
load average:1,52 0,90 0,59

/proc/meminfo:
MemTotal:        4055792 kB
MemFree:          717860 kB
Buffers:          137404 kB
Cached:          1198520 kB
SwapCached:            0 kB
Active:          2423980 kB
Inactive:         659160 kB
Active(anon):    1749964 kB
Inactive(anon):     6712 kB
Active(file):     674016 kB
Inactive(file):   652448 kB
Unevictable:         112 kB
Mlocked:             112 kB
SwapTotal:             0 kB
SwapFree:              0 kB
Dirty:              1436 kB
Writeback:             0 kB
AnonPages:       1747264 kB
Mapped:           266880 kB
Shmem:              9464 kB
Slab:             100240 kB
SReclaimable:      68032 kB
SUnreclaim:        32208 kB
KernelStack:        4112 kB
PageTables:        41984 kB
NFS_Unstable:          0 kB
Bounce:                0 kB
WritebackTmp:          0 kB
CommitLimit:     2027896 kB
Committed_AS:    4654760 kB
VmallocTotal:   34359738367 kB
VmallocUsed:      109112 kB
VmallocChunk:   34359600636 kB
HardwareCorrupted:     0 kB
AnonHugePages:         0 kB
HugePages_Total:       0
HugePages_Free:        0
HugePages_Rsvd:        0
HugePages_Surp:        0
Hugepagesize:       2048 kB
DirectMap4k:      183232 kB
DirectMap2M:     4009984 kB


CPU:total 2 (2 cores per cpu, 1 threads per core) family 6 model 15 stepping 13, cmov, cx8, fxsr, mmx, sse, sse2, sse3, ssse3

Memory: 4k page, physical 4055792k(717860k free), swap 0k(0k free)

vm_info: OpenJDK 64-Bit Server VM (21.0-b17) for linux-amd64 JRE (1.7.0_147-b147), built on Sep 30 2011 00:36:33 by "buildd" with gcc 4.6.1

time: Thu Nov 10 18:22:50 2011
elapsed time: 1 seconds

