#
# A fatal error has been detected by the Java Runtime Environment:
#
#  SIGSEGV (0xb) at pc=0x00007fb3f0ec21f8, pid=4717, tid=140411168216832
#
# JRE version: 7.0_147-b147
# Java VM: OpenJDK 64-Bit Server VM (21.0-b17 mixed mode linux-amd64 compressed oops)
# Derivative: IcedTea7 2.0pre
# Distribution: Ubuntu oneiric (development branch), package 7~b147-2.0~pre6-1ubuntu1
# Problematic frame:
# C  [liblcms2.so.2+0x121f8]  cmsSaveProfileToIOhandler+0x38
#
# Core dump written. Default location: /home/guillaume/Bureau/tp2-git-rep/TP2-Guillaume-Poirier-Morency-Nafie-Hamrani/main/core or core.4717
#
# If you would like to submit a bug report, please include
# instructions on how to reproduce the bug and visit:
#   https://bugs.launchpad.net/ubuntu/+source/openjdk-7/
# The crash happened outside the Java Virtual Machine in native code.
# See problematic frame for where to report the bug.
#

---------------  T H R E A D  ---------------

Current thread (0x000000000217b800):  JavaThread "main" [_thread_in_native, id=4721, stack(0x00007fb405bdd000,0x00007fb405cde000)]

siginfo:si_signo=SIGSEGV: si_errno=0, si_code=1 (SEGV_MAPERR), si_addr=0x0000000000000000

Registers:
RAX=0x0000000000000000, RBX=0x0000000000000000, RCX=0x00000000000001d4, RDX=0x00007fb405cdba4c
RSP=0x00007fb405cdab20, RBP=0x0000000000000000, RSI=0x0000000000000000, RDI=0x00007fb405cdab20
R8 =0x00007fb3f83899b0, R9 =0x0000000000000000, R10=0x0000000000000000, R11=0x0000000000000000
R12=0x00007fb405cdba4c, R13=0x0000000000000000, R14=0x0000000000000000, R15=0x000000000217b800
RIP=0x00007fb3f0ec21f8, EFLAGS=0x0000000000010246, CSGSFS=0x0000000000000033, ERR=0x0000000000000004
  TRAPNO=0x000000000000000e

Top of Stack: (sp=0x00007fb405cdab20)
0x00007fb405cdab20:   00007fb3f838c380 00007fb3f0ec0cef
0x00007fb405cdab30:   0000000000000c48 00007fb3f8000020
0x00007fb405cdab40:   000000000000000e 000000000000080c
0x00007fb405cdab50:   00007fb400000000 00007fb3f8000020
0x00007fb405cdab60:   000000000000000e 00007fb3f0ec7754
0x00007fb405cdab70:   00007fb405cdaffc aa0aaf4840f9d900
0x00007fb405cdab80:   00007fb3f838c380 00007fb3f838ab0c
0x00007fb405cdab90:   000000000000000e 00007fb3f0ec0ebf
0x00007fb405cdaba0:   4247527320434549 0000000000000000
0x00007fb405cdabb0:   00007fb3f838c620 2dd3000000000100
0x00007fb405cdabc0:   0000080c000004c4 00007fb3f8000020
0x00007fb405cdabd0:   00007fb300000000 00007fb3f838c4d0
0x00007fb405cdabe0:   0000000000000c48 00007fb3f838a988
0x00007fb405cdabf0:   0000000000000011 00007fb4055b8d7c
0x00007fb405cdac00:   00007fb3f838c4d0 00007fb3f0ec0e2c
0x00007fb405cdac10:   00007fb3f838a730 00007fb3f0ec23ae
0x00007fb405cdac20:   00007fb3f838b5e0 0000000000000000
0x00007fb405cdac30:   0000003100000000 0000000900000006
0x00007fb405cdac40:   0000006200000001 ffffffffffffffff
0x00007fb405cdac50:   0000000000000000 0000000000000000
0x00007fb405cdac60:   00007fb405698689 6d6e747202100000
0x00007fb405cdac70:   58595a2052474220 00000000000000b0
0x00007fb405cdac80:   7352474249454320 0000000000000000
0x00007fb405cdac90:   0000000000000000 0000000000000000
0x00007fb405cdaca0:   6370727400000011 00007fb3f8000020
0x00007fb405cdacb0:   00007fb3f837f7f0 000000000000007c
0x00007fb405cdacc0:   00007fb405cdb1e0 00007fb405cdb4a0
0x00007fb405cdacd0:   00007fb405b0285b 00007fb4055b877d
0x00007fb405cdace0:   6254524300000000 000000000000003f
0x00007fb405cdacf0:   00007fb3f837f7f0 0000000000000000
0x00007fb405cdad00:   00007fb3f83899ed 00007fb405af67e1
0x00007fb405cdad10:   0000000000000000 0000000000000000 

Instructions: (pc=0x00007fb3f0ec21f8)
0x00007fb3f0ec21d8:   48 89 de 48 81 ec b8 0e 00 00 64 48 8b 04 25 28
0x00007fb3f0ec21e8:   00 00 00 48 89 84 24 a8 0e 00 00 31 c0 48 89 e7
0x00007fb3f0ec21f8:   f3 48 a5 48 89 df e8 1d f6 ff ff 48 89 c7 e8 65
0x00007fb3f0ec2208:   f0 ff ff 48 85 c0 49 89 c4 48 89 03 74 0e 31 f6 

Register to memory mapping:

RAX=0x0000000000000000 is an unknown value
RBX=0x0000000000000000 is an unknown value
RCX=0x00000000000001d4 is an unknown value
RDX=0x00007fb405cdba4c is pointing into the stack for thread: 0x000000000217b800
RSP=0x00007fb405cdab20 is pointing into the stack for thread: 0x000000000217b800
RBP=0x0000000000000000 is an unknown value
RSI=0x0000000000000000 is an unknown value
RDI=0x00007fb405cdab20 is pointing into the stack for thread: 0x000000000217b800
R8 =0x00007fb3f83899b0 is an unknown value
R9 =0x0000000000000000 is an unknown value
R10=0x0000000000000000 is an unknown value
R11=0x0000000000000000 is an unknown value
R12=0x00007fb405cdba4c is pointing into the stack for thread: 0x000000000217b800
R13=0x0000000000000000 is an unknown value
R14=0x0000000000000000 is an unknown value
R15=0x000000000217b800 is a thread


Stack: [0x00007fb405bdd000,0x00007fb405cde000],  sp=0x00007fb405cdab20,  free space=1014k
Native frames: (J=compiled Java code, j=interpreted, Vv=VM code, C=native code)
C  [liblcms2.so.2+0x121f8]  cmsSaveProfileToIOhandler+0x38

[error occurred during error reporting (printing native stack), id 0xb]

Java frames: (J=compiled Java code, j=interpreted, Vv=VM code)
j  sun.java2d.cmm.lcms.LCMS.getTagData(JI[B)V+0
j  java.awt.color.ICC_Profile.getData(JI)[B+26
j  java.awt.color.ICC_Profile.getData(I)[B+14
j  java.awt.color.ICC_Profile.getNumComponents()I+18
j  sun.java2d.cmm.lcms.LCMSTransform.<init>(Ljava/awt/color/ICC_Profile;II)V+83
j  sun.java2d.cmm.lcms.LCMS.createTransform(Ljava/awt/color/ICC_Profile;II)Lsun/java2d/cmm/ColorTransform;+7
j  java.awt.color.ICC_ColorSpace.fromRGB([F)[F+37
j  com.sun.imageio.plugins.jpeg.JPEGImageReader.setImageData(IIIII[B)V+158
v  ~StubRoutines::call_stub
j  com.sun.imageio.plugins.jpeg.JPEGImageReader.readImageHeader(JZZ)Z+0
j  com.sun.imageio.plugins.jpeg.JPEGImageReader.readNativeHeader(Z)Z+12
j  com.sun.imageio.plugins.jpeg.JPEGImageReader.checkTablesOnly()V+92
j  com.sun.imageio.plugins.jpeg.JPEGImageReader.gotoImage(I)V+41
j  com.sun.imageio.plugins.jpeg.JPEGImageReader.readHeader(IZ)V+2
j  com.sun.imageio.plugins.jpeg.JPEGImageReader.readInternal(ILjavax/imageio/ImageReadParam;Z)Ljava/awt/image/Raster;+3
j  com.sun.imageio.plugins.jpeg.JPEGImageReader.read(ILjavax/imageio/ImageReadParam;)Ljava/awt/image/BufferedImage;+8
j  javax.imageio.ImageIO.read(Ljavax/imageio/stream/ImageInputStream;)Ljava/awt/image/BufferedImage;+55
j  javax.imageio.ImageIO.read(Ljava/io/InputStream;)Ljava/awt/image/BufferedImage;+20
j  content.ImageBank.<init>()V+118
j  main.Main.main([Ljava/lang/String;)V+4
v  ~StubRoutines::call_stub

---------------  P R O C E S S  ---------------

Java Threads: ( => current thread )
  0x00007fb3f834e000 JavaThread "Thread-0" [_thread_blocked, id=4740, stack(0x00007fb3f1752000,0x00007fb3f1853000)]
  0x00007fb3f834c000 JavaThread "AWT-EventQueue-0" [_thread_in_native, id=4739, stack(0x00007fb3f1853000,0x00007fb3f1954000)]
  0x00007fb3f82ad800 JavaThread "AWT-Shutdown" [_thread_blocked, id=4738, stack(0x00007fb3f1fb9000,0x00007fb3f20ba000)]
  0x00007fb3f821d000 JavaThread "process reaper" daemon [_thread_blocked, id=4736, stack(0x00007fb3fc039000,0x00007fb3fc053000)]
  0x00007fb3f81f7800 JavaThread "AWT-XAWT" daemon [_thread_blocked, id=4734, stack(0x00007fb3f20ba000,0x00007fb3f21bb000)]
  0x00007fb3f81b1800 JavaThread "Java2D Disposer" daemon [_thread_blocked, id=4733, stack(0x00007fb3fc053000,0x00007fb3fc154000)]
  0x00007fb3f8061000 JavaThread "Service Thread" daemon [_thread_blocked, id=4731, stack(0x00007fb3fe173000,0x00007fb3fe274000)]
  0x00007fb3f805e000 JavaThread "C2 CompilerThread1" daemon [_thread_blocked, id=4730, stack(0x00007fb3fe274000,0x00007fb3fe375000)]
  0x00007fb3f805b000 JavaThread "C2 CompilerThread0" daemon [_thread_blocked, id=4729, stack(0x00007fb3fe375000,0x00007fb3fe476000)]
  0x00007fb3f8059000 JavaThread "Signal Dispatcher" daemon [_thread_blocked, id=4728, stack(0x00007fb3fe476000,0x00007fb3fe577000)]
  0x00007fb3f8001000 JavaThread "Finalizer" daemon [_thread_blocked, id=4727, stack(0x00007fb3fec64000,0x00007fb3fed65000)]
  0x0000000002216800 JavaThread "Reference Handler" daemon [_thread_blocked, id=4726, stack(0x00007fb3fed65000,0x00007fb3fee66000)]
=>0x000000000217b800 JavaThread "main" [_thread_in_native, id=4721, stack(0x00007fb405bdd000,0x00007fb405cde000)]

Other Threads:
  0x000000000220e800 VMThread [stack: 0x00007fb3fee66000,0x00007fb3fef67000] [id=4725]
  0x00007fb3f806b800 WatcherThread [stack: 0x00007fb3fe072000,0x00007fb3fe173000] [id=4732]

VM state:not at safepoint (normal execution)

VM Mutex/Monitor currently owned by a thread: None

Heap
 PSYoungGen      total 18496K, used 9215K [0x00000000eb560000, 0x00000000eca00000, 0x0000000100000000)
  eden space 15872K, 58% used [0x00000000eb560000,0x00000000ebe5fe38,0x00000000ec4e0000)
  from space 2624K, 0% used [0x00000000ec770000,0x00000000ec770000,0x00000000eca00000)
  to   space 2624K, 0% used [0x00000000ec4e0000,0x00000000ec4e0000,0x00000000ec770000)
 PSOldGen        total 42304K, used 0K [0x00000000c2000000, 0x00000000c4950000, 0x00000000eb560000)
  object space 42304K, 0% used [0x00000000c2000000,0x00000000c2000000,0x00000000c4950000)
 PSPermGen       total 21248K, used 11186K [0x00000000b7a00000, 0x00000000b8ec0000, 0x00000000c2000000)
  object space 21248K, 52% used [0x00000000b7a00000,0x00000000b84ec830,0x00000000b8ec0000)

Code Cache  [0x00007fb3ffa90000, 0x00007fb3ffd00000, 0x00007fb402a90000)
 total_blobs=445 nmethods=13 adapters=385 free_code_cache=48613Kb largest_free_block=49769024

Dynamic libraries:
00400000-00401000 r-xp 00000000 08:01 400896                             /usr/lib/jvm/java-7-openjdk-amd64/jre/bin/java
00600000-00601000 r--p 00000000 08:01 400896                             /usr/lib/jvm/java-7-openjdk-amd64/jre/bin/java
00601000-00602000 rw-p 00001000 08:01 400896                             /usr/lib/jvm/java-7-openjdk-amd64/jre/bin/java
02171000-0247c000 rw-p 00000000 00:00 0                                  [heap]
b7a00000-b8ec0000 rw-p 00000000 00:00 0 
b8ec0000-c2000000 rw-p 00000000 00:00 0 
c2000000-c4950000 rw-p 00000000 00:00 0 
c4950000-eb560000 rw-p 00000000 00:00 0 
eb560000-eca00000 rw-p 00000000 00:00 0 
eca00000-100000000 rw-p 00000000 00:00 0 
7fb3f0eb0000-7fb3f0ef6000 r-xp 00000000 08:01 406696                     /usr/lib/x86_64-linux-gnu/liblcms2.so.2.0.2
7fb3f0ef6000-7fb3f10f5000 ---p 00046000 08:01 406696                     /usr/lib/x86_64-linux-gnu/liblcms2.so.2.0.2
7fb3f10f5000-7fb3f10f6000 r--p 00045000 08:01 406696                     /usr/lib/x86_64-linux-gnu/liblcms2.so.2.0.2
7fb3f10f6000-7fb3f10fa000 rw-p 00046000 08:01 406696                     /usr/lib/x86_64-linux-gnu/liblcms2.so.2.0.2
7fb3f10fa000-7fb3f10fb000 rw-p 00000000 00:00 0 
7fb3f10fb000-7fb3f10ff000 r-xp 00000000 08:01 398964                     /usr/lib/jvm/java-7-openjdk-amd64/jre/lib/amd64/libjavalcms.so
7fb3f10ff000-7fb3f12fe000 ---p 00004000 08:01 398964                     /usr/lib/jvm/java-7-openjdk-amd64/jre/lib/amd64/libjavalcms.so
7fb3f12fe000-7fb3f12ff000 r--p 00003000 08:01 398964                     /usr/lib/jvm/java-7-openjdk-amd64/jre/lib/amd64/libjavalcms.so
7fb3f12ff000-7fb3f1300000 rw-p 00004000 08:01 398964                     /usr/lib/jvm/java-7-openjdk-amd64/jre/lib/amd64/libjavalcms.so
7fb3f1300000-7fb3f1324000 r-xp 00000000 08:01 406680                     /usr/lib/x86_64-linux-gnu/libjpeg.so.62.0.0
7fb3f1324000-7fb3f1523000 ---p 00024000 08:01 406680                     /usr/lib/x86_64-linux-gnu/libjpeg.so.62.0.0
7fb3f1523000-7fb3f1524000 r--p 00023000 08:01 406680                     /usr/lib/x86_64-linux-gnu/libjpeg.so.62.0.0
7fb3f1524000-7fb3f1525000 rw-p 00024000 08:01 406680                     /usr/lib/x86_64-linux-gnu/libjpeg.so.62.0.0
7fb3f1548000-7fb3f1551000 r-xp 00000000 08:01 398665                     /usr/lib/jvm/java-7-openjdk-amd64/jre/lib/amd64/libjavajpeg.so
7fb3f1551000-7fb3f1750000 ---p 00009000 08:01 398665                     /usr/lib/jvm/java-7-openjdk-amd64/jre/lib/amd64/libjavajpeg.so
7fb3f1750000-7fb3f1751000 r--p 00008000 08:01 398665                     /usr/lib/jvm/java-7-openjdk-amd64/jre/lib/amd64/libjavajpeg.so
7fb3f1751000-7fb3f1752000 rw-p 00009000 08:01 398665                     /usr/lib/jvm/java-7-openjdk-amd64/jre/lib/amd64/libjavajpeg.so
7fb3f1752000-7fb3f1755000 ---p 00000000 00:00 0 
7fb3f1755000-7fb3f1853000 rw-p 00000000 00:00 0 
7fb3f1853000-7fb3f1856000 ---p 00000000 00:00 0 
7fb3f1856000-7fb3f1954000 rw-p 00000000 00:00 0 
7fb3f1954000-7fb3f1964000 r-xp 00000000 08:01 399340                     /usr/lib/jvm/java-7-openjdk-amd64/jre/lib/amd64/libnio.so
7fb3f1964000-7fb3f1b63000 ---p 00010000 08:01 399340                     /usr/lib/jvm/java-7-openjdk-amd64/jre/lib/amd64/libnio.so
7fb3f1b63000-7fb3f1b64000 r--p 0000f000 08:01 399340                     /usr/lib/jvm/java-7-openjdk-amd64/jre/lib/amd64/libnio.so
7fb3f1b64000-7fb3f1b65000 rw-p 00010000 08:01 399340                     /usr/lib/jvm/java-7-openjdk-amd64/jre/lib/amd64/libnio.so
7fb3f1b65000-7fb3f1b7b000 r-xp 00000000 08:01 399248                     /usr/lib/jvm/java-7-openjdk-amd64/jre/lib/amd64/libnet.so
7fb3f1b7b000-7fb3f1d7a000 ---p 00016000 08:01 399248                     /usr/lib/jvm/java-7-openjdk-amd64/jre/lib/amd64/libnet.so
7fb3f1d7a000-7fb3f1d7b000 r--p 00015000 08:01 399248                     /usr/lib/jvm/java-7-openjdk-amd64/jre/lib/amd64/libnet.so
7fb3f1d7b000-7fb3f1d7c000 rw-p 00016000 08:01 399248                     /usr/lib/jvm/java-7-openjdk-amd64/jre/lib/amd64/libnet.so
7fb3f1d7c000-7fb3f1db6000 r-xp 00000000 08:01 398142                     /usr/lib/jvm/java-7-openjdk-amd64/jre/lib/amd64/libfontmanager.so
7fb3f1db6000-7fb3f1fb6000 ---p 0003a000 08:01 398142                     /usr/lib/jvm/java-7-openjdk-amd64/jre/lib/amd64/libfontmanager.so
7fb3f1fb6000-7fb3f1fb8000 r--p 0003a000 08:01 398142                     /usr/lib/jvm/java-7-openjdk-amd64/jre/lib/amd64/libfontmanager.so
7fb3f1fb8000-7fb3f1fb9000 rw-p 0003c000 08:01 398142                     /usr/lib/jvm/java-7-openjdk-amd64/jre/lib/amd64/libfontmanager.so
7fb3f1fb9000-7fb3f1fbc000 ---p 00000000 00:00 0 
7fb3f1fbc000-7fb3f20ba000 rw-p 00000000 00:00 0 
7fb3f20ba000-7fb3f20bd000 ---p 00000000 00:00 0 
7fb3f20bd000-7fb3f21bb000 rw-p 00000000 00:00 0 
7fb3f21bb000-7fb3f21be000 r-xp 00000000 08:01 139849                     /lib/x86_64-linux-gnu/libgpg-error.so.0.8.0
7fb3f21be000-7fb3f23bd000 ---p 00003000 08:01 139849                     /lib/x86_64-linux-gnu/libgpg-error.so.0.8.0
7fb3f23bd000-7fb3f23be000 r--p 00002000 08:01 139849                     /lib/x86_64-linux-gnu/libgpg-error.so.0.8.0
7fb3f23be000-7fb3f23bf000 rw-p 00003000 08:01 139849                     /lib/x86_64-linux-gnu/libgpg-error.so.0.8.0
7fb3f23bf000-7fb3f23c1000 r-xp 00000000 08:01 139851                     /lib/x86_64-linux-gnu/libkeyutils.so.1.3
7fb3f23c1000-7fb3f25c0000 ---p 00002000 08:01 139851                     /lib/x86_64-linux-gnu/libkeyutils.so.1.3
7fb3f25c0000-7fb3f25c1000 r--p 00001000 08:01 139851                     /lib/x86_64-linux-gnu/libkeyutils.so.1.3
7fb3f25c1000-7fb3f25c2000 rw-p 00002000 08:01 139851                     /lib/x86_64-linux-gnu/libkeyutils.so.1.3
7fb3f25c2000-7fb3f2604000 r-xp 00000000 08:01 135649                     /lib/x86_64-linux-gnu/libdbus-1.so.3.5.7
7fb3f2604000-7fb3f2803000 ---p 00042000 08:01 135649                     /lib/x86_64-linux-gnu/libdbus-1.so.3.5.7
7fb3f2803000-7fb3f2804000 r--p 00041000 08:01 135649                     /lib/x86_64-linux-gnu/libdbus-1.so.3.5.7
7fb3f2804000-7fb3f2805000 rw-p 00042000 08:01 135649                     /lib/x86_64-linux-gnu/libdbus-1.so.3.5.7
7fb3f2805000-7fb3f287f000 r-xp 00000000 08:01 139845                     /lib/x86_64-linux-gnu/libgcrypt.so.11.7.0
7fb3f287f000-7fb3f2a7f000 ---p 0007a000 08:01 139845                     /lib/x86_64-linux-gnu/libgcrypt.so.11.7.0
7fb3f2a7f000-7fb3f2a80000 r--p 0007a000 08:01 139845                     /lib/x86_64-linux-gnu/libgcrypt.so.11.7.0
7fb3f2a80000-7fb3f2a83000 rw-p 0007b000 08:01 139845                     /lib/x86_64-linux-gnu/libgcrypt.so.11.7.0
7fb3f2a83000-7fb3f2a93000 r-xp 00000000 08:01 406788                     /usr/lib/x86_64-linux-gnu/libtasn1.so.3.1.11
7fb3f2a93000-7fb3f2c92000 ---p 00010000 08:01 406788                     /usr/lib/x86_64-linux-gnu/libtasn1.so.3.1.11
7fb3f2c92000-7fb3f2c93000 r--p 0000f000 08:01 406788                     /usr/lib/x86_64-linux-gnu/libtasn1.so.3.1.11
7fb3f2c93000-7fb3f2c94000 rw-p 00010000 08:01 406788                     /usr/lib/x86_64-linux-gnu/libtasn1.so.3.1.11
7fb3f2c94000-7fb3f2c9b000 r-xp 00000000 08:01 397002                     /usr/lib/x86_64-linux-gnu/libkrb5support.so.0.1
7fb3f2c9b000-7fb3f2e9a000 ---p 00007000 08:01 397002                     /usr/lib/x86_64-linux-gnu/libkrb5support.so.0.1
7fb3f2e9a000-7fb3f2e9b000 r--p 00006000 08:01 397002                     /usr/lib/x86_64-linux-gnu/libkrb5support.so.0.1
7fb3f2e9b000-7fb3f2e9c000 rw-p 00007000 08:01 397002                     /usr/lib/x86_64-linux-gnu/libkrb5support.so.0.1
7fb3f2e9c000-7fb3f2e9f000 r-xp 00000000 08:01 139827                     /lib/x86_64-linux-gnu/libcom_err.so.2.1
7fb3f2e9f000-7fb3f309e000 ---p 00003000 08:01 139827                     /lib/x86_64-linux-gnu/libcom_err.so.2.1
7fb3f309e000-7fb3f309f000 r--p 00002000 08:01 139827                     /lib/x86_64-linux-gnu/libcom_err.so.2.1
7fb3f309f000-7fb3f30a0000 rw-p 00003000 08:01 139827                     /lib/x86_64-linux-gnu/libcom_err.so.2.1
7fb3f30a0000-7fb3f30c6000 r-xp 00000000 08:01 394051                     /usr/lib/x86_64-linux-gnu/libk5crypto.so.3.1
7fb3f30c6000-7fb3f32c5000 ---p 00026000 08:01 394051                     /usr/lib/x86_64-linux-gnu/libk5crypto.so.3.1
7fb3f32c5000-7fb3f32c7000 r--p 00025000 08:01 394051                     /usr/lib/x86_64-linux-gnu/libk5crypto.so.3.1
7fb3f32c7000-7fb3f32c8000 rw-p 00027000 08:01 394051                     /usr/lib/x86_64-linux-gnu/libk5crypto.so.3.1
7fb3f32c8000-7fb3f3387000 r-xp 00000000 08:01 397018                     /usr/lib/x86_64-linux-gnu/libkrb5.so.3.3
7fb3f3387000-7fb3f3587000 ---p 000bf000 08:01 397018                     /usr/lib/x86_64-linux-gnu/libkrb5.so.3.3
7fb3f3587000-7fb3f3590000 r--p 000bf000 08:01 397018                     /usr/lib/x86_64-linux-gnu/libkrb5.so.3.3
7fb3f3590000-7fb3f3591000 rw-p 000c8000 08:01 397018                     /usr/lib/x86_64-linux-gnu/libkrb5.so.3.3
7fb3f3591000-7fb3f3598000 r-xp 00000000 08:01 406811                     /usr/lib/x86_64-linux-gnu/libxcb-render.so.0.0.0
7fb3f3598000-7fb3f3798000 ---p 00007000 08:01 406811                     /usr/lib/x86_64-linux-gnu/libxcb-render.so.0.0.0
7fb3f3798000-7fb3f3799000 r--p 00007000 08:01 406811                     /usr/lib/x86_64-linux-gnu/libxcb-render.so.0.0.0
7fb3f3799000-7fb3f379a000 rw-p 00008000 08:01 406811                     /usr/lib/x86_64-linux-gnu/libxcb-render.so.0.0.0
7fb3f379a000-7fb3f379c000 r-xp 00000000 08:01 406815                     /usr/lib/x86_64-linux-gnu/libxcb-shm.so.0.0.0
7fb3f379c000-7fb3f399b000 ---p 00002000 08:01 406815                     /usr/lib/x86_64-linux-gnu/libxcb-shm.so.0.0.0
7fb3f399b000-7fb3f399c000 r--p 00001000 08:01 406815                     /usr/lib/x86_64-linux-gnu/libxcb-shm.so.0.0.0
7fb3f399c000-7fb3f399d000 rw-p 00002000 08:01 406815                     /usr/lib/x86_64-linux-gnu/libxcb-shm.so.0.0.0
7fb3f399d000-7fb3f39c3000 r-xp 00000000 08:01 139881                     /lib/x86_64-linux-gnu/libpng12.so.0.46.0
7fb3f39c3000-7fb3f3bc2000 ---p 00026000 08:01 139881                     /lib/x86_64-linux-gnu/libpng12.so.0.46.0
7fb3f3bc2000-7fb3f3bc3000 r--p 00025000 08:01 139881                     /lib/x86_64-linux-gnu/libpng12.so.0.46.0
7fb3f3bc3000-7fb3f3bc4000 rw-p 00026000 08:01 139881                     /lib/x86_64-linux-gnu/libpng12.so.0.46.0
7fb3f3bc4000-7fb3f3c32000 r-xp 00000000 08:01 406743                     /usr/lib/x86_64-linux-gnu/libpixman-1.so.0.22.2
7fb3f3c32000-7fb3f3e32000 ---p 0006e000 08:01 406743                     /usr/lib/x86_64-linux-gnu/libpixman-1.so.0.22.2
7fb3f3e32000-7fb3f3e37000 r--p 0006e000 08:01 406743                     /usr/lib/x86_64-linux-gnu/libpixman-1.so.0.22.2
7fb3f3e37000-7fb3f3e38000 rw-p 00073000 08:01 406743                     /usr/lib/x86_64-linux-gnu/libpixman-1.so.0.22.2
7fb3f3e38000-7fb3f3e3d000 r-xp 00000000 08:01 406539                     /usr/lib/x86_64-linux-gnu/libXdmcp.so.6.0.0
7fb3f3e3d000-7fb3f403c000 ---p 00005000 08:01 406539                     /usr/lib/x86_64-linux-gnu/libXdmcp.so.6.0.0
7fb3f403c000-7fb3f403d000 r--p 00004000 08:01 406539                     /usr/lib/x86_64-linux-gnu/libXdmcp.so.6.0.0
7fb3f403d000-7fb3f403e000 rw-p 00005000 08:01 406539                     /usr/lib/x86_64-linux-gnu/libXdmcp.so.6.0.0
7fb3f403e000-7fb3f4040000 r-xp 00000000 08:01 406531                     /usr/lib/x86_64-linux-gnu/libXau.so.6.0.0
7fb3f4040000-7fb3f423f000 ---p 00002000 08:01 406531                     /usr/lib/x86_64-linux-gnu/libXau.so.6.0.0
7fb3f423f000-7fb3f4240000 r--p 00001000 08:01 406531                     /usr/lib/x86_64-linux-gnu/libXau.so.6.0.0
7fb3f4240000-7fb3f4241000 rw-p 00002000 08:01 406531                     /usr/lib/x86_64-linux-gnu/libXau.so.6.0.0
7fb3f4241000-7fb3f4252000 r-xp 00000000 08:01 406571                     /usr/lib/x86_64-linux-gnu/libavahi-client.so.3.2.9
7fb3f4252000-7fb3f4452000 ---p 00011000 08:01 406571                     /usr/lib/x86_64-linux-gnu/libavahi-client.so.3.2.9
7fb3f4452000-7fb3f4453000 r--p 00011000 08:01 406571                     /usr/lib/x86_64-linux-gnu/libavahi-client.so.3.2.9
7fb3f4453000-7fb3f4454000 rw-p 00012000 08:01 406571                     /usr/lib/x86_64-linux-gnu/libavahi-client.so.3.2.9
7fb3f4454000-7fb3f4461000 r-xp 00000000 08:01 406573                     /usr/lib/x86_64-linux-gnu/libavahi-common.so.3.5.3
7fb3f4461000-7fb3f4660000 ---p 0000d000 08:01 406573                     /usr/lib/x86_64-linux-gnu/libavahi-common.so.3.5.3
7fb3f4660000-7fb3f4661000 r--p 0000c000 08:01 406573                     /usr/lib/x86_64-linux-gnu/libavahi-common.so.3.5.3
7fb3f4661000-7fb3f4662000 rw-p 0000d000 08:01 406573                     /usr/lib/x86_64-linux-gnu/libavahi-common.so.3.5.3
7fb3f4662000-7fb3f4703000 r-xp 00000000 08:01 406657                     /usr/lib/x86_64-linux-gnu/libgnutls.so.26.16.14
7fb3f4703000-7fb3f4902000 ---p 000a1000 08:01 406657                     /usr/lib/x86_64-linux-gnu/libgnutls.so.26.16.14
7fb3f4902000-7fb3f4909000 r--p 000a0000 08:01 406657                     /usr/lib/x86_64-linux-gnu/libgnutls.so.26.16.14
7fb3f4909000-7fb3f490a000 rw-p 000a7000 08:01 406657                     /usr/lib/x86_64-linux-gnu/libgnutls.so.26.16.14
7fb3f490a000-7fb3f4945000 r-xp 00000000 08:01 406685                     /usr/lib/x86_64-linux-gnu/libgssapi_krb5.so.2.2
7fb3f4945000-7fb3f4b45000 ---p 0003b000 08:01 406685                     /usr/lib/x86_64-linux-gnu/libgssapi_krb5.so.2.2
7fb3f4b45000-7fb3f4b46000 r--p 0003b000 08:01 406685                     /usr/lib/x86_64-linux-gnu/libgssapi_krb5.so.2.2
7fb3f4b46000-7fb3f4b48000 rw-p 0003c000 08:01 406685                     /usr/lib/x86_64-linux-gnu/libgssapi_krb5.so.2.2
7fb3f4b48000-7fb3f4b83000 r-xp 00000000 08:01 139879                     /lib/x86_64-linux-gnu/libpcre.so.3.12.1
7fb3f4b83000-7fb3f4d82000 ---p 0003b000 08:01 139879                     /lib/x86_64-linux-gnu/libpcre.so.3.12.1
7fb3f4d82000-7fb3f4d83000 r--p 0003a000 08:01 139879                     /lib/x86_64-linux-gnu/libpcre.so.3.12.1
7fb3f4d83000-7fb3f4d84000 rw-p 0003b000 08:01 139879                     /lib/x86_64-linux-gnu/libpcre.so.3.12.1
7fb3f4d84000-7fb3f4d8b000 r-xp 00000000 08:01 396800                     /usr/lib/x86_64-linux-gnu/libffi.so.6.0.0
7fb3f4d8b000-7fb3f4f8a000 ---p 00007000 08:01 396800                     /usr/lib/x86_64-linux-gnu/libffi.so.6.0.0
7fb3f4f8a000-7fb3f4f8b000 r--p 00006000 08:01 396800                     /usr/lib/x86_64-linux-gnu/libffi.so.6.0.0
7fb3f4f8b000-7fb3f4f8c000 rw-p 00007000 08:01 396800                     /usr/lib/x86_64-linux-gnu/libffi.so.6.0.0
7fb3f4f8c000-7fb3f4fb3000 r-xp 00000000 08:01 139838                     /lib/x86_64-linux-gnu/libexpat.so.1.5.2
7fb3f4fb3000-7fb3f51b3000 ---p 00027000 08:01 139838                     /lib/x86_64-linux-gnu/libexpat.so.1.5.2
7fb3f51b3000-7fb3f51b5000 r--p 00027000 08:01 139838                     /lib/x86_64-linux-gnu/libexpat.so.1.5.2
7fb3f51b5000-7fb3f51b6000 rw-p 00029000 08:01 139838                     /lib/x86_64-linux-gnu/libexpat.so.1.5.2
7fb3f51b6000-7fb3f5248000 r-xp 00000000 08:01 406632                     /usr/lib/x86_64-linux-gnu/libfreetype.so.6.6.2
7fb3f5248000-7fb3f5447000 ---p 00092000 08:01 406632                     /usr/lib/x86_64-linux-gnu/libfreetype.so.6.6.2
7fb3f5447000-7fb3f544d000 r--p 00091000 08:01 406632                     /usr/lib/x86_64-linux-gnu/libfreetype.so.6.6.2
7fb3f544d000-7fb3f544e000 rw-p 00097000 08:01 406632                     /usr/lib/x86_64-linux-gnu/libfreetype.so.6.6.2
7fb3f544e000-7fb3f5465000 r-xp 00000000 08:01 134597                     /lib/x86_64-linux-gnu/libresolv-2.13.so
7fb3f5465000-7fb3f5665000 ---p 00017000 08:01 134597                     /lib/x86_64-linux-gnu/libresolv-2.13.so
7fb3f5665000-7fb3f5666000 r--p 00017000 08:01 134597                     /lib/x86_64-linux-gnu/libresolv-2.13.so
7fb3f5666000-7fb3f5667000 rw-p 00018000 08:01 134597                     /lib/x86_64-linux-gnu/libresolv-2.13.so
7fb3f5667000-7fb3f5669000 rw-p 00000000 00:00 0 
7fb3f5669000-7fb3f5685000 r-xp 00000000 08:01 139888                     /lib/x86_64-linux-gnu/libselinux.so.1
7fb3f5685000-7fb3f5884000 ---p 0001c000 08:01 139888                     /lib/x86_64-linux-gnu/libselinux.so.1
7fb3f5884000-7fb3f5885000 r--p 0001b000 08:01 139888                     /lib/x86_64-linux-gnu/libselinux.so.1
7fb3f5885000-7fb3f5886000 rw-p 0001c000 08:01 139888                     /lib/x86_64-linux-gnu/libselinux.so.1
7fb3f5886000-7fb3f5887000 rw-p 00000000 00:00 0 
7fb3f5887000-7fb3f5889000 r-xp 00000000 08:01 406537                     /usr/lib/x86_64-linux-gnu/libXdamage.so.1.1.0
7fb3f5889000-7fb3f5a88000 ---p 00002000 08:01 406537                     /usr/lib/x86_64-linux-gnu/libXdamage.so.1.1.0
7fb3f5a88000-7fb3f5a89000 r--p 00001000 08:01 406537                     /usr/lib/x86_64-linux-gnu/libXdamage.so.1.1.0
7fb3f5a89000-7fb3f5a8a000 rw-p 00002000 08:01 406537                     /usr/lib/x86_64-linux-gnu/libXdamage.so.1.1.0
7fb3f5a8a000-7fb3f5a8c000 r-xp 00000000 08:01 406533                     /usr/lib/x86_64-linux-gnu/libXcomposite.so.1.0.0
7fb3f5a8c000-7fb3f5c8b000 ---p 00002000 08:01 406533                     /usr/lib/x86_64-linux-gnu/libXcomposite.so.1.0.0
7fb3f5c8b000-7fb3f5c8c000 r--p 00001000 08:01 406533                     /usr/lib/x86_64-linux-gnu/libXcomposite.so.1.0.0
7fb3f5c8c000-7fb3f5c8d000 rw-p 00002000 08:01 406533                     /usr/lib/x86_64-linux-gnu/libXcomposite.so.1.0.0
7fb3f5c8d000-7fb3f5c96000 r-xp 00000000 08:01 406535                     /usr/lib/x86_64-linux-gnu/libXcursor.so.1.0.2
7fb3f5c96000-7fb3f5e95000 ---p 00009000 08:01 406535                     /usr/lib/x86_64-linux-gnu/libXcursor.so.1.0.2
7fb3f5e95000-7fb3f5e96000 r--p 00008000 08:01 406535                     /usr/lib/x86_64-linux-gnu/libXcursor.so.1.0.2
7fb3f5e96000-7fb3f5e97000 rw-p 00009000 08:01 406535                     /usr/lib/x86_64-linux-gnu/libXcursor.so.1.0.2
7fb3f5e97000-7fb3f5e9f000 r-xp 00000000 08:01 406551                     /usr/lib/x86_64-linux-gnu/libXrandr.so.2.2.0
7fb3f5e9f000-7fb3f609e000 ---p 00008000 08:01 406551                     /usr/lib/x86_64-linux-gnu/libXrandr.so.2.2.0
7fb3f609e000-7fb3f609f000 r--p 00007000 08:01 406551                     /usr/lib/x86_64-linux-gnu/libXrandr.so.2.2.0
7fb3f609f000-7fb3f60a0000 rw-p 00008000 08:01 406551                     /usr/lib/x86_64-linux-gnu/libXrandr.so.2.2.0
7fb3f60a0000-7fb3f60a2000 r-xp 00000000 08:01 406549                     /usr/lib/x86_64-linux-gnu/libXinerama.so.1.0.0
7fb3f60a2000-7fb3f62a1000 ---p 00002000 08:01 406549                     /usr/lib/x86_64-linux-gnu/libXinerama.so.1.0.0
7fb3f62a1000-7fb3f62a2000 r--p 00001000 08:01 406549                     /usr/lib/x86_64-linux-gnu/libXinerama.so.1.0.0
7fb3f62a2000-7fb3f62a3000 rw-p 00002000 08:01 406549                     /usr/lib/x86_64-linux-gnu/libXinerama.so.1.0.0
7fb3f62a3000-7fb3f62a6000 r-xp 00000000 08:01 395217                     /usr/lib/x86_64-linux-gnu/libgmodule-2.0.so.0.3000.0
7fb3f62a6000-7fb3f64a5000 ---p 00003000 08:01 395217                     /usr/lib/x86_64-linux-gnu/libgmodule-2.0.so.0.3000.0
7fb3f64a5000-7fb3f64a6000 r--p 00002000 08:01 395217                     /usr/lib/x86_64-linux-gnu/libgmodule-2.0.so.0.3000.0
7fb3f64a6000-7fb3f64a7000 rw-p 00003000 08:01 395217                     /usr/lib/x86_64-linux-gnu/libgmodule-2.0.so.0.3000.0
7fb3f64a7000-7fb3f64d1000 r-xp 00000000 08:01 397305                     /usr/lib/x86_64-linux-gnu/libpangoft2-1.0.so.0.2903.0
7fb3f64d1000-7fb3f66d0000 ---p 0002a000 08:01 397305                     /usr/lib/x86_64-linux-gnu/libpangoft2-1.0.so.0.2903.0
7fb3f66d0000-7fb3f66d1000 r--p 00029000 08:01 397305                     /usr/lib/x86_64-linux-gnu/libpangoft2-1.0.so.0.2903.0
7fb3f66d1000-7fb3f66d2000 rw-p 0002a000 08:01 397305                     /usr/lib/x86_64-linux-gnu/libpangoft2-1.0.so.0.2903.0
7fb3f66d2000-7fb3f678b000 r-xp 00000000 08:01 406593                     /usr/lib/x86_64-linux-gnu/libcairo.so.2.11000.2
7fb3f678b000-7fb3f698a000 ---p 000b9000 08:01 406593                     /usr/lib/x86_64-linux-gnu/libcairo.so.2.11000.2
7fb3f698a000-7fb3f698c000 r--p 000b8000 08:01 406593                     /usr/lib/x86_64-linux-gnu/libcairo.so.2.11000.2
7fb3f698c000-7fb3f698d000 rw-p 000ba000 08:01 406593                     /usr/lib/x86_64-linux-gnu/libcairo.so.2.11000.2
7fb3f698d000-7fb3f6990000 rw-p 00000000 00:00 0 
7fb3f6990000-7fb3f69af000 r-xp 00000000 08:01 394856                     /usr/lib/x86_64-linux-gnu/libatk-1.0.so.0.20209.1
7fb3f69af000-7fb3f6baf000 ---p 0001f000 08:01 394856                     /usr/lib/x86_64-linux-gnu/libatk-1.0.so.0.20209.1
7fb3f6baf000-7fb3f6bb1000 r--p 0001f000 08:01 394856                     /usr/lib/x86_64-linux-gnu/libatk-1.0.so.0.20209.1
7fb3f6bb1000-7fb3f6bb2000 rw-p 00021000 08:01 394856                     /usr/lib/x86_64-linux-gnu/libatk-1.0.so.0.20209.1
7fb3f6bb2000-7fb3f6bb7000 r-xp 00000000 08:01 406543                     /usr/lib/x86_64-linux-gnu/libXfixes.so.3.1.0
7fb3f6bb7000-7fb3f6db6000 ---p 00005000 08:01 406543                     /usr/lib/x86_64-linux-gnu/libXfixes.so.3.1.0
7fb3f6db6000-7fb3f6db7000 r--p 00004000 08:01 406543                     /usr/lib/x86_64-linux-gnu/libXfixes.so.3.1.0
7fb3f6db7000-7fb3f6db8000 rw-p 00005000 08:01 406543                     /usr/lib/x86_64-linux-gnu/libXfixes.so.3.1.0
7fb3f6db8000-7fb3f6dc3000 r-xp 00000000 08:01 397309                     /usr/lib/x86_64-linux-gnu/libpangocairo-1.0.so.0.2903.0
7fb3f6dc3000-7fb3f6fc3000 ---p 0000b000 08:01 397309                     /usr/lib/x86_64-linux-gnu/libpangocairo-1.0.so.0.2903.0
7fb3f6fc3000-7fb3f6fc4000 r--p 0000b000 08:01 397309                     /usr/lib/x86_64-linux-gnu/libpangocairo-1.0.so.0.2903.0
7fb3f6fc4000-7fb3f6fc5000 rw-p 0000c000 08:01 397309                     /usr/lib/x86_64-linux-gnu/libpangocairo-1.0.so.0.2903.0
7fb3f6fc5000-7fb3f6fe0000 r-xp 00000000 08:01 406817                     /usr/lib/x86_64-linux-gnu/libxcb.so.1.1.0
7fb3f6fe0000-7fb3f71df000 ---p 0001b000 08:01 406817                     /usr/lib/x86_64-linux-gnu/libxcb.so.1.1.0
7fb3f71df000-7fb3f71e0000 r--p 0001a000 08:01 406817                     /usr/lib/x86_64-linux-gnu/libxcb.so.1.1.0
7fb3f71e0000-7fb3f71e1000 rw-p 0001b000 08:01 406817                     /usr/lib/x86_64-linux-gnu/libxcb.so.1.1.0
7fb3f71e1000-7fb3f722f000 r-xp 00000000 08:01 400264                     /usr/lib/x86_64-linux-gnu/libcups.so.2
7fb3f722f000-7fb3f742f000 ---p 0004e000 08:01 400264                     /usr/lib/x86_64-linux-gnu/libcups.so.2
7fb3f742f000-7fb3f7433000 r--p 0004e000 08:01 400264                     /usr/lib/x86_64-linux-gnu/libcups.so.2
7fb3f7433000-7fb3f7434000 rw-p 00052000 08:01 400264                     /usr/lib/x86_64-linux-gnu/libcups.so.2
7fb3f7434000-7fb3f7528000 r-xp 00000000 08:01 134283                     /lib/x86_64-linux-gnu/libglib-2.0.so.0.3000.0
7fb3f7528000-7fb3f7727000 ---p 000f4000 08:01 134283                     /lib/x86_64-linux-gnu/libglib-2.0.so.0.3000.0
7fb3f7727000-7fb3f7728000 r--p 000f3000 08:01 134283                     /lib/x86_64-linux-gnu/libglib-2.0.so.0.3000.0
7fb3f7728000-7fb3f7729000 rw-p 000f4000 08:01 134283                     /lib/x86_64-linux-gnu/libglib-2.0.so.0.3000.0
7fb3f7729000-7fb3f772a000 rw-p 00000000 00:00 0 
7fb3f772a000-7fb3f772e000 r-xp 00000000 08:01 394708                     /usr/lib/x86_64-linux-gnu/libgthread-2.0.so.0.3000.0
7fb3f772e000-7fb3f792d000 ---p 00004000 08:01 394708                     /usr/lib/x86_64-linux-gnu/libgthread-2.0.so.0.3000.0
7fb3f792d000-7fb3f792e000 r--p 00003000 08:01 394708                     /usr/lib/x86_64-linux-gnu/libgthread-2.0.so.0.3000.0
7fb3f792e000-7fb3f792f000 rw-p 00004000 08:01 394708                     /usr/lib/x86_64-linux-gnu/libgthread-2.0.so.0.3000.0
7fb3f792f000-7fb3f797d000 r-xp 00000000 08:01 394707                     /usr/lib/x86_64-linux-gnu/libgobject-2.0.so.0.3000.0
7fb3f797d000-7fb3f7b7d000 ---p 0004e000 08:01 394707                     /usr/lib/x86_64-linux-gnu/libgobject-2.0.so.0.3000.0
7fb3f7b7d000-7fb3f7b7e000 r--p 0004e000 08:01 394707                     /usr/lib/x86_64-linux-gnu/libgobject-2.0.so.0.3000.0
7fb3f7b7e000-7fb3f7b7f000 rw-p 0004f000 08:01 394707                     /usr/lib/x86_64-linux-gnu/libgobject-2.0.so.0.3000.0
7fb3f7b7f000-7fb3f7b80000 rw-p 00000000 00:00 0 
7fb3f7b80000-7fb3f7bb4000 r-xp 00000000 08:01 406630                     /usr/lib/x86_64-linux-gnu/libfontconfig.so.1.4.4
7fb3f7bb4000-7fb3f7db4000 ---p 00034000 08:01 406630                     /usr/lib/x86_64-linux-gnu/libfontconfig.so.1.4.4
7fb3f7db4000-7fb3f7db5000 r--p 00034000 08:01 406630                     /usr/lib/x86_64-linux-gnu/libfontconfig.so.1.4.4
7fb3f7db5000-7fb3f7db6000 rw-p 00035000 08:01 406630                     /usr/lib/x86_64-linux-gnu/libfontconfig.so.1.4.4
7fb3f7db6000-7fb3f7dfd000 r-xp 00000000 08:01 397304                     /usr/lib/x86_64-linux-gnu/libpango-1.0.so.0.2903.0
7fb3f7dfd000-7fb3f7ffd000 ---p 00047000 08:01 397304                     /usr/lib/x86_64-linux-gnu/libpango-1.0.so.0.2903.0
7fb3f7ffd000-7fb3f7fff000 r--p 00047000 08:01 397304                     /usr/lib/x86_64-linux-gnu/libpango-1.0.so.0.2903.0
7fb3f7fff000-7fb3f8000000 rw-p 00049000 08:01 397304                     /usr/lib/x86_64-linux-gnu/libpango-1.0.so.0.2903.0
7fb3f8000000-7fb3f838d000 rw-p 00000000 00:00 0 
7fb3f838d000-7fb3fc000000 ---p 00000000 00:00 0 
7fb3fc008000-7fb3fc039000 rw-p 00000000 00:00 0 
7fb3fc039000-7fb3fc03c000 ---p 00000000 00:00 0 
7fb3fc03c000-7fb3fc053000 rw-p 00000000 00:00 0 
7fb3fc053000-7fb3fc056000 ---p 00000000 00:00 0 
7fb3fc056000-7fb3fc154000 rw-p 00000000 00:00 0 
7fb3fc154000-7fb3fc172000 r-xp 00000000 08:01 394128                     /usr/lib/x86_64-linux-gnu/libgdk_pixbuf-2.0.so.0.2400.0
7fb3fc172000-7fb3fc371000 ---p 0001e000 08:01 394128                     /usr/lib/x86_64-linux-gnu/libgdk_pixbuf-2.0.so.0.2400.0
7fb3fc371000-7fb3fc372000 r--p 0001d000 08:01 394128                     /usr/lib/x86_64-linux-gnu/libgdk_pixbuf-2.0.so.0.2400.0
7fb3fc372000-7fb3fc373000 rw-p 0001e000 08:01 394128                     /usr/lib/x86_64-linux-gnu/libgdk_pixbuf-2.0.so.0.2400.0
7fb3fc373000-7fb3fc4ae000 r-xp 00000000 08:01 394685                     /usr/lib/x86_64-linux-gnu/libgio-2.0.so.0.3000.0
7fb3fc4ae000-7fb3fc6ad000 ---p 0013b000 08:01 394685                     /usr/lib/x86_64-linux-gnu/libgio-2.0.so.0.3000.0
7fb3fc6ad000-7fb3fc6b1000 r--p 0013a000 08:01 394685                     /usr/lib/x86_64-linux-gnu/libgio-2.0.so.0.3000.0
7fb3fc6b1000-7fb3fc6b3000 rw-p 0013e000 08:01 394685                     /usr/lib/x86_64-linux-gnu/libgio-2.0.so.0.3000.0
7fb3fc6b3000-7fb3fc6b5000 rw-p 00000000 00:00 0 
7fb3fc6b5000-7fb3fc762000 r-xp 00000000 08:01 397253                     /usr/lib/x86_64-linux-gnu/libgdk-x11-2.0.so.0.2400.6
7fb3fc762000-7fb3fc961000 ---p 000ad000 08:01 397253                     /usr/lib/x86_64-linux-gnu/libgdk-x11-2.0.so.0.2400.6
7fb3fc961000-7fb3fc965000 r--p 000ac000 08:01 397253                     /usr/lib/x86_64-linux-gnu/libgdk-x11-2.0.so.0.2400.6
7fb3fc965000-7fb3fc967000 rw-p 000b0000 08:01 397253                     /usr/lib/x86_64-linux-gnu/libgdk-x11-2.0.so.0.2400.6
7fb3fc967000-7fb3fcd96000 r-xp 00000000 08:01 397246                     /usr/lib/x86_64-linux-gnu/libgtk-x11-2.0.so.0.2400.6
7fb3fcd96000-7fb3fcf96000 ---p 0042f000 08:01 397246                     /usr/lib/x86_64-linux-gnu/libgtk-x11-2.0.so.0.2400.6
7fb3fcf96000-7fb3fcf9d000 r--p 0042f000 08:01 397246                     /usr/lib/x86_64-linux-gnu/libgtk-x11-2.0.so.0.2400.6
7fb3fcf9d000-7fb3fcfa1000 rw-p 00436000 08:01 397246                     /usr/lib/x86_64-linux-gnu/libgtk-x11-2.0.so.0.2400.6
7fb3fcfa1000-7fb3fcfa3000 rw-p 00000000 00:00 0 
7fb3fcfa3000-7fb3fcfb2000 r-xp 00000000 08:01 406547                     /usr/lib/x86_64-linux-gnu/libXi.so.6.1.0
7fb3fcfb2000-7fb3fd1b1000 ---p 0000f000 08:01 406547                     /usr/lib/x86_64-linux-gnu/libXi.so.6.1.0
7fb3fd1b1000-7fb3fd1b2000 r--p 0000e000 08:01 406547                     /usr/lib/x86_64-linux-gnu/libXi.so.6.1.0
7fb3fd1b2000-7fb3fd1b3000 rw-p 0000f000 08:01 406547                     /usr/lib/x86_64-linux-gnu/libXi.so.6.1.0
7fb3fd1b3000-7fb3fd1b8000 r-xp 00000000 08:01 398564                     /usr/lib/libXtst.so.6.1.0
7fb3fd1b8000-7fb3fd3b7000 ---p 00005000 08:01 398564                     /usr/lib/libXtst.so.6.1.0
7fb3fd3b7000-7fb3fd3b8000 r--p 00004000 08:01 398564                     /usr/lib/libXtst.so.6.1.0
7fb3fd3b8000-7fb3fd3b9000 rw-p 00005000 08:01 398564                     /usr/lib/libXtst.so.6.1.0
7fb3fd3b9000-7fb3fd3c2000 r-xp 00000000 08:01 406553                     /usr/lib/x86_64-linux-gnu/libXrender.so.1.3.0
7fb3fd3c2000-7fb3fd5c2000 ---p 00009000 08:01 406553                     /usr/lib/x86_64-linux-gnu/libXrender.so.1.3.0
7fb3fd5c2000-7fb3fd5c3000 r--p 00009000 08:01 406553                     /usr/lib/x86_64-linux-gnu/libXrender.so.1.3.0
7fb3fd5c3000-7fb3fd5c4000 rw-p 0000a000 08:01 406553                     /usr/lib/x86_64-linux-gnu/libXrender.so.1.3.0
7fb3fd5c4000-7fb3fd6f7000 r-xp 00000000 08:01 406471                     /usr/lib/x86_64-linux-gnu/libX11.so.6.3.0
7fb3fd6f7000-7fb3fd8f7000 ---p 00133000 08:01 406471                     /usr/lib/x86_64-linux-gnu/libX11.so.6.3.0
7fb3fd8f7000-7fb3fd8f8000 r--p 00133000 08:01 406471                     /usr/lib/x86_64-linux-gnu/libX11.so.6.3.0
7fb3fd8f8000-7fb3fd8fc000 rw-p 00134000 08:01 406471                     /usr/lib/x86_64-linux-gnu/libX11.so.6.3.0
7fb3fd8fc000-7fb3fd90e000 r-xp 00000000 08:01 406541                     /usr/lib/x86_64-linux-gnu/libXext.so.6.4.0
7fb3fd90e000-7fb3fdb0d000 ---p 00012000 08:01 406541                     /usr/lib/x86_64-linux-gnu/libXext.so.6.4.0
7fb3fdb0d000-7fb3fdb0e000 r--p 00011000 08:01 406541                     /usr/lib/x86_64-linux-gnu/libXext.so.6.4.0
7fb3fdb0e000-7fb3fdb0f000 rw-p 00012000 08:01 406541                     /usr/lib/x86_64-linux-gnu/libXext.so.6.4.0
7fb3fdb0f000-7fb3fdb32000 r--p 00000000 08:01 675061                     /usr/share/locale-langpack/fr/LC_MESSAGES/libc.mo
7fb3fdb32000-7fb3fdb84000 r-xp 00000000 08:01 401973                     /usr/lib/jvm/java-7-openjdk-amd64/jre/lib/amd64/xawt/libmawt.so
7fb3fdb84000-7fb3fdd84000 ---p 00052000 08:01 401973                     /usr/lib/jvm/java-7-openjdk-amd64/jre/lib/amd64/xawt/libmawt.so
7fb3fdd84000-7fb3fdd85000 r--p 00052000 08:01 401973                     /usr/lib/jvm/java-7-openjdk-amd64/jre/lib/amd64/xawt/libmawt.so
7fb3fdd85000-7fb3fdd88000 rw-p 00053000 08:01 401973                     /usr/lib/jvm/java-7-openjdk-amd64/jre/lib/amd64/xawt/libmawt.so
7fb3fdd88000-7fb3fdd89000 rw-p 00000000 00:00 0 
7fb3fdd89000-7fb3fde2b000 r-xp 00000000 08:01 398111                     /usr/lib/jvm/java-7-openjdk-amd64/jre/lib/amd64/libawt.so
7fb3fde2b000-7fb3fe02a000 ---p 000a2000 08:01 398111                     /usr/lib/jvm/java-7-openjdk-amd64/jre/lib/amd64/libawt.so
7fb3fe02a000-7fb3fe02b000 r--p 000a1000 08:01 398111                     /usr/lib/jvm/java-7-openjdk-amd64/jre/lib/amd64/libawt.so
7fb3fe02b000-7fb3fe036000 rw-p 000a2000 08:01 398111                     /usr/lib/jvm/java-7-openjdk-amd64/jre/lib/amd64/libawt.so
7fb3fe036000-7fb3fe05b000 rw-p 00000000 00:00 0 
7fb3fe05b000-7fb3fe05e000 r--s 00032000 08:01 395025                     /usr/lib/jvm/java-7-openjdk-common/jre/lib/ext/sunjce_provider.jar
7fb3fe05e000-7fb3fe061000 r--s 00085000 08:01 395002                     /usr/lib/jvm/java-7-openjdk-common/jre/lib/ext/localedata.jar
7fb3fe061000-7fb3fe062000 r--s 00002000 08:01 394906                     /usr/lib/jvm/java-7-openjdk-common/jre/lib/ext/dnsns.jar
7fb3fe062000-7fb3fe065000 r--s 0003c000 08:01 394890                     /usr/lib/jvm/java-7-openjdk-common/jre/lib/ext/sunpkcs11.jar
7fb3fe065000-7fb3fe067000 r--s 00012000 08:01 395160                     /usr/lib/jvm/java-7-openjdk-common/jre/lib/ext/zipfs.jar
7fb3fe067000-7fb3fe06a000 r--s 0000f000 08:01 395194                     /usr/lib/jvm/java-7-openjdk-common/jre/lib/ext/pulse-java.jar
7fb3fe06a000-7fb3fe072000 r--s 00066000 08:01 676447                     /usr/share/java/gnome-java-bridge.jar
7fb3fe072000-7fb3fe073000 ---p 00000000 00:00 0 
7fb3fe073000-7fb3fe173000 rw-p 00000000 00:00 0 
7fb3fe173000-7fb3fe176000 ---p 00000000 00:00 0 
7fb3fe176000-7fb3fe274000 rw-p 00000000 00:00 0 
7fb3fe274000-7fb3fe277000 ---p 00000000 00:00 0 
7fb3fe277000-7fb3fe375000 rw-p 00000000 00:00 0 
7fb3fe375000-7fb3fe378000 ---p 00000000 00:00 0 
7fb3fe378000-7fb3fe476000 rw-p 00000000 00:00 0 
7fb3fe476000-7fb3fe479000 ---p 00000000 00:00 0 
7fb3fe479000-7fb3fe577000 rw-p 00000000 00:00 0 
7fb3fe577000-7fb3fec64000 r--p 00000000 08:01 403488                     /usr/lib/locale/locale-archive
7fb3fec64000-7fb3fec67000 ---p 00000000 00:00 0 
7fb3fec67000-7fb3fed65000 rw-p 00000000 00:00 0 
7fb3fed65000-7fb3fed68000 ---p 00000000 00:00 0 
7fb3fed68000-7fb3fee66000 rw-p 00000000 00:00 0 
7fb3fee66000-7fb3fee67000 ---p 00000000 00:00 0 
7fb3fee67000-7fb3ff2d6000 rw-p 00000000 00:00 0 
7fb3ff2d6000-7fb3ff484000 r--s 03e76000 08:01 396788                     /usr/lib/jvm/java-7-openjdk-amd64/jre/lib/rt.jar
7fb3ff484000-7fb3ff4ac000 rw-p 00000000 00:00 0 
7fb3ff4ac000-7fb3ff4ad000 ---p 00000000 00:00 0 
7fb3ff4ad000-7fb3ff5ad000 rw-p 00000000 00:00 0 
7fb3ff5ad000-7fb3ff5ae000 ---p 00000000 00:00 0 
7fb3ff5ae000-7fb3ff6b9000 rw-p 00000000 00:00 0 
7fb3ff6b9000-7fb3ff701000 rw-p 00000000 00:00 0 
7fb3ff701000-7fb3ff716000 rw-p 00000000 00:00 0 
7fb3ff716000-7fb3ff84c000 rw-p 00000000 00:00 0 
7fb3ff84c000-7fb3ff857000 rw-p 00000000 00:00 0 
7fb3ff857000-7fb3ff89f000 rw-p 00000000 00:00 0 
7fb3ff89f000-7fb3ff8b4000 rw-p 00000000 00:00 0 
7fb3ff8b4000-7fb3ff9e9000 rw-p 00000000 00:00 0 
7fb3ff9e9000-7fb3ff9f4000 rw-p 00000000 00:00 0 
7fb3ff9f4000-7fb3ffa8f000 rw-p 00000000 00:00 0 
7fb3ffa8f000-7fb3ffa90000 rw-p 00000000 00:00 0 
7fb3ffa90000-7fb3ffd00000 rwxp 00000000 00:00 0 
7fb3ffd00000-7fb402a90000 rw-p 00000000 00:00 0 
7fb402a90000-7fb402a98000 r-xp 00000000 08:01 399895                     /usr/lib/jvm/java-7-openjdk-amd64/jre/lib/amd64/libzip.so
7fb402a98000-7fb402c97000 ---p 00008000 08:01 399895                     /usr/lib/jvm/java-7-openjdk-amd64/jre/lib/amd64/libzip.so
7fb402c97000-7fb402c98000 r--p 00007000 08:01 399895                     /usr/lib/jvm/java-7-openjdk-amd64/jre/lib/amd64/libzip.so
7fb402c98000-7fb402c99000 rw-p 00008000 08:01 399895                     /usr/lib/jvm/java-7-openjdk-amd64/jre/lib/amd64/libzip.so
7fb402c99000-7fb402ca5000 r-xp 00000000 08:01 134596                     /lib/x86_64-linux-gnu/libnss_files-2.13.so
7fb402ca5000-7fb402ea4000 ---p 0000c000 08:01 134596                     /lib/x86_64-linux-gnu/libnss_files-2.13.so
7fb402ea4000-7fb402ea5000 r--p 0000b000 08:01 134596                     /lib/x86_64-linux-gnu/libnss_files-2.13.so
7fb402ea5000-7fb402ea6000 rw-p 0000c000 08:01 134596                     /lib/x86_64-linux-gnu/libnss_files-2.13.so
7fb402ea6000-7fb402eb0000 r-xp 00000000 08:01 134607                     /lib/x86_64-linux-gnu/libnss_nis-2.13.so
7fb402eb0000-7fb4030b0000 ---p 0000a000 08:01 134607                     /lib/x86_64-linux-gnu/libnss_nis-2.13.so
7fb4030b0000-7fb4030b1000 r--p 0000a000 08:01 134607                     /lib/x86_64-linux-gnu/libnss_nis-2.13.so
7fb4030b1000-7fb4030b2000 rw-p 0000b000 08:01 134607                     /lib/x86_64-linux-gnu/libnss_nis-2.13.so
7fb4030b2000-7fb4030c9000 r-xp 00000000 08:01 134591                     /lib/x86_64-linux-gnu/libnsl-2.13.so
7fb4030c9000-7fb4032c8000 ---p 00017000 08:01 134591                     /lib/x86_64-linux-gnu/libnsl-2.13.so
7fb4032c8000-7fb4032c9000 r--p 00016000 08:01 134591                     /lib/x86_64-linux-gnu/libnsl-2.13.so
7fb4032c9000-7fb4032ca000 rw-p 00017000 08:01 134591                     /lib/x86_64-linux-gnu/libnsl-2.13.so
7fb4032ca000-7fb4032cc000 rw-p 00000000 00:00 0 
7fb4032cc000-7fb4032d4000 r-xp 00000000 08:01 134588                     /lib/x86_64-linux-gnu/libnss_compat-2.13.so
7fb4032d4000-7fb4034d3000 ---p 00008000 08:01 134588                     /lib/x86_64-linux-gnu/libnss_compat-2.13.so
7fb4034d3000-7fb4034d4000 r--p 00007000 08:01 134588                     /lib/x86_64-linux-gnu/libnss_compat-2.13.so
7fb4034d4000-7fb4034d5000 rw-p 00008000 08:01 134588                     /lib/x86_64-linux-gnu/libnss_compat-2.13.so
7fb4034d5000-7fb4034fe000 r-xp 00000000 08:01 398578                     /usr/lib/jvm/java-7-openjdk-amd64/jre/lib/amd64/libjava.so
7fb4034fe000-7fb4036fd000 ---p 00029000 08:01 398578                     /usr/lib/jvm/java-7-openjdk-amd64/jre/lib/amd64/libjava.so
7fb4036fd000-7fb4036fe000 r--p 00028000 08:01 398578                     /usr/lib/jvm/java-7-openjdk-amd64/jre/lib/amd64/libjava.so
7fb4036fe000-7fb403700000 rw-p 00029000 08:01 398578                     /usr/lib/jvm/java-7-openjdk-amd64/jre/lib/amd64/libjava.so
7fb403700000-7fb40370e000 r-xp 00000000 08:01 399894                     /usr/lib/jvm/java-7-openjdk-amd64/jre/lib/amd64/libverify.so
7fb40370e000-7fb40390d000 ---p 0000e000 08:01 399894                     /usr/lib/jvm/java-7-openjdk-amd64/jre/lib/amd64/libverify.so
7fb40390d000-7fb40390f000 r--p 0000d000 08:01 399894                     /usr/lib/jvm/java-7-openjdk-amd64/jre/lib/amd64/libverify.so
7fb40390f000-7fb403910000 rw-p 0000f000 08:01 399894                     /usr/lib/jvm/java-7-openjdk-amd64/jre/lib/amd64/libverify.so
7fb403910000-7fb403917000 r-xp 00000000 08:01 134577                     /lib/x86_64-linux-gnu/librt-2.13.so
7fb403917000-7fb403b16000 ---p 00007000 08:01 134577                     /lib/x86_64-linux-gnu/librt-2.13.so
7fb403b16000-7fb403b17000 r--p 00006000 08:01 134577                     /lib/x86_64-linux-gnu/librt-2.13.so
7fb403b17000-7fb403b18000 rw-p 00007000 08:01 134577                     /lib/x86_64-linux-gnu/librt-2.13.so
7fb403b18000-7fb403b2d000 r-xp 00000000 08:01 131748                     /lib/x86_64-linux-gnu/libgcc_s.so.1
7fb403b2d000-7fb403d2c000 ---p 00015000 08:01 131748                     /lib/x86_64-linux-gnu/libgcc_s.so.1
7fb403d2c000-7fb403d2d000 r--p 00014000 08:01 131748                     /lib/x86_64-linux-gnu/libgcc_s.so.1
7fb403d2d000-7fb403d2e000 rw-p 00015000 08:01 131748                     /lib/x86_64-linux-gnu/libgcc_s.so.1
7fb403d2e000-7fb403db1000 r-xp 00000000 08:01 134673                     /lib/x86_64-linux-gnu/libm-2.13.so
7fb403db1000-7fb403fb0000 ---p 00083000 08:01 134673                     /lib/x86_64-linux-gnu/libm-2.13.so
7fb403fb0000-7fb403fb1000 r--p 00082000 08:01 134673                     /lib/x86_64-linux-gnu/libm-2.13.so
7fb403fb1000-7fb403fb2000 rw-p 00083000 08:01 134673                     /lib/x86_64-linux-gnu/libm-2.13.so
7fb403fb2000-7fb40409a000 r-xp 00000000 08:01 398097                     /usr/lib/x86_64-linux-gnu/libstdc++.so.6.0.16
7fb40409a000-7fb40429a000 ---p 000e8000 08:01 398097                     /usr/lib/x86_64-linux-gnu/libstdc++.so.6.0.16
7fb40429a000-7fb4042a2000 r--p 000e8000 08:01 398097                     /usr/lib/x86_64-linux-gnu/libstdc++.so.6.0.16
7fb4042a2000-7fb4042a4000 rw-p 000f0000 08:01 398097                     /usr/lib/x86_64-linux-gnu/libstdc++.so.6.0.16
7fb4042a4000-7fb4042b9000 rw-p 00000000 00:00 0 
7fb4042b9000-7fb404c40000 r-xp 00000000 08:01 399897                     /usr/lib/jvm/java-7-openjdk-amd64/jre/lib/amd64/server/libjvm.so
7fb404c40000-7fb404e3f000 ---p 00987000 08:01 399897                     /usr/lib/jvm/java-7-openjdk-amd64/jre/lib/amd64/server/libjvm.so
7fb404e3f000-7fb404ebd000 r--p 00986000 08:01 399897                     /usr/lib/jvm/java-7-openjdk-amd64/jre/lib/amd64/server/libjvm.so
7fb404ebd000-7fb404ed8000 rw-p 00a04000 08:01 399897                     /usr/lib/jvm/java-7-openjdk-amd64/jre/lib/amd64/server/libjvm.so
7fb404ed8000-7fb404f03000 rw-p 00000000 00:00 0 
7fb404f03000-7fb404f1b000 r-xp 00000000 08:01 134606                     /lib/x86_64-linux-gnu/libpthread-2.13.so
7fb404f1b000-7fb40511a000 ---p 00018000 08:01 134606                     /lib/x86_64-linux-gnu/libpthread-2.13.so
7fb40511a000-7fb40511b000 r--p 00017000 08:01 134606                     /lib/x86_64-linux-gnu/libpthread-2.13.so
7fb40511b000-7fb40511c000 rw-p 00018000 08:01 134606                     /lib/x86_64-linux-gnu/libpthread-2.13.so
7fb40511c000-7fb405120000 rw-p 00000000 00:00 0 
7fb405120000-7fb405137000 r-xp 00000000 08:01 139905                     /lib/x86_64-linux-gnu/libz.so.1.2.3.4
7fb405137000-7fb405336000 ---p 00017000 08:01 139905                     /lib/x86_64-linux-gnu/libz.so.1.2.3.4
7fb405336000-7fb405337000 r--p 00016000 08:01 139905                     /lib/x86_64-linux-gnu/libz.so.1.2.3.4
7fb405337000-7fb405338000 rw-p 00017000 08:01 139905                     /lib/x86_64-linux-gnu/libz.so.1.2.3.4
7fb405338000-7fb40533a000 r-xp 00000000 08:01 134594                     /lib/x86_64-linux-gnu/libdl-2.13.so
7fb40533a000-7fb40553a000 ---p 00002000 08:01 134594                     /lib/x86_64-linux-gnu/libdl-2.13.so
7fb40553a000-7fb40553b000 r--p 00002000 08:01 134594                     /lib/x86_64-linux-gnu/libdl-2.13.so
7fb40553b000-7fb40553c000 rw-p 00003000 08:01 134594                     /lib/x86_64-linux-gnu/libdl-2.13.so
7fb40553c000-7fb4056d1000 r-xp 00000000 08:01 134593                     /lib/x86_64-linux-gnu/libc-2.13.so
7fb4056d1000-7fb4058d0000 ---p 00195000 08:01 134593                     /lib/x86_64-linux-gnu/libc-2.13.so
7fb4058d0000-7fb4058d4000 r--p 00194000 08:01 134593                     /lib/x86_64-linux-gnu/libc-2.13.so
7fb4058d4000-7fb4058d5000 rw-p 00198000 08:01 134593                     /lib/x86_64-linux-gnu/libc-2.13.so
7fb4058d5000-7fb4058db000 rw-p 00000000 00:00 0 
7fb4058db000-7fb4058e7000 r-xp 00000000 08:01 397479                     /usr/lib/jvm/java-7-openjdk-amd64/jre/lib/amd64/jli/libjli.so
7fb4058e7000-7fb405ae6000 ---p 0000c000 08:01 397479                     /usr/lib/jvm/java-7-openjdk-amd64/jre/lib/amd64/jli/libjli.so
7fb405ae6000-7fb405ae7000 r--p 0000b000 08:01 397479                     /usr/lib/jvm/java-7-openjdk-amd64/jre/lib/amd64/jli/libjli.so
7fb405ae7000-7fb405ae8000 rw-p 0000c000 08:01 397479                     /usr/lib/jvm/java-7-openjdk-amd64/jre/lib/amd64/jli/libjli.so
7fb405ae8000-7fb405b09000 r-xp 00000000 08:01 134600                     /lib/x86_64-linux-gnu/ld-2.13.so
7fb405b1d000-7fb405b27000 rw-p 00000000 00:00 0 
7fb405b27000-7fb405bdd000 rw-p 00000000 00:00 0 
7fb405bdd000-7fb405be0000 ---p 00000000 00:00 0 
7fb405be0000-7fb405ce3000 rw-p 00000000 00:00 0 
7fb405ce7000-7fb405ceb000 r--s 0009f000 08:01 396465                     /usr/lib/jvm/java-7-openjdk-common/jre/lib/jsse.jar
7fb405ceb000-7fb405cec000 r--p 00000000 00:00 0 
7fb405cec000-7fb405cf5000 r--s 00263000 08:01 396683                     /usr/lib/jvm/java-7-openjdk-common/jre/lib/resources.jar
7fb405cf5000-7fb405cfc000 r--s 00000000 08:01 663199                     /usr/lib/x86_64-linux-gnu/gconv/gconv-modules.cache
7fb405cfc000-7fb405d04000 rw-s 00000000 08:01 268485                     /tmp/hsperfdata_guillaume/4717
7fb405d04000-7fb405d05000 rw-p 00000000 00:00 0 
7fb405d05000-7fb405d06000 r--p 00000000 00:00 0 
7fb405d06000-7fb405d08000 rw-p 00000000 00:00 0 
7fb405d08000-7fb405d09000 r--p 00020000 08:01 134600                     /lib/x86_64-linux-gnu/ld-2.13.so
7fb405d09000-7fb405d0b000 rw-p 00021000 08:01 134600                     /lib/x86_64-linux-gnu/ld-2.13.so
7fff80894000-7fff808b5000 rw-p 00000000 00:00 0                          [stack]
7fff809ff000-7fff80a00000 r-xp 00000000 00:00 0                          [vdso]
ffffffffff600000-ffffffffff601000 r-xp 00000000 00:00 0                  [vsyscall]

VM Arguments:
jvm_args: -Dfile.encoding=UTF-8 
java_command: main.Main -Xms1024M -Xmx1024M
Launcher Type: SUN_STANDARD

Environment Variables:
PATH=/usr/lib/lightdm/lightdm:/usr/local/sbin:/usr/local/bin:/usr/sbin:/usr/bin:/sbin:/bin:/usr/games
USERNAME=guillaume
SHELL=/bin/bash
DISPLAY=:0

Signal Handlers:
SIGSEGV: [libjvm.so+0x7fca30], sa_mask[0]=0x7ffbfeff, sa_flags=0x10000004
SIGBUS: [libjvm.so+0x7fca30], sa_mask[0]=0x7ffbfeff, sa_flags=0x10000004
SIGFPE: [libjvm.so+0x6a1150], sa_mask[0]=0x7ffbfeff, sa_flags=0x10000004
SIGPIPE: [libjvm.so+0x6a1150], sa_mask[0]=0x7ffbfeff, sa_flags=0x10000004
SIGXFSZ: [libjvm.so+0x6a1150], sa_mask[0]=0x7ffbfeff, sa_flags=0x10000004
SIGILL: [libjvm.so+0x6a1150], sa_mask[0]=0x7ffbfeff, sa_flags=0x10000004
SIGUSR1: SIG_DFL, sa_mask[0]=0x00000000, sa_flags=0x00000000
SIGUSR2: [libjvm.so+0x6a1520], sa_mask[0]=0x00000004, sa_flags=0x10000004
SIGHUP: [libjvm.so+0x6a1660], sa_mask[0]=0x7ffbfeff, sa_flags=0x10000004
SIGINT: SIG_IGN, sa_mask[0]=0x00000000, sa_flags=0x00000000
SIGTERM: [libjvm.so+0x6a1660], sa_mask[0]=0x7ffbfeff, sa_flags=0x10000004
SIGQUIT: [libjvm.so+0x6a1660], sa_mask[0]=0x7ffbfeff, sa_flags=0x10000004


---------------  S Y S T E M  ---------------

OS:Ubuntu 11.10 (oneiric)
uname:Linux 3.0.0-12-generic #20-Ubuntu SMP Fri Oct 7 14:56:25 UTC 2011 x86_64
libc:glibc 2.13 NPTL 2.13 
rlimit: STACK 8192k, CORE infinity, NPROC 31562, NOFILE 4096, AS infinity
load average:0,49 0,65 0,44

/proc/meminfo:
MemTotal:        4055792 kB
MemFree:         1542868 kB
Buffers:          100312 kB
Cached:           961820 kB
SwapCached:            0 kB
Active:          1671292 kB
Inactive:         629576 kB
Active(anon):    1239496 kB
Inactive(anon):    11384 kB
Active(file):     431796 kB
Inactive(file):   618192 kB
Unevictable:          32 kB
Mlocked:              32 kB
SwapTotal:             0 kB
SwapFree:              0 kB
Dirty:               512 kB
Writeback:             0 kB
AnonPages:       1238832 kB
Mapped:           185260 kB
Shmem:             12152 kB
Slab:              79272 kB
SReclaimable:      53784 kB
SUnreclaim:        25488 kB
KernelStack:        3360 kB
PageTables:        30232 kB
NFS_Unstable:          0 kB
Bounce:                0 kB
WritebackTmp:          0 kB
CommitLimit:     2027896 kB
Committed_AS:    3395904 kB
VmallocTotal:   34359738367 kB
VmallocUsed:      102100 kB
VmallocChunk:   34359626748 kB
HardwareCorrupted:     0 kB
AnonHugePages:         0 kB
HugePages_Total:       0
HugePages_Free:        0
HugePages_Rsvd:        0
HugePages_Surp:        0
Hugepagesize:       2048 kB
DirectMap4k:      105408 kB
DirectMap2M:     4087808 kB


CPU:total 2 (2 cores per cpu, 1 threads per core) family 6 model 15 stepping 13, cmov, cx8, fxsr, mmx, sse, sse2, sse3, ssse3

Memory: 4k page, physical 4055792k(1542868k free), swap 0k(0k free)

vm_info: OpenJDK 64-Bit Server VM (21.0-b17) for linux-amd64 JRE (1.7.0_147-b147), built on Sep 30 2011 00:36:33 by "buildd" with gcc 4.6.1

time: Thu Nov 10 19:43:01 2011
elapsed time: 0 seconds

