#
# A fatal error has been detected by the Java Runtime Environment:
#
#  SIGSEGV (0xb) at pc=0x00007fc7c693d1f8, pid=3640, tid=140496357402368
#
# JRE version: 7.0_147-b147
# Java VM: OpenJDK 64-Bit Server VM (21.0-b17 mixed mode linux-amd64 compressed oops)
# Derivative: IcedTea7 2.0pre
# Distribution: Ubuntu oneiric (development branch), package 7~b147-2.0~pre6-1ubuntu1
# Problematic frame:
# C  [liblcms2.so.2+0x121f8]  cmsSaveProfileToIOhandler+0x38
#
# Failed to write core dump. Core dumps have been disabled. To enable core dumping, try "ulimit -c unlimited" before starting Java again
#
# If you would like to submit a bug report, please include
# instructions on how to reproduce the bug and visit:
#   https://bugs.launchpad.net/ubuntu/+source/openjdk-7/
# The crash happened outside the Java Virtual Machine in native code.
# See problematic frame for where to report the bug.
#

---------------  T H R E A D  ---------------

Current thread (0x0000000001437800):  JavaThread "main" [_thread_in_native, id=3642, stack(0x00007fc7db69a000,0x00007fc7db79b000)]

siginfo:si_signo=SIGSEGV: si_errno=0, si_code=1 (SEGV_MAPERR), si_addr=0x0000000000000000

Registers:
RAX=0x0000000000000000, RBX=0x0000000000000000, RCX=0x00000000000001d4, RDX=0x00007fc7db798a4c
RSP=0x00007fc7db797b20, RBP=0x0000000000000000, RSI=0x0000000000000000, RDI=0x00007fc7db797b20
R8 =0x0000000000000000, R9 =0x0000000000000000, R10=0x0000000000000000, R11=0x0000000000000000
R12=0x00007fc7db798a4c, R13=0x0000000000000000, R14=0x0000000000000000, R15=0x0000000001437800
RIP=0x00007fc7c693d1f8, EFLAGS=0x0000000000010246, CSGSFS=0x0000000000000033, ERR=0x0000000000000004
  TRAPNO=0x000000000000000e

Top of Stack: (sp=0x00007fc7db797b20)
0x00007fc7db797b20:   00007fc7cc3f20b0 00007fc7c693bcef
0x00007fc7db797b30:   0000000000000c48 00007fc7cc000020
0x00007fc7db797b40:   000000000000000e 000000000000080c
0x00007fc7db797b50:   00007fc700000000 00007fc7cc000020
0x00007fc7db797b60:   000000000000000e 00007fc7c6942754
0x00007fc7db797b70:   00007fc7db797ffc b717be973cb5e600
0x00007fc7db797b80:   00007fc7cc3f20b0 00007fc7cc3f083c
0x00007fc7db797b90:   000000000000000e 00007fc7c693bebf
0x00007fc7db797ba0:   4247527320434549 0000000000000000
0x00007fc7db797bb0:   00007fc7cc3f2350 2dd3000000000100
0x00007fc7db797bc0:   0000080c000004c4 00007fc7cc000020
0x00007fc7db797bd0:   00007fc700000000 00007fc7cc3f2200
0x00007fc7db797be0:   0000000000000c48 00007fc7cc3f06b8
0x00007fc7db797bf0:   0000000000000011 00007fc7db075d7c
0x00007fc7db797c00:   00007fc7cc3f2200 00007fc7c693be2c
0x00007fc7db797c10:   00007fc7cc3f0460 00007fc7c693d3ae
0x00007fc7db797c20:   00007fc7cc3f1310 0000000000000000
0x00007fc7db797c30:   0000003100000000 0000000900000006
0x00007fc7db797c40:   0000006200000001 ffffffffffffffff
0x00007fc7db797c50:   0000000000000000 0000000000000000
0x00007fc7db797c60:   00007fc7db155689 6d6e747202100000
0x00007fc7db797c70:   58595a2052474220 00000000000000b0
0x00007fc7db797c80:   7352474249454320 0000000000000000
0x00007fc7db797c90:   0000000000000000 0000000000000000
0x00007fc7db797ca0:   6370727400000011 00007fc7cc000020
0x00007fc7db797cb0:   00007fc7cc3d8c80 000000000000007c
0x00007fc7db797cc0:   00007fc7db7981e0 00007fc7db7984a0
0x00007fc7db797cd0:   00007fc7db5bf85b 00007fc7db07577d
0x00007fc7db797ce0:   6254524300000000 000000000000003f
0x00007fc7db797cf0:   00007fc7cc3d8c80 0000000000000000
0x00007fc7db797d00:   00007fc7cc3ef71d 00007fc7db5b37e1
0x00007fc7db797d10:   0000000000000000 0000000000000000 

Instructions: (pc=0x00007fc7c693d1f8)
0x00007fc7c693d1d8:   48 89 de 48 81 ec b8 0e 00 00 64 48 8b 04 25 28
0x00007fc7c693d1e8:   00 00 00 48 89 84 24 a8 0e 00 00 31 c0 48 89 e7
0x00007fc7c693d1f8:   f3 48 a5 48 89 df e8 1d f6 ff ff 48 89 c7 e8 65
0x00007fc7c693d208:   f0 ff ff 48 85 c0 49 89 c4 48 89 03 74 0e 31 f6 

Register to memory mapping:

RAX=0x0000000000000000 is an unknown value
RBX=0x0000000000000000 is an unknown value
RCX=0x00000000000001d4 is an unknown value
RDX=0x00007fc7db798a4c is pointing into the stack for thread: 0x0000000001437800
RSP=0x00007fc7db797b20 is pointing into the stack for thread: 0x0000000001437800
RBP=0x0000000000000000 is an unknown value
RSI=0x0000000000000000 is an unknown value
RDI=0x00007fc7db797b20 is pointing into the stack for thread: 0x0000000001437800
R8 =0x0000000000000000 is an unknown value
R9 =0x0000000000000000 is an unknown value
R10=0x0000000000000000 is an unknown value
R11=0x0000000000000000 is an unknown value
R12=0x00007fc7db798a4c is pointing into the stack for thread: 0x0000000001437800
R13=0x0000000000000000 is an unknown value
R14=0x0000000000000000 is an unknown value
R15=0x0000000001437800 is a thread


Stack: [0x00007fc7db69a000,0x00007fc7db79b000],  sp=0x00007fc7db797b20,  free space=1014k
Native frames: (J=compiled Java code, j=interpreted, Vv=VM code, C=native code)
C  [liblcms2.so.2+0x121f8]  cmsSaveProfileToIOhandler+0x38

[error occurred during error reporting (printing native stack), id 0xb]

Java frames: (J=compiled Java code, j=interpreted, Vv=VM code)
j  sun.java2d.cmm.lcms.LCMS.getTagData(JI[B)V+0
j  java.awt.color.ICC_Profile.getData(JI)[B+26
j  java.awt.color.ICC_Profile.getData(I)[B+14
j  java.awt.color.ICC_Profile.getNumComponents()I+18
j  sun.java2d.cmm.lcms.LCMSTransform.<init>(Ljava/awt/color/ICC_Profile;II)V+83
j  sun.java2d.cmm.lcms.LCMS.createTransform(Ljava/awt/color/ICC_Profile;II)Lsun/java2d/cmm/ColorTransform;+7
j  java.awt.color.ICC_ColorSpace.fromRGB([F)[F+37
j  com.sun.imageio.plugins.jpeg.JPEGImageReader.setImageData(IIIII[B)V+158
v  ~StubRoutines::call_stub
j  com.sun.imageio.plugins.jpeg.JPEGImageReader.readImageHeader(JZZ)Z+0
j  com.sun.imageio.plugins.jpeg.JPEGImageReader.readNativeHeader(Z)Z+12
j  com.sun.imageio.plugins.jpeg.JPEGImageReader.checkTablesOnly()V+92
j  com.sun.imageio.plugins.jpeg.JPEGImageReader.gotoImage(I)V+41
j  com.sun.imageio.plugins.jpeg.JPEGImageReader.readHeader(IZ)V+2
j  com.sun.imageio.plugins.jpeg.JPEGImageReader.readInternal(ILjavax/imageio/ImageReadParam;Z)Ljava/awt/image/Raster;+3
j  com.sun.imageio.plugins.jpeg.JPEGImageReader.read(ILjavax/imageio/ImageReadParam;)Ljava/awt/image/BufferedImage;+8
j  javax.imageio.ImageIO.read(Ljavax/imageio/stream/ImageInputStream;)Ljava/awt/image/BufferedImage;+55
j  javax.imageio.ImageIO.read(Ljava/io/InputStream;)Ljava/awt/image/BufferedImage;+20
j  content.ImageBank.<init>()V+118
j  main.Main.main([Ljava/lang/String;)V+4
v  ~StubRoutines::call_stub

---------------  P R O C E S S  ---------------

Java Threads: ( => current thread )
  0x00007fc7cc390000 JavaThread "Thread-0" [_thread_blocked, id=3663, stack(0x00007fc7c71aa000,0x00007fc7c72ab000)]
  0x00007fc7cc38e000 JavaThread "AWT-EventQueue-0" [_thread_in_vm, id=3662, stack(0x00007fc7c72ab000,0x00007fc7c73ac000)]
  0x00007fc7cc23e000 JavaThread "AWT-Shutdown" [_thread_blocked, id=3661, stack(0x00007fc7c7a11000,0x00007fc7c7b12000)]
  0x00007fc7cc1ab800 JavaThread "process reaper" daemon [_thread_blocked, id=3658, stack(0x00007fc7d009e000,0x00007fc7d00b8000)]
  0x00007fc7cc186000 JavaThread "AWT-XAWT" daemon [_thread_in_native, id=3656, stack(0x00007fc7c7b12000,0x00007fc7c7c13000)]
  0x00007fc7cc140000 JavaThread "Java2D Disposer" daemon [_thread_blocked, id=3655, stack(0x00007fc7c7c13000,0x00007fc7c7d14000)]
  0x00007fc7cc001800 JavaThread "Service Thread" daemon [_thread_blocked, id=3653, stack(0x00007fc7d3c30000,0x00007fc7d3d31000)]
  0x0000000001537800 JavaThread "C2 CompilerThread1" daemon [_thread_blocked, id=3652, stack(0x00007fc7d3d31000,0x00007fc7d3e32000)]
  0x0000000001535000 JavaThread "C2 CompilerThread0" daemon [_thread_blocked, id=3651, stack(0x00007fc7d3e32000,0x00007fc7d3f33000)]
  0x0000000001532800 JavaThread "Signal Dispatcher" daemon [_thread_blocked, id=3650, stack(0x00007fc7d3f33000,0x00007fc7d4034000)]
  0x00000000014d5000 JavaThread "Finalizer" daemon [_thread_blocked, id=3649, stack(0x00007fc7d4721000,0x00007fc7d4822000)]
  0x00000000014d2800 JavaThread "Reference Handler" daemon [_thread_blocked, id=3648, stack(0x00007fc7d4822000,0x00007fc7d4923000)]
=>0x0000000001437800 JavaThread "main" [_thread_in_native, id=3642, stack(0x00007fc7db69a000,0x00007fc7db79b000)]

Other Threads:
  0x00000000014ca800 VMThread [stack: 0x00007fc7d4923000,0x00007fc7d4a24000] [id=3647]
  0x00007fc7cc00c800 WatcherThread [stack: 0x00007fc7d3b2f000,0x00007fc7d3c30000] [id=3654]

VM state:not at safepoint (normal execution)

VM Mutex/Monitor currently owned by a thread: None

Heap
 PSYoungGen      total 18496K, used 6847K [0x00000000eb560000, 0x00000000eca00000, 0x0000000100000000)
  eden space 15872K, 43% used [0x00000000eb560000,0x00000000ebc0fd50,0x00000000ec4e0000)
  from space 2624K, 0% used [0x00000000ec770000,0x00000000ec770000,0x00000000eca00000)
  to   space 2624K, 0% used [0x00000000ec4e0000,0x00000000ec4e0000,0x00000000ec770000)
 PSOldGen        total 42304K, used 0K [0x00000000c2000000, 0x00000000c4950000, 0x00000000eb560000)
  object space 42304K, 0% used [0x00000000c2000000,0x00000000c2000000,0x00000000c4950000)
 PSPermGen       total 21248K, used 11184K [0x00000000b7a00000, 0x00000000b8ec0000, 0x00000000c2000000)
  object space 21248K, 52% used [0x00000000b7a00000,0x00000000b84ec008,0x00000000b8ec0000)

Code Cache  [0x00007fc7d554d000, 0x00007fc7d57bd000, 0x00007fc7d854d000)
 total_blobs=445 nmethods=13 adapters=385 free_code_cache=48613Kb largest_free_block=49768640

Dynamic libraries:
00400000-00401000 r-xp 00000000 08:01 400896                             /usr/lib/jvm/java-7-openjdk-amd64/jre/bin/java
00600000-00601000 r--p 00000000 08:01 400896                             /usr/lib/jvm/java-7-openjdk-amd64/jre/bin/java
00601000-00602000 rw-p 00001000 08:01 400896                             /usr/lib/jvm/java-7-openjdk-amd64/jre/bin/java
0142d000-01671000 rw-p 00000000 00:00 0                                  [heap]
b7a00000-b8ec0000 rw-p 00000000 00:00 0 
b8ec0000-c2000000 rw-p 00000000 00:00 0 
c2000000-c4950000 rw-p 00000000 00:00 0 
c4950000-eb560000 rw-p 00000000 00:00 0 
eb560000-eca00000 rw-p 00000000 00:00 0 
eca00000-100000000 rw-p 00000000 00:00 0 
7fc7c692b000-7fc7c6971000 r-xp 00000000 08:01 406696                     /usr/lib/x86_64-linux-gnu/liblcms2.so.2.0.2
7fc7c6971000-7fc7c6b70000 ---p 00046000 08:01 406696                     /usr/lib/x86_64-linux-gnu/liblcms2.so.2.0.2
7fc7c6b70000-7fc7c6b71000 r--p 00045000 08:01 406696                     /usr/lib/x86_64-linux-gnu/liblcms2.so.2.0.2
7fc7c6b71000-7fc7c6b75000 rw-p 00046000 08:01 406696                     /usr/lib/x86_64-linux-gnu/liblcms2.so.2.0.2
7fc7c6b75000-7fc7c6b76000 rw-p 00000000 00:00 0 
7fc7c6b76000-7fc7c6b7a000 r-xp 00000000 08:01 398964                     /usr/lib/jvm/java-7-openjdk-amd64/jre/lib/amd64/libjavalcms.so
7fc7c6b7a000-7fc7c6d79000 ---p 00004000 08:01 398964                     /usr/lib/jvm/java-7-openjdk-amd64/jre/lib/amd64/libjavalcms.so
7fc7c6d79000-7fc7c6d7a000 r--p 00003000 08:01 398964                     /usr/lib/jvm/java-7-openjdk-amd64/jre/lib/amd64/libjavalcms.so
7fc7c6d7a000-7fc7c6d7b000 rw-p 00004000 08:01 398964                     /usr/lib/jvm/java-7-openjdk-amd64/jre/lib/amd64/libjavalcms.so
7fc7c6d7b000-7fc7c6d9f000 r-xp 00000000 08:01 406680                     /usr/lib/x86_64-linux-gnu/libjpeg.so.62.0.0
7fc7c6d9f000-7fc7c6f9e000 ---p 00024000 08:01 406680                     /usr/lib/x86_64-linux-gnu/libjpeg.so.62.0.0
7fc7c6f9e000-7fc7c6f9f000 r--p 00023000 08:01 406680                     /usr/lib/x86_64-linux-gnu/libjpeg.so.62.0.0
7fc7c6f9f000-7fc7c6fa0000 rw-p 00024000 08:01 406680                     /usr/lib/x86_64-linux-gnu/libjpeg.so.62.0.0
7fc7c6fa0000-7fc7c6fa9000 r-xp 00000000 08:01 398665                     /usr/lib/jvm/java-7-openjdk-amd64/jre/lib/amd64/libjavajpeg.so
7fc7c6fa9000-7fc7c71a8000 ---p 00009000 08:01 398665                     /usr/lib/jvm/java-7-openjdk-amd64/jre/lib/amd64/libjavajpeg.so
7fc7c71a8000-7fc7c71a9000 r--p 00008000 08:01 398665                     /usr/lib/jvm/java-7-openjdk-amd64/jre/lib/amd64/libjavajpeg.so
7fc7c71a9000-7fc7c71aa000 rw-p 00009000 08:01 398665                     /usr/lib/jvm/java-7-openjdk-amd64/jre/lib/amd64/libjavajpeg.so
7fc7c71aa000-7fc7c71ad000 ---p 00000000 00:00 0 
7fc7c71ad000-7fc7c72ab000 rw-p 00000000 00:00 0 
7fc7c72ab000-7fc7c72ae000 ---p 00000000 00:00 0 
7fc7c72ae000-7fc7c73ac000 rw-p 00000000 00:00 0 
7fc7c73ac000-7fc7c73bc000 r-xp 00000000 08:01 399340                     /usr/lib/jvm/java-7-openjdk-amd64/jre/lib/amd64/libnio.so
7fc7c73bc000-7fc7c75bb000 ---p 00010000 08:01 399340                     /usr/lib/jvm/java-7-openjdk-amd64/jre/lib/amd64/libnio.so
7fc7c75bb000-7fc7c75bc000 r--p 0000f000 08:01 399340                     /usr/lib/jvm/java-7-openjdk-amd64/jre/lib/amd64/libnio.so
7fc7c75bc000-7fc7c75bd000 rw-p 00010000 08:01 399340                     /usr/lib/jvm/java-7-openjdk-amd64/jre/lib/amd64/libnio.so
7fc7c75bd000-7fc7c75d3000 r-xp 00000000 08:01 399248                     /usr/lib/jvm/java-7-openjdk-amd64/jre/lib/amd64/libnet.so
7fc7c75d3000-7fc7c77d2000 ---p 00016000 08:01 399248                     /usr/lib/jvm/java-7-openjdk-amd64/jre/lib/amd64/libnet.so
7fc7c77d2000-7fc7c77d3000 r--p 00015000 08:01 399248                     /usr/lib/jvm/java-7-openjdk-amd64/jre/lib/amd64/libnet.so
7fc7c77d3000-7fc7c77d4000 rw-p 00016000 08:01 399248                     /usr/lib/jvm/java-7-openjdk-amd64/jre/lib/amd64/libnet.so
7fc7c77d4000-7fc7c780e000 r-xp 00000000 08:01 398142                     /usr/lib/jvm/java-7-openjdk-amd64/jre/lib/amd64/libfontmanager.so
7fc7c780e000-7fc7c7a0e000 ---p 0003a000 08:01 398142                     /usr/lib/jvm/java-7-openjdk-amd64/jre/lib/amd64/libfontmanager.so
7fc7c7a0e000-7fc7c7a10000 r--p 0003a000 08:01 398142                     /usr/lib/jvm/java-7-openjdk-amd64/jre/lib/amd64/libfontmanager.so
7fc7c7a10000-7fc7c7a11000 rw-p 0003c000 08:01 398142                     /usr/lib/jvm/java-7-openjdk-amd64/jre/lib/amd64/libfontmanager.so
7fc7c7a11000-7fc7c7a14000 ---p 00000000 00:00 0 
7fc7c7a14000-7fc7c7b12000 rw-p 00000000 00:00 0 
7fc7c7b12000-7fc7c7b15000 ---p 00000000 00:00 0 
7fc7c7b15000-7fc7c7c13000 rw-p 00000000 00:00 0 
7fc7c7c13000-7fc7c7c16000 ---p 00000000 00:00 0 
7fc7c7c16000-7fc7c7d14000 rw-p 00000000 00:00 0 
7fc7c7d14000-7fc7c7d17000 r-xp 00000000 08:01 139849                     /lib/x86_64-linux-gnu/libgpg-error.so.0.8.0
7fc7c7d17000-7fc7c7f16000 ---p 00003000 08:01 139849                     /lib/x86_64-linux-gnu/libgpg-error.so.0.8.0
7fc7c7f16000-7fc7c7f17000 r--p 00002000 08:01 139849                     /lib/x86_64-linux-gnu/libgpg-error.so.0.8.0
7fc7c7f17000-7fc7c7f18000 rw-p 00003000 08:01 139849                     /lib/x86_64-linux-gnu/libgpg-error.so.0.8.0
7fc7c7f18000-7fc7c7f1a000 r-xp 00000000 08:01 139851                     /lib/x86_64-linux-gnu/libkeyutils.so.1.3
7fc7c7f1a000-7fc7c8119000 ---p 00002000 08:01 139851                     /lib/x86_64-linux-gnu/libkeyutils.so.1.3
7fc7c8119000-7fc7c811a000 r--p 00001000 08:01 139851                     /lib/x86_64-linux-gnu/libkeyutils.so.1.3
7fc7c811a000-7fc7c811b000 rw-p 00002000 08:01 139851                     /lib/x86_64-linux-gnu/libkeyutils.so.1.3
7fc7c811b000-7fc7c815d000 r-xp 00000000 08:01 135649                     /lib/x86_64-linux-gnu/libdbus-1.so.3.5.7
7fc7c815d000-7fc7c835c000 ---p 00042000 08:01 135649                     /lib/x86_64-linux-gnu/libdbus-1.so.3.5.7
7fc7c835c000-7fc7c835d000 r--p 00041000 08:01 135649                     /lib/x86_64-linux-gnu/libdbus-1.so.3.5.7
7fc7c835d000-7fc7c835e000 rw-p 00042000 08:01 135649                     /lib/x86_64-linux-gnu/libdbus-1.so.3.5.7
7fc7c835e000-7fc7c83d8000 r-xp 00000000 08:01 139845                     /lib/x86_64-linux-gnu/libgcrypt.so.11.7.0
7fc7c83d8000-7fc7c85d8000 ---p 0007a000 08:01 139845                     /lib/x86_64-linux-gnu/libgcrypt.so.11.7.0
7fc7c85d8000-7fc7c85d9000 r--p 0007a000 08:01 139845                     /lib/x86_64-linux-gnu/libgcrypt.so.11.7.0
7fc7c85d9000-7fc7c85dc000 rw-p 0007b000 08:01 139845                     /lib/x86_64-linux-gnu/libgcrypt.so.11.7.0
7fc7c85dc000-7fc7c85ec000 r-xp 00000000 08:01 406788                     /usr/lib/x86_64-linux-gnu/libtasn1.so.3.1.11
7fc7c85ec000-7fc7c87eb000 ---p 00010000 08:01 406788                     /usr/lib/x86_64-linux-gnu/libtasn1.so.3.1.11
7fc7c87eb000-7fc7c87ec000 r--p 0000f000 08:01 406788                     /usr/lib/x86_64-linux-gnu/libtasn1.so.3.1.11
7fc7c87ec000-7fc7c87ed000 rw-p 00010000 08:01 406788                     /usr/lib/x86_64-linux-gnu/libtasn1.so.3.1.11
7fc7c87ed000-7fc7c87f4000 r-xp 00000000 08:01 397002                     /usr/lib/x86_64-linux-gnu/libkrb5support.so.0.1
7fc7c87f4000-7fc7c89f3000 ---p 00007000 08:01 397002                     /usr/lib/x86_64-linux-gnu/libkrb5support.so.0.1
7fc7c89f3000-7fc7c89f4000 r--p 00006000 08:01 397002                     /usr/lib/x86_64-linux-gnu/libkrb5support.so.0.1
7fc7c89f4000-7fc7c89f5000 rw-p 00007000 08:01 397002                     /usr/lib/x86_64-linux-gnu/libkrb5support.so.0.1
7fc7c89f5000-7fc7c89f8000 r-xp 00000000 08:01 139827                     /lib/x86_64-linux-gnu/libcom_err.so.2.1
7fc7c89f8000-7fc7c8bf7000 ---p 00003000 08:01 139827                     /lib/x86_64-linux-gnu/libcom_err.so.2.1
7fc7c8bf7000-7fc7c8bf8000 r--p 00002000 08:01 139827                     /lib/x86_64-linux-gnu/libcom_err.so.2.1
7fc7c8bf8000-7fc7c8bf9000 rw-p 00003000 08:01 139827                     /lib/x86_64-linux-gnu/libcom_err.so.2.1
7fc7c8bf9000-7fc7c8c1f000 r-xp 00000000 08:01 394051                     /usr/lib/x86_64-linux-gnu/libk5crypto.so.3.1
7fc7c8c1f000-7fc7c8e1e000 ---p 00026000 08:01 394051                     /usr/lib/x86_64-linux-gnu/libk5crypto.so.3.1
7fc7c8e1e000-7fc7c8e20000 r--p 00025000 08:01 394051                     /usr/lib/x86_64-linux-gnu/libk5crypto.so.3.1
7fc7c8e20000-7fc7c8e21000 rw-p 00027000 08:01 394051                     /usr/lib/x86_64-linux-gnu/libk5crypto.so.3.1
7fc7c8e21000-7fc7c8ee0000 r-xp 00000000 08:01 397018                     /usr/lib/x86_64-linux-gnu/libkrb5.so.3.3
7fc7c8ee0000-7fc7c90e0000 ---p 000bf000 08:01 397018                     /usr/lib/x86_64-linux-gnu/libkrb5.so.3.3
7fc7c90e0000-7fc7c90e9000 r--p 000bf000 08:01 397018                     /usr/lib/x86_64-linux-gnu/libkrb5.so.3.3
7fc7c90e9000-7fc7c90ea000 rw-p 000c8000 08:01 397018                     /usr/lib/x86_64-linux-gnu/libkrb5.so.3.3
7fc7c90ea000-7fc7c90f1000 r-xp 00000000 08:01 406811                     /usr/lib/x86_64-linux-gnu/libxcb-render.so.0.0.0
7fc7c90f1000-7fc7c92f1000 ---p 00007000 08:01 406811                     /usr/lib/x86_64-linux-gnu/libxcb-render.so.0.0.0
7fc7c92f1000-7fc7c92f2000 r--p 00007000 08:01 406811                     /usr/lib/x86_64-linux-gnu/libxcb-render.so.0.0.0
7fc7c92f2000-7fc7c92f3000 rw-p 00008000 08:01 406811                     /usr/lib/x86_64-linux-gnu/libxcb-render.so.0.0.0
7fc7c92f3000-7fc7c92f5000 r-xp 00000000 08:01 406815                     /usr/lib/x86_64-linux-gnu/libxcb-shm.so.0.0.0
7fc7c92f5000-7fc7c94f4000 ---p 00002000 08:01 406815                     /usr/lib/x86_64-linux-gnu/libxcb-shm.so.0.0.0
7fc7c94f4000-7fc7c94f5000 r--p 00001000 08:01 406815                     /usr/lib/x86_64-linux-gnu/libxcb-shm.so.0.0.0
7fc7c94f5000-7fc7c94f6000 rw-p 00002000 08:01 406815                     /usr/lib/x86_64-linux-gnu/libxcb-shm.so.0.0.0
7fc7c94f6000-7fc7c951c000 r-xp 00000000 08:01 139881                     /lib/x86_64-linux-gnu/libpng12.so.0.46.0
7fc7c951c000-7fc7c971b000 ---p 00026000 08:01 139881                     /lib/x86_64-linux-gnu/libpng12.so.0.46.0
7fc7c971b000-7fc7c971c000 r--p 00025000 08:01 139881                     /lib/x86_64-linux-gnu/libpng12.so.0.46.0
7fc7c971c000-7fc7c971d000 rw-p 00026000 08:01 139881                     /lib/x86_64-linux-gnu/libpng12.so.0.46.0
7fc7c971d000-7fc7c978b000 r-xp 00000000 08:01 406743                     /usr/lib/x86_64-linux-gnu/libpixman-1.so.0.22.2
7fc7c978b000-7fc7c998b000 ---p 0006e000 08:01 406743                     /usr/lib/x86_64-linux-gnu/libpixman-1.so.0.22.2
7fc7c998b000-7fc7c9990000 r--p 0006e000 08:01 406743                     /usr/lib/x86_64-linux-gnu/libpixman-1.so.0.22.2
7fc7c9990000-7fc7c9991000 rw-p 00073000 08:01 406743                     /usr/lib/x86_64-linux-gnu/libpixman-1.so.0.22.2
7fc7c9991000-7fc7c9996000 r-xp 00000000 08:01 406539                     /usr/lib/x86_64-linux-gnu/libXdmcp.so.6.0.0
7fc7c9996000-7fc7c9b95000 ---p 00005000 08:01 406539                     /usr/lib/x86_64-linux-gnu/libXdmcp.so.6.0.0
7fc7c9b95000-7fc7c9b96000 r--p 00004000 08:01 406539                     /usr/lib/x86_64-linux-gnu/libXdmcp.so.6.0.0
7fc7c9b96000-7fc7c9b97000 rw-p 00005000 08:01 406539                     /usr/lib/x86_64-linux-gnu/libXdmcp.so.6.0.0
7fc7c9b97000-7fc7c9b99000 r-xp 00000000 08:01 406531                     /usr/lib/x86_64-linux-gnu/libXau.so.6.0.0
7fc7c9b99000-7fc7c9d98000 ---p 00002000 08:01 406531                     /usr/lib/x86_64-linux-gnu/libXau.so.6.0.0
7fc7c9d98000-7fc7c9d99000 r--p 00001000 08:01 406531                     /usr/lib/x86_64-linux-gnu/libXau.so.6.0.0
7fc7c9d99000-7fc7c9d9a000 rw-p 00002000 08:01 406531                     /usr/lib/x86_64-linux-gnu/libXau.so.6.0.0
7fc7c9d9a000-7fc7c9dab000 r-xp 00000000 08:01 406571                     /usr/lib/x86_64-linux-gnu/libavahi-client.so.3.2.9
7fc7c9dab000-7fc7c9fab000 ---p 00011000 08:01 406571                     /usr/lib/x86_64-linux-gnu/libavahi-client.so.3.2.9
7fc7c9fab000-7fc7c9fac000 r--p 00011000 08:01 406571                     /usr/lib/x86_64-linux-gnu/libavahi-client.so.3.2.9
7fc7c9fac000-7fc7c9fad000 rw-p 00012000 08:01 406571                     /usr/lib/x86_64-linux-gnu/libavahi-client.so.3.2.9
7fc7c9fad000-7fc7c9fba000 r-xp 00000000 08:01 406573                     /usr/lib/x86_64-linux-gnu/libavahi-common.so.3.5.3
7fc7c9fba000-7fc7ca1b9000 ---p 0000d000 08:01 406573                     /usr/lib/x86_64-linux-gnu/libavahi-common.so.3.5.3
7fc7ca1b9000-7fc7ca1ba000 r--p 0000c000 08:01 406573                     /usr/lib/x86_64-linux-gnu/libavahi-common.so.3.5.3
7fc7ca1ba000-7fc7ca1bb000 rw-p 0000d000 08:01 406573                     /usr/lib/x86_64-linux-gnu/libavahi-common.so.3.5.3
7fc7ca1bb000-7fc7ca25c000 r-xp 00000000 08:01 406657                     /usr/lib/x86_64-linux-gnu/libgnutls.so.26.16.14
7fc7ca25c000-7fc7ca45b000 ---p 000a1000 08:01 406657                     /usr/lib/x86_64-linux-gnu/libgnutls.so.26.16.14
7fc7ca45b000-7fc7ca462000 r--p 000a0000 08:01 406657                     /usr/lib/x86_64-linux-gnu/libgnutls.so.26.16.14
7fc7ca462000-7fc7ca463000 rw-p 000a7000 08:01 406657                     /usr/lib/x86_64-linux-gnu/libgnutls.so.26.16.14
7fc7ca463000-7fc7ca49e000 r-xp 00000000 08:01 406685                     /usr/lib/x86_64-linux-gnu/libgssapi_krb5.so.2.2
7fc7ca49e000-7fc7ca69e000 ---p 0003b000 08:01 406685                     /usr/lib/x86_64-linux-gnu/libgssapi_krb5.so.2.2
7fc7ca69e000-7fc7ca69f000 r--p 0003b000 08:01 406685                     /usr/lib/x86_64-linux-gnu/libgssapi_krb5.so.2.2
7fc7ca69f000-7fc7ca6a1000 rw-p 0003c000 08:01 406685                     /usr/lib/x86_64-linux-gnu/libgssapi_krb5.so.2.2
7fc7ca6a1000-7fc7ca6dc000 r-xp 00000000 08:01 139879                     /lib/x86_64-linux-gnu/libpcre.so.3.12.1
7fc7ca6dc000-7fc7ca8db000 ---p 0003b000 08:01 139879                     /lib/x86_64-linux-gnu/libpcre.so.3.12.1
7fc7ca8db000-7fc7ca8dc000 r--p 0003a000 08:01 139879                     /lib/x86_64-linux-gnu/libpcre.so.3.12.1
7fc7ca8dc000-7fc7ca8dd000 rw-p 0003b000 08:01 139879                     /lib/x86_64-linux-gnu/libpcre.so.3.12.1
7fc7ca8dd000-7fc7ca8e4000 r-xp 00000000 08:01 396800                     /usr/lib/x86_64-linux-gnu/libffi.so.6.0.0
7fc7ca8e4000-7fc7caae3000 ---p 00007000 08:01 396800                     /usr/lib/x86_64-linux-gnu/libffi.so.6.0.0
7fc7caae3000-7fc7caae4000 r--p 00006000 08:01 396800                     /usr/lib/x86_64-linux-gnu/libffi.so.6.0.0
7fc7caae4000-7fc7caae5000 rw-p 00007000 08:01 396800                     /usr/lib/x86_64-linux-gnu/libffi.so.6.0.0
7fc7caae5000-7fc7cab0c000 r-xp 00000000 08:01 139838                     /lib/x86_64-linux-gnu/libexpat.so.1.5.2
7fc7cab0c000-7fc7cad0c000 ---p 00027000 08:01 139838                     /lib/x86_64-linux-gnu/libexpat.so.1.5.2
7fc7cad0c000-7fc7cad0e000 r--p 00027000 08:01 139838                     /lib/x86_64-linux-gnu/libexpat.so.1.5.2
7fc7cad0e000-7fc7cad0f000 rw-p 00029000 08:01 139838                     /lib/x86_64-linux-gnu/libexpat.so.1.5.2
7fc7cad0f000-7fc7cada1000 r-xp 00000000 08:01 406632                     /usr/lib/x86_64-linux-gnu/libfreetype.so.6.6.2
7fc7cada1000-7fc7cafa0000 ---p 00092000 08:01 406632                     /usr/lib/x86_64-linux-gnu/libfreetype.so.6.6.2
7fc7cafa0000-7fc7cafa6000 r--p 00091000 08:01 406632                     /usr/lib/x86_64-linux-gnu/libfreetype.so.6.6.2
7fc7cafa6000-7fc7cafa7000 rw-p 00097000 08:01 406632                     /usr/lib/x86_64-linux-gnu/libfreetype.so.6.6.2
7fc7cafa7000-7fc7cafbe000 r-xp 00000000 08:01 134597                     /lib/x86_64-linux-gnu/libresolv-2.13.so
7fc7cafbe000-7fc7cb1be000 ---p 00017000 08:01 134597                     /lib/x86_64-linux-gnu/libresolv-2.13.so
7fc7cb1be000-7fc7cb1bf000 r--p 00017000 08:01 134597                     /lib/x86_64-linux-gnu/libresolv-2.13.so
7fc7cb1bf000-7fc7cb1c0000 rw-p 00018000 08:01 134597                     /lib/x86_64-linux-gnu/libresolv-2.13.so
7fc7cb1c0000-7fc7cb1c2000 rw-p 00000000 00:00 0 
7fc7cb1c2000-7fc7cb1de000 r-xp 00000000 08:01 139888                     /lib/x86_64-linux-gnu/libselinux.so.1
7fc7cb1de000-7fc7cb3dd000 ---p 0001c000 08:01 139888                     /lib/x86_64-linux-gnu/libselinux.so.1
7fc7cb3dd000-7fc7cb3de000 r--p 0001b000 08:01 139888                     /lib/x86_64-linux-gnu/libselinux.so.1
7fc7cb3de000-7fc7cb3df000 rw-p 0001c000 08:01 139888                     /lib/x86_64-linux-gnu/libselinux.so.1
7fc7cb3df000-7fc7cb3e0000 rw-p 00000000 00:00 0 
7fc7cb3e0000-7fc7cb3e2000 r-xp 00000000 08:01 406537                     /usr/lib/x86_64-linux-gnu/libXdamage.so.1.1.0
7fc7cb3e2000-7fc7cb5e1000 ---p 00002000 08:01 406537                     /usr/lib/x86_64-linux-gnu/libXdamage.so.1.1.0
7fc7cb5e1000-7fc7cb5e2000 r--p 00001000 08:01 406537                     /usr/lib/x86_64-linux-gnu/libXdamage.so.1.1.0
7fc7cb5e2000-7fc7cb5e3000 rw-p 00002000 08:01 406537                     /usr/lib/x86_64-linux-gnu/libXdamage.so.1.1.0
7fc7cb5e3000-7fc7cb5e5000 r-xp 00000000 08:01 406533                     /usr/lib/x86_64-linux-gnu/libXcomposite.so.1.0.0
7fc7cb5e5000-7fc7cb7e4000 ---p 00002000 08:01 406533                     /usr/lib/x86_64-linux-gnu/libXcomposite.so.1.0.0
7fc7cb7e4000-7fc7cb7e5000 r--p 00001000 08:01 406533                     /usr/lib/x86_64-linux-gnu/libXcomposite.so.1.0.0
7fc7cb7e5000-7fc7cb7e6000 rw-p 00002000 08:01 406533                     /usr/lib/x86_64-linux-gnu/libXcomposite.so.1.0.0
7fc7cb7e6000-7fc7cb7ef000 r-xp 00000000 08:01 406535                     /usr/lib/x86_64-linux-gnu/libXcursor.so.1.0.2
7fc7cb7ef000-7fc7cb9ee000 ---p 00009000 08:01 406535                     /usr/lib/x86_64-linux-gnu/libXcursor.so.1.0.2
7fc7cb9ee000-7fc7cb9ef000 r--p 00008000 08:01 406535                     /usr/lib/x86_64-linux-gnu/libXcursor.so.1.0.2
7fc7cb9ef000-7fc7cb9f0000 rw-p 00009000 08:01 406535                     /usr/lib/x86_64-linux-gnu/libXcursor.so.1.0.2
7fc7cb9f0000-7fc7cb9f8000 r-xp 00000000 08:01 406551                     /usr/lib/x86_64-linux-gnu/libXrandr.so.2.2.0
7fc7cb9f8000-7fc7cbbf7000 ---p 00008000 08:01 406551                     /usr/lib/x86_64-linux-gnu/libXrandr.so.2.2.0
7fc7cbbf7000-7fc7cbbf8000 r--p 00007000 08:01 406551                     /usr/lib/x86_64-linux-gnu/libXrandr.so.2.2.0
7fc7cbbf8000-7fc7cbbf9000 rw-p 00008000 08:01 406551                     /usr/lib/x86_64-linux-gnu/libXrandr.so.2.2.0
7fc7cbbf9000-7fc7cbbfb000 r-xp 00000000 08:01 406549                     /usr/lib/x86_64-linux-gnu/libXinerama.so.1.0.0
7fc7cbbfb000-7fc7cbdfa000 ---p 00002000 08:01 406549                     /usr/lib/x86_64-linux-gnu/libXinerama.so.1.0.0
7fc7cbdfa000-7fc7cbdfb000 r--p 00001000 08:01 406549                     /usr/lib/x86_64-linux-gnu/libXinerama.so.1.0.0
7fc7cbdfb000-7fc7cbdfc000 rw-p 00002000 08:01 406549                     /usr/lib/x86_64-linux-gnu/libXinerama.so.1.0.0
7fc7cbdfc000-7fc7cbdff000 r-xp 00000000 08:01 395217                     /usr/lib/x86_64-linux-gnu/libgmodule-2.0.so.0.3000.0
7fc7cbdff000-7fc7cbffe000 ---p 00003000 08:01 395217                     /usr/lib/x86_64-linux-gnu/libgmodule-2.0.so.0.3000.0
7fc7cbffe000-7fc7cbfff000 r--p 00002000 08:01 395217                     /usr/lib/x86_64-linux-gnu/libgmodule-2.0.so.0.3000.0
7fc7cbfff000-7fc7cc000000 rw-p 00003000 08:01 395217                     /usr/lib/x86_64-linux-gnu/libgmodule-2.0.so.0.3000.0
7fc7cc000000-7fc7cc3f3000 rw-p 00000000 00:00 0 
7fc7cc3f3000-7fc7d0000000 ---p 00000000 00:00 0 
7fc7d006d000-7fc7d009e000 rw-p 00000000 00:00 0 
7fc7d009e000-7fc7d00a1000 ---p 00000000 00:00 0 
7fc7d00a1000-7fc7d00b8000 rw-p 00000000 00:00 0 
7fc7d00b8000-7fc7d00e2000 r-xp 00000000 08:01 397305                     /usr/lib/x86_64-linux-gnu/libpangoft2-1.0.so.0.2903.0
7fc7d00e2000-7fc7d02e1000 ---p 0002a000 08:01 397305                     /usr/lib/x86_64-linux-gnu/libpangoft2-1.0.so.0.2903.0
7fc7d02e1000-7fc7d02e2000 r--p 00029000 08:01 397305                     /usr/lib/x86_64-linux-gnu/libpangoft2-1.0.so.0.2903.0
7fc7d02e2000-7fc7d02e3000 rw-p 0002a000 08:01 397305                     /usr/lib/x86_64-linux-gnu/libpangoft2-1.0.so.0.2903.0
7fc7d02e3000-7fc7d039c000 r-xp 00000000 08:01 406593                     /usr/lib/x86_64-linux-gnu/libcairo.so.2.11000.2
7fc7d039c000-7fc7d059b000 ---p 000b9000 08:01 406593                     /usr/lib/x86_64-linux-gnu/libcairo.so.2.11000.2
7fc7d059b000-7fc7d059d000 r--p 000b8000 08:01 406593                     /usr/lib/x86_64-linux-gnu/libcairo.so.2.11000.2
7fc7d059d000-7fc7d059e000 rw-p 000ba000 08:01 406593                     /usr/lib/x86_64-linux-gnu/libcairo.so.2.11000.2
7fc7d059e000-7fc7d05a1000 rw-p 00000000 00:00 0 
7fc7d05a1000-7fc7d05c0000 r-xp 00000000 08:01 394856                     /usr/lib/x86_64-linux-gnu/libatk-1.0.so.0.20209.1
7fc7d05c0000-7fc7d07c0000 ---p 0001f000 08:01 394856                     /usr/lib/x86_64-linux-gnu/libatk-1.0.so.0.20209.1
7fc7d07c0000-7fc7d07c2000 r--p 0001f000 08:01 394856                     /usr/lib/x86_64-linux-gnu/libatk-1.0.so.0.20209.1
7fc7d07c2000-7fc7d07c3000 rw-p 00021000 08:01 394856                     /usr/lib/x86_64-linux-gnu/libatk-1.0.so.0.20209.1
7fc7d07c3000-7fc7d07c8000 r-xp 00000000 08:01 406543                     /usr/lib/x86_64-linux-gnu/libXfixes.so.3.1.0
7fc7d07c8000-7fc7d09c7000 ---p 00005000 08:01 406543                     /usr/lib/x86_64-linux-gnu/libXfixes.so.3.1.0
7fc7d09c7000-7fc7d09c8000 r--p 00004000 08:01 406543                     /usr/lib/x86_64-linux-gnu/libXfixes.so.3.1.0
7fc7d09c8000-7fc7d09c9000 rw-p 00005000 08:01 406543                     /usr/lib/x86_64-linux-gnu/libXfixes.so.3.1.0
7fc7d09c9000-7fc7d09d4000 r-xp 00000000 08:01 397309                     /usr/lib/x86_64-linux-gnu/libpangocairo-1.0.so.0.2903.0
7fc7d09d4000-7fc7d0bd4000 ---p 0000b000 08:01 397309                     /usr/lib/x86_64-linux-gnu/libpangocairo-1.0.so.0.2903.0
7fc7d0bd4000-7fc7d0bd5000 r--p 0000b000 08:01 397309                     /usr/lib/x86_64-linux-gnu/libpangocairo-1.0.so.0.2903.0
7fc7d0bd5000-7fc7d0bd6000 rw-p 0000c000 08:01 397309                     /usr/lib/x86_64-linux-gnu/libpangocairo-1.0.so.0.2903.0
7fc7d0bd6000-7fc7d0bf1000 r-xp 00000000 08:01 406817                     /usr/lib/x86_64-linux-gnu/libxcb.so.1.1.0
7fc7d0bf1000-7fc7d0df0000 ---p 0001b000 08:01 406817                     /usr/lib/x86_64-linux-gnu/libxcb.so.1.1.0
7fc7d0df0000-7fc7d0df1000 r--p 0001a000 08:01 406817                     /usr/lib/x86_64-linux-gnu/libxcb.so.1.1.0
7fc7d0df1000-7fc7d0df2000 rw-p 0001b000 08:01 406817                     /usr/lib/x86_64-linux-gnu/libxcb.so.1.1.0
7fc7d0df2000-7fc7d0e40000 r-xp 00000000 08:01 400264                     /usr/lib/x86_64-linux-gnu/libcups.so.2
7fc7d0e40000-7fc7d1040000 ---p 0004e000 08:01 400264                     /usr/lib/x86_64-linux-gnu/libcups.so.2
7fc7d1040000-7fc7d1044000 r--p 0004e000 08:01 400264                     /usr/lib/x86_64-linux-gnu/libcups.so.2
7fc7d1044000-7fc7d1045000 rw-p 00052000 08:01 400264                     /usr/lib/x86_64-linux-gnu/libcups.so.2
7fc7d1045000-7fc7d1139000 r-xp 00000000 08:01 134283                     /lib/x86_64-linux-gnu/libglib-2.0.so.0.3000.0
7fc7d1139000-7fc7d1338000 ---p 000f4000 08:01 134283                     /lib/x86_64-linux-gnu/libglib-2.0.so.0.3000.0
7fc7d1338000-7fc7d1339000 r--p 000f3000 08:01 134283                     /lib/x86_64-linux-gnu/libglib-2.0.so.0.3000.0
7fc7d1339000-7fc7d133a000 rw-p 000f4000 08:01 134283                     /lib/x86_64-linux-gnu/libglib-2.0.so.0.3000.0
7fc7d133a000-7fc7d133b000 rw-p 00000000 00:00 0 
7fc7d133b000-7fc7d133f000 r-xp 00000000 08:01 394708                     /usr/lib/x86_64-linux-gnu/libgthread-2.0.so.0.3000.0
7fc7d133f000-7fc7d153e000 ---p 00004000 08:01 394708                     /usr/lib/x86_64-linux-gnu/libgthread-2.0.so.0.3000.0
7fc7d153e000-7fc7d153f000 r--p 00003000 08:01 394708                     /usr/lib/x86_64-linux-gnu/libgthread-2.0.so.0.3000.0
7fc7d153f000-7fc7d1540000 rw-p 00004000 08:01 394708                     /usr/lib/x86_64-linux-gnu/libgthread-2.0.so.0.3000.0
7fc7d1540000-7fc7d158e000 r-xp 00000000 08:01 394707                     /usr/lib/x86_64-linux-gnu/libgobject-2.0.so.0.3000.0
7fc7d158e000-7fc7d178e000 ---p 0004e000 08:01 394707                     /usr/lib/x86_64-linux-gnu/libgobject-2.0.so.0.3000.0
7fc7d178e000-7fc7d178f000 r--p 0004e000 08:01 394707                     /usr/lib/x86_64-linux-gnu/libgobject-2.0.so.0.3000.0
7fc7d178f000-7fc7d1790000 rw-p 0004f000 08:01 394707                     /usr/lib/x86_64-linux-gnu/libgobject-2.0.so.0.3000.0
7fc7d1790000-7fc7d1791000 rw-p 00000000 00:00 0 
7fc7d1791000-7fc7d17c5000 r-xp 00000000 08:01 406630                     /usr/lib/x86_64-linux-gnu/libfontconfig.so.1.4.4
7fc7d17c5000-7fc7d19c5000 ---p 00034000 08:01 406630                     /usr/lib/x86_64-linux-gnu/libfontconfig.so.1.4.4
7fc7d19c5000-7fc7d19c6000 r--p 00034000 08:01 406630                     /usr/lib/x86_64-linux-gnu/libfontconfig.so.1.4.4
7fc7d19c6000-7fc7d19c7000 rw-p 00035000 08:01 406630                     /usr/lib/x86_64-linux-gnu/libfontconfig.so.1.4.4
7fc7d19c7000-7fc7d1a0e000 r-xp 00000000 08:01 397304                     /usr/lib/x86_64-linux-gnu/libpango-1.0.so.0.2903.0
7fc7d1a0e000-7fc7d1c0e000 ---p 00047000 08:01 397304                     /usr/lib/x86_64-linux-gnu/libpango-1.0.so.0.2903.0
7fc7d1c0e000-7fc7d1c10000 r--p 00047000 08:01 397304                     /usr/lib/x86_64-linux-gnu/libpango-1.0.so.0.2903.0
7fc7d1c10000-7fc7d1c11000 rw-p 00049000 08:01 397304                     /usr/lib/x86_64-linux-gnu/libpango-1.0.so.0.2903.0
7fc7d1c11000-7fc7d1c2f000 r-xp 00000000 08:01 394128                     /usr/lib/x86_64-linux-gnu/libgdk_pixbuf-2.0.so.0.2400.0
7fc7d1c2f000-7fc7d1e2e000 ---p 0001e000 08:01 394128                     /usr/lib/x86_64-linux-gnu/libgdk_pixbuf-2.0.so.0.2400.0
7fc7d1e2e000-7fc7d1e2f000 r--p 0001d000 08:01 394128                     /usr/lib/x86_64-linux-gnu/libgdk_pixbuf-2.0.so.0.2400.0
7fc7d1e2f000-7fc7d1e30000 rw-p 0001e000 08:01 394128                     /usr/lib/x86_64-linux-gnu/libgdk_pixbuf-2.0.so.0.2400.0
7fc7d1e30000-7fc7d1f6b000 r-xp 00000000 08:01 394685                     /usr/lib/x86_64-linux-gnu/libgio-2.0.so.0.3000.0
7fc7d1f6b000-7fc7d216a000 ---p 0013b000 08:01 394685                     /usr/lib/x86_64-linux-gnu/libgio-2.0.so.0.3000.0
7fc7d216a000-7fc7d216e000 r--p 0013a000 08:01 394685                     /usr/lib/x86_64-linux-gnu/libgio-2.0.so.0.3000.0
7fc7d216e000-7fc7d2170000 rw-p 0013e000 08:01 394685                     /usr/lib/x86_64-linux-gnu/libgio-2.0.so.0.3000.0
7fc7d2170000-7fc7d2172000 rw-p 00000000 00:00 0 
7fc7d2172000-7fc7d221f000 r-xp 00000000 08:01 397253                     /usr/lib/x86_64-linux-gnu/libgdk-x11-2.0.so.0.2400.6
7fc7d221f000-7fc7d241e000 ---p 000ad000 08:01 397253                     /usr/lib/x86_64-linux-gnu/libgdk-x11-2.0.so.0.2400.6
7fc7d241e000-7fc7d2422000 r--p 000ac000 08:01 397253                     /usr/lib/x86_64-linux-gnu/libgdk-x11-2.0.so.0.2400.6
7fc7d2422000-7fc7d2424000 rw-p 000b0000 08:01 397253                     /usr/lib/x86_64-linux-gnu/libgdk-x11-2.0.so.0.2400.6
7fc7d2424000-7fc7d2853000 r-xp 00000000 08:01 397246                     /usr/lib/x86_64-linux-gnu/libgtk-x11-2.0.so.0.2400.6
7fc7d2853000-7fc7d2a53000 ---p 0042f000 08:01 397246                     /usr/lib/x86_64-linux-gnu/libgtk-x11-2.0.so.0.2400.6
7fc7d2a53000-7fc7d2a5a000 r--p 0042f000 08:01 397246                     /usr/lib/x86_64-linux-gnu/libgtk-x11-2.0.so.0.2400.6
7fc7d2a5a000-7fc7d2a5e000 rw-p 00436000 08:01 397246                     /usr/lib/x86_64-linux-gnu/libgtk-x11-2.0.so.0.2400.6
7fc7d2a5e000-7fc7d2a60000 rw-p 00000000 00:00 0 
7fc7d2a60000-7fc7d2a6f000 r-xp 00000000 08:01 406547                     /usr/lib/x86_64-linux-gnu/libXi.so.6.1.0
7fc7d2a6f000-7fc7d2c6e000 ---p 0000f000 08:01 406547                     /usr/lib/x86_64-linux-gnu/libXi.so.6.1.0
7fc7d2c6e000-7fc7d2c6f000 r--p 0000e000 08:01 406547                     /usr/lib/x86_64-linux-gnu/libXi.so.6.1.0
7fc7d2c6f000-7fc7d2c70000 rw-p 0000f000 08:01 406547                     /usr/lib/x86_64-linux-gnu/libXi.so.6.1.0
7fc7d2c70000-7fc7d2c75000 r-xp 00000000 08:01 398564                     /usr/lib/libXtst.so.6.1.0
7fc7d2c75000-7fc7d2e74000 ---p 00005000 08:01 398564                     /usr/lib/libXtst.so.6.1.0
7fc7d2e74000-7fc7d2e75000 r--p 00004000 08:01 398564                     /usr/lib/libXtst.so.6.1.0
7fc7d2e75000-7fc7d2e76000 rw-p 00005000 08:01 398564                     /usr/lib/libXtst.so.6.1.0
7fc7d2e76000-7fc7d2e7f000 r-xp 00000000 08:01 406553                     /usr/lib/x86_64-linux-gnu/libXrender.so.1.3.0
7fc7d2e7f000-7fc7d307f000 ---p 00009000 08:01 406553                     /usr/lib/x86_64-linux-gnu/libXrender.so.1.3.0
7fc7d307f000-7fc7d3080000 r--p 00009000 08:01 406553                     /usr/lib/x86_64-linux-gnu/libXrender.so.1.3.0
7fc7d3080000-7fc7d3081000 rw-p 0000a000 08:01 406553                     /usr/lib/x86_64-linux-gnu/libXrender.so.1.3.0
7fc7d3081000-7fc7d31b4000 r-xp 00000000 08:01 406471                     /usr/lib/x86_64-linux-gnu/libX11.so.6.3.0
7fc7d31b4000-7fc7d33b4000 ---p 00133000 08:01 406471                     /usr/lib/x86_64-linux-gnu/libX11.so.6.3.0
7fc7d33b4000-7fc7d33b5000 r--p 00133000 08:01 406471                     /usr/lib/x86_64-linux-gnu/libX11.so.6.3.0
7fc7d33b5000-7fc7d33b9000 rw-p 00134000 08:01 406471                     /usr/lib/x86_64-linux-gnu/libX11.so.6.3.0
7fc7d33b9000-7fc7d33cb000 r-xp 00000000 08:01 406541                     /usr/lib/x86_64-linux-gnu/libXext.so.6.4.0
7fc7d33cb000-7fc7d35ca000 ---p 00012000 08:01 406541                     /usr/lib/x86_64-linux-gnu/libXext.so.6.4.0
7fc7d35ca000-7fc7d35cb000 r--p 00011000 08:01 406541                     /usr/lib/x86_64-linux-gnu/libXext.so.6.4.0
7fc7d35cb000-7fc7d35cc000 rw-p 00012000 08:01 406541                     /usr/lib/x86_64-linux-gnu/libXext.so.6.4.0
7fc7d35cc000-7fc7d35ef000 r--p 00000000 08:01 675061                     /usr/share/locale-langpack/fr/LC_MESSAGES/libc.mo
7fc7d35ef000-7fc7d3641000 r-xp 00000000 08:01 401973                     /usr/lib/jvm/java-7-openjdk-amd64/jre/lib/amd64/xawt/libmawt.so
7fc7d3641000-7fc7d3841000 ---p 00052000 08:01 401973                     /usr/lib/jvm/java-7-openjdk-amd64/jre/lib/amd64/xawt/libmawt.so
7fc7d3841000-7fc7d3842000 r--p 00052000 08:01 401973                     /usr/lib/jvm/java-7-openjdk-amd64/jre/lib/amd64/xawt/libmawt.so
7fc7d3842000-7fc7d3845000 rw-p 00053000 08:01 401973                     /usr/lib/jvm/java-7-openjdk-amd64/jre/lib/amd64/xawt/libmawt.so
7fc7d3845000-7fc7d3846000 rw-p 00000000 00:00 0 
7fc7d3846000-7fc7d38e8000 r-xp 00000000 08:01 398111                     /usr/lib/jvm/java-7-openjdk-amd64/jre/lib/amd64/libawt.so
7fc7d38e8000-7fc7d3ae7000 ---p 000a2000 08:01 398111                     /usr/lib/jvm/java-7-openjdk-amd64/jre/lib/amd64/libawt.so
7fc7d3ae7000-7fc7d3ae8000 r--p 000a1000 08:01 398111                     /usr/lib/jvm/java-7-openjdk-amd64/jre/lib/amd64/libawt.so
7fc7d3ae8000-7fc7d3af3000 rw-p 000a2000 08:01 398111                     /usr/lib/jvm/java-7-openjdk-amd64/jre/lib/amd64/libawt.so
7fc7d3af3000-7fc7d3b18000 rw-p 00000000 00:00 0 
7fc7d3b18000-7fc7d3b1b000 r--s 00032000 08:01 395025                     /usr/lib/jvm/java-7-openjdk-common/jre/lib/ext/sunjce_provider.jar
7fc7d3b1b000-7fc7d3b1e000 r--s 00085000 08:01 395002                     /usr/lib/jvm/java-7-openjdk-common/jre/lib/ext/localedata.jar
7fc7d3b1e000-7fc7d3b1f000 r--s 00002000 08:01 394906                     /usr/lib/jvm/java-7-openjdk-common/jre/lib/ext/dnsns.jar
7fc7d3b1f000-7fc7d3b22000 r--s 0003c000 08:01 394890                     /usr/lib/jvm/java-7-openjdk-common/jre/lib/ext/sunpkcs11.jar
7fc7d3b22000-7fc7d3b24000 r--s 00012000 08:01 395160                     /usr/lib/jvm/java-7-openjdk-common/jre/lib/ext/zipfs.jar
7fc7d3b24000-7fc7d3b27000 r--s 0000f000 08:01 395194                     /usr/lib/jvm/java-7-openjdk-common/jre/lib/ext/pulse-java.jar
7fc7d3b27000-7fc7d3b2f000 r--s 00066000 08:01 676447                     /usr/share/java/gnome-java-bridge.jar
7fc7d3b2f000-7fc7d3b30000 ---p 00000000 00:00 0 
7fc7d3b30000-7fc7d3c30000 rw-p 00000000 00:00 0 
7fc7d3c30000-7fc7d3c33000 ---p 00000000 00:00 0 
7fc7d3c33000-7fc7d3d31000 rw-p 00000000 00:00 0 
7fc7d3d31000-7fc7d3d34000 ---p 00000000 00:00 0 
7fc7d3d34000-7fc7d3e32000 rw-p 00000000 00:00 0 
7fc7d3e32000-7fc7d3e35000 ---p 00000000 00:00 0 
7fc7d3e35000-7fc7d3f33000 rw-p 00000000 00:00 0 
7fc7d3f33000-7fc7d3f36000 ---p 00000000 00:00 0 
7fc7d3f36000-7fc7d4034000 rw-p 00000000 00:00 0 
7fc7d4034000-7fc7d4721000 r--p 00000000 08:01 403488                     /usr/lib/locale/locale-archive
7fc7d4721000-7fc7d4724000 ---p 00000000 00:00 0 
7fc7d4724000-7fc7d4822000 rw-p 00000000 00:00 0 
7fc7d4822000-7fc7d4825000 ---p 00000000 00:00 0 
7fc7d4825000-7fc7d4923000 rw-p 00000000 00:00 0 
7fc7d4923000-7fc7d4924000 ---p 00000000 00:00 0 
7fc7d4924000-7fc7d4d93000 rw-p 00000000 00:00 0 
7fc7d4d93000-7fc7d4f41000 r--s 03e76000 08:01 396788                     /usr/lib/jvm/java-7-openjdk-amd64/jre/lib/rt.jar
7fc7d4f41000-7fc7d4f69000 rw-p 00000000 00:00 0 
7fc7d4f69000-7fc7d4f6a000 ---p 00000000 00:00 0 
7fc7d4f6a000-7fc7d506a000 rw-p 00000000 00:00 0 
7fc7d506a000-7fc7d506b000 ---p 00000000 00:00 0 
7fc7d506b000-7fc7d5176000 rw-p 00000000 00:00 0 
7fc7d5176000-7fc7d51be000 rw-p 00000000 00:00 0 
7fc7d51be000-7fc7d51d3000 rw-p 00000000 00:00 0 
7fc7d51d3000-7fc7d5309000 rw-p 00000000 00:00 0 
7fc7d5309000-7fc7d5314000 rw-p 00000000 00:00 0 
7fc7d5314000-7fc7d535c000 rw-p 00000000 00:00 0 
7fc7d535c000-7fc7d5371000 rw-p 00000000 00:00 0 
7fc7d5371000-7fc7d54a6000 rw-p 00000000 00:00 0 
7fc7d54a6000-7fc7d54b1000 rw-p 00000000 00:00 0 
7fc7d54b1000-7fc7d554c000 rw-p 00000000 00:00 0 
7fc7d554c000-7fc7d554d000 rw-p 00000000 00:00 0 
7fc7d554d000-7fc7d57bd000 rwxp 00000000 00:00 0 
7fc7d57bd000-7fc7d854d000 rw-p 00000000 00:00 0 
7fc7d854d000-7fc7d8555000 r-xp 00000000 08:01 399895                     /usr/lib/jvm/java-7-openjdk-amd64/jre/lib/amd64/libzip.so
7fc7d8555000-7fc7d8754000 ---p 00008000 08:01 399895                     /usr/lib/jvm/java-7-openjdk-amd64/jre/lib/amd64/libzip.so
7fc7d8754000-7fc7d8755000 r--p 00007000 08:01 399895                     /usr/lib/jvm/java-7-openjdk-amd64/jre/lib/amd64/libzip.so
7fc7d8755000-7fc7d8756000 rw-p 00008000 08:01 399895                     /usr/lib/jvm/java-7-openjdk-amd64/jre/lib/amd64/libzip.so
7fc7d8756000-7fc7d8762000 r-xp 00000000 08:01 134596                     /lib/x86_64-linux-gnu/libnss_files-2.13.so
7fc7d8762000-7fc7d8961000 ---p 0000c000 08:01 134596                     /lib/x86_64-linux-gnu/libnss_files-2.13.so
7fc7d8961000-7fc7d8962000 r--p 0000b000 08:01 134596                     /lib/x86_64-linux-gnu/libnss_files-2.13.so
7fc7d8962000-7fc7d8963000 rw-p 0000c000 08:01 134596                     /lib/x86_64-linux-gnu/libnss_files-2.13.so
7fc7d8963000-7fc7d896d000 r-xp 00000000 08:01 134607                     /lib/x86_64-linux-gnu/libnss_nis-2.13.so
7fc7d896d000-7fc7d8b6d000 ---p 0000a000 08:01 134607                     /lib/x86_64-linux-gnu/libnss_nis-2.13.so
7fc7d8b6d000-7fc7d8b6e000 r--p 0000a000 08:01 134607                     /lib/x86_64-linux-gnu/libnss_nis-2.13.so
7fc7d8b6e000-7fc7d8b6f000 rw-p 0000b000 08:01 134607                     /lib/x86_64-linux-gnu/libnss_nis-2.13.so
7fc7d8b6f000-7fc7d8b86000 r-xp 00000000 08:01 134591                     /lib/x86_64-linux-gnu/libnsl-2.13.so
7fc7d8b86000-7fc7d8d85000 ---p 00017000 08:01 134591                     /lib/x86_64-linux-gnu/libnsl-2.13.so
7fc7d8d85000-7fc7d8d86000 r--p 00016000 08:01 134591                     /lib/x86_64-linux-gnu/libnsl-2.13.so
7fc7d8d86000-7fc7d8d87000 rw-p 00017000 08:01 134591                     /lib/x86_64-linux-gnu/libnsl-2.13.so
7fc7d8d87000-7fc7d8d89000 rw-p 00000000 00:00 0 
7fc7d8d89000-7fc7d8d91000 r-xp 00000000 08:01 134588                     /lib/x86_64-linux-gnu/libnss_compat-2.13.so
7fc7d8d91000-7fc7d8f90000 ---p 00008000 08:01 134588                     /lib/x86_64-linux-gnu/libnss_compat-2.13.so
7fc7d8f90000-7fc7d8f91000 r--p 00007000 08:01 134588                     /lib/x86_64-linux-gnu/libnss_compat-2.13.so
7fc7d8f91000-7fc7d8f92000 rw-p 00008000 08:01 134588                     /lib/x86_64-linux-gnu/libnss_compat-2.13.so
7fc7d8f92000-7fc7d8fbb000 r-xp 00000000 08:01 398578                     /usr/lib/jvm/java-7-openjdk-amd64/jre/lib/amd64/libjava.so
7fc7d8fbb000-7fc7d91ba000 ---p 00029000 08:01 398578                     /usr/lib/jvm/java-7-openjdk-amd64/jre/lib/amd64/libjava.so
7fc7d91ba000-7fc7d91bb000 r--p 00028000 08:01 398578                     /usr/lib/jvm/java-7-openjdk-amd64/jre/lib/amd64/libjava.so
7fc7d91bb000-7fc7d91bd000 rw-p 00029000 08:01 398578                     /usr/lib/jvm/java-7-openjdk-amd64/jre/lib/amd64/libjava.so
7fc7d91bd000-7fc7d91cb000 r-xp 00000000 08:01 399894                     /usr/lib/jvm/java-7-openjdk-amd64/jre/lib/amd64/libverify.so
7fc7d91cb000-7fc7d93ca000 ---p 0000e000 08:01 399894                     /usr/lib/jvm/java-7-openjdk-amd64/jre/lib/amd64/libverify.so
7fc7d93ca000-7fc7d93cc000 r--p 0000d000 08:01 399894                     /usr/lib/jvm/java-7-openjdk-amd64/jre/lib/amd64/libverify.so
7fc7d93cc000-7fc7d93cd000 rw-p 0000f000 08:01 399894                     /usr/lib/jvm/java-7-openjdk-amd64/jre/lib/amd64/libverify.so
7fc7d93cd000-7fc7d93d4000 r-xp 00000000 08:01 134577                     /lib/x86_64-linux-gnu/librt-2.13.so
7fc7d93d4000-7fc7d95d3000 ---p 00007000 08:01 134577                     /lib/x86_64-linux-gnu/librt-2.13.so
7fc7d95d3000-7fc7d95d4000 r--p 00006000 08:01 134577                     /lib/x86_64-linux-gnu/librt-2.13.so
7fc7d95d4000-7fc7d95d5000 rw-p 00007000 08:01 134577                     /lib/x86_64-linux-gnu/librt-2.13.so
7fc7d95d5000-7fc7d95ea000 r-xp 00000000 08:01 131748                     /lib/x86_64-linux-gnu/libgcc_s.so.1
7fc7d95ea000-7fc7d97e9000 ---p 00015000 08:01 131748                     /lib/x86_64-linux-gnu/libgcc_s.so.1
7fc7d97e9000-7fc7d97ea000 r--p 00014000 08:01 131748                     /lib/x86_64-linux-gnu/libgcc_s.so.1
7fc7d97ea000-7fc7d97eb000 rw-p 00015000 08:01 131748                     /lib/x86_64-linux-gnu/libgcc_s.so.1
7fc7d97eb000-7fc7d986e000 r-xp 00000000 08:01 134673                     /lib/x86_64-linux-gnu/libm-2.13.so
7fc7d986e000-7fc7d9a6d000 ---p 00083000 08:01 134673                     /lib/x86_64-linux-gnu/libm-2.13.so
7fc7d9a6d000-7fc7d9a6e000 r--p 00082000 08:01 134673                     /lib/x86_64-linux-gnu/libm-2.13.so
7fc7d9a6e000-7fc7d9a6f000 rw-p 00083000 08:01 134673                     /lib/x86_64-linux-gnu/libm-2.13.so
7fc7d9a6f000-7fc7d9b57000 r-xp 00000000 08:01 398097                     /usr/lib/x86_64-linux-gnu/libstdc++.so.6.0.16
7fc7d9b57000-7fc7d9d57000 ---p 000e8000 08:01 398097                     /usr/lib/x86_64-linux-gnu/libstdc++.so.6.0.16
7fc7d9d57000-7fc7d9d5f000 r--p 000e8000 08:01 398097                     /usr/lib/x86_64-linux-gnu/libstdc++.so.6.0.16
7fc7d9d5f000-7fc7d9d61000 rw-p 000f0000 08:01 398097                     /usr/lib/x86_64-linux-gnu/libstdc++.so.6.0.16
7fc7d9d61000-7fc7d9d76000 rw-p 00000000 00:00 0 
7fc7d9d76000-7fc7da6fd000 r-xp 00000000 08:01 399897                     /usr/lib/jvm/java-7-openjdk-amd64/jre/lib/amd64/server/libjvm.so
7fc7da6fd000-7fc7da8fc000 ---p 00987000 08:01 399897                     /usr/lib/jvm/java-7-openjdk-amd64/jre/lib/amd64/server/libjvm.so
7fc7da8fc000-7fc7da97a000 r--p 00986000 08:01 399897                     /usr/lib/jvm/java-7-openjdk-amd64/jre/lib/amd64/server/libjvm.so
7fc7da97a000-7fc7da995000 rw-p 00a04000 08:01 399897                     /usr/lib/jvm/java-7-openjdk-amd64/jre/lib/amd64/server/libjvm.so
7fc7da995000-7fc7da9c0000 rw-p 00000000 00:00 0 
7fc7da9c0000-7fc7da9d8000 r-xp 00000000 08:01 134606                     /lib/x86_64-linux-gnu/libpthread-2.13.so
7fc7da9d8000-7fc7dabd7000 ---p 00018000 08:01 134606                     /lib/x86_64-linux-gnu/libpthread-2.13.so
7fc7dabd7000-7fc7dabd8000 r--p 00017000 08:01 134606                     /lib/x86_64-linux-gnu/libpthread-2.13.so
7fc7dabd8000-7fc7dabd9000 rw-p 00018000 08:01 134606                     /lib/x86_64-linux-gnu/libpthread-2.13.so
7fc7dabd9000-7fc7dabdd000 rw-p 00000000 00:00 0 
7fc7dabdd000-7fc7dabf4000 r-xp 00000000 08:01 139905                     /lib/x86_64-linux-gnu/libz.so.1.2.3.4
7fc7dabf4000-7fc7dadf3000 ---p 00017000 08:01 139905                     /lib/x86_64-linux-gnu/libz.so.1.2.3.4
7fc7dadf3000-7fc7dadf4000 r--p 00016000 08:01 139905                     /lib/x86_64-linux-gnu/libz.so.1.2.3.4
7fc7dadf4000-7fc7dadf5000 rw-p 00017000 08:01 139905                     /lib/x86_64-linux-gnu/libz.so.1.2.3.4
7fc7dadf5000-7fc7dadf7000 r-xp 00000000 08:01 134594                     /lib/x86_64-linux-gnu/libdl-2.13.so
7fc7dadf7000-7fc7daff7000 ---p 00002000 08:01 134594                     /lib/x86_64-linux-gnu/libdl-2.13.so
7fc7daff7000-7fc7daff8000 r--p 00002000 08:01 134594                     /lib/x86_64-linux-gnu/libdl-2.13.so
7fc7daff8000-7fc7daff9000 rw-p 00003000 08:01 134594                     /lib/x86_64-linux-gnu/libdl-2.13.so
7fc7daff9000-7fc7db18e000 r-xp 00000000 08:01 134593                     /lib/x86_64-linux-gnu/libc-2.13.so
7fc7db18e000-7fc7db38d000 ---p 00195000 08:01 134593                     /lib/x86_64-linux-gnu/libc-2.13.so
7fc7db38d000-7fc7db391000 r--p 00194000 08:01 134593                     /lib/x86_64-linux-gnu/libc-2.13.so
7fc7db391000-7fc7db392000 rw-p 00198000 08:01 134593                     /lib/x86_64-linux-gnu/libc-2.13.so
7fc7db392000-7fc7db398000 rw-p 00000000 00:00 0 
7fc7db398000-7fc7db3a4000 r-xp 00000000 08:01 397479                     /usr/lib/jvm/java-7-openjdk-amd64/jre/lib/amd64/jli/libjli.so
7fc7db3a4000-7fc7db5a3000 ---p 0000c000 08:01 397479                     /usr/lib/jvm/java-7-openjdk-amd64/jre/lib/amd64/jli/libjli.so
7fc7db5a3000-7fc7db5a4000 r--p 0000b000 08:01 397479                     /usr/lib/jvm/java-7-openjdk-amd64/jre/lib/amd64/jli/libjli.so
7fc7db5a4000-7fc7db5a5000 rw-p 0000c000 08:01 397479                     /usr/lib/jvm/java-7-openjdk-amd64/jre/lib/amd64/jli/libjli.so
7fc7db5a5000-7fc7db5c6000 r-xp 00000000 08:01 134600                     /lib/x86_64-linux-gnu/ld-2.13.so
7fc7db5da000-7fc7db5e4000 rw-p 00000000 00:00 0 
7fc7db5e4000-7fc7db69a000 rw-p 00000000 00:00 0 
7fc7db69a000-7fc7db69d000 ---p 00000000 00:00 0 
7fc7db69d000-7fc7db7a0000 rw-p 00000000 00:00 0 
7fc7db7a4000-7fc7db7a8000 r--s 0009f000 08:01 396465                     /usr/lib/jvm/java-7-openjdk-common/jre/lib/jsse.jar
7fc7db7a8000-7fc7db7a9000 r--p 00000000 00:00 0 
7fc7db7a9000-7fc7db7b2000 r--s 00263000 08:01 396683                     /usr/lib/jvm/java-7-openjdk-common/jre/lib/resources.jar
7fc7db7b2000-7fc7db7b9000 r--s 00000000 08:01 663199                     /usr/lib/x86_64-linux-gnu/gconv/gconv-modules.cache
7fc7db7b9000-7fc7db7c1000 rw-s 00000000 08:01 268513                     /tmp/hsperfdata_guillaume/3640
7fc7db7c1000-7fc7db7c2000 rw-p 00000000 00:00 0 
7fc7db7c2000-7fc7db7c3000 r--p 00000000 00:00 0 
7fc7db7c3000-7fc7db7c5000 rw-p 00000000 00:00 0 
7fc7db7c5000-7fc7db7c6000 r--p 00020000 08:01 134600                     /lib/x86_64-linux-gnu/ld-2.13.so
7fc7db7c6000-7fc7db7c8000 rw-p 00021000 08:01 134600                     /lib/x86_64-linux-gnu/ld-2.13.so
7fffb5bfa000-7fffb5c1b000 rw-p 00000000 00:00 0                          [stack]
7fffb5c2e000-7fffb5c2f000 r-xp 00000000 00:00 0                          [vdso]
ffffffffff600000-ffffffffff601000 r-xp 00000000 00:00 0                  [vsyscall]

VM Arguments:
jvm_args: -Dfile.encoding=UTF-8 
java_command: main.Main -Xms1024M -Xmx1024M
Launcher Type: SUN_STANDARD

Environment Variables:
PATH=/usr/lib/lightdm/lightdm:/usr/local/sbin:/usr/local/bin:/usr/sbin:/usr/bin:/sbin:/bin:/usr/games
USERNAME=guillaume
SHELL=/bin/bash
DISPLAY=:0

Signal Handlers:
SIGSEGV: [libjvm.so+0x7fca30], sa_mask[0]=0x7ffbfeff, sa_flags=0x10000004
SIGBUS: [libjvm.so+0x7fca30], sa_mask[0]=0x7ffbfeff, sa_flags=0x10000004
SIGFPE: [libjvm.so+0x6a1150], sa_mask[0]=0x7ffbfeff, sa_flags=0x10000004
SIGPIPE: [libjvm.so+0x6a1150], sa_mask[0]=0x7ffbfeff, sa_flags=0x10000004
SIGXFSZ: [libjvm.so+0x6a1150], sa_mask[0]=0x7ffbfeff, sa_flags=0x10000004
SIGILL: [libjvm.so+0x6a1150], sa_mask[0]=0x7ffbfeff, sa_flags=0x10000004
SIGUSR1: SIG_DFL, sa_mask[0]=0x00000000, sa_flags=0x00000000
SIGUSR2: [libjvm.so+0x6a1520], sa_mask[0]=0x00000004, sa_flags=0x10000004
SIGHUP: [libjvm.so+0x6a1660], sa_mask[0]=0x7ffbfeff, sa_flags=0x10000004
SIGINT: SIG_IGN, sa_mask[0]=0x00000000, sa_flags=0x00000000
SIGTERM: [libjvm.so+0x6a1660], sa_mask[0]=0x7ffbfeff, sa_flags=0x10000004
SIGQUIT: [libjvm.so+0x6a1660], sa_mask[0]=0x7ffbfeff, sa_flags=0x10000004


---------------  S Y S T E M  ---------------

OS:Ubuntu 11.10 (oneiric)
uname:Linux 3.0.0-12-generic #20-Ubuntu SMP Fri Oct 7 14:56:25 UTC 2011 x86_64
libc:glibc 2.13 NPTL 2.13 
rlimit: STACK 8192k, CORE 0k, NPROC 31562, NOFILE 4096, AS infinity
load average:0,25 0,24 0,27

/proc/meminfo:
MemTotal:        4055792 kB
MemFree:         1711968 kB
Buffers:           95048 kB
Cached:           890156 kB
SwapCached:            0 kB
Active:          1565764 kB
Inactive:         577024 kB
Active(anon):    1159520 kB
Inactive(anon):     8256 kB
Active(file):     406244 kB
Inactive(file):   568768 kB
Unevictable:          32 kB
Mlocked:              32 kB
SwapTotal:             0 kB
SwapFree:              0 kB
Dirty:               372 kB
Writeback:             0 kB
AnonPages:       1157644 kB
Mapped:           163204 kB
Shmem:             10200 kB
Slab:              73332 kB
SReclaimable:      49044 kB
SUnreclaim:        24288 kB
KernelStack:        3152 kB
PageTables:        26168 kB
NFS_Unstable:          0 kB
Bounce:                0 kB
WritebackTmp:          0 kB
CommitLimit:     2027896 kB
Committed_AS:    2944024 kB
VmallocTotal:   34359738367 kB
VmallocUsed:      109104 kB
VmallocChunk:   34359619580 kB
HardwareCorrupted:     0 kB
AnonHugePages:         0 kB
HugePages_Total:       0
HugePages_Free:        0
HugePages_Rsvd:        0
HugePages_Surp:        0
Hugepagesize:       2048 kB
DirectMap4k:       93120 kB
DirectMap2M:     4100096 kB


CPU:total 2 (2 cores per cpu, 1 threads per core) family 6 model 15 stepping 13, cmov, cx8, fxsr, mmx, sse, sse2, sse3, ssse3

Memory: 4k page, physical 4055792k(1711968k free), swap 0k(0k free)

vm_info: OpenJDK 64-Bit Server VM (21.0-b17) for linux-amd64 JRE (1.7.0_147-b147), built on Sep 30 2011 00:36:33 by "buildd" with gcc 4.6.1

time: Thu Nov 10 20:21:32 2011
elapsed time: 0 seconds

