#
# A fatal error has been detected by the Java Runtime Environment:
#
#  SIGSEGV (0xb) at pc=0x00007fb9bf4cd1f8, pid=2810, tid=140436107917056
#
# JRE version: 7.0_147-b147
# Java VM: OpenJDK 64-Bit Server VM (21.0-b17 mixed mode linux-amd64 compressed oops)
# Derivative: IcedTea7 2.0pre
# Distribution: Ubuntu oneiric (development branch), package 7~b147-2.0~pre6-1ubuntu1
# Problematic frame:
# C  [liblcms2.so.2+0x121f8]  cmsSaveProfileToIOhandler+0x38
#
# Failed to write core dump. Core dumps have been disabled. To enable core dumping, try "ulimit -c unlimited" before starting Java again
#
# If you would like to submit a bug report, please include
# instructions on how to reproduce the bug and visit:
#   https://bugs.launchpad.net/ubuntu/+source/openjdk-7/
# The crash happened outside the Java Virtual Machine in native code.
# See problematic frame for where to report the bug.
#

---------------  T H R E A D  ---------------

Current thread (0x00000000013ba800):  JavaThread "main" [_thread_in_native, id=2812, stack(0x00007fb9d4437000,0x00007fb9d4538000)]

siginfo:si_signo=SIGSEGV: si_errno=0, si_code=1 (SEGV_MAPERR), si_addr=0x0000000000000000

Registers:
RAX=0x0000000000000000, RBX=0x0000000000000000, RCX=0x00000000000001d4, RDX=0x00007fb9d4535a4c
RSP=0x00007fb9d4534b20, RBP=0x0000000000000000, RSI=0x0000000000000000, RDI=0x00007fb9d4534b20
R8 =0x0000000000000000, R9 =0x0000000000000000, R10=0x0000000000000000, R11=0x0000000000000000
R12=0x00007fb9d4535a4c, R13=0x0000000000000000, R14=0x0000000000000000, R15=0x00000000013ba800
RIP=0x00007fb9bf4cd1f8, EFLAGS=0x0000000000010246, CSGSFS=0x0000000000000033, ERR=0x0000000000000004
  TRAPNO=0x000000000000000e

Top of Stack: (sp=0x00007fb9d4534b20)
0x00007fb9d4534b20:   000000000178cf40 00007fb9bf4cbcef
0x00007fb9d4534b30:   0000000000000c48 00007fb9d41301c0
0x00007fb9d4534b40:   000000000000000e 000000000000080c
0x00007fb9d4534b50:   00007fb900000000 00007fb9d41301c0
0x00007fb9d4534b60:   000000000000000e 00007fb9bf4d2754
0x00007fb9d4534b70:   00007fb9d4534ffc a0bd3f406c56f500
0x00007fb9d4534b80:   000000000178cf40 000000000178b6cc
0x00007fb9d4534b90:   000000000000000e 00007fb9bf4cbebf
0x00007fb9d4534ba0:   4247527320434549 0000000000000000
0x00007fb9d4534bb0:   000000000178d1e0 2dd3000000000100
0x00007fb9d4534bc0:   0000080c000004c4 00007fb9d41301c0
0x00007fb9d4534bd0:   0000000000000000 000000000178d090
0x00007fb9d4534be0:   0000000000000c48 000000000178b548
0x00007fb9d4534bf0:   0000000000000011 00007fb9d3e12d7c
0x00007fb9d4534c00:   000000000178d090 00007fb9bf4cbe2c
0x00007fb9d4534c10:   000000000178b2f0 00007fb9bf4cd3ae
0x00007fb9d4534c20:   000000000178c1a0 0000000000000000
0x00007fb9d4534c30:   0000003100000000 0000000900000006
0x00007fb9d4534c40:   0000006200000001 ffffffffffffffff
0x00007fb9d4534c50:   0000000000000000 0000000000000000
0x00007fb9d4534c60:   00007fb9d3ef2689 6d6e747202100000
0x00007fb9d4534c70:   58595a2052474220 00000000000000b0
0x00007fb9d4534c80:   7352474249454320 0000000000000000
0x00007fb9d4534c90:   0000000000000000 0000000000000000
0x00007fb9d4534ca0:   6370727400000011 00007fb9d41301c0
0x00007fb9d4534cb0:   000000000177e330 000000000000007c
0x00007fb9d4534cc0:   00007fb9d45351e0 00007fb9d45354a0
0x00007fb9d4534cd0:   00007fb9d435c85b 00007fb9d3e1277d
0x00007fb9d4534ce0:   6254524300000000 000000000000003f
0x00007fb9d4534cf0:   000000000177e330 0000000000000000
0x00007fb9d4534d00:   000000000178a5ad 00007fb9d43507e1
0x00007fb9d4534d10:   0000000000000000 0000000000000000 

Instructions: (pc=0x00007fb9bf4cd1f8)
0x00007fb9bf4cd1d8:   48 89 de 48 81 ec b8 0e 00 00 64 48 8b 04 25 28
0x00007fb9bf4cd1e8:   00 00 00 48 89 84 24 a8 0e 00 00 31 c0 48 89 e7
0x00007fb9bf4cd1f8:   f3 48 a5 48 89 df e8 1d f6 ff ff 48 89 c7 e8 65
0x00007fb9bf4cd208:   f0 ff ff 48 85 c0 49 89 c4 48 89 03 74 0e 31 f6 

Register to memory mapping:

RAX=0x0000000000000000 is an unknown value
RBX=0x0000000000000000 is an unknown value
RCX=0x00000000000001d4 is an unknown value
RDX=0x00007fb9d4535a4c is pointing into the stack for thread: 0x00000000013ba800
RSP=0x00007fb9d4534b20 is pointing into the stack for thread: 0x00000000013ba800
RBP=0x0000000000000000 is an unknown value
RSI=0x0000000000000000 is an unknown value
RDI=0x00007fb9d4534b20 is pointing into the stack for thread: 0x00000000013ba800
R8 =0x0000000000000000 is an unknown value
R9 =0x0000000000000000 is an unknown value
R10=0x0000000000000000 is an unknown value
R11=0x0000000000000000 is an unknown value
R12=0x00007fb9d4535a4c is pointing into the stack for thread: 0x00000000013ba800
R13=0x0000000000000000 is an unknown value
R14=0x0000000000000000 is an unknown value
R15=0x00000000013ba800 is a thread


Stack: [0x00007fb9d4437000,0x00007fb9d4538000],  sp=0x00007fb9d4534b20,  free space=1014k
Native frames: (J=compiled Java code, j=interpreted, Vv=VM code, C=native code)
C  [liblcms2.so.2+0x121f8]  cmsSaveProfileToIOhandler+0x38

[error occurred during error reporting (printing native stack), id 0xb]

Java frames: (J=compiled Java code, j=interpreted, Vv=VM code)
j  sun.java2d.cmm.lcms.LCMS.getTagData(JI[B)V+0
j  java.awt.color.ICC_Profile.getData(JI)[B+26
j  java.awt.color.ICC_Profile.getData(I)[B+14
j  java.awt.color.ICC_Profile.getNumComponents()I+18
j  sun.java2d.cmm.lcms.LCMSTransform.<init>(Ljava/awt/color/ICC_Profile;II)V+83
j  sun.java2d.cmm.lcms.LCMS.createTransform(Ljava/awt/color/ICC_Profile;II)Lsun/java2d/cmm/ColorTransform;+7
j  java.awt.color.ICC_ColorSpace.fromRGB([F)[F+37
j  com.sun.imageio.plugins.jpeg.JPEGImageReader.setImageData(IIIII[B)V+158
v  ~StubRoutines::call_stub
j  com.sun.imageio.plugins.jpeg.JPEGImageReader.readImageHeader(JZZ)Z+0
j  com.sun.imageio.plugins.jpeg.JPEGImageReader.readNativeHeader(Z)Z+12
j  com.sun.imageio.plugins.jpeg.JPEGImageReader.checkTablesOnly()V+92
j  com.sun.imageio.plugins.jpeg.JPEGImageReader.gotoImage(I)V+41
j  com.sun.imageio.plugins.jpeg.JPEGImageReader.readHeader(IZ)V+2
j  com.sun.imageio.plugins.jpeg.JPEGImageReader.readInternal(ILjavax/imageio/ImageReadParam;Z)Ljava/awt/image/Raster;+3
j  com.sun.imageio.plugins.jpeg.JPEGImageReader.read(ILjavax/imageio/ImageReadParam;)Ljava/awt/image/BufferedImage;+8
j  javax.imageio.ImageIO.read(Ljavax/imageio/stream/ImageInputStream;)Ljava/awt/image/BufferedImage;+55
j  javax.imageio.ImageIO.read(Ljava/io/InputStream;)Ljava/awt/image/BufferedImage;+20
j  content.ImageBank.<init>()V+118
j  main.Main.main([Ljava/lang/String;)V+4
v  ~StubRoutines::call_stub

---------------  P R O C E S S  ---------------

Java Threads: ( => current thread )
  0x00007fb9c822f000 JavaThread "Thread-0" [_thread_blocked, id=2834, stack(0x00007fb9bffaa000,0x00007fb9c00ab000)]
  0x00007fb9c822d800 JavaThread "AWT-EventQueue-0" [_thread_in_native, id=2833, stack(0x00007fb9c00ab000,0x00007fb9c01ac000)]
  0x00007fb9c818f000 JavaThread "AWT-Shutdown" [_thread_blocked, id=2832, stack(0x00007fb9c0811000,0x00007fb9c0912000)]
  0x00007fb9c80fe800 JavaThread "process reaper" daemon [_thread_blocked, id=2830, stack(0x00007fb9cc052000,0x00007fb9cc06c000)]
  0x00007fb9c80d8800 JavaThread "AWT-XAWT" daemon [_thread_in_native, id=2828, stack(0x00007fb9c0912000,0x00007fb9c0a13000)]
  0x00007fb9c8092800 JavaThread "Java2D Disposer" daemon [_thread_blocked, id=2827, stack(0x00007fb9cc06c000,0x00007fb9cc16d000)]
  0x00000000014bd800 JavaThread "Service Thread" daemon [_thread_blocked, id=2824, stack(0x00007fb9cc9cd000,0x00007fb9ccace000)]
  0x00000000014ba800 JavaThread "C2 CompilerThread1" daemon [_thread_blocked, id=2823, stack(0x00007fb9ccace000,0x00007fb9ccbcf000)]
  0x00000000014b7800 JavaThread "C2 CompilerThread0" daemon [_thread_blocked, id=2822, stack(0x00007fb9ccbcf000,0x00007fb9cccd0000)]
  0x00000000014b5800 JavaThread "Signal Dispatcher" daemon [_thread_blocked, id=2821, stack(0x00007fb9cccd0000,0x00007fb9ccdd1000)]
  0x0000000001458000 JavaThread "Finalizer" daemon [_thread_blocked, id=2820, stack(0x00007fb9cd4be000,0x00007fb9cd5bf000)]
  0x0000000001455800 JavaThread "Reference Handler" daemon [_thread_blocked, id=2819, stack(0x00007fb9cd5bf000,0x00007fb9cd6c0000)]
=>0x00000000013ba800 JavaThread "main" [_thread_in_native, id=2812, stack(0x00007fb9d4437000,0x00007fb9d4538000)]

Other Threads:
  0x000000000144d800 VMThread [stack: 0x00007fb9cd6c0000,0x00007fb9cd7c1000] [id=2818]
  0x00000000014c8800 WatcherThread [stack: 0x00007fb9cc8cc000,0x00007fb9cc9cd000] [id=2825]

VM state:not at safepoint (normal execution)

VM Mutex/Monitor currently owned by a thread: None

Heap
 PSYoungGen      total 18496K, used 6845K [0x00000000eb560000, 0x00000000eca00000, 0x0000000100000000)
  eden space 15872K, 43% used [0x00000000eb560000,0x00000000ebc0f768,0x00000000ec4e0000)
  from space 2624K, 0% used [0x00000000ec770000,0x00000000ec770000,0x00000000eca00000)
  to   space 2624K, 0% used [0x00000000ec4e0000,0x00000000ec4e0000,0x00000000ec770000)
 PSOldGen        total 42304K, used 0K [0x00000000c2000000, 0x00000000c4950000, 0x00000000eb560000)
  object space 42304K, 0% used [0x00000000c2000000,0x00000000c2000000,0x00000000c4950000)
 PSPermGen       total 21248K, used 11356K [0x00000000b7a00000, 0x00000000b8ec0000, 0x00000000c2000000)
  object space 21248K, 53% used [0x00000000b7a00000,0x00000000b85173e8,0x00000000b8ec0000)

Code Cache  [0x00007fb9ce2ea000, 0x00007fb9ce55a000, 0x00007fb9d12ea000)
 total_blobs=447 nmethods=13 adapters=387 free_code_cache=48612Kb largest_free_block=49772672

Dynamic libraries:
00400000-00401000 r-xp 00000000 08:01 400896                             /usr/lib/jvm/java-7-openjdk-amd64/jre/bin/java
00600000-00601000 r--p 00000000 08:01 400896                             /usr/lib/jvm/java-7-openjdk-amd64/jre/bin/java
00601000-00602000 rw-p 00001000 08:01 400896                             /usr/lib/jvm/java-7-openjdk-amd64/jre/bin/java
013b0000-017ba000 rw-p 00000000 00:00 0                                  [heap]
b7a00000-b8ec0000 rw-p 00000000 00:00 0 
b8ec0000-c2000000 rw-p 00000000 00:00 0 
c2000000-c4950000 rw-p 00000000 00:00 0 
c4950000-eb560000 rw-p 00000000 00:00 0 
eb560000-eca00000 rw-p 00000000 00:00 0 
eca00000-100000000 rw-p 00000000 00:00 0 
7fb9bf43e000-7fb9bf4bb000 rw-p 00000000 00:00 0 
7fb9bf4bb000-7fb9bf501000 r-xp 00000000 08:01 406696                     /usr/lib/x86_64-linux-gnu/liblcms2.so.2.0.2
7fb9bf501000-7fb9bf700000 ---p 00046000 08:01 406696                     /usr/lib/x86_64-linux-gnu/liblcms2.so.2.0.2
7fb9bf700000-7fb9bf701000 r--p 00045000 08:01 406696                     /usr/lib/x86_64-linux-gnu/liblcms2.so.2.0.2
7fb9bf701000-7fb9bf705000 rw-p 00046000 08:01 406696                     /usr/lib/x86_64-linux-gnu/liblcms2.so.2.0.2
7fb9bf705000-7fb9bf706000 rw-p 00000000 00:00 0 
7fb9bf706000-7fb9bf70a000 r-xp 00000000 08:01 398964                     /usr/lib/jvm/java-7-openjdk-amd64/jre/lib/amd64/libjavalcms.so
7fb9bf70a000-7fb9bf909000 ---p 00004000 08:01 398964                     /usr/lib/jvm/java-7-openjdk-amd64/jre/lib/amd64/libjavalcms.so
7fb9bf909000-7fb9bf90a000 r--p 00003000 08:01 398964                     /usr/lib/jvm/java-7-openjdk-amd64/jre/lib/amd64/libjavalcms.so
7fb9bf90a000-7fb9bf90b000 rw-p 00004000 08:01 398964                     /usr/lib/jvm/java-7-openjdk-amd64/jre/lib/amd64/libjavalcms.so
7fb9bf90b000-7fb9bf92f000 r-xp 00000000 08:01 406680                     /usr/lib/x86_64-linux-gnu/libjpeg.so.62.0.0
7fb9bf92f000-7fb9bfb2e000 ---p 00024000 08:01 406680                     /usr/lib/x86_64-linux-gnu/libjpeg.so.62.0.0
7fb9bfb2e000-7fb9bfb2f000 r--p 00023000 08:01 406680                     /usr/lib/x86_64-linux-gnu/libjpeg.so.62.0.0
7fb9bfb2f000-7fb9bfb30000 rw-p 00024000 08:01 406680                     /usr/lib/x86_64-linux-gnu/libjpeg.so.62.0.0
7fb9bfb53000-7fb9bfb5c000 r-xp 00000000 08:01 398665                     /usr/lib/jvm/java-7-openjdk-amd64/jre/lib/amd64/libjavajpeg.so
7fb9bfb5c000-7fb9bfd5b000 ---p 00009000 08:01 398665                     /usr/lib/jvm/java-7-openjdk-amd64/jre/lib/amd64/libjavajpeg.so
7fb9bfd5b000-7fb9bfd5c000 r--p 00008000 08:01 398665                     /usr/lib/jvm/java-7-openjdk-amd64/jre/lib/amd64/libjavajpeg.so
7fb9bfd5c000-7fb9bfd5d000 rw-p 00009000 08:01 398665                     /usr/lib/jvm/java-7-openjdk-amd64/jre/lib/amd64/libjavajpeg.so
7fb9bfd5d000-7fb9bffaa000 rw-s 00000000 00:04 1245188                    /SYSV00000000 (deleted)
7fb9bffaa000-7fb9bffad000 ---p 00000000 00:00 0 
7fb9bffad000-7fb9c00ab000 rw-p 00000000 00:00 0 
7fb9c00ab000-7fb9c00ae000 ---p 00000000 00:00 0 
7fb9c00ae000-7fb9c01ac000 rw-p 00000000 00:00 0 
7fb9c01ac000-7fb9c01bc000 r-xp 00000000 08:01 399340                     /usr/lib/jvm/java-7-openjdk-amd64/jre/lib/amd64/libnio.so
7fb9c01bc000-7fb9c03bb000 ---p 00010000 08:01 399340                     /usr/lib/jvm/java-7-openjdk-amd64/jre/lib/amd64/libnio.so
7fb9c03bb000-7fb9c03bc000 r--p 0000f000 08:01 399340                     /usr/lib/jvm/java-7-openjdk-amd64/jre/lib/amd64/libnio.so
7fb9c03bc000-7fb9c03bd000 rw-p 00010000 08:01 399340                     /usr/lib/jvm/java-7-openjdk-amd64/jre/lib/amd64/libnio.so
7fb9c03bd000-7fb9c03d3000 r-xp 00000000 08:01 399248                     /usr/lib/jvm/java-7-openjdk-amd64/jre/lib/amd64/libnet.so
7fb9c03d3000-7fb9c05d2000 ---p 00016000 08:01 399248                     /usr/lib/jvm/java-7-openjdk-amd64/jre/lib/amd64/libnet.so
7fb9c05d2000-7fb9c05d3000 r--p 00015000 08:01 399248                     /usr/lib/jvm/java-7-openjdk-amd64/jre/lib/amd64/libnet.so
7fb9c05d3000-7fb9c05d4000 rw-p 00016000 08:01 399248                     /usr/lib/jvm/java-7-openjdk-amd64/jre/lib/amd64/libnet.so
7fb9c05d4000-7fb9c060e000 r-xp 00000000 08:01 398142                     /usr/lib/jvm/java-7-openjdk-amd64/jre/lib/amd64/libfontmanager.so
7fb9c060e000-7fb9c080e000 ---p 0003a000 08:01 398142                     /usr/lib/jvm/java-7-openjdk-amd64/jre/lib/amd64/libfontmanager.so
7fb9c080e000-7fb9c0810000 r--p 0003a000 08:01 398142                     /usr/lib/jvm/java-7-openjdk-amd64/jre/lib/amd64/libfontmanager.so
7fb9c0810000-7fb9c0811000 rw-p 0003c000 08:01 398142                     /usr/lib/jvm/java-7-openjdk-amd64/jre/lib/amd64/libfontmanager.so
7fb9c0811000-7fb9c0814000 ---p 00000000 00:00 0 
7fb9c0814000-7fb9c0912000 rw-p 00000000 00:00 0 
7fb9c0912000-7fb9c0915000 ---p 00000000 00:00 0 
7fb9c0915000-7fb9c0a13000 rw-p 00000000 00:00 0 
7fb9c0a13000-7fb9c0a16000 r-xp 00000000 08:01 139849                     /lib/x86_64-linux-gnu/libgpg-error.so.0.8.0
7fb9c0a16000-7fb9c0c15000 ---p 00003000 08:01 139849                     /lib/x86_64-linux-gnu/libgpg-error.so.0.8.0
7fb9c0c15000-7fb9c0c16000 r--p 00002000 08:01 139849                     /lib/x86_64-linux-gnu/libgpg-error.so.0.8.0
7fb9c0c16000-7fb9c0c17000 rw-p 00003000 08:01 139849                     /lib/x86_64-linux-gnu/libgpg-error.so.0.8.0
7fb9c0c17000-7fb9c0c19000 r-xp 00000000 08:01 139851                     /lib/x86_64-linux-gnu/libkeyutils.so.1.3
7fb9c0c19000-7fb9c0e18000 ---p 00002000 08:01 139851                     /lib/x86_64-linux-gnu/libkeyutils.so.1.3
7fb9c0e18000-7fb9c0e19000 r--p 00001000 08:01 139851                     /lib/x86_64-linux-gnu/libkeyutils.so.1.3
7fb9c0e19000-7fb9c0e1a000 rw-p 00002000 08:01 139851                     /lib/x86_64-linux-gnu/libkeyutils.so.1.3
7fb9c0e1a000-7fb9c0e5c000 r-xp 00000000 08:01 135649                     /lib/x86_64-linux-gnu/libdbus-1.so.3.5.7
7fb9c0e5c000-7fb9c105b000 ---p 00042000 08:01 135649                     /lib/x86_64-linux-gnu/libdbus-1.so.3.5.7
7fb9c105b000-7fb9c105c000 r--p 00041000 08:01 135649                     /lib/x86_64-linux-gnu/libdbus-1.so.3.5.7
7fb9c105c000-7fb9c105d000 rw-p 00042000 08:01 135649                     /lib/x86_64-linux-gnu/libdbus-1.so.3.5.7
7fb9c105d000-7fb9c10d7000 r-xp 00000000 08:01 139845                     /lib/x86_64-linux-gnu/libgcrypt.so.11.7.0
7fb9c10d7000-7fb9c12d7000 ---p 0007a000 08:01 139845                     /lib/x86_64-linux-gnu/libgcrypt.so.11.7.0
7fb9c12d7000-7fb9c12d8000 r--p 0007a000 08:01 139845                     /lib/x86_64-linux-gnu/libgcrypt.so.11.7.0
7fb9c12d8000-7fb9c12db000 rw-p 0007b000 08:01 139845                     /lib/x86_64-linux-gnu/libgcrypt.so.11.7.0
7fb9c12db000-7fb9c12eb000 r-xp 00000000 08:01 406788                     /usr/lib/x86_64-linux-gnu/libtasn1.so.3.1.11
7fb9c12eb000-7fb9c14ea000 ---p 00010000 08:01 406788                     /usr/lib/x86_64-linux-gnu/libtasn1.so.3.1.11
7fb9c14ea000-7fb9c14eb000 r--p 0000f000 08:01 406788                     /usr/lib/x86_64-linux-gnu/libtasn1.so.3.1.11
7fb9c14eb000-7fb9c14ec000 rw-p 00010000 08:01 406788                     /usr/lib/x86_64-linux-gnu/libtasn1.so.3.1.11
7fb9c14ec000-7fb9c14f3000 r-xp 00000000 08:01 397002                     /usr/lib/x86_64-linux-gnu/libkrb5support.so.0.1
7fb9c14f3000-7fb9c16f2000 ---p 00007000 08:01 397002                     /usr/lib/x86_64-linux-gnu/libkrb5support.so.0.1
7fb9c16f2000-7fb9c16f3000 r--p 00006000 08:01 397002                     /usr/lib/x86_64-linux-gnu/libkrb5support.so.0.1
7fb9c16f3000-7fb9c16f4000 rw-p 00007000 08:01 397002                     /usr/lib/x86_64-linux-gnu/libkrb5support.so.0.1
7fb9c16f4000-7fb9c16f7000 r-xp 00000000 08:01 139827                     /lib/x86_64-linux-gnu/libcom_err.so.2.1
7fb9c16f7000-7fb9c18f6000 ---p 00003000 08:01 139827                     /lib/x86_64-linux-gnu/libcom_err.so.2.1
7fb9c18f6000-7fb9c18f7000 r--p 00002000 08:01 139827                     /lib/x86_64-linux-gnu/libcom_err.so.2.1
7fb9c18f7000-7fb9c18f8000 rw-p 00003000 08:01 139827                     /lib/x86_64-linux-gnu/libcom_err.so.2.1
7fb9c18f8000-7fb9c191e000 r-xp 00000000 08:01 394051                     /usr/lib/x86_64-linux-gnu/libk5crypto.so.3.1
7fb9c191e000-7fb9c1b1d000 ---p 00026000 08:01 394051                     /usr/lib/x86_64-linux-gnu/libk5crypto.so.3.1
7fb9c1b1d000-7fb9c1b1f000 r--p 00025000 08:01 394051                     /usr/lib/x86_64-linux-gnu/libk5crypto.so.3.1
7fb9c1b1f000-7fb9c1b20000 rw-p 00027000 08:01 394051                     /usr/lib/x86_64-linux-gnu/libk5crypto.so.3.1
7fb9c1b20000-7fb9c1bdf000 r-xp 00000000 08:01 397018                     /usr/lib/x86_64-linux-gnu/libkrb5.so.3.3
7fb9c1bdf000-7fb9c1ddf000 ---p 000bf000 08:01 397018                     /usr/lib/x86_64-linux-gnu/libkrb5.so.3.3
7fb9c1ddf000-7fb9c1de8000 r--p 000bf000 08:01 397018                     /usr/lib/x86_64-linux-gnu/libkrb5.so.3.3
7fb9c1de8000-7fb9c1de9000 rw-p 000c8000 08:01 397018                     /usr/lib/x86_64-linux-gnu/libkrb5.so.3.3
7fb9c1de9000-7fb9c1df0000 r-xp 00000000 08:01 406811                     /usr/lib/x86_64-linux-gnu/libxcb-render.so.0.0.0
7fb9c1df0000-7fb9c1ff0000 ---p 00007000 08:01 406811                     /usr/lib/x86_64-linux-gnu/libxcb-render.so.0.0.0
7fb9c1ff0000-7fb9c1ff1000 r--p 00007000 08:01 406811                     /usr/lib/x86_64-linux-gnu/libxcb-render.so.0.0.0
7fb9c1ff1000-7fb9c1ff2000 rw-p 00008000 08:01 406811                     /usr/lib/x86_64-linux-gnu/libxcb-render.so.0.0.0
7fb9c1ff2000-7fb9c1ff4000 r-xp 00000000 08:01 406815                     /usr/lib/x86_64-linux-gnu/libxcb-shm.so.0.0.0
7fb9c1ff4000-7fb9c21f3000 ---p 00002000 08:01 406815                     /usr/lib/x86_64-linux-gnu/libxcb-shm.so.0.0.0
7fb9c21f3000-7fb9c21f4000 r--p 00001000 08:01 406815                     /usr/lib/x86_64-linux-gnu/libxcb-shm.so.0.0.0
7fb9c21f4000-7fb9c21f5000 rw-p 00002000 08:01 406815                     /usr/lib/x86_64-linux-gnu/libxcb-shm.so.0.0.0
7fb9c21f5000-7fb9c221b000 r-xp 00000000 08:01 139881                     /lib/x86_64-linux-gnu/libpng12.so.0.46.0
7fb9c221b000-7fb9c241a000 ---p 00026000 08:01 139881                     /lib/x86_64-linux-gnu/libpng12.so.0.46.0
7fb9c241a000-7fb9c241b000 r--p 00025000 08:01 139881                     /lib/x86_64-linux-gnu/libpng12.so.0.46.0
7fb9c241b000-7fb9c241c000 rw-p 00026000 08:01 139881                     /lib/x86_64-linux-gnu/libpng12.so.0.46.0
7fb9c241c000-7fb9c248a000 r-xp 00000000 08:01 406743                     /usr/lib/x86_64-linux-gnu/libpixman-1.so.0.22.2
7fb9c248a000-7fb9c268a000 ---p 0006e000 08:01 406743                     /usr/lib/x86_64-linux-gnu/libpixman-1.so.0.22.2
7fb9c268a000-7fb9c268f000 r--p 0006e000 08:01 406743                     /usr/lib/x86_64-linux-gnu/libpixman-1.so.0.22.2
7fb9c268f000-7fb9c2690000 rw-p 00073000 08:01 406743                     /usr/lib/x86_64-linux-gnu/libpixman-1.so.0.22.2
7fb9c2690000-7fb9c2695000 r-xp 00000000 08:01 406539                     /usr/lib/x86_64-linux-gnu/libXdmcp.so.6.0.0
7fb9c2695000-7fb9c2894000 ---p 00005000 08:01 406539                     /usr/lib/x86_64-linux-gnu/libXdmcp.so.6.0.0
7fb9c2894000-7fb9c2895000 r--p 00004000 08:01 406539                     /usr/lib/x86_64-linux-gnu/libXdmcp.so.6.0.0
7fb9c2895000-7fb9c2896000 rw-p 00005000 08:01 406539                     /usr/lib/x86_64-linux-gnu/libXdmcp.so.6.0.0
7fb9c2896000-7fb9c2898000 r-xp 00000000 08:01 406531                     /usr/lib/x86_64-linux-gnu/libXau.so.6.0.0
7fb9c2898000-7fb9c2a97000 ---p 00002000 08:01 406531                     /usr/lib/x86_64-linux-gnu/libXau.so.6.0.0
7fb9c2a97000-7fb9c2a98000 r--p 00001000 08:01 406531                     /usr/lib/x86_64-linux-gnu/libXau.so.6.0.0
7fb9c2a98000-7fb9c2a99000 rw-p 00002000 08:01 406531                     /usr/lib/x86_64-linux-gnu/libXau.so.6.0.0
7fb9c2a99000-7fb9c2aaa000 r-xp 00000000 08:01 406571                     /usr/lib/x86_64-linux-gnu/libavahi-client.so.3.2.9
7fb9c2aaa000-7fb9c2caa000 ---p 00011000 08:01 406571                     /usr/lib/x86_64-linux-gnu/libavahi-client.so.3.2.9
7fb9c2caa000-7fb9c2cab000 r--p 00011000 08:01 406571                     /usr/lib/x86_64-linux-gnu/libavahi-client.so.3.2.9
7fb9c2cab000-7fb9c2cac000 rw-p 00012000 08:01 406571                     /usr/lib/x86_64-linux-gnu/libavahi-client.so.3.2.9
7fb9c2cac000-7fb9c2cb9000 r-xp 00000000 08:01 406573                     /usr/lib/x86_64-linux-gnu/libavahi-common.so.3.5.3
7fb9c2cb9000-7fb9c2eb8000 ---p 0000d000 08:01 406573                     /usr/lib/x86_64-linux-gnu/libavahi-common.so.3.5.3
7fb9c2eb8000-7fb9c2eb9000 r--p 0000c000 08:01 406573                     /usr/lib/x86_64-linux-gnu/libavahi-common.so.3.5.3
7fb9c2eb9000-7fb9c2eba000 rw-p 0000d000 08:01 406573                     /usr/lib/x86_64-linux-gnu/libavahi-common.so.3.5.3
7fb9c2eba000-7fb9c2f5b000 r-xp 00000000 08:01 406657                     /usr/lib/x86_64-linux-gnu/libgnutls.so.26.16.14
7fb9c2f5b000-7fb9c315a000 ---p 000a1000 08:01 406657                     /usr/lib/x86_64-linux-gnu/libgnutls.so.26.16.14
7fb9c315a000-7fb9c3161000 r--p 000a0000 08:01 406657                     /usr/lib/x86_64-linux-gnu/libgnutls.so.26.16.14
7fb9c3161000-7fb9c3162000 rw-p 000a7000 08:01 406657                     /usr/lib/x86_64-linux-gnu/libgnutls.so.26.16.14
7fb9c3162000-7fb9c319d000 r-xp 00000000 08:01 406685                     /usr/lib/x86_64-linux-gnu/libgssapi_krb5.so.2.2
7fb9c319d000-7fb9c339d000 ---p 0003b000 08:01 406685                     /usr/lib/x86_64-linux-gnu/libgssapi_krb5.so.2.2
7fb9c339d000-7fb9c339e000 r--p 0003b000 08:01 406685                     /usr/lib/x86_64-linux-gnu/libgssapi_krb5.so.2.2
7fb9c339e000-7fb9c33a0000 rw-p 0003c000 08:01 406685                     /usr/lib/x86_64-linux-gnu/libgssapi_krb5.so.2.2
7fb9c33a0000-7fb9c33db000 r-xp 00000000 08:01 139879                     /lib/x86_64-linux-gnu/libpcre.so.3.12.1
7fb9c33db000-7fb9c35da000 ---p 0003b000 08:01 139879                     /lib/x86_64-linux-gnu/libpcre.so.3.12.1
7fb9c35da000-7fb9c35db000 r--p 0003a000 08:01 139879                     /lib/x86_64-linux-gnu/libpcre.so.3.12.1
7fb9c35db000-7fb9c35dc000 rw-p 0003b000 08:01 139879                     /lib/x86_64-linux-gnu/libpcre.so.3.12.1
7fb9c35dc000-7fb9c35e3000 r-xp 00000000 08:01 396800                     /usr/lib/x86_64-linux-gnu/libffi.so.6.0.0
7fb9c35e3000-7fb9c37e2000 ---p 00007000 08:01 396800                     /usr/lib/x86_64-linux-gnu/libffi.so.6.0.0
7fb9c37e2000-7fb9c37e3000 r--p 00006000 08:01 396800                     /usr/lib/x86_64-linux-gnu/libffi.so.6.0.0
7fb9c37e3000-7fb9c37e4000 rw-p 00007000 08:01 396800                     /usr/lib/x86_64-linux-gnu/libffi.so.6.0.0
7fb9c37e4000-7fb9c380b000 r-xp 00000000 08:01 139838                     /lib/x86_64-linux-gnu/libexpat.so.1.5.2
7fb9c380b000-7fb9c3a0b000 ---p 00027000 08:01 139838                     /lib/x86_64-linux-gnu/libexpat.so.1.5.2
7fb9c3a0b000-7fb9c3a0d000 r--p 00027000 08:01 139838                     /lib/x86_64-linux-gnu/libexpat.so.1.5.2
7fb9c3a0d000-7fb9c3a0e000 rw-p 00029000 08:01 139838                     /lib/x86_64-linux-gnu/libexpat.so.1.5.2
7fb9c3a0e000-7fb9c3aa0000 r-xp 00000000 08:01 406632                     /usr/lib/x86_64-linux-gnu/libfreetype.so.6.6.2
7fb9c3aa0000-7fb9c3c9f000 ---p 00092000 08:01 406632                     /usr/lib/x86_64-linux-gnu/libfreetype.so.6.6.2
7fb9c3c9f000-7fb9c3ca5000 r--p 00091000 08:01 406632                     /usr/lib/x86_64-linux-gnu/libfreetype.so.6.6.2
7fb9c3ca5000-7fb9c3ca6000 rw-p 00097000 08:01 406632                     /usr/lib/x86_64-linux-gnu/libfreetype.so.6.6.2
7fb9c3ca6000-7fb9c3cbd000 r-xp 00000000 08:01 134597                     /lib/x86_64-linux-gnu/libresolv-2.13.so
7fb9c3cbd000-7fb9c3ebd000 ---p 00017000 08:01 134597                     /lib/x86_64-linux-gnu/libresolv-2.13.so
7fb9c3ebd000-7fb9c3ebe000 r--p 00017000 08:01 134597                     /lib/x86_64-linux-gnu/libresolv-2.13.so
7fb9c3ebe000-7fb9c3ebf000 rw-p 00018000 08:01 134597                     /lib/x86_64-linux-gnu/libresolv-2.13.so
7fb9c3ebf000-7fb9c3ec1000 rw-p 00000000 00:00 0 
7fb9c3ec1000-7fb9c3edd000 r-xp 00000000 08:01 139888                     /lib/x86_64-linux-gnu/libselinux.so.1
7fb9c3edd000-7fb9c40dc000 ---p 0001c000 08:01 139888                     /lib/x86_64-linux-gnu/libselinux.so.1
7fb9c40dc000-7fb9c40dd000 r--p 0001b000 08:01 139888                     /lib/x86_64-linux-gnu/libselinux.so.1
7fb9c40dd000-7fb9c40de000 rw-p 0001c000 08:01 139888                     /lib/x86_64-linux-gnu/libselinux.so.1
7fb9c40de000-7fb9c40df000 rw-p 00000000 00:00 0 
7fb9c40df000-7fb9c40e1000 r-xp 00000000 08:01 406537                     /usr/lib/x86_64-linux-gnu/libXdamage.so.1.1.0
7fb9c40e1000-7fb9c42e0000 ---p 00002000 08:01 406537                     /usr/lib/x86_64-linux-gnu/libXdamage.so.1.1.0
7fb9c42e0000-7fb9c42e1000 r--p 00001000 08:01 406537                     /usr/lib/x86_64-linux-gnu/libXdamage.so.1.1.0
7fb9c42e1000-7fb9c42e2000 rw-p 00002000 08:01 406537                     /usr/lib/x86_64-linux-gnu/libXdamage.so.1.1.0
7fb9c42e2000-7fb9c42e4000 r-xp 00000000 08:01 406533                     /usr/lib/x86_64-linux-gnu/libXcomposite.so.1.0.0
7fb9c42e4000-7fb9c44e3000 ---p 00002000 08:01 406533                     /usr/lib/x86_64-linux-gnu/libXcomposite.so.1.0.0
7fb9c44e3000-7fb9c44e4000 r--p 00001000 08:01 406533                     /usr/lib/x86_64-linux-gnu/libXcomposite.so.1.0.0
7fb9c44e4000-7fb9c44e5000 rw-p 00002000 08:01 406533                     /usr/lib/x86_64-linux-gnu/libXcomposite.so.1.0.0
7fb9c44e5000-7fb9c44ee000 r-xp 00000000 08:01 406535                     /usr/lib/x86_64-linux-gnu/libXcursor.so.1.0.2
7fb9c44ee000-7fb9c46ed000 ---p 00009000 08:01 406535                     /usr/lib/x86_64-linux-gnu/libXcursor.so.1.0.2
7fb9c46ed000-7fb9c46ee000 r--p 00008000 08:01 406535                     /usr/lib/x86_64-linux-gnu/libXcursor.so.1.0.2
7fb9c46ee000-7fb9c46ef000 rw-p 00009000 08:01 406535                     /usr/lib/x86_64-linux-gnu/libXcursor.so.1.0.2
7fb9c46ef000-7fb9c46f7000 r-xp 00000000 08:01 406551                     /usr/lib/x86_64-linux-gnu/libXrandr.so.2.2.0
7fb9c46f7000-7fb9c48f6000 ---p 00008000 08:01 406551                     /usr/lib/x86_64-linux-gnu/libXrandr.so.2.2.0
7fb9c48f6000-7fb9c48f7000 r--p 00007000 08:01 406551                     /usr/lib/x86_64-linux-gnu/libXrandr.so.2.2.0
7fb9c48f7000-7fb9c48f8000 rw-p 00008000 08:01 406551                     /usr/lib/x86_64-linux-gnu/libXrandr.so.2.2.0
7fb9c48f8000-7fb9c48fa000 r-xp 00000000 08:01 406549                     /usr/lib/x86_64-linux-gnu/libXinerama.so.1.0.0
7fb9c48fa000-7fb9c4af9000 ---p 00002000 08:01 406549                     /usr/lib/x86_64-linux-gnu/libXinerama.so.1.0.0
7fb9c4af9000-7fb9c4afa000 r--p 00001000 08:01 406549                     /usr/lib/x86_64-linux-gnu/libXinerama.so.1.0.0
7fb9c4afa000-7fb9c4afb000 rw-p 00002000 08:01 406549                     /usr/lib/x86_64-linux-gnu/libXinerama.so.1.0.0
7fb9c4afb000-7fb9c4afe000 r-xp 00000000 08:01 395217                     /usr/lib/x86_64-linux-gnu/libgmodule-2.0.so.0.3000.0
7fb9c4afe000-7fb9c4cfd000 ---p 00003000 08:01 395217                     /usr/lib/x86_64-linux-gnu/libgmodule-2.0.so.0.3000.0
7fb9c4cfd000-7fb9c4cfe000 r--p 00002000 08:01 395217                     /usr/lib/x86_64-linux-gnu/libgmodule-2.0.so.0.3000.0
7fb9c4cfe000-7fb9c4cff000 rw-p 00003000 08:01 395217                     /usr/lib/x86_64-linux-gnu/libgmodule-2.0.so.0.3000.0
7fb9c4cff000-7fb9c4d29000 r-xp 00000000 08:01 397305                     /usr/lib/x86_64-linux-gnu/libpangoft2-1.0.so.0.2903.0
7fb9c4d29000-7fb9c4f28000 ---p 0002a000 08:01 397305                     /usr/lib/x86_64-linux-gnu/libpangoft2-1.0.so.0.2903.0
7fb9c4f28000-7fb9c4f29000 r--p 00029000 08:01 397305                     /usr/lib/x86_64-linux-gnu/libpangoft2-1.0.so.0.2903.0
7fb9c4f29000-7fb9c4f2a000 rw-p 0002a000 08:01 397305                     /usr/lib/x86_64-linux-gnu/libpangoft2-1.0.so.0.2903.0
7fb9c4f2a000-7fb9c4fe3000 r-xp 00000000 08:01 406593                     /usr/lib/x86_64-linux-gnu/libcairo.so.2.11000.2
7fb9c4fe3000-7fb9c51e2000 ---p 000b9000 08:01 406593                     /usr/lib/x86_64-linux-gnu/libcairo.so.2.11000.2
7fb9c51e2000-7fb9c51e4000 r--p 000b8000 08:01 406593                     /usr/lib/x86_64-linux-gnu/libcairo.so.2.11000.2
7fb9c51e4000-7fb9c51e5000 rw-p 000ba000 08:01 406593                     /usr/lib/x86_64-linux-gnu/libcairo.so.2.11000.2
7fb9c51e5000-7fb9c51e8000 rw-p 00000000 00:00 0 
7fb9c51e8000-7fb9c5207000 r-xp 00000000 08:01 394856                     /usr/lib/x86_64-linux-gnu/libatk-1.0.so.0.20209.1
7fb9c5207000-7fb9c5407000 ---p 0001f000 08:01 394856                     /usr/lib/x86_64-linux-gnu/libatk-1.0.so.0.20209.1
7fb9c5407000-7fb9c5409000 r--p 0001f000 08:01 394856                     /usr/lib/x86_64-linux-gnu/libatk-1.0.so.0.20209.1
7fb9c5409000-7fb9c540a000 rw-p 00021000 08:01 394856                     /usr/lib/x86_64-linux-gnu/libatk-1.0.so.0.20209.1
7fb9c540a000-7fb9c540f000 r-xp 00000000 08:01 406543                     /usr/lib/x86_64-linux-gnu/libXfixes.so.3.1.0
7fb9c540f000-7fb9c560e000 ---p 00005000 08:01 406543                     /usr/lib/x86_64-linux-gnu/libXfixes.so.3.1.0
7fb9c560e000-7fb9c560f000 r--p 00004000 08:01 406543                     /usr/lib/x86_64-linux-gnu/libXfixes.so.3.1.0
7fb9c560f000-7fb9c5610000 rw-p 00005000 08:01 406543                     /usr/lib/x86_64-linux-gnu/libXfixes.so.3.1.0
7fb9c5610000-7fb9c561b000 r-xp 00000000 08:01 397309                     /usr/lib/x86_64-linux-gnu/libpangocairo-1.0.so.0.2903.0
7fb9c561b000-7fb9c581b000 ---p 0000b000 08:01 397309                     /usr/lib/x86_64-linux-gnu/libpangocairo-1.0.so.0.2903.0
7fb9c581b000-7fb9c581c000 r--p 0000b000 08:01 397309                     /usr/lib/x86_64-linux-gnu/libpangocairo-1.0.so.0.2903.0
7fb9c581c000-7fb9c581d000 rw-p 0000c000 08:01 397309                     /usr/lib/x86_64-linux-gnu/libpangocairo-1.0.so.0.2903.0
7fb9c581d000-7fb9c5838000 r-xp 00000000 08:01 406817                     /usr/lib/x86_64-linux-gnu/libxcb.so.1.1.0
7fb9c5838000-7fb9c5a37000 ---p 0001b000 08:01 406817                     /usr/lib/x86_64-linux-gnu/libxcb.so.1.1.0
7fb9c5a37000-7fb9c5a38000 r--p 0001a000 08:01 406817                     /usr/lib/x86_64-linux-gnu/libxcb.so.1.1.0
7fb9c5a38000-7fb9c5a39000 rw-p 0001b000 08:01 406817                     /usr/lib/x86_64-linux-gnu/libxcb.so.1.1.0
7fb9c5a39000-7fb9c5a87000 r-xp 00000000 08:01 400264                     /usr/lib/x86_64-linux-gnu/libcups.so.2
7fb9c5a87000-7fb9c5c87000 ---p 0004e000 08:01 400264                     /usr/lib/x86_64-linux-gnu/libcups.so.2
7fb9c5c87000-7fb9c5c8b000 r--p 0004e000 08:01 400264                     /usr/lib/x86_64-linux-gnu/libcups.so.2
7fb9c5c8b000-7fb9c5c8c000 rw-p 00052000 08:01 400264                     /usr/lib/x86_64-linux-gnu/libcups.so.2
7fb9c5c8c000-7fb9c5d80000 r-xp 00000000 08:01 134283                     /lib/x86_64-linux-gnu/libglib-2.0.so.0.3000.0
7fb9c5d80000-7fb9c5f7f000 ---p 000f4000 08:01 134283                     /lib/x86_64-linux-gnu/libglib-2.0.so.0.3000.0
7fb9c5f7f000-7fb9c5f80000 r--p 000f3000 08:01 134283                     /lib/x86_64-linux-gnu/libglib-2.0.so.0.3000.0
7fb9c5f80000-7fb9c5f81000 rw-p 000f4000 08:01 134283                     /lib/x86_64-linux-gnu/libglib-2.0.so.0.3000.0
7fb9c5f81000-7fb9c5f82000 rw-p 00000000 00:00 0 
7fb9c5f82000-7fb9c5f86000 r-xp 00000000 08:01 394708                     /usr/lib/x86_64-linux-gnu/libgthread-2.0.so.0.3000.0
7fb9c5f86000-7fb9c6185000 ---p 00004000 08:01 394708                     /usr/lib/x86_64-linux-gnu/libgthread-2.0.so.0.3000.0
7fb9c6185000-7fb9c6186000 r--p 00003000 08:01 394708                     /usr/lib/x86_64-linux-gnu/libgthread-2.0.so.0.3000.0
7fb9c6186000-7fb9c6187000 rw-p 00004000 08:01 394708                     /usr/lib/x86_64-linux-gnu/libgthread-2.0.so.0.3000.0
7fb9c6187000-7fb9c61d5000 r-xp 00000000 08:01 394707                     /usr/lib/x86_64-linux-gnu/libgobject-2.0.so.0.3000.0
7fb9c61d5000-7fb9c63d5000 ---p 0004e000 08:01 394707                     /usr/lib/x86_64-linux-gnu/libgobject-2.0.so.0.3000.0
7fb9c63d5000-7fb9c63d6000 r--p 0004e000 08:01 394707                     /usr/lib/x86_64-linux-gnu/libgobject-2.0.so.0.3000.0
7fb9c63d6000-7fb9c63d7000 rw-p 0004f000 08:01 394707                     /usr/lib/x86_64-linux-gnu/libgobject-2.0.so.0.3000.0
7fb9c63d7000-7fb9c63d8000 rw-p 00000000 00:00 0 
7fb9c63d8000-7fb9c640c000 r-xp 00000000 08:01 406630                     /usr/lib/x86_64-linux-gnu/libfontconfig.so.1.4.4
7fb9c640c000-7fb9c660c000 ---p 00034000 08:01 406630                     /usr/lib/x86_64-linux-gnu/libfontconfig.so.1.4.4
7fb9c660c000-7fb9c660d000 r--p 00034000 08:01 406630                     /usr/lib/x86_64-linux-gnu/libfontconfig.so.1.4.4
7fb9c660d000-7fb9c660e000 rw-p 00035000 08:01 406630                     /usr/lib/x86_64-linux-gnu/libfontconfig.so.1.4.4
7fb9c660e000-7fb9c6655000 r-xp 00000000 08:01 397304                     /usr/lib/x86_64-linux-gnu/libpango-1.0.so.0.2903.0
7fb9c6655000-7fb9c6855000 ---p 00047000 08:01 397304                     /usr/lib/x86_64-linux-gnu/libpango-1.0.so.0.2903.0
7fb9c6855000-7fb9c6857000 r--p 00047000 08:01 397304                     /usr/lib/x86_64-linux-gnu/libpango-1.0.so.0.2903.0
7fb9c6857000-7fb9c6858000 rw-p 00049000 08:01 397304                     /usr/lib/x86_64-linux-gnu/libpango-1.0.so.0.2903.0
7fb9c6858000-7fb9c6876000 r-xp 00000000 08:01 394128                     /usr/lib/x86_64-linux-gnu/libgdk_pixbuf-2.0.so.0.2400.0
7fb9c6876000-7fb9c6a75000 ---p 0001e000 08:01 394128                     /usr/lib/x86_64-linux-gnu/libgdk_pixbuf-2.0.so.0.2400.0
7fb9c6a75000-7fb9c6a76000 r--p 0001d000 08:01 394128                     /usr/lib/x86_64-linux-gnu/libgdk_pixbuf-2.0.so.0.2400.0
7fb9c6a76000-7fb9c6a77000 rw-p 0001e000 08:01 394128                     /usr/lib/x86_64-linux-gnu/libgdk_pixbuf-2.0.so.0.2400.0
7fb9c6a77000-7fb9c6bb2000 r-xp 00000000 08:01 394685                     /usr/lib/x86_64-linux-gnu/libgio-2.0.so.0.3000.0
7fb9c6bb2000-7fb9c6db1000 ---p 0013b000 08:01 394685                     /usr/lib/x86_64-linux-gnu/libgio-2.0.so.0.3000.0
7fb9c6db1000-7fb9c6db5000 r--p 0013a000 08:01 394685                     /usr/lib/x86_64-linux-gnu/libgio-2.0.so.0.3000.0
7fb9c6db5000-7fb9c6db7000 rw-p 0013e000 08:01 394685                     /usr/lib/x86_64-linux-gnu/libgio-2.0.so.0.3000.0
7fb9c6db7000-7fb9c6db9000 rw-p 00000000 00:00 0 
7fb9c6db9000-7fb9c6e66000 r-xp 00000000 08:01 397253                     /usr/lib/x86_64-linux-gnu/libgdk-x11-2.0.so.0.2400.6
7fb9c6e66000-7fb9c7065000 ---p 000ad000 08:01 397253                     /usr/lib/x86_64-linux-gnu/libgdk-x11-2.0.so.0.2400.6
7fb9c7065000-7fb9c7069000 r--p 000ac000 08:01 397253                     /usr/lib/x86_64-linux-gnu/libgdk-x11-2.0.so.0.2400.6
7fb9c7069000-7fb9c706b000 rw-p 000b0000 08:01 397253                     /usr/lib/x86_64-linux-gnu/libgdk-x11-2.0.so.0.2400.6
7fb9c706b000-7fb9c749a000 r-xp 00000000 08:01 397246                     /usr/lib/x86_64-linux-gnu/libgtk-x11-2.0.so.0.2400.6
7fb9c749a000-7fb9c769a000 ---p 0042f000 08:01 397246                     /usr/lib/x86_64-linux-gnu/libgtk-x11-2.0.so.0.2400.6
7fb9c769a000-7fb9c76a1000 r--p 0042f000 08:01 397246                     /usr/lib/x86_64-linux-gnu/libgtk-x11-2.0.so.0.2400.6
7fb9c76a1000-7fb9c76a5000 rw-p 00436000 08:01 397246                     /usr/lib/x86_64-linux-gnu/libgtk-x11-2.0.so.0.2400.6
7fb9c76a5000-7fb9c76a7000 rw-p 00000000 00:00 0 
7fb9c76a7000-7fb9c76b6000 r-xp 00000000 08:01 406547                     /usr/lib/x86_64-linux-gnu/libXi.so.6.1.0
7fb9c76b6000-7fb9c78b5000 ---p 0000f000 08:01 406547                     /usr/lib/x86_64-linux-gnu/libXi.so.6.1.0
7fb9c78b5000-7fb9c78b6000 r--p 0000e000 08:01 406547                     /usr/lib/x86_64-linux-gnu/libXi.so.6.1.0
7fb9c78b6000-7fb9c78b7000 rw-p 0000f000 08:01 406547                     /usr/lib/x86_64-linux-gnu/libXi.so.6.1.0
7fb9c78b7000-7fb9c78bc000 r-xp 00000000 08:01 398564                     /usr/lib/libXtst.so.6.1.0
7fb9c78bc000-7fb9c7abb000 ---p 00005000 08:01 398564                     /usr/lib/libXtst.so.6.1.0
7fb9c7abb000-7fb9c7abc000 r--p 00004000 08:01 398564                     /usr/lib/libXtst.so.6.1.0
7fb9c7abc000-7fb9c7abd000 rw-p 00005000 08:01 398564                     /usr/lib/libXtst.so.6.1.0
7fb9c7abd000-7fb9c7ac6000 r-xp 00000000 08:01 406553                     /usr/lib/x86_64-linux-gnu/libXrender.so.1.3.0
7fb9c7ac6000-7fb9c7cc6000 ---p 00009000 08:01 406553                     /usr/lib/x86_64-linux-gnu/libXrender.so.1.3.0
7fb9c7cc6000-7fb9c7cc7000 r--p 00009000 08:01 406553                     /usr/lib/x86_64-linux-gnu/libXrender.so.1.3.0
7fb9c7cc7000-7fb9c7cc8000 rw-p 0000a000 08:01 406553                     /usr/lib/x86_64-linux-gnu/libXrender.so.1.3.0
7fb9c7cc8000-7fb9c7dfb000 r-xp 00000000 08:01 406471                     /usr/lib/x86_64-linux-gnu/libX11.so.6.3.0
7fb9c7dfb000-7fb9c7ffb000 ---p 00133000 08:01 406471                     /usr/lib/x86_64-linux-gnu/libX11.so.6.3.0
7fb9c7ffb000-7fb9c7ffc000 r--p 00133000 08:01 406471                     /usr/lib/x86_64-linux-gnu/libX11.so.6.3.0
7fb9c7ffc000-7fb9c8000000 rw-p 00134000 08:01 406471                     /usr/lib/x86_64-linux-gnu/libX11.so.6.3.0
7fb9c8000000-7fb9c8293000 rw-p 00000000 00:00 0 
7fb9c8293000-7fb9cc000000 ---p 00000000 00:00 0 
7fb9cc021000-7fb9cc052000 rw-p 00000000 00:00 0 
7fb9cc052000-7fb9cc055000 ---p 00000000 00:00 0 
7fb9cc055000-7fb9cc06c000 rw-p 00000000 00:00 0 
7fb9cc06c000-7fb9cc06f000 ---p 00000000 00:00 0 
7fb9cc06f000-7fb9cc16d000 rw-p 00000000 00:00 0 
7fb9cc16d000-7fb9cc17f000 r-xp 00000000 08:01 406541                     /usr/lib/x86_64-linux-gnu/libXext.so.6.4.0
7fb9cc17f000-7fb9cc37e000 ---p 00012000 08:01 406541                     /usr/lib/x86_64-linux-gnu/libXext.so.6.4.0
7fb9cc37e000-7fb9cc37f000 r--p 00011000 08:01 406541                     /usr/lib/x86_64-linux-gnu/libXext.so.6.4.0
7fb9cc37f000-7fb9cc380000 rw-p 00012000 08:01 406541                     /usr/lib/x86_64-linux-gnu/libXext.so.6.4.0
7fb9cc380000-7fb9cc3a3000 r--p 00000000 08:01 675061                     /usr/share/locale-langpack/fr/LC_MESSAGES/libc.mo
7fb9cc3a3000-7fb9cc3f5000 r-xp 00000000 08:01 401973                     /usr/lib/jvm/java-7-openjdk-amd64/jre/lib/amd64/xawt/libmawt.so
7fb9cc3f5000-7fb9cc5f5000 ---p 00052000 08:01 401973                     /usr/lib/jvm/java-7-openjdk-amd64/jre/lib/amd64/xawt/libmawt.so
7fb9cc5f5000-7fb9cc5f6000 r--p 00052000 08:01 401973                     /usr/lib/jvm/java-7-openjdk-amd64/jre/lib/amd64/xawt/libmawt.so
7fb9cc5f6000-7fb9cc5f9000 rw-p 00053000 08:01 401973                     /usr/lib/jvm/java-7-openjdk-amd64/jre/lib/amd64/xawt/libmawt.so
7fb9cc5f9000-7fb9cc5fa000 rw-p 00000000 00:00 0 
7fb9cc5fa000-7fb9cc69c000 r-xp 00000000 08:01 398111                     /usr/lib/jvm/java-7-openjdk-amd64/jre/lib/amd64/libawt.so
7fb9cc69c000-7fb9cc89b000 ---p 000a2000 08:01 398111                     /usr/lib/jvm/java-7-openjdk-amd64/jre/lib/amd64/libawt.so
7fb9cc89b000-7fb9cc89c000 r--p 000a1000 08:01 398111                     /usr/lib/jvm/java-7-openjdk-amd64/jre/lib/amd64/libawt.so
7fb9cc89c000-7fb9cc8a7000 rw-p 000a2000 08:01 398111                     /usr/lib/jvm/java-7-openjdk-amd64/jre/lib/amd64/libawt.so
7fb9cc8a7000-7fb9cc8cc000 rw-p 00000000 00:00 0 
7fb9cc8cc000-7fb9cc8cd000 ---p 00000000 00:00 0 
7fb9cc8cd000-7fb9cc9cd000 rw-p 00000000 00:00 0 
7fb9cc9cd000-7fb9cc9d0000 ---p 00000000 00:00 0 
7fb9cc9d0000-7fb9ccace000 rw-p 00000000 00:00 0 
7fb9ccace000-7fb9ccad1000 ---p 00000000 00:00 0 
7fb9ccad1000-7fb9ccbcf000 rw-p 00000000 00:00 0 
7fb9ccbcf000-7fb9ccbd2000 ---p 00000000 00:00 0 
7fb9ccbd2000-7fb9cccd0000 rw-p 00000000 00:00 0 
7fb9cccd0000-7fb9cccd3000 ---p 00000000 00:00 0 
7fb9cccd3000-7fb9ccdd1000 rw-p 00000000 00:00 0 
7fb9ccdd1000-7fb9cd4be000 r--p 00000000 08:01 403488                     /usr/lib/locale/locale-archive
7fb9cd4be000-7fb9cd4c1000 ---p 00000000 00:00 0 
7fb9cd4c1000-7fb9cd5bf000 rw-p 00000000 00:00 0 
7fb9cd5bf000-7fb9cd5c2000 ---p 00000000 00:00 0 
7fb9cd5c2000-7fb9cd6c0000 rw-p 00000000 00:00 0 
7fb9cd6c0000-7fb9cd6c1000 ---p 00000000 00:00 0 
7fb9cd6c1000-7fb9cdb30000 rw-p 00000000 00:00 0 
7fb9cdb30000-7fb9cdcde000 r--s 03e76000 08:01 396788                     /usr/lib/jvm/java-7-openjdk-amd64/jre/lib/rt.jar
7fb9cdcde000-7fb9cdd06000 rw-p 00000000 00:00 0 
7fb9cdd06000-7fb9cdd07000 ---p 00000000 00:00 0 
7fb9cdd07000-7fb9cde07000 rw-p 00000000 00:00 0 
7fb9cde07000-7fb9cde08000 ---p 00000000 00:00 0 
7fb9cde08000-7fb9cdf13000 rw-p 00000000 00:00 0 
7fb9cdf13000-7fb9cdf5b000 rw-p 00000000 00:00 0 
7fb9cdf5b000-7fb9cdf70000 rw-p 00000000 00:00 0 
7fb9cdf70000-7fb9ce0a6000 rw-p 00000000 00:00 0 
7fb9ce0a6000-7fb9ce0b1000 rw-p 00000000 00:00 0 
7fb9ce0b1000-7fb9ce0f9000 rw-p 00000000 00:00 0 
7fb9ce0f9000-7fb9ce10e000 rw-p 00000000 00:00 0 
7fb9ce10e000-7fb9ce243000 rw-p 00000000 00:00 0 
7fb9ce243000-7fb9ce24e000 rw-p 00000000 00:00 0 
7fb9ce24e000-7fb9ce2e9000 rw-p 00000000 00:00 0 
7fb9ce2e9000-7fb9ce2ea000 rw-p 00000000 00:00 0 
7fb9ce2ea000-7fb9ce55a000 rwxp 00000000 00:00 0 
7fb9ce55a000-7fb9d12ea000 rw-p 00000000 00:00 0 
7fb9d12ea000-7fb9d12f2000 r-xp 00000000 08:01 399895                     /usr/lib/jvm/java-7-openjdk-amd64/jre/lib/amd64/libzip.so
7fb9d12f2000-7fb9d14f1000 ---p 00008000 08:01 399895                     /usr/lib/jvm/java-7-openjdk-amd64/jre/lib/amd64/libzip.so
7fb9d14f1000-7fb9d14f2000 r--p 00007000 08:01 399895                     /usr/lib/jvm/java-7-openjdk-amd64/jre/lib/amd64/libzip.so
7fb9d14f2000-7fb9d14f3000 rw-p 00008000 08:01 399895                     /usr/lib/jvm/java-7-openjdk-amd64/jre/lib/amd64/libzip.so
7fb9d14f3000-7fb9d14ff000 r-xp 00000000 08:01 134596                     /lib/x86_64-linux-gnu/libnss_files-2.13.so
7fb9d14ff000-7fb9d16fe000 ---p 0000c000 08:01 134596                     /lib/x86_64-linux-gnu/libnss_files-2.13.so
7fb9d16fe000-7fb9d16ff000 r--p 0000b000 08:01 134596                     /lib/x86_64-linux-gnu/libnss_files-2.13.so
7fb9d16ff000-7fb9d1700000 rw-p 0000c000 08:01 134596                     /lib/x86_64-linux-gnu/libnss_files-2.13.so
7fb9d1700000-7fb9d170a000 r-xp 00000000 08:01 134607                     /lib/x86_64-linux-gnu/libnss_nis-2.13.so
7fb9d170a000-7fb9d190a000 ---p 0000a000 08:01 134607                     /lib/x86_64-linux-gnu/libnss_nis-2.13.so
7fb9d190a000-7fb9d190b000 r--p 0000a000 08:01 134607                     /lib/x86_64-linux-gnu/libnss_nis-2.13.so
7fb9d190b000-7fb9d190c000 rw-p 0000b000 08:01 134607                     /lib/x86_64-linux-gnu/libnss_nis-2.13.so
7fb9d190c000-7fb9d1923000 r-xp 00000000 08:01 134591                     /lib/x86_64-linux-gnu/libnsl-2.13.so
7fb9d1923000-7fb9d1b22000 ---p 00017000 08:01 134591                     /lib/x86_64-linux-gnu/libnsl-2.13.so
7fb9d1b22000-7fb9d1b23000 r--p 00016000 08:01 134591                     /lib/x86_64-linux-gnu/libnsl-2.13.so
7fb9d1b23000-7fb9d1b24000 rw-p 00017000 08:01 134591                     /lib/x86_64-linux-gnu/libnsl-2.13.so
7fb9d1b24000-7fb9d1b26000 rw-p 00000000 00:00 0 
7fb9d1b26000-7fb9d1b2e000 r-xp 00000000 08:01 134588                     /lib/x86_64-linux-gnu/libnss_compat-2.13.so
7fb9d1b2e000-7fb9d1d2d000 ---p 00008000 08:01 134588                     /lib/x86_64-linux-gnu/libnss_compat-2.13.so
7fb9d1d2d000-7fb9d1d2e000 r--p 00007000 08:01 134588                     /lib/x86_64-linux-gnu/libnss_compat-2.13.so
7fb9d1d2e000-7fb9d1d2f000 rw-p 00008000 08:01 134588                     /lib/x86_64-linux-gnu/libnss_compat-2.13.so
7fb9d1d2f000-7fb9d1d58000 r-xp 00000000 08:01 398578                     /usr/lib/jvm/java-7-openjdk-amd64/jre/lib/amd64/libjava.so
7fb9d1d58000-7fb9d1f57000 ---p 00029000 08:01 398578                     /usr/lib/jvm/java-7-openjdk-amd64/jre/lib/amd64/libjava.so
7fb9d1f57000-7fb9d1f58000 r--p 00028000 08:01 398578                     /usr/lib/jvm/java-7-openjdk-amd64/jre/lib/amd64/libjava.so
7fb9d1f58000-7fb9d1f5a000 rw-p 00029000 08:01 398578                     /usr/lib/jvm/java-7-openjdk-amd64/jre/lib/amd64/libjava.so
7fb9d1f5a000-7fb9d1f68000 r-xp 00000000 08:01 399894                     /usr/lib/jvm/java-7-openjdk-amd64/jre/lib/amd64/libverify.so
7fb9d1f68000-7fb9d2167000 ---p 0000e000 08:01 399894                     /usr/lib/jvm/java-7-openjdk-amd64/jre/lib/amd64/libverify.so
7fb9d2167000-7fb9d2169000 r--p 0000d000 08:01 399894                     /usr/lib/jvm/java-7-openjdk-amd64/jre/lib/amd64/libverify.so
7fb9d2169000-7fb9d216a000 rw-p 0000f000 08:01 399894                     /usr/lib/jvm/java-7-openjdk-amd64/jre/lib/amd64/libverify.so
7fb9d216a000-7fb9d2171000 r-xp 00000000 08:01 134577                     /lib/x86_64-linux-gnu/librt-2.13.so
7fb9d2171000-7fb9d2370000 ---p 00007000 08:01 134577                     /lib/x86_64-linux-gnu/librt-2.13.so
7fb9d2370000-7fb9d2371000 r--p 00006000 08:01 134577                     /lib/x86_64-linux-gnu/librt-2.13.so
7fb9d2371000-7fb9d2372000 rw-p 00007000 08:01 134577                     /lib/x86_64-linux-gnu/librt-2.13.so
7fb9d2372000-7fb9d2387000 r-xp 00000000 08:01 131748                     /lib/x86_64-linux-gnu/libgcc_s.so.1
7fb9d2387000-7fb9d2586000 ---p 00015000 08:01 131748                     /lib/x86_64-linux-gnu/libgcc_s.so.1
7fb9d2586000-7fb9d2587000 r--p 00014000 08:01 131748                     /lib/x86_64-linux-gnu/libgcc_s.so.1
7fb9d2587000-7fb9d2588000 rw-p 00015000 08:01 131748                     /lib/x86_64-linux-gnu/libgcc_s.so.1
7fb9d2588000-7fb9d260b000 r-xp 00000000 08:01 134673                     /lib/x86_64-linux-gnu/libm-2.13.so
7fb9d260b000-7fb9d280a000 ---p 00083000 08:01 134673                     /lib/x86_64-linux-gnu/libm-2.13.so
7fb9d280a000-7fb9d280b000 r--p 00082000 08:01 134673                     /lib/x86_64-linux-gnu/libm-2.13.so
7fb9d280b000-7fb9d280c000 rw-p 00083000 08:01 134673                     /lib/x86_64-linux-gnu/libm-2.13.so
7fb9d280c000-7fb9d28f4000 r-xp 00000000 08:01 398097                     /usr/lib/x86_64-linux-gnu/libstdc++.so.6.0.16
7fb9d28f4000-7fb9d2af4000 ---p 000e8000 08:01 398097                     /usr/lib/x86_64-linux-gnu/libstdc++.so.6.0.16
7fb9d2af4000-7fb9d2afc000 r--p 000e8000 08:01 398097                     /usr/lib/x86_64-linux-gnu/libstdc++.so.6.0.16
7fb9d2afc000-7fb9d2afe000 rw-p 000f0000 08:01 398097                     /usr/lib/x86_64-linux-gnu/libstdc++.so.6.0.16
7fb9d2afe000-7fb9d2b13000 rw-p 00000000 00:00 0 
7fb9d2b13000-7fb9d349a000 r-xp 00000000 08:01 399897                     /usr/lib/jvm/java-7-openjdk-amd64/jre/lib/amd64/server/libjvm.so
7fb9d349a000-7fb9d3699000 ---p 00987000 08:01 399897                     /usr/lib/jvm/java-7-openjdk-amd64/jre/lib/amd64/server/libjvm.so
7fb9d3699000-7fb9d3717000 r--p 00986000 08:01 399897                     /usr/lib/jvm/java-7-openjdk-amd64/jre/lib/amd64/server/libjvm.so
7fb9d3717000-7fb9d3732000 rw-p 00a04000 08:01 399897                     /usr/lib/jvm/java-7-openjdk-amd64/jre/lib/amd64/server/libjvm.so
7fb9d3732000-7fb9d375d000 rw-p 00000000 00:00 0 
7fb9d375d000-7fb9d3775000 r-xp 00000000 08:01 134606                     /lib/x86_64-linux-gnu/libpthread-2.13.so
7fb9d3775000-7fb9d3974000 ---p 00018000 08:01 134606                     /lib/x86_64-linux-gnu/libpthread-2.13.so
7fb9d3974000-7fb9d3975000 r--p 00017000 08:01 134606                     /lib/x86_64-linux-gnu/libpthread-2.13.so
7fb9d3975000-7fb9d3976000 rw-p 00018000 08:01 134606                     /lib/x86_64-linux-gnu/libpthread-2.13.so
7fb9d3976000-7fb9d397a000 rw-p 00000000 00:00 0 
7fb9d397a000-7fb9d3991000 r-xp 00000000 08:01 139905                     /lib/x86_64-linux-gnu/libz.so.1.2.3.4
7fb9d3991000-7fb9d3b90000 ---p 00017000 08:01 139905                     /lib/x86_64-linux-gnu/libz.so.1.2.3.4
7fb9d3b90000-7fb9d3b91000 r--p 00016000 08:01 139905                     /lib/x86_64-linux-gnu/libz.so.1.2.3.4
7fb9d3b91000-7fb9d3b92000 rw-p 00017000 08:01 139905                     /lib/x86_64-linux-gnu/libz.so.1.2.3.4
7fb9d3b92000-7fb9d3b94000 r-xp 00000000 08:01 134594                     /lib/x86_64-linux-gnu/libdl-2.13.so
7fb9d3b94000-7fb9d3d94000 ---p 00002000 08:01 134594                     /lib/x86_64-linux-gnu/libdl-2.13.so
7fb9d3d94000-7fb9d3d95000 r--p 00002000 08:01 134594                     /lib/x86_64-linux-gnu/libdl-2.13.so
7fb9d3d95000-7fb9d3d96000 rw-p 00003000 08:01 134594                     /lib/x86_64-linux-gnu/libdl-2.13.so
7fb9d3d96000-7fb9d3f2b000 r-xp 00000000 08:01 134593                     /lib/x86_64-linux-gnu/libc-2.13.so
7fb9d3f2b000-7fb9d412a000 ---p 00195000 08:01 134593                     /lib/x86_64-linux-gnu/libc-2.13.so
7fb9d412a000-7fb9d412e000 r--p 00194000 08:01 134593                     /lib/x86_64-linux-gnu/libc-2.13.so
7fb9d412e000-7fb9d412f000 rw-p 00198000 08:01 134593                     /lib/x86_64-linux-gnu/libc-2.13.so
7fb9d412f000-7fb9d4135000 rw-p 00000000 00:00 0 
7fb9d4135000-7fb9d4141000 r-xp 00000000 08:01 397479                     /usr/lib/jvm/java-7-openjdk-amd64/jre/lib/amd64/jli/libjli.so
7fb9d4141000-7fb9d4340000 ---p 0000c000 08:01 397479                     /usr/lib/jvm/java-7-openjdk-amd64/jre/lib/amd64/jli/libjli.so
7fb9d4340000-7fb9d4341000 r--p 0000b000 08:01 397479                     /usr/lib/jvm/java-7-openjdk-amd64/jre/lib/amd64/jli/libjli.so
7fb9d4341000-7fb9d4342000 rw-p 0000c000 08:01 397479                     /usr/lib/jvm/java-7-openjdk-amd64/jre/lib/amd64/jli/libjli.so
7fb9d4342000-7fb9d4363000 r-xp 00000000 08:01 134600                     /lib/x86_64-linux-gnu/ld-2.13.so
7fb9d4363000-7fb9d4367000 r--s 0009f000 08:01 396465                     /usr/lib/jvm/java-7-openjdk-common/jre/lib/jsse.jar
7fb9d4367000-7fb9d4370000 r--s 00263000 08:01 396683                     /usr/lib/jvm/java-7-openjdk-common/jre/lib/resources.jar
7fb9d4370000-7fb9d4377000 r--s 00000000 08:01 663199                     /usr/lib/x86_64-linux-gnu/gconv/gconv-modules.cache
7fb9d4377000-7fb9d4381000 rw-p 00000000 00:00 0 
7fb9d4381000-7fb9d4437000 rw-p 00000000 00:00 0 
7fb9d4437000-7fb9d443a000 ---p 00000000 00:00 0 
7fb9d443a000-7fb9d453e000 rw-p 00000000 00:00 0 
7fb9d453e000-7fb9d453f000 r--p 00000000 00:00 0 
7fb9d453f000-7fb9d4542000 r--s 00032000 08:01 395025                     /usr/lib/jvm/java-7-openjdk-common/jre/lib/ext/sunjce_provider.jar
7fb9d4542000-7fb9d4545000 r--s 00085000 08:01 395002                     /usr/lib/jvm/java-7-openjdk-common/jre/lib/ext/localedata.jar
7fb9d4545000-7fb9d4546000 r--s 00002000 08:01 394906                     /usr/lib/jvm/java-7-openjdk-common/jre/lib/ext/dnsns.jar
7fb9d4546000-7fb9d4549000 r--s 0003c000 08:01 394890                     /usr/lib/jvm/java-7-openjdk-common/jre/lib/ext/sunpkcs11.jar
7fb9d4549000-7fb9d454b000 r--s 00012000 08:01 395160                     /usr/lib/jvm/java-7-openjdk-common/jre/lib/ext/zipfs.jar
7fb9d454b000-7fb9d454e000 r--s 0000f000 08:01 395194                     /usr/lib/jvm/java-7-openjdk-common/jre/lib/ext/pulse-java.jar
7fb9d454e000-7fb9d4556000 r--s 00066000 08:01 676447                     /usr/share/java/gnome-java-bridge.jar
7fb9d4556000-7fb9d455e000 rw-s 00000000 08:01 268485                     /tmp/hsperfdata_guillaume/2810
7fb9d455e000-7fb9d455f000 rw-p 00000000 00:00 0 
7fb9d455f000-7fb9d4560000 r--p 00000000 00:00 0 
7fb9d4560000-7fb9d4562000 rw-p 00000000 00:00 0 
7fb9d4562000-7fb9d4563000 r--p 00020000 08:01 134600                     /lib/x86_64-linux-gnu/ld-2.13.so
7fb9d4563000-7fb9d4565000 rw-p 00021000 08:01 134600                     /lib/x86_64-linux-gnu/ld-2.13.so
7fff44f03000-7fff44f24000 rw-p 00000000 00:00 0                          [stack]
7fff44fff000-7fff45000000 r-xp 00000000 00:00 0                          [vdso]
ffffffffff600000-ffffffffff601000 r-xp 00000000 00:00 0                  [vsyscall]
ffffffffff600000-ffffffffff601000 r-xp 00000000 00:00 0                  [vsyscall]

VM Arguments:
jvm_args: -Dfile.encoding=UTF-8 
java_command: main.Main
Launcher Type: SUN_STANDARD

Environment Variables:
PATH=/usr/lib/lightdm/lightdm:/usr/local/sbin:/usr/local/bin:/usr/sbin:/usr/bin:/sbin:/bin:/usr/games
USERNAME=guillaume
SHELL=/bin/bash
DISPLAY=:0

Signal Handlers:
SIGSEGV: [libjvm.so+0x7fca30], sa_mask[0]=0x7ffbfeff, sa_flags=0x10000004
SIGBUS: [libjvm.so+0x7fca30], sa_mask[0]=0x7ffbfeff, sa_flags=0x10000004
SIGFPE: [libjvm.so+0x6a1150], sa_mask[0]=0x7ffbfeff, sa_flags=0x10000004
SIGPIPE: [libjvm.so+0x6a1150], sa_mask[0]=0x7ffbfeff, sa_flags=0x10000004
SIGXFSZ: [libjvm.so+0x6a1150], sa_mask[0]=0x7ffbfeff, sa_flags=0x10000004
SIGILL: [libjvm.so+0x6a1150], sa_mask[0]=0x7ffbfeff, sa_flags=0x10000004
SIGUSR1: SIG_DFL, sa_mask[0]=0x00000000, sa_flags=0x00000000
SIGUSR2: [libjvm.so+0x6a1520], sa_mask[0]=0x00000004, sa_flags=0x10000004
SIGHUP: [libjvm.so+0x6a1660], sa_mask[0]=0x7ffbfeff, sa_flags=0x10000004
SIGINT: SIG_IGN, sa_mask[0]=0x00000000, sa_flags=0x00000000
SIGTERM: [libjvm.so+0x6a1660], sa_mask[0]=0x7ffbfeff, sa_flags=0x10000004
SIGQUIT: [libjvm.so+0x6a1660], sa_mask[0]=0x7ffbfeff, sa_flags=0x10000004


---------------  S Y S T E M  ---------------

OS:Ubuntu 11.10 (oneiric)
uname:Linux 3.0.0-12-generic #20-Ubuntu SMP Fri Oct 7 14:56:25 UTC 2011 x86_64
libc:glibc 2.13 NPTL 2.13 
rlimit: STACK 8192k, CORE 0k, NPROC 31562, NOFILE 4096, AS infinity
load average:0,10 0,31 0,29

/proc/meminfo:
MemTotal:        4055792 kB
MemFree:         2047220 kB
Buffers:           89604 kB
Cached:           656252 kB
SwapCached:            0 kB
Active:          1275556 kB
Inactive:         539036 kB
Active(anon):    1070792 kB
Inactive(anon):    10588 kB
Active(file):     204764 kB
Inactive(file):   528448 kB
Unevictable:          32 kB
Mlocked:              32 kB
SwapTotal:             0 kB
SwapFree:              0 kB
Dirty:               748 kB
Writeback:             0 kB
AnonPages:       1068980 kB
Mapped:           164688 kB
Shmem:             12604 kB
Slab:              67456 kB
SReclaimable:      43812 kB
SUnreclaim:        23644 kB
KernelStack:        2968 kB
PageTables:        25280 kB
NFS_Unstable:          0 kB
Bounce:                0 kB
WritebackTmp:          0 kB
CommitLimit:     2027896 kB
Committed_AS:    2806232 kB
VmallocTotal:   34359738367 kB
VmallocUsed:      102100 kB
VmallocChunk:   34359626748 kB
HardwareCorrupted:     0 kB
AnonHugePages:         0 kB
HugePages_Total:       0
HugePages_Free:        0
HugePages_Rsvd:        0
HugePages_Surp:        0
Hugepagesize:       2048 kB
DirectMap4k:      105408 kB
DirectMap2M:     4087808 kB


CPU:total 2 (2 cores per cpu, 1 threads per core) family 6 model 15 stepping 13, cmov, cx8, fxsr, mmx, sse, sse2, sse3, ssse3

Memory: 4k page, physical 4055792k(2047220k free), swap 0k(0k free)

vm_info: OpenJDK 64-Bit Server VM (21.0-b17) for linux-amd64 JRE (1.7.0_147-b147), built on Sep 30 2011 00:36:33 by "buildd" with gcc 4.6.1

time: Thu Nov 10 19:15:07 2011
elapsed time: 0 seconds

