#
# A fatal error has been detected by the Java Runtime Environment:
#
#  SIGSEGV (0xb) at pc=0x00007fe3cc8a31f8, pid=3077, tid=140616649012992
#
# JRE version: 7.0_147-b147
# Java VM: OpenJDK 64-Bit Server VM (21.0-b17 mixed mode linux-amd64 compressed oops)
# Derivative: IcedTea7 2.0pre
# Distribution: Ubuntu oneiric (development branch), package 7~b147-2.0~pre6-1ubuntu1
# Problematic frame:
# C  [liblcms2.so.2+0x121f8]  cmsSaveProfileToIOhandler+0x38
#
# Failed to write core dump. Core dumps have been disabled. To enable core dumping, try "ulimit -c unlimited" before starting Java again
#
# If you would like to submit a bug report, please include
# instructions on how to reproduce the bug and visit:
#   https://bugs.launchpad.net/ubuntu/+source/openjdk-7/
# The crash happened outside the Java Virtual Machine in native code.
# See problematic frame for where to report the bug.
#

---------------  T H R E A D  ---------------

Current thread (0x0000000002137800):  JavaThread "main" [_thread_in_native, id=3079, stack(0x00007fe3dd59f000,0x00007fe3dd6a0000)]

siginfo:si_signo=SIGSEGV: si_errno=0, si_code=1 (SEGV_MAPERR), si_addr=0x0000000000000000

Registers:
RAX=0x0000000000000000, RBX=0x0000000000000000, RCX=0x00000000000001d4, RDX=0x00007fe3dd69da3c
RSP=0x00007fe3dd69cb10, RBP=0x0000000000000000, RSI=0x0000000000000000, RDI=0x00007fe3dd69cb10
R8 =0x00007fe3c82c8160, R9 =0x00007fe3dd02dec7, R10=0x00007fe3d7464557, R11=0x00007fe3dd061df0
R12=0x00007fe3dd69da3c, R13=0x0000000000000000, R14=0x0000000000000000, R15=0x0000000002137800
RIP=0x00007fe3cc8a31f8, EFLAGS=0x0000000000010246, CSGSFS=0x0000000000000033, ERR=0x0000000000000004
  TRAPNO=0x000000000000000e

Top of Stack: (sp=0x00007fe3dd69cb10)
0x00007fe3dd69cb10:   00007fe3c82ccd90 00007fe3cc8a1cef
0x00007fe3dd69cb20:   0000000000000c48 00007fe3c8000020
0x00007fe3dd69cb30:   000000000000000e 000000000000080c
0x00007fe3dd69cb40:   00007fe300000000 00007fe3c8000020
0x00007fe3dd69cb50:   000000000000000e 00007fe3cc8a8754
0x00007fe3dd69cb60:   00007fe3dd69cfec f84f6231e6910b00
0x00007fe3dd69cb70:   00007fe3c82ccd90 00007fe3c82cb51c
0x00007fe3dd69cb80:   000000000000000e 00007fe3cc8a1ebf
0x00007fe3dd69cb90:   4247527320434549 0000000000000000
0x00007fe3dd69cba0:   00007fe3c82cd030 2dd3000000000100
0x00007fe3dd69cbb0:   0000080c000004c4 00007fe3c8000020
0x00007fe3dd69cbc0:   00007fe300000000 00007fe3c82ccee0
0x00007fe3dd69cbd0:   0000000000000c48 00007fe3c82cb398
0x00007fe3dd69cbe0:   0000000000000011 00007fe3dcf7ad7c
0x00007fe3dd69cbf0:   00007fe3c82ccee0 00007fe3cc8a1e2c
0x00007fe3dd69cc00:   00007fe3c82cb140 00007fe3cc8a33ae
0x00007fe3dd69cc10:   00007fe3c82cbff0 0000000000000000
0x00007fe3dd69cc20:   0000003100000000 0000000900000006
0x00007fe3dd69cc30:   0000006200000001 ffffffffffffffff
0x00007fe3dd69cc40:   0000000000000000 0000000000000000
0x00007fe3dd69cc50:   00007fe3dd05a689 6d6e747202100000
0x00007fe3dd69cc60:   58595a2052474220 00000000000000b0
0x00007fe3dd69cc70:   7352474249454320 0000000000000000
0x00007fe3dd69cc80:   0000000000000000 0000000000000000
0x00007fe3dd69cc90:   6370727400000011 00007fe3c8000020
0x00007fe3dd69cca0:   00007fe3c82be220 000000000000007c
0x00007fe3dd69ccb0:   00007fe3dd69d1d0 00007fe3dd69d490
0x00007fe3dd69ccc0:   00007fe3dd4c485b 00007fe3dcf7a77d
0x00007fe3dd69ccd0:   6254524300000000 000000000000003f
0x00007fe3dd69cce0:   00007fe3c82be220 0000000000000000
0x00007fe3dd69ccf0:   00007fe3c82c812d 00007fe3dd4b87e1
0x00007fe3dd69cd00:   0000000000000000 0000000000000000 

Instructions: (pc=0x00007fe3cc8a31f8)
0x00007fe3cc8a31d8:   48 89 de 48 81 ec b8 0e 00 00 64 48 8b 04 25 28
0x00007fe3cc8a31e8:   00 00 00 48 89 84 24 a8 0e 00 00 31 c0 48 89 e7
0x00007fe3cc8a31f8:   f3 48 a5 48 89 df e8 1d f6 ff ff 48 89 c7 e8 65
0x00007fe3cc8a3208:   f0 ff ff 48 85 c0 49 89 c4 48 89 03 74 0e 31 f6 

Register to memory mapping:

RAX=0x0000000000000000 is an unknown value
RBX=0x0000000000000000 is an unknown value
RCX=0x00000000000001d4 is an unknown value
RDX=0x00007fe3dd69da3c is pointing into the stack for thread: 0x0000000002137800
RSP=0x00007fe3dd69cb10 is pointing into the stack for thread: 0x0000000002137800
RBP=0x0000000000000000 is an unknown value
RSI=0x0000000000000000 is an unknown value
RDI=0x00007fe3dd69cb10 is pointing into the stack for thread: 0x0000000002137800
R8 =0x00007fe3c82c8160 is an unknown value
R9 =0x00007fe3dd02dec7: <offset 0x12fec7> in /lib/x86_64-linux-gnu/libc.so.6 at 0x00007fe3dcefe000
R10=0x00007fe3d7464557 is an Interpreter codelet
method entry point (kind = native_synchronized)  [0x00007fe3d7464180, 0x00007fe3d7464b40]  2496 bytes
R11=0x00007fe3dd061df0: <offset 0x163df0> in /lib/x86_64-linux-gnu/libc.so.6 at 0x00007fe3dcefe000
R12=0x00007fe3dd69da3c is pointing into the stack for thread: 0x0000000002137800
R13=0x0000000000000000 is an unknown value
R14=0x0000000000000000 is an unknown value
R15=0x0000000002137800 is a thread


Stack: [0x00007fe3dd59f000,0x00007fe3dd6a0000],  sp=0x00007fe3dd69cb10,  free space=1014k
Native frames: (J=compiled Java code, j=interpreted, Vv=VM code, C=native code)
C  [liblcms2.so.2+0x121f8]  cmsSaveProfileToIOhandler+0x38

[error occurred during error reporting (printing native stack), id 0xb]

Java frames: (J=compiled Java code, j=interpreted, Vv=VM code)
j  sun.java2d.cmm.lcms.LCMS.getTagData(JI[B)V+0
j  java.awt.color.ICC_Profile.getData(JI)[B+26
j  java.awt.color.ICC_Profile.getData(I)[B+14
j  java.awt.color.ICC_Profile.getNumComponents()I+18
j  sun.java2d.cmm.lcms.LCMSTransform.<init>(Ljava/awt/color/ICC_Profile;II)V+83
j  sun.java2d.cmm.lcms.LCMS.createTransform(Ljava/awt/color/ICC_Profile;II)Lsun/java2d/cmm/ColorTransform;+7
j  java.awt.color.ICC_ColorSpace.fromRGB([F)[F+37
j  com.sun.imageio.plugins.jpeg.JPEGImageReader.setImageData(IIIII[B)V+158
v  ~StubRoutines::call_stub
j  com.sun.imageio.plugins.jpeg.JPEGImageReader.readImageHeader(JZZ)Z+0
j  com.sun.imageio.plugins.jpeg.JPEGImageReader.readNativeHeader(Z)Z+12
j  com.sun.imageio.plugins.jpeg.JPEGImageReader.checkTablesOnly()V+92
j  com.sun.imageio.plugins.jpeg.JPEGImageReader.gotoImage(I)V+41
j  com.sun.imageio.plugins.jpeg.JPEGImageReader.readHeader(IZ)V+2
j  com.sun.imageio.plugins.jpeg.JPEGImageReader.readInternal(ILjavax/imageio/ImageReadParam;Z)Ljava/awt/image/Raster;+3
j  com.sun.imageio.plugins.jpeg.JPEGImageReader.read(ILjavax/imageio/ImageReadParam;)Ljava/awt/image/BufferedImage;+8
j  javax.imageio.ImageIO.read(Ljavax/imageio/stream/ImageInputStream;)Ljava/awt/image/BufferedImage;+55
j  javax.imageio.ImageIO.read(Ljava/io/InputStream;)Ljava/awt/image/BufferedImage;+20
j  content.ImageBank.<init>()V+118
j  main.Main.main([Ljava/lang/String;)V+4
v  ~StubRoutines::call_stub

---------------  P R O C E S S  ---------------

Java Threads: ( => current thread )
  0x00007fe3c826f000 JavaThread "Thread-0" [_thread_blocked, id=3101, stack(0x00007fe3cd133000,0x00007fe3cd234000)]
  0x00007fe3c826d000 JavaThread "AWT-EventQueue-0" [_thread_in_native, id=3100, stack(0x00007fe3cd234000,0x00007fe3cd335000)]
  0x00007fe3c819e800 JavaThread "AWT-Shutdown" [_thread_blocked, id=3099, stack(0x00007fe3cd9cb000,0x00007fe3cdacc000)]
  0x00007fe3c810d800 JavaThread "process reaper" daemon [_thread_blocked, id=3097, stack(0x00007fe3cdacc000,0x00007fe3cdae6000)]
  0x00007fe3c80e8000 JavaThread "AWT-XAWT" daemon [_thread_blocked, id=3095, stack(0x00007fe3cdae6000,0x00007fe3cdbe7000)]
  0x00007fe3c80a1800 JavaThread "Java2D Disposer" daemon [_thread_blocked, id=3094, stack(0x00007fe3cdbe7000,0x00007fe3cdce8000)]
  0x000000000223a800 JavaThread "Service Thread" daemon [_thread_blocked, id=3092, stack(0x00007fe3d5b35000,0x00007fe3d5c36000)]
  0x0000000002237800 JavaThread "C2 CompilerThread1" daemon [_thread_blocked, id=3091, stack(0x00007fe3d5c36000,0x00007fe3d5d37000)]
  0x0000000002234800 JavaThread "C2 CompilerThread0" daemon [_thread_blocked, id=3090, stack(0x00007fe3d5d37000,0x00007fe3d5e38000)]
  0x0000000002232800 JavaThread "Signal Dispatcher" daemon [_thread_blocked, id=3089, stack(0x00007fe3d5e38000,0x00007fe3d5f39000)]
  0x00000000021d5000 JavaThread "Finalizer" daemon [_thread_blocked, id=3087, stack(0x00007fe3d6626000,0x00007fe3d6727000)]
  0x00000000021d2800 JavaThread "Reference Handler" daemon [_thread_blocked, id=3086, stack(0x00007fe3d6727000,0x00007fe3d6828000)]
=>0x0000000002137800 JavaThread "main" [_thread_in_native, id=3079, stack(0x00007fe3dd59f000,0x00007fe3dd6a0000)]

Other Threads:
  0x00000000021ca800 VMThread [stack: 0x00007fe3d6828000,0x00007fe3d6929000] [id=3085]
  0x0000000002245800 WatcherThread [stack: 0x00007fe3d5a34000,0x00007fe3d5b35000] [id=3093]

VM state:not at safepoint (normal execution)

VM Mutex/Monitor currently owned by a thread: None

Heap
 PSYoungGen      total 18496K, used 6847K [0x00000000eb560000, 0x00000000eca00000, 0x0000000100000000)
  eden space 15872K, 43% used [0x00000000eb560000,0x00000000ebc0fd48,0x00000000ec4e0000)
  from space 2624K, 0% used [0x00000000ec770000,0x00000000ec770000,0x00000000eca00000)
  to   space 2624K, 0% used [0x00000000ec4e0000,0x00000000ec4e0000,0x00000000ec770000)
 PSOldGen        total 42304K, used 0K [0x00000000c2000000, 0x00000000c4950000, 0x00000000eb560000)
  object space 42304K, 0% used [0x00000000c2000000,0x00000000c2000000,0x00000000c4950000)
 PSPermGen       total 21248K, used 11196K [0x00000000b7a00000, 0x00000000b8ec0000, 0x00000000c2000000)
  object space 21248K, 52% used [0x00000000b7a00000,0x00000000b84ef318,0x00000000b8ec0000)

Code Cache  [0x00007fe3d7452000, 0x00007fe3d76c2000, 0x00007fe3da452000)
 total_blobs=446 nmethods=14 adapters=385 free_code_cache=48608Kb largest_free_block=49765376

Dynamic libraries:
00400000-00401000 r-xp 00000000 08:01 400896                             /usr/lib/jvm/java-7-openjdk-amd64/jre/bin/java
00600000-00601000 r--p 00000000 08:01 400896                             /usr/lib/jvm/java-7-openjdk-amd64/jre/bin/java
00601000-00602000 rw-p 00001000 08:01 400896                             /usr/lib/jvm/java-7-openjdk-amd64/jre/bin/java
0212d000-024c5000 rw-p 00000000 00:00 0                                  [heap]
b7a00000-b8ec0000 rw-p 00000000 00:00 0 
b8ec0000-c2000000 rw-p 00000000 00:00 0 
c2000000-c4950000 rw-p 00000000 00:00 0 
c4950000-eb560000 rw-p 00000000 00:00 0 
eb560000-eca00000 rw-p 00000000 00:00 0 
eca00000-100000000 rw-p 00000000 00:00 0 
7fe3c8000000-7fe3c82ce000 rw-p 00000000 00:00 0 
7fe3c82ce000-7fe3cc000000 ---p 00000000 00:00 0 
7fe3cc63e000-7fe3cc891000 rw-s 00000000 00:04 5439493                    /SYSV00000000 (deleted)
7fe3cc891000-7fe3cc8d7000 r-xp 00000000 08:01 406696                     /usr/lib/x86_64-linux-gnu/liblcms2.so.2.0.2
7fe3cc8d7000-7fe3ccad6000 ---p 00046000 08:01 406696                     /usr/lib/x86_64-linux-gnu/liblcms2.so.2.0.2
7fe3ccad6000-7fe3ccad7000 r--p 00045000 08:01 406696                     /usr/lib/x86_64-linux-gnu/liblcms2.so.2.0.2
7fe3ccad7000-7fe3ccadb000 rw-p 00046000 08:01 406696                     /usr/lib/x86_64-linux-gnu/liblcms2.so.2.0.2
7fe3ccadb000-7fe3ccadc000 rw-p 00000000 00:00 0 
7fe3ccadc000-7fe3ccae0000 r-xp 00000000 08:01 398964                     /usr/lib/jvm/java-7-openjdk-amd64/jre/lib/amd64/libjavalcms.so
7fe3ccae0000-7fe3cccdf000 ---p 00004000 08:01 398964                     /usr/lib/jvm/java-7-openjdk-amd64/jre/lib/amd64/libjavalcms.so
7fe3cccdf000-7fe3ccce0000 r--p 00003000 08:01 398964                     /usr/lib/jvm/java-7-openjdk-amd64/jre/lib/amd64/libjavalcms.so
7fe3ccce0000-7fe3ccce1000 rw-p 00004000 08:01 398964                     /usr/lib/jvm/java-7-openjdk-amd64/jre/lib/amd64/libjavalcms.so
7fe3ccce1000-7fe3ccd05000 r-xp 00000000 08:01 406680                     /usr/lib/x86_64-linux-gnu/libjpeg.so.62.0.0
7fe3ccd05000-7fe3ccf04000 ---p 00024000 08:01 406680                     /usr/lib/x86_64-linux-gnu/libjpeg.so.62.0.0
7fe3ccf04000-7fe3ccf05000 r--p 00023000 08:01 406680                     /usr/lib/x86_64-linux-gnu/libjpeg.so.62.0.0
7fe3ccf05000-7fe3ccf06000 rw-p 00024000 08:01 406680                     /usr/lib/x86_64-linux-gnu/libjpeg.so.62.0.0
7fe3ccf29000-7fe3ccf32000 r-xp 00000000 08:01 398665                     /usr/lib/jvm/java-7-openjdk-amd64/jre/lib/amd64/libjavajpeg.so
7fe3ccf32000-7fe3cd131000 ---p 00009000 08:01 398665                     /usr/lib/jvm/java-7-openjdk-amd64/jre/lib/amd64/libjavajpeg.so
7fe3cd131000-7fe3cd132000 r--p 00008000 08:01 398665                     /usr/lib/jvm/java-7-openjdk-amd64/jre/lib/amd64/libjavajpeg.so
7fe3cd132000-7fe3cd133000 rw-p 00009000 08:01 398665                     /usr/lib/jvm/java-7-openjdk-amd64/jre/lib/amd64/libjavajpeg.so
7fe3cd133000-7fe3cd136000 ---p 00000000 00:00 0 
7fe3cd136000-7fe3cd234000 rw-p 00000000 00:00 0 
7fe3cd234000-7fe3cd237000 ---p 00000000 00:00 0 
7fe3cd237000-7fe3cd335000 rw-p 00000000 00:00 0 
7fe3cd335000-7fe3cd345000 r-xp 00000000 08:01 399340                     /usr/lib/jvm/java-7-openjdk-amd64/jre/lib/amd64/libnio.so
7fe3cd345000-7fe3cd544000 ---p 00010000 08:01 399340                     /usr/lib/jvm/java-7-openjdk-amd64/jre/lib/amd64/libnio.so
7fe3cd544000-7fe3cd545000 r--p 0000f000 08:01 399340                     /usr/lib/jvm/java-7-openjdk-amd64/jre/lib/amd64/libnio.so
7fe3cd545000-7fe3cd546000 rw-p 00010000 08:01 399340                     /usr/lib/jvm/java-7-openjdk-amd64/jre/lib/amd64/libnio.so
7fe3cd546000-7fe3cd577000 rw-p 00000000 00:00 0 
7fe3cd577000-7fe3cd58d000 r-xp 00000000 08:01 399248                     /usr/lib/jvm/java-7-openjdk-amd64/jre/lib/amd64/libnet.so
7fe3cd58d000-7fe3cd78c000 ---p 00016000 08:01 399248                     /usr/lib/jvm/java-7-openjdk-amd64/jre/lib/amd64/libnet.so
7fe3cd78c000-7fe3cd78d000 r--p 00015000 08:01 399248                     /usr/lib/jvm/java-7-openjdk-amd64/jre/lib/amd64/libnet.so
7fe3cd78d000-7fe3cd78e000 rw-p 00016000 08:01 399248                     /usr/lib/jvm/java-7-openjdk-amd64/jre/lib/amd64/libnet.so
7fe3cd78e000-7fe3cd7c8000 r-xp 00000000 08:01 398142                     /usr/lib/jvm/java-7-openjdk-amd64/jre/lib/amd64/libfontmanager.so
7fe3cd7c8000-7fe3cd9c8000 ---p 0003a000 08:01 398142                     /usr/lib/jvm/java-7-openjdk-amd64/jre/lib/amd64/libfontmanager.so
7fe3cd9c8000-7fe3cd9ca000 r--p 0003a000 08:01 398142                     /usr/lib/jvm/java-7-openjdk-amd64/jre/lib/amd64/libfontmanager.so
7fe3cd9ca000-7fe3cd9cb000 rw-p 0003c000 08:01 398142                     /usr/lib/jvm/java-7-openjdk-amd64/jre/lib/amd64/libfontmanager.so
7fe3cd9cb000-7fe3cd9ce000 ---p 00000000 00:00 0 
7fe3cd9ce000-7fe3cdacc000 rw-p 00000000 00:00 0 
7fe3cdacc000-7fe3cdacf000 ---p 00000000 00:00 0 
7fe3cdacf000-7fe3cdae6000 rw-p 00000000 00:00 0 
7fe3cdae6000-7fe3cdae9000 ---p 00000000 00:00 0 
7fe3cdae9000-7fe3cdbe7000 rw-p 00000000 00:00 0 
7fe3cdbe7000-7fe3cdbea000 ---p 00000000 00:00 0 
7fe3cdbea000-7fe3cdce8000 rw-p 00000000 00:00 0 
7fe3cdce8000-7fe3cdceb000 r-xp 00000000 08:01 139849                     /lib/x86_64-linux-gnu/libgpg-error.so.0.8.0
7fe3cdceb000-7fe3cdeea000 ---p 00003000 08:01 139849                     /lib/x86_64-linux-gnu/libgpg-error.so.0.8.0
7fe3cdeea000-7fe3cdeeb000 r--p 00002000 08:01 139849                     /lib/x86_64-linux-gnu/libgpg-error.so.0.8.0
7fe3cdeeb000-7fe3cdeec000 rw-p 00003000 08:01 139849                     /lib/x86_64-linux-gnu/libgpg-error.so.0.8.0
7fe3cdeec000-7fe3cdeee000 r-xp 00000000 08:01 139851                     /lib/x86_64-linux-gnu/libkeyutils.so.1.3
7fe3cdeee000-7fe3ce0ed000 ---p 00002000 08:01 139851                     /lib/x86_64-linux-gnu/libkeyutils.so.1.3
7fe3ce0ed000-7fe3ce0ee000 r--p 00001000 08:01 139851                     /lib/x86_64-linux-gnu/libkeyutils.so.1.3
7fe3ce0ee000-7fe3ce0ef000 rw-p 00002000 08:01 139851                     /lib/x86_64-linux-gnu/libkeyutils.so.1.3
7fe3ce0ef000-7fe3ce131000 r-xp 00000000 08:01 135649                     /lib/x86_64-linux-gnu/libdbus-1.so.3.5.7
7fe3ce131000-7fe3ce330000 ---p 00042000 08:01 135649                     /lib/x86_64-linux-gnu/libdbus-1.so.3.5.7
7fe3ce330000-7fe3ce331000 r--p 00041000 08:01 135649                     /lib/x86_64-linux-gnu/libdbus-1.so.3.5.7
7fe3ce331000-7fe3ce332000 rw-p 00042000 08:01 135649                     /lib/x86_64-linux-gnu/libdbus-1.so.3.5.7
7fe3ce332000-7fe3ce3ac000 r-xp 00000000 08:01 139845                     /lib/x86_64-linux-gnu/libgcrypt.so.11.7.0
7fe3ce3ac000-7fe3ce5ac000 ---p 0007a000 08:01 139845                     /lib/x86_64-linux-gnu/libgcrypt.so.11.7.0
7fe3ce5ac000-7fe3ce5ad000 r--p 0007a000 08:01 139845                     /lib/x86_64-linux-gnu/libgcrypt.so.11.7.0
7fe3ce5ad000-7fe3ce5b0000 rw-p 0007b000 08:01 139845                     /lib/x86_64-linux-gnu/libgcrypt.so.11.7.0
7fe3ce5b0000-7fe3ce5c0000 r-xp 00000000 08:01 406788                     /usr/lib/x86_64-linux-gnu/libtasn1.so.3.1.11
7fe3ce5c0000-7fe3ce7bf000 ---p 00010000 08:01 406788                     /usr/lib/x86_64-linux-gnu/libtasn1.so.3.1.11
7fe3ce7bf000-7fe3ce7c0000 r--p 0000f000 08:01 406788                     /usr/lib/x86_64-linux-gnu/libtasn1.so.3.1.11
7fe3ce7c0000-7fe3ce7c1000 rw-p 00010000 08:01 406788                     /usr/lib/x86_64-linux-gnu/libtasn1.so.3.1.11
7fe3ce7c1000-7fe3ce7c8000 r-xp 00000000 08:01 397002                     /usr/lib/x86_64-linux-gnu/libkrb5support.so.0.1
7fe3ce7c8000-7fe3ce9c7000 ---p 00007000 08:01 397002                     /usr/lib/x86_64-linux-gnu/libkrb5support.so.0.1
7fe3ce9c7000-7fe3ce9c8000 r--p 00006000 08:01 397002                     /usr/lib/x86_64-linux-gnu/libkrb5support.so.0.1
7fe3ce9c8000-7fe3ce9c9000 rw-p 00007000 08:01 397002                     /usr/lib/x86_64-linux-gnu/libkrb5support.so.0.1
7fe3ce9c9000-7fe3ce9cc000 r-xp 00000000 08:01 139827                     /lib/x86_64-linux-gnu/libcom_err.so.2.1
7fe3ce9cc000-7fe3cebcb000 ---p 00003000 08:01 139827                     /lib/x86_64-linux-gnu/libcom_err.so.2.1
7fe3cebcb000-7fe3cebcc000 r--p 00002000 08:01 139827                     /lib/x86_64-linux-gnu/libcom_err.so.2.1
7fe3cebcc000-7fe3cebcd000 rw-p 00003000 08:01 139827                     /lib/x86_64-linux-gnu/libcom_err.so.2.1
7fe3cebcd000-7fe3cebf3000 r-xp 00000000 08:01 394051                     /usr/lib/x86_64-linux-gnu/libk5crypto.so.3.1
7fe3cebf3000-7fe3cedf2000 ---p 00026000 08:01 394051                     /usr/lib/x86_64-linux-gnu/libk5crypto.so.3.1
7fe3cedf2000-7fe3cedf4000 r--p 00025000 08:01 394051                     /usr/lib/x86_64-linux-gnu/libk5crypto.so.3.1
7fe3cedf4000-7fe3cedf5000 rw-p 00027000 08:01 394051                     /usr/lib/x86_64-linux-gnu/libk5crypto.so.3.1
7fe3cedf5000-7fe3ceeb4000 r-xp 00000000 08:01 397018                     /usr/lib/x86_64-linux-gnu/libkrb5.so.3.3
7fe3ceeb4000-7fe3cf0b4000 ---p 000bf000 08:01 397018                     /usr/lib/x86_64-linux-gnu/libkrb5.so.3.3
7fe3cf0b4000-7fe3cf0bd000 r--p 000bf000 08:01 397018                     /usr/lib/x86_64-linux-gnu/libkrb5.so.3.3
7fe3cf0bd000-7fe3cf0be000 rw-p 000c8000 08:01 397018                     /usr/lib/x86_64-linux-gnu/libkrb5.so.3.3
7fe3cf0be000-7fe3cf0c5000 r-xp 00000000 08:01 406811                     /usr/lib/x86_64-linux-gnu/libxcb-render.so.0.0.0
7fe3cf0c5000-7fe3cf2c5000 ---p 00007000 08:01 406811                     /usr/lib/x86_64-linux-gnu/libxcb-render.so.0.0.0
7fe3cf2c5000-7fe3cf2c6000 r--p 00007000 08:01 406811                     /usr/lib/x86_64-linux-gnu/libxcb-render.so.0.0.0
7fe3cf2c6000-7fe3cf2c7000 rw-p 00008000 08:01 406811                     /usr/lib/x86_64-linux-gnu/libxcb-render.so.0.0.0
7fe3cf2c7000-7fe3cf2c9000 r-xp 00000000 08:01 406815                     /usr/lib/x86_64-linux-gnu/libxcb-shm.so.0.0.0
7fe3cf2c9000-7fe3cf4c8000 ---p 00002000 08:01 406815                     /usr/lib/x86_64-linux-gnu/libxcb-shm.so.0.0.0
7fe3cf4c8000-7fe3cf4c9000 r--p 00001000 08:01 406815                     /usr/lib/x86_64-linux-gnu/libxcb-shm.so.0.0.0
7fe3cf4c9000-7fe3cf4ca000 rw-p 00002000 08:01 406815                     /usr/lib/x86_64-linux-gnu/libxcb-shm.so.0.0.0
7fe3cf4ca000-7fe3cf4f0000 r-xp 00000000 08:01 139881                     /lib/x86_64-linux-gnu/libpng12.so.0.46.0
7fe3cf4f0000-7fe3cf6ef000 ---p 00026000 08:01 139881                     /lib/x86_64-linux-gnu/libpng12.so.0.46.0
7fe3cf6ef000-7fe3cf6f0000 r--p 00025000 08:01 139881                     /lib/x86_64-linux-gnu/libpng12.so.0.46.0
7fe3cf6f0000-7fe3cf6f1000 rw-p 00026000 08:01 139881                     /lib/x86_64-linux-gnu/libpng12.so.0.46.0
7fe3cf6f1000-7fe3cf75f000 r-xp 00000000 08:01 406743                     /usr/lib/x86_64-linux-gnu/libpixman-1.so.0.22.2
7fe3cf75f000-7fe3cf95f000 ---p 0006e000 08:01 406743                     /usr/lib/x86_64-linux-gnu/libpixman-1.so.0.22.2
7fe3cf95f000-7fe3cf964000 r--p 0006e000 08:01 406743                     /usr/lib/x86_64-linux-gnu/libpixman-1.so.0.22.2
7fe3cf964000-7fe3cf965000 rw-p 00073000 08:01 406743                     /usr/lib/x86_64-linux-gnu/libpixman-1.so.0.22.2
7fe3cf965000-7fe3cf96a000 r-xp 00000000 08:01 406539                     /usr/lib/x86_64-linux-gnu/libXdmcp.so.6.0.0
7fe3cf96a000-7fe3cfb69000 ---p 00005000 08:01 406539                     /usr/lib/x86_64-linux-gnu/libXdmcp.so.6.0.0
7fe3cfb69000-7fe3cfb6a000 r--p 00004000 08:01 406539                     /usr/lib/x86_64-linux-gnu/libXdmcp.so.6.0.0
7fe3cfb6a000-7fe3cfb6b000 rw-p 00005000 08:01 406539                     /usr/lib/x86_64-linux-gnu/libXdmcp.so.6.0.0
7fe3cfb6b000-7fe3cfb6d000 r-xp 00000000 08:01 406531                     /usr/lib/x86_64-linux-gnu/libXau.so.6.0.0
7fe3cfb6d000-7fe3cfd6c000 ---p 00002000 08:01 406531                     /usr/lib/x86_64-linux-gnu/libXau.so.6.0.0
7fe3cfd6c000-7fe3cfd6d000 r--p 00001000 08:01 406531                     /usr/lib/x86_64-linux-gnu/libXau.so.6.0.0
7fe3cfd6d000-7fe3cfd6e000 rw-p 00002000 08:01 406531                     /usr/lib/x86_64-linux-gnu/libXau.so.6.0.0
7fe3cfd6e000-7fe3cfd7f000 r-xp 00000000 08:01 406571                     /usr/lib/x86_64-linux-gnu/libavahi-client.so.3.2.9
7fe3cfd7f000-7fe3cff7f000 ---p 00011000 08:01 406571                     /usr/lib/x86_64-linux-gnu/libavahi-client.so.3.2.9
7fe3cff7f000-7fe3cff80000 r--p 00011000 08:01 406571                     /usr/lib/x86_64-linux-gnu/libavahi-client.so.3.2.9
7fe3cff80000-7fe3cff81000 rw-p 00012000 08:01 406571                     /usr/lib/x86_64-linux-gnu/libavahi-client.so.3.2.9
7fe3cff81000-7fe3cff8e000 r-xp 00000000 08:01 406573                     /usr/lib/x86_64-linux-gnu/libavahi-common.so.3.5.3
7fe3cff8e000-7fe3d018d000 ---p 0000d000 08:01 406573                     /usr/lib/x86_64-linux-gnu/libavahi-common.so.3.5.3
7fe3d018d000-7fe3d018e000 r--p 0000c000 08:01 406573                     /usr/lib/x86_64-linux-gnu/libavahi-common.so.3.5.3
7fe3d018e000-7fe3d018f000 rw-p 0000d000 08:01 406573                     /usr/lib/x86_64-linux-gnu/libavahi-common.so.3.5.3
7fe3d018f000-7fe3d0230000 r-xp 00000000 08:01 406657                     /usr/lib/x86_64-linux-gnu/libgnutls.so.26.16.14
7fe3d0230000-7fe3d042f000 ---p 000a1000 08:01 406657                     /usr/lib/x86_64-linux-gnu/libgnutls.so.26.16.14
7fe3d042f000-7fe3d0436000 r--p 000a0000 08:01 406657                     /usr/lib/x86_64-linux-gnu/libgnutls.so.26.16.14
7fe3d0436000-7fe3d0437000 rw-p 000a7000 08:01 406657                     /usr/lib/x86_64-linux-gnu/libgnutls.so.26.16.14
7fe3d0437000-7fe3d0472000 r-xp 00000000 08:01 406685                     /usr/lib/x86_64-linux-gnu/libgssapi_krb5.so.2.2
7fe3d0472000-7fe3d0672000 ---p 0003b000 08:01 406685                     /usr/lib/x86_64-linux-gnu/libgssapi_krb5.so.2.2
7fe3d0672000-7fe3d0673000 r--p 0003b000 08:01 406685                     /usr/lib/x86_64-linux-gnu/libgssapi_krb5.so.2.2
7fe3d0673000-7fe3d0675000 rw-p 0003c000 08:01 406685                     /usr/lib/x86_64-linux-gnu/libgssapi_krb5.so.2.2
7fe3d0675000-7fe3d06b0000 r-xp 00000000 08:01 139879                     /lib/x86_64-linux-gnu/libpcre.so.3.12.1
7fe3d06b0000-7fe3d08af000 ---p 0003b000 08:01 139879                     /lib/x86_64-linux-gnu/libpcre.so.3.12.1
7fe3d08af000-7fe3d08b0000 r--p 0003a000 08:01 139879                     /lib/x86_64-linux-gnu/libpcre.so.3.12.1
7fe3d08b0000-7fe3d08b1000 rw-p 0003b000 08:01 139879                     /lib/x86_64-linux-gnu/libpcre.so.3.12.1
7fe3d08b1000-7fe3d08b8000 r-xp 00000000 08:01 396800                     /usr/lib/x86_64-linux-gnu/libffi.so.6.0.0
7fe3d08b8000-7fe3d0ab7000 ---p 00007000 08:01 396800                     /usr/lib/x86_64-linux-gnu/libffi.so.6.0.0
7fe3d0ab7000-7fe3d0ab8000 r--p 00006000 08:01 396800                     /usr/lib/x86_64-linux-gnu/libffi.so.6.0.0
7fe3d0ab8000-7fe3d0ab9000 rw-p 00007000 08:01 396800                     /usr/lib/x86_64-linux-gnu/libffi.so.6.0.0
7fe3d0ab9000-7fe3d0ae0000 r-xp 00000000 08:01 139838                     /lib/x86_64-linux-gnu/libexpat.so.1.5.2
7fe3d0ae0000-7fe3d0ce0000 ---p 00027000 08:01 139838                     /lib/x86_64-linux-gnu/libexpat.so.1.5.2
7fe3d0ce0000-7fe3d0ce2000 r--p 00027000 08:01 139838                     /lib/x86_64-linux-gnu/libexpat.so.1.5.2
7fe3d0ce2000-7fe3d0ce3000 rw-p 00029000 08:01 139838                     /lib/x86_64-linux-gnu/libexpat.so.1.5.2
7fe3d0ce3000-7fe3d0d75000 r-xp 00000000 08:01 406632                     /usr/lib/x86_64-linux-gnu/libfreetype.so.6.6.2
7fe3d0d75000-7fe3d0f74000 ---p 00092000 08:01 406632                     /usr/lib/x86_64-linux-gnu/libfreetype.so.6.6.2
7fe3d0f74000-7fe3d0f7a000 r--p 00091000 08:01 406632                     /usr/lib/x86_64-linux-gnu/libfreetype.so.6.6.2
7fe3d0f7a000-7fe3d0f7b000 rw-p 00097000 08:01 406632                     /usr/lib/x86_64-linux-gnu/libfreetype.so.6.6.2
7fe3d0f7b000-7fe3d0f92000 r-xp 00000000 08:01 134597                     /lib/x86_64-linux-gnu/libresolv-2.13.so
7fe3d0f92000-7fe3d1192000 ---p 00017000 08:01 134597                     /lib/x86_64-linux-gnu/libresolv-2.13.so
7fe3d1192000-7fe3d1193000 r--p 00017000 08:01 134597                     /lib/x86_64-linux-gnu/libresolv-2.13.so
7fe3d1193000-7fe3d1194000 rw-p 00018000 08:01 134597                     /lib/x86_64-linux-gnu/libresolv-2.13.so
7fe3d1194000-7fe3d1196000 rw-p 00000000 00:00 0 
7fe3d1196000-7fe3d11b2000 r-xp 00000000 08:01 139888                     /lib/x86_64-linux-gnu/libselinux.so.1
7fe3d11b2000-7fe3d13b1000 ---p 0001c000 08:01 139888                     /lib/x86_64-linux-gnu/libselinux.so.1
7fe3d13b1000-7fe3d13b2000 r--p 0001b000 08:01 139888                     /lib/x86_64-linux-gnu/libselinux.so.1
7fe3d13b2000-7fe3d13b3000 rw-p 0001c000 08:01 139888                     /lib/x86_64-linux-gnu/libselinux.so.1
7fe3d13b3000-7fe3d13b4000 rw-p 00000000 00:00 0 
7fe3d13b4000-7fe3d13b6000 r-xp 00000000 08:01 406537                     /usr/lib/x86_64-linux-gnu/libXdamage.so.1.1.0
7fe3d13b6000-7fe3d15b5000 ---p 00002000 08:01 406537                     /usr/lib/x86_64-linux-gnu/libXdamage.so.1.1.0
7fe3d15b5000-7fe3d15b6000 r--p 00001000 08:01 406537                     /usr/lib/x86_64-linux-gnu/libXdamage.so.1.1.0
7fe3d15b6000-7fe3d15b7000 rw-p 00002000 08:01 406537                     /usr/lib/x86_64-linux-gnu/libXdamage.so.1.1.0
7fe3d15b7000-7fe3d15b9000 r-xp 00000000 08:01 406533                     /usr/lib/x86_64-linux-gnu/libXcomposite.so.1.0.0
7fe3d15b9000-7fe3d17b8000 ---p 00002000 08:01 406533                     /usr/lib/x86_64-linux-gnu/libXcomposite.so.1.0.0
7fe3d17b8000-7fe3d17b9000 r--p 00001000 08:01 406533                     /usr/lib/x86_64-linux-gnu/libXcomposite.so.1.0.0
7fe3d17b9000-7fe3d17ba000 rw-p 00002000 08:01 406533                     /usr/lib/x86_64-linux-gnu/libXcomposite.so.1.0.0
7fe3d17ba000-7fe3d17c3000 r-xp 00000000 08:01 406535                     /usr/lib/x86_64-linux-gnu/libXcursor.so.1.0.2
7fe3d17c3000-7fe3d19c2000 ---p 00009000 08:01 406535                     /usr/lib/x86_64-linux-gnu/libXcursor.so.1.0.2
7fe3d19c2000-7fe3d19c3000 r--p 00008000 08:01 406535                     /usr/lib/x86_64-linux-gnu/libXcursor.so.1.0.2
7fe3d19c3000-7fe3d19c4000 rw-p 00009000 08:01 406535                     /usr/lib/x86_64-linux-gnu/libXcursor.so.1.0.2
7fe3d19c4000-7fe3d19cc000 r-xp 00000000 08:01 406551                     /usr/lib/x86_64-linux-gnu/libXrandr.so.2.2.0
7fe3d19cc000-7fe3d1bcb000 ---p 00008000 08:01 406551                     /usr/lib/x86_64-linux-gnu/libXrandr.so.2.2.0
7fe3d1bcb000-7fe3d1bcc000 r--p 00007000 08:01 406551                     /usr/lib/x86_64-linux-gnu/libXrandr.so.2.2.0
7fe3d1bcc000-7fe3d1bcd000 rw-p 00008000 08:01 406551                     /usr/lib/x86_64-linux-gnu/libXrandr.so.2.2.0
7fe3d1bcd000-7fe3d1bcf000 r-xp 00000000 08:01 406549                     /usr/lib/x86_64-linux-gnu/libXinerama.so.1.0.0
7fe3d1bcf000-7fe3d1dce000 ---p 00002000 08:01 406549                     /usr/lib/x86_64-linux-gnu/libXinerama.so.1.0.0
7fe3d1dce000-7fe3d1dcf000 r--p 00001000 08:01 406549                     /usr/lib/x86_64-linux-gnu/libXinerama.so.1.0.0
7fe3d1dcf000-7fe3d1dd0000 rw-p 00002000 08:01 406549                     /usr/lib/x86_64-linux-gnu/libXinerama.so.1.0.0
7fe3d1dd0000-7fe3d1dd3000 r-xp 00000000 08:01 395217                     /usr/lib/x86_64-linux-gnu/libgmodule-2.0.so.0.3000.0
7fe3d1dd3000-7fe3d1fd2000 ---p 00003000 08:01 395217                     /usr/lib/x86_64-linux-gnu/libgmodule-2.0.so.0.3000.0
7fe3d1fd2000-7fe3d1fd3000 r--p 00002000 08:01 395217                     /usr/lib/x86_64-linux-gnu/libgmodule-2.0.so.0.3000.0
7fe3d1fd3000-7fe3d1fd4000 rw-p 00003000 08:01 395217                     /usr/lib/x86_64-linux-gnu/libgmodule-2.0.so.0.3000.0
7fe3d1fd4000-7fe3d1ffe000 r-xp 00000000 08:01 397305                     /usr/lib/x86_64-linux-gnu/libpangoft2-1.0.so.0.2903.0
7fe3d1ffe000-7fe3d21fd000 ---p 0002a000 08:01 397305                     /usr/lib/x86_64-linux-gnu/libpangoft2-1.0.so.0.2903.0
7fe3d21fd000-7fe3d21fe000 r--p 00029000 08:01 397305                     /usr/lib/x86_64-linux-gnu/libpangoft2-1.0.so.0.2903.0
7fe3d21fe000-7fe3d21ff000 rw-p 0002a000 08:01 397305                     /usr/lib/x86_64-linux-gnu/libpangoft2-1.0.so.0.2903.0
7fe3d21ff000-7fe3d22b8000 r-xp 00000000 08:01 406593                     /usr/lib/x86_64-linux-gnu/libcairo.so.2.11000.2
7fe3d22b8000-7fe3d24b7000 ---p 000b9000 08:01 406593                     /usr/lib/x86_64-linux-gnu/libcairo.so.2.11000.2
7fe3d24b7000-7fe3d24b9000 r--p 000b8000 08:01 406593                     /usr/lib/x86_64-linux-gnu/libcairo.so.2.11000.2
7fe3d24b9000-7fe3d24ba000 rw-p 000ba000 08:01 406593                     /usr/lib/x86_64-linux-gnu/libcairo.so.2.11000.2
7fe3d24ba000-7fe3d24bd000 rw-p 00000000 00:00 0 
7fe3d24bd000-7fe3d24dc000 r-xp 00000000 08:01 394856                     /usr/lib/x86_64-linux-gnu/libatk-1.0.so.0.20209.1
7fe3d24dc000-7fe3d26dc000 ---p 0001f000 08:01 394856                     /usr/lib/x86_64-linux-gnu/libatk-1.0.so.0.20209.1
7fe3d26dc000-7fe3d26de000 r--p 0001f000 08:01 394856                     /usr/lib/x86_64-linux-gnu/libatk-1.0.so.0.20209.1
7fe3d26de000-7fe3d26df000 rw-p 00021000 08:01 394856                     /usr/lib/x86_64-linux-gnu/libatk-1.0.so.0.20209.1
7fe3d26df000-7fe3d26e4000 r-xp 00000000 08:01 406543                     /usr/lib/x86_64-linux-gnu/libXfixes.so.3.1.0
7fe3d26e4000-7fe3d28e3000 ---p 00005000 08:01 406543                     /usr/lib/x86_64-linux-gnu/libXfixes.so.3.1.0
7fe3d28e3000-7fe3d28e4000 r--p 00004000 08:01 406543                     /usr/lib/x86_64-linux-gnu/libXfixes.so.3.1.0
7fe3d28e4000-7fe3d28e5000 rw-p 00005000 08:01 406543                     /usr/lib/x86_64-linux-gnu/libXfixes.so.3.1.0
7fe3d28e5000-7fe3d28f0000 r-xp 00000000 08:01 397309                     /usr/lib/x86_64-linux-gnu/libpangocairo-1.0.so.0.2903.0
7fe3d28f0000-7fe3d2af0000 ---p 0000b000 08:01 397309                     /usr/lib/x86_64-linux-gnu/libpangocairo-1.0.so.0.2903.0
7fe3d2af0000-7fe3d2af1000 r--p 0000b000 08:01 397309                     /usr/lib/x86_64-linux-gnu/libpangocairo-1.0.so.0.2903.0
7fe3d2af1000-7fe3d2af2000 rw-p 0000c000 08:01 397309                     /usr/lib/x86_64-linux-gnu/libpangocairo-1.0.so.0.2903.0
7fe3d2af2000-7fe3d2b0d000 r-xp 00000000 08:01 406817                     /usr/lib/x86_64-linux-gnu/libxcb.so.1.1.0
7fe3d2b0d000-7fe3d2d0c000 ---p 0001b000 08:01 406817                     /usr/lib/x86_64-linux-gnu/libxcb.so.1.1.0
7fe3d2d0c000-7fe3d2d0d000 r--p 0001a000 08:01 406817                     /usr/lib/x86_64-linux-gnu/libxcb.so.1.1.0
7fe3d2d0d000-7fe3d2d0e000 rw-p 0001b000 08:01 406817                     /usr/lib/x86_64-linux-gnu/libxcb.so.1.1.0
7fe3d2d0e000-7fe3d2d5c000 r-xp 00000000 08:01 400264                     /usr/lib/x86_64-linux-gnu/libcups.so.2
7fe3d2d5c000-7fe3d2f5c000 ---p 0004e000 08:01 400264                     /usr/lib/x86_64-linux-gnu/libcups.so.2
7fe3d2f5c000-7fe3d2f60000 r--p 0004e000 08:01 400264                     /usr/lib/x86_64-linux-gnu/libcups.so.2
7fe3d2f60000-7fe3d2f61000 rw-p 00052000 08:01 400264                     /usr/lib/x86_64-linux-gnu/libcups.so.2
7fe3d2f61000-7fe3d3055000 r-xp 00000000 08:01 134283                     /lib/x86_64-linux-gnu/libglib-2.0.so.0.3000.0
7fe3d3055000-7fe3d3254000 ---p 000f4000 08:01 134283                     /lib/x86_64-linux-gnu/libglib-2.0.so.0.3000.0
7fe3d3254000-7fe3d3255000 r--p 000f3000 08:01 134283                     /lib/x86_64-linux-gnu/libglib-2.0.so.0.3000.0
7fe3d3255000-7fe3d3256000 rw-p 000f4000 08:01 134283                     /lib/x86_64-linux-gnu/libglib-2.0.so.0.3000.0
7fe3d3256000-7fe3d3257000 rw-p 00000000 00:00 0 
7fe3d3257000-7fe3d325b000 r-xp 00000000 08:01 394708                     /usr/lib/x86_64-linux-gnu/libgthread-2.0.so.0.3000.0
7fe3d325b000-7fe3d345a000 ---p 00004000 08:01 394708                     /usr/lib/x86_64-linux-gnu/libgthread-2.0.so.0.3000.0
7fe3d345a000-7fe3d345b000 r--p 00003000 08:01 394708                     /usr/lib/x86_64-linux-gnu/libgthread-2.0.so.0.3000.0
7fe3d345b000-7fe3d345c000 rw-p 00004000 08:01 394708                     /usr/lib/x86_64-linux-gnu/libgthread-2.0.so.0.3000.0
7fe3d345c000-7fe3d34aa000 r-xp 00000000 08:01 394707                     /usr/lib/x86_64-linux-gnu/libgobject-2.0.so.0.3000.0
7fe3d34aa000-7fe3d36aa000 ---p 0004e000 08:01 394707                     /usr/lib/x86_64-linux-gnu/libgobject-2.0.so.0.3000.0
7fe3d36aa000-7fe3d36ab000 r--p 0004e000 08:01 394707                     /usr/lib/x86_64-linux-gnu/libgobject-2.0.so.0.3000.0
7fe3d36ab000-7fe3d36ac000 rw-p 0004f000 08:01 394707                     /usr/lib/x86_64-linux-gnu/libgobject-2.0.so.0.3000.0
7fe3d36ac000-7fe3d36ad000 rw-p 00000000 00:00 0 
7fe3d36ad000-7fe3d36e1000 r-xp 00000000 08:01 406630                     /usr/lib/x86_64-linux-gnu/libfontconfig.so.1.4.4
7fe3d36e1000-7fe3d38e1000 ---p 00034000 08:01 406630                     /usr/lib/x86_64-linux-gnu/libfontconfig.so.1.4.4
7fe3d38e1000-7fe3d38e2000 r--p 00034000 08:01 406630                     /usr/lib/x86_64-linux-gnu/libfontconfig.so.1.4.4
7fe3d38e2000-7fe3d38e3000 rw-p 00035000 08:01 406630                     /usr/lib/x86_64-linux-gnu/libfontconfig.so.1.4.4
7fe3d38e3000-7fe3d392a000 r-xp 00000000 08:01 397304                     /usr/lib/x86_64-linux-gnu/libpango-1.0.so.0.2903.0
7fe3d392a000-7fe3d3b2a000 ---p 00047000 08:01 397304                     /usr/lib/x86_64-linux-gnu/libpango-1.0.so.0.2903.0
7fe3d3b2a000-7fe3d3b2c000 r--p 00047000 08:01 397304                     /usr/lib/x86_64-linux-gnu/libpango-1.0.so.0.2903.0
7fe3d3b2c000-7fe3d3b2d000 rw-p 00049000 08:01 397304                     /usr/lib/x86_64-linux-gnu/libpango-1.0.so.0.2903.0
7fe3d3b2d000-7fe3d3b4b000 r-xp 00000000 08:01 394128                     /usr/lib/x86_64-linux-gnu/libgdk_pixbuf-2.0.so.0.2400.0
7fe3d3b4b000-7fe3d3d4a000 ---p 0001e000 08:01 394128                     /usr/lib/x86_64-linux-gnu/libgdk_pixbuf-2.0.so.0.2400.0
7fe3d3d4a000-7fe3d3d4b000 r--p 0001d000 08:01 394128                     /usr/lib/x86_64-linux-gnu/libgdk_pixbuf-2.0.so.0.2400.0
7fe3d3d4b000-7fe3d3d4c000 rw-p 0001e000 08:01 394128                     /usr/lib/x86_64-linux-gnu/libgdk_pixbuf-2.0.so.0.2400.0
7fe3d3d4c000-7fe3d3e87000 r-xp 00000000 08:01 394685                     /usr/lib/x86_64-linux-gnu/libgio-2.0.so.0.3000.0
7fe3d3e87000-7fe3d4086000 ---p 0013b000 08:01 394685                     /usr/lib/x86_64-linux-gnu/libgio-2.0.so.0.3000.0
7fe3d4086000-7fe3d408a000 r--p 0013a000 08:01 394685                     /usr/lib/x86_64-linux-gnu/libgio-2.0.so.0.3000.0
7fe3d408a000-7fe3d408c000 rw-p 0013e000 08:01 394685                     /usr/lib/x86_64-linux-gnu/libgio-2.0.so.0.3000.0
7fe3d408c000-7fe3d408e000 rw-p 00000000 00:00 0 
7fe3d408e000-7fe3d413b000 r-xp 00000000 08:01 397253                     /usr/lib/x86_64-linux-gnu/libgdk-x11-2.0.so.0.2400.6
7fe3d413b000-7fe3d433a000 ---p 000ad000 08:01 397253                     /usr/lib/x86_64-linux-gnu/libgdk-x11-2.0.so.0.2400.6
7fe3d433a000-7fe3d433e000 r--p 000ac000 08:01 397253                     /usr/lib/x86_64-linux-gnu/libgdk-x11-2.0.so.0.2400.6
7fe3d433e000-7fe3d4340000 rw-p 000b0000 08:01 397253                     /usr/lib/x86_64-linux-gnu/libgdk-x11-2.0.so.0.2400.6
7fe3d4340000-7fe3d476f000 r-xp 00000000 08:01 397246                     /usr/lib/x86_64-linux-gnu/libgtk-x11-2.0.so.0.2400.6
7fe3d476f000-7fe3d496f000 ---p 0042f000 08:01 397246                     /usr/lib/x86_64-linux-gnu/libgtk-x11-2.0.so.0.2400.6
7fe3d496f000-7fe3d4976000 r--p 0042f000 08:01 397246                     /usr/lib/x86_64-linux-gnu/libgtk-x11-2.0.so.0.2400.6
7fe3d4976000-7fe3d497a000 rw-p 00436000 08:01 397246                     /usr/lib/x86_64-linux-gnu/libgtk-x11-2.0.so.0.2400.6
7fe3d497a000-7fe3d497c000 rw-p 00000000 00:00 0 
7fe3d497c000-7fe3d498b000 r-xp 00000000 08:01 406547                     /usr/lib/x86_64-linux-gnu/libXi.so.6.1.0
7fe3d498b000-7fe3d4b8a000 ---p 0000f000 08:01 406547                     /usr/lib/x86_64-linux-gnu/libXi.so.6.1.0
7fe3d4b8a000-7fe3d4b8b000 r--p 0000e000 08:01 406547                     /usr/lib/x86_64-linux-gnu/libXi.so.6.1.0
7fe3d4b8b000-7fe3d4b8c000 rw-p 0000f000 08:01 406547                     /usr/lib/x86_64-linux-gnu/libXi.so.6.1.0
7fe3d4b8c000-7fe3d4b91000 r-xp 00000000 08:01 398564                     /usr/lib/libXtst.so.6.1.0
7fe3d4b91000-7fe3d4d90000 ---p 00005000 08:01 398564                     /usr/lib/libXtst.so.6.1.0
7fe3d4d90000-7fe3d4d91000 r--p 00004000 08:01 398564                     /usr/lib/libXtst.so.6.1.0
7fe3d4d91000-7fe3d4d92000 rw-p 00005000 08:01 398564                     /usr/lib/libXtst.so.6.1.0
7fe3d4d92000-7fe3d4d9b000 r-xp 00000000 08:01 406553                     /usr/lib/x86_64-linux-gnu/libXrender.so.1.3.0
7fe3d4d9b000-7fe3d4f9b000 ---p 00009000 08:01 406553                     /usr/lib/x86_64-linux-gnu/libXrender.so.1.3.0
7fe3d4f9b000-7fe3d4f9c000 r--p 00009000 08:01 406553                     /usr/lib/x86_64-linux-gnu/libXrender.so.1.3.0
7fe3d4f9c000-7fe3d4f9d000 rw-p 0000a000 08:01 406553                     /usr/lib/x86_64-linux-gnu/libXrender.so.1.3.0
7fe3d4f9d000-7fe3d50d0000 r-xp 00000000 08:01 406471                     /usr/lib/x86_64-linux-gnu/libX11.so.6.3.0
7fe3d50d0000-7fe3d52d0000 ---p 00133000 08:01 406471                     /usr/lib/x86_64-linux-gnu/libX11.so.6.3.0
7fe3d52d0000-7fe3d52d1000 r--p 00133000 08:01 406471                     /usr/lib/x86_64-linux-gnu/libX11.so.6.3.0
7fe3d52d1000-7fe3d52d5000 rw-p 00134000 08:01 406471                     /usr/lib/x86_64-linux-gnu/libX11.so.6.3.0
7fe3d52d5000-7fe3d52e7000 r-xp 00000000 08:01 406541                     /usr/lib/x86_64-linux-gnu/libXext.so.6.4.0
7fe3d52e7000-7fe3d54e6000 ---p 00012000 08:01 406541                     /usr/lib/x86_64-linux-gnu/libXext.so.6.4.0
7fe3d54e6000-7fe3d54e7000 r--p 00011000 08:01 406541                     /usr/lib/x86_64-linux-gnu/libXext.so.6.4.0
7fe3d54e7000-7fe3d54e8000 rw-p 00012000 08:01 406541                     /usr/lib/x86_64-linux-gnu/libXext.so.6.4.0
7fe3d54e8000-7fe3d550b000 r--p 00000000 08:01 675061                     /usr/share/locale-langpack/fr/LC_MESSAGES/libc.mo
7fe3d550b000-7fe3d555d000 r-xp 00000000 08:01 401973                     /usr/lib/jvm/java-7-openjdk-amd64/jre/lib/amd64/xawt/libmawt.so
7fe3d555d000-7fe3d575d000 ---p 00052000 08:01 401973                     /usr/lib/jvm/java-7-openjdk-amd64/jre/lib/amd64/xawt/libmawt.so
7fe3d575d000-7fe3d575e000 r--p 00052000 08:01 401973                     /usr/lib/jvm/java-7-openjdk-amd64/jre/lib/amd64/xawt/libmawt.so
7fe3d575e000-7fe3d5761000 rw-p 00053000 08:01 401973                     /usr/lib/jvm/java-7-openjdk-amd64/jre/lib/amd64/xawt/libmawt.so
7fe3d5761000-7fe3d5762000 rw-p 00000000 00:00 0 
7fe3d5762000-7fe3d5804000 r-xp 00000000 08:01 398111                     /usr/lib/jvm/java-7-openjdk-amd64/jre/lib/amd64/libawt.so
7fe3d5804000-7fe3d5a03000 ---p 000a2000 08:01 398111                     /usr/lib/jvm/java-7-openjdk-amd64/jre/lib/amd64/libawt.so
7fe3d5a03000-7fe3d5a04000 r--p 000a1000 08:01 398111                     /usr/lib/jvm/java-7-openjdk-amd64/jre/lib/amd64/libawt.so
7fe3d5a04000-7fe3d5a0f000 rw-p 000a2000 08:01 398111                     /usr/lib/jvm/java-7-openjdk-amd64/jre/lib/amd64/libawt.so
7fe3d5a0f000-7fe3d5a34000 rw-p 00000000 00:00 0 
7fe3d5a34000-7fe3d5a35000 ---p 00000000 00:00 0 
7fe3d5a35000-7fe3d5b35000 rw-p 00000000 00:00 0 
7fe3d5b35000-7fe3d5b38000 ---p 00000000 00:00 0 
7fe3d5b38000-7fe3d5c36000 rw-p 00000000 00:00 0 
7fe3d5c36000-7fe3d5c39000 ---p 00000000 00:00 0 
7fe3d5c39000-7fe3d5d37000 rw-p 00000000 00:00 0 
7fe3d5d37000-7fe3d5d3a000 ---p 00000000 00:00 0 
7fe3d5d3a000-7fe3d5e38000 rw-p 00000000 00:00 0 
7fe3d5e38000-7fe3d5e3b000 ---p 00000000 00:00 0 
7fe3d5e3b000-7fe3d5f39000 rw-p 00000000 00:00 0 
7fe3d5f39000-7fe3d6626000 r--p 00000000 08:01 403488                     /usr/lib/locale/locale-archive
7fe3d6626000-7fe3d6629000 ---p 00000000 00:00 0 
7fe3d6629000-7fe3d6727000 rw-p 00000000 00:00 0 
7fe3d6727000-7fe3d672a000 ---p 00000000 00:00 0 
7fe3d672a000-7fe3d6828000 rw-p 00000000 00:00 0 
7fe3d6828000-7fe3d6829000 ---p 00000000 00:00 0 
7fe3d6829000-7fe3d6c98000 rw-p 00000000 00:00 0 
7fe3d6c98000-7fe3d6e46000 r--s 03e76000 08:01 396788                     /usr/lib/jvm/java-7-openjdk-amd64/jre/lib/rt.jar
7fe3d6e46000-7fe3d6e6e000 rw-p 00000000 00:00 0 
7fe3d6e6e000-7fe3d6e6f000 ---p 00000000 00:00 0 
7fe3d6e6f000-7fe3d6f6f000 rw-p 00000000 00:00 0 
7fe3d6f6f000-7fe3d6f70000 ---p 00000000 00:00 0 
7fe3d6f70000-7fe3d707b000 rw-p 00000000 00:00 0 
7fe3d707b000-7fe3d70c3000 rw-p 00000000 00:00 0 
7fe3d70c3000-7fe3d70d8000 rw-p 00000000 00:00 0 
7fe3d70d8000-7fe3d720e000 rw-p 00000000 00:00 0 
7fe3d720e000-7fe3d7219000 rw-p 00000000 00:00 0 
7fe3d7219000-7fe3d7261000 rw-p 00000000 00:00 0 
7fe3d7261000-7fe3d7276000 rw-p 00000000 00:00 0 
7fe3d7276000-7fe3d73ab000 rw-p 00000000 00:00 0 
7fe3d73ab000-7fe3d73b6000 rw-p 00000000 00:00 0 
7fe3d73b6000-7fe3d7451000 rw-p 00000000 00:00 0 
7fe3d7451000-7fe3d7452000 rw-p 00000000 00:00 0 
7fe3d7452000-7fe3d76c2000 rwxp 00000000 00:00 0 
7fe3d76c2000-7fe3da452000 rw-p 00000000 00:00 0 
7fe3da452000-7fe3da45a000 r-xp 00000000 08:01 399895                     /usr/lib/jvm/java-7-openjdk-amd64/jre/lib/amd64/libzip.so
7fe3da45a000-7fe3da659000 ---p 00008000 08:01 399895                     /usr/lib/jvm/java-7-openjdk-amd64/jre/lib/amd64/libzip.so
7fe3da659000-7fe3da65a000 r--p 00007000 08:01 399895                     /usr/lib/jvm/java-7-openjdk-amd64/jre/lib/amd64/libzip.so
7fe3da65a000-7fe3da65b000 rw-p 00008000 08:01 399895                     /usr/lib/jvm/java-7-openjdk-amd64/jre/lib/amd64/libzip.so
7fe3da65b000-7fe3da667000 r-xp 00000000 08:01 134596                     /lib/x86_64-linux-gnu/libnss_files-2.13.so
7fe3da667000-7fe3da866000 ---p 0000c000 08:01 134596                     /lib/x86_64-linux-gnu/libnss_files-2.13.so
7fe3da866000-7fe3da867000 r--p 0000b000 08:01 134596                     /lib/x86_64-linux-gnu/libnss_files-2.13.so
7fe3da867000-7fe3da868000 rw-p 0000c000 08:01 134596                     /lib/x86_64-linux-gnu/libnss_files-2.13.so
7fe3da868000-7fe3da872000 r-xp 00000000 08:01 134607                     /lib/x86_64-linux-gnu/libnss_nis-2.13.so
7fe3da872000-7fe3daa72000 ---p 0000a000 08:01 134607                     /lib/x86_64-linux-gnu/libnss_nis-2.13.so
7fe3daa72000-7fe3daa73000 r--p 0000a000 08:01 134607                     /lib/x86_64-linux-gnu/libnss_nis-2.13.so
7fe3daa73000-7fe3daa74000 rw-p 0000b000 08:01 134607                     /lib/x86_64-linux-gnu/libnss_nis-2.13.so
7fe3daa74000-7fe3daa8b000 r-xp 00000000 08:01 134591                     /lib/x86_64-linux-gnu/libnsl-2.13.so
7fe3daa8b000-7fe3dac8a000 ---p 00017000 08:01 134591                     /lib/x86_64-linux-gnu/libnsl-2.13.so
7fe3dac8a000-7fe3dac8b000 r--p 00016000 08:01 134591                     /lib/x86_64-linux-gnu/libnsl-2.13.so
7fe3dac8b000-7fe3dac8c000 rw-p 00017000 08:01 134591                     /lib/x86_64-linux-gnu/libnsl-2.13.so
7fe3dac8c000-7fe3dac8e000 rw-p 00000000 00:00 0 
7fe3dac8e000-7fe3dac96000 r-xp 00000000 08:01 134588                     /lib/x86_64-linux-gnu/libnss_compat-2.13.so
7fe3dac96000-7fe3dae95000 ---p 00008000 08:01 134588                     /lib/x86_64-linux-gnu/libnss_compat-2.13.so
7fe3dae95000-7fe3dae96000 r--p 00007000 08:01 134588                     /lib/x86_64-linux-gnu/libnss_compat-2.13.so
7fe3dae96000-7fe3dae97000 rw-p 00008000 08:01 134588                     /lib/x86_64-linux-gnu/libnss_compat-2.13.so
7fe3dae97000-7fe3daec0000 r-xp 00000000 08:01 398578                     /usr/lib/jvm/java-7-openjdk-amd64/jre/lib/amd64/libjava.so
7fe3daec0000-7fe3db0bf000 ---p 00029000 08:01 398578                     /usr/lib/jvm/java-7-openjdk-amd64/jre/lib/amd64/libjava.so
7fe3db0bf000-7fe3db0c0000 r--p 00028000 08:01 398578                     /usr/lib/jvm/java-7-openjdk-amd64/jre/lib/amd64/libjava.so
7fe3db0c0000-7fe3db0c2000 rw-p 00029000 08:01 398578                     /usr/lib/jvm/java-7-openjdk-amd64/jre/lib/amd64/libjava.so
7fe3db0c2000-7fe3db0d0000 r-xp 00000000 08:01 399894                     /usr/lib/jvm/java-7-openjdk-amd64/jre/lib/amd64/libverify.so
7fe3db0d0000-7fe3db2cf000 ---p 0000e000 08:01 399894                     /usr/lib/jvm/java-7-openjdk-amd64/jre/lib/amd64/libverify.so
7fe3db2cf000-7fe3db2d1000 r--p 0000d000 08:01 399894                     /usr/lib/jvm/java-7-openjdk-amd64/jre/lib/amd64/libverify.so
7fe3db2d1000-7fe3db2d2000 rw-p 0000f000 08:01 399894                     /usr/lib/jvm/java-7-openjdk-amd64/jre/lib/amd64/libverify.so
7fe3db2d2000-7fe3db2d9000 r-xp 00000000 08:01 134577                     /lib/x86_64-linux-gnu/librt-2.13.so
7fe3db2d9000-7fe3db4d8000 ---p 00007000 08:01 134577                     /lib/x86_64-linux-gnu/librt-2.13.so
7fe3db4d8000-7fe3db4d9000 r--p 00006000 08:01 134577                     /lib/x86_64-linux-gnu/librt-2.13.so
7fe3db4d9000-7fe3db4da000 rw-p 00007000 08:01 134577                     /lib/x86_64-linux-gnu/librt-2.13.so
7fe3db4da000-7fe3db4ef000 r-xp 00000000 08:01 131748                     /lib/x86_64-linux-gnu/libgcc_s.so.1
7fe3db4ef000-7fe3db6ee000 ---p 00015000 08:01 131748                     /lib/x86_64-linux-gnu/libgcc_s.so.1
7fe3db6ee000-7fe3db6ef000 r--p 00014000 08:01 131748                     /lib/x86_64-linux-gnu/libgcc_s.so.1
7fe3db6ef000-7fe3db6f0000 rw-p 00015000 08:01 131748                     /lib/x86_64-linux-gnu/libgcc_s.so.1
7fe3db6f0000-7fe3db773000 r-xp 00000000 08:01 134673                     /lib/x86_64-linux-gnu/libm-2.13.so
7fe3db773000-7fe3db972000 ---p 00083000 08:01 134673                     /lib/x86_64-linux-gnu/libm-2.13.so
7fe3db972000-7fe3db973000 r--p 00082000 08:01 134673                     /lib/x86_64-linux-gnu/libm-2.13.so
7fe3db973000-7fe3db974000 rw-p 00083000 08:01 134673                     /lib/x86_64-linux-gnu/libm-2.13.so
7fe3db974000-7fe3dba5c000 r-xp 00000000 08:01 398097                     /usr/lib/x86_64-linux-gnu/libstdc++.so.6.0.16
7fe3dba5c000-7fe3dbc5c000 ---p 000e8000 08:01 398097                     /usr/lib/x86_64-linux-gnu/libstdc++.so.6.0.16
7fe3dbc5c000-7fe3dbc64000 r--p 000e8000 08:01 398097                     /usr/lib/x86_64-linux-gnu/libstdc++.so.6.0.16
7fe3dbc64000-7fe3dbc66000 rw-p 000f0000 08:01 398097                     /usr/lib/x86_64-linux-gnu/libstdc++.so.6.0.16
7fe3dbc66000-7fe3dbc7b000 rw-p 00000000 00:00 0 
7fe3dbc7b000-7fe3dc602000 r-xp 00000000 08:01 399897                     /usr/lib/jvm/java-7-openjdk-amd64/jre/lib/amd64/server/libjvm.so
7fe3dc602000-7fe3dc801000 ---p 00987000 08:01 399897                     /usr/lib/jvm/java-7-openjdk-amd64/jre/lib/amd64/server/libjvm.so
7fe3dc801000-7fe3dc87f000 r--p 00986000 08:01 399897                     /usr/lib/jvm/java-7-openjdk-amd64/jre/lib/amd64/server/libjvm.so
7fe3dc87f000-7fe3dc89a000 rw-p 00a04000 08:01 399897                     /usr/lib/jvm/java-7-openjdk-amd64/jre/lib/amd64/server/libjvm.so
7fe3dc89a000-7fe3dc8c5000 rw-p 00000000 00:00 0 
7fe3dc8c5000-7fe3dc8dd000 r-xp 00000000 08:01 134606                     /lib/x86_64-linux-gnu/libpthread-2.13.so
7fe3dc8dd000-7fe3dcadc000 ---p 00018000 08:01 134606                     /lib/x86_64-linux-gnu/libpthread-2.13.so
7fe3dcadc000-7fe3dcadd000 r--p 00017000 08:01 134606                     /lib/x86_64-linux-gnu/libpthread-2.13.so
7fe3dcadd000-7fe3dcade000 rw-p 00018000 08:01 134606                     /lib/x86_64-linux-gnu/libpthread-2.13.so
7fe3dcade000-7fe3dcae2000 rw-p 00000000 00:00 0 
7fe3dcae2000-7fe3dcaf9000 r-xp 00000000 08:01 139905                     /lib/x86_64-linux-gnu/libz.so.1.2.3.4
7fe3dcaf9000-7fe3dccf8000 ---p 00017000 08:01 139905                     /lib/x86_64-linux-gnu/libz.so.1.2.3.4
7fe3dccf8000-7fe3dccf9000 r--p 00016000 08:01 139905                     /lib/x86_64-linux-gnu/libz.so.1.2.3.4
7fe3dccf9000-7fe3dccfa000 rw-p 00017000 08:01 139905                     /lib/x86_64-linux-gnu/libz.so.1.2.3.4
7fe3dccfa000-7fe3dccfc000 r-xp 00000000 08:01 134594                     /lib/x86_64-linux-gnu/libdl-2.13.so
7fe3dccfc000-7fe3dcefc000 ---p 00002000 08:01 134594                     /lib/x86_64-linux-gnu/libdl-2.13.so
7fe3dcefc000-7fe3dcefd000 r--p 00002000 08:01 134594                     /lib/x86_64-linux-gnu/libdl-2.13.so
7fe3dcefd000-7fe3dcefe000 rw-p 00003000 08:01 134594                     /lib/x86_64-linux-gnu/libdl-2.13.so
7fe3dcefe000-7fe3dd093000 r-xp 00000000 08:01 134593                     /lib/x86_64-linux-gnu/libc-2.13.so
7fe3dd093000-7fe3dd292000 ---p 00195000 08:01 134593                     /lib/x86_64-linux-gnu/libc-2.13.so
7fe3dd292000-7fe3dd296000 r--p 00194000 08:01 134593                     /lib/x86_64-linux-gnu/libc-2.13.so
7fe3dd296000-7fe3dd297000 rw-p 00198000 08:01 134593                     /lib/x86_64-linux-gnu/libc-2.13.so
7fe3dd297000-7fe3dd29d000 rw-p 00000000 00:00 0 
7fe3dd29d000-7fe3dd2a9000 r-xp 00000000 08:01 397479                     /usr/lib/jvm/java-7-openjdk-amd64/jre/lib/amd64/jli/libjli.so
7fe3dd2a9000-7fe3dd4a8000 ---p 0000c000 08:01 397479                     /usr/lib/jvm/java-7-openjdk-amd64/jre/lib/amd64/jli/libjli.so
7fe3dd4a8000-7fe3dd4a9000 r--p 0000b000 08:01 397479                     /usr/lib/jvm/java-7-openjdk-amd64/jre/lib/amd64/jli/libjli.so
7fe3dd4a9000-7fe3dd4aa000 rw-p 0000c000 08:01 397479                     /usr/lib/jvm/java-7-openjdk-amd64/jre/lib/amd64/jli/libjli.so
7fe3dd4aa000-7fe3dd4cb000 r-xp 00000000 08:01 134600                     /lib/x86_64-linux-gnu/ld-2.13.so
7fe3dd4cb000-7fe3dd4cf000 r--s 0009f000 08:01 396465                     /usr/lib/jvm/java-7-openjdk-common/jre/lib/jsse.jar
7fe3dd4cf000-7fe3dd4d8000 r--s 00263000 08:01 396683                     /usr/lib/jvm/java-7-openjdk-common/jre/lib/resources.jar
7fe3dd4d8000-7fe3dd4df000 r--s 00000000 08:01 663199                     /usr/lib/x86_64-linux-gnu/gconv/gconv-modules.cache
7fe3dd4df000-7fe3dd4e9000 rw-p 00000000 00:00 0 
7fe3dd4e9000-7fe3dd59f000 rw-p 00000000 00:00 0 
7fe3dd59f000-7fe3dd5a2000 ---p 00000000 00:00 0 
7fe3dd5a2000-7fe3dd6a5000 rw-p 00000000 00:00 0 
7fe3dd6a6000-7fe3dd6a7000 r--p 00000000 00:00 0 
7fe3dd6a7000-7fe3dd6aa000 r--s 00032000 08:01 395025                     /usr/lib/jvm/java-7-openjdk-common/jre/lib/ext/sunjce_provider.jar
7fe3dd6aa000-7fe3dd6ad000 r--s 00085000 08:01 395002                     /usr/lib/jvm/java-7-openjdk-common/jre/lib/ext/localedata.jar
7fe3dd6ad000-7fe3dd6ae000 r--s 00002000 08:01 394906                     /usr/lib/jvm/java-7-openjdk-common/jre/lib/ext/dnsns.jar
7fe3dd6ae000-7fe3dd6b1000 r--s 0003c000 08:01 394890                     /usr/lib/jvm/java-7-openjdk-common/jre/lib/ext/sunpkcs11.jar
7fe3dd6b1000-7fe3dd6b3000 r--s 00012000 08:01 395160                     /usr/lib/jvm/java-7-openjdk-common/jre/lib/ext/zipfs.jar
7fe3dd6b3000-7fe3dd6b6000 r--s 0000f000 08:01 395194                     /usr/lib/jvm/java-7-openjdk-common/jre/lib/ext/pulse-java.jar
7fe3dd6b6000-7fe3dd6be000 r--s 00066000 08:01 676447                     /usr/share/java/gnome-java-bridge.jar
7fe3dd6be000-7fe3dd6c6000 rw-s 00000000 08:01 268485                     /tmp/hsperfdata_guillaume/3077
7fe3dd6c6000-7fe3dd6c7000 rw-p 00000000 00:00 0 
7fe3dd6c7000-7fe3dd6c8000 r--p 00000000 00:00 0 
7fe3dd6c8000-7fe3dd6ca000 rw-p 00000000 00:00 0 
7fe3dd6ca000-7fe3dd6cb000 r--p 00020000 08:01 134600                     /lib/x86_64-linux-gnu/ld-2.13.so
7fe3dd6cb000-7fe3dd6cd000 rw-p 00021000 08:01 134600                     /lib/x86_64-linux-gnu/ld-2.13.so
7fffec221000-7fffec242000 rw-p 00000000 00:00 0                          [stack]
7fffec2b0000-7fffec2b1000 r-xp 00000000 00:00 0                          [vdso]
ffffffffff600000-ffffffffff601000 r-xp 00000000 00:00 0                  [vsyscall]

VM Arguments:
jvm_args: -Dfile.encoding=UTF-8 
java_command: main.Main
Launcher Type: SUN_STANDARD

Environment Variables:
PATH=/usr/lib/lightdm/lightdm:/usr/local/sbin:/usr/local/bin:/usr/sbin:/usr/bin:/sbin:/bin:/usr/games
USERNAME=guillaume
SHELL=/bin/bash
DISPLAY=:0

Signal Handlers:
SIGSEGV: [libjvm.so+0x7fca30], sa_mask[0]=0x7ffbfeff, sa_flags=0x10000004
SIGBUS: [libjvm.so+0x7fca30], sa_mask[0]=0x7ffbfeff, sa_flags=0x10000004
SIGFPE: [libjvm.so+0x6a1150], sa_mask[0]=0x7ffbfeff, sa_flags=0x10000004
SIGPIPE: [libjvm.so+0x6a1150], sa_mask[0]=0x7ffbfeff, sa_flags=0x10000004
SIGXFSZ: [libjvm.so+0x6a1150], sa_mask[0]=0x7ffbfeff, sa_flags=0x10000004
SIGILL: [libjvm.so+0x6a1150], sa_mask[0]=0x7ffbfeff, sa_flags=0x10000004
SIGUSR1: SIG_DFL, sa_mask[0]=0x00000000, sa_flags=0x00000000
SIGUSR2: [libjvm.so+0x6a1520], sa_mask[0]=0x00000004, sa_flags=0x10000004
SIGHUP: [libjvm.so+0x6a1660], sa_mask[0]=0x7ffbfeff, sa_flags=0x10000004
SIGINT: SIG_IGN, sa_mask[0]=0x00000000, sa_flags=0x00000000
SIGTERM: [libjvm.so+0x6a1660], sa_mask[0]=0x7ffbfeff, sa_flags=0x10000004
SIGQUIT: [libjvm.so+0x6a1660], sa_mask[0]=0x7ffbfeff, sa_flags=0x10000004


---------------  S Y S T E M  ---------------

OS:Ubuntu 11.10 (oneiric)
uname:Linux 3.0.0-12-generic #20-Ubuntu SMP Fri Oct 7 14:56:25 UTC 2011 x86_64
libc:glibc 2.13 NPTL 2.13 
rlimit: STACK 8192k, CORE 0k, NPROC 31562, NOFILE 4096, AS infinity
load average:0,47 0,51 0,39

/proc/meminfo:
MemTotal:        4055792 kB
MemFree:         1657180 kB
Buffers:           93752 kB
Cached:           892528 kB
SwapCached:            0 kB
Active:          1510784 kB
Inactive:         682016 kB
Active(anon):    1207356 kB
Inactive(anon):    14108 kB
Active(file):     303428 kB
Inactive(file):   667908 kB
Unevictable:          32 kB
Mlocked:              32 kB
SwapTotal:             0 kB
SwapFree:              0 kB
Dirty:               468 kB
Writeback:             0 kB
AnonPages:       1206636 kB
Mapped:           219720 kB
Shmem:             14944 kB
Slab:              76156 kB
SReclaimable:      51328 kB
SUnreclaim:        24828 kB
KernelStack:        3304 kB
PageTables:        27644 kB
NFS_Unstable:          0 kB
Bounce:                0 kB
WritebackTmp:          0 kB
CommitLimit:     2027896 kB
Committed_AS:    3132596 kB
VmallocTotal:   34359738367 kB
VmallocUsed:      102100 kB
VmallocChunk:   34359626748 kB
HardwareCorrupted:     0 kB
AnonHugePages:         0 kB
HugePages_Total:       0
HugePages_Free:        0
HugePages_Rsvd:        0
HugePages_Surp:        0
Hugepagesize:       2048 kB
DirectMap4k:      105408 kB
DirectMap2M:     4087808 kB


CPU:total 2 (2 cores per cpu, 1 threads per core) family 6 model 15 stepping 13, cmov, cx8, fxsr, mmx, sse, sse2, sse3, ssse3

Memory: 4k page, physical 4055792k(1657180k free), swap 0k(0k free)

vm_info: OpenJDK 64-Bit Server VM (21.0-b17) for linux-amd64 JRE (1.7.0_147-b147), built on Sep 30 2011 00:36:33 by "buildd" with gcc 4.6.1

time: Thu Nov 10 19:21:51 2011
elapsed time: 0 seconds

