#
# A fatal error has been detected by the Java Runtime Environment:
#
#  SIGSEGV (0xb) at pc=0x00007fc75edae1f8, pid=3827, tid=140494619784960
#
# JRE version: 7.0_147-b147
# Java VM: OpenJDK 64-Bit Server VM (21.0-b17 mixed mode linux-amd64 compressed oops)
# Derivative: IcedTea7 2.0pre
# Distribution: Ubuntu oneiric (development branch), package 7~b147-2.0~pre6-1ubuntu1
# Problematic frame:
# C  [liblcms2.so.2+0x121f8]  cmsSaveProfileToIOhandler+0x38
#
# Failed to write core dump. Core dumps have been disabled. To enable core dumping, try "ulimit -c unlimited" before starting Java again
#
# If you would like to submit a bug report, please include
# instructions on how to reproduce the bug and visit:
#   https://bugs.launchpad.net/ubuntu/+source/openjdk-7/
# The crash happened outside the Java Virtual Machine in native code.
# See problematic frame for where to report the bug.
#

---------------  T H R E A D  ---------------

Current thread (0x000000000106a800):  JavaThread "main" [_thread_in_native, id=3831, stack(0x00007fc773d7b000,0x00007fc773e7c000)]

siginfo:si_signo=SIGSEGV: si_errno=0, si_code=1 (SEGV_MAPERR), si_addr=0x0000000000000000

Registers:
RAX=0x0000000000000000, RBX=0x0000000000000000, RCX=0x00000000000001d4, RDX=0x00007fc773e79a3c
RSP=0x00007fc773e78b10, RBP=0x0000000000000000, RSI=0x0000000000000000, RDI=0x00007fc773e78b10
R8 =0x00007fc76836f6a0, R9 =0x0000000000000000, R10=0x0000000000000000, R11=0x0000000000000000
R12=0x00007fc773e79a3c, R13=0x0000000000000000, R14=0x0000000000000000, R15=0x000000000106a800
RIP=0x00007fc75edae1f8, EFLAGS=0x0000000000010246, CSGSFS=0x0000000000000033, ERR=0x0000000000000004
  TRAPNO=0x000000000000000e

Top of Stack: (sp=0x00007fc773e78b10)
0x00007fc773e78b10:   00007fc768372070 00007fc75edaccef
0x00007fc773e78b20:   0000000000000c48 00007fc768000020
0x00007fc773e78b30:   000000000000000e 000000000000080c
0x00007fc773e78b40:   00007fc700000000 00007fc768000020
0x00007fc773e78b50:   000000000000000e 00007fc75edb3754
0x00007fc773e78b60:   00007fc773e78fec ad92a76ae787be00
0x00007fc773e78b70:   00007fc768372070 00007fc7683707fc
0x00007fc773e78b80:   000000000000000e 00007fc75edacebf
0x00007fc773e78b90:   4247527320434549 0000000000000000
0x00007fc773e78ba0:   00007fc768372310 2dd3000000000100
0x00007fc773e78bb0:   0000080c000004c4 00007fc768000020
0x00007fc773e78bc0:   00007fc700000000 00007fc7683721c0
0x00007fc773e78bd0:   0000000000000c48 00007fc768370678
0x00007fc773e78be0:   0000000000000011 00007fc773756d7c
0x00007fc773e78bf0:   00007fc7683721c0 00007fc75edace2c
0x00007fc773e78c00:   00007fc768370420 00007fc75edae3ae
0x00007fc773e78c10:   00007fc7683712d0 0000000000000000
0x00007fc773e78c20:   0000003100000000 0000000900000006
0x00007fc773e78c30:   0000006200000001 ffffffffffffffff
0x00007fc773e78c40:   0000000000000000 0000000000000000
0x00007fc773e78c50:   00007fc773836689 6d6e747202100000
0x00007fc773e78c60:   58595a2052474220 00000000000000b0
0x00007fc773e78c70:   7352474249454320 0000000000000000
0x00007fc773e78c80:   0000000000000000 0000000000000000
0x00007fc773e78c90:   6370727400000011 00007fc768000020
0x00007fc773e78ca0:   00007fc7683634f0 000000000000007c
0x00007fc773e78cb0:   00007fc773e791d0 00007fc773e79490
0x00007fc773e78cc0:   00007fc773ca085b 00007fc77375677d
0x00007fc773e78cd0:   6254524300000000 000000000000003f
0x00007fc773e78ce0:   00007fc7683634f0 0000000000000000
0x00007fc773e78cf0:   00007fc76836f6dd 00007fc773c947e1
0x00007fc773e78d00:   0000000000000000 0000000000000000 

Instructions: (pc=0x00007fc75edae1f8)
0x00007fc75edae1d8:   48 89 de 48 81 ec b8 0e 00 00 64 48 8b 04 25 28
0x00007fc75edae1e8:   00 00 00 48 89 84 24 a8 0e 00 00 31 c0 48 89 e7
0x00007fc75edae1f8:   f3 48 a5 48 89 df e8 1d f6 ff ff 48 89 c7 e8 65
0x00007fc75edae208:   f0 ff ff 48 85 c0 49 89 c4 48 89 03 74 0e 31 f6 

Register to memory mapping:

RAX=0x0000000000000000 is an unknown value
RBX=0x0000000000000000 is an unknown value
RCX=0x00000000000001d4 is an unknown value
RDX=0x00007fc773e79a3c is pointing into the stack for thread: 0x000000000106a800
RSP=0x00007fc773e78b10 is pointing into the stack for thread: 0x000000000106a800
RBP=0x0000000000000000 is an unknown value
RSI=0x0000000000000000 is an unknown value
RDI=0x00007fc773e78b10 is pointing into the stack for thread: 0x000000000106a800
R8 =0x00007fc76836f6a0 is an unknown value
R9 =0x0000000000000000 is an unknown value
R10=0x0000000000000000 is an unknown value
R11=0x0000000000000000 is an unknown value
R12=0x00007fc773e79a3c is pointing into the stack for thread: 0x000000000106a800
R13=0x0000000000000000 is an unknown value
R14=0x0000000000000000 is an unknown value
R15=0x000000000106a800 is a thread


Stack: [0x00007fc773d7b000,0x00007fc773e7c000],  sp=0x00007fc773e78b10,  free space=1014k
Native frames: (J=compiled Java code, j=interpreted, Vv=VM code, C=native code)
C  [liblcms2.so.2+0x121f8]  cmsSaveProfileToIOhandler+0x38

[error occurred during error reporting (printing native stack), id 0xb]

Java frames: (J=compiled Java code, j=interpreted, Vv=VM code)
j  sun.java2d.cmm.lcms.LCMS.getTagData(JI[B)V+0
j  java.awt.color.ICC_Profile.getData(JI)[B+26
j  java.awt.color.ICC_Profile.getData(I)[B+14
j  java.awt.color.ICC_Profile.getNumComponents()I+18
j  sun.java2d.cmm.lcms.LCMSTransform.<init>(Ljava/awt/color/ICC_Profile;II)V+83
j  sun.java2d.cmm.lcms.LCMS.createTransform(Ljava/awt/color/ICC_Profile;II)Lsun/java2d/cmm/ColorTransform;+7
j  java.awt.color.ICC_ColorSpace.fromRGB([F)[F+37
j  com.sun.imageio.plugins.jpeg.JPEGImageReader.setImageData(IIIII[B)V+158
v  ~StubRoutines::call_stub
j  com.sun.imageio.plugins.jpeg.JPEGImageReader.readImageHeader(JZZ)Z+0
j  com.sun.imageio.plugins.jpeg.JPEGImageReader.readNativeHeader(Z)Z+12
j  com.sun.imageio.plugins.jpeg.JPEGImageReader.checkTablesOnly()V+92
j  com.sun.imageio.plugins.jpeg.JPEGImageReader.gotoImage(I)V+41
j  com.sun.imageio.plugins.jpeg.JPEGImageReader.readHeader(IZ)V+2
j  com.sun.imageio.plugins.jpeg.JPEGImageReader.readInternal(ILjavax/imageio/ImageReadParam;Z)Ljava/awt/image/Raster;+3
j  com.sun.imageio.plugins.jpeg.JPEGImageReader.read(ILjavax/imageio/ImageReadParam;)Ljava/awt/image/BufferedImage;+8
j  javax.imageio.ImageIO.read(Ljavax/imageio/stream/ImageInputStream;)Ljava/awt/image/BufferedImage;+55
j  javax.imageio.ImageIO.read(Ljava/io/InputStream;)Ljava/awt/image/BufferedImage;+20
j  content.ImageBank.<init>()V+120
j  main.Main.main([Ljava/lang/String;)V+4
v  ~StubRoutines::call_stub

---------------  P R O C E S S  ---------------

Java Threads: ( => current thread )
  0x0000000001294000 JavaThread "Thread-0" [_thread_blocked, id=3850, stack(0x00007fc75f86e000,0x00007fc75f96f000)]
  0x0000000001292000 JavaThread "AWT-EventQueue-0" [_thread_in_native, id=3849, stack(0x00007fc75f96f000,0x00007fc75fa70000)]
  0x00007fc7682a6000 JavaThread "AWT-Shutdown" [_thread_blocked, id=3848, stack(0x00007fc7600d5000,0x00007fc7601d6000)]
  0x00007fc768215000 JavaThread "process reaper" daemon [_thread_blocked, id=3845, stack(0x00007fc76c0bb000,0x00007fc76c0d5000)]
  0x00007fc7681ef800 JavaThread "AWT-XAWT" daemon [_thread_blocked, id=3843, stack(0x00007fc7601d6000,0x00007fc7602d7000)]
  0x00007fc7681a9800 JavaThread "Java2D Disposer" daemon [_thread_blocked, id=3842, stack(0x00007fc76c0d5000,0x00007fc76c1d6000)]
  0x00007fc768061000 JavaThread "Service Thread" daemon [_thread_blocked, id=3840, stack(0x00007fc76c311000,0x00007fc76c412000)]
  0x00007fc76805e000 JavaThread "C2 CompilerThread1" daemon [_thread_blocked, id=3839, stack(0x00007fc76c412000,0x00007fc76c513000)]
  0x00007fc76805b000 JavaThread "C2 CompilerThread0" daemon [_thread_blocked, id=3838, stack(0x00007fc76c513000,0x00007fc76c614000)]
  0x00007fc768059000 JavaThread "Signal Dispatcher" daemon [_thread_blocked, id=3837, stack(0x00007fc76c614000,0x00007fc76c715000)]
  0x00007fc768001000 JavaThread "Finalizer" daemon [_thread_blocked, id=3836, stack(0x00007fc76ce02000,0x00007fc76cf03000)]
  0x0000000001105800 JavaThread "Reference Handler" daemon [_thread_blocked, id=3835, stack(0x00007fc76cf03000,0x00007fc76d004000)]
=>0x000000000106a800 JavaThread "main" [_thread_in_native, id=3831, stack(0x00007fc773d7b000,0x00007fc773e7c000)]

Other Threads:
  0x00000000010fd800 VMThread [stack: 0x00007fc76d004000,0x00007fc76d105000] [id=3834]
  0x00007fc76806b800 WatcherThread [stack: 0x00007fc76c210000,0x00007fc76c311000] [id=3841]

VM state:not at safepoint (normal execution)

VM Mutex/Monitor currently owned by a thread: None

Heap
 PSYoungGen      total 18496K, used 6845K [0x00000000eb560000, 0x00000000eca00000, 0x0000000100000000)
  eden space 15872K, 43% used [0x00000000eb560000,0x00000000ebc0f790,0x00000000ec4e0000)
  from space 2624K, 0% used [0x00000000ec770000,0x00000000ec770000,0x00000000eca00000)
  to   space 2624K, 0% used [0x00000000ec4e0000,0x00000000ec4e0000,0x00000000ec770000)
 PSOldGen        total 42304K, used 0K [0x00000000c2000000, 0x00000000c4950000, 0x00000000eb560000)
  object space 42304K, 0% used [0x00000000c2000000,0x00000000c2000000,0x00000000c4950000)
 PSPermGen       total 21248K, used 11166K [0x00000000b7a00000, 0x00000000b8ec0000, 0x00000000c2000000)
  object space 21248K, 52% used [0x00000000b7a00000,0x00000000b84e7aa8,0x00000000b8ec0000)

Code Cache  [0x00007fc76dc2e000, 0x00007fc76de9e000, 0x00007fc770c2e000)
 total_blobs=443 nmethods=13 adapters=383 free_code_cache=48614Kb largest_free_block=49768064

Dynamic libraries:
00400000-00401000 r-xp 00000000 08:01 400896                             /usr/lib/jvm/java-7-openjdk-amd64/jre/bin/java
00600000-00601000 r--p 00000000 08:01 400896                             /usr/lib/jvm/java-7-openjdk-amd64/jre/bin/java
00601000-00602000 rw-p 00001000 08:01 400896                             /usr/lib/jvm/java-7-openjdk-amd64/jre/bin/java
01060000-01313000 rw-p 00000000 00:00 0                                  [heap]
b7a00000-b8ec0000 rw-p 00000000 00:00 0 
b8ec0000-c2000000 rw-p 00000000 00:00 0 
c2000000-c4950000 rw-p 00000000 00:00 0 
c4950000-eb560000 rw-p 00000000 00:00 0 
eb560000-eca00000 rw-p 00000000 00:00 0 
eca00000-100000000 rw-p 00000000 00:00 0 
7fc75ed9c000-7fc75ede2000 r-xp 00000000 08:01 406696                     /usr/lib/x86_64-linux-gnu/liblcms2.so.2.0.2
7fc75ede2000-7fc75efe1000 ---p 00046000 08:01 406696                     /usr/lib/x86_64-linux-gnu/liblcms2.so.2.0.2
7fc75efe1000-7fc75efe2000 r--p 00045000 08:01 406696                     /usr/lib/x86_64-linux-gnu/liblcms2.so.2.0.2
7fc75efe2000-7fc75efe6000 rw-p 00046000 08:01 406696                     /usr/lib/x86_64-linux-gnu/liblcms2.so.2.0.2
7fc75efe6000-7fc75efe7000 rw-p 00000000 00:00 0 
7fc75efe7000-7fc75efeb000 r-xp 00000000 08:01 398964                     /usr/lib/jvm/java-7-openjdk-amd64/jre/lib/amd64/libjavalcms.so
7fc75efeb000-7fc75f1ea000 ---p 00004000 08:01 398964                     /usr/lib/jvm/java-7-openjdk-amd64/jre/lib/amd64/libjavalcms.so
7fc75f1ea000-7fc75f1eb000 r--p 00003000 08:01 398964                     /usr/lib/jvm/java-7-openjdk-amd64/jre/lib/amd64/libjavalcms.so
7fc75f1eb000-7fc75f1ec000 rw-p 00004000 08:01 398964                     /usr/lib/jvm/java-7-openjdk-amd64/jre/lib/amd64/libjavalcms.so
7fc75f1ec000-7fc75f43f000 rw-s 00000000 00:04 3538947                    /SYSV00000000 (deleted)
7fc75f43f000-7fc75f463000 r-xp 00000000 08:01 406680                     /usr/lib/x86_64-linux-gnu/libjpeg.so.62.0.0
7fc75f463000-7fc75f662000 ---p 00024000 08:01 406680                     /usr/lib/x86_64-linux-gnu/libjpeg.so.62.0.0
7fc75f662000-7fc75f663000 r--p 00023000 08:01 406680                     /usr/lib/x86_64-linux-gnu/libjpeg.so.62.0.0
7fc75f663000-7fc75f664000 rw-p 00024000 08:01 406680                     /usr/lib/x86_64-linux-gnu/libjpeg.so.62.0.0
7fc75f664000-7fc75f66d000 r-xp 00000000 08:01 398665                     /usr/lib/jvm/java-7-openjdk-amd64/jre/lib/amd64/libjavajpeg.so
7fc75f66d000-7fc75f86c000 ---p 00009000 08:01 398665                     /usr/lib/jvm/java-7-openjdk-amd64/jre/lib/amd64/libjavajpeg.so
7fc75f86c000-7fc75f86d000 r--p 00008000 08:01 398665                     /usr/lib/jvm/java-7-openjdk-amd64/jre/lib/amd64/libjavajpeg.so
7fc75f86d000-7fc75f86e000 rw-p 00009000 08:01 398665                     /usr/lib/jvm/java-7-openjdk-amd64/jre/lib/amd64/libjavajpeg.so
7fc75f86e000-7fc75f871000 ---p 00000000 00:00 0 
7fc75f871000-7fc75f96f000 rw-p 00000000 00:00 0 
7fc75f96f000-7fc75f972000 ---p 00000000 00:00 0 
7fc75f972000-7fc75fa70000 rw-p 00000000 00:00 0 
7fc75fa70000-7fc75fa80000 r-xp 00000000 08:01 399340                     /usr/lib/jvm/java-7-openjdk-amd64/jre/lib/amd64/libnio.so
7fc75fa80000-7fc75fc7f000 ---p 00010000 08:01 399340                     /usr/lib/jvm/java-7-openjdk-amd64/jre/lib/amd64/libnio.so
7fc75fc7f000-7fc75fc80000 r--p 0000f000 08:01 399340                     /usr/lib/jvm/java-7-openjdk-amd64/jre/lib/amd64/libnio.so
7fc75fc80000-7fc75fc81000 rw-p 00010000 08:01 399340                     /usr/lib/jvm/java-7-openjdk-amd64/jre/lib/amd64/libnio.so
7fc75fc81000-7fc75fc97000 r-xp 00000000 08:01 399248                     /usr/lib/jvm/java-7-openjdk-amd64/jre/lib/amd64/libnet.so
7fc75fc97000-7fc75fe96000 ---p 00016000 08:01 399248                     /usr/lib/jvm/java-7-openjdk-amd64/jre/lib/amd64/libnet.so
7fc75fe96000-7fc75fe97000 r--p 00015000 08:01 399248                     /usr/lib/jvm/java-7-openjdk-amd64/jre/lib/amd64/libnet.so
7fc75fe97000-7fc75fe98000 rw-p 00016000 08:01 399248                     /usr/lib/jvm/java-7-openjdk-amd64/jre/lib/amd64/libnet.so
7fc75fe98000-7fc75fed2000 r-xp 00000000 08:01 398142                     /usr/lib/jvm/java-7-openjdk-amd64/jre/lib/amd64/libfontmanager.so
7fc75fed2000-7fc7600d2000 ---p 0003a000 08:01 398142                     /usr/lib/jvm/java-7-openjdk-amd64/jre/lib/amd64/libfontmanager.so
7fc7600d2000-7fc7600d4000 r--p 0003a000 08:01 398142                     /usr/lib/jvm/java-7-openjdk-amd64/jre/lib/amd64/libfontmanager.so
7fc7600d4000-7fc7600d5000 rw-p 0003c000 08:01 398142                     /usr/lib/jvm/java-7-openjdk-amd64/jre/lib/amd64/libfontmanager.so
7fc7600d5000-7fc7600d8000 ---p 00000000 00:00 0 
7fc7600d8000-7fc7601d6000 rw-p 00000000 00:00 0 
7fc7601d6000-7fc7601d9000 ---p 00000000 00:00 0 
7fc7601d9000-7fc7602d7000 rw-p 00000000 00:00 0 
7fc7602d7000-7fc7602da000 r-xp 00000000 08:01 139849                     /lib/x86_64-linux-gnu/libgpg-error.so.0.8.0
7fc7602da000-7fc7604d9000 ---p 00003000 08:01 139849                     /lib/x86_64-linux-gnu/libgpg-error.so.0.8.0
7fc7604d9000-7fc7604da000 r--p 00002000 08:01 139849                     /lib/x86_64-linux-gnu/libgpg-error.so.0.8.0
7fc7604da000-7fc7604db000 rw-p 00003000 08:01 139849                     /lib/x86_64-linux-gnu/libgpg-error.so.0.8.0
7fc7604db000-7fc7604dd000 r-xp 00000000 08:01 139851                     /lib/x86_64-linux-gnu/libkeyutils.so.1.3
7fc7604dd000-7fc7606dc000 ---p 00002000 08:01 139851                     /lib/x86_64-linux-gnu/libkeyutils.so.1.3
7fc7606dc000-7fc7606dd000 r--p 00001000 08:01 139851                     /lib/x86_64-linux-gnu/libkeyutils.so.1.3
7fc7606dd000-7fc7606de000 rw-p 00002000 08:01 139851                     /lib/x86_64-linux-gnu/libkeyutils.so.1.3
7fc7606de000-7fc760720000 r-xp 00000000 08:01 135649                     /lib/x86_64-linux-gnu/libdbus-1.so.3.5.7
7fc760720000-7fc76091f000 ---p 00042000 08:01 135649                     /lib/x86_64-linux-gnu/libdbus-1.so.3.5.7
7fc76091f000-7fc760920000 r--p 00041000 08:01 135649                     /lib/x86_64-linux-gnu/libdbus-1.so.3.5.7
7fc760920000-7fc760921000 rw-p 00042000 08:01 135649                     /lib/x86_64-linux-gnu/libdbus-1.so.3.5.7
7fc760921000-7fc76099b000 r-xp 00000000 08:01 139845                     /lib/x86_64-linux-gnu/libgcrypt.so.11.7.0
7fc76099b000-7fc760b9b000 ---p 0007a000 08:01 139845                     /lib/x86_64-linux-gnu/libgcrypt.so.11.7.0
7fc760b9b000-7fc760b9c000 r--p 0007a000 08:01 139845                     /lib/x86_64-linux-gnu/libgcrypt.so.11.7.0
7fc760b9c000-7fc760b9f000 rw-p 0007b000 08:01 139845                     /lib/x86_64-linux-gnu/libgcrypt.so.11.7.0
7fc760b9f000-7fc760baf000 r-xp 00000000 08:01 406788                     /usr/lib/x86_64-linux-gnu/libtasn1.so.3.1.11
7fc760baf000-7fc760dae000 ---p 00010000 08:01 406788                     /usr/lib/x86_64-linux-gnu/libtasn1.so.3.1.11
7fc760dae000-7fc760daf000 r--p 0000f000 08:01 406788                     /usr/lib/x86_64-linux-gnu/libtasn1.so.3.1.11
7fc760daf000-7fc760db0000 rw-p 00010000 08:01 406788                     /usr/lib/x86_64-linux-gnu/libtasn1.so.3.1.11
7fc760db0000-7fc760db7000 r-xp 00000000 08:01 397002                     /usr/lib/x86_64-linux-gnu/libkrb5support.so.0.1
7fc760db7000-7fc760fb6000 ---p 00007000 08:01 397002                     /usr/lib/x86_64-linux-gnu/libkrb5support.so.0.1
7fc760fb6000-7fc760fb7000 r--p 00006000 08:01 397002                     /usr/lib/x86_64-linux-gnu/libkrb5support.so.0.1
7fc760fb7000-7fc760fb8000 rw-p 00007000 08:01 397002                     /usr/lib/x86_64-linux-gnu/libkrb5support.so.0.1
7fc760fb8000-7fc760fbb000 r-xp 00000000 08:01 139827                     /lib/x86_64-linux-gnu/libcom_err.so.2.1
7fc760fbb000-7fc7611ba000 ---p 00003000 08:01 139827                     /lib/x86_64-linux-gnu/libcom_err.so.2.1
7fc7611ba000-7fc7611bb000 r--p 00002000 08:01 139827                     /lib/x86_64-linux-gnu/libcom_err.so.2.1
7fc7611bb000-7fc7611bc000 rw-p 00003000 08:01 139827                     /lib/x86_64-linux-gnu/libcom_err.so.2.1
7fc7611bc000-7fc7611e2000 r-xp 00000000 08:01 394051                     /usr/lib/x86_64-linux-gnu/libk5crypto.so.3.1
7fc7611e2000-7fc7613e1000 ---p 00026000 08:01 394051                     /usr/lib/x86_64-linux-gnu/libk5crypto.so.3.1
7fc7613e1000-7fc7613e3000 r--p 00025000 08:01 394051                     /usr/lib/x86_64-linux-gnu/libk5crypto.so.3.1
7fc7613e3000-7fc7613e4000 rw-p 00027000 08:01 394051                     /usr/lib/x86_64-linux-gnu/libk5crypto.so.3.1
7fc7613e4000-7fc7614a3000 r-xp 00000000 08:01 397018                     /usr/lib/x86_64-linux-gnu/libkrb5.so.3.3
7fc7614a3000-7fc7616a3000 ---p 000bf000 08:01 397018                     /usr/lib/x86_64-linux-gnu/libkrb5.so.3.3
7fc7616a3000-7fc7616ac000 r--p 000bf000 08:01 397018                     /usr/lib/x86_64-linux-gnu/libkrb5.so.3.3
7fc7616ac000-7fc7616ad000 rw-p 000c8000 08:01 397018                     /usr/lib/x86_64-linux-gnu/libkrb5.so.3.3
7fc7616ad000-7fc7616b4000 r-xp 00000000 08:01 406811                     /usr/lib/x86_64-linux-gnu/libxcb-render.so.0.0.0
7fc7616b4000-7fc7618b4000 ---p 00007000 08:01 406811                     /usr/lib/x86_64-linux-gnu/libxcb-render.so.0.0.0
7fc7618b4000-7fc7618b5000 r--p 00007000 08:01 406811                     /usr/lib/x86_64-linux-gnu/libxcb-render.so.0.0.0
7fc7618b5000-7fc7618b6000 rw-p 00008000 08:01 406811                     /usr/lib/x86_64-linux-gnu/libxcb-render.so.0.0.0
7fc7618b6000-7fc7618b8000 r-xp 00000000 08:01 406815                     /usr/lib/x86_64-linux-gnu/libxcb-shm.so.0.0.0
7fc7618b8000-7fc761ab7000 ---p 00002000 08:01 406815                     /usr/lib/x86_64-linux-gnu/libxcb-shm.so.0.0.0
7fc761ab7000-7fc761ab8000 r--p 00001000 08:01 406815                     /usr/lib/x86_64-linux-gnu/libxcb-shm.so.0.0.0
7fc761ab8000-7fc761ab9000 rw-p 00002000 08:01 406815                     /usr/lib/x86_64-linux-gnu/libxcb-shm.so.0.0.0
7fc761ab9000-7fc761adf000 r-xp 00000000 08:01 139881                     /lib/x86_64-linux-gnu/libpng12.so.0.46.0
7fc761adf000-7fc761cde000 ---p 00026000 08:01 139881                     /lib/x86_64-linux-gnu/libpng12.so.0.46.0
7fc761cde000-7fc761cdf000 r--p 00025000 08:01 139881                     /lib/x86_64-linux-gnu/libpng12.so.0.46.0
7fc761cdf000-7fc761ce0000 rw-p 00026000 08:01 139881                     /lib/x86_64-linux-gnu/libpng12.so.0.46.0
7fc761ce0000-7fc761d4e000 r-xp 00000000 08:01 406743                     /usr/lib/x86_64-linux-gnu/libpixman-1.so.0.22.2
7fc761d4e000-7fc761f4e000 ---p 0006e000 08:01 406743                     /usr/lib/x86_64-linux-gnu/libpixman-1.so.0.22.2
7fc761f4e000-7fc761f53000 r--p 0006e000 08:01 406743                     /usr/lib/x86_64-linux-gnu/libpixman-1.so.0.22.2
7fc761f53000-7fc761f54000 rw-p 00073000 08:01 406743                     /usr/lib/x86_64-linux-gnu/libpixman-1.so.0.22.2
7fc761f54000-7fc761f59000 r-xp 00000000 08:01 406539                     /usr/lib/x86_64-linux-gnu/libXdmcp.so.6.0.0
7fc761f59000-7fc762158000 ---p 00005000 08:01 406539                     /usr/lib/x86_64-linux-gnu/libXdmcp.so.6.0.0
7fc762158000-7fc762159000 r--p 00004000 08:01 406539                     /usr/lib/x86_64-linux-gnu/libXdmcp.so.6.0.0
7fc762159000-7fc76215a000 rw-p 00005000 08:01 406539                     /usr/lib/x86_64-linux-gnu/libXdmcp.so.6.0.0
7fc76215a000-7fc76215c000 r-xp 00000000 08:01 406531                     /usr/lib/x86_64-linux-gnu/libXau.so.6.0.0
7fc76215c000-7fc76235b000 ---p 00002000 08:01 406531                     /usr/lib/x86_64-linux-gnu/libXau.so.6.0.0
7fc76235b000-7fc76235c000 r--p 00001000 08:01 406531                     /usr/lib/x86_64-linux-gnu/libXau.so.6.0.0
7fc76235c000-7fc76235d000 rw-p 00002000 08:01 406531                     /usr/lib/x86_64-linux-gnu/libXau.so.6.0.0
7fc76235d000-7fc76236e000 r-xp 00000000 08:01 406571                     /usr/lib/x86_64-linux-gnu/libavahi-client.so.3.2.9
7fc76236e000-7fc76256e000 ---p 00011000 08:01 406571                     /usr/lib/x86_64-linux-gnu/libavahi-client.so.3.2.9
7fc76256e000-7fc76256f000 r--p 00011000 08:01 406571                     /usr/lib/x86_64-linux-gnu/libavahi-client.so.3.2.9
7fc76256f000-7fc762570000 rw-p 00012000 08:01 406571                     /usr/lib/x86_64-linux-gnu/libavahi-client.so.3.2.9
7fc762570000-7fc76257d000 r-xp 00000000 08:01 406573                     /usr/lib/x86_64-linux-gnu/libavahi-common.so.3.5.3
7fc76257d000-7fc76277c000 ---p 0000d000 08:01 406573                     /usr/lib/x86_64-linux-gnu/libavahi-common.so.3.5.3
7fc76277c000-7fc76277d000 r--p 0000c000 08:01 406573                     /usr/lib/x86_64-linux-gnu/libavahi-common.so.3.5.3
7fc76277d000-7fc76277e000 rw-p 0000d000 08:01 406573                     /usr/lib/x86_64-linux-gnu/libavahi-common.so.3.5.3
7fc76277e000-7fc76281f000 r-xp 00000000 08:01 406657                     /usr/lib/x86_64-linux-gnu/libgnutls.so.26.16.14
7fc76281f000-7fc762a1e000 ---p 000a1000 08:01 406657                     /usr/lib/x86_64-linux-gnu/libgnutls.so.26.16.14
7fc762a1e000-7fc762a25000 r--p 000a0000 08:01 406657                     /usr/lib/x86_64-linux-gnu/libgnutls.so.26.16.14
7fc762a25000-7fc762a26000 rw-p 000a7000 08:01 406657                     /usr/lib/x86_64-linux-gnu/libgnutls.so.26.16.14
7fc762a26000-7fc762a61000 r-xp 00000000 08:01 406685                     /usr/lib/x86_64-linux-gnu/libgssapi_krb5.so.2.2
7fc762a61000-7fc762c61000 ---p 0003b000 08:01 406685                     /usr/lib/x86_64-linux-gnu/libgssapi_krb5.so.2.2
7fc762c61000-7fc762c62000 r--p 0003b000 08:01 406685                     /usr/lib/x86_64-linux-gnu/libgssapi_krb5.so.2.2
7fc762c62000-7fc762c64000 rw-p 0003c000 08:01 406685                     /usr/lib/x86_64-linux-gnu/libgssapi_krb5.so.2.2
7fc762c64000-7fc762c9f000 r-xp 00000000 08:01 139879                     /lib/x86_64-linux-gnu/libpcre.so.3.12.1
7fc762c9f000-7fc762e9e000 ---p 0003b000 08:01 139879                     /lib/x86_64-linux-gnu/libpcre.so.3.12.1
7fc762e9e000-7fc762e9f000 r--p 0003a000 08:01 139879                     /lib/x86_64-linux-gnu/libpcre.so.3.12.1
7fc762e9f000-7fc762ea0000 rw-p 0003b000 08:01 139879                     /lib/x86_64-linux-gnu/libpcre.so.3.12.1
7fc762ea0000-7fc762ea7000 r-xp 00000000 08:01 396800                     /usr/lib/x86_64-linux-gnu/libffi.so.6.0.0
7fc762ea7000-7fc7630a6000 ---p 00007000 08:01 396800                     /usr/lib/x86_64-linux-gnu/libffi.so.6.0.0
7fc7630a6000-7fc7630a7000 r--p 00006000 08:01 396800                     /usr/lib/x86_64-linux-gnu/libffi.so.6.0.0
7fc7630a7000-7fc7630a8000 rw-p 00007000 08:01 396800                     /usr/lib/x86_64-linux-gnu/libffi.so.6.0.0
7fc7630a8000-7fc7630cf000 r-xp 00000000 08:01 139838                     /lib/x86_64-linux-gnu/libexpat.so.1.5.2
7fc7630cf000-7fc7632cf000 ---p 00027000 08:01 139838                     /lib/x86_64-linux-gnu/libexpat.so.1.5.2
7fc7632cf000-7fc7632d1000 r--p 00027000 08:01 139838                     /lib/x86_64-linux-gnu/libexpat.so.1.5.2
7fc7632d1000-7fc7632d2000 rw-p 00029000 08:01 139838                     /lib/x86_64-linux-gnu/libexpat.so.1.5.2
7fc7632d2000-7fc763364000 r-xp 00000000 08:01 406632                     /usr/lib/x86_64-linux-gnu/libfreetype.so.6.6.2
7fc763364000-7fc763563000 ---p 00092000 08:01 406632                     /usr/lib/x86_64-linux-gnu/libfreetype.so.6.6.2
7fc763563000-7fc763569000 r--p 00091000 08:01 406632                     /usr/lib/x86_64-linux-gnu/libfreetype.so.6.6.2
7fc763569000-7fc76356a000 rw-p 00097000 08:01 406632                     /usr/lib/x86_64-linux-gnu/libfreetype.so.6.6.2
7fc76356a000-7fc763581000 r-xp 00000000 08:01 134597                     /lib/x86_64-linux-gnu/libresolv-2.13.so
7fc763581000-7fc763781000 ---p 00017000 08:01 134597                     /lib/x86_64-linux-gnu/libresolv-2.13.so
7fc763781000-7fc763782000 r--p 00017000 08:01 134597                     /lib/x86_64-linux-gnu/libresolv-2.13.so
7fc763782000-7fc763783000 rw-p 00018000 08:01 134597                     /lib/x86_64-linux-gnu/libresolv-2.13.so
7fc763783000-7fc763785000 rw-p 00000000 00:00 0 
7fc763785000-7fc7637a1000 r-xp 00000000 08:01 139888                     /lib/x86_64-linux-gnu/libselinux.so.1
7fc7637a1000-7fc7639a0000 ---p 0001c000 08:01 139888                     /lib/x86_64-linux-gnu/libselinux.so.1
7fc7639a0000-7fc7639a1000 r--p 0001b000 08:01 139888                     /lib/x86_64-linux-gnu/libselinux.so.1
7fc7639a1000-7fc7639a2000 rw-p 0001c000 08:01 139888                     /lib/x86_64-linux-gnu/libselinux.so.1
7fc7639a2000-7fc7639a3000 rw-p 00000000 00:00 0 
7fc7639a3000-7fc7639a5000 r-xp 00000000 08:01 406537                     /usr/lib/x86_64-linux-gnu/libXdamage.so.1.1.0
7fc7639a5000-7fc763ba4000 ---p 00002000 08:01 406537                     /usr/lib/x86_64-linux-gnu/libXdamage.so.1.1.0
7fc763ba4000-7fc763ba5000 r--p 00001000 08:01 406537                     /usr/lib/x86_64-linux-gnu/libXdamage.so.1.1.0
7fc763ba5000-7fc763ba6000 rw-p 00002000 08:01 406537                     /usr/lib/x86_64-linux-gnu/libXdamage.so.1.1.0
7fc763ba6000-7fc763ba8000 r-xp 00000000 08:01 406533                     /usr/lib/x86_64-linux-gnu/libXcomposite.so.1.0.0
7fc763ba8000-7fc763da7000 ---p 00002000 08:01 406533                     /usr/lib/x86_64-linux-gnu/libXcomposite.so.1.0.0
7fc763da7000-7fc763da8000 r--p 00001000 08:01 406533                     /usr/lib/x86_64-linux-gnu/libXcomposite.so.1.0.0
7fc763da8000-7fc763da9000 rw-p 00002000 08:01 406533                     /usr/lib/x86_64-linux-gnu/libXcomposite.so.1.0.0
7fc763da9000-7fc763db2000 r-xp 00000000 08:01 406535                     /usr/lib/x86_64-linux-gnu/libXcursor.so.1.0.2
7fc763db2000-7fc763fb1000 ---p 00009000 08:01 406535                     /usr/lib/x86_64-linux-gnu/libXcursor.so.1.0.2
7fc763fb1000-7fc763fb2000 r--p 00008000 08:01 406535                     /usr/lib/x86_64-linux-gnu/libXcursor.so.1.0.2
7fc763fb2000-7fc763fb3000 rw-p 00009000 08:01 406535                     /usr/lib/x86_64-linux-gnu/libXcursor.so.1.0.2
7fc763fb3000-7fc763fbb000 r-xp 00000000 08:01 406551                     /usr/lib/x86_64-linux-gnu/libXrandr.so.2.2.0
7fc763fbb000-7fc7641ba000 ---p 00008000 08:01 406551                     /usr/lib/x86_64-linux-gnu/libXrandr.so.2.2.0
7fc7641ba000-7fc7641bb000 r--p 00007000 08:01 406551                     /usr/lib/x86_64-linux-gnu/libXrandr.so.2.2.0
7fc7641bb000-7fc7641bc000 rw-p 00008000 08:01 406551                     /usr/lib/x86_64-linux-gnu/libXrandr.so.2.2.0
7fc7641bc000-7fc7641be000 r-xp 00000000 08:01 406549                     /usr/lib/x86_64-linux-gnu/libXinerama.so.1.0.0
7fc7641be000-7fc7643bd000 ---p 00002000 08:01 406549                     /usr/lib/x86_64-linux-gnu/libXinerama.so.1.0.0
7fc7643bd000-7fc7643be000 r--p 00001000 08:01 406549                     /usr/lib/x86_64-linux-gnu/libXinerama.so.1.0.0
7fc7643be000-7fc7643bf000 rw-p 00002000 08:01 406549                     /usr/lib/x86_64-linux-gnu/libXinerama.so.1.0.0
7fc7643bf000-7fc7643c2000 r-xp 00000000 08:01 395217                     /usr/lib/x86_64-linux-gnu/libgmodule-2.0.so.0.3000.0
7fc7643c2000-7fc7645c1000 ---p 00003000 08:01 395217                     /usr/lib/x86_64-linux-gnu/libgmodule-2.0.so.0.3000.0
7fc7645c1000-7fc7645c2000 r--p 00002000 08:01 395217                     /usr/lib/x86_64-linux-gnu/libgmodule-2.0.so.0.3000.0
7fc7645c2000-7fc7645c3000 rw-p 00003000 08:01 395217                     /usr/lib/x86_64-linux-gnu/libgmodule-2.0.so.0.3000.0
7fc7645c3000-7fc7645ed000 r-xp 00000000 08:01 397305                     /usr/lib/x86_64-linux-gnu/libpangoft2-1.0.so.0.2903.0
7fc7645ed000-7fc7647ec000 ---p 0002a000 08:01 397305                     /usr/lib/x86_64-linux-gnu/libpangoft2-1.0.so.0.2903.0
7fc7647ec000-7fc7647ed000 r--p 00029000 08:01 397305                     /usr/lib/x86_64-linux-gnu/libpangoft2-1.0.so.0.2903.0
7fc7647ed000-7fc7647ee000 rw-p 0002a000 08:01 397305                     /usr/lib/x86_64-linux-gnu/libpangoft2-1.0.so.0.2903.0
7fc7647ee000-7fc7648a7000 r-xp 00000000 08:01 406593                     /usr/lib/x86_64-linux-gnu/libcairo.so.2.11000.2
7fc7648a7000-7fc764aa6000 ---p 000b9000 08:01 406593                     /usr/lib/x86_64-linux-gnu/libcairo.so.2.11000.2
7fc764aa6000-7fc764aa8000 r--p 000b8000 08:01 406593                     /usr/lib/x86_64-linux-gnu/libcairo.so.2.11000.2
7fc764aa8000-7fc764aa9000 rw-p 000ba000 08:01 406593                     /usr/lib/x86_64-linux-gnu/libcairo.so.2.11000.2
7fc764aa9000-7fc764aac000 rw-p 00000000 00:00 0 
7fc764aac000-7fc764acb000 r-xp 00000000 08:01 394856                     /usr/lib/x86_64-linux-gnu/libatk-1.0.so.0.20209.1
7fc764acb000-7fc764ccb000 ---p 0001f000 08:01 394856                     /usr/lib/x86_64-linux-gnu/libatk-1.0.so.0.20209.1
7fc764ccb000-7fc764ccd000 r--p 0001f000 08:01 394856                     /usr/lib/x86_64-linux-gnu/libatk-1.0.so.0.20209.1
7fc764ccd000-7fc764cce000 rw-p 00021000 08:01 394856                     /usr/lib/x86_64-linux-gnu/libatk-1.0.so.0.20209.1
7fc764cce000-7fc764cd3000 r-xp 00000000 08:01 406543                     /usr/lib/x86_64-linux-gnu/libXfixes.so.3.1.0
7fc764cd3000-7fc764ed2000 ---p 00005000 08:01 406543                     /usr/lib/x86_64-linux-gnu/libXfixes.so.3.1.0
7fc764ed2000-7fc764ed3000 r--p 00004000 08:01 406543                     /usr/lib/x86_64-linux-gnu/libXfixes.so.3.1.0
7fc764ed3000-7fc764ed4000 rw-p 00005000 08:01 406543                     /usr/lib/x86_64-linux-gnu/libXfixes.so.3.1.0
7fc764ed4000-7fc764edf000 r-xp 00000000 08:01 397309                     /usr/lib/x86_64-linux-gnu/libpangocairo-1.0.so.0.2903.0
7fc764edf000-7fc7650df000 ---p 0000b000 08:01 397309                     /usr/lib/x86_64-linux-gnu/libpangocairo-1.0.so.0.2903.0
7fc7650df000-7fc7650e0000 r--p 0000b000 08:01 397309                     /usr/lib/x86_64-linux-gnu/libpangocairo-1.0.so.0.2903.0
7fc7650e0000-7fc7650e1000 rw-p 0000c000 08:01 397309                     /usr/lib/x86_64-linux-gnu/libpangocairo-1.0.so.0.2903.0
7fc7650e1000-7fc7650fc000 r-xp 00000000 08:01 406817                     /usr/lib/x86_64-linux-gnu/libxcb.so.1.1.0
7fc7650fc000-7fc7652fb000 ---p 0001b000 08:01 406817                     /usr/lib/x86_64-linux-gnu/libxcb.so.1.1.0
7fc7652fb000-7fc7652fc000 r--p 0001a000 08:01 406817                     /usr/lib/x86_64-linux-gnu/libxcb.so.1.1.0
7fc7652fc000-7fc7652fd000 rw-p 0001b000 08:01 406817                     /usr/lib/x86_64-linux-gnu/libxcb.so.1.1.0
7fc7652fd000-7fc76534b000 r-xp 00000000 08:01 400264                     /usr/lib/x86_64-linux-gnu/libcups.so.2
7fc76534b000-7fc76554b000 ---p 0004e000 08:01 400264                     /usr/lib/x86_64-linux-gnu/libcups.so.2
7fc76554b000-7fc76554f000 r--p 0004e000 08:01 400264                     /usr/lib/x86_64-linux-gnu/libcups.so.2
7fc76554f000-7fc765550000 rw-p 00052000 08:01 400264                     /usr/lib/x86_64-linux-gnu/libcups.so.2
7fc765550000-7fc765644000 r-xp 00000000 08:01 134283                     /lib/x86_64-linux-gnu/libglib-2.0.so.0.3000.0
7fc765644000-7fc765843000 ---p 000f4000 08:01 134283                     /lib/x86_64-linux-gnu/libglib-2.0.so.0.3000.0
7fc765843000-7fc765844000 r--p 000f3000 08:01 134283                     /lib/x86_64-linux-gnu/libglib-2.0.so.0.3000.0
7fc765844000-7fc765845000 rw-p 000f4000 08:01 134283                     /lib/x86_64-linux-gnu/libglib-2.0.so.0.3000.0
7fc765845000-7fc765846000 rw-p 00000000 00:00 0 
7fc765846000-7fc76584a000 r-xp 00000000 08:01 394708                     /usr/lib/x86_64-linux-gnu/libgthread-2.0.so.0.3000.0
7fc76584a000-7fc765a49000 ---p 00004000 08:01 394708                     /usr/lib/x86_64-linux-gnu/libgthread-2.0.so.0.3000.0
7fc765a49000-7fc765a4a000 r--p 00003000 08:01 394708                     /usr/lib/x86_64-linux-gnu/libgthread-2.0.so.0.3000.0
7fc765a4a000-7fc765a4b000 rw-p 00004000 08:01 394708                     /usr/lib/x86_64-linux-gnu/libgthread-2.0.so.0.3000.0
7fc765a4b000-7fc765a99000 r-xp 00000000 08:01 394707                     /usr/lib/x86_64-linux-gnu/libgobject-2.0.so.0.3000.0
7fc765a99000-7fc765c99000 ---p 0004e000 08:01 394707                     /usr/lib/x86_64-linux-gnu/libgobject-2.0.so.0.3000.0
7fc765c99000-7fc765c9a000 r--p 0004e000 08:01 394707                     /usr/lib/x86_64-linux-gnu/libgobject-2.0.so.0.3000.0
7fc765c9a000-7fc765c9b000 rw-p 0004f000 08:01 394707                     /usr/lib/x86_64-linux-gnu/libgobject-2.0.so.0.3000.0
7fc765c9b000-7fc765c9c000 rw-p 00000000 00:00 0 
7fc765c9c000-7fc765cd0000 r-xp 00000000 08:01 406630                     /usr/lib/x86_64-linux-gnu/libfontconfig.so.1.4.4
7fc765cd0000-7fc765ed0000 ---p 00034000 08:01 406630                     /usr/lib/x86_64-linux-gnu/libfontconfig.so.1.4.4
7fc765ed0000-7fc765ed1000 r--p 00034000 08:01 406630                     /usr/lib/x86_64-linux-gnu/libfontconfig.so.1.4.4
7fc765ed1000-7fc765ed2000 rw-p 00035000 08:01 406630                     /usr/lib/x86_64-linux-gnu/libfontconfig.so.1.4.4
7fc765ed2000-7fc765f19000 r-xp 00000000 08:01 397304                     /usr/lib/x86_64-linux-gnu/libpango-1.0.so.0.2903.0
7fc765f19000-7fc766119000 ---p 00047000 08:01 397304                     /usr/lib/x86_64-linux-gnu/libpango-1.0.so.0.2903.0
7fc766119000-7fc76611b000 r--p 00047000 08:01 397304                     /usr/lib/x86_64-linux-gnu/libpango-1.0.so.0.2903.0
7fc76611b000-7fc76611c000 rw-p 00049000 08:01 397304                     /usr/lib/x86_64-linux-gnu/libpango-1.0.so.0.2903.0
7fc76611c000-7fc76613a000 r-xp 00000000 08:01 394128                     /usr/lib/x86_64-linux-gnu/libgdk_pixbuf-2.0.so.0.2400.0
7fc76613a000-7fc766339000 ---p 0001e000 08:01 394128                     /usr/lib/x86_64-linux-gnu/libgdk_pixbuf-2.0.so.0.2400.0
7fc766339000-7fc76633a000 r--p 0001d000 08:01 394128                     /usr/lib/x86_64-linux-gnu/libgdk_pixbuf-2.0.so.0.2400.0
7fc76633a000-7fc76633b000 rw-p 0001e000 08:01 394128                     /usr/lib/x86_64-linux-gnu/libgdk_pixbuf-2.0.so.0.2400.0
7fc76633b000-7fc766476000 r-xp 00000000 08:01 394685                     /usr/lib/x86_64-linux-gnu/libgio-2.0.so.0.3000.0
7fc766476000-7fc766675000 ---p 0013b000 08:01 394685                     /usr/lib/x86_64-linux-gnu/libgio-2.0.so.0.3000.0
7fc766675000-7fc766679000 r--p 0013a000 08:01 394685                     /usr/lib/x86_64-linux-gnu/libgio-2.0.so.0.3000.0
7fc766679000-7fc76667b000 rw-p 0013e000 08:01 394685                     /usr/lib/x86_64-linux-gnu/libgio-2.0.so.0.3000.0
7fc76667b000-7fc76667d000 rw-p 00000000 00:00 0 
7fc76667d000-7fc76672a000 r-xp 00000000 08:01 397253                     /usr/lib/x86_64-linux-gnu/libgdk-x11-2.0.so.0.2400.6
7fc76672a000-7fc766929000 ---p 000ad000 08:01 397253                     /usr/lib/x86_64-linux-gnu/libgdk-x11-2.0.so.0.2400.6
7fc766929000-7fc76692d000 r--p 000ac000 08:01 397253                     /usr/lib/x86_64-linux-gnu/libgdk-x11-2.0.so.0.2400.6
7fc76692d000-7fc76692f000 rw-p 000b0000 08:01 397253                     /usr/lib/x86_64-linux-gnu/libgdk-x11-2.0.so.0.2400.6
7fc76692f000-7fc766d5e000 r-xp 00000000 08:01 397246                     /usr/lib/x86_64-linux-gnu/libgtk-x11-2.0.so.0.2400.6
7fc766d5e000-7fc766f5e000 ---p 0042f000 08:01 397246                     /usr/lib/x86_64-linux-gnu/libgtk-x11-2.0.so.0.2400.6
7fc766f5e000-7fc766f65000 r--p 0042f000 08:01 397246                     /usr/lib/x86_64-linux-gnu/libgtk-x11-2.0.so.0.2400.6
7fc766f65000-7fc766f69000 rw-p 00436000 08:01 397246                     /usr/lib/x86_64-linux-gnu/libgtk-x11-2.0.so.0.2400.6
7fc766f69000-7fc766f6b000 rw-p 00000000 00:00 0 
7fc766f6b000-7fc766f7a000 r-xp 00000000 08:01 406547                     /usr/lib/x86_64-linux-gnu/libXi.so.6.1.0
7fc766f7a000-7fc767179000 ---p 0000f000 08:01 406547                     /usr/lib/x86_64-linux-gnu/libXi.so.6.1.0
7fc767179000-7fc76717a000 r--p 0000e000 08:01 406547                     /usr/lib/x86_64-linux-gnu/libXi.so.6.1.0
7fc76717a000-7fc76717b000 rw-p 0000f000 08:01 406547                     /usr/lib/x86_64-linux-gnu/libXi.so.6.1.0
7fc76717b000-7fc767180000 r-xp 00000000 08:01 398564                     /usr/lib/libXtst.so.6.1.0
7fc767180000-7fc76737f000 ---p 00005000 08:01 398564                     /usr/lib/libXtst.so.6.1.0
7fc76737f000-7fc767380000 r--p 00004000 08:01 398564                     /usr/lib/libXtst.so.6.1.0
7fc767380000-7fc767381000 rw-p 00005000 08:01 398564                     /usr/lib/libXtst.so.6.1.0
7fc767381000-7fc76738a000 r-xp 00000000 08:01 406553                     /usr/lib/x86_64-linux-gnu/libXrender.so.1.3.0
7fc76738a000-7fc76758a000 ---p 00009000 08:01 406553                     /usr/lib/x86_64-linux-gnu/libXrender.so.1.3.0
7fc76758a000-7fc76758b000 r--p 00009000 08:01 406553                     /usr/lib/x86_64-linux-gnu/libXrender.so.1.3.0
7fc76758b000-7fc76758c000 rw-p 0000a000 08:01 406553                     /usr/lib/x86_64-linux-gnu/libXrender.so.1.3.0
7fc76758c000-7fc7676bf000 r-xp 00000000 08:01 406471                     /usr/lib/x86_64-linux-gnu/libX11.so.6.3.0
7fc7676bf000-7fc7678bf000 ---p 00133000 08:01 406471                     /usr/lib/x86_64-linux-gnu/libX11.so.6.3.0
7fc7678bf000-7fc7678c0000 r--p 00133000 08:01 406471                     /usr/lib/x86_64-linux-gnu/libX11.so.6.3.0
7fc7678c0000-7fc7678c4000 rw-p 00134000 08:01 406471                     /usr/lib/x86_64-linux-gnu/libX11.so.6.3.0
7fc7678c4000-7fc7678d6000 r-xp 00000000 08:01 406541                     /usr/lib/x86_64-linux-gnu/libXext.so.6.4.0
7fc7678d6000-7fc767ad5000 ---p 00012000 08:01 406541                     /usr/lib/x86_64-linux-gnu/libXext.so.6.4.0
7fc767ad5000-7fc767ad6000 r--p 00011000 08:01 406541                     /usr/lib/x86_64-linux-gnu/libXext.so.6.4.0
7fc767ad6000-7fc767ad7000 rw-p 00012000 08:01 406541                     /usr/lib/x86_64-linux-gnu/libXext.so.6.4.0
7fc767ad7000-7fc767b29000 r-xp 00000000 08:01 401973                     /usr/lib/jvm/java-7-openjdk-amd64/jre/lib/amd64/xawt/libmawt.so
7fc767b29000-7fc767d29000 ---p 00052000 08:01 401973                     /usr/lib/jvm/java-7-openjdk-amd64/jre/lib/amd64/xawt/libmawt.so
7fc767d29000-7fc767d2a000 r--p 00052000 08:01 401973                     /usr/lib/jvm/java-7-openjdk-amd64/jre/lib/amd64/xawt/libmawt.so
7fc767d2a000-7fc767d2d000 rw-p 00053000 08:01 401973                     /usr/lib/jvm/java-7-openjdk-amd64/jre/lib/amd64/xawt/libmawt.so
7fc767d2d000-7fc767d2e000 rw-p 00000000 00:00 0 
7fc767d2e000-7fc767dd0000 r-xp 00000000 08:01 398111                     /usr/lib/jvm/java-7-openjdk-amd64/jre/lib/amd64/libawt.so
7fc767dd0000-7fc767fcf000 ---p 000a2000 08:01 398111                     /usr/lib/jvm/java-7-openjdk-amd64/jre/lib/amd64/libawt.so
7fc767fcf000-7fc767fd0000 r--p 000a1000 08:01 398111                     /usr/lib/jvm/java-7-openjdk-amd64/jre/lib/amd64/libawt.so
7fc767fd0000-7fc767fdb000 rw-p 000a2000 08:01 398111                     /usr/lib/jvm/java-7-openjdk-amd64/jre/lib/amd64/libawt.so
7fc767fdb000-7fc768000000 rw-p 00000000 00:00 0 
7fc768000000-7fc768393000 rw-p 00000000 00:00 0 
7fc768393000-7fc76c000000 ---p 00000000 00:00 0 
7fc76c08a000-7fc76c0bb000 rw-p 00000000 00:00 0 
7fc76c0bb000-7fc76c0be000 ---p 00000000 00:00 0 
7fc76c0be000-7fc76c0d5000 rw-p 00000000 00:00 0 
7fc76c0d5000-7fc76c0d8000 ---p 00000000 00:00 0 
7fc76c0d8000-7fc76c1d6000 rw-p 00000000 00:00 0 
7fc76c1d6000-7fc76c1f9000 r--p 00000000 08:01 675061                     /usr/share/locale-langpack/fr/LC_MESSAGES/libc.mo
7fc76c1f9000-7fc76c1fc000 r--s 00032000 08:01 395025                     /usr/lib/jvm/java-7-openjdk-common/jre/lib/ext/sunjce_provider.jar
7fc76c1fc000-7fc76c1ff000 r--s 00085000 08:01 395002                     /usr/lib/jvm/java-7-openjdk-common/jre/lib/ext/localedata.jar
7fc76c1ff000-7fc76c200000 r--s 00002000 08:01 394906                     /usr/lib/jvm/java-7-openjdk-common/jre/lib/ext/dnsns.jar
7fc76c200000-7fc76c203000 r--s 0003c000 08:01 394890                     /usr/lib/jvm/java-7-openjdk-common/jre/lib/ext/sunpkcs11.jar
7fc76c203000-7fc76c205000 r--s 00012000 08:01 395160                     /usr/lib/jvm/java-7-openjdk-common/jre/lib/ext/zipfs.jar
7fc76c205000-7fc76c208000 r--s 0000f000 08:01 395194                     /usr/lib/jvm/java-7-openjdk-common/jre/lib/ext/pulse-java.jar
7fc76c208000-7fc76c210000 r--s 00066000 08:01 676447                     /usr/share/java/gnome-java-bridge.jar
7fc76c210000-7fc76c211000 ---p 00000000 00:00 0 
7fc76c211000-7fc76c311000 rw-p 00000000 00:00 0 
7fc76c311000-7fc76c314000 ---p 00000000 00:00 0 
7fc76c314000-7fc76c412000 rw-p 00000000 00:00 0 
7fc76c412000-7fc76c415000 ---p 00000000 00:00 0 
7fc76c415000-7fc76c513000 rw-p 00000000 00:00 0 
7fc76c513000-7fc76c516000 ---p 00000000 00:00 0 
7fc76c516000-7fc76c614000 rw-p 00000000 00:00 0 
7fc76c614000-7fc76c617000 ---p 00000000 00:00 0 
7fc76c617000-7fc76c715000 rw-p 00000000 00:00 0 
7fc76c715000-7fc76ce02000 r--p 00000000 08:01 403488                     /usr/lib/locale/locale-archive
7fc76ce02000-7fc76ce05000 ---p 00000000 00:00 0 
7fc76ce05000-7fc76cf03000 rw-p 00000000 00:00 0 
7fc76cf03000-7fc76cf06000 ---p 00000000 00:00 0 
7fc76cf06000-7fc76d004000 rw-p 00000000 00:00 0 
7fc76d004000-7fc76d005000 ---p 00000000 00:00 0 
7fc76d005000-7fc76d474000 rw-p 00000000 00:00 0 
7fc76d474000-7fc76d622000 r--s 03e76000 08:01 396788                     /usr/lib/jvm/java-7-openjdk-amd64/jre/lib/rt.jar
7fc76d622000-7fc76d64a000 rw-p 00000000 00:00 0 
7fc76d64a000-7fc76d64b000 ---p 00000000 00:00 0 
7fc76d64b000-7fc76d74b000 rw-p 00000000 00:00 0 
7fc76d74b000-7fc76d74c000 ---p 00000000 00:00 0 
7fc76d74c000-7fc76d857000 rw-p 00000000 00:00 0 
7fc76d857000-7fc76d89f000 rw-p 00000000 00:00 0 
7fc76d89f000-7fc76d8b4000 rw-p 00000000 00:00 0 
7fc76d8b4000-7fc76d9ea000 rw-p 00000000 00:00 0 
7fc76d9ea000-7fc76d9f5000 rw-p 00000000 00:00 0 
7fc76d9f5000-7fc76da3d000 rw-p 00000000 00:00 0 
7fc76da3d000-7fc76da52000 rw-p 00000000 00:00 0 
7fc76da52000-7fc76db87000 rw-p 00000000 00:00 0 
7fc76db87000-7fc76db92000 rw-p 00000000 00:00 0 
7fc76db92000-7fc76dc2d000 rw-p 00000000 00:00 0 
7fc76dc2d000-7fc76dc2e000 rw-p 00000000 00:00 0 
7fc76dc2e000-7fc76de9e000 rwxp 00000000 00:00 0 
7fc76de9e000-7fc770c2e000 rw-p 00000000 00:00 0 
7fc770c2e000-7fc770c36000 r-xp 00000000 08:01 399895                     /usr/lib/jvm/java-7-openjdk-amd64/jre/lib/amd64/libzip.so
7fc770c36000-7fc770e35000 ---p 00008000 08:01 399895                     /usr/lib/jvm/java-7-openjdk-amd64/jre/lib/amd64/libzip.so
7fc770e35000-7fc770e36000 r--p 00007000 08:01 399895                     /usr/lib/jvm/java-7-openjdk-amd64/jre/lib/amd64/libzip.so
7fc770e36000-7fc770e37000 rw-p 00008000 08:01 399895                     /usr/lib/jvm/java-7-openjdk-amd64/jre/lib/amd64/libzip.so
7fc770e37000-7fc770e43000 r-xp 00000000 08:01 134596                     /lib/x86_64-linux-gnu/libnss_files-2.13.so
7fc770e43000-7fc771042000 ---p 0000c000 08:01 134596                     /lib/x86_64-linux-gnu/libnss_files-2.13.so
7fc771042000-7fc771043000 r--p 0000b000 08:01 134596                     /lib/x86_64-linux-gnu/libnss_files-2.13.so
7fc771043000-7fc771044000 rw-p 0000c000 08:01 134596                     /lib/x86_64-linux-gnu/libnss_files-2.13.so
7fc771044000-7fc77104e000 r-xp 00000000 08:01 134607                     /lib/x86_64-linux-gnu/libnss_nis-2.13.so
7fc77104e000-7fc77124e000 ---p 0000a000 08:01 134607                     /lib/x86_64-linux-gnu/libnss_nis-2.13.so
7fc77124e000-7fc77124f000 r--p 0000a000 08:01 134607                     /lib/x86_64-linux-gnu/libnss_nis-2.13.so
7fc77124f000-7fc771250000 rw-p 0000b000 08:01 134607                     /lib/x86_64-linux-gnu/libnss_nis-2.13.so
7fc771250000-7fc771267000 r-xp 00000000 08:01 134591                     /lib/x86_64-linux-gnu/libnsl-2.13.so
7fc771267000-7fc771466000 ---p 00017000 08:01 134591                     /lib/x86_64-linux-gnu/libnsl-2.13.so
7fc771466000-7fc771467000 r--p 00016000 08:01 134591                     /lib/x86_64-linux-gnu/libnsl-2.13.so
7fc771467000-7fc771468000 rw-p 00017000 08:01 134591                     /lib/x86_64-linux-gnu/libnsl-2.13.so
7fc771468000-7fc77146a000 rw-p 00000000 00:00 0 
7fc77146a000-7fc771472000 r-xp 00000000 08:01 134588                     /lib/x86_64-linux-gnu/libnss_compat-2.13.so
7fc771472000-7fc771671000 ---p 00008000 08:01 134588                     /lib/x86_64-linux-gnu/libnss_compat-2.13.so
7fc771671000-7fc771672000 r--p 00007000 08:01 134588                     /lib/x86_64-linux-gnu/libnss_compat-2.13.so
7fc771672000-7fc771673000 rw-p 00008000 08:01 134588                     /lib/x86_64-linux-gnu/libnss_compat-2.13.so
7fc771673000-7fc77169c000 r-xp 00000000 08:01 398578                     /usr/lib/jvm/java-7-openjdk-amd64/jre/lib/amd64/libjava.so
7fc77169c000-7fc77189b000 ---p 00029000 08:01 398578                     /usr/lib/jvm/java-7-openjdk-amd64/jre/lib/amd64/libjava.so
7fc77189b000-7fc77189c000 r--p 00028000 08:01 398578                     /usr/lib/jvm/java-7-openjdk-amd64/jre/lib/amd64/libjava.so
7fc77189c000-7fc77189e000 rw-p 00029000 08:01 398578                     /usr/lib/jvm/java-7-openjdk-amd64/jre/lib/amd64/libjava.so
7fc77189e000-7fc7718ac000 r-xp 00000000 08:01 399894                     /usr/lib/jvm/java-7-openjdk-amd64/jre/lib/amd64/libverify.so
7fc7718ac000-7fc771aab000 ---p 0000e000 08:01 399894                     /usr/lib/jvm/java-7-openjdk-amd64/jre/lib/amd64/libverify.so
7fc771aab000-7fc771aad000 r--p 0000d000 08:01 399894                     /usr/lib/jvm/java-7-openjdk-amd64/jre/lib/amd64/libverify.so
7fc771aad000-7fc771aae000 rw-p 0000f000 08:01 399894                     /usr/lib/jvm/java-7-openjdk-amd64/jre/lib/amd64/libverify.so
7fc771aae000-7fc771ab5000 r-xp 00000000 08:01 134577                     /lib/x86_64-linux-gnu/librt-2.13.so
7fc771ab5000-7fc771cb4000 ---p 00007000 08:01 134577                     /lib/x86_64-linux-gnu/librt-2.13.so
7fc771cb4000-7fc771cb5000 r--p 00006000 08:01 134577                     /lib/x86_64-linux-gnu/librt-2.13.so
7fc771cb5000-7fc771cb6000 rw-p 00007000 08:01 134577                     /lib/x86_64-linux-gnu/librt-2.13.so
7fc771cb6000-7fc771ccb000 r-xp 00000000 08:01 131748                     /lib/x86_64-linux-gnu/libgcc_s.so.1
7fc771ccb000-7fc771eca000 ---p 00015000 08:01 131748                     /lib/x86_64-linux-gnu/libgcc_s.so.1
7fc771eca000-7fc771ecb000 r--p 00014000 08:01 131748                     /lib/x86_64-linux-gnu/libgcc_s.so.1
7fc771ecb000-7fc771ecc000 rw-p 00015000 08:01 131748                     /lib/x86_64-linux-gnu/libgcc_s.so.1
7fc771ecc000-7fc771f4f000 r-xp 00000000 08:01 134673                     /lib/x86_64-linux-gnu/libm-2.13.so
7fc771f4f000-7fc77214e000 ---p 00083000 08:01 134673                     /lib/x86_64-linux-gnu/libm-2.13.so
7fc77214e000-7fc77214f000 r--p 00082000 08:01 134673                     /lib/x86_64-linux-gnu/libm-2.13.so
7fc77214f000-7fc772150000 rw-p 00083000 08:01 134673                     /lib/x86_64-linux-gnu/libm-2.13.so
7fc772150000-7fc772238000 r-xp 00000000 08:01 398097                     /usr/lib/x86_64-linux-gnu/libstdc++.so.6.0.16
7fc772238000-7fc772438000 ---p 000e8000 08:01 398097                     /usr/lib/x86_64-linux-gnu/libstdc++.so.6.0.16
7fc772438000-7fc772440000 r--p 000e8000 08:01 398097                     /usr/lib/x86_64-linux-gnu/libstdc++.so.6.0.16
7fc772440000-7fc772442000 rw-p 000f0000 08:01 398097                     /usr/lib/x86_64-linux-gnu/libstdc++.so.6.0.16
7fc772442000-7fc772457000 rw-p 00000000 00:00 0 
7fc772457000-7fc772dde000 r-xp 00000000 08:01 399897                     /usr/lib/jvm/java-7-openjdk-amd64/jre/lib/amd64/server/libjvm.so
7fc772dde000-7fc772fdd000 ---p 00987000 08:01 399897                     /usr/lib/jvm/java-7-openjdk-amd64/jre/lib/amd64/server/libjvm.so
7fc772fdd000-7fc77305b000 r--p 00986000 08:01 399897                     /usr/lib/jvm/java-7-openjdk-amd64/jre/lib/amd64/server/libjvm.so
7fc77305b000-7fc773076000 rw-p 00a04000 08:01 399897                     /usr/lib/jvm/java-7-openjdk-amd64/jre/lib/amd64/server/libjvm.so
7fc773076000-7fc7730a1000 rw-p 00000000 00:00 0 
7fc7730a1000-7fc7730b9000 r-xp 00000000 08:01 134606                     /lib/x86_64-linux-gnu/libpthread-2.13.so
7fc7730b9000-7fc7732b8000 ---p 00018000 08:01 134606                     /lib/x86_64-linux-gnu/libpthread-2.13.so
7fc7732b8000-7fc7732b9000 r--p 00017000 08:01 134606                     /lib/x86_64-linux-gnu/libpthread-2.13.so
7fc7732b9000-7fc7732ba000 rw-p 00018000 08:01 134606                     /lib/x86_64-linux-gnu/libpthread-2.13.so
7fc7732ba000-7fc7732be000 rw-p 00000000 00:00 0 
7fc7732be000-7fc7732d5000 r-xp 00000000 08:01 139905                     /lib/x86_64-linux-gnu/libz.so.1.2.3.4
7fc7732d5000-7fc7734d4000 ---p 00017000 08:01 139905                     /lib/x86_64-linux-gnu/libz.so.1.2.3.4
7fc7734d4000-7fc7734d5000 r--p 00016000 08:01 139905                     /lib/x86_64-linux-gnu/libz.so.1.2.3.4
7fc7734d5000-7fc7734d6000 rw-p 00017000 08:01 139905                     /lib/x86_64-linux-gnu/libz.so.1.2.3.4
7fc7734d6000-7fc7734d8000 r-xp 00000000 08:01 134594                     /lib/x86_64-linux-gnu/libdl-2.13.so
7fc7734d8000-7fc7736d8000 ---p 00002000 08:01 134594                     /lib/x86_64-linux-gnu/libdl-2.13.so
7fc7736d8000-7fc7736d9000 r--p 00002000 08:01 134594                     /lib/x86_64-linux-gnu/libdl-2.13.so
7fc7736d9000-7fc7736da000 rw-p 00003000 08:01 134594                     /lib/x86_64-linux-gnu/libdl-2.13.so
7fc7736da000-7fc77386f000 r-xp 00000000 08:01 134593                     /lib/x86_64-linux-gnu/libc-2.13.so
7fc77386f000-7fc773a6e000 ---p 00195000 08:01 134593                     /lib/x86_64-linux-gnu/libc-2.13.so
7fc773a6e000-7fc773a72000 r--p 00194000 08:01 134593                     /lib/x86_64-linux-gnu/libc-2.13.so
7fc773a72000-7fc773a73000 rw-p 00198000 08:01 134593                     /lib/x86_64-linux-gnu/libc-2.13.so
7fc773a73000-7fc773a79000 rw-p 00000000 00:00 0 
7fc773a79000-7fc773a85000 r-xp 00000000 08:01 397479                     /usr/lib/jvm/java-7-openjdk-amd64/jre/lib/amd64/jli/libjli.so
7fc773a85000-7fc773c84000 ---p 0000c000 08:01 397479                     /usr/lib/jvm/java-7-openjdk-amd64/jre/lib/amd64/jli/libjli.so
7fc773c84000-7fc773c85000 r--p 0000b000 08:01 397479                     /usr/lib/jvm/java-7-openjdk-amd64/jre/lib/amd64/jli/libjli.so
7fc773c85000-7fc773c86000 rw-p 0000c000 08:01 397479                     /usr/lib/jvm/java-7-openjdk-amd64/jre/lib/amd64/jli/libjli.so
7fc773c86000-7fc773ca7000 r-xp 00000000 08:01 134600                     /lib/x86_64-linux-gnu/ld-2.13.so
7fc773cbb000-7fc773cc5000 rw-p 00000000 00:00 0 
7fc773cc5000-7fc773d7b000 rw-p 00000000 00:00 0 
7fc773d7b000-7fc773d7e000 ---p 00000000 00:00 0 
7fc773d7e000-7fc773e81000 rw-p 00000000 00:00 0 
7fc773e85000-7fc773e89000 r--s 0009f000 08:01 396465                     /usr/lib/jvm/java-7-openjdk-common/jre/lib/jsse.jar
7fc773e89000-7fc773e8a000 r--p 00000000 00:00 0 
7fc773e8a000-7fc773e93000 r--s 00263000 08:01 396683                     /usr/lib/jvm/java-7-openjdk-common/jre/lib/resources.jar
7fc773e93000-7fc773e9a000 r--s 00000000 08:01 663199                     /usr/lib/x86_64-linux-gnu/gconv/gconv-modules.cache
7fc773e9a000-7fc773ea2000 rw-s 00000000 08:01 268513                     /tmp/hsperfdata_guillaume/3827
7fc773ea2000-7fc773ea3000 rw-p 00000000 00:00 0 
7fc773ea3000-7fc773ea4000 r--p 00000000 00:00 0 
7fc773ea4000-7fc773ea6000 rw-p 00000000 00:00 0 
7fc773ea6000-7fc773ea7000 r--p 00020000 08:01 134600                     /lib/x86_64-linux-gnu/ld-2.13.so
7fc773ea7000-7fc773ea9000 rw-p 00021000 08:01 134600                     /lib/x86_64-linux-gnu/ld-2.13.so
7fff537f9000-7fff5381a000 rw-p 00000000 00:00 0                          [stack]
7fff5391f000-7fff53920000 r-xp 00000000 00:00 0                          [vdso]
ffffffffff600000-ffffffffff601000 r-xp 00000000 00:00 0                  [vsyscall]

VM Arguments:
jvm_args: -Dfile.encoding=UTF-8 
java_command: main.Main -Xms1024M -Xmx1024M
Launcher Type: SUN_STANDARD

Environment Variables:
PATH=/usr/lib/lightdm/lightdm:/usr/local/sbin:/usr/local/bin:/usr/sbin:/usr/bin:/sbin:/bin:/usr/games
USERNAME=guillaume
SHELL=/bin/bash
DISPLAY=:0

Signal Handlers:
SIGSEGV: [libjvm.so+0x7fca30], sa_mask[0]=0x7ffbfeff, sa_flags=0x10000004
SIGBUS: [libjvm.so+0x7fca30], sa_mask[0]=0x7ffbfeff, sa_flags=0x10000004
SIGFPE: [libjvm.so+0x6a1150], sa_mask[0]=0x7ffbfeff, sa_flags=0x10000004
SIGPIPE: [libjvm.so+0x6a1150], sa_mask[0]=0x7ffbfeff, sa_flags=0x10000004
SIGXFSZ: [libjvm.so+0x6a1150], sa_mask[0]=0x7ffbfeff, sa_flags=0x10000004
SIGILL: [libjvm.so+0x6a1150], sa_mask[0]=0x7ffbfeff, sa_flags=0x10000004
SIGUSR1: SIG_DFL, sa_mask[0]=0x00000000, sa_flags=0x00000000
SIGUSR2: [libjvm.so+0x6a1520], sa_mask[0]=0x00000004, sa_flags=0x10000004
SIGHUP: [libjvm.so+0x6a1660], sa_mask[0]=0x7ffbfeff, sa_flags=0x10000004
SIGINT: SIG_IGN, sa_mask[0]=0x00000000, sa_flags=0x00000000
SIGTERM: [libjvm.so+0x6a1660], sa_mask[0]=0x7ffbfeff, sa_flags=0x10000004
SIGQUIT: [libjvm.so+0x6a1660], sa_mask[0]=0x7ffbfeff, sa_flags=0x10000004


---------------  S Y S T E M  ---------------

OS:Ubuntu 11.10 (oneiric)
uname:Linux 3.0.0-12-generic #20-Ubuntu SMP Fri Oct 7 14:56:25 UTC 2011 x86_64
libc:glibc 2.13 NPTL 2.13 
rlimit: STACK 8192k, CORE 0k, NPROC 31562, NOFILE 4096, AS infinity
load average:0,12 0,18 0,23

/proc/meminfo:
MemTotal:        4055792 kB
MemFree:         1664632 kB
Buffers:           96636 kB
Cached:           900720 kB
SwapCached:            0 kB
Active:          1601788 kB
Inactive:         586372 kB
Active(anon):    1192816 kB
Inactive(anon):    10556 kB
Active(file):     408972 kB
Inactive(file):   575816 kB
Unevictable:          32 kB
Mlocked:              32 kB
SwapTotal:             0 kB
SwapFree:              0 kB
Dirty:               336 kB
Writeback:             0 kB
AnonPages:       1190972 kB
Mapped:           166280 kB
Shmem:             12568 kB
Slab:              73832 kB
SReclaimable:      49248 kB
SUnreclaim:        24584 kB
KernelStack:        3208 kB
PageTables:        27068 kB
NFS_Unstable:          0 kB
Bounce:                0 kB
WritebackTmp:          0 kB
CommitLimit:     2027896 kB
Committed_AS:    3010544 kB
VmallocTotal:   34359738367 kB
VmallocUsed:      109104 kB
VmallocChunk:   34359619580 kB
HardwareCorrupted:     0 kB
AnonHugePages:         0 kB
HugePages_Total:       0
HugePages_Free:        0
HugePages_Rsvd:        0
HugePages_Surp:        0
Hugepagesize:       2048 kB
DirectMap4k:       93120 kB
DirectMap2M:     4100096 kB


CPU:total 2 (2 cores per cpu, 1 threads per core) family 6 model 15 stepping 13, cmov, cx8, fxsr, mmx, sse, sse2, sse3, ssse3

Memory: 4k page, physical 4055792k(1664632k free), swap 0k(0k free)

vm_info: OpenJDK 64-Bit Server VM (21.0-b17) for linux-amd64 JRE (1.7.0_147-b147), built on Sep 30 2011 00:36:33 by "buildd" with gcc 4.6.1

time: Thu Nov 10 20:25:03 2011
elapsed time: 0 seconds

