#
# A fatal error has been detected by the Java Runtime Environment:
#
#  SIGSEGV (0xb) at pc=0x00007f5788cb31f8, pid=3182, tid=140014287750912
#
# JRE version: 7.0_147-b147
# Java VM: OpenJDK 64-Bit Server VM (21.0-b17 mixed mode linux-amd64 compressed oops)
# Derivative: IcedTea7 2.0pre
# Distribution: Ubuntu oneiric (development branch), package 7~b147-2.0~pre6-1ubuntu1
# Problematic frame:
# C  [liblcms2.so.2+0x121f8]  cmsSaveProfileToIOhandler+0x38
#
# Failed to write core dump. Core dumps have been disabled. To enable core dumping, try "ulimit -c unlimited" before starting Java again
#
# If you would like to submit a bug report, please include
# instructions on how to reproduce the bug and visit:
#   https://bugs.launchpad.net/ubuntu/+source/openjdk-7/
# The crash happened outside the Java Virtual Machine in native code.
# See problematic frame for where to report the bug.
#

---------------  T H R E A D  ---------------

Current thread (0x0000000000e27800):  JavaThread "main" [_thread_in_native, id=3185, stack(0x00007f579dd28000,0x00007f579de29000)]

siginfo:si_signo=SIGSEGV: si_errno=0, si_code=1 (SEGV_MAPERR), si_addr=0x0000000000000000

Registers:
RAX=0x0000000000000000, RBX=0x0000000000000000, RCX=0x00000000000001d4, RDX=0x00007f579de26a4c
RSP=0x00007f579de25b20, RBP=0x0000000000000000, RSI=0x0000000000000000, RDI=0x00007f579de25b20
R8 =0x00007f5790336e90, R9 =0x0000000000000000, R10=0x0000000000000000, R11=0x0000000000000000
R12=0x00007f579de26a4c, R13=0x0000000000000000, R14=0x0000000000000000, R15=0x0000000000e27800
RIP=0x00007f5788cb31f8, EFLAGS=0x0000000000010246, CSGSFS=0x0000000000000033, ERR=0x0000000000000004
  TRAPNO=0x000000000000000e

Top of Stack: (sp=0x00007f579de25b20)
0x00007f579de25b20:   00007f5790339860 00007f5788cb1cef
0x00007f579de25b30:   0000000000000c48 00007f5790000020
0x00007f579de25b40:   000000000000000e 000000000000080c
0x00007f579de25b50:   00007f5700000000 00007f5790000020
0x00007f579de25b60:   000000000000000e 00007f5788cb8754
0x00007f579de25b70:   00007f579de25ffc fae65a08e0d8e000
0x00007f579de25b80:   00007f5790339860 00007f5790337fec
0x00007f579de25b90:   000000000000000e 00007f5788cb1ebf
0x00007f579de25ba0:   4247527320434549 0000000000000000
0x00007f579de25bb0:   00007f5790339b00 2dd3000000000100
0x00007f579de25bc0:   0000080c000004c4 00007f5790000020
0x00007f579de25bd0:   00007f5700000000 00007f57903399b0
0x00007f579de25be0:   0000000000000c48 00007f5790337e68
0x00007f579de25bf0:   0000000000000011 00007f579d703d7c
0x00007f579de25c00:   00007f57903399b0 00007f5788cb1e2c
0x00007f579de25c10:   00007f5790337c10 00007f5788cb33ae
0x00007f579de25c20:   00007f5790338ac0 0000000000000000
0x00007f579de25c30:   0000003100000000 0000000900000006
0x00007f579de25c40:   0000006200000001 ffffffffffffffff
0x00007f579de25c50:   0000000000000000 0000000000000000
0x00007f579de25c60:   00007f579d7e3689 6d6e747202100000
0x00007f579de25c70:   58595a2052474220 00000000000000b0
0x00007f579de25c80:   7352474249454320 0000000000000000
0x00007f579de25c90:   0000000000000000 0000000000000000
0x00007f579de25ca0:   6370727400000011 00007f5790000020
0x00007f579de25cb0:   00007f579032acd0 000000000000007c
0x00007f579de25cc0:   00007f579de261e0 00007f579de264a0
0x00007f579de25cd0:   00007f579dc4d85b 00007f579d70377d
0x00007f579de25ce0:   6254524300000000 000000000000003f
0x00007f579de25cf0:   00007f579032acd0 0000000000000000
0x00007f579de25d00:   00007f5790336ecd 00007f579dc417e1
0x00007f579de25d10:   0000000000000000 0000000000000000 

Instructions: (pc=0x00007f5788cb31f8)
0x00007f5788cb31d8:   48 89 de 48 81 ec b8 0e 00 00 64 48 8b 04 25 28
0x00007f5788cb31e8:   00 00 00 48 89 84 24 a8 0e 00 00 31 c0 48 89 e7
0x00007f5788cb31f8:   f3 48 a5 48 89 df e8 1d f6 ff ff 48 89 c7 e8 65
0x00007f5788cb3208:   f0 ff ff 48 85 c0 49 89 c4 48 89 03 74 0e 31 f6 

Register to memory mapping:

RAX=0x0000000000000000 is an unknown value
RBX=0x0000000000000000 is an unknown value
RCX=0x00000000000001d4 is an unknown value
RDX=0x00007f579de26a4c is pointing into the stack for thread: 0x0000000000e27800
RSP=0x00007f579de25b20 is pointing into the stack for thread: 0x0000000000e27800
RBP=0x0000000000000000 is an unknown value
RSI=0x0000000000000000 is an unknown value
RDI=0x00007f579de25b20 is pointing into the stack for thread: 0x0000000000e27800
R8 =0x00007f5790336e90 is an unknown value
R9 =0x0000000000000000 is an unknown value
R10=0x0000000000000000 is an unknown value
R11=0x0000000000000000 is an unknown value
R12=0x00007f579de26a4c is pointing into the stack for thread: 0x0000000000e27800
R13=0x0000000000000000 is an unknown value
R14=0x0000000000000000 is an unknown value
R15=0x0000000000e27800 is a thread


Stack: [0x00007f579dd28000,0x00007f579de29000],  sp=0x00007f579de25b20,  free space=1014k
Native frames: (J=compiled Java code, j=interpreted, Vv=VM code, C=native code)
C  [liblcms2.so.2+0x121f8]  cmsSaveProfileToIOhandler+0x38

[error occurred during error reporting (printing native stack), id 0xb]

Java frames: (J=compiled Java code, j=interpreted, Vv=VM code)
j  sun.java2d.cmm.lcms.LCMS.getTagData(JI[B)V+0
j  java.awt.color.ICC_Profile.getData(JI)[B+26
j  java.awt.color.ICC_Profile.getData(I)[B+14
j  java.awt.color.ICC_Profile.getNumComponents()I+18
j  sun.java2d.cmm.lcms.LCMSTransform.<init>(Ljava/awt/color/ICC_Profile;II)V+83
j  sun.java2d.cmm.lcms.LCMS.createTransform(Ljava/awt/color/ICC_Profile;II)Lsun/java2d/cmm/ColorTransform;+7
j  java.awt.color.ICC_ColorSpace.fromRGB([F)[F+37
j  com.sun.imageio.plugins.jpeg.JPEGImageReader.setImageData(IIIII[B)V+158
v  ~StubRoutines::call_stub
j  com.sun.imageio.plugins.jpeg.JPEGImageReader.readImageHeader(JZZ)Z+0
j  com.sun.imageio.plugins.jpeg.JPEGImageReader.readNativeHeader(Z)Z+12
j  com.sun.imageio.plugins.jpeg.JPEGImageReader.checkTablesOnly()V+92
j  com.sun.imageio.plugins.jpeg.JPEGImageReader.gotoImage(I)V+41
j  com.sun.imageio.plugins.jpeg.JPEGImageReader.readHeader(IZ)V+2
j  com.sun.imageio.plugins.jpeg.JPEGImageReader.readInternal(ILjavax/imageio/ImageReadParam;Z)Ljava/awt/image/Raster;+3
j  com.sun.imageio.plugins.jpeg.JPEGImageReader.read(ILjavax/imageio/ImageReadParam;)Ljava/awt/image/BufferedImage;+8
j  javax.imageio.ImageIO.read(Ljavax/imageio/stream/ImageInputStream;)Ljava/awt/image/BufferedImage;+55
j  javax.imageio.ImageIO.read(Ljava/io/InputStream;)Ljava/awt/image/BufferedImage;+20
j  content.ImageBank.<init>()V+118
j  main.Main.main([Ljava/lang/String;)V+10
v  ~StubRoutines::call_stub

---------------  P R O C E S S  ---------------

Java Threads: ( => current thread )
  0x00007f57902ed800 JavaThread "Image Fetcher 0" daemon [_thread_blocked, id=3207, stack(0x00007f578979a000,0x00007f578989b000)]
  0x00007f57902d9800 JavaThread "Thread-0" [_thread_blocked, id=3206, stack(0x00007f578989b000,0x00007f578999c000)]
  0x00007f57902d7800 JavaThread "AWT-EventQueue-0" [_thread_blocked, id=3204, stack(0x00007f578999c000,0x00007f5789a9d000)]
  0x00007f579023a000 JavaThread "AWT-Shutdown" [_thread_blocked, id=3203, stack(0x00007f578a102000,0x00007f578a203000)]
  0x00007f57901a9000 JavaThread "process reaper" daemon [_thread_blocked, id=3201, stack(0x00007f5794052000,0x00007f579406c000)]
  0x00007f5790183800 JavaThread "AWT-XAWT" daemon [_thread_in_native, id=3199, stack(0x00007f578a203000,0x00007f578a304000)]
  0x00007f579013d000 JavaThread "Java2D Disposer" daemon [_thread_blocked, id=3198, stack(0x00007f578a304000,0x00007f578a405000)]
  0x0000000000f2a800 JavaThread "Service Thread" daemon [_thread_blocked, id=3195, stack(0x00007f57962be000,0x00007f57963bf000)]
  0x0000000000f27800 JavaThread "C2 CompilerThread1" daemon [_thread_blocked, id=3194, stack(0x00007f57963bf000,0x00007f57964c0000)]
  0x0000000000f24800 JavaThread "C2 CompilerThread0" daemon [_thread_blocked, id=3193, stack(0x00007f57964c0000,0x00007f57965c1000)]
  0x0000000000f22800 JavaThread "Signal Dispatcher" daemon [_thread_blocked, id=3192, stack(0x00007f57965c1000,0x00007f57966c2000)]
  0x0000000000ec5000 JavaThread "Finalizer" daemon [_thread_blocked, id=3191, stack(0x00007f5796daf000,0x00007f5796eb0000)]
  0x0000000000ec2800 JavaThread "Reference Handler" daemon [_thread_blocked, id=3190, stack(0x00007f5796eb0000,0x00007f5796fb1000)]
=>0x0000000000e27800 JavaThread "main" [_thread_in_native, id=3185, stack(0x00007f579dd28000,0x00007f579de29000)]

Other Threads:
  0x0000000000eba800 VMThread [stack: 0x00007f5796fb1000,0x00007f57970b2000] [id=3189]
  0x0000000000f35800 WatcherThread [stack: 0x00007f57961bd000,0x00007f57962be000] [id=3196]

VM state:not at safepoint (normal execution)

VM Mutex/Monitor currently owned by a thread: None

Heap
 PSYoungGen      total 18496K, used 7798K [0x00000000eb560000, 0x00000000eca00000, 0x0000000100000000)
  eden space 15872K, 49% used [0x00000000eb560000,0x00000000ebcfdab0,0x00000000ec4e0000)
  from space 2624K, 0% used [0x00000000ec770000,0x00000000ec770000,0x00000000eca00000)
  to   space 2624K, 0% used [0x00000000ec4e0000,0x00000000ec4e0000,0x00000000ec770000)
 PSOldGen        total 42304K, used 0K [0x00000000c2000000, 0x00000000c4950000, 0x00000000eb560000)
  object space 42304K, 0% used [0x00000000c2000000,0x00000000c2000000,0x00000000c4950000)
 PSPermGen       total 21248K, used 12141K [0x00000000b7a00000, 0x00000000b8ec0000, 0x00000000c2000000)
  object space 21248K, 57% used [0x00000000b7a00000,0x00000000b85db400,0x00000000b8ec0000)

Code Cache  [0x00007f5797bdb000, 0x00007f5797e4b000, 0x00007f579abdb000)
 total_blobs=465 nmethods=16 adapters=402 free_code_cache=48601Kb largest_free_block=49756672

Dynamic libraries:
00400000-00401000 r-xp 00000000 08:01 400896                             /usr/lib/jvm/java-7-openjdk-amd64/jre/bin/java
00600000-00601000 r--p 00000000 08:01 400896                             /usr/lib/jvm/java-7-openjdk-amd64/jre/bin/java
00601000-00602000 rw-p 00001000 08:01 400896                             /usr/lib/jvm/java-7-openjdk-amd64/jre/bin/java
00e1d000-01265000 rw-p 00000000 00:00 0                                  [heap]
b7a00000-b8ec0000 rw-p 00000000 00:00 0 
b8ec0000-c2000000 rw-p 00000000 00:00 0 
c2000000-c4950000 rw-p 00000000 00:00 0 
c4950000-eb560000 rw-p 00000000 00:00 0 
eb560000-eca00000 rw-p 00000000 00:00 0 
eca00000-100000000 rw-p 00000000 00:00 0 
7f5788ca1000-7f5788ce7000 r-xp 00000000 08:01 406696                     /usr/lib/x86_64-linux-gnu/liblcms2.so.2.0.2
7f5788ce7000-7f5788ee6000 ---p 00046000 08:01 406696                     /usr/lib/x86_64-linux-gnu/liblcms2.so.2.0.2
7f5788ee6000-7f5788ee7000 r--p 00045000 08:01 406696                     /usr/lib/x86_64-linux-gnu/liblcms2.so.2.0.2
7f5788ee7000-7f5788eeb000 rw-p 00046000 08:01 406696                     /usr/lib/x86_64-linux-gnu/liblcms2.so.2.0.2
7f5788eeb000-7f5788eec000 rw-p 00000000 00:00 0 
7f5788eec000-7f5788ef0000 r-xp 00000000 08:01 398964                     /usr/lib/jvm/java-7-openjdk-amd64/jre/lib/amd64/libjavalcms.so
7f5788ef0000-7f57890ef000 ---p 00004000 08:01 398964                     /usr/lib/jvm/java-7-openjdk-amd64/jre/lib/amd64/libjavalcms.so
7f57890ef000-7f57890f0000 r--p 00003000 08:01 398964                     /usr/lib/jvm/java-7-openjdk-amd64/jre/lib/amd64/libjavalcms.so
7f57890f0000-7f57890f1000 rw-p 00004000 08:01 398964                     /usr/lib/jvm/java-7-openjdk-amd64/jre/lib/amd64/libjavalcms.so
7f57890f1000-7f5789115000 r-xp 00000000 08:01 406680                     /usr/lib/x86_64-linux-gnu/libjpeg.so.62.0.0
7f5789115000-7f5789314000 ---p 00024000 08:01 406680                     /usr/lib/x86_64-linux-gnu/libjpeg.so.62.0.0
7f5789314000-7f5789315000 r--p 00023000 08:01 406680                     /usr/lib/x86_64-linux-gnu/libjpeg.so.62.0.0
7f5789315000-7f5789316000 rw-p 00024000 08:01 406680                     /usr/lib/x86_64-linux-gnu/libjpeg.so.62.0.0
7f5789339000-7f5789342000 r-xp 00000000 08:01 398665                     /usr/lib/jvm/java-7-openjdk-amd64/jre/lib/amd64/libjavajpeg.so
7f5789342000-7f5789541000 ---p 00009000 08:01 398665                     /usr/lib/jvm/java-7-openjdk-amd64/jre/lib/amd64/libjavajpeg.so
7f5789541000-7f5789542000 r--p 00008000 08:01 398665                     /usr/lib/jvm/java-7-openjdk-amd64/jre/lib/amd64/libjavajpeg.so
7f5789542000-7f5789543000 rw-p 00009000 08:01 398665                     /usr/lib/jvm/java-7-openjdk-amd64/jre/lib/amd64/libjavajpeg.so
7f5789543000-7f5789547000 r--s 0009f000 08:01 396465                     /usr/lib/jvm/java-7-openjdk-common/jre/lib/jsse.jar
7f5789547000-7f578979a000 rw-s 00000000 00:04 5668869                    /SYSV00000000 (deleted)
7f578979a000-7f578979d000 ---p 00000000 00:00 0 
7f578979d000-7f578989b000 rw-p 00000000 00:00 0 
7f578989b000-7f578989e000 ---p 00000000 00:00 0 
7f578989e000-7f578999c000 rw-p 00000000 00:00 0 
7f578999c000-7f578999f000 ---p 00000000 00:00 0 
7f578999f000-7f5789a9d000 rw-p 00000000 00:00 0 
7f5789a9d000-7f5789aad000 r-xp 00000000 08:01 399340                     /usr/lib/jvm/java-7-openjdk-amd64/jre/lib/amd64/libnio.so
7f5789aad000-7f5789cac000 ---p 00010000 08:01 399340                     /usr/lib/jvm/java-7-openjdk-amd64/jre/lib/amd64/libnio.so
7f5789cac000-7f5789cad000 r--p 0000f000 08:01 399340                     /usr/lib/jvm/java-7-openjdk-amd64/jre/lib/amd64/libnio.so
7f5789cad000-7f5789cae000 rw-p 00010000 08:01 399340                     /usr/lib/jvm/java-7-openjdk-amd64/jre/lib/amd64/libnio.so
7f5789cae000-7f5789cc4000 r-xp 00000000 08:01 399248                     /usr/lib/jvm/java-7-openjdk-amd64/jre/lib/amd64/libnet.so
7f5789cc4000-7f5789ec3000 ---p 00016000 08:01 399248                     /usr/lib/jvm/java-7-openjdk-amd64/jre/lib/amd64/libnet.so
7f5789ec3000-7f5789ec4000 r--p 00015000 08:01 399248                     /usr/lib/jvm/java-7-openjdk-amd64/jre/lib/amd64/libnet.so
7f5789ec4000-7f5789ec5000 rw-p 00016000 08:01 399248                     /usr/lib/jvm/java-7-openjdk-amd64/jre/lib/amd64/libnet.so
7f5789ec5000-7f5789eff000 r-xp 00000000 08:01 398142                     /usr/lib/jvm/java-7-openjdk-amd64/jre/lib/amd64/libfontmanager.so
7f5789eff000-7f578a0ff000 ---p 0003a000 08:01 398142                     /usr/lib/jvm/java-7-openjdk-amd64/jre/lib/amd64/libfontmanager.so
7f578a0ff000-7f578a101000 r--p 0003a000 08:01 398142                     /usr/lib/jvm/java-7-openjdk-amd64/jre/lib/amd64/libfontmanager.so
7f578a101000-7f578a102000 rw-p 0003c000 08:01 398142                     /usr/lib/jvm/java-7-openjdk-amd64/jre/lib/amd64/libfontmanager.so
7f578a102000-7f578a105000 ---p 00000000 00:00 0 
7f578a105000-7f578a203000 rw-p 00000000 00:00 0 
7f578a203000-7f578a206000 ---p 00000000 00:00 0 
7f578a206000-7f578a304000 rw-p 00000000 00:00 0 
7f578a304000-7f578a307000 ---p 00000000 00:00 0 
7f578a307000-7f578a405000 rw-p 00000000 00:00 0 
7f578a405000-7f578a408000 r-xp 00000000 08:01 139849                     /lib/x86_64-linux-gnu/libgpg-error.so.0.8.0
7f578a408000-7f578a607000 ---p 00003000 08:01 139849                     /lib/x86_64-linux-gnu/libgpg-error.so.0.8.0
7f578a607000-7f578a608000 r--p 00002000 08:01 139849                     /lib/x86_64-linux-gnu/libgpg-error.so.0.8.0
7f578a608000-7f578a609000 rw-p 00003000 08:01 139849                     /lib/x86_64-linux-gnu/libgpg-error.so.0.8.0
7f578a609000-7f578a60b000 r-xp 00000000 08:01 139851                     /lib/x86_64-linux-gnu/libkeyutils.so.1.3
7f578a60b000-7f578a80a000 ---p 00002000 08:01 139851                     /lib/x86_64-linux-gnu/libkeyutils.so.1.3
7f578a80a000-7f578a80b000 r--p 00001000 08:01 139851                     /lib/x86_64-linux-gnu/libkeyutils.so.1.3
7f578a80b000-7f578a80c000 rw-p 00002000 08:01 139851                     /lib/x86_64-linux-gnu/libkeyutils.so.1.3
7f578a80c000-7f578a84e000 r-xp 00000000 08:01 135649                     /lib/x86_64-linux-gnu/libdbus-1.so.3.5.7
7f578a84e000-7f578aa4d000 ---p 00042000 08:01 135649                     /lib/x86_64-linux-gnu/libdbus-1.so.3.5.7
7f578aa4d000-7f578aa4e000 r--p 00041000 08:01 135649                     /lib/x86_64-linux-gnu/libdbus-1.so.3.5.7
7f578aa4e000-7f578aa4f000 rw-p 00042000 08:01 135649                     /lib/x86_64-linux-gnu/libdbus-1.so.3.5.7
7f578aa4f000-7f578aac9000 r-xp 00000000 08:01 139845                     /lib/x86_64-linux-gnu/libgcrypt.so.11.7.0
7f578aac9000-7f578acc9000 ---p 0007a000 08:01 139845                     /lib/x86_64-linux-gnu/libgcrypt.so.11.7.0
7f578acc9000-7f578acca000 r--p 0007a000 08:01 139845                     /lib/x86_64-linux-gnu/libgcrypt.so.11.7.0
7f578acca000-7f578accd000 rw-p 0007b000 08:01 139845                     /lib/x86_64-linux-gnu/libgcrypt.so.11.7.0
7f578accd000-7f578acdd000 r-xp 00000000 08:01 406788                     /usr/lib/x86_64-linux-gnu/libtasn1.so.3.1.11
7f578acdd000-7f578aedc000 ---p 00010000 08:01 406788                     /usr/lib/x86_64-linux-gnu/libtasn1.so.3.1.11
7f578aedc000-7f578aedd000 r--p 0000f000 08:01 406788                     /usr/lib/x86_64-linux-gnu/libtasn1.so.3.1.11
7f578aedd000-7f578aede000 rw-p 00010000 08:01 406788                     /usr/lib/x86_64-linux-gnu/libtasn1.so.3.1.11
7f578aede000-7f578aee5000 r-xp 00000000 08:01 397002                     /usr/lib/x86_64-linux-gnu/libkrb5support.so.0.1
7f578aee5000-7f578b0e4000 ---p 00007000 08:01 397002                     /usr/lib/x86_64-linux-gnu/libkrb5support.so.0.1
7f578b0e4000-7f578b0e5000 r--p 00006000 08:01 397002                     /usr/lib/x86_64-linux-gnu/libkrb5support.so.0.1
7f578b0e5000-7f578b0e6000 rw-p 00007000 08:01 397002                     /usr/lib/x86_64-linux-gnu/libkrb5support.so.0.1
7f578b0e6000-7f578b0e9000 r-xp 00000000 08:01 139827                     /lib/x86_64-linux-gnu/libcom_err.so.2.1
7f578b0e9000-7f578b2e8000 ---p 00003000 08:01 139827                     /lib/x86_64-linux-gnu/libcom_err.so.2.1
7f578b2e8000-7f578b2e9000 r--p 00002000 08:01 139827                     /lib/x86_64-linux-gnu/libcom_err.so.2.1
7f578b2e9000-7f578b2ea000 rw-p 00003000 08:01 139827                     /lib/x86_64-linux-gnu/libcom_err.so.2.1
7f578b2ea000-7f578b310000 r-xp 00000000 08:01 394051                     /usr/lib/x86_64-linux-gnu/libk5crypto.so.3.1
7f578b310000-7f578b50f000 ---p 00026000 08:01 394051                     /usr/lib/x86_64-linux-gnu/libk5crypto.so.3.1
7f578b50f000-7f578b511000 r--p 00025000 08:01 394051                     /usr/lib/x86_64-linux-gnu/libk5crypto.so.3.1
7f578b511000-7f578b512000 rw-p 00027000 08:01 394051                     /usr/lib/x86_64-linux-gnu/libk5crypto.so.3.1
7f578b512000-7f578b5d1000 r-xp 00000000 08:01 397018                     /usr/lib/x86_64-linux-gnu/libkrb5.so.3.3
7f578b5d1000-7f578b7d1000 ---p 000bf000 08:01 397018                     /usr/lib/x86_64-linux-gnu/libkrb5.so.3.3
7f578b7d1000-7f578b7da000 r--p 000bf000 08:01 397018                     /usr/lib/x86_64-linux-gnu/libkrb5.so.3.3
7f578b7da000-7f578b7db000 rw-p 000c8000 08:01 397018                     /usr/lib/x86_64-linux-gnu/libkrb5.so.3.3
7f578b7db000-7f578b7e2000 r-xp 00000000 08:01 406811                     /usr/lib/x86_64-linux-gnu/libxcb-render.so.0.0.0
7f578b7e2000-7f578b9e2000 ---p 00007000 08:01 406811                     /usr/lib/x86_64-linux-gnu/libxcb-render.so.0.0.0
7f578b9e2000-7f578b9e3000 r--p 00007000 08:01 406811                     /usr/lib/x86_64-linux-gnu/libxcb-render.so.0.0.0
7f578b9e3000-7f578b9e4000 rw-p 00008000 08:01 406811                     /usr/lib/x86_64-linux-gnu/libxcb-render.so.0.0.0
7f578b9e4000-7f578b9e6000 r-xp 00000000 08:01 406815                     /usr/lib/x86_64-linux-gnu/libxcb-shm.so.0.0.0
7f578b9e6000-7f578bbe5000 ---p 00002000 08:01 406815                     /usr/lib/x86_64-linux-gnu/libxcb-shm.so.0.0.0
7f578bbe5000-7f578bbe6000 r--p 00001000 08:01 406815                     /usr/lib/x86_64-linux-gnu/libxcb-shm.so.0.0.0
7f578bbe6000-7f578bbe7000 rw-p 00002000 08:01 406815                     /usr/lib/x86_64-linux-gnu/libxcb-shm.so.0.0.0
7f578bbe7000-7f578bc0d000 r-xp 00000000 08:01 139881                     /lib/x86_64-linux-gnu/libpng12.so.0.46.0
7f578bc0d000-7f578be0c000 ---p 00026000 08:01 139881                     /lib/x86_64-linux-gnu/libpng12.so.0.46.0
7f578be0c000-7f578be0d000 r--p 00025000 08:01 139881                     /lib/x86_64-linux-gnu/libpng12.so.0.46.0
7f578be0d000-7f578be0e000 rw-p 00026000 08:01 139881                     /lib/x86_64-linux-gnu/libpng12.so.0.46.0
7f578be0e000-7f578be7c000 r-xp 00000000 08:01 406743                     /usr/lib/x86_64-linux-gnu/libpixman-1.so.0.22.2
7f578be7c000-7f578c07c000 ---p 0006e000 08:01 406743                     /usr/lib/x86_64-linux-gnu/libpixman-1.so.0.22.2
7f578c07c000-7f578c081000 r--p 0006e000 08:01 406743                     /usr/lib/x86_64-linux-gnu/libpixman-1.so.0.22.2
7f578c081000-7f578c082000 rw-p 00073000 08:01 406743                     /usr/lib/x86_64-linux-gnu/libpixman-1.so.0.22.2
7f578c082000-7f578c087000 r-xp 00000000 08:01 406539                     /usr/lib/x86_64-linux-gnu/libXdmcp.so.6.0.0
7f578c087000-7f578c286000 ---p 00005000 08:01 406539                     /usr/lib/x86_64-linux-gnu/libXdmcp.so.6.0.0
7f578c286000-7f578c287000 r--p 00004000 08:01 406539                     /usr/lib/x86_64-linux-gnu/libXdmcp.so.6.0.0
7f578c287000-7f578c288000 rw-p 00005000 08:01 406539                     /usr/lib/x86_64-linux-gnu/libXdmcp.so.6.0.0
7f578c288000-7f578c28a000 r-xp 00000000 08:01 406531                     /usr/lib/x86_64-linux-gnu/libXau.so.6.0.0
7f578c28a000-7f578c489000 ---p 00002000 08:01 406531                     /usr/lib/x86_64-linux-gnu/libXau.so.6.0.0
7f578c489000-7f578c48a000 r--p 00001000 08:01 406531                     /usr/lib/x86_64-linux-gnu/libXau.so.6.0.0
7f578c48a000-7f578c48b000 rw-p 00002000 08:01 406531                     /usr/lib/x86_64-linux-gnu/libXau.so.6.0.0
7f578c48b000-7f578c49c000 r-xp 00000000 08:01 406571                     /usr/lib/x86_64-linux-gnu/libavahi-client.so.3.2.9
7f578c49c000-7f578c69c000 ---p 00011000 08:01 406571                     /usr/lib/x86_64-linux-gnu/libavahi-client.so.3.2.9
7f578c69c000-7f578c69d000 r--p 00011000 08:01 406571                     /usr/lib/x86_64-linux-gnu/libavahi-client.so.3.2.9
7f578c69d000-7f578c69e000 rw-p 00012000 08:01 406571                     /usr/lib/x86_64-linux-gnu/libavahi-client.so.3.2.9
7f578c69e000-7f578c6ab000 r-xp 00000000 08:01 406573                     /usr/lib/x86_64-linux-gnu/libavahi-common.so.3.5.3
7f578c6ab000-7f578c8aa000 ---p 0000d000 08:01 406573                     /usr/lib/x86_64-linux-gnu/libavahi-common.so.3.5.3
7f578c8aa000-7f578c8ab000 r--p 0000c000 08:01 406573                     /usr/lib/x86_64-linux-gnu/libavahi-common.so.3.5.3
7f578c8ab000-7f578c8ac000 rw-p 0000d000 08:01 406573                     /usr/lib/x86_64-linux-gnu/libavahi-common.so.3.5.3
7f578c8ac000-7f578c94d000 r-xp 00000000 08:01 406657                     /usr/lib/x86_64-linux-gnu/libgnutls.so.26.16.14
7f578c94d000-7f578cb4c000 ---p 000a1000 08:01 406657                     /usr/lib/x86_64-linux-gnu/libgnutls.so.26.16.14
7f578cb4c000-7f578cb53000 r--p 000a0000 08:01 406657                     /usr/lib/x86_64-linux-gnu/libgnutls.so.26.16.14
7f578cb53000-7f578cb54000 rw-p 000a7000 08:01 406657                     /usr/lib/x86_64-linux-gnu/libgnutls.so.26.16.14
7f578cb54000-7f578cb8f000 r-xp 00000000 08:01 406685                     /usr/lib/x86_64-linux-gnu/libgssapi_krb5.so.2.2
7f578cb8f000-7f578cd8f000 ---p 0003b000 08:01 406685                     /usr/lib/x86_64-linux-gnu/libgssapi_krb5.so.2.2
7f578cd8f000-7f578cd90000 r--p 0003b000 08:01 406685                     /usr/lib/x86_64-linux-gnu/libgssapi_krb5.so.2.2
7f578cd90000-7f578cd92000 rw-p 0003c000 08:01 406685                     /usr/lib/x86_64-linux-gnu/libgssapi_krb5.so.2.2
7f578cd92000-7f578cdcd000 r-xp 00000000 08:01 139879                     /lib/x86_64-linux-gnu/libpcre.so.3.12.1
7f578cdcd000-7f578cfcc000 ---p 0003b000 08:01 139879                     /lib/x86_64-linux-gnu/libpcre.so.3.12.1
7f578cfcc000-7f578cfcd000 r--p 0003a000 08:01 139879                     /lib/x86_64-linux-gnu/libpcre.so.3.12.1
7f578cfcd000-7f578cfce000 rw-p 0003b000 08:01 139879                     /lib/x86_64-linux-gnu/libpcre.so.3.12.1
7f578cfce000-7f578cfd5000 r-xp 00000000 08:01 396800                     /usr/lib/x86_64-linux-gnu/libffi.so.6.0.0
7f578cfd5000-7f578d1d4000 ---p 00007000 08:01 396800                     /usr/lib/x86_64-linux-gnu/libffi.so.6.0.0
7f578d1d4000-7f578d1d5000 r--p 00006000 08:01 396800                     /usr/lib/x86_64-linux-gnu/libffi.so.6.0.0
7f578d1d5000-7f578d1d6000 rw-p 00007000 08:01 396800                     /usr/lib/x86_64-linux-gnu/libffi.so.6.0.0
7f578d1d6000-7f578d1fd000 r-xp 00000000 08:01 139838                     /lib/x86_64-linux-gnu/libexpat.so.1.5.2
7f578d1fd000-7f578d3fd000 ---p 00027000 08:01 139838                     /lib/x86_64-linux-gnu/libexpat.so.1.5.2
7f578d3fd000-7f578d3ff000 r--p 00027000 08:01 139838                     /lib/x86_64-linux-gnu/libexpat.so.1.5.2
7f578d3ff000-7f578d400000 rw-p 00029000 08:01 139838                     /lib/x86_64-linux-gnu/libexpat.so.1.5.2
7f578d400000-7f578d492000 r-xp 00000000 08:01 406632                     /usr/lib/x86_64-linux-gnu/libfreetype.so.6.6.2
7f578d492000-7f578d691000 ---p 00092000 08:01 406632                     /usr/lib/x86_64-linux-gnu/libfreetype.so.6.6.2
7f578d691000-7f578d697000 r--p 00091000 08:01 406632                     /usr/lib/x86_64-linux-gnu/libfreetype.so.6.6.2
7f578d697000-7f578d698000 rw-p 00097000 08:01 406632                     /usr/lib/x86_64-linux-gnu/libfreetype.so.6.6.2
7f578d698000-7f578d6af000 r-xp 00000000 08:01 134597                     /lib/x86_64-linux-gnu/libresolv-2.13.so
7f578d6af000-7f578d8af000 ---p 00017000 08:01 134597                     /lib/x86_64-linux-gnu/libresolv-2.13.so
7f578d8af000-7f578d8b0000 r--p 00017000 08:01 134597                     /lib/x86_64-linux-gnu/libresolv-2.13.so
7f578d8b0000-7f578d8b1000 rw-p 00018000 08:01 134597                     /lib/x86_64-linux-gnu/libresolv-2.13.so
7f578d8b1000-7f578d8b3000 rw-p 00000000 00:00 0 
7f578d8b3000-7f578d8cf000 r-xp 00000000 08:01 139888                     /lib/x86_64-linux-gnu/libselinux.so.1
7f578d8cf000-7f578dace000 ---p 0001c000 08:01 139888                     /lib/x86_64-linux-gnu/libselinux.so.1
7f578dace000-7f578dacf000 r--p 0001b000 08:01 139888                     /lib/x86_64-linux-gnu/libselinux.so.1
7f578dacf000-7f578dad0000 rw-p 0001c000 08:01 139888                     /lib/x86_64-linux-gnu/libselinux.so.1
7f578dad0000-7f578dad1000 rw-p 00000000 00:00 0 
7f578dad1000-7f578dad3000 r-xp 00000000 08:01 406537                     /usr/lib/x86_64-linux-gnu/libXdamage.so.1.1.0
7f578dad3000-7f578dcd2000 ---p 00002000 08:01 406537                     /usr/lib/x86_64-linux-gnu/libXdamage.so.1.1.0
7f578dcd2000-7f578dcd3000 r--p 00001000 08:01 406537                     /usr/lib/x86_64-linux-gnu/libXdamage.so.1.1.0
7f578dcd3000-7f578dcd4000 rw-p 00002000 08:01 406537                     /usr/lib/x86_64-linux-gnu/libXdamage.so.1.1.0
7f578dcd4000-7f578dcd6000 r-xp 00000000 08:01 406533                     /usr/lib/x86_64-linux-gnu/libXcomposite.so.1.0.0
7f578dcd6000-7f578ded5000 ---p 00002000 08:01 406533                     /usr/lib/x86_64-linux-gnu/libXcomposite.so.1.0.0
7f578ded5000-7f578ded6000 r--p 00001000 08:01 406533                     /usr/lib/x86_64-linux-gnu/libXcomposite.so.1.0.0
7f578ded6000-7f578ded7000 rw-p 00002000 08:01 406533                     /usr/lib/x86_64-linux-gnu/libXcomposite.so.1.0.0
7f578ded7000-7f578dee0000 r-xp 00000000 08:01 406535                     /usr/lib/x86_64-linux-gnu/libXcursor.so.1.0.2
7f578dee0000-7f578e0df000 ---p 00009000 08:01 406535                     /usr/lib/x86_64-linux-gnu/libXcursor.so.1.0.2
7f578e0df000-7f578e0e0000 r--p 00008000 08:01 406535                     /usr/lib/x86_64-linux-gnu/libXcursor.so.1.0.2
7f578e0e0000-7f578e0e1000 rw-p 00009000 08:01 406535                     /usr/lib/x86_64-linux-gnu/libXcursor.so.1.0.2
7f578e0e1000-7f578e0e9000 r-xp 00000000 08:01 406551                     /usr/lib/x86_64-linux-gnu/libXrandr.so.2.2.0
7f578e0e9000-7f578e2e8000 ---p 00008000 08:01 406551                     /usr/lib/x86_64-linux-gnu/libXrandr.so.2.2.0
7f578e2e8000-7f578e2e9000 r--p 00007000 08:01 406551                     /usr/lib/x86_64-linux-gnu/libXrandr.so.2.2.0
7f578e2e9000-7f578e2ea000 rw-p 00008000 08:01 406551                     /usr/lib/x86_64-linux-gnu/libXrandr.so.2.2.0
7f578e2ea000-7f578e2ec000 r-xp 00000000 08:01 406549                     /usr/lib/x86_64-linux-gnu/libXinerama.so.1.0.0
7f578e2ec000-7f578e4eb000 ---p 00002000 08:01 406549                     /usr/lib/x86_64-linux-gnu/libXinerama.so.1.0.0
7f578e4eb000-7f578e4ec000 r--p 00001000 08:01 406549                     /usr/lib/x86_64-linux-gnu/libXinerama.so.1.0.0
7f578e4ec000-7f578e4ed000 rw-p 00002000 08:01 406549                     /usr/lib/x86_64-linux-gnu/libXinerama.so.1.0.0
7f578e4ed000-7f578e4f0000 r-xp 00000000 08:01 395217                     /usr/lib/x86_64-linux-gnu/libgmodule-2.0.so.0.3000.0
7f578e4f0000-7f578e6ef000 ---p 00003000 08:01 395217                     /usr/lib/x86_64-linux-gnu/libgmodule-2.0.so.0.3000.0
7f578e6ef000-7f578e6f0000 r--p 00002000 08:01 395217                     /usr/lib/x86_64-linux-gnu/libgmodule-2.0.so.0.3000.0
7f578e6f0000-7f578e6f1000 rw-p 00003000 08:01 395217                     /usr/lib/x86_64-linux-gnu/libgmodule-2.0.so.0.3000.0
7f578e6f1000-7f578e71b000 r-xp 00000000 08:01 397305                     /usr/lib/x86_64-linux-gnu/libpangoft2-1.0.so.0.2903.0
7f578e71b000-7f578e91a000 ---p 0002a000 08:01 397305                     /usr/lib/x86_64-linux-gnu/libpangoft2-1.0.so.0.2903.0
7f578e91a000-7f578e91b000 r--p 00029000 08:01 397305                     /usr/lib/x86_64-linux-gnu/libpangoft2-1.0.so.0.2903.0
7f578e91b000-7f578e91c000 rw-p 0002a000 08:01 397305                     /usr/lib/x86_64-linux-gnu/libpangoft2-1.0.so.0.2903.0
7f578e91c000-7f578e9d5000 r-xp 00000000 08:01 406593                     /usr/lib/x86_64-linux-gnu/libcairo.so.2.11000.2
7f578e9d5000-7f578ebd4000 ---p 000b9000 08:01 406593                     /usr/lib/x86_64-linux-gnu/libcairo.so.2.11000.2
7f578ebd4000-7f578ebd6000 r--p 000b8000 08:01 406593                     /usr/lib/x86_64-linux-gnu/libcairo.so.2.11000.2
7f578ebd6000-7f578ebd7000 rw-p 000ba000 08:01 406593                     /usr/lib/x86_64-linux-gnu/libcairo.so.2.11000.2
7f578ebd7000-7f578ebda000 rw-p 00000000 00:00 0 
7f578ebda000-7f578ebf9000 r-xp 00000000 08:01 394856                     /usr/lib/x86_64-linux-gnu/libatk-1.0.so.0.20209.1
7f578ebf9000-7f578edf9000 ---p 0001f000 08:01 394856                     /usr/lib/x86_64-linux-gnu/libatk-1.0.so.0.20209.1
7f578edf9000-7f578edfb000 r--p 0001f000 08:01 394856                     /usr/lib/x86_64-linux-gnu/libatk-1.0.so.0.20209.1
7f578edfb000-7f578edfc000 rw-p 00021000 08:01 394856                     /usr/lib/x86_64-linux-gnu/libatk-1.0.so.0.20209.1
7f578edfc000-7f578ee01000 r-xp 00000000 08:01 406543                     /usr/lib/x86_64-linux-gnu/libXfixes.so.3.1.0
7f578ee01000-7f578f000000 ---p 00005000 08:01 406543                     /usr/lib/x86_64-linux-gnu/libXfixes.so.3.1.0
7f578f000000-7f578f001000 r--p 00004000 08:01 406543                     /usr/lib/x86_64-linux-gnu/libXfixes.so.3.1.0
7f578f001000-7f578f002000 rw-p 00005000 08:01 406543                     /usr/lib/x86_64-linux-gnu/libXfixes.so.3.1.0
7f578f002000-7f578f00d000 r-xp 00000000 08:01 397309                     /usr/lib/x86_64-linux-gnu/libpangocairo-1.0.so.0.2903.0
7f578f00d000-7f578f20d000 ---p 0000b000 08:01 397309                     /usr/lib/x86_64-linux-gnu/libpangocairo-1.0.so.0.2903.0
7f578f20d000-7f578f20e000 r--p 0000b000 08:01 397309                     /usr/lib/x86_64-linux-gnu/libpangocairo-1.0.so.0.2903.0
7f578f20e000-7f578f20f000 rw-p 0000c000 08:01 397309                     /usr/lib/x86_64-linux-gnu/libpangocairo-1.0.so.0.2903.0
7f578f20f000-7f578f22a000 r-xp 00000000 08:01 406817                     /usr/lib/x86_64-linux-gnu/libxcb.so.1.1.0
7f578f22a000-7f578f429000 ---p 0001b000 08:01 406817                     /usr/lib/x86_64-linux-gnu/libxcb.so.1.1.0
7f578f429000-7f578f42a000 r--p 0001a000 08:01 406817                     /usr/lib/x86_64-linux-gnu/libxcb.so.1.1.0
7f578f42a000-7f578f42b000 rw-p 0001b000 08:01 406817                     /usr/lib/x86_64-linux-gnu/libxcb.so.1.1.0
7f578f42b000-7f578f479000 r-xp 00000000 08:01 400264                     /usr/lib/x86_64-linux-gnu/libcups.so.2
7f578f479000-7f578f679000 ---p 0004e000 08:01 400264                     /usr/lib/x86_64-linux-gnu/libcups.so.2
7f578f679000-7f578f67d000 r--p 0004e000 08:01 400264                     /usr/lib/x86_64-linux-gnu/libcups.so.2
7f578f67d000-7f578f67e000 rw-p 00052000 08:01 400264                     /usr/lib/x86_64-linux-gnu/libcups.so.2
7f578f67e000-7f578f772000 r-xp 00000000 08:01 134283                     /lib/x86_64-linux-gnu/libglib-2.0.so.0.3000.0
7f578f772000-7f578f971000 ---p 000f4000 08:01 134283                     /lib/x86_64-linux-gnu/libglib-2.0.so.0.3000.0
7f578f971000-7f578f972000 r--p 000f3000 08:01 134283                     /lib/x86_64-linux-gnu/libglib-2.0.so.0.3000.0
7f578f972000-7f578f973000 rw-p 000f4000 08:01 134283                     /lib/x86_64-linux-gnu/libglib-2.0.so.0.3000.0
7f578f973000-7f578f974000 rw-p 00000000 00:00 0 
7f578f974000-7f578f978000 r-xp 00000000 08:01 394708                     /usr/lib/x86_64-linux-gnu/libgthread-2.0.so.0.3000.0
7f578f978000-7f578fb77000 ---p 00004000 08:01 394708                     /usr/lib/x86_64-linux-gnu/libgthread-2.0.so.0.3000.0
7f578fb77000-7f578fb78000 r--p 00003000 08:01 394708                     /usr/lib/x86_64-linux-gnu/libgthread-2.0.so.0.3000.0
7f578fb78000-7f578fb79000 rw-p 00004000 08:01 394708                     /usr/lib/x86_64-linux-gnu/libgthread-2.0.so.0.3000.0
7f578fb79000-7f578fbc7000 r-xp 00000000 08:01 394707                     /usr/lib/x86_64-linux-gnu/libgobject-2.0.so.0.3000.0
7f578fbc7000-7f578fdc7000 ---p 0004e000 08:01 394707                     /usr/lib/x86_64-linux-gnu/libgobject-2.0.so.0.3000.0
7f578fdc7000-7f578fdc8000 r--p 0004e000 08:01 394707                     /usr/lib/x86_64-linux-gnu/libgobject-2.0.so.0.3000.0
7f578fdc8000-7f578fdc9000 rw-p 0004f000 08:01 394707                     /usr/lib/x86_64-linux-gnu/libgobject-2.0.so.0.3000.0
7f578fdc9000-7f578fdca000 rw-p 00000000 00:00 0 
7f578fdca000-7f578fdfe000 r-xp 00000000 08:01 406630                     /usr/lib/x86_64-linux-gnu/libfontconfig.so.1.4.4
7f578fdfe000-7f578fffe000 ---p 00034000 08:01 406630                     /usr/lib/x86_64-linux-gnu/libfontconfig.so.1.4.4
7f578fffe000-7f578ffff000 r--p 00034000 08:01 406630                     /usr/lib/x86_64-linux-gnu/libfontconfig.so.1.4.4
7f578ffff000-7f5790000000 rw-p 00035000 08:01 406630                     /usr/lib/x86_64-linux-gnu/libfontconfig.so.1.4.4
7f5790000000-7f579033b000 rw-p 00000000 00:00 0 
7f579033b000-7f5794000000 ---p 00000000 00:00 0 
7f5794021000-7f5794052000 rw-p 00000000 00:00 0 
7f5794052000-7f5794055000 ---p 00000000 00:00 0 
7f5794055000-7f579406c000 rw-p 00000000 00:00 0 
7f579406c000-7f57940b3000 r-xp 00000000 08:01 397304                     /usr/lib/x86_64-linux-gnu/libpango-1.0.so.0.2903.0
7f57940b3000-7f57942b3000 ---p 00047000 08:01 397304                     /usr/lib/x86_64-linux-gnu/libpango-1.0.so.0.2903.0
7f57942b3000-7f57942b5000 r--p 00047000 08:01 397304                     /usr/lib/x86_64-linux-gnu/libpango-1.0.so.0.2903.0
7f57942b5000-7f57942b6000 rw-p 00049000 08:01 397304                     /usr/lib/x86_64-linux-gnu/libpango-1.0.so.0.2903.0
7f57942b6000-7f57942d4000 r-xp 00000000 08:01 394128                     /usr/lib/x86_64-linux-gnu/libgdk_pixbuf-2.0.so.0.2400.0
7f57942d4000-7f57944d3000 ---p 0001e000 08:01 394128                     /usr/lib/x86_64-linux-gnu/libgdk_pixbuf-2.0.so.0.2400.0
7f57944d3000-7f57944d4000 r--p 0001d000 08:01 394128                     /usr/lib/x86_64-linux-gnu/libgdk_pixbuf-2.0.so.0.2400.0
7f57944d4000-7f57944d5000 rw-p 0001e000 08:01 394128                     /usr/lib/x86_64-linux-gnu/libgdk_pixbuf-2.0.so.0.2400.0
7f57944d5000-7f5794610000 r-xp 00000000 08:01 394685                     /usr/lib/x86_64-linux-gnu/libgio-2.0.so.0.3000.0
7f5794610000-7f579480f000 ---p 0013b000 08:01 394685                     /usr/lib/x86_64-linux-gnu/libgio-2.0.so.0.3000.0
7f579480f000-7f5794813000 r--p 0013a000 08:01 394685                     /usr/lib/x86_64-linux-gnu/libgio-2.0.so.0.3000.0
7f5794813000-7f5794815000 rw-p 0013e000 08:01 394685                     /usr/lib/x86_64-linux-gnu/libgio-2.0.so.0.3000.0
7f5794815000-7f5794817000 rw-p 00000000 00:00 0 
7f5794817000-7f57948c4000 r-xp 00000000 08:01 397253                     /usr/lib/x86_64-linux-gnu/libgdk-x11-2.0.so.0.2400.6
7f57948c4000-7f5794ac3000 ---p 000ad000 08:01 397253                     /usr/lib/x86_64-linux-gnu/libgdk-x11-2.0.so.0.2400.6
7f5794ac3000-7f5794ac7000 r--p 000ac000 08:01 397253                     /usr/lib/x86_64-linux-gnu/libgdk-x11-2.0.so.0.2400.6
7f5794ac7000-7f5794ac9000 rw-p 000b0000 08:01 397253                     /usr/lib/x86_64-linux-gnu/libgdk-x11-2.0.so.0.2400.6
7f5794ac9000-7f5794ef8000 r-xp 00000000 08:01 397246                     /usr/lib/x86_64-linux-gnu/libgtk-x11-2.0.so.0.2400.6
7f5794ef8000-7f57950f8000 ---p 0042f000 08:01 397246                     /usr/lib/x86_64-linux-gnu/libgtk-x11-2.0.so.0.2400.6
7f57950f8000-7f57950ff000 r--p 0042f000 08:01 397246                     /usr/lib/x86_64-linux-gnu/libgtk-x11-2.0.so.0.2400.6
7f57950ff000-7f5795103000 rw-p 00436000 08:01 397246                     /usr/lib/x86_64-linux-gnu/libgtk-x11-2.0.so.0.2400.6
7f5795103000-7f5795105000 rw-p 00000000 00:00 0 
7f5795105000-7f5795114000 r-xp 00000000 08:01 406547                     /usr/lib/x86_64-linux-gnu/libXi.so.6.1.0
7f5795114000-7f5795313000 ---p 0000f000 08:01 406547                     /usr/lib/x86_64-linux-gnu/libXi.so.6.1.0
7f5795313000-7f5795314000 r--p 0000e000 08:01 406547                     /usr/lib/x86_64-linux-gnu/libXi.so.6.1.0
7f5795314000-7f5795315000 rw-p 0000f000 08:01 406547                     /usr/lib/x86_64-linux-gnu/libXi.so.6.1.0
7f5795315000-7f579531a000 r-xp 00000000 08:01 398564                     /usr/lib/libXtst.so.6.1.0
7f579531a000-7f5795519000 ---p 00005000 08:01 398564                     /usr/lib/libXtst.so.6.1.0
7f5795519000-7f579551a000 r--p 00004000 08:01 398564                     /usr/lib/libXtst.so.6.1.0
7f579551a000-7f579551b000 rw-p 00005000 08:01 398564                     /usr/lib/libXtst.so.6.1.0
7f579551b000-7f5795524000 r-xp 00000000 08:01 406553                     /usr/lib/x86_64-linux-gnu/libXrender.so.1.3.0
7f5795524000-7f5795724000 ---p 00009000 08:01 406553                     /usr/lib/x86_64-linux-gnu/libXrender.so.1.3.0
7f5795724000-7f5795725000 r--p 00009000 08:01 406553                     /usr/lib/x86_64-linux-gnu/libXrender.so.1.3.0
7f5795725000-7f5795726000 rw-p 0000a000 08:01 406553                     /usr/lib/x86_64-linux-gnu/libXrender.so.1.3.0
7f5795726000-7f5795859000 r-xp 00000000 08:01 406471                     /usr/lib/x86_64-linux-gnu/libX11.so.6.3.0
7f5795859000-7f5795a59000 ---p 00133000 08:01 406471                     /usr/lib/x86_64-linux-gnu/libX11.so.6.3.0
7f5795a59000-7f5795a5a000 r--p 00133000 08:01 406471                     /usr/lib/x86_64-linux-gnu/libX11.so.6.3.0
7f5795a5a000-7f5795a5e000 rw-p 00134000 08:01 406471                     /usr/lib/x86_64-linux-gnu/libX11.so.6.3.0
7f5795a5e000-7f5795a70000 r-xp 00000000 08:01 406541                     /usr/lib/x86_64-linux-gnu/libXext.so.6.4.0
7f5795a70000-7f5795c6f000 ---p 00012000 08:01 406541                     /usr/lib/x86_64-linux-gnu/libXext.so.6.4.0
7f5795c6f000-7f5795c70000 r--p 00011000 08:01 406541                     /usr/lib/x86_64-linux-gnu/libXext.so.6.4.0
7f5795c70000-7f5795c71000 rw-p 00012000 08:01 406541                     /usr/lib/x86_64-linux-gnu/libXext.so.6.4.0
7f5795c71000-7f5795c94000 r--p 00000000 08:01 675061                     /usr/share/locale-langpack/fr/LC_MESSAGES/libc.mo
7f5795c94000-7f5795ce6000 r-xp 00000000 08:01 401973                     /usr/lib/jvm/java-7-openjdk-amd64/jre/lib/amd64/xawt/libmawt.so
7f5795ce6000-7f5795ee6000 ---p 00052000 08:01 401973                     /usr/lib/jvm/java-7-openjdk-amd64/jre/lib/amd64/xawt/libmawt.so
7f5795ee6000-7f5795ee7000 r--p 00052000 08:01 401973                     /usr/lib/jvm/java-7-openjdk-amd64/jre/lib/amd64/xawt/libmawt.so
7f5795ee7000-7f5795eea000 rw-p 00053000 08:01 401973                     /usr/lib/jvm/java-7-openjdk-amd64/jre/lib/amd64/xawt/libmawt.so
7f5795eea000-7f5795eeb000 rw-p 00000000 00:00 0 
7f5795eeb000-7f5795f8d000 r-xp 00000000 08:01 398111                     /usr/lib/jvm/java-7-openjdk-amd64/jre/lib/amd64/libawt.so
7f5795f8d000-7f579618c000 ---p 000a2000 08:01 398111                     /usr/lib/jvm/java-7-openjdk-amd64/jre/lib/amd64/libawt.so
7f579618c000-7f579618d000 r--p 000a1000 08:01 398111                     /usr/lib/jvm/java-7-openjdk-amd64/jre/lib/amd64/libawt.so
7f579618d000-7f5796198000 rw-p 000a2000 08:01 398111                     /usr/lib/jvm/java-7-openjdk-amd64/jre/lib/amd64/libawt.so
7f5796198000-7f57961bd000 rw-p 00000000 00:00 0 
7f57961bd000-7f57961be000 ---p 00000000 00:00 0 
7f57961be000-7f57962be000 rw-p 00000000 00:00 0 
7f57962be000-7f57962c1000 ---p 00000000 00:00 0 
7f57962c1000-7f57963bf000 rw-p 00000000 00:00 0 
7f57963bf000-7f57963c2000 ---p 00000000 00:00 0 
7f57963c2000-7f57964c0000 rw-p 00000000 00:00 0 
7f57964c0000-7f57964c3000 ---p 00000000 00:00 0 
7f57964c3000-7f57965c1000 rw-p 00000000 00:00 0 
7f57965c1000-7f57965c4000 ---p 00000000 00:00 0 
7f57965c4000-7f57966c2000 rw-p 00000000 00:00 0 
7f57966c2000-7f5796daf000 r--p 00000000 08:01 403488                     /usr/lib/locale/locale-archive
7f5796daf000-7f5796db2000 ---p 00000000 00:00 0 
7f5796db2000-7f5796eb0000 rw-p 00000000 00:00 0 
7f5796eb0000-7f5796eb3000 ---p 00000000 00:00 0 
7f5796eb3000-7f5796fb1000 rw-p 00000000 00:00 0 
7f5796fb1000-7f5796fb2000 ---p 00000000 00:00 0 
7f5796fb2000-7f5797421000 rw-p 00000000 00:00 0 
7f5797421000-7f57975cf000 r--s 03e76000 08:01 396788                     /usr/lib/jvm/java-7-openjdk-amd64/jre/lib/rt.jar
7f57975cf000-7f57975f7000 rw-p 00000000 00:00 0 
7f57975f7000-7f57975f8000 ---p 00000000 00:00 0 
7f57975f8000-7f57976f8000 rw-p 00000000 00:00 0 
7f57976f8000-7f57976f9000 ---p 00000000 00:00 0 
7f57976f9000-7f5797804000 rw-p 00000000 00:00 0 
7f5797804000-7f579784c000 rw-p 00000000 00:00 0 
7f579784c000-7f5797861000 rw-p 00000000 00:00 0 
7f5797861000-7f5797997000 rw-p 00000000 00:00 0 
7f5797997000-7f57979a2000 rw-p 00000000 00:00 0 
7f57979a2000-7f57979ea000 rw-p 00000000 00:00 0 
7f57979ea000-7f57979ff000 rw-p 00000000 00:00 0 
7f57979ff000-7f5797b34000 rw-p 00000000 00:00 0 
7f5797b34000-7f5797b3f000 rw-p 00000000 00:00 0 
7f5797b3f000-7f5797bda000 rw-p 00000000 00:00 0 
7f5797bda000-7f5797bdb000 rw-p 00000000 00:00 0 
7f5797bdb000-7f5797e4b000 rwxp 00000000 00:00 0 
7f5797e4b000-7f579abdb000 rw-p 00000000 00:00 0 
7f579abdb000-7f579abe3000 r-xp 00000000 08:01 399895                     /usr/lib/jvm/java-7-openjdk-amd64/jre/lib/amd64/libzip.so
7f579abe3000-7f579ade2000 ---p 00008000 08:01 399895                     /usr/lib/jvm/java-7-openjdk-amd64/jre/lib/amd64/libzip.so
7f579ade2000-7f579ade3000 r--p 00007000 08:01 399895                     /usr/lib/jvm/java-7-openjdk-amd64/jre/lib/amd64/libzip.so
7f579ade3000-7f579ade4000 rw-p 00008000 08:01 399895                     /usr/lib/jvm/java-7-openjdk-amd64/jre/lib/amd64/libzip.so
7f579ade4000-7f579adf0000 r-xp 00000000 08:01 134596                     /lib/x86_64-linux-gnu/libnss_files-2.13.so
7f579adf0000-7f579afef000 ---p 0000c000 08:01 134596                     /lib/x86_64-linux-gnu/libnss_files-2.13.so
7f579afef000-7f579aff0000 r--p 0000b000 08:01 134596                     /lib/x86_64-linux-gnu/libnss_files-2.13.so
7f579aff0000-7f579aff1000 rw-p 0000c000 08:01 134596                     /lib/x86_64-linux-gnu/libnss_files-2.13.so
7f579aff1000-7f579affb000 r-xp 00000000 08:01 134607                     /lib/x86_64-linux-gnu/libnss_nis-2.13.so
7f579affb000-7f579b1fb000 ---p 0000a000 08:01 134607                     /lib/x86_64-linux-gnu/libnss_nis-2.13.so
7f579b1fb000-7f579b1fc000 r--p 0000a000 08:01 134607                     /lib/x86_64-linux-gnu/libnss_nis-2.13.so
7f579b1fc000-7f579b1fd000 rw-p 0000b000 08:01 134607                     /lib/x86_64-linux-gnu/libnss_nis-2.13.so
7f579b1fd000-7f579b214000 r-xp 00000000 08:01 134591                     /lib/x86_64-linux-gnu/libnsl-2.13.so
7f579b214000-7f579b413000 ---p 00017000 08:01 134591                     /lib/x86_64-linux-gnu/libnsl-2.13.so
7f579b413000-7f579b414000 r--p 00016000 08:01 134591                     /lib/x86_64-linux-gnu/libnsl-2.13.so
7f579b414000-7f579b415000 rw-p 00017000 08:01 134591                     /lib/x86_64-linux-gnu/libnsl-2.13.so
7f579b415000-7f579b417000 rw-p 00000000 00:00 0 
7f579b417000-7f579b41f000 r-xp 00000000 08:01 134588                     /lib/x86_64-linux-gnu/libnss_compat-2.13.so
7f579b41f000-7f579b61e000 ---p 00008000 08:01 134588                     /lib/x86_64-linux-gnu/libnss_compat-2.13.so
7f579b61e000-7f579b61f000 r--p 00007000 08:01 134588                     /lib/x86_64-linux-gnu/libnss_compat-2.13.so
7f579b61f000-7f579b620000 rw-p 00008000 08:01 134588                     /lib/x86_64-linux-gnu/libnss_compat-2.13.so
7f579b620000-7f579b649000 r-xp 00000000 08:01 398578                     /usr/lib/jvm/java-7-openjdk-amd64/jre/lib/amd64/libjava.so
7f579b649000-7f579b848000 ---p 00029000 08:01 398578                     /usr/lib/jvm/java-7-openjdk-amd64/jre/lib/amd64/libjava.so
7f579b848000-7f579b849000 r--p 00028000 08:01 398578                     /usr/lib/jvm/java-7-openjdk-amd64/jre/lib/amd64/libjava.so
7f579b849000-7f579b84b000 rw-p 00029000 08:01 398578                     /usr/lib/jvm/java-7-openjdk-amd64/jre/lib/amd64/libjava.so
7f579b84b000-7f579b859000 r-xp 00000000 08:01 399894                     /usr/lib/jvm/java-7-openjdk-amd64/jre/lib/amd64/libverify.so
7f579b859000-7f579ba58000 ---p 0000e000 08:01 399894                     /usr/lib/jvm/java-7-openjdk-amd64/jre/lib/amd64/libverify.so
7f579ba58000-7f579ba5a000 r--p 0000d000 08:01 399894                     /usr/lib/jvm/java-7-openjdk-amd64/jre/lib/amd64/libverify.so
7f579ba5a000-7f579ba5b000 rw-p 0000f000 08:01 399894                     /usr/lib/jvm/java-7-openjdk-amd64/jre/lib/amd64/libverify.so
7f579ba5b000-7f579ba62000 r-xp 00000000 08:01 134577                     /lib/x86_64-linux-gnu/librt-2.13.so
7f579ba62000-7f579bc61000 ---p 00007000 08:01 134577                     /lib/x86_64-linux-gnu/librt-2.13.so
7f579bc61000-7f579bc62000 r--p 00006000 08:01 134577                     /lib/x86_64-linux-gnu/librt-2.13.so
7f579bc62000-7f579bc63000 rw-p 00007000 08:01 134577                     /lib/x86_64-linux-gnu/librt-2.13.so
7f579bc63000-7f579bc78000 r-xp 00000000 08:01 131748                     /lib/x86_64-linux-gnu/libgcc_s.so.1
7f579bc78000-7f579be77000 ---p 00015000 08:01 131748                     /lib/x86_64-linux-gnu/libgcc_s.so.1
7f579be77000-7f579be78000 r--p 00014000 08:01 131748                     /lib/x86_64-linux-gnu/libgcc_s.so.1
7f579be78000-7f579be79000 rw-p 00015000 08:01 131748                     /lib/x86_64-linux-gnu/libgcc_s.so.1
7f579be79000-7f579befc000 r-xp 00000000 08:01 134673                     /lib/x86_64-linux-gnu/libm-2.13.so
7f579befc000-7f579c0fb000 ---p 00083000 08:01 134673                     /lib/x86_64-linux-gnu/libm-2.13.so
7f579c0fb000-7f579c0fc000 r--p 00082000 08:01 134673                     /lib/x86_64-linux-gnu/libm-2.13.so
7f579c0fc000-7f579c0fd000 rw-p 00083000 08:01 134673                     /lib/x86_64-linux-gnu/libm-2.13.so
7f579c0fd000-7f579c1e5000 r-xp 00000000 08:01 398097                     /usr/lib/x86_64-linux-gnu/libstdc++.so.6.0.16
7f579c1e5000-7f579c3e5000 ---p 000e8000 08:01 398097                     /usr/lib/x86_64-linux-gnu/libstdc++.so.6.0.16
7f579c3e5000-7f579c3ed000 r--p 000e8000 08:01 398097                     /usr/lib/x86_64-linux-gnu/libstdc++.so.6.0.16
7f579c3ed000-7f579c3ef000 rw-p 000f0000 08:01 398097                     /usr/lib/x86_64-linux-gnu/libstdc++.so.6.0.16
7f579c3ef000-7f579c404000 rw-p 00000000 00:00 0 
7f579c404000-7f579cd8b000 r-xp 00000000 08:01 399897                     /usr/lib/jvm/java-7-openjdk-amd64/jre/lib/amd64/server/libjvm.so
7f579cd8b000-7f579cf8a000 ---p 00987000 08:01 399897                     /usr/lib/jvm/java-7-openjdk-amd64/jre/lib/amd64/server/libjvm.so
7f579cf8a000-7f579d008000 r--p 00986000 08:01 399897                     /usr/lib/jvm/java-7-openjdk-amd64/jre/lib/amd64/server/libjvm.so
7f579d008000-7f579d023000 rw-p 00a04000 08:01 399897                     /usr/lib/jvm/java-7-openjdk-amd64/jre/lib/amd64/server/libjvm.so
7f579d023000-7f579d04e000 rw-p 00000000 00:00 0 
7f579d04e000-7f579d066000 r-xp 00000000 08:01 134606                     /lib/x86_64-linux-gnu/libpthread-2.13.so
7f579d066000-7f579d265000 ---p 00018000 08:01 134606                     /lib/x86_64-linux-gnu/libpthread-2.13.so
7f579d265000-7f579d266000 r--p 00017000 08:01 134606                     /lib/x86_64-linux-gnu/libpthread-2.13.so
7f579d266000-7f579d267000 rw-p 00018000 08:01 134606                     /lib/x86_64-linux-gnu/libpthread-2.13.so
7f579d267000-7f579d26b000 rw-p 00000000 00:00 0 
7f579d26b000-7f579d282000 r-xp 00000000 08:01 139905                     /lib/x86_64-linux-gnu/libz.so.1.2.3.4
7f579d282000-7f579d481000 ---p 00017000 08:01 139905                     /lib/x86_64-linux-gnu/libz.so.1.2.3.4
7f579d481000-7f579d482000 r--p 00016000 08:01 139905                     /lib/x86_64-linux-gnu/libz.so.1.2.3.4
7f579d482000-7f579d483000 rw-p 00017000 08:01 139905                     /lib/x86_64-linux-gnu/libz.so.1.2.3.4
7f579d483000-7f579d485000 r-xp 00000000 08:01 134594                     /lib/x86_64-linux-gnu/libdl-2.13.so
7f579d485000-7f579d685000 ---p 00002000 08:01 134594                     /lib/x86_64-linux-gnu/libdl-2.13.so
7f579d685000-7f579d686000 r--p 00002000 08:01 134594                     /lib/x86_64-linux-gnu/libdl-2.13.so
7f579d686000-7f579d687000 rw-p 00003000 08:01 134594                     /lib/x86_64-linux-gnu/libdl-2.13.so
7f579d687000-7f579d81c000 r-xp 00000000 08:01 134593                     /lib/x86_64-linux-gnu/libc-2.13.so
7f579d81c000-7f579da1b000 ---p 00195000 08:01 134593                     /lib/x86_64-linux-gnu/libc-2.13.so
7f579da1b000-7f579da1f000 r--p 00194000 08:01 134593                     /lib/x86_64-linux-gnu/libc-2.13.so
7f579da1f000-7f579da20000 rw-p 00198000 08:01 134593                     /lib/x86_64-linux-gnu/libc-2.13.so
7f579da20000-7f579da26000 rw-p 00000000 00:00 0 
7f579da26000-7f579da32000 r-xp 00000000 08:01 397479                     /usr/lib/jvm/java-7-openjdk-amd64/jre/lib/amd64/jli/libjli.so
7f579da32000-7f579dc31000 ---p 0000c000 08:01 397479                     /usr/lib/jvm/java-7-openjdk-amd64/jre/lib/amd64/jli/libjli.so
7f579dc31000-7f579dc32000 r--p 0000b000 08:01 397479                     /usr/lib/jvm/java-7-openjdk-amd64/jre/lib/amd64/jli/libjli.so
7f579dc32000-7f579dc33000 rw-p 0000c000 08:01 397479                     /usr/lib/jvm/java-7-openjdk-amd64/jre/lib/amd64/jli/libjli.so
7f579dc33000-7f579dc54000 r-xp 00000000 08:01 134600                     /lib/x86_64-linux-gnu/ld-2.13.so
7f579dc58000-7f579dc61000 r--s 00263000 08:01 396683                     /usr/lib/jvm/java-7-openjdk-common/jre/lib/resources.jar
7f579dc61000-7f579dc68000 r--s 00000000 08:01 663199                     /usr/lib/x86_64-linux-gnu/gconv/gconv-modules.cache
7f579dc68000-7f579dc72000 rw-p 00000000 00:00 0 
7f579dc72000-7f579dd28000 rw-p 00000000 00:00 0 
7f579dd28000-7f579dd2b000 ---p 00000000 00:00 0 
7f579dd2b000-7f579de2e000 rw-p 00000000 00:00 0 
7f579de2f000-7f579de30000 r--p 00000000 00:00 0 
7f579de30000-7f579de33000 r--s 00032000 08:01 395025                     /usr/lib/jvm/java-7-openjdk-common/jre/lib/ext/sunjce_provider.jar
7f579de33000-7f579de36000 r--s 00085000 08:01 395002                     /usr/lib/jvm/java-7-openjdk-common/jre/lib/ext/localedata.jar
7f579de36000-7f579de37000 r--s 00002000 08:01 394906                     /usr/lib/jvm/java-7-openjdk-common/jre/lib/ext/dnsns.jar
7f579de37000-7f579de3a000 r--s 0003c000 08:01 394890                     /usr/lib/jvm/java-7-openjdk-common/jre/lib/ext/sunpkcs11.jar
7f579de3a000-7f579de3c000 r--s 00012000 08:01 395160                     /usr/lib/jvm/java-7-openjdk-common/jre/lib/ext/zipfs.jar
7f579de3c000-7f579de3f000 r--s 0000f000 08:01 395194                     /usr/lib/jvm/java-7-openjdk-common/jre/lib/ext/pulse-java.jar
7f579de3f000-7f579de47000 r--s 00066000 08:01 676447                     /usr/share/java/gnome-java-bridge.jar
7f579de47000-7f579de4f000 rw-s 00000000 08:01 268492                     /tmp/hsperfdata_guillaume/3182
7f579de4f000-7f579de50000 rw-p 00000000 00:00 0 
7f579de50000-7f579de51000 r--p 00000000 00:00 0 
7f579de51000-7f579de53000 rw-p 00000000 00:00 0 
7f579de53000-7f579de54000 r--p 00020000 08:01 134600                     /lib/x86_64-linux-gnu/ld-2.13.so
7f579de54000-7f579de56000 rw-p 00021000 08:01 134600                     /lib/x86_64-linux-gnu/ld-2.13.so
7fff0d646000-7fff0d667000 rw-p 00000000 00:00 0                          [stack]
7fff0d697000-7fff0d698000 r-xp 00000000 00:00 0                          [vdso]
ffffffffff600000-ffffffffff601000 r-xp 00000000 00:00 0                  [vsyscall]

VM Arguments:
jvm_args: -Dfile.encoding=UTF-8 
java_command: main.Main
Launcher Type: SUN_STANDARD

Environment Variables:
PATH=/usr/lib/lightdm/lightdm:/usr/local/sbin:/usr/local/bin:/usr/sbin:/usr/bin:/sbin:/bin:/usr/games
USERNAME=guillaume
SHELL=/bin/bash
DISPLAY=:0

Signal Handlers:
SIGSEGV: [libjvm.so+0x7fca30], sa_mask[0]=0x7ffbfeff, sa_flags=0x10000004
SIGBUS: [libjvm.so+0x7fca30], sa_mask[0]=0x7ffbfeff, sa_flags=0x10000004
SIGFPE: [libjvm.so+0x6a1150], sa_mask[0]=0x7ffbfeff, sa_flags=0x10000004
SIGPIPE: [libjvm.so+0x6a1150], sa_mask[0]=0x7ffbfeff, sa_flags=0x10000004
SIGXFSZ: [libjvm.so+0x6a1150], sa_mask[0]=0x7ffbfeff, sa_flags=0x10000004
SIGILL: [libjvm.so+0x6a1150], sa_mask[0]=0x7ffbfeff, sa_flags=0x10000004
SIGUSR1: SIG_DFL, sa_mask[0]=0x00000000, sa_flags=0x00000000
SIGUSR2: [libjvm.so+0x6a1520], sa_mask[0]=0x00000004, sa_flags=0x10000004
SIGHUP: [libjvm.so+0x6a1660], sa_mask[0]=0x7ffbfeff, sa_flags=0x10000004
SIGINT: SIG_IGN, sa_mask[0]=0x00000000, sa_flags=0x00000000
SIGTERM: [libjvm.so+0x6a1660], sa_mask[0]=0x7ffbfeff, sa_flags=0x10000004
SIGQUIT: [libjvm.so+0x6a1660], sa_mask[0]=0x7ffbfeff, sa_flags=0x10000004


---------------  S Y S T E M  ---------------

OS:Ubuntu 11.10 (oneiric)
uname:Linux 3.0.0-12-generic #20-Ubuntu SMP Fri Oct 7 14:56:25 UTC 2011 x86_64
libc:glibc 2.13 NPTL 2.13 
rlimit: STACK 8192k, CORE 0k, NPROC 31562, NOFILE 4096, AS infinity
load average:0,15 0,38 0,36

/proc/meminfo:
MemTotal:        4055792 kB
MemFree:         1632112 kB
Buffers:           95284 kB
Cached:           894328 kB
SwapCached:            0 kB
Active:          1534968 kB
Inactive:         682340 kB
Active(anon):    1228460 kB
Inactive(anon):    14188 kB
Active(file):     306508 kB
Inactive(file):   668152 kB
Unevictable:          32 kB
Mlocked:              32 kB
SwapTotal:             0 kB
SwapFree:              0 kB
Dirty:               312 kB
Writeback:             0 kB
AnonPages:       1227672 kB
Mapped:           219628 kB
Shmem:             14956 kB
Slab:              76512 kB
SReclaimable:      51644 kB
SUnreclaim:        24868 kB
KernelStack:        3360 kB
PageTables:        27760 kB
NFS_Unstable:          0 kB
Bounce:                0 kB
WritebackTmp:          0 kB
CommitLimit:     2027896 kB
Committed_AS:    3137348 kB
VmallocTotal:   34359738367 kB
VmallocUsed:      102100 kB
VmallocChunk:   34359626748 kB
HardwareCorrupted:     0 kB
AnonHugePages:         0 kB
HugePages_Total:       0
HugePages_Free:        0
HugePages_Rsvd:        0
HugePages_Surp:        0
Hugepagesize:       2048 kB
DirectMap4k:      105408 kB
DirectMap2M:     4087808 kB


CPU:total 2 (2 cores per cpu, 1 threads per core) family 6 model 15 stepping 13, cmov, cx8, fxsr, mmx, sse, sse2, sse3, ssse3

Memory: 4k page, physical 4055792k(1632112k free), swap 0k(0k free)

vm_info: OpenJDK 64-Bit Server VM (21.0-b17) for linux-amd64 JRE (1.7.0_147-b147), built on Sep 30 2011 00:36:33 by "buildd" with gcc 4.6.1

time: Thu Nov 10 19:23:33 2011
elapsed time: 2 seconds

